[INFO] Error stacktraces are turned on.
[INFO] Scanning for projects...
[INFO] 
[INFO] --------< org.sonarsource.sslr-squid-bridge:sslr-squid-bridge >---------
[INFO] Building SonarSource :: Language Recognizer :: Squid Bridge 2.7-SNAPSHOT
[INFO] --------------------------------[ jar ]---------------------------------
[INFO] 
[INFO] --- buildnumber-maven-plugin:1.4:create (default) @ sslr-squid-bridge ---
[INFO] Executing: /bin/sh -c cd '/tmp/tmpeu4zdz_z/sslr-squid-bridge' && 'git' 'rev-parse' '--verify' 'HEAD'
[INFO] Working directory: /tmp/tmpeu4zdz_z/sslr-squid-bridge
[INFO] Storing buildNumber: d481fef3ff3a35ea6af25590a6b20694fd0115fb at timestamp: 1596136918684
[WARNING] Cannot get the branch information from the git repository: 
Detecting the current branch failed: fatal: ref HEAD is not a symbolic ref

[INFO] Executing: /bin/sh -c cd '/tmp/tmpeu4zdz_z/sslr-squid-bridge' && 'git' 'rev-parse' '--verify' 'HEAD'
[INFO] Working directory: /tmp/tmpeu4zdz_z/sslr-squid-bridge
[INFO] Storing buildScmBranch: UNKNOWN
[INFO] 
[INFO] --- maven-enforcer-plugin:3.0.0-M1:enforce (enforce) @ sslr-squid-bridge ---
[INFO] 
[INFO] --- license-maven-plugin:3.0:check (enforce-license-headers) @ sslr-squid-bridge ---
[INFO] 
[INFO] --- beanshell-maven-plugin:1.4:run (compute-artifact-display-version) @ sslr-squid-bridge ---
[INFO] Executing Script
[INFO] file class java.lang.Object
[INFO] script class java.lang.String
[INFO] evaluating script if (! "2.7-SNAPSHOT".endsWith("-SNAPSHOT")) { [+ 14 omitted line(s)]
[INFO] 
[INFO] --- maven-resources-plugin:3.0.2:resources (default-resources) @ sslr-squid-bridge ---
[INFO] Using 'UTF-8' encoding to copy filtered resources.
[INFO] skip non existing resourceDirectory /tmp/tmpeu4zdz_z/sslr-squid-bridge/src/main/resources
[INFO] 
[INFO] --- maven-compiler-plugin:3.7.0:compile (default-compile) @ sslr-squid-bridge ---
[INFO] Changes detected - recompiling the module!
[INFO] Compiling 24 source files to /tmp/tmpeu4zdz_z/sslr-squid-bridge/target/classes
[INFO] /tmp/tmpeu4zdz_z/sslr-squid-bridge/src/main/java/org/sonar/squidbridge/annotations/AnnotationBasedProfileBuilder.java: Some input files use or override a deprecated API.
[INFO] /tmp/tmpeu4zdz_z/sslr-squid-bridge/src/main/java/org/sonar/squidbridge/annotations/AnnotationBasedProfileBuilder.java: Recompile with -Xlint:deprecation for details.
[INFO] 
[INFO] --- maven-resources-plugin:3.0.2:testResources (default-testResources) @ sslr-squid-bridge ---
[INFO] Using 'UTF-8' encoding to copy filtered resources.
[INFO] Copying 10 resources
[INFO] 
[INFO] --- maven-compiler-plugin:3.7.0:testCompile (default-testCompile) @ sslr-squid-bridge ---
[INFO] Changes detected - recompiling the module!
[INFO] Compiling 10 source files to /tmp/tmpeu4zdz_z/sslr-squid-bridge/target/test-classes
[INFO] /tmp/tmpeu4zdz_z/sslr-squid-bridge/src/test/java/org/sonar/squidbridge/annotations/AnnotationBasedProfileBuilderTest.java: Some input files use or override a deprecated API.
[INFO] /tmp/tmpeu4zdz_z/sslr-squid-bridge/src/test/java/org/sonar/squidbridge/annotations/AnnotationBasedProfileBuilderTest.java: Recompile with -Xlint:deprecation for details.
[INFO] 
[INFO] --- maven-surefire-plugin:2.20.1:test (default-test) @ sslr-squid-bridge ---
[INFO] Surefire report directory: /tmp/tmpeu4zdz_z/sslr-squid-bridge/target/surefire-reports
[INFO] 
[INFO] -------------------------------------------------------
[INFO]  T E S T S
[INFO] -------------------------------------------------------
[INFO] Running org.sonar.squidbridge.ProgressReportTest
[INFO] Tests run: 2, Failures: 0, Errors: 0, Skipped: 0, Time elapsed: 0.469 s - in org.sonar.squidbridge.ProgressReportTest
[INFO] Running org.sonar.squidbridge.annotations.AnnotationBasedRulesDefinitionTest
[INFO] Tests run: 19, Failures: 0, Errors: 0, Skipped: 0, Time elapsed: 0.076 s - in org.sonar.squidbridge.annotations.AnnotationBasedRulesDefinitionTest
[INFO] Running org.sonar.squidbridge.recognizer.ContainsDetectorTest
[INFO] Tests run: 1, Failures: 0, Errors: 0, Skipped: 0, Time elapsed: 0.001 s - in org.sonar.squidbridge.recognizer.ContainsDetectorTest
[INFO] Running org.sonar.squidbridge.recognizer.KeywordsDetectorTest
[INFO] Tests run: 1, Failures: 0, Errors: 0, Skipped: 0, Time elapsed: 0.001 s - in org.sonar.squidbridge.recognizer.KeywordsDetectorTest
[INFO] Running org.sonar.squidbridge.recognizer.RegexDetectorTest
[INFO] Tests run: 4, Failures: 0, Errors: 0, Skipped: 0, Time elapsed: 0 s - in org.sonar.squidbridge.recognizer.RegexDetectorTest
[INFO] Running org.sonar.squidbridge.recognizer.CamelCaseDetectorTest
[INFO] Tests run: 1, Failures: 0, Errors: 0, Skipped: 0, Time elapsed: 0 s - in org.sonar.squidbridge.recognizer.CamelCaseDetectorTest
[INFO] Running org.sonar.squidbridge.rules.ExternalDescriptionLoaderTest
[INFO] Tests run: 4, Failures: 0, Errors: 0, Skipped: 0, Time elapsed: 0 s - in org.sonar.squidbridge.rules.ExternalDescriptionLoaderTest
[INFO] Running org.sonar.squidbridge.recognizer.EndWithDetectorTest
[INFO] Tests run: 1, Failures: 0, Errors: 0, Skipped: 0, Time elapsed: 0 s - in org.sonar.squidbridge.recognizer.EndWithDetectorTest
[INFO] Running org.sonar.squidbridge.rules.SqaleXmlLoaderTest
[INFO] Tests run: 6, Failures: 0, Errors: 0, Skipped: 0, Time elapsed: 0.032 s - in org.sonar.squidbridge.rules.SqaleXmlLoaderTest
[INFO] Running org.sonar.squidbridge.annotations.AnnotationBasedProfileBuilderTest
[INFO] Tests run: 4, Failures: 0, Errors: 0, Skipped: 0, Time elapsed: 0.03 s - in org.sonar.squidbridge.annotations.AnnotationBasedProfileBuilderTest
[INFO] 
[INFO] Results:
[INFO] 
[INFO] Tests run: 43, Failures: 0, Errors: 0, Skipped: 0
[INFO] 
[INFO] 
[INFO] --- maven-jar-plugin:3.0.2:jar (default-jar) @ sslr-squid-bridge ---
[INFO] Building jar: /tmp/tmpeu4zdz_z/sslr-squid-bridge/target/sslr-squid-bridge-2.7-SNAPSHOT.jar
[INFO] 
[INFO] --- maven-assembly-plugin:3.2.0:single (default) @ sslr-squid-bridge ---
[INFO] Building jar: /tmp/tmpeu4zdz_z/sslr-squid-bridge/target/sslr-squid-bridge-2.7-SNAPSHOT-jar-with-dependencies.jar
[INFO] ------------------------------------------------------------------------
[INFO] BUILD SUCCESS
[INFO] ------------------------------------------------------------------------
[INFO] Total time:  11.705 s
[INFO] Finished at: 2020-07-30T19:22:06Z
[INFO] ------------------------------------------------------------------------
