[INFO] Error stacktraces are turned on.
[INFO] Scanning for projects...
[WARNING] 
[WARNING] Some problems were encountered while building the effective model for com.blink:jingtum-lib-java:jar:1.0.0
[WARNING] 'build.plugins.plugin.version' for org.apache.maven.plugins:maven-compiler-plugin is missing. @ line 97, column 15
[WARNING] 
[WARNING] It is highly recommended to fix these problems because they threaten the stability of your build.
[WARNING] 
[WARNING] For this reason, future Maven versions might no longer support building such malformed projects.
[WARNING] 
[INFO] 
[INFO] ---------------------< com.blink:jingtum-lib-java >---------------------
[INFO] Building jingtum-lib-java 1.0.0
[INFO] --------------------------------[ jar ]---------------------------------
[INFO] 
[INFO] --- jacoco-maven-plugin:0.8.5:prepare-agent (default) @ jingtum-lib-java ---
[INFO] argLine set to -javaagent:/home/jdbl/.m2/repository/org/jacoco/org.jacoco.agent/0.8.5/org.jacoco.agent-0.8.5-runtime.jar=destfile=/tmp/tmpd812udkh/jingtum-lib-java/target/jacoco.exec
[INFO] 
[INFO] --- maven-resources-plugin:2.6:resources (default-resources) @ jingtum-lib-java ---
[INFO] Using 'UTF-8' encoding to copy filtered resources.
[INFO] Copying 1 resource
[INFO] 
[INFO] --- maven-compiler-plugin:3.1:compile (default-compile) @ jingtum-lib-java ---
[INFO] Changes detected - recompiling the module!
[INFO] Compiling 190 source files to /tmp/tmpd812udkh/jingtum-lib-java/target/classes
[WARNING] /tmp/tmpd812udkh/jingtum-lib-java/src/main/java/com/blink/jtblc/core/coretypes/hash/Hash.java: Some input files use or override a deprecated API.
[WARNING] /tmp/tmpd812udkh/jingtum-lib-java/src/main/java/com/blink/jtblc/core/coretypes/hash/Hash.java: Recompile with -Xlint:deprecation for details.
[WARNING] /tmp/tmpd812udkh/jingtum-lib-java/src/main/java/com/blink/jtblc/client/Request.java: Some input files use unchecked or unsafe operations.
[WARNING] /tmp/tmpd812udkh/jingtum-lib-java/src/main/java/com/blink/jtblc/client/Request.java: Recompile with -Xlint:unchecked for details.
[INFO] 
[INFO] --- maven-resources-plugin:2.6:testResources (default-testResources) @ jingtum-lib-java ---
[INFO] Using 'UTF-8' encoding to copy filtered resources.
[INFO] Copying 1 resource
[INFO] 
[INFO] --- maven-compiler-plugin:3.1:testCompile (default-testCompile) @ jingtum-lib-java ---
[INFO] Changes detected - recompiling the module!
[INFO] Compiling 13 source files to /tmp/tmpd812udkh/jingtum-lib-java/target/test-classes
[WARNING] /tmp/tmpd812udkh/jingtum-lib-java/src/test/java/com/blink/jtblc/client/Test2.java: /tmp/tmpd812udkh/jingtum-lib-java/src/test/java/com/blink/jtblc/client/Test2.java uses or overrides a deprecated API.
[WARNING] /tmp/tmpd812udkh/jingtum-lib-java/src/test/java/com/blink/jtblc/client/Test2.java: Recompile with -Xlint:deprecation for details.
[WARNING] /tmp/tmpd812udkh/jingtum-lib-java/src/test/java/com/utils/JsonUtils.java: Some input files use unchecked or unsafe operations.
[WARNING] /tmp/tmpd812udkh/jingtum-lib-java/src/test/java/com/utils/JsonUtils.java: Recompile with -Xlint:unchecked for details.
[INFO] 
[INFO] --- maven-surefire-plugin:2.19.1:test (default-test) @ jingtum-lib-java ---
[INFO] Surefire report directory: /tmp/tmpd812udkh/jingtum-lib-java/target/surefire-reports

-------------------------------------------------------
 T E S T S
-------------------------------------------------------
Running com.blink.jtblc.client.TestClass
bigInteger=-416e9c5fc5b9294d7fa43feb802011a14d22016d16c625b46b4d55024abd894f
32
49
50
51
interface java.util.List
java.util.List<com.blink.jtblc.client.TestClass>
interface java.util.Map
java.util.Map<java.lang.String, java.lang.Integer>
adfadsfadf
com.blink.jtblc.client.TestClass
class java.lang.String
class java.lang.Integer
Tests run: 2, Failures: 0, Errors: 0, Skipped: 0, Time elapsed: 0.229 sec - in com.blink.jtblc.client.TestClass
Running com.blink.jtblc.client.WalletTest
true	3045022100B53E6A54B71E44A4D449C76DECAE44169204744D639C14D22D941157F5A1418F02201D029783B31EE3DA88F18C56D055CF47606A9708FDCA9A42BAD9EFD335FA29FD	3045022100B53E6A54B71E44A4D449C76DECAE44169204744D639C14D22D941157F5A1418F02201D029783B31EE3DA88F18C56D055CF47606A9708FDCA9A42BAD9EFD335FA29FD
钱包签名  异常：null
false
true	3045022100E9532A94BF33D4E094C0E0DA131B8BFB28D8275F0004341A5D76218C3134B40802201C8A32706AD5A719B21297B590D9AC52726C08773A65F54FD027C61ED65BCC77	3045022100E9532A94BF33D4E094C0E0DA131B8BFB28D8275F0004341A5D76218C3134B40802201C8A32706AD5A719B21297B590D9AC52726C08773A65F54FD027C61ED65BCC77
sszWqvtbDzzMQEVWqGDSA5DbMYDBN  sszWqvtbDzzMQEVWqGDSA5DbMYDBN
创建钱包  异常：null
创建钱包  异常：null
创建钱包  异常：Input too short
创建钱包  异常：Input too short
创建钱包  异常：Bro, version is wrong yo
创建钱包  异常：Bro, version is wrong yo
创建钱包  异常：Bro, version is wrong yo
创建钱包  异常：Bro, version is wrong yo
---------isValidSecret----------
是否有效=true
---------isValidSecret----------
是否有效=false
---------isValidSecret----------
是否有效=false
---------isValidSecret----------
是否有效=false
---------isValidSecret----------
是否有效=false
---------isValidSecret----------
是否有效=false
---------isValidSecret----------
是否有效=false
---------isValidSecret----------
是否有效=false
---------isValidSecret----------
是否有效=false
---------isValidAddress----------
是否有效=true
---------isValidAddress----------
是否有效=false
---------isValidAddress----------
是否有效=false
---------isValidAddress----------
是否有效=false
---------isValidAddress----------
是否有效=false
---------isValidAddress----------
是否有效=false
---------isValidAddress----------
是否有效=true
---------isValidAddress----------
是否有效=false
---------isValidAddress----------
是否有效=true
---------generate----------
secret=shzV5KM75NL3mfNPgWVVReVopbVLJ
address=jMB8fbkQ1MjEks1kD27r6Zkx7BmAT3ov4K
publicKey=027088DAC16CFED43E484D4E7665A55D5372E073CCB6AA9AD01C8B67C5998F1A81
{
  "keypairs" : { },
  "secret" : "shzV5KM75NL3mfNPgWVVReVopbVLJ",
  "address" : "jMB8fbkQ1MjEks1kD27r6Zkx7BmAT3ov4K",
  "publicKey" : "027088DAC16CFED43E484D4E7665A55D5372E073CCB6AA9AD01C8B67C5998F1A81"
}
publicKey=023C17909EC1D3944C1F780B6DBC2578EF84703B71A65DF13E22AB323D6B850E9C
---------fromSecret----------
publicKey=02FE64E0C20F0058F22F3742EDC15F49F318C04F88B130742C68BAF3B1C89FD167
secret=sszWqvtbDzzMQEVWqGDSA5DbMYDBN
address=jahbmVT3T9yf5D4Ykw8x6nRUtUfAAMzBRV
---------fromSecret----------
INVALID_SECRET1  为 NULL时 ：null
---------fromSecret----------
INVALID_SECRET1  为 空时 ：Input too short
---------fromSecret----------
INVALID_SECRET1  为 过短时 异常：Input too short
---------fromSecret----------
INVALID_SECRET5  为 过长时 异常：Bro, version is wrong yo
---------fromSecret----------
should fail when tail string 异常：Bro, version is wrong yo
---------fromSecret----------
should fail when not start with s 异常：Bro, version is wrong yo
---------fromSecret----------
should fail when double secret 异常：Bro, version is wrong yo
Tests run: 6, Failures: 0, Errors: 0, Skipped: 0, Time elapsed: 1.162 sec - in com.blink.jtblc.client.WalletTest

Results :

Tests run: 8, Failures: 0, Errors: 0, Skipped: 0

[INFO] 
[INFO] --- jacoco-maven-plugin:0.8.5:report (report) @ jingtum-lib-java ---
[INFO] Loading execution data file /tmp/tmpd812udkh/jingtum-lib-java/target/jacoco.exec
[INFO] Analyzed bundle 'jingtum-lib-java' with 496 classes
[INFO] ------------------------------------------------------------------------
[INFO] BUILD SUCCESS
[INFO] ------------------------------------------------------------------------
[INFO] Total time:  13.982 s
[INFO] Finished at: 2020-07-30T20:49:55Z
[INFO] ------------------------------------------------------------------------
