[INFO] Error stacktraces are turned on.
[INFO] Scanning for projects...
[INFO] Inspecting build with total of 1 modules...
[INFO] Installing Nexus Staging features:
[INFO]   ... total of 1 executions of maven-deploy-plugin replaced with nexus-staging-maven-plugin
[WARNING] The project org.sourcelab:kafka-connect-client:jar:3.1.0 uses prerequisites which is only intended for maven-plugin projects but not for non maven-plugin projects. For such purposes you should use the maven-enforcer-plugin. See https://maven.apache.org/enforcer/enforcer-rules/requireMavenVersion.html
[INFO] 
[INFO] -----------------< org.sourcelab:kafka-connect-client >-----------------
[INFO] Building Kafka Connect Rest API Client 3.1.0
[INFO] --------------------------------[ jar ]---------------------------------
[INFO] 
[INFO] --- maven-checkstyle-plugin:3.1.1:checkstyle (checkstyle-validate) @ kafka-connect-client ---
[INFO] Starting audit...
Audit done.
[WARNING] Unable to locate Source XRef to link to - DISABLED
[INFO] 
[INFO] --- maven-checkstyle-plugin:3.1.1:check (checkstyle-validate) @ kafka-connect-client ---
[INFO] Starting audit...
Audit done.
[INFO] You have 0 Checkstyle violations.
[INFO] 
[INFO] --- jacoco-maven-plugin:0.8.5:prepare-agent (default) @ kafka-connect-client ---
[INFO] argLine set to -javaagent:/home/jdbl/.m2/repository/org/jacoco/org.jacoco.agent/0.8.5/org.jacoco.agent-0.8.5-runtime.jar=destfile=/tmp/tmprv0zebdn/kafka-connect-client/target/jacoco.exec
[INFO] 
[INFO] --- maven-resources-plugin:2.6:resources (default-resources) @ kafka-connect-client ---
[INFO] Using 'UTF-8' encoding to copy filtered resources.
[INFO] skip non existing resourceDirectory /tmp/tmprv0zebdn/kafka-connect-client/src/main/resources
[INFO] 
[INFO] --- maven-compiler-plugin:3.8.1:compile (default-compile) @ kafka-connect-client ---
[INFO] Changes detected - recompiling the module!
[INFO] Compiling 60 source files to /tmp/tmprv0zebdn/kafka-connect-client/target/classes
[INFO] 
[INFO] --- license-maven-plugin:3.0:check (default) @ kafka-connect-client ---
[INFO] 
[INFO] --- maven-resources-plugin:2.6:testResources (default-testResources) @ kafka-connect-client ---
[INFO] Using 'UTF-8' encoding to copy filtered resources.
[INFO] Copying 20 resources
[INFO] 
[INFO] --- maven-compiler-plugin:3.8.1:testCompile (default-testCompile) @ kafka-connect-client ---
[INFO] Changes detected - recompiling the module!
[INFO] Compiling 21 source files to /tmp/tmprv0zebdn/kafka-connect-client/target/test-classes
[INFO] 
[INFO] --- maven-surefire-plugin:2.19.1:test (default-test) @ kafka-connect-client ---
[INFO] Surefire report directory: /tmp/tmprv0zebdn/kafka-connect-client/target/surefire-reports

-------------------------------------------------------
 T E S T S
-------------------------------------------------------
Running BadLoggersTest
INFO  | 2020-07-30 22:03:04 | [main] BadLoggersTest (BadLoggersTest.java:45) - Root Path: /tmp/tmprv0zebdn/kafka-connect-client
Tests run: 1, Failures: 0, Errors: 0, Skipped: 0, Time elapsed: 3.766 sec - in BadLoggersTest
Running org.sourcelab.kafka.connect.apiclient.KafkaConnectClientUnitTest
Tests run: 3, Failures: 0, Errors: 0, Skipped: 0, Time elapsed: 2.296 sec - in org.sourcelab.kafka.connect.apiclient.KafkaConnectClientUnitTest
Running org.sourcelab.kafka.connect.apiclient.rest.HttpsContextBuilderTest
Tests run: 3, Failures: 0, Errors: 0, Skipped: 0, Time elapsed: 0.074 sec - in org.sourcelab.kafka.connect.apiclient.rest.HttpsContextBuilderTest
Running org.sourcelab.kafka.connect.apiclient.rest.HttpClientRestClientTest
INFO  | 2020-07-30 22:03:07 | [main] log.Log (Log.java:169) - Logging initialized @7843ms to org.eclipse.jetty.util.log.Slf4jLog
INFO  | 2020-07-30 22:03:07 | [main] server.Server (Server.java:359) - jetty-9.4.28.v20200408; built: 2020-04-08T17:49:39.557Z; git: ab228fde9e55e9164c738d7fa121f8ac5acd51c9; jvm 1.8.0_262-b10
INFO  | 2020-07-30 22:03:07 | [main] ssl.SslContextFactory (SslContextFactory.java:359) - x509=X509@2fb0867c(caroot,h=[],w=[]) for Server@113366e7[provider=null,keyStore=file:///tmp/tmprv0zebdn/kafka-connect-client/target/test-classes/certificates/server.keystore.jks,trustStore=null]
INFO  | 2020-07-30 22:03:07 | [main] ssl.SslContextFactory (SslContextFactory.java:359) - x509=X509@32c3102(localhost,h=[],w=[]) for Server@113366e7[provider=null,keyStore=file:///tmp/tmprv0zebdn/kafka-connect-client/target/test-classes/certificates/server.keystore.jks,trustStore=null]
INFO  | 2020-07-30 22:03:07 | [main] server.AbstractConnector (AbstractConnector.java:331) - Started ServerConnector@425436b4{SSL, (ssl, http/1.1)}{0.0.0.0:10881}
INFO  | 2020-07-30 22:03:07 | [main] server.Server (Server.java:399) - Started @8427ms
INFO  | 2020-07-30 22:03:09 | [main] server.AbstractConnector (AbstractConnector.java:381) - Stopped ServerConnector@425436b4{SSL, (ssl, http/1.1)}{0.0.0.0:10881}
INFO  | 2020-07-30 22:03:09 | [main] server.Server (Server.java:359) - jetty-9.4.28.v20200408; built: 2020-04-08T17:49:39.557Z; git: ab228fde9e55e9164c738d7fa121f8ac5acd51c9; jvm 1.8.0_262-b10
INFO  | 2020-07-30 22:03:09 | [main] server.AbstractConnector (AbstractConnector.java:331) - Started ServerConnector@5db4e558{HTTP/1.1, (http/1.1)}{0.0.0.0:10880}
INFO  | 2020-07-30 22:03:09 | [main] server.Server (Server.java:399) - Started @10410ms
INFO  | 2020-07-30 22:03:09 | [main] server.AbstractConnector (AbstractConnector.java:381) - Stopped ServerConnector@5db4e558{HTTP/1.1, (http/1.1)}{0.0.0.0:10880}
INFO  | 2020-07-30 22:03:09 | [main] server.Server (Server.java:359) - jetty-9.4.28.v20200408; built: 2020-04-08T17:49:39.557Z; git: ab228fde9e55e9164c738d7fa121f8ac5acd51c9; jvm 1.8.0_262-b10
INFO  | 2020-07-30 22:03:09 | [main] ssl.SslContextFactory (SslContextFactory.java:359) - x509=X509@979c3cb(caroot,h=[],w=[]) for Server@6ca96aef[provider=null,keyStore=file:///tmp/tmprv0zebdn/kafka-connect-client/target/test-classes/certificates/server.keystore.jks,trustStore=file:///tmp/tmprv0zebdn/kafka-connect-client/target/test-classes/certificates/server.truststore.jks]
INFO  | 2020-07-30 22:03:09 | [main] ssl.SslContextFactory (SslContextFactory.java:359) - x509=X509@6614e25(localhost,h=[],w=[]) for Server@6ca96aef[provider=null,keyStore=file:///tmp/tmprv0zebdn/kafka-connect-client/target/test-classes/certificates/server.keystore.jks,trustStore=file:///tmp/tmprv0zebdn/kafka-connect-client/target/test-classes/certificates/server.truststore.jks]
INFO  | 2020-07-30 22:03:09 | [main] server.AbstractConnector (AbstractConnector.java:331) - Started ServerConnector@75d978a9{SSL, (ssl, http/1.1)}{0.0.0.0:10881}
INFO  | 2020-07-30 22:03:09 | [main] server.Server (Server.java:399) - Started @10669ms
INFO  | 2020-07-30 22:03:10 | [main] server.AbstractConnector (AbstractConnector.java:381) - Stopped ServerConnector@75d978a9{SSL, (ssl, http/1.1)}{0.0.0.0:10881}
INFO  | 2020-07-30 22:03:10 | [main] server.Server (Server.java:359) - jetty-9.4.28.v20200408; built: 2020-04-08T17:49:39.557Z; git: ab228fde9e55e9164c738d7fa121f8ac5acd51c9; jvm 1.8.0_262-b10
INFO  | 2020-07-30 22:03:10 | [main] ssl.SslContextFactory (SslContextFactory.java:359) - x509=X509@11e1e137(caroot,h=[],w=[]) for Server@4334aa1b[provider=null,keyStore=file:///tmp/tmprv0zebdn/kafka-connect-client/target/test-classes/certificates/server.keystore.jks,trustStore=null]
INFO  | 2020-07-30 22:03:10 | [main] ssl.SslContextFactory (SslContextFactory.java:359) - x509=X509@51b1039c(localhost,h=[],w=[]) for Server@4334aa1b[provider=null,keyStore=file:///tmp/tmprv0zebdn/kafka-connect-client/target/test-classes/certificates/server.keystore.jks,trustStore=null]
INFO  | 2020-07-30 22:03:10 | [main] server.AbstractConnector (AbstractConnector.java:331) - Started ServerConnector@579325f2{SSL, (ssl, http/1.1)}{0.0.0.0:10881}
INFO  | 2020-07-30 22:03:10 | [main] server.Server (Server.java:399) - Started @11027ms
WARN  | 2020-07-30 22:03:10 | [main] rest.HttpsContextBuilder (HttpsContextBuilder.java:77) - Using insecure configuration, skipping server-side certificate validation checks.
INFO  | 2020-07-30 22:03:10 | [main] server.AbstractConnector (AbstractConnector.java:381) - Stopped ServerConnector@579325f2{SSL, (ssl, http/1.1)}{0.0.0.0:10881}
Tests run: 4, Failures: 0, Errors: 0, Skipped: 0, Time elapsed: 3.393 sec - in org.sourcelab.kafka.connect.apiclient.rest.HttpClientRestClientTest
Running org.sourcelab.kafka.connect.apiclient.KafkaConnectClientTest
Tests run: 21, Failures: 0, Errors: 21, Skipped: 0, Time elapsed: 0.24 sec <<< FAILURE! - in org.sourcelab.kafka.connect.apiclient.KafkaConnectClientTest
testGetConnectorStatus(org.sourcelab.kafka.connect.apiclient.KafkaConnectClientTest)  Time elapsed: 0.039 sec  <<< ERROR!
org.sourcelab.kafka.connect.apiclient.rest.exceptions.ConnectionException: Connect to localhost:8083 [localhost/127.0.0.1] failed: Connection refused (Connection refused)
	at org.sourcelab.kafka.connect.apiclient.KafkaConnectClientTest.testGetConnectorStatus(KafkaConnectClientTest.java:147)
Caused by: org.apache.http.conn.HttpHostConnectException: Connect to localhost:8083 [localhost/127.0.0.1] failed: Connection refused (Connection refused)
	at org.sourcelab.kafka.connect.apiclient.KafkaConnectClientTest.testGetConnectorStatus(KafkaConnectClientTest.java:147)
Caused by: java.net.ConnectException: Connection refused (Connection refused)
	at org.sourcelab.kafka.connect.apiclient.KafkaConnectClientTest.testGetConnectorStatus(KafkaConnectClientTest.java:147)

testGetConnectorTopics(org.sourcelab.kafka.connect.apiclient.KafkaConnectClientTest)  Time elapsed: 0.001 sec  <<< ERROR!
org.sourcelab.kafka.connect.apiclient.rest.exceptions.ConnectionException: Connect to localhost:8083 [localhost/127.0.0.1] failed: Connection refused (Connection refused)
	at org.sourcelab.kafka.connect.apiclient.KafkaConnectClientTest.testGetConnectorTopics(KafkaConnectClientTest.java:240)
Caused by: org.apache.http.conn.HttpHostConnectException: Connect to localhost:8083 [localhost/127.0.0.1] failed: Connection refused (Connection refused)
	at org.sourcelab.kafka.connect.apiclient.KafkaConnectClientTest.testGetConnectorTopics(KafkaConnectClientTest.java:240)
Caused by: java.net.ConnectException: Connection refused (Connection refused)
	at org.sourcelab.kafka.connect.apiclient.KafkaConnectClientTest.testGetConnectorTopics(KafkaConnectClientTest.java:240)

testRestartConnectorTask(org.sourcelab.kafka.connect.apiclient.KafkaConnectClientTest)  Time elapsed: 0.023 sec  <<< ERROR!
org.sourcelab.kafka.connect.apiclient.rest.exceptions.ConnectionException: Connect to localhost:8083 [localhost/127.0.0.1] failed: Connection refused (Connection refused)
	at org.sourcelab.kafka.connect.apiclient.KafkaConnectClientTest.testRestartConnectorTask(KafkaConnectClientTest.java:232)
Caused by: org.apache.http.conn.HttpHostConnectException: Connect to localhost:8083 [localhost/127.0.0.1] failed: Connection refused (Connection refused)
	at org.sourcelab.kafka.connect.apiclient.KafkaConnectClientTest.testRestartConnectorTask(KafkaConnectClientTest.java:232)
Caused by: java.net.ConnectException: Connection refused (Connection refused)
	at org.sourcelab.kafka.connect.apiclient.KafkaConnectClientTest.testRestartConnectorTask(KafkaConnectClientTest.java:232)

getConnectorsWithAllExpandedMetadata(org.sourcelab.kafka.connect.apiclient.KafkaConnectClientTest)  Time elapsed: 0 sec  <<< ERROR!
org.sourcelab.kafka.connect.apiclient.rest.exceptions.ConnectionException: Connect to localhost:8083 [localhost/127.0.0.1] failed: Connection refused (Connection refused)
	at org.sourcelab.kafka.connect.apiclient.KafkaConnectClientTest.getConnectorsWithAllExpandedMetadata(KafkaConnectClientTest.java:120)
Caused by: org.apache.http.conn.HttpHostConnectException: Connect to localhost:8083 [localhost/127.0.0.1] failed: Connection refused (Connection refused)
	at org.sourcelab.kafka.connect.apiclient.KafkaConnectClientTest.getConnectorsWithAllExpandedMetadata(KafkaConnectClientTest.java:120)
Caused by: java.net.ConnectException: Connection refused (Connection refused)
	at org.sourcelab.kafka.connect.apiclient.KafkaConnectClientTest.getConnectorsWithAllExpandedMetadata(KafkaConnectClientTest.java:120)

testResumeConnector(org.sourcelab.kafka.connect.apiclient.KafkaConnectClientTest)  Time elapsed: 0.008 sec  <<< ERROR!
org.sourcelab.kafka.connect.apiclient.rest.exceptions.ConnectionException: Connect to localhost:8083 [localhost/127.0.0.1] failed: Connection refused (Connection refused)
	at org.sourcelab.kafka.connect.apiclient.KafkaConnectClientTest.testResumeConnector(KafkaConnectClientTest.java:200)
Caused by: org.apache.http.conn.HttpHostConnectException: Connect to localhost:8083 [localhost/127.0.0.1] failed: Connection refused (Connection refused)
	at org.sourcelab.kafka.connect.apiclient.KafkaConnectClientTest.testResumeConnector(KafkaConnectClientTest.java:200)
Caused by: java.net.ConnectException: Connection refused (Connection refused)
	at org.sourcelab.kafka.connect.apiclient.KafkaConnectClientTest.testResumeConnector(KafkaConnectClientTest.java:200)

testGetConnectorTaskStatus(org.sourcelab.kafka.connect.apiclient.KafkaConnectClientTest)  Time elapsed: 0 sec  <<< ERROR!
org.sourcelab.kafka.connect.apiclient.rest.exceptions.ConnectionException: Connect to localhost:8083 [localhost/127.0.0.1] failed: Connection refused (Connection refused)
	at org.sourcelab.kafka.connect.apiclient.KafkaConnectClientTest.testGetConnectorTaskStatus(KafkaConnectClientTest.java:224)
Caused by: org.apache.http.conn.HttpHostConnectException: Connect to localhost:8083 [localhost/127.0.0.1] failed: Connection refused (Connection refused)
	at org.sourcelab.kafka.connect.apiclient.KafkaConnectClientTest.testGetConnectorTaskStatus(KafkaConnectClientTest.java:224)
Caused by: java.net.ConnectException: Connection refused (Connection refused)
	at org.sourcelab.kafka.connect.apiclient.KafkaConnectClientTest.testGetConnectorTaskStatus(KafkaConnectClientTest.java:224)

testGetConnectorTasks(org.sourcelab.kafka.connect.apiclient.KafkaConnectClientTest)  Time elapsed: 0.008 sec  <<< ERROR!
org.sourcelab.kafka.connect.apiclient.rest.exceptions.ConnectionException: Connect to localhost:8083 [localhost/127.0.0.1] failed: Connection refused (Connection refused)
	at org.sourcelab.kafka.connect.apiclient.KafkaConnectClientTest.testGetConnectorTasks(KafkaConnectClientTest.java:216)
Caused by: org.apache.http.conn.HttpHostConnectException: Connect to localhost:8083 [localhost/127.0.0.1] failed: Connection refused (Connection refused)
	at org.sourcelab.kafka.connect.apiclient.KafkaConnectClientTest.testGetConnectorTasks(KafkaConnectClientTest.java:216)
Caused by: java.net.ConnectException: Connection refused (Connection refused)
	at org.sourcelab.kafka.connect.apiclient.KafkaConnectClientTest.testGetConnectorTasks(KafkaConnectClientTest.java:216)

testDeleteConnector(org.sourcelab.kafka.connect.apiclient.KafkaConnectClientTest)  Time elapsed: 0.012 sec  <<< ERROR!
org.sourcelab.kafka.connect.apiclient.rest.exceptions.ConnectionException: Connect to localhost:8083 [localhost/127.0.0.1] failed: Connection refused (Connection refused)
	at org.sourcelab.kafka.connect.apiclient.KafkaConnectClientTest.testDeleteConnector(KafkaConnectClientTest.java:208)
Caused by: org.apache.http.conn.HttpHostConnectException: Connect to localhost:8083 [localhost/127.0.0.1] failed: Connection refused (Connection refused)
	at org.sourcelab.kafka.connect.apiclient.KafkaConnectClientTest.testDeleteConnector(KafkaConnectClientTest.java:208)
Caused by: java.net.ConnectException: Connection refused (Connection refused)
	at org.sourcelab.kafka.connect.apiclient.KafkaConnectClientTest.testDeleteConnector(KafkaConnectClientTest.java:208)

testPauseConnector(org.sourcelab.kafka.connect.apiclient.KafkaConnectClientTest)  Time elapsed: 0.004 sec  <<< ERROR!
org.sourcelab.kafka.connect.apiclient.rest.exceptions.ConnectionException: Connect to localhost:8083 [localhost/127.0.0.1] failed: Connection refused (Connection refused)
	at org.sourcelab.kafka.connect.apiclient.KafkaConnectClientTest.testPauseConnector(KafkaConnectClientTest.java:192)
Caused by: org.apache.http.conn.HttpHostConnectException: Connect to localhost:8083 [localhost/127.0.0.1] failed: Connection refused (Connection refused)
	at org.sourcelab.kafka.connect.apiclient.KafkaConnectClientTest.testPauseConnector(KafkaConnectClientTest.java:192)
Caused by: java.net.ConnectException: Connection refused (Connection refused)
	at org.sourcelab.kafka.connect.apiclient.KafkaConnectClientTest.testPauseConnector(KafkaConnectClientTest.java:192)

testAddConnector(org.sourcelab.kafka.connect.apiclient.KafkaConnectClientTest)  Time elapsed: 0.044 sec  <<< ERROR!
org.sourcelab.kafka.connect.apiclient.rest.exceptions.ConnectionException: Connect to localhost:8083 [localhost/127.0.0.1] failed: Connection refused (Connection refused)
	at org.sourcelab.kafka.connect.apiclient.KafkaConnectClientTest.testAddConnector(KafkaConnectClientTest.java:156)
Caused by: org.apache.http.conn.HttpHostConnectException: Connect to localhost:8083 [localhost/127.0.0.1] failed: Connection refused (Connection refused)
	at org.sourcelab.kafka.connect.apiclient.KafkaConnectClientTest.testAddConnector(KafkaConnectClientTest.java:156)
Caused by: java.net.ConnectException: Connection refused (Connection refused)
	at org.sourcelab.kafka.connect.apiclient.KafkaConnectClientTest.testAddConnector(KafkaConnectClientTest.java:156)

testResetConnectorTopics(org.sourcelab.kafka.connect.apiclient.KafkaConnectClientTest)  Time elapsed: 0.013 sec  <<< ERROR!
org.sourcelab.kafka.connect.apiclient.rest.exceptions.ConnectionException: Connect to localhost:8083 [localhost/127.0.0.1] failed: Connection refused (Connection refused)
	at org.sourcelab.kafka.connect.apiclient.KafkaConnectClientTest.testResetConnectorTopics(KafkaConnectClientTest.java:248)
Caused by: org.apache.http.conn.HttpHostConnectException: Connect to localhost:8083 [localhost/127.0.0.1] failed: Connection refused (Connection refused)
	at org.sourcelab.kafka.connect.apiclient.KafkaConnectClientTest.testResetConnectorTopics(KafkaConnectClientTest.java:248)
Caused by: java.net.ConnectException: Connection refused (Connection refused)
	at org.sourcelab.kafka.connect.apiclient.KafkaConnectClientTest.testResetConnectorTopics(KafkaConnectClientTest.java:248)

testGetConnector(org.sourcelab.kafka.connect.apiclient.KafkaConnectClientTest)  Time elapsed: 0.006 sec  <<< ERROR!
org.sourcelab.kafka.connect.apiclient.rest.exceptions.ConnectionException: Connect to localhost:8083 [localhost/127.0.0.1] failed: Connection refused (Connection refused)
	at org.sourcelab.kafka.connect.apiclient.KafkaConnectClientTest.testGetConnector(KafkaConnectClientTest.java:129)
Caused by: org.apache.http.conn.HttpHostConnectException: Connect to localhost:8083 [localhost/127.0.0.1] failed: Connection refused (Connection refused)
	at org.sourcelab.kafka.connect.apiclient.KafkaConnectClientTest.testGetConnector(KafkaConnectClientTest.java:129)
Caused by: java.net.ConnectException: Connection refused (Connection refused)
	at org.sourcelab.kafka.connect.apiclient.KafkaConnectClientTest.testGetConnector(KafkaConnectClientTest.java:129)

testGetConnectorPlugins(org.sourcelab.kafka.connect.apiclient.KafkaConnectClientTest)  Time elapsed: 0 sec  <<< ERROR!
org.sourcelab.kafka.connect.apiclient.rest.exceptions.ConnectionException: Connect to localhost:8083 [localhost/127.0.0.1] failed: Connection refused (Connection refused)
	at org.sourcelab.kafka.connect.apiclient.KafkaConnectClientTest.testGetConnectorPlugins(KafkaConnectClientTest.java:256)
Caused by: org.apache.http.conn.HttpHostConnectException: Connect to localhost:8083 [localhost/127.0.0.1] failed: Connection refused (Connection refused)
	at org.sourcelab.kafka.connect.apiclient.KafkaConnectClientTest.testGetConnectorPlugins(KafkaConnectClientTest.java:256)
Caused by: java.net.ConnectException: Connection refused (Connection refused)
	at org.sourcelab.kafka.connect.apiclient.KafkaConnectClientTest.testGetConnectorPlugins(KafkaConnectClientTest.java:256)

testGetConnectServerVersion(org.sourcelab.kafka.connect.apiclient.KafkaConnectClientTest)  Time elapsed: 0.008 sec  <<< ERROR!
org.sourcelab.kafka.connect.apiclient.rest.exceptions.ConnectionException: Connect to localhost:8083 [localhost/127.0.0.1] failed: Connection refused (Connection refused)
	at org.sourcelab.kafka.connect.apiclient.KafkaConnectClientTest.testGetConnectServerVersion(KafkaConnectClientTest.java:78)
Caused by: org.apache.http.conn.HttpHostConnectException: Connect to localhost:8083 [localhost/127.0.0.1] failed: Connection refused (Connection refused)
	at org.sourcelab.kafka.connect.apiclient.KafkaConnectClientTest.testGetConnectServerVersion(KafkaConnectClientTest.java:78)
Caused by: java.net.ConnectException: Connection refused (Connection refused)
	at org.sourcelab.kafka.connect.apiclient.KafkaConnectClientTest.testGetConnectServerVersion(KafkaConnectClientTest.java:78)

testValidateConnectorPluginConfig(org.sourcelab.kafka.connect.apiclient.KafkaConnectClientTest)  Time elapsed: 0.005 sec  <<< ERROR!
org.sourcelab.kafka.connect.apiclient.rest.exceptions.ConnectionException: Connect to localhost:8083 [localhost/127.0.0.1] failed: Connection refused (Connection refused)
	at org.sourcelab.kafka.connect.apiclient.KafkaConnectClientTest.testValidateConnectorPluginConfig(KafkaConnectClientTest.java:264)
Caused by: org.apache.http.conn.HttpHostConnectException: Connect to localhost:8083 [localhost/127.0.0.1] failed: Connection refused (Connection refused)
	at org.sourcelab.kafka.connect.apiclient.KafkaConnectClientTest.testValidateConnectorPluginConfig(KafkaConnectClientTest.java:264)
Caused by: java.net.ConnectException: Connection refused (Connection refused)
	at org.sourcelab.kafka.connect.apiclient.KafkaConnectClientTest.testValidateConnectorPluginConfig(KafkaConnectClientTest.java:264)

testGetConnectors(org.sourcelab.kafka.connect.apiclient.KafkaConnectClientTest)  Time elapsed: 0.003 sec  <<< ERROR!
org.sourcelab.kafka.connect.apiclient.rest.exceptions.ConnectionException: Connect to localhost:8083 [localhost/127.0.0.1] failed: Connection refused (Connection refused)
	at org.sourcelab.kafka.connect.apiclient.KafkaConnectClientTest.testGetConnectors(KafkaConnectClientTest.java:87)
Caused by: org.apache.http.conn.HttpHostConnectException: Connect to localhost:8083 [localhost/127.0.0.1] failed: Connection refused (Connection refused)
	at org.sourcelab.kafka.connect.apiclient.KafkaConnectClientTest.testGetConnectors(KafkaConnectClientTest.java:87)
Caused by: java.net.ConnectException: Connection refused (Connection refused)
	at org.sourcelab.kafka.connect.apiclient.KafkaConnectClientTest.testGetConnectors(KafkaConnectClientTest.java:87)

testUpdateConnectorConfig(org.sourcelab.kafka.connect.apiclient.KafkaConnectClientTest)  Time elapsed: 0.004 sec  <<< ERROR!
org.sourcelab.kafka.connect.apiclient.rest.exceptions.ConnectionException: Connect to localhost:8083 [localhost/127.0.0.1] failed: Connection refused (Connection refused)
	at org.sourcelab.kafka.connect.apiclient.KafkaConnectClientTest.testUpdateConnectorConfig(KafkaConnectClientTest.java:176)
Caused by: org.apache.http.conn.HttpHostConnectException: Connect to localhost:8083 [localhost/127.0.0.1] failed: Connection refused (Connection refused)
	at org.sourcelab.kafka.connect.apiclient.KafkaConnectClientTest.testUpdateConnectorConfig(KafkaConnectClientTest.java:176)
Caused by: java.net.ConnectException: Connection refused (Connection refused)
	at org.sourcelab.kafka.connect.apiclient.KafkaConnectClientTest.testUpdateConnectorConfig(KafkaConnectClientTest.java:176)

testGetConnectorsWithExpandedInfo(org.sourcelab.kafka.connect.apiclient.KafkaConnectClientTest)  Time elapsed: 0.012 sec  <<< ERROR!
org.sourcelab.kafka.connect.apiclient.rest.exceptions.ConnectionException: Connect to localhost:8083 [localhost/127.0.0.1] failed: Connection refused (Connection refused)
	at org.sourcelab.kafka.connect.apiclient.KafkaConnectClientTest.testGetConnectorsWithExpandedInfo(KafkaConnectClientTest.java:109)
Caused by: org.apache.http.conn.HttpHostConnectException: Connect to localhost:8083 [localhost/127.0.0.1] failed: Connection refused (Connection refused)
	at org.sourcelab.kafka.connect.apiclient.KafkaConnectClientTest.testGetConnectorsWithExpandedInfo(KafkaConnectClientTest.java:109)
Caused by: java.net.ConnectException: Connection refused (Connection refused)
	at org.sourcelab.kafka.connect.apiclient.KafkaConnectClientTest.testGetConnectorsWithExpandedInfo(KafkaConnectClientTest.java:109)

testGetConnectorConfig(org.sourcelab.kafka.connect.apiclient.KafkaConnectClientTest)  Time elapsed: 0.019 sec  <<< ERROR!
org.sourcelab.kafka.connect.apiclient.rest.exceptions.ConnectionException: Connect to localhost:8083 [localhost/127.0.0.1] failed: Connection refused (Connection refused)
	at org.sourcelab.kafka.connect.apiclient.KafkaConnectClientTest.testGetConnectorConfig(KafkaConnectClientTest.java:138)
Caused by: org.apache.http.conn.HttpHostConnectException: Connect to localhost:8083 [localhost/127.0.0.1] failed: Connection refused (Connection refused)
	at org.sourcelab.kafka.connect.apiclient.KafkaConnectClientTest.testGetConnectorConfig(KafkaConnectClientTest.java:138)
Caused by: java.net.ConnectException: Connection refused (Connection refused)
	at org.sourcelab.kafka.connect.apiclient.KafkaConnectClientTest.testGetConnectorConfig(KafkaConnectClientTest.java:138)

testRestartConnector(org.sourcelab.kafka.connect.apiclient.KafkaConnectClientTest)  Time elapsed: 0.006 sec  <<< ERROR!
org.sourcelab.kafka.connect.apiclient.rest.exceptions.ConnectionException: Connect to localhost:8083 [localhost/127.0.0.1] failed: Connection refused (Connection refused)
	at org.sourcelab.kafka.connect.apiclient.KafkaConnectClientTest.testRestartConnector(KafkaConnectClientTest.java:184)
Caused by: org.apache.http.conn.HttpHostConnectException: Connect to localhost:8083 [localhost/127.0.0.1] failed: Connection refused (Connection refused)
	at org.sourcelab.kafka.connect.apiclient.KafkaConnectClientTest.testRestartConnector(KafkaConnectClientTest.java:184)
Caused by: java.net.ConnectException: Connection refused (Connection refused)
	at org.sourcelab.kafka.connect.apiclient.KafkaConnectClientTest.testRestartConnector(KafkaConnectClientTest.java:184)

testGetConnectorsWithExpandedStatus(org.sourcelab.kafka.connect.apiclient.KafkaConnectClientTest)  Time elapsed: 0.004 sec  <<< ERROR!
org.sourcelab.kafka.connect.apiclient.rest.exceptions.ConnectionException: Connect to localhost:8083 [localhost/127.0.0.1] failed: Connection refused (Connection refused)
	at org.sourcelab.kafka.connect.apiclient.KafkaConnectClientTest.testGetConnectorsWithExpandedStatus(KafkaConnectClientTest.java:98)
Caused by: org.apache.http.conn.HttpHostConnectException: Connect to localhost:8083 [localhost/127.0.0.1] failed: Connection refused (Connection refused)
	at org.sourcelab.kafka.connect.apiclient.KafkaConnectClientTest.testGetConnectorsWithExpandedStatus(KafkaConnectClientTest.java:98)
Caused by: java.net.ConnectException: Connection refused (Connection refused)
	at org.sourcelab.kafka.connect.apiclient.KafkaConnectClientTest.testGetConnectorsWithExpandedStatus(KafkaConnectClientTest.java:98)

Running org.sourcelab.kafka.connect.apiclient.request.put.connector.PutConnectorConfigTest
Tests run: 1, Failures: 0, Errors: 0, Skipped: 0, Time elapsed: 0.022 sec - in org.sourcelab.kafka.connect.apiclient.request.put.connector.PutConnectorConfigTest
Running org.sourcelab.kafka.connect.apiclient.request.get.connector.GetConnectServerVersionTest
Tests run: 1, Failures: 0, Errors: 0, Skipped: 0, Time elapsed: 0.002 sec - in org.sourcelab.kafka.connect.apiclient.request.get.connector.GetConnectServerVersionTest
Running org.sourcelab.kafka.connect.apiclient.request.get.connector.GetConnectorStatusTest
Tests run: 1, Failures: 0, Errors: 0, Skipped: 0, Time elapsed: 0.002 sec - in org.sourcelab.kafka.connect.apiclient.request.get.connector.GetConnectorStatusTest
Running org.sourcelab.kafka.connect.apiclient.request.get.connector.GetConnectorConfigTest
Tests run: 1, Failures: 0, Errors: 0, Skipped: 0, Time elapsed: 0 sec - in org.sourcelab.kafka.connect.apiclient.request.get.connector.GetConnectorConfigTest
Running org.sourcelab.kafka.connect.apiclient.request.get.connector.GetConnectorsWithExpandInfoTest
Tests run: 2, Failures: 0, Errors: 0, Skipped: 0, Time elapsed: 0.05 sec - in org.sourcelab.kafka.connect.apiclient.request.get.connector.GetConnectorsWithExpandInfoTest
Running org.sourcelab.kafka.connect.apiclient.request.get.connector.GetConnectorsTest
Tests run: 1, Failures: 0, Errors: 0, Skipped: 0, Time elapsed: 0.002 sec - in org.sourcelab.kafka.connect.apiclient.request.get.connector.GetConnectorsTest
Running org.sourcelab.kafka.connect.apiclient.request.get.connector.GetConnectorTasksTest
Tests run: 1, Failures: 0, Errors: 0, Skipped: 0, Time elapsed: 0.068 sec - in org.sourcelab.kafka.connect.apiclient.request.get.connector.GetConnectorTasksTest
Running org.sourcelab.kafka.connect.apiclient.request.get.connector.GetConnectorsExpandAllDetailsTest
Tests run: 2, Failures: 0, Errors: 0, Skipped: 0, Time elapsed: 0.003 sec - in org.sourcelab.kafka.connect.apiclient.request.get.connector.GetConnectorsExpandAllDetailsTest
Running org.sourcelab.kafka.connect.apiclient.request.get.connector.GetConnectorsWithExpandStatusTest
Tests run: 2, Failures: 0, Errors: 0, Skipped: 0, Time elapsed: 0.004 sec - in org.sourcelab.kafka.connect.apiclient.request.get.connector.GetConnectorsWithExpandStatusTest
Running org.sourcelab.kafka.connect.apiclient.request.get.connector.GetConnectorPluginsTest
Tests run: 1, Failures: 0, Errors: 0, Skipped: 0, Time elapsed: 0.006 sec - in org.sourcelab.kafka.connect.apiclient.request.get.connector.GetConnectorPluginsTest
Running org.sourcelab.kafka.connect.apiclient.request.get.connector.GetConnectorTopicsTest
Tests run: 3, Failures: 0, Errors: 0, Skipped: 0, Time elapsed: 0.057 sec - in org.sourcelab.kafka.connect.apiclient.request.get.connector.GetConnectorTopicsTest
Running org.sourcelab.kafka.connect.apiclient.request.get.connector.GetConnectorTest
Tests run: 1, Failures: 0, Errors: 0, Skipped: 0, Time elapsed: 0 sec - in org.sourcelab.kafka.connect.apiclient.request.get.connector.GetConnectorTest

Results :

Tests in error: 
  KafkaConnectClientTest.getConnectorsWithAllExpandedMetadata:120 » Connection C...
  KafkaConnectClientTest.testAddConnector:156 » Connection Connect to localhost:...
  KafkaConnectClientTest.testDeleteConnector:208 » Connection Connect to localho...
  KafkaConnectClientTest.testGetConnectServerVersion:78 » Connection Connect to ...
  KafkaConnectClientTest.testGetConnector:129 » Connection Connect to localhost:...
  KafkaConnectClientTest.testGetConnectorConfig:138 » Connection Connect to loca...
  KafkaConnectClientTest.testGetConnectorPlugins:256 » Connection Connect to loc...
  KafkaConnectClientTest.testGetConnectorStatus:147 » Connection Connect to loca...
  KafkaConnectClientTest.testGetConnectorTaskStatus:224 » Connection Connect to ...
  KafkaConnectClientTest.testGetConnectorTasks:216 » Connection Connect to local...
  KafkaConnectClientTest.testGetConnectorTopics:240 » Connection Connect to loca...
  KafkaConnectClientTest.testGetConnectors:87 » Connection Connect to localhost:...
  KafkaConnectClientTest.testGetConnectorsWithExpandedInfo:109 » Connection Conn...
  KafkaConnectClientTest.testGetConnectorsWithExpandedStatus:98 » Connection Con...
  KafkaConnectClientTest.testPauseConnector:192 » Connection Connect to localhos...
  KafkaConnectClientTest.testResetConnectorTopics:248 » Connection Connect to lo...
  KafkaConnectClientTest.testRestartConnector:184 » Connection Connect to localh...
  KafkaConnectClientTest.testRestartConnectorTask:232 » Connection Connect to lo...
  KafkaConnectClientTest.testResumeConnector:200 » Connection Connect to localho...
  KafkaConnectClientTest.testUpdateConnectorConfig:176 » Connection Connect to l...
  KafkaConnectClientTest.testValidateConnectorPluginConfig:264 » Connection Conn...

Tests run: 49, Failures: 0, Errors: 21, Skipped: 0

[ERROR] There are test failures.

Please refer to /tmp/tmprv0zebdn/kafka-connect-client/target/surefire-reports for the individual test results.
[INFO] 
[INFO] --- jacoco-maven-plugin:0.8.5:report (report) @ kafka-connect-client ---
[INFO] Loading execution data file /tmp/tmprv0zebdn/kafka-connect-client/target/jacoco.exec
[INFO] Analyzed bundle 'Kafka Connect Rest API Client' with 187 classes
[INFO] ------------------------------------------------------------------------
[INFO] BUILD SUCCESS
[INFO] ------------------------------------------------------------------------
[INFO] Total time:  52.454 s
[INFO] Finished at: 2020-07-30T22:03:13Z
[INFO] ------------------------------------------------------------------------
