[INFO] Error stacktraces are turned on.
[INFO] Scanning for projects...
[INFO] 
[INFO] -----------------------< net.peerindex:geocoder >-----------------------
[INFO] Building geocoder 0.1
[INFO] --------------------------------[ jar ]---------------------------------
[INFO] 
[INFO] --- jacoco-maven-plugin:0.8.5:prepare-agent (default) @ geocoder ---
[INFO] argLine set to -javaagent:/home/jdbl/.m2/repository/org/jacoco/org.jacoco.agent/0.8.5/org.jacoco.agent-0.8.5-runtime.jar=destfile=/tmp/tmpl6zk7my4/geocoder/target/jacoco.exec
[INFO] 
[INFO] --- maven-resources-plugin:2.6:resources (default-resources) @ geocoder ---
[INFO] Using 'UTF-8' encoding to copy filtered resources.
[INFO] Copying 3 resources
[INFO] 
[INFO] --- maven-compiler-plugin:3.1:compile (default-compile) @ geocoder ---
[INFO] Changes detected - recompiling the module!
[INFO] Compiling 10 source files to /tmp/tmpl6zk7my4/geocoder/target/classes
[INFO] 
[INFO] --- maven-resources-plugin:2.6:testResources (default-testResources) @ geocoder ---
[INFO] Using 'UTF-8' encoding to copy filtered resources.
[INFO] Copying 4 resources
[INFO] 
[INFO] --- maven-compiler-plugin:3.1:testCompile (default-testCompile) @ geocoder ---
[INFO] Changes detected - recompiling the module!
[INFO] Compiling 4 source files to /tmp/tmpl6zk7my4/geocoder/target/test-classes
[INFO] 
[INFO] --- maven-surefire-plugin:2.19.1:test (default-test) @ geocoder ---
[INFO] Surefire report directory: /tmp/tmpl6zk7my4/geocoder/target/surefire-reports

-------------------------------------------------------
 T E S T S
-------------------------------------------------------
Running net.peerindex.geocoder.CompressGazetteerTest
Tests run: 1, Failures: 0, Errors: 0, Skipped: 0, Time elapsed: 0.402 sec - in net.peerindex.geocoder.CompressGazetteerTest
Running net.peerindex.geocoder.GeocoderIndexerTest
Tests run: 2, Failures: 0, Errors: 0, Skipped: 0, Time elapsed: 0.9 sec - in net.peerindex.geocoder.GeocoderIndexerTest
Running net.peerindex.geocoder.GeocoderTest
{
  "geonameId" : 5385941,
  "featureCodeCategory" : "SUBADM",
  "defaultName" : "Rancho Cordova",
  "featureCode" : "PPL",
  "codes" : {
    "PCL" : "US",
    "ADM1" : "CA",
    "ADM2" : "067"
  },
  "names" : [ "رانچو کوردووا، کالیفرنیا", "Ранчо Кордова", "ranchw kwrdwwa  kalyfrnya", "兰乔科尔多瓦", "rantshw kwrdwfa  sakramyntw  kalyfwrnya", "Rancho Cordova", "lan qiao ke er duo wa", "رانتشو كوردوفا، ساكرامينتو، كاليفورنيا", "र्र्यान्चो कोर्दोभा", "Rancho Kordova", "rryanco kordobha" ],
  "population" : 64776,
  "lat" : 38.58907,
  "lng" : -121.30273
}
{
  "geonameId" : 524901,
  "featureCodeCategory" : "SUBADM",
  "defaultName" : "Moscow",
  "featureCode" : "PPLC",
  "codes" : {
    "PCL" : "RU",
    "ADM1" : "48",
    "ADM2" : "562331"
  },
  "names" : [ "mosko", "Մոսկվա", "מוסקבה", "Moskokh", "mwskw", "モスクワ", "Mòskwa", "מאָסקװע", "Maskava", "mwsqbh", "Mat-xco-va", "მოსკოვი", "Gorad Maskva", "མོ་སི་ཁོ།", "莫斯科", "موسكو", "mskw", "মস্কো", "Moscova", "Maeskuy", "maskw", "Moscua", "mosukuwa", "masko", "Moskowa", "Maskav", "Moskova", "Москох", "Moskow", "mo si ke", "Мускав", "Matxcơva", "Moskov", "ܡܘܣܩܒܐ", "Moskou", "Μόσχα", "Moscovo", "Moszkva", "Moscha", "Musko", "مسکو", "Moskuas", "มอสโก", "mx s ko", "Маскав", "Maskva", "Москва", "மாஸ்கோ", "Məskəү", "Moscow", "ماسکو", "Moscou", "मॉस्को", "Moscó", "moseukeuba", "Moscu", "Moskwa", "Москъва", "मास्को", "Moscù", "Муско", "Moscú", "Мæскуы", "Москова", "Горад Масква", "Mát-xcơ-va", "Mosk\"va", "Muskav", "Moscòu", "Mosko", "Moskvo", "Mosku", "모스크바", "Mosco", "mwskva", "موسكۋا", "ሞስኮ", "Moskva", "מאסקווע", "MOW", "Moscoƿ", "Мәскәү", "Moska", "Moskau", "Moscfa", "Matxcova", "Mosca" ],
  "population" : 10381222,
  "lat" : 55.75222,
  "lng" : 37.61556
}
{"type":"object","properties":{"geonameId":{"type":"integer"},"featureCodeCategory":{"type":"string","enum":["PCL","ADM1","ADM2","ADM3","ADM4","SUBADM"]},"defaultName":{"type":"string"},"featureCode":{"type":"string"},"codes":{"type":"object"},"names":{"type":"array","items":{"type":"string"}},"population":{"type":"number"},"lat":{"type":"number"},"lng":{"type":"number"}}}
Hit:1252816
7/30/20 8:40:20 PM =============================================================

-- Timers ----------------------------------------------------------------------
geocoder.object.initialization
             count = 1
         mean rate = 0.08 calls/second
     1-minute rate = 0.18 calls/second
     5-minute rate = 0.20 calls/second
    15-minute rate = 0.20 calls/second
               min = 2784.55 milliseconds
               max = 2784.55 milliseconds
              mean = 2784.55 milliseconds
            stddev = 0.00 milliseconds
            median = 2784.55 milliseconds
              75% <= 2784.55 milliseconds
              95% <= 2784.55 milliseconds
              98% <= 2784.55 milliseconds
              99% <= 2784.55 milliseconds
            99.9% <= 2784.55 milliseconds
geocoder.resolve
             count = 1252816
         mean rate = 124165.49 calls/second
     1-minute rate = 131898.32 calls/second
     5-minute rate = 132897.76 calls/second
    15-minute rate = 133070.90 calls/second
               min = 0.01 milliseconds
               max = 31.01 milliseconds
              mean = 0.19 milliseconds
            stddev = 1.64 milliseconds
            median = 0.08 milliseconds
              75% <= 0.10 milliseconds
              95% <= 0.13 milliseconds
              98% <= 0.14 milliseconds
              99% <= 0.16 milliseconds
            99.9% <= 30.94 milliseconds


Tests run: 7, Failures: 0, Errors: 0, Skipped: 0, Time elapsed: 54.105 sec - in net.peerindex.geocoder.GeocoderTest

Results :

Tests run: 10, Failures: 0, Errors: 0, Skipped: 0

[INFO] 
[INFO] --- jacoco-maven-plugin:0.8.5:report (report) @ geocoder ---
[INFO] Loading execution data file /tmp/tmpl6zk7my4/geocoder/target/jacoco.exec
[INFO] Analyzed bundle 'geocoder' with 50 classes
[INFO] ------------------------------------------------------------------------
[INFO] BUILD SUCCESS
[INFO] ------------------------------------------------------------------------
[INFO] Total time:  01:03 min
[INFO] Finished at: 2020-07-30T20:40:31Z
[INFO] ------------------------------------------------------------------------
