[INFO] Error stacktraces are turned on.
[INFO] Scanning for projects...
[INFO] Inspecting build with total of 1 modules...
[INFO] Installing Nexus Staging features:
[INFO]   ... total of 1 executions of maven-deploy-plugin replaced with nexus-staging-maven-plugin
[INFO] 
[INFO] ---------------------< edu.brown.cs.burlap:burlap >---------------------
[INFO] Building BURLAP 3.0.2-SNAPSHOT
[INFO] --------------------------------[ jar ]---------------------------------
[WARNING] Could not validate integrity of download from file:///tmp/tmp50hcln0w/burlap/burlap-repo/org/rlcommunity/rlglue/JavaRLGlueCodec/1.0/JavaRLGlueCodec-1.0.pom: Checksum validation failed, no checksums available
[WARNING] Could not validate integrity of download from file:///tmp/tmp50hcln0w/burlap/burlap-repo/org/scpsolver/LPSOLVESolverPack/1.0/LPSOLVESolverPack-1.0.pom: Checksum validation failed, no checksums available
[WARNING] Could not validate integrity of download from file:///tmp/tmp50hcln0w/burlap/burlap-repo/org/scpsolver/SCPSolver/1.0/SCPSolver-1.0.pom: Checksum validation failed, no checksums available
[WARNING] Could not validate integrity of download from file:///tmp/tmp50hcln0w/burlap/burlap-repo/org/rlcommunity/rlglue/JavaRLGlueCodec/1.0/JavaRLGlueCodec-1.0.jar: Checksum validation failed, no checksums available
[WARNING] Could not validate integrity of download from file:///tmp/tmp50hcln0w/burlap/burlap-repo/org/scpsolver/SCPSolver/1.0/SCPSolver-1.0.jar: Checksum validation failed, no checksums available
[WARNING] Could not validate integrity of download from file:///tmp/tmp50hcln0w/burlap/burlap-repo/org/scpsolver/LPSOLVESolverPack/1.0/LPSOLVESolverPack-1.0.jar: Checksum validation failed, no checksums available
[INFO] 
[INFO] --- jacoco-maven-plugin:0.8.5:prepare-agent (default) @ burlap ---
[INFO] argLine set to -javaagent:/home/jdbl/.m2/repository/org/jacoco/org.jacoco.agent/0.8.5/org.jacoco.agent-0.8.5-runtime.jar=destfile=/tmp/tmp50hcln0w/burlap/target/jacoco.exec
[INFO] 
[INFO] --- build-helper-maven-plugin:1.7:add-source (add-source) @ burlap ---
[INFO] Source directory: /tmp/tmp50hcln0w/burlap/src added.
[INFO] 
[INFO] --- maven-resources-plugin:2.6:resources (default-resources) @ burlap ---
[WARNING] Using platform encoding (UTF-8 actually) to copy filtered resources, i.e. build is platform dependent!
[INFO] skip non existing resourceDirectory /tmp/tmp50hcln0w/burlap/src/main/resources
[INFO] 
[INFO] --- maven-compiler-plugin:3.0:compile (default-compile) @ burlap ---
[INFO] Changes detected - recompiling the module!
[WARNING] File encoding has not been set, using platform encoding UTF-8, i.e. build is platform dependent!
[INFO] Compiling 483 source files to /tmp/tmp50hcln0w/burlap/target/classes
[WARNING] /tmp/tmp50hcln0w/burlap/src/main/java/burlap/behavior/singleagent/planning/stochastic/DynamicProgramming.java: Some input files use unchecked or unsafe operations.
[WARNING] /tmp/tmp50hcln0w/burlap/src/main/java/burlap/behavior/singleagent/planning/stochastic/DynamicProgramming.java: Recompile with -Xlint:unchecked for details.
[INFO] 
[INFO] --- maven-resources-plugin:2.6:testResources (default-testResources) @ burlap ---
[WARNING] Using platform encoding (UTF-8 actually) to copy filtered resources, i.e. build is platform dependent!
[INFO] skip non existing resourceDirectory /tmp/tmp50hcln0w/burlap/src/test/resources
[INFO] 
[INFO] --- maven-compiler-plugin:3.0:testCompile (default-testCompile) @ burlap ---
[INFO] Changes detected - recompiling the module!
[WARNING] File encoding has not been set, using platform encoding UTF-8, i.e. build is platform dependent!
[INFO] Compiling 6 source files to /tmp/tmp50hcln0w/burlap/target/test-classes
[INFO] 
[INFO] --- maven-surefire-plugin:2.19.1:test (default-test) @ burlap ---
[INFO] Surefire report directory: /tmp/tmp50hcln0w/burlap/target/surefire-reports

-------------------------------------------------------
 T E S T S
-------------------------------------------------------
Running burlap.testing.TestPlanning
Num Expanded: 104
Num visted: 52
Num Expanded: 66
Tests run: 3, Failures: 0, Errors: 0, Skipped: 0, Time elapsed: 0.517 sec - in burlap.testing.TestPlanning
Running burlap.testing.TestSuite
Num Expanded: 104
Num visted: 99
Num Expanded: 66
Hashed states: 82, hashes: 82
Hashed states: 700, hashes: 630
Hashed states: 1263, hashes: 1074
Hashed states: 2710, hashes: 2244
Hashed states: 6775, hashes: 5604
Hashed states: 100, hashes: 100
Hashed states: 1000, hashes: 1000
Hashed states: 10000, hashes: 10000
	10000
	20000
	30000
	40000
	50000
	60000
	70000
	80000
	90000
Hashed states: 100000, hashes: 100000
Hashed states: 104, hashes: 104
Tests run: 10, Failures: 0, Errors: 0, Skipped: 0, Time elapsed: 18.677 sec - in burlap.testing.TestSuite
Running burlap.testing.TestGridWorld
Tests run: 1, Failures: 0, Errors: 0, Skipped: 0, Time elapsed: 0.004 sec - in burlap.testing.TestGridWorld
Running burlap.testing.TestHashing
Hashed states: 79, hashes: 79
Hashed states: 577, hashes: 524
Hashed states: 1302, hashes: 1111
Hashed states: 2670, hashes: 2241
Hashed states: 7133, hashes: 5770
Hashed states: 100, hashes: 100
Hashed states: 1000, hashes: 1000
Hashed states: 10000, hashes: 10000
	10000
	20000
	30000
	40000
	50000
	60000
	70000
	80000
	90000
Hashed states: 100000, hashes: 100000
Hashed states: 104, hashes: 104
Tests run: 5, Failures: 0, Errors: 0, Skipped: 0, Time elapsed: 11.491 sec - in burlap.testing.TestHashing
Running burlap.testing.TestBlockDude
Tests run: 1, Failures: 0, Errors: 0, Skipped: 0, Time elapsed: 1.439 sec - in burlap.testing.TestBlockDude

Results :

Tests run: 20, Failures: 0, Errors: 0, Skipped: 0

[INFO] 
[INFO] --- jacoco-maven-plugin:0.8.5:report (report) @ burlap ---
[INFO] Loading execution data file /tmp/tmp50hcln0w/burlap/target/jacoco.exec
[INFO] Analyzed bundle 'BURLAP' with 648 classes
[INFO] ------------------------------------------------------------------------
[INFO] BUILD SUCCESS
[INFO] ------------------------------------------------------------------------
[INFO] Total time:  01:02 min
[INFO] Finished at: 2020-07-30T21:06:44Z
[INFO] ------------------------------------------------------------------------
