[INFO] Error stacktraces are turned on.
[INFO] Scanning for projects...
[INFO] 
[INFO] ---------------------< com.lowereast:guiceymongo >----------------------
[INFO] Building GuiceyMongo 0.3.0-SNAPSHOT
[INFO] --------------------------------[ jar ]---------------------------------
[INFO] 
[INFO] --- jacoco-maven-plugin:0.8.5:prepare-agent (default) @ guiceymongo ---
[INFO] argLine set to -javaagent:/home/jdbl/.m2/repository/org/jacoco/org.jacoco.agent/0.8.5/org.jacoco.agent-0.8.5-runtime.jar=destfile=/tmp/tmp3en93t4p/com.lowereast.guiceymongo/target/jacoco.exec
[INFO] 
[INFO] --- antlr3-maven-plugin:3.2:antlr (default) @ guiceymongo ---
[INFO] ANTLR: Processing source directory /tmp/tmp3en93t4p/com.lowereast.guiceymongo/src/main/antlr3
[INFO] 
[INFO] --- maven-resources-plugin:2.6:resources (default-resources) @ guiceymongo ---
[INFO] Using 'UTF-8' encoding to copy filtered resources.
[INFO] skip non existing resourceDirectory /tmp/tmp3en93t4p/com.lowereast.guiceymongo/src/main/resources
[INFO] 
[INFO] --- maven-compiler-plugin:2.0.2:compile (default-compile) @ guiceymongo ---
[INFO] Compiling 76 source files to /tmp/tmp3en93t4p/com.lowereast.guiceymongo/target/classes
[INFO] 
[INFO] --- maven-resources-plugin:2.6:testResources (default-testResources) @ guiceymongo ---
[INFO] Using 'UTF-8' encoding to copy filtered resources.
[INFO] skip non existing resourceDirectory /tmp/tmp3en93t4p/com.lowereast.guiceymongo/src/test/resources
[INFO] 
[INFO] --- maven-compiler-plugin:2.0.2:testCompile (default-testCompile) @ guiceymongo ---
[INFO] Compiling 1 source file to /tmp/tmp3en93t4p/com.lowereast.guiceymongo/target/test-classes
[INFO] 
[INFO] --- maven-surefire-plugin:2.19.1:test (default-test) @ guiceymongo ---
[INFO] Surefire report directory: /tmp/tmp3en93t4p/com.lowereast.guiceymongo/target/surefire-reports

-------------------------------------------------------
 T E S T S
-------------------------------------------------------
Running com.lowereast.guiceymongo.test.GeneratorTest
Person
Person
Person
Vehicle
Vehicle
Person
Person
Vehicle
Person
Tests run: 6, Failures: 0, Errors: 0, Skipped: 0, Time elapsed: 0.729 sec - in com.lowereast.guiceymongo.test.GeneratorTest

Results :

Tests run: 6, Failures: 0, Errors: 0, Skipped: 0

[INFO] 
[INFO] --- jacoco-maven-plugin:0.8.5:report (report) @ guiceymongo ---
[INFO] Loading execution data file /tmp/tmp3en93t4p/com.lowereast.guiceymongo/target/jacoco.exec
[INFO] Analyzed bundle 'GuiceyMongo' with 196 classes
[INFO] ------------------------------------------------------------------------
[INFO] BUILD SUCCESS
[INFO] ------------------------------------------------------------------------
[INFO] Total time:  29.008 s
[INFO] Finished at: 2020-07-30T23:12:41Z
[INFO] ------------------------------------------------------------------------
