[INFO] Error stacktraces are turned on.
[INFO] Scanning for projects...
[WARNING] 
[WARNING] Some problems were encountered while building the effective model for com.cnaude:PurpleIRC:jar:1.0-SNAPSHOT
[WARNING] 'version' contains an expression but should be a constant. @ com.cnaude:PurpleIRC:1.0-${build.number}, /tmp/tmpi7ns7yqp/PurpleIRC-spigot/pom.xml, line 10, column 12
[WARNING] 
[WARNING] It is highly recommended to fix these problems because they threaten the stability of your build.
[WARNING] 
[WARNING] For this reason, future Maven versions might no longer support building such malformed projects.
[WARNING] 
[INFO] 
[INFO] ------------------------< com.cnaude:PurpleIRC >------------------------
[INFO] Building PurpleIRC-spigot 1.0-SNAPSHOT
[INFO] --------------------------------[ jar ]---------------------------------
[WARNING] Could not validate integrity of download from http://repo.chrisnaude.com/org/bukkit/spigot-api/1.15.1/spigot-api-1.15.1.pom: Checksum validation failed, no checksums available
[WARNING] The POM for org.bukkit:spigot-183:jar:1.8.3 is missing, no dependency information available
[WARNING] The POM for org.bukkit:spigot-184:jar:1.8.4 is missing, no dependency information available
[WARNING] The POM for org.bukkit:spigot-19:jar:1.9 is missing, no dependency information available
[WARNING] The POM for org.bukkit:spigot-194:jar:1.9.4 is missing, no dependency information available
[WARNING] The POM for org.bukkit:spigot-110:jar:1.10 is missing, no dependency information available
[WARNING] The POM for org.bukkit:spigot-111:jar:1.11 is missing, no dependency information available
[WARNING] The POM for org.bukkit:spigot-112:jar:1.12 is missing, no dependency information available
[WARNING] Could not validate integrity of download from http://repo.chrisnaude.com/org/bukkit/spigot-113/1.13.2/spigot-113-1.13.2.pom: Checksum validation failed, no checksums available
[WARNING] The POM for com.cnaude.pircbotx:pircbotx-shaded:jar:2.1.8 is missing, no dependency information available
[WARNING] The POM for com.cnaude.nplugins:ntheendagain:jar:0.6.10-SNAPSHOT is missing, no dependency information available
[WARNING] The POM for com.cnaude.essentialsx:essentialsx:jar:2.0.1 is missing, no dependency information available
[WARNING] The POM for com.nyancraft.reportrts:ReportRTS:jar:2.0.0-54 is missing, no dependency information available
[WARNING] The POM for com.dthielke.herochat:Herochat:jar:6.0.1-B34A is missing, no dependency information available
[WARNING] The POM for com.cnaude.venturechat:VentureChat:jar:2.17.1 is missing, no dependency information available
[WARNING] The POM for com.cnaude.jobs:Jobs:jar:2.18.8 is missing, no dependency information available
[WARNING] The POM for com.cnaude.jobs:JobsOld:jar:2.12.0 is missing, no dependency information available
[WARNING] The POM for com.cnaude.factions:Factions:jar:2.7.5 is missing, no dependency information available
[WARNING] The POM for com.cnaude.orebroadcast:OreBroadcast:jar:1.2 is missing, no dependency information available
[WARNING] The POM for com.cnaude.RedditStream:RedditStream:jar:0.2 is missing, no dependency information available
[WARNING] The POM for com.cnaude.vanishnopacket:VanishNoPacket:jar:3.19.2-SNAPSHOT is missing, no dependency information available
[WARNING] The POM for com.cnaude.mcore:MassiveCore:jar:2.7.5 is missing, no dependency information available
[WARNING] The POM for com.cnaude.titanchat:TitanChat:jar:4.1 is missing, no dependency information available
[WARNING] The POM for com.gmail.nossr50:mcMMO:jar:1.5.01-SNAPSHOT-b3682 is missing, no dependency information available
[WARNING] The POM for com.cnaude.multiverse:Multiverse-Core:jar:2.5 is missing, no dependency information available
[WARNING] The POM for com.cnaude.townychat:TownyChat:jar:0.40 is missing, no dependency information available
[WARNING] The POM for com.cnaude.towny:Towny:jar:0.84.0.0 is missing, no dependency information available
[WARNING] Could not validate integrity of download from http://repo.chrisnaude.com/com/comphenix/protocol/ProtocolLib-Parent/v4-SNAPSHOT/ProtocolLib-Parent-v4-SNAPSHOT.pom: Checksum validation failed, no checksums available
[WARNING] The POM for com.cnaude.clevernotch:CleverNotch:jar:1.1-RELEASE is missing, no dependency information available
[WARNING] The POM for com.cnaude.deathmessages:DeathMessages:jar:2.9.1-SNAPSHOT is missing, no dependency information available
[WARNING] Could not validate integrity of download from http://repo.chrisnaude.com/com/cnaude/deathmessagesprime/DeathMessagesPrime/1.15/DeathMessagesPrime-1.15.pom: Checksum validation failed, no checksums available
[WARNING] The POM for com.cnaude.shortify:Shortify:jar:1.8-SNAPSHOT is missing, no dependency information available
[WARNING] The POM for com.cnaude.shortify:Shortify-Universal:jar:1.7-SNAPSHOT is missing, no dependency information available
[WARNING] The POM for com.cnaude.commandbook:CommandBook:jar:2.5-SNAPSHOT is missing, no dependency information available
[WARNING] Could not validate integrity of download from http://repo.chrisnaude.com/us/dynmap/dynmap-api/2.5/dynmap-api-2.5.pom: Checksum validation failed, no checksums available
[WARNING] The POM for com.cnaude.prism:Prism:jar:2.0.1 is missing, no dependency information available
[WARNING] The POM for com.cnaude.adminprivatechat:AdminPrivateChat:jar:2.1 is missing, no dependency information available
[WARNING] The POM for com.cnaude.supervanish:SuperVanish:jar:5.9.1 is missing, no dependency information available
[WARNING] The POM for com.cnaude.simpleticketmanager:SimpleTicketManager:jar:2.0.3 is missing, no dependency information available
[WARNING] The POM for com.cnaude.griefprevention:GriefPrevention:jar:12.1 is missing, no dependency information available
[WARNING] The POM for me.clip:placeholderapi:jar:2.10.4 is missing, no dependency information available
[WARNING] Could not validate integrity of download from http://repo.chrisnaude.com/com/cnaude/discordsrv/DiscordSRV/1.18.4/DiscordSRV-1.18.4.pom: Checksum validation failed, no checksums available
[WARNING] The POM for com.cnaude.uchat:UltimateChat:jar:1.6.8-b502 is missing, no dependency information available
[WARNING] Could not validate integrity of download from http://repo.chrisnaude.com/org/bukkit/spigot-api/1.15.1/spigot-api-1.15.1.jar: Checksum validation failed, no checksums available
[WARNING] Could not validate integrity of download from http://repo.chrisnaude.com/org/bukkit/spigot-19/1.9/spigot-19-1.9.jar: Checksum validation failed, no checksums available
[WARNING] Could not validate integrity of download from http://repo.chrisnaude.com/org/bukkit/spigot-184/1.8.4/spigot-184-1.8.4.jar: Checksum validation failed, no checksums available
[WARNING] Could not validate integrity of download from http://repo.chrisnaude.com/org/bukkit/spigot-194/1.9.4/spigot-194-1.9.4.jar: Checksum validation failed, no checksums available
[WARNING] Could not validate integrity of download from http://repo.chrisnaude.com/org/bukkit/spigot-110/1.10/spigot-110-1.10.jar: Checksum validation failed, no checksums available
[WARNING] Could not validate integrity of download from http://repo.chrisnaude.com/org/bukkit/spigot-183/1.8.3/spigot-183-1.8.3.jar: Checksum validation failed, no checksums available
[WARNING] Could not validate integrity of download from http://repo.chrisnaude.com/com/cnaude/nplugins/ntheendagain/0.6.10-SNAPSHOT/ntheendagain-0.6.10-SNAPSHOT.jar: Checksum validation failed, no checksums available
[WARNING] Could not validate integrity of download from http://repo.chrisnaude.com/com/cnaude/essentialsx/essentialsx/2.0.1/essentialsx-2.0.1.jar: Checksum validation failed, no checksums available
[WARNING] Could not validate integrity of download from http://repo.chrisnaude.com/com/cnaude/pircbotx/pircbotx-shaded/2.1.8/pircbotx-shaded-2.1.8.jar: Checksum validation failed, no checksums available
[WARNING] Could not validate integrity of download from http://repo.chrisnaude.com/com/nyancraft/reportrts/ReportRTS/2.0.0-54/ReportRTS-2.0.0-54.jar: Checksum validation failed, no checksums available
[WARNING] Could not validate integrity of download from http://repo.chrisnaude.com/com/dthielke/herochat/Herochat/6.0.1-B34A/Herochat-6.0.1-B34A.jar: Checksum validation failed, no checksums available
[WARNING] Could not validate integrity of download from http://repo.chrisnaude.com/com/cnaude/venturechat/VentureChat/2.17.1/VentureChat-2.17.1.jar: Checksum validation failed, no checksums available
[WARNING] Could not validate integrity of download from http://repo.chrisnaude.com/com/cnaude/jobs/Jobs/2.18.8/Jobs-2.18.8.jar: Checksum validation failed, no checksums available
[WARNING] Could not validate integrity of download from http://repo.chrisnaude.com/com/cnaude/jobs/JobsOld/2.12.0/JobsOld-2.12.0.jar: Checksum validation failed, no checksums available
[WARNING] Could not validate integrity of download from http://repo.chrisnaude.com/com/cnaude/factions/Factions/2.7.5/Factions-2.7.5.jar: Checksum validation failed, no checksums available
[WARNING] Could not validate integrity of download from http://repo.chrisnaude.com/com/cnaude/RedditStream/RedditStream/0.2/RedditStream-0.2.jar: Checksum validation failed, no checksums available
[WARNING] Could not validate integrity of download from http://repo.chrisnaude.com/com/cnaude/orebroadcast/OreBroadcast/1.2/OreBroadcast-1.2.jar: Checksum validation failed, no checksums available
[WARNING] Could not validate integrity of download from http://repo.chrisnaude.com/com/cnaude/vanishnopacket/VanishNoPacket/3.19.2-SNAPSHOT/VanishNoPacket-3.19.2-SNAPSHOT.jar: Checksum validation failed, no checksums available
[WARNING] Could not validate integrity of download from http://repo.chrisnaude.com/com/cnaude/titanchat/TitanChat/4.1/TitanChat-4.1.jar: Checksum validation failed, no checksums available
[WARNING] Could not validate integrity of download from http://repo.chrisnaude.com/com/cnaude/mcore/MassiveCore/2.7.5/MassiveCore-2.7.5.jar: Checksum validation failed, no checksums available
[WARNING] Could not validate integrity of download from http://repo.chrisnaude.com/com/cnaude/multiverse/Multiverse-Core/2.5/Multiverse-Core-2.5.jar: Checksum validation failed, no checksums available
[WARNING] Could not validate integrity of download from http://repo.chrisnaude.com/com/cnaude/townychat/TownyChat/0.40/TownyChat-0.40.jar: Checksum validation failed, no checksums available
[WARNING] Could not validate integrity of download from http://repo.chrisnaude.com/com/gmail/nossr50/mcMMO/1.5.01-SNAPSHOT-b3682/mcMMO-1.5.01-SNAPSHOT-b3682.jar: Checksum validation failed, no checksums available
[WARNING] Could not validate integrity of download from http://repo.chrisnaude.com/com/cnaude/towny/Towny/0.84.0.0/Towny-0.84.0.0.jar: Checksum validation failed, no checksums available
[WARNING] Could not validate integrity of download from http://repo.chrisnaude.com/com/cnaude/clevernotch/CleverNotch/1.1-RELEASE/CleverNotch-1.1-RELEASE.jar: Checksum validation failed, no checksums available
[WARNING] Could not validate integrity of download from http://repo.chrisnaude.com/com/cnaude/deathmessagesprime/DeathMessagesPrime/1.15/DeathMessagesPrime-1.15.jar: Checksum validation failed, no checksums available
[WARNING] Could not validate integrity of download from http://repo.chrisnaude.com/com/cnaude/deathmessages/DeathMessages/2.9.1-SNAPSHOT/DeathMessages-2.9.1-SNAPSHOT.jar: Checksum validation failed, no checksums available
[WARNING] Could not validate integrity of download from http://repo.chrisnaude.com/com/cnaude/shortify/Shortify/1.8-SNAPSHOT/Shortify-1.8-SNAPSHOT.jar: Checksum validation failed, no checksums available
[WARNING] Could not validate integrity of download from http://repo.chrisnaude.com/com/cnaude/shortify/Shortify-Universal/1.7-SNAPSHOT/Shortify-Universal-1.7-SNAPSHOT.jar: Checksum validation failed, no checksums available
[WARNING] Could not validate integrity of download from http://repo.chrisnaude.com/us/dynmap/dynmap-api/2.5/dynmap-api-2.5.jar: Checksum validation failed, no checksums available
[WARNING] Could not validate integrity of download from http://repo.chrisnaude.com/com/cnaude/commandbook/CommandBook/2.5-SNAPSHOT/CommandBook-2.5-SNAPSHOT.jar: Checksum validation failed, no checksums available
[WARNING] Could not validate integrity of download from http://repo.chrisnaude.com/com/cnaude/adminprivatechat/AdminPrivateChat/2.1/AdminPrivateChat-2.1.jar: Checksum validation failed, no checksums available
[WARNING] Could not validate integrity of download from http://repo.chrisnaude.com/com/cnaude/supervanish/SuperVanish/5.9.1/SuperVanish-5.9.1.jar: Checksum validation failed, no checksums available
[WARNING] Could not validate integrity of download from http://repo.chrisnaude.com/com/cnaude/prism/Prism/2.0.1/Prism-2.0.1.jar: Checksum validation failed, no checksums available
[WARNING] Could not validate integrity of download from http://repo.chrisnaude.com/com/cnaude/simpleticketmanager/SimpleTicketManager/2.0.3/SimpleTicketManager-2.0.3.jar: Checksum validation failed, no checksums available
[WARNING] Could not validate integrity of download from http://repo.chrisnaude.com/com/cnaude/griefprevention/GriefPrevention/12.1/GriefPrevention-12.1.jar: Checksum validation failed, no checksums available
[WARNING] Could not validate integrity of download from http://repo.chrisnaude.com/me/clip/placeholderapi/2.10.4/placeholderapi-2.10.4.jar: Checksum validation failed, no checksums available
[WARNING] Could not validate integrity of download from http://repo.chrisnaude.com/com/cnaude/uchat/UltimateChat/1.6.8-b502/UltimateChat-1.6.8-b502.jar: Checksum validation failed, no checksums available
[WARNING] Could not validate integrity of download from http://repo.chrisnaude.com/org/bukkit/spigot-111/1.11/spigot-111-1.11.jar: Checksum validation failed, no checksums available
[WARNING] Could not validate integrity of download from http://repo.chrisnaude.com/com/cnaude/discordsrv/DiscordSRV/1.18.4/DiscordSRV-1.18.4.jar: Checksum validation failed, no checksums available
[WARNING] Could not validate integrity of download from http://repo.chrisnaude.com/org/bukkit/spigot-113/1.13.2/spigot-113-1.13.2.jar: Checksum validation failed, no checksums available
[WARNING] Could not validate integrity of download from http://repo.chrisnaude.com/org/bukkit/spigot-112/1.12/spigot-112-1.12.jar: Checksum validation failed, no checksums available
[INFO] 
[INFO] --- jacoco-maven-plugin:0.8.5:prepare-agent (default) @ PurpleIRC ---
[INFO] argLine set to -javaagent:/home/jdbl/.m2/repository/org/jacoco/org.jacoco.agent/0.8.5/org.jacoco.agent-0.8.5-runtime.jar=destfile=/tmp/tmpi7ns7yqp/PurpleIRC-spigot/target/jacoco.exec
[INFO] 
[INFO] --- maven-resources-plugin:2.6:resources (default-resources) @ PurpleIRC ---
[INFO] Using 'UTF-8' encoding to copy filtered resources.
[INFO] Copying 1 resource
[INFO] Copying 2 resources
[INFO] 
[INFO] --- maven-compiler-plugin:3.8.1:compile (default-compile) @ PurpleIRC ---
[INFO] Changes detected - recompiling the module!
[INFO] Compiling 167 source files to /tmp/tmpi7ns7yqp/PurpleIRC-spigot/target/classes
[INFO] /tmp/tmpi7ns7yqp/PurpleIRC-spigot/src/main/java/com/cnaude/purpleirc/Utilities/NetPackets.java: Some input files use or override a deprecated API.
[INFO] /tmp/tmpi7ns7yqp/PurpleIRC-spigot/src/main/java/com/cnaude/purpleirc/Utilities/NetPackets.java: Recompile with -Xlint:deprecation for details.
[INFO] /tmp/tmpi7ns7yqp/PurpleIRC-spigot/src/main/java/com/cnaude/purpleirc/PurpleBot.java: Some input files use unchecked or unsafe operations.
[INFO] /tmp/tmpi7ns7yqp/PurpleIRC-spigot/src/main/java/com/cnaude/purpleirc/PurpleBot.java: Recompile with -Xlint:unchecked for details.
[INFO] 
[INFO] --- maven-resources-plugin:2.6:testResources (default-testResources) @ PurpleIRC ---
[INFO] Using 'UTF-8' encoding to copy filtered resources.
[INFO] skip non existing resourceDirectory /tmp/tmpi7ns7yqp/PurpleIRC-spigot/src/test/resources
[INFO] 
[INFO] --- maven-compiler-plugin:3.8.1:testCompile (default-testCompile) @ PurpleIRC ---
[INFO] Changes detected - recompiling the module!
[INFO] Compiling 1 source file to /tmp/tmpi7ns7yqp/PurpleIRC-spigot/target/test-classes
[INFO] 
[INFO] --- maven-surefire-plugin:2.19.1:test (default-test) @ PurpleIRC ---
[INFO] Surefire report directory: /tmp/tmpi7ns7yqp/PurpleIRC-spigot/target/surefire-reports

-------------------------------------------------------
 T E S T S
-------------------------------------------------------
Running com.cnaude.purpleirc.AppTest
Tests run: 1, Failures: 0, Errors: 0, Skipped: 0, Time elapsed: 0.031 sec - in com.cnaude.purpleirc.AppTest

Results :

Tests run: 1, Failures: 0, Errors: 0, Skipped: 0

[INFO] 
[INFO] --- jacoco-maven-plugin:0.8.5:report (report) @ PurpleIRC ---
[INFO] Loading execution data file /tmp/tmpi7ns7yqp/PurpleIRC-spigot/target/jacoco.exec
[INFO] Analyzed bundle 'PurpleIRC-spigot' with 324 classes
[INFO] ------------------------------------------------------------------------
[INFO] BUILD SUCCESS
[INFO] ------------------------------------------------------------------------
[INFO] Total time:  08:11 min
[INFO] Finished at: 2020-07-30T20:43:40Z
[INFO] ------------------------------------------------------------------------
