[INFO] Error stacktraces are turned on.
[INFO] Scanning for projects...
[WARNING] 
[WARNING] Some problems were encountered while building the effective model for com.huaan9527:spring-data-jpa-template:jar:1.9.2
[WARNING] 'build.plugins.plugin.version' for org.apache.maven.plugins:maven-compiler-plugin is missing. @ line 22, column 15
[WARNING] 'build.plugins.plugin.version' for org.apache.maven.plugins:maven-source-plugin is missing. @ line 38, column 15
[WARNING] 'build.plugins.plugin.version' for org.apache.maven.plugins:maven-resources-plugin is missing. @ line 31, column 15
[WARNING] 
[WARNING] It is highly recommended to fix these problems because they threaten the stability of your build.
[WARNING] 
[WARNING] For this reason, future Maven versions might no longer support building such malformed projects.
[WARNING] 
[INFO] 
[INFO] ---------------< com.huaan9527:spring-data-jpa-template >---------------
[INFO] Building spring-data-jpa-template 1.9.2
[INFO] --------------------------------[ jar ]---------------------------------
[INFO] 
[INFO] --- jacoco-maven-plugin:0.8.5:prepare-agent (default) @ spring-data-jpa-template ---
[INFO] argLine set to -javaagent:/home/jdbl/.m2/repository/org/jacoco/org.jacoco.agent/0.8.5/org.jacoco.agent-0.8.5-runtime.jar=destfile=/tmp/tmpklnix8b9/spring-data-jpa-template/target/jacoco.exec
[INFO] 
[INFO] --- maven-resources-plugin:2.6:resources (default-resources) @ spring-data-jpa-template ---
[INFO] Using 'UTF-8' encoding to copy filtered resources.
[INFO] Copying 2 resources
[INFO] 
[INFO] --- maven-compiler-plugin:3.1:compile (default-compile) @ spring-data-jpa-template ---
[INFO] Changes detected - recompiling the module!
[WARNING] File encoding has not been set, using platform encoding UTF-8, i.e. build is platform dependent!
[INFO] Compiling 57 source files to /tmp/tmpklnix8b9/spring-data-jpa-template/target/classes
[WARNING] /tmp/tmpklnix8b9/spring-data-jpa-template/src/main/java/com/huaan9527/spring/data/hibernate/type/JSONType.java: /tmp/tmpklnix8b9/spring-data-jpa-template/src/main/java/com/huaan9527/spring/data/hibernate/type/JSONType.java uses or overrides a deprecated API.
[WARNING] /tmp/tmpklnix8b9/spring-data-jpa-template/src/main/java/com/huaan9527/spring/data/hibernate/type/JSONType.java: Recompile with -Xlint:deprecation for details.
[WARNING] /tmp/tmpklnix8b9/spring-data-jpa-template/src/main/java/com/huaan9527/spring/data/search/utils/SearchableConvertUtils.java: Some input files use unchecked or unsafe operations.
[WARNING] /tmp/tmpklnix8b9/spring-data-jpa-template/src/main/java/com/huaan9527/spring/data/search/utils/SearchableConvertUtils.java: Recompile with -Xlint:unchecked for details.
[INFO] 
[INFO] --- maven-resources-plugin:2.6:testResources (default-testResources) @ spring-data-jpa-template ---
[INFO] Using 'UTF-8' encoding to copy filtered resources.
[INFO] Copying 3 resources
[INFO] 
[INFO] --- maven-compiler-plugin:3.1:testCompile (default-testCompile) @ spring-data-jpa-template ---
[INFO] Changes detected - recompiling the module!
[WARNING] File encoding has not been set, using platform encoding UTF-8, i.e. build is platform dependent!
[INFO] Compiling 10 source files to /tmp/tmpklnix8b9/spring-data-jpa-template/target/test-classes
[WARNING] /tmp/tmpklnix8b9/spring-data-jpa-template/src/test/java/com/huaan9527/spring/data/hibernate/transformer/AliasToBeanTransformerAdapterTest.java: /tmp/tmpklnix8b9/spring-data-jpa-template/src/test/java/com/huaan9527/spring/data/hibernate/transformer/AliasToBeanTransformerAdapterTest.java uses unchecked or unsafe operations.
[WARNING] /tmp/tmpklnix8b9/spring-data-jpa-template/src/test/java/com/huaan9527/spring/data/hibernate/transformer/AliasToBeanTransformerAdapterTest.java: Recompile with -Xlint:unchecked for details.
[INFO] 
[INFO] --- maven-surefire-plugin:2.19.1:test (default-test) @ spring-data-jpa-template ---
[INFO] Surefire report directory: /tmp/tmpklnix8b9/spring-data-jpa-template/target/surefire-reports

-------------------------------------------------------
 T E S T S
-------------------------------------------------------
Running com.huaan9527.spring.data.hibernate.transformer.AliasToBeanTransformerAdapterTest
SLF4J: Failed to load class "org.slf4j.impl.StaticLoggerBinder".
SLF4J: Defaulting to no-operation (NOP) logger implementation
SLF4J: See http://www.slf4j.org/codes.html#StaticLoggerBinder for further details.
{"address":{"name":"成都市","zipCode":"323523554"},"age":23,"attrs":{"password":"123456","role":"admin"},"name":"SilentWu","personLike":"4444444"}
582
Tests run: 1, Failures: 0, Errors: 0, Skipped: 0, Time elapsed: 1.086 sec - in com.huaan9527.spring.data.hibernate.transformer.AliasToBeanTransformerAdapterTest

Results :

Tests run: 1, Failures: 0, Errors: 0, Skipped: 0

[INFO] 
[INFO] --- jacoco-maven-plugin:0.8.5:report (report) @ spring-data-jpa-template ---
[INFO] Loading execution data file /tmp/tmpklnix8b9/spring-data-jpa-template/target/jacoco.exec
[INFO] Analyzed bundle 'spring-data-jpa-template' with 292 classes
[INFO] ------------------------------------------------------------------------
[INFO] BUILD SUCCESS
[INFO] ------------------------------------------------------------------------
[INFO] Total time:  14.822 s
[INFO] Finished at: 2020-07-30T21:49:01Z
[INFO] ------------------------------------------------------------------------
