[INFO] Error stacktraces are turned on.
[INFO] Scanning for projects...
[WARNING] 
[WARNING] Some problems were encountered while building the effective model for com.hui.quickretry:quick-retry:jar:1.0-SNAPSHOT
[WARNING] 'build.plugins.plugin.version' for org.apache.maven.plugins:maven-compiler-plugin is missing. @ line 8, column 15
[WARNING] 
[WARNING] It is highly recommended to fix these problems because they threaten the stability of your build.
[WARNING] 
[WARNING] For this reason, future Maven versions might no longer support building such malformed projects.
[WARNING] 
[INFO] 
[INFO] -------------------< com.hui.quickretry:quick-retry >-------------------
[INFO] Building quick-retry 1.0-SNAPSHOT
[INFO] --------------------------------[ jar ]---------------------------------
[INFO] 
[INFO] --- jacoco-maven-plugin:0.8.5:prepare-agent (default) @ quick-retry ---
[INFO] argLine set to -javaagent:/home/jdbl/.m2/repository/org/jacoco/org.jacoco.agent/0.8.5/org.jacoco.agent-0.8.5-runtime.jar=destfile=/tmp/tmp86acy805/quick-retry/target/jacoco.exec
[INFO] 
[INFO] --- maven-resources-plugin:2.6:resources (default-resources) @ quick-retry ---
[WARNING] Using platform encoding (UTF-8 actually) to copy filtered resources, i.e. build is platform dependent!
[INFO] Copying 1 resource
[INFO] 
[INFO] --- maven-compiler-plugin:3.1:compile (default-compile) @ quick-retry ---
[INFO] Changes detected - recompiling the module!
[WARNING] File encoding has not been set, using platform encoding UTF-8, i.e. build is platform dependent!
[INFO] Compiling 6 source files to /tmp/tmp86acy805/quick-retry/target/classes
[WARNING] /tmp/tmp86acy805/quick-retry/src/main/java/com/hui/quickretry/template/RetryTemplate.java: /tmp/tmp86acy805/quick-retry/src/main/java/com/hui/quickretry/template/RetryTemplate.java uses unchecked or unsafe operations.
[WARNING] /tmp/tmp86acy805/quick-retry/src/main/java/com/hui/quickretry/template/RetryTemplate.java: Recompile with -Xlint:unchecked for details.
[INFO] 
[INFO] --- maven-resources-plugin:2.6:testResources (default-testResources) @ quick-retry ---
[WARNING] Using platform encoding (UTF-8 actually) to copy filtered resources, i.e. build is platform dependent!
[INFO] skip non existing resourceDirectory /tmp/tmp86acy805/quick-retry/src/test/resources
[INFO] 
[INFO] --- maven-compiler-plugin:3.1:testCompile (default-testCompile) @ quick-retry ---
[INFO] Changes detected - recompiling the module!
[WARNING] File encoding has not been set, using platform encoding UTF-8, i.e. build is platform dependent!
[INFO] Compiling 2 source files to /tmp/tmp86acy805/quick-retry/target/test-classes
[INFO] 
[INFO] --- maven-surefire-plugin:2.19.1:test (default-test) @ quick-retry ---
[INFO] Surefire report directory: /tmp/tmp86acy805/quick-retry/target/surefire-reports

-------------------------------------------------------
 T E S T S
-------------------------------------------------------
Running com.hui.quickretry.test.AspectRetryTest
Jul 30, 2020 8:06:42 PM org.springframework.test.context.support.DefaultTestContextBootstrapper getDefaultTestExecutionListenerClassNames
INFO: Loaded default TestExecutionListener class names from location [META-INF/spring.factories]: [org.springframework.test.context.web.ServletTestExecutionListener, org.springframework.test.context.support.DirtiesContextBeforeModesTestExecutionListener, org.springframework.test.context.support.DependencyInjectionTestExecutionListener, org.springframework.test.context.support.DirtiesContextTestExecutionListener, org.springframework.test.context.transaction.TransactionalTestExecutionListener, org.springframework.test.context.jdbc.SqlScriptsTestExecutionListener]
Jul 30, 2020 8:06:42 PM org.springframework.test.context.support.DefaultTestContextBootstrapper instantiateListeners
INFO: Could not instantiate TestExecutionListener [org.springframework.test.context.web.ServletTestExecutionListener]. Specify custom listener classes or make the default listener classes (and their required dependencies) available. Offending class: [javax/servlet/ServletContext]
Jul 30, 2020 8:06:42 PM org.springframework.test.context.support.DefaultTestContextBootstrapper instantiateListeners
INFO: Could not instantiate TestExecutionListener [org.springframework.test.context.transaction.TransactionalTestExecutionListener]. Specify custom listener classes or make the default listener classes (and their required dependencies) available. Offending class: [org/springframework/transaction/TransactionDefinition]
Jul 30, 2020 8:06:42 PM org.springframework.test.context.support.DefaultTestContextBootstrapper instantiateListeners
INFO: Could not instantiate TestExecutionListener [org.springframework.test.context.jdbc.SqlScriptsTestExecutionListener]. Specify custom listener classes or make the default listener classes (and their required dependencies) available. Offending class: [org/springframework/transaction/interceptor/TransactionAttribute]
Jul 30, 2020 8:06:42 PM org.springframework.test.context.support.DefaultTestContextBootstrapper getTestExecutionListeners
INFO: Using TestExecutionListeners: [org.springframework.test.context.support.DirtiesContextBeforeModesTestExecutionListener@7bd69e82, org.springframework.test.context.support.DependencyInjectionTestExecutionListener@74d7184a, org.springframework.test.context.support.DirtiesContextTestExecutionListener@51b01960]
Jul 30, 2020 8:06:43 PM org.springframework.beans.factory.xml.XmlBeanDefinitionReader loadBeanDefinitions
INFO: Loading XML bean definitions from class path resource [aop.xml]
Jul 30, 2020 8:06:43 PM org.springframework.context.support.GenericApplicationContext prepareRefresh
INFO: Refreshing org.springframework.context.support.GenericApplicationContext@415e0bcb: startup date [Thu Jul 30 20:06:43 UTC 2020]; root of context hierarchy
SLF4J: Failed to load class "org.slf4j.impl.StaticLoggerBinder".
SLF4J: Defaulting to no-operation (NOP) logger implementation
SLF4J: See http://www.slf4j.org/codes.html#StaticLoggerBinder for further details.
genBigNum 2
genBigNum 0
genBigNum 8
----8----
now num: 5
now num: 1
------------------
genBigNum 5
----5----
now num: 6
now num: 4
now num: 2
------------------
genBigNum 9
----9----
now num: 0
------------------
Tests run: 1, Failures: 0, Errors: 0, Skipped: 0, Time elapsed: 4.556 sec - in com.hui.quickretry.test.AspectRetryTest
Running com.hui.quickretry.test.RetryTest
--------------
5
2
1
1
--------------
1
8
6
2
2
--------------
8
2
3
3
--------------
8
8
7
1
5
7
9
5
8
3
3
--------------
7
2
5
5
3
3
--------------
3
0
0
--------------
2
7
4
6
6
6
2
2
--------------
5
2
0
0
--------------
7
4
8
7
5
0
9
2
2
--------------
5
8
7
3
1
1
Tests run: 1, Failures: 0, Errors: 0, Skipped: 0, Time elapsed: 0.292 sec - in com.hui.quickretry.test.RetryTest
Jul 30, 2020 8:06:46 PM org.springframework.context.support.GenericApplicationContext doClose
INFO: Closing org.springframework.context.support.GenericApplicationContext@415e0bcb: startup date [Thu Jul 30 20:06:43 UTC 2020]; root of context hierarchy

Results :

Tests run: 2, Failures: 0, Errors: 0, Skipped: 0

[INFO] 
[INFO] --- jacoco-maven-plugin:0.8.5:report (report) @ quick-retry ---
[INFO] Loading execution data file /tmp/tmp86acy805/quick-retry/target/jacoco.exec
[INFO] Analyzed bundle 'quick-retry' with 242 classes
[INFO] ------------------------------------------------------------------------
[INFO] BUILD SUCCESS
[INFO] ------------------------------------------------------------------------
[INFO] Total time:  18.579 s
[INFO] Finished at: 2020-07-30T20:06:48Z
[INFO] ------------------------------------------------------------------------
