[INFO] Error stacktraces are turned on.
[INFO] Scanning for projects...
[WARNING] 
[WARNING] Some problems were encountered while building the effective model for net.sf.jopt-simple:jopt-simple:jar:6.0-alpha-4-SNAPSHOT
[WARNING] 'build.plugins.plugin.version' for org.apache.maven.plugins:maven-jar-plugin is missing. @ line 116, column 15
[WARNING] 
[WARNING] It is highly recommended to fix these problems because they threaten the stability of your build.
[WARNING] 
[WARNING] For this reason, future Maven versions might no longer support building such malformed projects.
[WARNING] 
[INFO] 
[INFO] -------------------< net.sf.jopt-simple:jopt-simple >-------------------
[INFO] Building JOpt Simple 6.0-alpha-4-SNAPSHOT
[INFO] --------------------------------[ jar ]---------------------------------
[INFO] 
[INFO] --- maven-enforcer-plugin:1.0:enforce (enforce-maven) @ jopt-simple ---
[INFO] 
[INFO] --- jacoco-maven-plugin:0.8.5:prepare-agent (default) @ jopt-simple ---
[INFO] argLine set to -javaagent:/home/jdbl/.m2/repository/org/jacoco/org.jacoco.agent/0.8.5/org.jacoco.agent-0.8.5-runtime.jar=destfile=/tmp/tmpr7wjuhku/jopt-simple/target/jacoco.exec
[INFO] 
[INFO] --- maven-resources-plugin:2.6:resources (default-resources) @ jopt-simple ---
[INFO] Using 'UTF-8' encoding to copy filtered resources.
[INFO] Copying 3 resources
[INFO] 
[INFO] --- maven-compiler-plugin:3.6.1:compile (default-compile) @ jopt-simple ---
[INFO] Changes detected - recompiling the module!
[INFO] Compiling 50 source files to /tmp/tmpr7wjuhku/jopt-simple/target/classes
[INFO] 
[INFO] >>> maven-pmd-plugin:3.7:cpd-check (default) > :cpd @ jopt-simple >>>
[INFO] 
[INFO] --- maven-pmd-plugin:3.7:cpd (cpd) @ jopt-simple ---
[WARNING] Unable to locate Source XRef to link to - DISABLED
[WARNING] Unable to locate Source XRef to link to - DISABLED
[INFO] 
[INFO] <<< maven-pmd-plugin:3.7:cpd-check (default) < :cpd @ jopt-simple <<<
[INFO] 
[INFO] 
[INFO] --- maven-pmd-plugin:3.7:cpd-check (default) @ jopt-simple ---
[INFO] 
[INFO] 
[INFO] --- maven-resources-plugin:2.6:testResources (default-testResources) @ jopt-simple ---
[INFO] Using 'UTF-8' encoding to copy filtered resources.
[INFO] Copying 2 resources
[INFO] 
[INFO] --- maven-compiler-plugin:3.6.1:testCompile (default-testCompile) @ jopt-simple ---
[INFO] Changes detected - recompiling the module!
[INFO] Compiling 145 source files to /tmp/tmpr7wjuhku/jopt-simple/target/test-classes
[INFO] 
[INFO] --- maven-surefire-plugin:2.19.1:test (default-test) @ jopt-simple ---
[INFO] Surefire report directory: /tmp/tmpr7wjuhku/jopt-simple/target/surefire-reports

-------------------------------------------------------
 T E S T S
-------------------------------------------------------
Running joptsimple.ClusterVersusLongOptionTest
Tests run: 5, Failures: 0, Errors: 0, Skipped: 0, Time elapsed: 0.073 sec - in joptsimple.ClusterVersusLongOptionTest
Running joptsimple.OptionalArgumentOptionSpecTest
Tests run: 12, Failures: 0, Errors: 0, Skipped: 0, Time elapsed: 0.039 sec - in joptsimple.OptionalArgumentOptionSpecTest
Running joptsimple.ParsingSeparatedTypedOptionValuesTest
Tests run: 4, Failures: 0, Errors: 0, Skipped: 0, Time elapsed: 0.012 sec - in joptsimple.ParsingSeparatedTypedOptionValuesTest
Running joptsimple.OptionSetDetectedOptionsTest
Tests run: 1, Failures: 0, Errors: 0, Skipped: 0, Time elapsed: 0 sec - in joptsimple.OptionSetDetectedOptionsTest
Running joptsimple.LongOptionNoArgumentTest
Tests run: 4, Failures: 0, Errors: 0, Skipped: 0, Time elapsed: 0.009 sec - in joptsimple.LongOptionNoArgumentTest
Running joptsimple.ShortOptionsOptionalArgumentTest
Tests run: 6, Failures: 0, Errors: 0, Skipped: 0, Time elapsed: 0.006 sec - in joptsimple.ShortOptionsOptionalArgumentTest
Running joptsimple.OptionSetEqualsHashCodeTest
Tests run: 9, Failures: 0, Errors: 0, Skipped: 0, Time elapsed: 0.012 sec - in joptsimple.OptionSetEqualsHashCodeTest
Running joptsimple.DefaultSettingsOptionParserHelpTest
Tests run: 41, Failures: 0, Errors: 0, Skipped: 0, Time elapsed: 0.118 sec - in joptsimple.DefaultSettingsOptionParserHelpTest
Running joptsimple.ArgumentListHasNoMoreArgsTest
Tests run: 3, Failures: 0, Errors: 0, Skipped: 0, Time elapsed: 0 sec - in joptsimple.ArgumentListHasNoMoreArgsTest
Running joptsimple.OptionSpecTokenizerTest
Tests run: 17, Failures: 0, Errors: 0, Skipped: 0, Time elapsed: 0.014 sec - in joptsimple.OptionSpecTokenizerTest
Running joptsimple.PosixlyCorrectOptionParserTest
Tests run: 2, Failures: 0, Errors: 0, Skipped: 0, Time elapsed: 0.008 sec - in joptsimple.PosixlyCorrectOptionParserTest
Running joptsimple.ArgumentAcceptingOptionSpecTest
Tests run: 16, Failures: 0, Errors: 0, Skipped: 0, Time elapsed: 0.007 sec - in joptsimple.ArgumentAcceptingOptionSpecTest
Running joptsimple.ClusterVersusLongOptionWithOptionalArgumentTest
Tests run: 9, Failures: 0, Errors: 0, Skipped: 0, Time elapsed: 0.006 sec - in joptsimple.ClusterVersusLongOptionWithOptionalArgumentTest
Running joptsimple.OptionParserUnrecognizedOptionsAllowedTest
Tests run: 2, Failures: 0, Errors: 0, Skipped: 0, Time elapsed: 0 sec - in joptsimple.OptionParserUnrecognizedOptionsAllowedTest
Running joptsimple.PopulatedOptionSetTest
Tests run: 5, Failures: 0, Errors: 0, Skipped: 0, Time elapsed: 0.001 sec - in joptsimple.PopulatedOptionSetTest
Running joptsimple.OptionParserNewDeclarationTest
Tests run: 16, Failures: 0, Errors: 0, Skipped: 0, Time elapsed: 0.014 sec - in joptsimple.OptionParserNewDeclarationTest
Running joptsimple.Issue76Test
Tests run: 1, Failures: 0, Errors: 0, Skipped: 0, Time elapsed: 0.001 sec - in joptsimple.Issue76Test
Running joptsimple.OptionSetSpecsImmutabilityTest
Tests run: 12, Failures: 0, Errors: 0, Skipped: 0, Time elapsed: 0.004 sec - in joptsimple.OptionSetSpecsImmutabilityTest
Running joptsimple.OptionParserOptionExceptionTest
Tests run: 6, Failures: 0, Errors: 0, Skipped: 0, Time elapsed: 0.001 sec - in joptsimple.OptionParserOptionExceptionTest
Running joptsimple.OptionalArgumentOptionSpecOptionsImmutabilityTest
Tests run: 12, Failures: 0, Errors: 0, Skipped: 0, Time elapsed: 0.005 sec - in joptsimple.OptionalArgumentOptionSpecOptionsImmutabilityTest
Running joptsimple.HelpDisplayForOptionsWithConvertedDefaultValuesTest
Tests run: 1, Failures: 0, Errors: 0, Skipped: 0, Time elapsed: 0.003 sec - in joptsimple.HelpDisplayForOptionsWithConvertedDefaultValuesTest
Running joptsimple.OptionSynonymCommonPrefixesTest
Tests run: 7, Failures: 0, Errors: 0, Skipped: 0, Time elapsed: 0.001 sec - in joptsimple.OptionSynonymCommonPrefixesTest
Running joptsimple.NoArgumentOptionSpecTest
Tests run: 12, Failures: 0, Errors: 0, Skipped: 0, Time elapsed: 0 sec - in joptsimple.NoArgumentOptionSpecTest
Running joptsimple.ShortOptionsRequiredArgumentTest
Tests run: 9, Failures: 0, Errors: 0, Skipped: 0, Time elapsed: 0.007 sec - in joptsimple.ShortOptionsRequiredArgumentTest
Running joptsimple.OptionSetValuesOfOptionStringImmutabilityTest
Tests run: 12, Failures: 0, Errors: 0, Skipped: 0, Time elapsed: 0 sec - in joptsimple.OptionSetValuesOfOptionStringImmutabilityTest
Running joptsimple.ParserRulesUtilityClassTest
Tests run: 1, Failures: 0, Errors: 0, Skipped: 0, Time elapsed: 0 sec - in joptsimple.ParserRulesUtilityClassTest
Running joptsimple.ArgumentAcceptingOptionSpecDefaultValuesImmutabilityTest
Tests run: 12, Failures: 0, Errors: 0, Skipped: 0, Time elapsed: 0 sec - in joptsimple.ArgumentAcceptingOptionSpecDefaultValuesImmutabilityTest
Running joptsimple.OptionSynonymOptionalArgumentTest
Tests run: 4, Failures: 0, Errors: 0, Skipped: 0, Time elapsed: 0 sec - in joptsimple.OptionSynonymOptionalArgumentTest
Running joptsimple.OptionalArgumentOptionSpecValuesImmutabilityTest
Tests run: 12, Failures: 0, Errors: 0, Skipped: 0, Time elapsed: 0 sec - in joptsimple.OptionalArgumentOptionSpecValuesImmutabilityTest
Running joptsimple.ShortOptionsNoArgumentTest
Tests run: 6, Failures: 0, Errors: 0, Skipped: 0, Time elapsed: 0 sec - in joptsimple.ShortOptionsNoArgumentTest
Running joptsimple.OptionSpecBuilderOptionsImmutabilityTest
Tests run: 12, Failures: 0, Errors: 0, Skipped: 0, Time elapsed: 0.001 sec - in joptsimple.OptionSpecBuilderOptionsImmutabilityTest
Running joptsimple.OptionSetNonOptionArgumentsImmutabilityTest
Tests run: 12, Failures: 0, Errors: 0, Skipped: 0, Time elapsed: 0.004 sec - in joptsimple.OptionSetNonOptionArgumentsImmutabilityTest
Running joptsimple.AlternativeLongOptionSpecValuesImmutabilityTest
Tests run: 12, Failures: 0, Errors: 0, Skipped: 0, Time elapsed: 0 sec - in joptsimple.AlternativeLongOptionSpecValuesImmutabilityTest
Running joptsimple.AlternativeLongOptionSpecOptionsImmutabilityTest
Tests run: 12, Failures: 0, Errors: 0, Skipped: 0, Time elapsed: 0 sec - in joptsimple.AlternativeLongOptionSpecOptionsImmutabilityTest
Running joptsimple.ClusterWhereManyOptionsAcceptArgumentsTest
Tests run: 12, Failures: 0, Errors: 0, Skipped: 0, Time elapsed: 0.005 sec - in joptsimple.ClusterWhereManyOptionsAcceptArgumentsTest
Running joptsimple.PunctuationInShortOptionTest
Tests run: 4, Failures: 0, Errors: 0, Skipped: 0, Time elapsed: 0 sec - in joptsimple.PunctuationInShortOptionTest
Running joptsimple.BuiltinHelpFormatterTest
Tests run: 1, Failures: 0, Errors: 0, Skipped: 0, Time elapsed: 0 sec - in joptsimple.BuiltinHelpFormatterTest
Running joptsimple.OptionExceptionLocalizedMessageTest
Tests run: 8, Failures: 0, Errors: 0, Skipped: 0, Time elapsed: 0.006 sec - in joptsimple.OptionExceptionLocalizedMessageTest
Running joptsimple.JVMSystemPropertiesArgumentParsingTest
Tests run: 1, Failures: 0, Errors: 0, Skipped: 0, Time elapsed: 0 sec - in joptsimple.JVMSystemPropertiesArgumentParsingTest
Running joptsimple.RequiredArgumentOptionSpecOptionsImmutabilityTest
Tests run: 12, Failures: 0, Errors: 0, Skipped: 0, Time elapsed: 0 sec - in joptsimple.RequiredArgumentOptionSpecOptionsImmutabilityTest
Running joptsimple.ToStringTest
Tests run: 4, Failures: 0, Errors: 0, Skipped: 0, Time elapsed: 0.007 sec - in joptsimple.ToStringTest
Running joptsimple.PlainOldOptionParserTest
Tests run: 1, Failures: 0, Errors: 0, Skipped: 0, Time elapsed: 0 sec - in joptsimple.PlainOldOptionParserTest
Running joptsimple.OptionParserArgumentExceptionTest
Tests run: 9, Failures: 0, Errors: 0, Skipped: 0, Time elapsed: 0.003 sec - in joptsimple.OptionParserArgumentExceptionTest
Running joptsimple.ClusterVersusLongOptionWithRequiredArgumentTest
Tests run: 9, Failures: 0, Errors: 0, Skipped: 0, Time elapsed: 0.003 sec - in joptsimple.ClusterVersusLongOptionWithRequiredArgumentTest
Running joptsimple.RequiredArgumentOptionSpecEqualsHashCodeTest
Tests run: 11, Failures: 0, Errors: 0, Skipped: 0, Time elapsed: 0.002 sec - in joptsimple.RequiredArgumentOptionSpecEqualsHashCodeTest
Running joptsimple.OptionSetAsMapTest
Tests run: 1, Failures: 0, Errors: 0, Skipped: 0, Time elapsed: 0.001 sec - in joptsimple.OptionSetAsMapTest
Running joptsimple.RequiredIfAnyTest
Tests run: 5, Failures: 0, Errors: 0, Skipped: 0, Time elapsed: 0.011 sec - in joptsimple.RequiredIfAnyTest
Running joptsimple.util.InetAddressConverterTest
Tests run: 2, Failures: 0, Errors: 0, Skipped: 0, Time elapsed: 0.013 sec - in joptsimple.util.InetAddressConverterTest
Running joptsimple.util.KeyValuePairUnequalKeysTest
Tests run: 8, Failures: 0, Errors: 0, Skipped: 0, Time elapsed: 0 sec - in joptsimple.util.KeyValuePairUnequalKeysTest
Running joptsimple.util.KeyValuePairTest
Tests run: 7, Failures: 0, Errors: 0, Skipped: 0, Time elapsed: 0 sec - in joptsimple.util.KeyValuePairTest
Running joptsimple.util.PathPropertiesTest
Tests run: 3, Failures: 0, Errors: 0, Skipped: 0, Time elapsed: 0.019 sec - in joptsimple.util.PathPropertiesTest
Running joptsimple.util.EnumConverterTest
Tests run: 6, Failures: 0, Errors: 0, Skipped: 0, Time elapsed: 0.002 sec - in joptsimple.util.EnumConverterTest
Running joptsimple.util.PathConverterTest
Tests run: 8, Failures: 0, Errors: 0, Skipped: 0, Time elapsed: 0.004 sec - in joptsimple.util.PathConverterTest
Running joptsimple.util.RegexMatcherTest
Tests run: 6, Failures: 0, Errors: 0, Skipped: 0, Time elapsed: 0.001 sec - in joptsimple.util.RegexMatcherTest
Running joptsimple.util.DateConverterTest
Tests run: 11, Failures: 0, Errors: 0, Skipped: 0, Time elapsed: 0.036 sec - in joptsimple.util.DateConverterTest
Running joptsimple.util.KeyValuePairUnequalValuesTest
Tests run: 8, Failures: 0, Errors: 0, Skipped: 0, Time elapsed: 0 sec - in joptsimple.util.KeyValuePairUnequalValuesTest
Running joptsimple.OptionSetSpecsWithNonOptionsTest
Tests run: 1, Failures: 0, Errors: 0, Skipped: 0, Time elapsed: 0 sec - in joptsimple.OptionSetSpecsWithNonOptionsTest
Running joptsimple.RequiredArgumentOptionSpecValuesImmutabilityTest
Tests run: 12, Failures: 0, Errors: 0, Skipped: 0, Time elapsed: 0.001 sec - in joptsimple.RequiredArgumentOptionSpecValuesImmutabilityTest
Running joptsimple.OptionSynonymNoArgumentTest
Tests run: 3, Failures: 0, Errors: 0, Skipped: 0, Time elapsed: 0 sec - in joptsimple.OptionSynonymNoArgumentTest
Running joptsimple.LongOptionOptionalArgumentTest
Tests run: 3, Failures: 0, Errors: 0, Skipped: 0, Time elapsed: 0 sec - in joptsimple.LongOptionOptionalArgumentTest
Running joptsimple.PunctuationInLongOptionTest
Tests run: 6, Failures: 0, Errors: 0, Skipped: 0, Time elapsed: 0 sec - in joptsimple.PunctuationInLongOptionTest
Running joptsimple.OptionExceptionOptionsImmutabilityTest
Tests run: 12, Failures: 0, Errors: 0, Skipped: 0, Time elapsed: 0 sec - in joptsimple.OptionExceptionOptionsImmutabilityTest
Running joptsimple.WAsShortOptionTest
Tests run: 2, Failures: 0, Errors: 0, Skipped: 0, Time elapsed: 0 sec - in joptsimple.WAsShortOptionTest
Running joptsimple.CreateWithOptionSpecificationStringTest
Tests run: 1, Failures: 0, Errors: 0, Skipped: 0, Time elapsed: 0 sec - in joptsimple.CreateWithOptionSpecificationStringTest
Running joptsimple.RequiredUnlessTest
Tests run: 8, Failures: 0, Errors: 0, Skipped: 0, Time elapsed: 0.002 sec - in joptsimple.RequiredUnlessTest
Running joptsimple.InterleavedArgumentsTest
Tests run: 9, Failures: 0, Errors: 0, Skipped: 0, Time elapsed: 0.002 sec - in joptsimple.InterleavedArgumentsTest
Running joptsimple.WExtensionNoArgumentTest
Tests run: 2, Failures: 0, Errors: 0, Skipped: 0, Time elapsed: 0 sec - in joptsimple.WExtensionNoArgumentTest
Running joptsimple.ParsingSeparatedStringOptionValuesTest
Tests run: 6, Failures: 0, Errors: 0, Skipped: 0, Time elapsed: 0.001 sec - in joptsimple.ParsingSeparatedStringOptionValuesTest
Running joptsimple.OptionSetValuesOfSpecImmutabilityTest
Tests run: 12, Failures: 0, Errors: 0, Skipped: 0, Time elapsed: 0.002 sec - in joptsimple.OptionSetValuesOfSpecImmutabilityTest
Running joptsimple.NoArgumentOptionSpecOptionsImmutabilityTest
Tests run: 12, Failures: 0, Errors: 0, Skipped: 0, Time elapsed: 0.002 sec - in joptsimple.NoArgumentOptionSpecOptionsImmutabilityTest
Running joptsimple.OptionExceptionMessageTest
Tests run: 27, Failures: 0, Errors: 0, Skipped: 0, Time elapsed: 0.009 sec - in joptsimple.OptionExceptionMessageTest
Running joptsimple.LongOptionRequiredArgumentTest
Tests run: 6, Failures: 0, Errors: 0, Skipped: 0, Time elapsed: 0.001 sec - in joptsimple.LongOptionRequiredArgumentTest
Running joptsimple.examples.MultipleDelimitedArgumentsTest
Tests run: 1, Failures: 0, Errors: 0, Skipped: 0, Time elapsed: 0 sec - in joptsimple.examples.MultipleDelimitedArgumentsTest
Running joptsimple.examples.LongOptionsTest
Tests run: 1, Failures: 0, Errors: 0, Skipped: 0, Time elapsed: 0 sec - in joptsimple.examples.LongOptionsTest
Running joptsimple.examples.ShortOptionsWithArgumentsTest
Tests run: 1, Failures: 0, Errors: 0, Skipped: 0, Time elapsed: 0.005 sec - in joptsimple.examples.ShortOptionsWithArgumentsTest
Running joptsimple.examples.SignallingEndOfOptionsTest
Tests run: 1, Failures: 0, Errors: 0, Skipped: 0, Time elapsed: 0 sec - in joptsimple.examples.SignallingEndOfOptionsTest
Running joptsimple.examples.AlternativeLongOptionsTest
Tests run: 1, Failures: 0, Errors: 0, Skipped: 0, Time elapsed: 0 sec - in joptsimple.examples.AlternativeLongOptionsTest
Running joptsimple.examples.OptionArgumentConverterTest
Tests run: 1, Failures: 0, Errors: 0, Skipped: 0, Time elapsed: 0 sec - in joptsimple.examples.OptionArgumentConverterTest
Running joptsimple.examples.OptionSynonymTest
Tests run: 1, Failures: 0, Errors: 0, Skipped: 0, Time elapsed: 0 sec - in joptsimple.examples.OptionSynonymTest
Running joptsimple.examples.ShortOptionsClusteringTest
Tests run: 1, Failures: 0, Errors: 0, Skipped: 0, Time elapsed: 0 sec - in joptsimple.examples.ShortOptionsClusteringTest
Running joptsimple.examples.SpecialOptionalArgumentHandlingTest
Tests run: 1, Failures: 0, Errors: 0, Skipped: 0, Time elapsed: 0 sec - in joptsimple.examples.SpecialOptionalArgumentHandlingTest
Running joptsimple.examples.PosixlyCorrectTest
Tests run: 1, Failures: 0, Errors: 0, Skipped: 0, Time elapsed: 0 sec - in joptsimple.examples.PosixlyCorrectTest
Running joptsimple.examples.LongOptionsWithArgumentPositioningTest
Tests run: 1, Failures: 0, Errors: 0, Skipped: 0, Time elapsed: 0 sec - in joptsimple.examples.LongOptionsWithArgumentPositioningTest
Running joptsimple.examples.ExportOptionsTest
Tests run: 1, Failures: 0, Errors: 0, Skipped: 0, Time elapsed: 0 sec - in joptsimple.examples.ExportOptionsTest
Running joptsimple.examples.ShortOptionsWithArgumentPositioningTest
Tests run: 1, Failures: 0, Errors: 0, Skipped: 0, Time elapsed: 0 sec - in joptsimple.examples.ShortOptionsWithArgumentPositioningTest
Running joptsimple.examples.UnrecognizedOptionsAllowedTest
Tests run: 1, Failures: 0, Errors: 0, Skipped: 0, Time elapsed: 0 sec - in joptsimple.examples.UnrecognizedOptionsAllowedTest
Running joptsimple.examples.LongOptionsWithArgumentsTest
Tests run: 2, Failures: 0, Errors: 0, Skipped: 0, Time elapsed: 0.002 sec - in joptsimple.examples.LongOptionsWithArgumentsTest
Running joptsimple.examples.ShortOptionsClusteringWithArgumentTest
Tests run: 1, Failures: 0, Errors: 0, Skipped: 0, Time elapsed: 0 sec - in joptsimple.examples.ShortOptionsClusteringWithArgumentTest
Running joptsimple.examples.ShortOptionsTest
Tests run: 1, Failures: 0, Errors: 0, Skipped: 0, Time elapsed: 0 sec - in joptsimple.examples.ShortOptionsTest
Running joptsimple.examples.OptionArgumentValueTypeTest
Tests run: 1, Failures: 0, Errors: 0, Skipped: 0, Time elapsed: 0.001 sec - in joptsimple.examples.OptionArgumentValueTypeTest
Running joptsimple.examples.TypesafeOptionArgumentRetrievalTest
Tests run: 1, Failures: 0, Errors: 0, Skipped: 0, Time elapsed: 0 sec - in joptsimple.examples.TypesafeOptionArgumentRetrievalTest
Running joptsimple.examples.DefaultValuesForOptionArgumentsTest
Tests run: 1, Failures: 0, Errors: 0, Skipped: 0, Time elapsed: 0.001 sec - in joptsimple.examples.DefaultValuesForOptionArgumentsTest
Running joptsimple.examples.RequiredOptionsTest
Tests run: 3, Failures: 0, Errors: 0, Skipped: 0, Time elapsed: 0 sec - in joptsimple.examples.RequiredOptionsTest
Running joptsimple.examples.ShortOptionsWithMultipleArgumentsForSingleOptionTest
Tests run: 1, Failures: 0, Errors: 0, Skipped: 0, Time elapsed: 0 sec - in joptsimple.examples.ShortOptionsWithMultipleArgumentsForSingleOptionTest
Running joptsimple.NoArgumentOptionSpecValuesImmutabilityTest
Tests run: 12, Failures: 0, Errors: 0, Skipped: 0, Time elapsed: 0 sec - in joptsimple.NoArgumentOptionSpecValuesImmutabilityTest
Running joptsimple.ConfigurableOptionParserHelpTest
Tests run: 27, Failures: 0, Errors: 0, Skipped: 0, Time elapsed: 0.014 sec - in joptsimple.ConfigurableOptionParserHelpTest
Running joptsimple.SingleHyphenTest
Tests run: 3, Failures: 0, Errors: 0, Skipped: 0, Time elapsed: 0 sec - in joptsimple.SingleHyphenTest
Running joptsimple.OptionSpecBuilderValuesImmutabilityTest
Tests run: 12, Failures: 0, Errors: 0, Skipped: 0, Time elapsed: 0.004 sec - in joptsimple.OptionSpecBuilderValuesImmutabilityTest
Running joptsimple.OptionParserTest
Tests run: 22, Failures: 0, Errors: 0, Skipped: 0, Time elapsed: 0.005 sec - in joptsimple.OptionParserTest
Running joptsimple.AvailableIfAnyTest
Tests run: 5, Failures: 0, Errors: 0, Skipped: 0, Time elapsed: 0.002 sec - in joptsimple.AvailableIfAnyTest
Running joptsimple.OptionParserRecognizedOptionsTest
Tests run: 2, Failures: 0, Errors: 0, Skipped: 0, Time elapsed: 0 sec - in joptsimple.OptionParserRecognizedOptionsTest
Running joptsimple.WExtensionWithArgumentTest
Tests run: 7, Failures: 0, Errors: 0, Skipped: 0, Time elapsed: 0 sec - in joptsimple.WExtensionWithArgumentTest
Running joptsimple.ParsingSeparatedConvertedOptionValuesTest
Tests run: 4, Failures: 0, Errors: 0, Skipped: 0, Time elapsed: 0 sec - in joptsimple.ParsingSeparatedConvertedOptionValuesTest
Running joptsimple.ArgumentListTest
Tests run: 2, Failures: 0, Errors: 0, Skipped: 0, Time elapsed: 0 sec - in joptsimple.ArgumentListTest
Running joptsimple.AvailableIfUnlessTest
Tests run: 11, Failures: 0, Errors: 0, Skipped: 0, Time elapsed: 0.023 sec - in joptsimple.AvailableIfUnlessTest
Running joptsimple.RequiredUnlessAnyTest
Tests run: 4, Failures: 0, Errors: 0, Skipped: 0, Time elapsed: 0.001 sec - in joptsimple.RequiredUnlessAnyTest
Running joptsimple.WAsAbbreviationForLongOptionTest
Tests run: 2, Failures: 0, Errors: 0, Skipped: 0, Time elapsed: 0.001 sec - in joptsimple.WAsAbbreviationForLongOptionTest
Running joptsimple.NonOptionArgumentSpecTest
Tests run: 9, Failures: 0, Errors: 0, Skipped: 0, Time elapsed: 0 sec - in joptsimple.NonOptionArgumentSpecTest
Running joptsimple.OptionSynonymOverwritingTest
Tests run: 1, Failures: 0, Errors: 0, Skipped: 0, Time elapsed: 0 sec - in joptsimple.OptionSynonymOverwritingTest
Running joptsimple.OptionSpecsReportTheirOptionsSortedSpeciallyTest
Tests run: 1, Failures: 0, Errors: 0, Skipped: 0, Time elapsed: 0 sec - in joptsimple.OptionSpecsReportTheirOptionsSortedSpeciallyTest
Running joptsimple.HandlingDefaultValuesForOptionArgumentsTest
Tests run: 9, Failures: 0, Errors: 0, Skipped: 0, Time elapsed: 0 sec - in joptsimple.HandlingDefaultValuesForOptionArgumentsTest
Running joptsimple.internal.ReflectionUtilityClassTest
Tests run: 1, Failures: 0, Errors: 0, Skipped: 0, Time elapsed: 0 sec - in joptsimple.internal.ReflectionUtilityClassTest
Running joptsimple.internal.StringsUtilityClassTest
Tests run: 1, Failures: 0, Errors: 0, Skipped: 0, Time elapsed: 0 sec - in joptsimple.internal.StringsUtilityClassTest
Running joptsimple.internal.MessagesUtilityClassTest
Tests run: 1, Failures: 0, Errors: 0, Skipped: 0, Time elapsed: 0 sec - in joptsimple.internal.MessagesUtilityClassTest
Running joptsimple.internal.SimpleOptionNameMapTest
Tests run: 5, Failures: 0, Errors: 0, Skipped: 0, Time elapsed: 0 sec - in joptsimple.internal.SimpleOptionNameMapTest
Running joptsimple.internal.AbbreviationMapToJavaUtilMapTest
Tests run: 12, Failures: 0, Errors: 0, Skipped: 0, Time elapsed: 0.001 sec - in joptsimple.internal.AbbreviationMapToJavaUtilMapTest
Running joptsimple.internal.ReflectionTest
Tests run: 6, Failures: 0, Errors: 0, Skipped: 0, Time elapsed: 0.002 sec - in joptsimple.internal.ReflectionTest
Running joptsimple.internal.RowEqualsHashCodeTest
Tests run: 9, Failures: 0, Errors: 0, Skipped: 0, Time elapsed: 0.001 sec - in joptsimple.internal.RowEqualsHashCodeTest
Running joptsimple.internal.ClassesUtilityClassTest
Tests run: 1, Failures: 0, Errors: 0, Skipped: 0, Time elapsed: 0 sec - in joptsimple.internal.ClassesUtilityClassTest
Running joptsimple.internal.AbbreviationMapTest
Tests run: 22, Failures: 0, Errors: 0, Skipped: 0, Time elapsed: 0.001 sec - in joptsimple.internal.AbbreviationMapTest
Running joptsimple.internal.RowsTest
Tests run: 3, Failures: 0, Errors: 0, Skipped: 0, Time elapsed: 0 sec - in joptsimple.internal.RowsTest
Running joptsimple.AvailableUnlessAnyTest
Tests run: 5, Failures: 0, Errors: 0, Skipped: 0, Time elapsed: 0 sec - in joptsimple.AvailableUnlessAnyTest
Running joptsimple.OptionParserAlternateHelpFormatterTest
Tests run: 2, Failures: 0, Errors: 0, Skipped: 0, Time elapsed: 0 sec - in joptsimple.OptionParserAlternateHelpFormatterTest
Running joptsimple.TypesafeOptionArgumentRetrievalTest
Tests run: 22, Failures: 0, Errors: 0, Skipped: 0, Time elapsed: 0.005 sec - in joptsimple.TypesafeOptionArgumentRetrievalTest
Running joptsimple.OptionSynonymRequiredArgumentTest
Tests run: 4, Failures: 0, Errors: 0, Skipped: 0, Time elapsed: 0.006 sec - in joptsimple.OptionSynonymRequiredArgumentTest
Running joptsimple.RequiredIfTest
Tests run: 8, Failures: 0, Errors: 0, Skipped: 0, Time elapsed: 0.002 sec - in joptsimple.RequiredIfTest
Running joptsimple.EmptyOptionSetTest
Tests run: 11, Failures: 0, Errors: 0, Skipped: 0, Time elapsed: 0.032 sec - in joptsimple.EmptyOptionSetTest
Running joptsimple.ValueConverterAdmitsSubclassesOfValueTypeTest
Tests run: 1, Failures: 0, Errors: 0, Skipped: 0, Time elapsed: 0 sec - in joptsimple.ValueConverterAdmitsSubclassesOfValueTypeTest

Results :

Tests run: 838, Failures: 0, Errors: 0, Skipped: 0

[INFO] 
[INFO] --- jacoco-maven-plugin:0.8.5:report (report) @ jopt-simple ---
[INFO] Loading execution data file /tmp/tmpr7wjuhku/jopt-simple/target/jacoco.exec
[INFO] Analyzed bundle 'JOpt Simple' with 310 classes
[INFO] ------------------------------------------------------------------------
[INFO] BUILD SUCCESS
[INFO] ------------------------------------------------------------------------
[INFO] Total time:  25.073 s
[INFO] Finished at: 2020-07-30T20:24:29Z
[INFO] ------------------------------------------------------------------------
