[INFO] Error stacktraces are turned on.
[INFO] Scanning for projects...
[WARNING] 
[WARNING] Some problems were encountered while building the effective model for net.lingala.zip4j:zip4j:jar:2.5.3-SNAPSHOT
[WARNING] 'build.plugins.plugin.version' for org.apache.felix:maven-bundle-plugin is missing. @ line 145, column 15
[WARNING] 
[WARNING] It is highly recommended to fix these problems because they threaten the stability of your build.
[WARNING] 
[WARNING] For this reason, future Maven versions might no longer support building such malformed projects.
[WARNING] 
[INFO] Inspecting build with total of 1 modules...
[INFO] Installing Nexus Staging features:
[INFO]   ... total of 1 executions of maven-deploy-plugin replaced with nexus-staging-maven-plugin
[INFO] 
[INFO] ----------------------< net.lingala.zip4j:zip4j >-----------------------
[INFO] Building Zip4j 2.5.3-SNAPSHOT
[INFO] --------------------------------[ jar ]---------------------------------
[INFO] 
[INFO] --- maven-resources-plugin:2.6:resources (default-resources) @ zip4j ---
[INFO] Using 'UTF-8' encoding to copy filtered resources.
[INFO] skip non existing resourceDirectory /tmp/tmpe31k3f84/zip4j/src/main/resources
[INFO] 
[INFO] --- maven-compiler-plugin:3.1:compile (default-compile) @ zip4j ---
[INFO] Changes detected - recompiling the module!
[INFO] Compiling 90 source files to /tmp/tmpe31k3f84/zip4j/target/classes
[INFO] 
[INFO] --- maven-resources-plugin:2.6:testResources (default-testResources) @ zip4j ---
[INFO] Using 'UTF-8' encoding to copy filtered resources.
[INFO] Copying 22 resources
[INFO] 
[INFO] --- maven-compiler-plugin:3.1:testCompile (default-testCompile) @ zip4j ---
[INFO] Changes detected - recompiling the module!
[INFO] Compiling 34 source files to /tmp/tmpe31k3f84/zip4j/target/test-classes
[WARNING] /tmp/tmpe31k3f84/zip4j/src/test/java/net/lingala/zip4j/util/FileUtilsTestLinuxAndMac.java: /tmp/tmpe31k3f84/zip4j/src/test/java/net/lingala/zip4j/util/FileUtilsTestLinuxAndMac.java uses unchecked or unsafe operations.
[WARNING] /tmp/tmpe31k3f84/zip4j/src/test/java/net/lingala/zip4j/util/FileUtilsTestLinuxAndMac.java: Recompile with -Xlint:unchecked for details.
[INFO] 
[INFO] --- maven-surefire-plugin:2.12.4:test (default-test) @ zip4j ---
[INFO] Surefire report directory: /tmp/tmpe31k3f84/zip4j/target/surefire-reports

-------------------------------------------------------
 T E S T S
-------------------------------------------------------
Running net.lingala.zip4j.model.enums.CompressionMethodTest
Tests run: 2, Failures: 0, Errors: 0, Skipped: 0, Time elapsed: 0.139 sec
Running net.lingala.zip4j.exception.ZipExceptionTest
Tests run: 4, Failures: 0, Errors: 0, Skipped: 0, Time elapsed: 0.05 sec
Running net.lingala.zip4j.headers.FileHeaderFactoryTest
Tests run: 20, Failures: 0, Errors: 0, Skipped: 0, Time elapsed: 0.089 sec
Running net.lingala.zip4j.headers.HeaderUtilTest
Tests run: 24, Failures: 0, Errors: 0, Skipped: 0, Time elapsed: 0.067 sec
Running net.lingala.zip4j.util.FileUtilsTest
Tests run: 48, Failures: 0, Errors: 0, Skipped: 0, Time elapsed: 1.434 sec
Running net.lingala.zip4j.util.Zip4jUtilTest
Tests run: 28, Failures: 0, Errors: 0, Skipped: 0, Time elapsed: 0.035 sec
Running net.lingala.zip4j.util.BitUtilsTest
Tests run: 3, Failures: 0, Errors: 0, Skipped: 0, Time elapsed: 0 sec
Running net.lingala.zip4j.crypto.PBKDF2.BinToolsTest
Tests run: 7, Failures: 0, Errors: 0, Skipped: 0, Time elapsed: 0.007 sec
Running net.lingala.zip4j.ZipFileTest
Tests run: 64, Failures: 0, Errors: 0, Skipped: 0, Time elapsed: 0.063 sec

Results :

Tests run: 200, Failures: 0, Errors: 0, Skipped: 0

[INFO] 
[INFO] --- maven-jar-plugin:2.4:jar (default-jar) @ zip4j ---
[INFO] Building jar: /tmp/tmpe31k3f84/zip4j/target/zip4j-2.5.3-SNAPSHOT.jar
[INFO] 
[INFO] --- maven-bundle-plugin:5.1.1:bundle (bundle-manifest) @ zip4j ---
[INFO] 
[INFO] --- maven-assembly-plugin:3.2.0:single (default) @ zip4j ---
[INFO] Building jar: /tmp/tmpe31k3f84/zip4j/target/zip4j-2.5.3-SNAPSHOT-jar-with-dependencies.jar
[INFO] ------------------------------------------------------------------------
[INFO] BUILD SUCCESS
[INFO] ------------------------------------------------------------------------
[INFO] Total time:  20.226 s
[INFO] Finished at: 2020-07-30T15:31:53Z
[INFO] ------------------------------------------------------------------------
