[INFO] Error stacktraces are turned on.
[INFO] Scanning for projects...
[INFO] Inspecting build with total of 1 modules...
[INFO] Installing Nexus Staging features:
[INFO]   ... total of 1 executions of maven-deploy-plugin replaced with nexus-staging-maven-plugin
[INFO] 
[INFO] -----------------< com.github.davidcarboni:restolino >------------------
[INFO] Building Restolino 0.1.17-SNAPSHOT
[INFO] --------------------------------[ jar ]---------------------------------
[INFO] 
[INFO] --- jacoco-maven-plugin:0.8.5:prepare-agent (default) @ restolino ---
[INFO] argLine set to -javaagent:/home/jdbl/.m2/repository/org/jacoco/org.jacoco.agent/0.8.5/org.jacoco.agent-0.8.5-runtime.jar=destfile=/tmp/tmpgphbqckn/restolino/target/jacoco.exec
[INFO] 
[INFO] --- maven-resources-plugin:2.6:resources (default-resources) @ restolino ---
[INFO] Using 'UTF-8' encoding to copy filtered resources.
[INFO] Copying 2 resources
[INFO] 
[INFO] --- maven-compiler-plugin:3.8.0:compile (default-compile) @ restolino ---
[INFO] Changes detected - recompiling the module!
[INFO] Compiling 33 source files to /tmp/tmpgphbqckn/restolino/target/classes
[INFO] 
[INFO] --- maven-resources-plugin:2.6:testResources (default-testResources) @ restolino ---
[INFO] Using 'UTF-8' encoding to copy filtered resources.
[INFO] skip non existing resourceDirectory /tmp/tmpgphbqckn/restolino/src/test/resources
[INFO] 
[INFO] --- maven-compiler-plugin:3.8.0:testCompile (default-testCompile) @ restolino ---
[INFO] Changes detected - recompiling the module!
[INFO] Compiling 5 source files to /tmp/tmpgphbqckn/restolino/target/test-classes
[INFO] 
[INFO] --- maven-surefire-plugin:2.19.1:test (default-test) @ restolino ---
[INFO] Surefire report directory: /tmp/tmpgphbqckn/restolino/target/surefire-reports

-------------------------------------------------------
 T E S T S
-------------------------------------------------------
Running com.github.davidcarboni.restolino.json.SerialiserTest
Tests run: 1, Failures: 0, Errors: 0, Skipped: 0, Time elapsed: 22.092 sec - in com.github.davidcarboni.restolino.json.SerialiserTest
Running com.github.davidcarboni.restolino.helpers.PathTest
Tests run: 4, Failures: 0, Errors: 0, Skipped: 0, Time elapsed: 0.307 sec - in com.github.davidcarboni.restolino.helpers.PathTest
Running com.github.davidcarboni.restolino.helpers.URLTest
Tests run: 2, Failures: 0, Errors: 0, Skipped: 0, Time elapsed: 0.003 sec - in com.github.davidcarboni.restolino.helpers.URLTest
Running com.github.davidcarboni.restolino.helpers.QueryStringTest
Tests run: 6, Failures: 0, Errors: 0, Skipped: 0, Time elapsed: 0.027 sec - in com.github.davidcarboni.restolino.helpers.QueryStringTest
Running com.github.davidcarboni.restolino.helpers.ParameterTest
Tests run: 8, Failures: 0, Errors: 0, Skipped: 0, Time elapsed: 0.022 sec - in com.github.davidcarboni.restolino.helpers.ParameterTest

Results :

Tests run: 21, Failures: 0, Errors: 0, Skipped: 0

[INFO] 
[INFO] --- jacoco-maven-plugin:0.8.5:report (report) @ restolino ---
[INFO] Loading execution data file /tmp/tmpgphbqckn/restolino/target/jacoco.exec
[INFO] Analyzed bundle 'Restolino' with 2532 classes
[INFO] ------------------------------------------------------------------------
[INFO] BUILD SUCCESS
[INFO] ------------------------------------------------------------------------
[INFO] Total time:  45.602 s
[INFO] Finished at: 2020-07-30T20:42:26Z
[INFO] ------------------------------------------------------------------------
