[INFO] Error stacktraces are turned on.
[INFO] Scanning for projects...
[INFO] 
[INFO] ---------------------< edu.illinois.cs:idflakies >----------------------
[INFO] Building iDFlakies 1.0.2-SNAPSHOT
[INFO] --------------------------------[ jar ]---------------------------------
[INFO] 
[INFO] --- jacoco-maven-plugin:0.8.5:prepare-agent (default) @ idflakies ---
[INFO] argLine set to -javaagent:/home/jdbl/.m2/repository/org/jacoco/org.jacoco.agent/0.8.5/org.jacoco.agent-0.8.5-runtime.jar=destfile=/tmp/tmpltl7cgkh/iDFlakies/target/jacoco.exec
[INFO] 
[INFO] --- maven-resources-plugin:2.6:resources (default-resources) @ idflakies ---
[INFO] Using 'UTF-8' encoding to copy filtered resources.
[INFO] skip non existing resourceDirectory /tmp/tmpltl7cgkh/iDFlakies/src/main/resources
[INFO] 
[INFO] --- maven-compiler-plugin:3.7.0:compile (default-compile) @ idflakies ---
[INFO] Changes detected - recompiling the module!
[INFO] Compiling 52 source files to /tmp/tmpltl7cgkh/iDFlakies/target/classes
[INFO] /tmp/tmpltl7cgkh/iDFlakies/src/main/java/edu/illinois/cs/dt/tools/runner/data/TestResult.java: /tmp/tmpltl7cgkh/iDFlakies/src/main/java/edu/illinois/cs/dt/tools/runner/data/TestResult.java uses unchecked or unsafe operations.
[INFO] /tmp/tmpltl7cgkh/iDFlakies/src/main/java/edu/illinois/cs/dt/tools/runner/data/TestResult.java: Recompile with -Xlint:unchecked for details.
[INFO] 
[INFO] --- maven-resources-plugin:2.6:testResources (default-testResources) @ idflakies ---
[INFO] Using 'UTF-8' encoding to copy filtered resources.
[INFO] skip non existing resourceDirectory /tmp/tmpltl7cgkh/iDFlakies/src/test/resources
[INFO] 
[INFO] --- maven-compiler-plugin:3.7.0:testCompile (default-testCompile) @ idflakies ---
[INFO] Changes detected - recompiling the module!
[INFO] Compiling 5 source files to /tmp/tmpltl7cgkh/iDFlakies/target/test-classes
[INFO] 
[INFO] --- maven-surefire-plugin:2.19.1:test (default-test) @ idflakies ---
[INFO] Surefire report directory: /tmp/tmpltl7cgkh/iDFlakies/target/surefire-reports

-------------------------------------------------------
 T E S T S
-------------------------------------------------------
Running com.fake.example.test.TestPollutionDetection
Tests run: 1, Failures: 0, Errors: 0, Skipped: 1, Time elapsed: 0.001 sec - in com.fake.example.test.TestPollutionDetection

Results :

Tests run: 1, Failures: 0, Errors: 0, Skipped: 1

[INFO] 
[INFO] --- jacoco-maven-plugin:0.8.5:report (report) @ idflakies ---
[INFO] Loading execution data file /tmp/tmpltl7cgkh/iDFlakies/target/jacoco.exec
[INFO] Analyzed bundle 'iDFlakies' with 142 classes
[INFO] ------------------------------------------------------------------------
[INFO] BUILD SUCCESS
[INFO] ------------------------------------------------------------------------
[INFO] Total time:  8.536 s
[INFO] Finished at: 2020-07-30T18:47:40Z
[INFO] ------------------------------------------------------------------------
