[INFO] Error stacktraces are turned on.
[INFO] Scanning for projects...
[INFO] 
[INFO] ---------------------< me.tomassetti:BlogService >----------------------
[INFO] Building BlogService 1.0-SNAPSHOT
[INFO] --------------------------------[ jar ]---------------------------------
[INFO] 
[INFO] --- jacoco-maven-plugin:0.8.5:prepare-agent (default) @ BlogService ---
[INFO] argLine set to -javaagent:/home/jdbl/.m2/repository/org/jacoco/org.jacoco.agent/0.8.5/org.jacoco.agent-0.8.5-runtime.jar=destfile=/tmp/tmpy110ulnu/BlogService_SparkExample/target/jacoco.exec
[INFO] 
[INFO] --- maven-resources-plugin:2.6:resources (default-resources) @ BlogService ---
[INFO] Using 'UTF-8' encoding to copy filtered resources.
[INFO] Copying 1 resource
[INFO] 
[INFO] --- maven-compiler-plugin:3.2:compile (default-compile) @ BlogService ---
[INFO] Changes detected - recompiling the module!
[INFO] Compiling 23 source files to /tmp/tmpy110ulnu/BlogService_SparkExample/target/classes
[INFO] 
[INFO] --- maven-resources-plugin:2.6:testResources (default-testResources) @ BlogService ---
[INFO] Using 'UTF-8' encoding to copy filtered resources.
[INFO] skip non existing resourceDirectory /tmp/tmpy110ulnu/BlogService_SparkExample/src/test/resources
[INFO] 
[INFO] --- maven-compiler-plugin:3.2:testCompile (default-testCompile) @ BlogService ---
[INFO] Changes detected - recompiling the module!
[INFO] Compiling 2 source files to /tmp/tmpy110ulnu/BlogService_SparkExample/target/test-classes
[INFO] 
[INFO] --- maven-surefire-plugin:2.19.1:test (default-test) @ BlogService ---
[INFO] Surefire report directory: /tmp/tmpy110ulnu/BlogService_SparkExample/target/surefire-reports

-------------------------------------------------------
 T E S T S
-------------------------------------------------------
Running me.tomassetti.handlers.PostsCreateHandlerTest
Tests run: 2, Failures: 0, Errors: 0, Skipped: 0, Time elapsed: 0.124 sec - in me.tomassetti.handlers.PostsCreateHandlerTest
Running me.tomassetti.handlers.PostsIndexHandlerTest
Tests run: 4, Failures: 0, Errors: 0, Skipped: 0, Time elapsed: 0.419 sec - in me.tomassetti.handlers.PostsIndexHandlerTest

Results :

Tests run: 6, Failures: 0, Errors: 0, Skipped: 0

[INFO] 
[INFO] --- jacoco-maven-plugin:0.8.5:report (report) @ BlogService ---
[INFO] Loading execution data file /tmp/tmpy110ulnu/BlogService_SparkExample/target/jacoco.exec
[INFO] Analyzed bundle 'BlogService' with 879 classes
[INFO] ------------------------------------------------------------------------
[INFO] BUILD SUCCESS
[INFO] ------------------------------------------------------------------------
[INFO] Total time:  13.573 s
[INFO] Finished at: 2020-07-31T08:47:17Z
[INFO] ------------------------------------------------------------------------
