[INFO] Error stacktraces are turned on.
[INFO] Scanning for projects...
[WARNING] 
[WARNING] Some problems were encountered while building the effective model for org.spdx:spdx-tools:jar:2.2.2-SNAPSHOT
[WARNING] 'build.plugins.plugin.version' for org.apache.maven.plugins:maven-shade-plugin is missing. @ line 386, column 15
[WARNING] 
[WARNING] It is highly recommended to fix these problems because they threaten the stability of your build.
[WARNING] 
[WARNING] For this reason, future Maven versions might no longer support building such malformed projects.
[WARNING] 
[INFO] 
[INFO] ------------------------< org.spdx:spdx-tools >-------------------------
[INFO] Building SPDX tools 2.2.2-SNAPSHOT
[INFO] --------------------------------[ jar ]---------------------------------
[INFO] 
[INFO] --- jacoco-maven-plugin:0.8.5:prepare-agent (default) @ spdx-tools ---
[INFO] argLine set to -javaagent:/home/jdbl/.m2/repository/org/jacoco/org.jacoco.agent/0.8.5/org.jacoco.agent-0.8.5-runtime.jar=destfile=/tmp/tmpfr9porol/tools/target/jacoco.exec
[INFO] 
[INFO] --- maven-resources-plugin:2.6:resources (default-resources) @ spdx-tools ---
[INFO] Using 'UTF-8' encoding to copy filtered resources.
[INFO] Copying 459 resources to resources
[INFO] Copying 4 resources to META-INF
[INFO] Copying 7 resources
[INFO] 
[INFO] --- maven-compiler-plugin:3.6.1:compile (default-compile) @ spdx-tools ---
[INFO] Changes detected - recompiling the module!
[INFO] Compiling 212 source files to /tmp/tmpfr9porol/tools/target/classes
[WARNING] /tmp/tmpfr9porol/tools/src/org/spdx/html/AbstractJsonFile.java:[11,23] org.json.simple.JSONObject in org.json.simple has been deprecated
[WARNING] /tmp/tmpfr9porol/tools/src/org/spdx/html/LicenseJSONFile.java:[19,23] org.json.simple.JSONArray in org.json.simple has been deprecated
[WARNING] /tmp/tmpfr9porol/tools/src/org/spdx/html/LicenseJSONFile.java:[20,23] org.json.simple.JSONObject in org.json.simple has been deprecated
[WARNING] /tmp/tmpfr9porol/tools/src/org/spdx/html/LicenseExceptionJSONFile.java:[20,23] org.json.simple.JSONArray in org.json.simple has been deprecated
[WARNING] /tmp/tmpfr9porol/tools/src/org/spdx/html/LicenseExceptionJSONFile.java:[21,23] org.json.simple.JSONObject in org.json.simple has been deprecated
[WARNING] /tmp/tmpfr9porol/tools/src/org/spdx/html/ExceptionTOCJSONFile.java:[21,23] org.json.simple.JSONArray in org.json.simple has been deprecated
[WARNING] /tmp/tmpfr9porol/tools/src/org/spdx/html/ExceptionTOCJSONFile.java:[22,23] org.json.simple.JSONObject in org.json.simple has been deprecated
[WARNING] /tmp/tmpfr9porol/tools/src/org/spdx/html/LicenseTOCJSONFile.java:[23,23] org.json.simple.JSONArray in org.json.simple has been deprecated
[WARNING] /tmp/tmpfr9porol/tools/src/org/spdx/html/LicenseTOCJSONFile.java:[24,23] org.json.simple.JSONObject in org.json.simple has been deprecated
[WARNING] /tmp/tmpfr9porol/tools/src/org/spdx/tag/CommonCode.java:[42,26] org.spdx.rdfparser.DOAPProject in org.spdx.rdfparser has been deprecated
[WARNING] /tmp/tmpfr9porol/tools/src/org/spdx/tag/BuildLegacyDocument.java:[30,26] org.spdx.rdfparser.DOAPProject in org.spdx.rdfparser has been deprecated
[WARNING] /tmp/tmpfr9porol/tools/src/org/spdx/tag/BuildLegacyDocument.java:[33,26] org.spdx.rdfparser.SPDXDocument in org.spdx.rdfparser has been deprecated
[WARNING] /tmp/tmpfr9porol/tools/src/org/spdx/tag/BuildLegacyDocument.java:[34,26] org.spdx.rdfparser.SPDXDocument in org.spdx.rdfparser has been deprecated
[WARNING] /tmp/tmpfr9porol/tools/src/org/spdx/tag/BuildLegacyDocument.java:[34,26] org.spdx.rdfparser.SPDXDocument in org.spdx.rdfparser has been deprecated
[WARNING] /tmp/tmpfr9porol/tools/src/org/spdx/tag/BuildLegacyDocument.java:[34,39] org.spdx.rdfparser.SPDXDocument.SPDXPackage in org.spdx.rdfparser.SPDXDocument has been deprecated
[WARNING] /tmp/tmpfr9porol/tools/src/org/spdx/tag/BuildLegacyDocument.java:[35,26] org.spdx.rdfparser.SPDXFile in org.spdx.rdfparser has been deprecated
[WARNING] /tmp/tmpfr9porol/tools/src/org/spdx/html/AbstractJsonFile.java:[11,23] org.json.simple.JSONObject in org.json.simple has been deprecated
[WARNING] /tmp/tmpfr9porol/tools/src/org/spdx/html/LicenseJSONFile.java:[19,23] org.json.simple.JSONArray in org.json.simple has been deprecated
[WARNING] /tmp/tmpfr9porol/tools/src/org/spdx/html/LicenseJSONFile.java:[20,23] org.json.simple.JSONObject in org.json.simple has been deprecated
[WARNING] /tmp/tmpfr9porol/tools/src/org/spdx/html/LicenseExceptionJSONFile.java:[20,23] org.json.simple.JSONArray in org.json.simple has been deprecated
[WARNING] /tmp/tmpfr9porol/tools/src/org/spdx/html/LicenseExceptionJSONFile.java:[21,23] org.json.simple.JSONObject in org.json.simple has been deprecated
[WARNING] /tmp/tmpfr9porol/tools/src/org/spdx/html/ExceptionTOCJSONFile.java:[21,23] org.json.simple.JSONArray in org.json.simple has been deprecated
[WARNING] /tmp/tmpfr9porol/tools/src/org/spdx/html/ExceptionTOCJSONFile.java:[22,23] org.json.simple.JSONObject in org.json.simple has been deprecated
[WARNING] /tmp/tmpfr9porol/tools/src/org/spdx/html/LicenseTOCJSONFile.java:[23,23] org.json.simple.JSONArray in org.json.simple has been deprecated
[WARNING] /tmp/tmpfr9porol/tools/src/org/spdx/html/LicenseTOCJSONFile.java:[24,23] org.json.simple.JSONObject in org.json.simple has been deprecated
[WARNING] /tmp/tmpfr9porol/tools/src/org/spdx/tag/CommonCode.java:[42,26] org.spdx.rdfparser.DOAPProject in org.spdx.rdfparser has been deprecated
[WARNING] /tmp/tmpfr9porol/tools/src/org/spdx/tag/BuildLegacyDocument.java:[30,26] org.spdx.rdfparser.DOAPProject in org.spdx.rdfparser has been deprecated
[WARNING] /tmp/tmpfr9porol/tools/src/org/spdx/tag/BuildLegacyDocument.java:[33,26] org.spdx.rdfparser.SPDXDocument in org.spdx.rdfparser has been deprecated
[WARNING] /tmp/tmpfr9porol/tools/src/org/spdx/tag/BuildLegacyDocument.java:[34,26] org.spdx.rdfparser.SPDXDocument in org.spdx.rdfparser has been deprecated
[WARNING] /tmp/tmpfr9porol/tools/src/org/spdx/tag/BuildLegacyDocument.java:[34,26] org.spdx.rdfparser.SPDXDocument in org.spdx.rdfparser has been deprecated
[WARNING] /tmp/tmpfr9porol/tools/src/org/spdx/tag/BuildLegacyDocument.java:[34,39] org.spdx.rdfparser.SPDXDocument.SPDXPackage in org.spdx.rdfparser.SPDXDocument has been deprecated
[WARNING] /tmp/tmpfr9porol/tools/src/org/spdx/tag/BuildLegacyDocument.java:[35,26] org.spdx.rdfparser.SPDXFile in org.spdx.rdfparser has been deprecated
[WARNING] /tmp/tmpfr9porol/tools/src/org/spdx/html/AbstractJsonFile.java:[11,23] org.json.simple.JSONObject in org.json.simple has been deprecated
[WARNING] /tmp/tmpfr9porol/tools/src/org/spdx/html/LicenseJSONFile.java:[19,23] org.json.simple.JSONArray in org.json.simple has been deprecated
[WARNING] /tmp/tmpfr9porol/tools/src/org/spdx/html/LicenseJSONFile.java:[20,23] org.json.simple.JSONObject in org.json.simple has been deprecated
[WARNING] /tmp/tmpfr9porol/tools/src/org/spdx/html/LicenseExceptionJSONFile.java:[20,23] org.json.simple.JSONArray in org.json.simple has been deprecated
[WARNING] /tmp/tmpfr9porol/tools/src/org/spdx/html/LicenseExceptionJSONFile.java:[21,23] org.json.simple.JSONObject in org.json.simple has been deprecated
[WARNING] /tmp/tmpfr9porol/tools/src/org/spdx/html/ExceptionTOCJSONFile.java:[21,23] org.json.simple.JSONArray in org.json.simple has been deprecated
[WARNING] /tmp/tmpfr9porol/tools/src/org/spdx/html/ExceptionTOCJSONFile.java:[22,23] org.json.simple.JSONObject in org.json.simple has been deprecated
[WARNING] /tmp/tmpfr9porol/tools/src/org/spdx/html/LicenseTOCJSONFile.java:[23,23] org.json.simple.JSONArray in org.json.simple has been deprecated
[WARNING] /tmp/tmpfr9porol/tools/src/org/spdx/html/LicenseTOCJSONFile.java:[24,23] org.json.simple.JSONObject in org.json.simple has been deprecated
[WARNING] /tmp/tmpfr9porol/tools/src/org/spdx/tag/CommonCode.java:[42,26] org.spdx.rdfparser.DOAPProject in org.spdx.rdfparser has been deprecated
[WARNING] /tmp/tmpfr9porol/tools/src/org/spdx/tag/BuildLegacyDocument.java:[30,26] org.spdx.rdfparser.DOAPProject in org.spdx.rdfparser has been deprecated
[WARNING] /tmp/tmpfr9porol/tools/src/org/spdx/tag/BuildLegacyDocument.java:[33,26] org.spdx.rdfparser.SPDXDocument in org.spdx.rdfparser has been deprecated
[WARNING] /tmp/tmpfr9porol/tools/src/org/spdx/tag/BuildLegacyDocument.java:[34,26] org.spdx.rdfparser.SPDXDocument in org.spdx.rdfparser has been deprecated
[WARNING] /tmp/tmpfr9porol/tools/src/org/spdx/tag/BuildLegacyDocument.java:[34,26] org.spdx.rdfparser.SPDXDocument in org.spdx.rdfparser has been deprecated
[WARNING] /tmp/tmpfr9porol/tools/src/org/spdx/tag/BuildLegacyDocument.java:[34,39] org.spdx.rdfparser.SPDXDocument.SPDXPackage in org.spdx.rdfparser.SPDXDocument has been deprecated
[WARNING] /tmp/tmpfr9porol/tools/src/org/spdx/tag/BuildLegacyDocument.java:[35,26] org.spdx.rdfparser.SPDXFile in org.spdx.rdfparser has been deprecated
[WARNING] /tmp/tmpfr9porol/tools/src/org/spdx/spdxspreadsheet/AbstractSheet.java:[106,67] org.apache.poi.hssf.util.HSSFColor.LIGHT_GREEN in org.apache.poi.hssf.util.HSSFColor has been deprecated
[WARNING] /tmp/tmpfr9porol/tools/src/org/spdx/spdxspreadsheet/AbstractSheet.java:[111,68] org.apache.poi.hssf.util.HSSFColor.LIGHT_YELLOW in org.apache.poi.hssf.util.HSSFColor has been deprecated
[WARNING] /tmp/tmpfr9porol/tools/src/org/spdx/spdxspreadsheet/AbstractSheet.java:[115,65] org.apache.poi.hssf.util.HSSFColor.RED in org.apache.poi.hssf.util.HSSFColor has been deprecated
[WARNING] /tmp/tmpfr9porol/tools/src/org/spdx/spdxspreadsheet/AbstractSheet.java:[180,61] org.apache.poi.hssf.util.HSSFColor.GREY_25_PERCENT in org.apache.poi.hssf.util.HSSFColor has been deprecated
[WARNING] /tmp/tmpfr9porol/tools/src/org/spdx/rdfparser/license/ListedLicenseException.java:[176,39] getExample() in org.spdx.rdfparser.license.LicenseException has been deprecated
[WARNING] /tmp/tmpfr9porol/tools/src/org/spdx/rdfparser/license/ListedLicenseException.java:[176,23] setExample(java.lang.String) in org.spdx.rdfparser.license.LicenseException has been deprecated
[WARNING] /tmp/tmpfr9porol/tools/src/org/spdx/html/AbstractJsonFile.java:[28,28] org.json.simple.JSONObject in org.json.simple has been deprecated
[WARNING] /tmp/tmpfr9porol/tools/src/org/spdx/html/LicenseJSONFile.java:[65,19] org.json.simple.JSONObject in org.json.simple has been deprecated
[WARNING] /tmp/tmpfr9porol/tools/src/org/spdx/html/LicenseJSONFile.java:[66,17] org.json.simple.JSONObject in org.json.simple has been deprecated
[WARNING] /tmp/tmpfr9porol/tools/src/org/spdx/html/LicenseJSONFile.java:[66,45] org.json.simple.JSONObject in org.json.simple has been deprecated
[WARNING] /tmp/tmpfr9porol/tools/src/org/spdx/html/LicenseJSONFile.java:[75,25] org.json.simple.JSONArray in org.json.simple has been deprecated
[WARNING] /tmp/tmpfr9porol/tools/src/org/spdx/html/LicenseJSONFile.java:[75,54] org.json.simple.JSONArray in org.json.simple has been deprecated
[WARNING] /tmp/tmpfr9porol/tools/src/org/spdx/html/LicenseExceptionJSONFile.java:[70,19] org.json.simple.JSONObject in org.json.simple has been deprecated
[WARNING] /tmp/tmpfr9porol/tools/src/org/spdx/html/LicenseExceptionJSONFile.java:[71,17] org.json.simple.JSONObject in org.json.simple has been deprecated
[WARNING] /tmp/tmpfr9porol/tools/src/org/spdx/html/LicenseExceptionJSONFile.java:[71,45] org.json.simple.JSONObject in org.json.simple has been deprecated
[WARNING] /tmp/tmpfr9porol/tools/src/org/spdx/html/LicenseExceptionJSONFile.java:[76,25] org.json.simple.JSONArray in org.json.simple has been deprecated
[WARNING] /tmp/tmpfr9porol/tools/src/org/spdx/html/LicenseExceptionJSONFile.java:[76,54] org.json.simple.JSONArray in org.json.simple has been deprecated
[WARNING] /tmp/tmpfr9porol/tools/src/org/spdx/html/LicenseExceptionJSONFile.java:[84,72] getExample() in org.spdx.rdfparser.license.LicenseException has been deprecated
[WARNING] /tmp/tmpfr9porol/tools/src/org/spdx/tools/MergeSpdxDocs.java:[194,42] setReviewers(org.spdx.rdfparser.SPDXReview[]) in org.spdx.rdfparser.model.SpdxDocument has been deprecated
[WARNING] /tmp/tmpfr9porol/tools/src/org/spdx/merge/SpdxFileInfoMerger.java:[107,111] getArtifactOf() in org.spdx.rdfparser.model.SpdxFile has been deprecated
[WARNING] /tmp/tmpfr9porol/tools/src/org/spdx/merge/SpdxFileInfoMerger.java:[108,119] getArtifactOf() in org.spdx.rdfparser.model.SpdxFile has been deprecated
[WARNING] /tmp/tmpfr9porol/tools/src/org/spdx/merge/SpdxFileInfoMerger.java:[110,61] setArtifactOf(org.spdx.rdfparser.model.DoapProject[]) in org.spdx.rdfparser.model.SpdxFile has been deprecated
[WARNING] /tmp/tmpfr9porol/tools/src/org/spdx/merge/SpdxFileInfoMerger.java:[115,121] getArtifactOf() in org.spdx.rdfparser.model.SpdxFile has been deprecated
[WARNING] /tmp/tmpfr9porol/tools/src/org/spdx/merge/SpdxFileInfoMerger.java:[116,61] setArtifactOf(org.spdx.rdfparser.model.DoapProject[]) in org.spdx.rdfparser.model.SpdxFile has been deprecated
[WARNING] /tmp/tmpfr9porol/tools/src/org/spdx/merge/SpdxFileInfoMerger.java:[134,28] getArtifactOf() in org.spdx.rdfparser.model.SpdxFile has been deprecated
[WARNING] /tmp/tmpfr9porol/tools/src/org/spdx/merge/SpdxFileInfoMerger.java:[134,64] getArtifactOf() in org.spdx.rdfparser.model.SpdxFile has been deprecated
[WARNING] /tmp/tmpfr9porol/tools/src/org/spdx/html/ExceptionTOCJSONFile.java:[140,19] org.json.simple.JSONObject in org.json.simple has been deprecated
[WARNING] /tmp/tmpfr9porol/tools/src/org/spdx/html/ExceptionTOCJSONFile.java:[141,17] org.json.simple.JSONObject in org.json.simple has been deprecated
[WARNING] /tmp/tmpfr9porol/tools/src/org/spdx/html/ExceptionTOCJSONFile.java:[141,45] org.json.simple.JSONObject in org.json.simple has been deprecated
[WARNING] /tmp/tmpfr9porol/tools/src/org/spdx/html/ExceptionTOCJSONFile.java:[144,17] org.json.simple.JSONArray in org.json.simple has been deprecated
[WARNING] /tmp/tmpfr9porol/tools/src/org/spdx/html/ExceptionTOCJSONFile.java:[144,47] org.json.simple.JSONArray in org.json.simple has been deprecated
[WARNING] /tmp/tmpfr9porol/tools/src/org/spdx/html/ExceptionTOCJSONFile.java:[146,25] org.json.simple.JSONObject in org.json.simple has been deprecated
[WARNING] /tmp/tmpfr9porol/tools/src/org/spdx/html/ExceptionTOCJSONFile.java:[146,56] org.json.simple.JSONObject in org.json.simple has been deprecated
[WARNING] /tmp/tmpfr9porol/tools/src/org/spdx/html/ExceptionTOCJSONFile.java:[153,33] org.json.simple.JSONArray in org.json.simple has been deprecated
[WARNING] /tmp/tmpfr9porol/tools/src/org/spdx/html/ExceptionTOCJSONFile.java:[153,62] org.json.simple.JSONArray in org.json.simple has been deprecated
[WARNING] /tmp/tmpfr9porol/tools/src/org/spdx/html/LicenseTOCJSONFile.java:[153,19] org.json.simple.JSONObject in org.json.simple has been deprecated
[WARNING] /tmp/tmpfr9porol/tools/src/org/spdx/html/LicenseTOCJSONFile.java:[154,17] org.json.simple.JSONObject in org.json.simple has been deprecated
[WARNING] /tmp/tmpfr9porol/tools/src/org/spdx/html/LicenseTOCJSONFile.java:[154,45] org.json.simple.JSONObject in org.json.simple has been deprecated
[WARNING] /tmp/tmpfr9porol/tools/src/org/spdx/html/LicenseTOCJSONFile.java:[157,17] org.json.simple.JSONArray in org.json.simple has been deprecated
[WARNING] /tmp/tmpfr9porol/tools/src/org/spdx/html/LicenseTOCJSONFile.java:[157,46] org.json.simple.JSONArray in org.json.simple has been deprecated
[WARNING] /tmp/tmpfr9porol/tools/src/org/spdx/html/LicenseTOCJSONFile.java:[175,25] org.json.simple.JSONObject in org.json.simple has been deprecated
[WARNING] /tmp/tmpfr9porol/tools/src/org/spdx/html/LicenseTOCJSONFile.java:[175,54] org.json.simple.JSONObject in org.json.simple has been deprecated
[WARNING] /tmp/tmpfr9porol/tools/src/org/spdx/html/LicenseTOCJSONFile.java:[186,33] org.json.simple.JSONArray in org.json.simple has been deprecated
[WARNING] /tmp/tmpfr9porol/tools/src/org/spdx/html/LicenseTOCJSONFile.java:[186,62] org.json.simple.JSONArray in org.json.simple has been deprecated
[WARNING] /tmp/tmpfr9porol/tools/src/org/spdx/tools/MatchingStandardLicenses.java:[104,29] toString(java.io.File,java.nio.charset.Charset) in com.google.common.io.Files has been deprecated
[INFO] 
[INFO] --- maven-resources-plugin:2.6:testResources (default-testResources) @ spdx-tools ---
[INFO] Using 'UTF-8' encoding to copy filtered resources.
[INFO] Copying 2 resources
[INFO] Copying 130 resources
[INFO] 
[INFO] --- maven-compiler-plugin:3.6.1:testCompile (default-testCompile) @ spdx-tools ---
[INFO] Changes detected - recompiling the module!
[INFO] Compiling 76 source files to /tmp/tmpfr9porol/tools/target/test-classes
[WARNING] /tmp/tmpfr9porol/tools/Test/org/spdx/html/TestLicenseTOCJSONFile.java:[5,23] org.json.simple.JSONArray in org.json.simple has been deprecated
[WARNING] /tmp/tmpfr9porol/tools/Test/org/spdx/html/TestLicenseTOCJSONFile.java:[6,23] org.json.simple.JSONObject in org.json.simple has been deprecated
[WARNING] /tmp/tmpfr9porol/tools/Test/org/spdx/rdfparser/TestSPDXDocument.java:[35,26] org.spdx.rdfparser.SPDXDocument in org.spdx.rdfparser has been deprecated
[WARNING] /tmp/tmpfr9porol/tools/Test/org/spdx/rdfparser/TestSPDXDocument.java:[35,26] org.spdx.rdfparser.SPDXDocument in org.spdx.rdfparser has been deprecated
[WARNING] /tmp/tmpfr9porol/tools/Test/org/spdx/rdfparser/TestSPDXDocument.java:[35,39] org.spdx.rdfparser.SPDXDocument.SPDXPackage in org.spdx.rdfparser.SPDXDocument has been deprecated
[WARNING] /tmp/tmpfr9porol/tools/Test/org/spdx/html/TestLicenseTOCJSONFile.java:[5,23] org.json.simple.JSONArray in org.json.simple has been deprecated
[WARNING] /tmp/tmpfr9porol/tools/Test/org/spdx/html/TestLicenseTOCJSONFile.java:[6,23] org.json.simple.JSONObject in org.json.simple has been deprecated
[WARNING] /tmp/tmpfr9porol/tools/Test/org/spdx/rdfparser/TestSPDXDocument.java:[35,26] org.spdx.rdfparser.SPDXDocument in org.spdx.rdfparser has been deprecated
[WARNING] /tmp/tmpfr9porol/tools/Test/org/spdx/rdfparser/TestSPDXDocument.java:[35,26] org.spdx.rdfparser.SPDXDocument in org.spdx.rdfparser has been deprecated
[WARNING] /tmp/tmpfr9porol/tools/Test/org/spdx/rdfparser/TestSPDXDocument.java:[35,39] org.spdx.rdfparser.SPDXDocument.SPDXPackage in org.spdx.rdfparser.SPDXDocument has been deprecated
[WARNING] /tmp/tmpfr9porol/tools/Test/org/spdx/html/TestLicenseTOCJSONFile.java:[5,23] org.json.simple.JSONArray in org.json.simple has been deprecated
[WARNING] /tmp/tmpfr9porol/tools/Test/org/spdx/html/TestLicenseTOCJSONFile.java:[6,23] org.json.simple.JSONObject in org.json.simple has been deprecated
[WARNING] /tmp/tmpfr9porol/tools/Test/org/spdx/rdfparser/TestSPDXDocument.java:[35,26] org.spdx.rdfparser.SPDXDocument in org.spdx.rdfparser has been deprecated
[WARNING] /tmp/tmpfr9porol/tools/Test/org/spdx/rdfparser/TestSPDXDocument.java:[35,26] org.spdx.rdfparser.SPDXDocument in org.spdx.rdfparser has been deprecated
[WARNING] /tmp/tmpfr9porol/tools/Test/org/spdx/rdfparser/TestSPDXDocument.java:[35,39] org.spdx.rdfparser.SPDXDocument.SPDXPackage in org.spdx.rdfparser.SPDXDocument has been deprecated
[WARNING] /tmp/tmpfr9porol/tools/Test/org/spdx/rdfparser/TestDOAPProject.java:[45,9] org.spdx.rdfparser.DOAPProject in org.spdx.rdfparser has been deprecated
[WARNING] /tmp/tmpfr9porol/tools/Test/org/spdx/rdfparser/TestDOAPProject.java:[53,37] org.spdx.rdfparser.DOAPProject in org.spdx.rdfparser has been deprecated
[WARNING] /tmp/tmpfr9porol/tools/Test/org/spdx/rdfparser/TestDOAPProject.java:[55,48] org.spdx.rdfparser.DOAPProject in org.spdx.rdfparser has been deprecated
[WARNING] /tmp/tmpfr9porol/tools/Test/org/spdx/rdfparser/TestDOAPProject.java:[81,25] org.spdx.rdfparser.DOAPProject in org.spdx.rdfparser has been deprecated
[WARNING] /tmp/tmpfr9porol/tools/Test/org/spdx/rdfparser/TestDOAPProject.java:[81,48] org.spdx.rdfparser.DOAPProject in org.spdx.rdfparser has been deprecated
[WARNING] /tmp/tmpfr9porol/tools/Test/org/spdx/rdfparser/TestDOAPProject.java:[104,25] org.spdx.rdfparser.DOAPProject in org.spdx.rdfparser has been deprecated
[WARNING] /tmp/tmpfr9porol/tools/Test/org/spdx/rdfparser/TestDOAPProject.java:[104,48] org.spdx.rdfparser.DOAPProject in org.spdx.rdfparser has been deprecated
[WARNING] /tmp/tmpfr9porol/tools/Test/org/spdx/rdfparser/TestDOAPProject.java:[127,25] org.spdx.rdfparser.DOAPProject in org.spdx.rdfparser has been deprecated
[WARNING] /tmp/tmpfr9porol/tools/Test/org/spdx/rdfparser/TestDOAPProject.java:[127,48] org.spdx.rdfparser.DOAPProject in org.spdx.rdfparser has been deprecated
[WARNING] /tmp/tmpfr9porol/tools/Test/org/spdx/rdfparser/TestDOAPProject.java:[164,25] org.spdx.rdfparser.DOAPProject in org.spdx.rdfparser has been deprecated
[WARNING] /tmp/tmpfr9porol/tools/Test/org/spdx/rdfparser/TestDOAPProject.java:[164,48] org.spdx.rdfparser.DOAPProject in org.spdx.rdfparser has been deprecated
[WARNING] /tmp/tmpfr9porol/tools/Test/org/spdx/rdfparser/TestDOAPProject.java:[182,25] org.spdx.rdfparser.DOAPProject in org.spdx.rdfparser has been deprecated
[WARNING] /tmp/tmpfr9porol/tools/Test/org/spdx/rdfparser/TestDOAPProject.java:[182,48] org.spdx.rdfparser.DOAPProject in org.spdx.rdfparser has been deprecated
[WARNING] /tmp/tmpfr9porol/tools/Test/org/spdx/rdfparser/TestDOAPProject.java:[195,25] org.spdx.rdfparser.DOAPProject in org.spdx.rdfparser has been deprecated
[WARNING] /tmp/tmpfr9porol/tools/Test/org/spdx/compare/SpdxFileComparerTest.java:[300,22] setArtifactOf(org.spdx.rdfparser.model.DoapProject[]) in org.spdx.rdfparser.model.SpdxFile has been deprecated
[WARNING] /tmp/tmpfr9porol/tools/Test/org/spdx/compare/SpdxFileComparerTest.java:[308,22] setArtifactOf(org.spdx.rdfparser.model.DoapProject[]) in org.spdx.rdfparser.model.SpdxFile has been deprecated
[WARNING] /tmp/tmpfr9porol/tools/Test/org/spdx/compare/SpdxFileComparerTest.java:[316,22] setArtifactOf(org.spdx.rdfparser.model.DoapProject[]) in org.spdx.rdfparser.model.SpdxFile has been deprecated
[WARNING] /tmp/tmpfr9porol/tools/Test/org/spdx/compare/SpdxFileComparerTest.java:[324,22] setArtifactOf(org.spdx.rdfparser.model.DoapProject[]) in org.spdx.rdfparser.model.SpdxFile has been deprecated
[WARNING] /tmp/tmpfr9porol/tools/Test/org/spdx/compare/SpdxFileComparerTest.java:[513,22] setArtifactOf(org.spdx.rdfparser.model.DoapProject[]) in org.spdx.rdfparser.model.SpdxFile has been deprecated
[WARNING] /tmp/tmpfr9porol/tools/Test/org/spdx/compare/SpdxFileComparerTest.java:[536,22] setArtifactOf(org.spdx.rdfparser.model.DoapProject[]) in org.spdx.rdfparser.model.SpdxFile has been deprecated
[WARNING] /tmp/tmpfr9porol/tools/Test/org/spdx/compare/SpdxFileComparerTest.java:[549,22] setArtifactOf(org.spdx.rdfparser.model.DoapProject[]) in org.spdx.rdfparser.model.SpdxFile has been deprecated
[WARNING] /tmp/tmpfr9porol/tools/Test/org/spdx/compare/SpdxFileComparerTest.java:[562,22] setArtifactOf(org.spdx.rdfparser.model.DoapProject[]) in org.spdx.rdfparser.model.SpdxFile has been deprecated
[WARNING] /tmp/tmpfr9porol/tools/Test/org/spdx/rdfparser/TestSPDXChecksum.java:[40,9] org.spdx.rdfparser.SPDXChecksum in org.spdx.rdfparser has been deprecated
[WARNING] /tmp/tmpfr9porol/tools/Test/org/spdx/rdfparser/TestSPDXChecksum.java:[48,38] org.spdx.rdfparser.SPDXChecksum in org.spdx.rdfparser has been deprecated
[WARNING] /tmp/tmpfr9porol/tools/Test/org/spdx/rdfparser/TestSPDXChecksum.java:[50,49] org.spdx.rdfparser.SPDXChecksum in org.spdx.rdfparser has been deprecated
[WARNING] /tmp/tmpfr9porol/tools/Test/org/spdx/rdfparser/TestSPDXChecksum.java:[100,25] org.spdx.rdfparser.SPDXChecksum in org.spdx.rdfparser has been deprecated
[WARNING] /tmp/tmpfr9porol/tools/Test/org/spdx/rdfparser/TestSPDXChecksum.java:[100,49] org.spdx.rdfparser.SPDXChecksum in org.spdx.rdfparser has been deprecated
[WARNING] /tmp/tmpfr9porol/tools/Test/org/spdx/rdfparser/TestSPDXChecksum.java:[118,25] org.spdx.rdfparser.SPDXChecksum in org.spdx.rdfparser has been deprecated
[WARNING] /tmp/tmpfr9porol/tools/Test/org/spdx/rdfparser/TestSPDXChecksum.java:[118,49] org.spdx.rdfparser.SPDXChecksum in org.spdx.rdfparser has been deprecated
[WARNING] /tmp/tmpfr9porol/tools/Test/org/spdx/rdfparser/TestSPDXChecksum.java:[131,60] org.spdx.rdfparser.SPDXChecksum in org.spdx.rdfparser has been deprecated
[WARNING] /tmp/tmpfr9porol/tools/Test/org/spdx/rdfparser/TestSPDXChecksum.java:[133,30] org.spdx.rdfparser.SPDXChecksum in org.spdx.rdfparser has been deprecated
[WARNING] /tmp/tmpfr9porol/tools/Test/org/spdx/rdfparser/TestSPDXChecksum.java:[139,17] org.spdx.rdfparser.SPDXChecksum in org.spdx.rdfparser has been deprecated
[WARNING] /tmp/tmpfr9porol/tools/Test/org/spdx/rdfparser/TestSPDXChecksum.java:[139,45] org.spdx.rdfparser.SPDXChecksum in org.spdx.rdfparser has been deprecated
[WARNING] /tmp/tmpfr9porol/tools/Test/org/spdx/rdfparser/TestSPDXChecksum.java:[143,17] org.spdx.rdfparser.SPDXChecksum in org.spdx.rdfparser has been deprecated
[WARNING] /tmp/tmpfr9porol/tools/Test/org/spdx/rdfparser/TestSPDXChecksum.java:[143,41] org.spdx.rdfparser.SPDXChecksum in org.spdx.rdfparser has been deprecated
[WARNING] /tmp/tmpfr9porol/tools/Test/org/spdx/compare/TestDocumentAnnotationSheet.java:[141,40] ANNOTATION_TYPE_TO_TAG in org.spdx.rdfparser.model.Annotation has been deprecated
[WARNING] /tmp/tmpfr9porol/tools/Test/org/spdx/compare/TestDocumentAnnotationSheet.java:[155,40] ANNOTATION_TYPE_TO_TAG in org.spdx.rdfparser.model.Annotation has been deprecated
[WARNING] /tmp/tmpfr9porol/tools/Test/org/spdx/compare/TestDocumentAnnotationSheet.java:[169,40] ANNOTATION_TYPE_TO_TAG in org.spdx.rdfparser.model.Annotation has been deprecated
[WARNING] /tmp/tmpfr9porol/tools/Test/org/spdx/html/TestLicenseTOCJSONFile.java:[51,17] org.json.simple.JSONObject in org.json.simple has been deprecated
[WARNING] /tmp/tmpfr9porol/tools/Test/org/spdx/html/TestLicenseTOCJSONFile.java:[54,17] org.json.simple.JSONArray in org.json.simple has been deprecated
[WARNING] /tmp/tmpfr9porol/tools/Test/org/spdx/html/TestLicenseTOCJSONFile.java:[54,39] org.json.simple.JSONArray in org.json.simple has been deprecated
[WARNING] /tmp/tmpfr9porol/tools/Test/org/spdx/html/TestLicenseTOCJSONFile.java:[56,17] org.json.simple.JSONObject in org.json.simple has been deprecated
[WARNING] /tmp/tmpfr9porol/tools/Test/org/spdx/html/TestLicenseTOCJSONFile.java:[56,44] org.json.simple.JSONObject in org.json.simple has been deprecated
[WARNING] /tmp/tmpfr9porol/tools/Test/org/spdx/html/TestLicenseTOCJSONFile.java:[62,17] org.json.simple.JSONObject in org.json.simple has been deprecated
[WARNING] /tmp/tmpfr9porol/tools/Test/org/spdx/html/TestLicenseTOCJSONFile.java:[62,45] org.json.simple.JSONObject in org.json.simple has been deprecated
[WARNING] /tmp/tmpfr9porol/tools/Test/org/spdx/html/TestLicenseTOCJSONFile.java:[68,17] org.json.simple.JSONObject in org.json.simple has been deprecated
[WARNING] /tmp/tmpfr9porol/tools/Test/org/spdx/html/TestLicenseTOCJSONFile.java:[68,44] org.json.simple.JSONObject in org.json.simple has been deprecated
[WARNING] /tmp/tmpfr9porol/tools/Test/org/spdx/merge/MergeToolTest.java:[161,51] getSpdxPackage() in org.spdx.rdfparser.model.SpdxDocument has been deprecated
[WARNING] /tmp/tmpfr9porol/tools/Test/org/spdx/merge/MergeToolTest.java:[162,57] getSpdxPackage() in org.spdx.rdfparser.model.SpdxDocument has been deprecated
[WARNING] /tmp/tmpfr9porol/tools/Test/org/spdx/merge/MergeToolTest.java:[163,59] getSpdxPackage() in org.spdx.rdfparser.model.SpdxDocument has been deprecated
[WARNING] /tmp/tmpfr9porol/tools/Test/org/spdx/rdfparser/TestSPDXDocument.java:[108,17] org.spdx.rdfparser.SPDXDocument in org.spdx.rdfparser has been deprecated
[WARNING] /tmp/tmpfr9porol/tools/Test/org/spdx/rdfparser/TestSPDXDocument.java:[108,40] org.spdx.rdfparser.SPDXDocument in org.spdx.rdfparser has been deprecated
[WARNING] /tmp/tmpfr9porol/tools/Test/org/spdx/rdfparser/TestSPDXDocument.java:[116,41] org.spdx.rdfparser.SPDXDocument in org.spdx.rdfparser has been deprecated
[WARNING] /tmp/tmpfr9porol/tools/Test/org/spdx/rdfparser/TestSPDXDocument.java:[117,38] org.spdx.rdfparser.SPDXDocument in org.spdx.rdfparser has been deprecated
[WARNING] /tmp/tmpfr9porol/tools/Test/org/spdx/rdfparser/TestSPDXDocument.java:[141,17] org.spdx.rdfparser.SPDXDocument in org.spdx.rdfparser has been deprecated
[WARNING] /tmp/tmpfr9porol/tools/Test/org/spdx/rdfparser/TestSPDXDocument.java:[141,40] org.spdx.rdfparser.SPDXDocument in org.spdx.rdfparser has been deprecated
[WARNING] /tmp/tmpfr9porol/tools/Test/org/spdx/rdfparser/TestSPDXDocument.java:[162,17] org.spdx.rdfparser.SPDXDocument in org.spdx.rdfparser has been deprecated
[WARNING] /tmp/tmpfr9porol/tools/Test/org/spdx/rdfparser/TestSPDXDocument.java:[162,40] org.spdx.rdfparser.SPDXDocument in org.spdx.rdfparser has been deprecated
[WARNING] /tmp/tmpfr9porol/tools/Test/org/spdx/rdfparser/TestSPDXDocument.java:[230,17] org.spdx.rdfparser.SPDXDocument in org.spdx.rdfparser has been deprecated
[WARNING] /tmp/tmpfr9porol/tools/Test/org/spdx/rdfparser/TestSPDXDocument.java:[230,40] org.spdx.rdfparser.SPDXDocument in org.spdx.rdfparser has been deprecated
[WARNING] /tmp/tmpfr9porol/tools/Test/org/spdx/rdfparser/TestSPDXDocument.java:[272,17] org.spdx.rdfparser.SPDXDocument in org.spdx.rdfparser has been deprecated
[WARNING] /tmp/tmpfr9porol/tools/Test/org/spdx/rdfparser/TestSPDXDocument.java:[272,40] org.spdx.rdfparser.SPDXDocument in org.spdx.rdfparser has been deprecated
[WARNING] /tmp/tmpfr9porol/tools/Test/org/spdx/rdfparser/TestSPDXDocument.java:[278,17] org.spdx.rdfparser.SPDXDocument.SPDXPackage in org.spdx.rdfparser.SPDXDocument has been deprecated
[WARNING] /tmp/tmpfr9porol/tools/Test/org/spdx/rdfparser/TestSPDXDocument.java:[286,17] org.spdx.rdfparser.SPDXFile in org.spdx.rdfparser has been deprecated
[WARNING] /tmp/tmpfr9porol/tools/Test/org/spdx/rdfparser/TestSPDXDocument.java:[286,41] org.spdx.rdfparser.SPDXFile in org.spdx.rdfparser has been deprecated
[WARNING] /tmp/tmpfr9porol/tools/Test/org/spdx/rdfparser/TestSPDXDocument.java:[288,55] org.spdx.rdfparser.DOAPProject in org.spdx.rdfparser has been deprecated
[WARNING] /tmp/tmpfr9porol/tools/Test/org/spdx/rdfparser/TestSPDXDocument.java:[291,34] org.spdx.rdfparser.SPDXFile in org.spdx.rdfparser has been deprecated
[WARNING] /tmp/tmpfr9porol/tools/Test/org/spdx/rdfparser/TestSPDXDocument.java:[316,17] org.spdx.rdfparser.SPDXDocument in org.spdx.rdfparser has been deprecated
[WARNING] /tmp/tmpfr9porol/tools/Test/org/spdx/rdfparser/TestSPDXDocument.java:[316,40] org.spdx.rdfparser.SPDXDocument in org.spdx.rdfparser has been deprecated
[WARNING] /tmp/tmpfr9porol/tools/Test/org/spdx/rdfparser/TestSPDXDocument.java:[332,17] org.spdx.rdfparser.SPDXDocument.SPDXPackage in org.spdx.rdfparser.SPDXDocument has been deprecated
[WARNING] /tmp/tmpfr9porol/tools/Test/org/spdx/rdfparser/TestSPDXDocument.java:[340,17] org.spdx.rdfparser.SPDXFile in org.spdx.rdfparser has been deprecated
[WARNING] /tmp/tmpfr9porol/tools/Test/org/spdx/rdfparser/TestSPDXDocument.java:[340,41] org.spdx.rdfparser.SPDXFile in org.spdx.rdfparser has been deprecated
[WARNING] /tmp/tmpfr9porol/tools/Test/org/spdx/rdfparser/TestSPDXDocument.java:[342,55] org.spdx.rdfparser.DOAPProject in org.spdx.rdfparser has been deprecated
[WARNING] /tmp/tmpfr9porol/tools/Test/org/spdx/rdfparser/TestSPDXDocument.java:[345,34] org.spdx.rdfparser.SPDXFile in org.spdx.rdfparser has been deprecated
[WARNING] /tmp/tmpfr9porol/tools/Test/org/spdx/rdfparser/TestSPDXDocument.java:[363,17] org.spdx.rdfparser.SPDXDocument in org.spdx.rdfparser has been deprecated
[WARNING] /tmp/tmpfr9porol/tools/Test/org/spdx/rdfparser/TestSPDXDocument.java:[363,40] org.spdx.rdfparser.SPDXDocument in org.spdx.rdfparser has been deprecated
[WARNING] /tmp/tmpfr9porol/tools/Test/org/spdx/rdfparser/TestSPDXDocument.java:[370,17] org.spdx.rdfparser.SPDXDocument.SPDXPackage in org.spdx.rdfparser.SPDXDocument has been deprecated
[WARNING] /tmp/tmpfr9porol/tools/Test/org/spdx/rdfparser/TestSPDXDocument.java:[384,17] org.spdx.rdfparser.SPDXFile in org.spdx.rdfparser has been deprecated
[WARNING] /tmp/tmpfr9porol/tools/Test/org/spdx/rdfparser/TestSPDXDocument.java:[384,41] org.spdx.rdfparser.SPDXFile in org.spdx.rdfparser has been deprecated
[WARNING] /tmp/tmpfr9porol/tools/Test/org/spdx/rdfparser/TestSPDXDocument.java:[386,55] org.spdx.rdfparser.DOAPProject in org.spdx.rdfparser has been deprecated
[WARNING] /tmp/tmpfr9porol/tools/Test/org/spdx/rdfparser/TestSPDXDocument.java:[389,34] org.spdx.rdfparser.SPDXFile in org.spdx.rdfparser has been deprecated
[WARNING] /tmp/tmpfr9porol/tools/Test/org/spdx/rdfparser/TestSPDXDocument.java:[406,17] org.spdx.rdfparser.SPDXDocument in org.spdx.rdfparser has been deprecated
[WARNING] /tmp/tmpfr9porol/tools/Test/org/spdx/rdfparser/TestSPDXDocument.java:[406,45] org.spdx.rdfparser.SPDXDocument in org.spdx.rdfparser has been deprecated
[WARNING] /tmp/tmpfr9porol/tools/Test/org/spdx/rdfparser/TestSPDXDocument.java:[410,17] org.spdx.rdfparser.SPDXDocument.SPDXPackage in org.spdx.rdfparser.SPDXDocument has been deprecated
[WARNING] /tmp/tmpfr9porol/tools/Test/org/spdx/rdfparser/TestSPDXDocument.java:[420,17] org.spdx.rdfparser.SPDXFile in org.spdx.rdfparser has been deprecated
[INFO] /tmp/tmpfr9porol/tools/Test/org/spdx/rdfparser/TestSPDXDocument.java: Some input files additionally use or override a deprecated API.
[INFO] 
[INFO] --- maven-surefire-plugin:2.19.1:test (default-test) @ spdx-tools ---
[INFO] Surefire report directory: /tmp/tmpfr9porol/tools/target/surefire-reports

-------------------------------------------------------
 T E S T S
-------------------------------------------------------
Running org.spdx.licenseTemplate.TestTextTemplateOutputHandler
Tests run: 5, Failures: 0, Errors: 0, Skipped: 0, Time elapsed: 0.119 sec - in org.spdx.licenseTemplate.TestTextTemplateOutputHandler
Running org.spdx.licenseTemplate.TestHtmlTemplateOutputHandler
Tests run: 9, Failures: 0, Errors: 0, Skipped: 0, Time elapsed: 0.029 sec - in org.spdx.licenseTemplate.TestHtmlTemplateOutputHandler
Running org.spdx.licenseTemplate.TestLicenseTemplateRule
Tests run: 3, Failures: 0, Errors: 0, Skipped: 0, Time elapsed: 0 sec - in org.spdx.licenseTemplate.TestLicenseTemplateRule
Running org.spdx.licenseTemplate.TestSpdxLicenseTemplateHelper
Tests run: 5, Failures: 0, Errors: 0, Skipped: 0, Time elapsed: 0.014 sec - in org.spdx.licenseTemplate.TestSpdxLicenseTemplateHelper
Running org.spdx.tools.TestExamples
ERROR StatusLogger No log4j2 configuration file found. Using default configuration: logging only errors to the console. Set system property 'log4j2.debug' to show Log4j2 internal initialization logging.
Tests run: 1, Failures: 0, Errors: 0, Skipped: 0, Time elapsed: 8.259 sec - in org.spdx.tools.TestExamples
Running org.spdx.rdfparser.model.TestAnnotation
Tests run: 8, Failures: 0, Errors: 0, Skipped: 0, Time elapsed: 0.007 sec - in org.spdx.rdfparser.model.TestAnnotation
Running org.spdx.rdfparser.model.TestExternalDocumentRef
Tests run: 9, Failures: 0, Errors: 0, Skipped: 0, Time elapsed: 0.01 sec - in org.spdx.rdfparser.model.TestExternalDocumentRef
Running org.spdx.rdfparser.model.TestExternalSpdxElement
Tests run: 7, Failures: 0, Errors: 0, Skipped: 0, Time elapsed: 0.014 sec - in org.spdx.rdfparser.model.TestExternalSpdxElement
Running org.spdx.rdfparser.model.TestDoapProject
Tests run: 6, Failures: 0, Errors: 0, Skipped: 0, Time elapsed: 0.009 sec - in org.spdx.rdfparser.model.TestDoapProject
Running org.spdx.rdfparser.model.TestChecksum
Tests run: 8, Failures: 0, Errors: 0, Skipped: 0, Time elapsed: 0.022 sec - in org.spdx.rdfparser.model.TestChecksum
Running org.spdx.rdfparser.model.TestExternalReference
Tests run: 12, Failures: 0, Errors: 0, Skipped: 0, Time elapsed: 0.023 sec - in org.spdx.rdfparser.model.TestExternalReference
Running org.spdx.rdfparser.model.TestSpdxItem
Tests run: 10, Failures: 0, Errors: 0, Skipped: 0, Time elapsed: 0.07 sec - in org.spdx.rdfparser.model.TestSpdxItem
Running org.spdx.rdfparser.model.TestSpdxPackage
Tests run: 25, Failures: 0, Errors: 0, Skipped: 0, Time elapsed: 0.246 sec - in org.spdx.rdfparser.model.TestSpdxPackage
Running org.spdx.rdfparser.model.TestRelationship
Tests run: 8, Failures: 0, Errors: 0, Skipped: 0, Time elapsed: 0.014 sec - in org.spdx.rdfparser.model.TestRelationship
Running org.spdx.rdfparser.model.TestSpdxElement
Tests run: 11, Failures: 0, Errors: 0, Skipped: 0, Time elapsed: 0.02 sec - in org.spdx.rdfparser.model.TestSpdxElement
Running org.spdx.rdfparser.model.TestSpdxConstantElement
Tests run: 17, Failures: 0, Errors: 0, Skipped: 0, Time elapsed: 0.033 sec - in org.spdx.rdfparser.model.TestSpdxConstantElement
Running org.spdx.rdfparser.model.TestSpdxSnippet
Tests run: 10, Failures: 0, Errors: 0, Skipped: 0, Time elapsed: 2.679 sec - in org.spdx.rdfparser.model.TestSpdxSnippet
Running org.spdx.rdfparser.model.TestSpdxFile
Tests run: 17, Failures: 0, Errors: 0, Skipped: 0, Time elapsed: 0.477 sec - in org.spdx.rdfparser.model.TestSpdxFile
Running org.spdx.rdfparser.model.TestSpdxDocument
Tests run: 14, Failures: 0, Errors: 0, Skipped: 0, Time elapsed: 0.375 sec - in org.spdx.rdfparser.model.TestSpdxDocument
Running org.spdx.rdfparser.model.TestSpdxElementFactory
Tests run: 3, Failures: 0, Errors: 0, Skipped: 0, Time elapsed: 0.002 sec - in org.spdx.rdfparser.model.TestSpdxElementFactory
Running org.spdx.rdfparser.model.TestRdfModelObject
Tests run: 33, Failures: 0, Errors: 0, Skipped: 0, Time elapsed: 0.403 sec - in org.spdx.rdfparser.model.TestRdfModelObject
Running org.spdx.rdfparser.model.pointer.TestPointerFactory
Tests run: 2, Failures: 0, Errors: 0, Skipped: 0, Time elapsed: 0.004 sec - in org.spdx.rdfparser.model.pointer.TestPointerFactory
Running org.spdx.rdfparser.model.pointer.TestByteOffsetPointer
Tests run: 7, Failures: 0, Errors: 0, Skipped: 0, Time elapsed: 0.004 sec - in org.spdx.rdfparser.model.pointer.TestByteOffsetPointer
Running org.spdx.rdfparser.model.pointer.TestLineCharPointer
Tests run: 7, Failures: 0, Errors: 0, Skipped: 0, Time elapsed: 0.004 sec - in org.spdx.rdfparser.model.pointer.TestLineCharPointer
Running org.spdx.rdfparser.model.pointer.TestStartEndPointer
Tests run: 7, Failures: 0, Errors: 0, Skipped: 0, Time elapsed: 0.004 sec - in org.spdx.rdfparser.model.pointer.TestStartEndPointer
Running org.spdx.rdfparser.TestDOAPProject
Tests run: 6, Failures: 0, Errors: 0, Skipped: 0, Time elapsed: 0.024 sec - in org.spdx.rdfparser.TestDOAPProject
Running org.spdx.rdfparser.TestSPDXFile
Tests run: 10, Failures: 0, Errors: 0, Skipped: 0, Time elapsed: 0.23 sec - in org.spdx.rdfparser.TestSPDXFile
Running org.spdx.rdfparser.TestSPDXDocument
Tests run: 32, Failures: 0, Errors: 0, Skipped: 0, Time elapsed: 0.726 sec - in org.spdx.rdfparser.TestSPDXDocument
Running org.spdx.rdfparser.referencetype.TestListedReferenceTypes
Tests run: 3, Failures: 0, Errors: 0, Skipped: 0, Time elapsed: 0.004 sec - in org.spdx.rdfparser.referencetype.TestListedReferenceTypes
Running org.spdx.rdfparser.referencetype.TestReferenceType
Tests run: 3, Failures: 0, Errors: 0, Skipped: 0, Time elapsed: 0.001 sec - in org.spdx.rdfparser.referencetype.TestReferenceType
Running org.spdx.rdfparser.TestSPDXReview
Tests run: 4, Failures: 0, Errors: 0, Skipped: 0, Time elapsed: 0.002 sec - in org.spdx.rdfparser.TestSPDXReview
Running org.spdx.rdfparser.license.TestLicenseException
Tests run: 17, Failures: 0, Errors: 0, Skipped: 0, Time elapsed: 0.01 sec - in org.spdx.rdfparser.license.TestLicenseException
Running org.spdx.rdfparser.license.TestLicenseExpressionParser
Tests run: 12, Failures: 0, Errors: 0, Skipped: 0, Time elapsed: 0.44 sec - in org.spdx.rdfparser.license.TestLicenseExpressionParser
Running org.spdx.rdfparser.license.TestListedLicenses
Tests run: 3, Failures: 0, Errors: 0, Skipped: 0, Time elapsed: 0.122 sec - in org.spdx.rdfparser.license.TestListedLicenses
Running org.spdx.rdfparser.license.TestListedExceptions
Tests run: 2, Failures: 0, Errors: 0, Skipped: 0, Time elapsed: 0.317 sec - in org.spdx.rdfparser.license.TestListedExceptions
Running org.spdx.rdfparser.license.TestConjunctiveLicenseSet
Tests run: 4, Failures: 0, Errors: 0, Skipped: 0, Time elapsed: 0.003 sec - in org.spdx.rdfparser.license.TestConjunctiveLicenseSet
Running org.spdx.rdfparser.license.TestLicenseInfoFactory
sun.net.www.protocol.file.FileURLConnection cannot be cast to java.net.HttpURLConnection
Tests run: 7, Failures: 0, Errors: 0, Skipped: 0, Time elapsed: 1.213 sec - in org.spdx.rdfparser.license.TestLicenseInfoFactory
Running org.spdx.rdfparser.license.TestExtractedLicenseInfo
Tests run: 10, Failures: 0, Errors: 0, Skipped: 0, Time elapsed: 0.788 sec - in org.spdx.rdfparser.license.TestExtractedLicenseInfo
Running org.spdx.rdfparser.license.TestOrLaterOperator
Tests run: 7, Failures: 0, Errors: 0, Skipped: 0, Time elapsed: 0.002 sec - in org.spdx.rdfparser.license.TestOrLaterOperator
Running org.spdx.rdfparser.license.TestWithExceptionOperator
Tests run: 8, Failures: 0, Errors: 0, Skipped: 0, Time elapsed: 0.327 sec - in org.spdx.rdfparser.license.TestWithExceptionOperator
Running org.spdx.rdfparser.license.TestSpdxListedLicense
Tests run: 10, Failures: 0, Errors: 0, Skipped: 0, Time elapsed: 0.011 sec - in org.spdx.rdfparser.license.TestSpdxListedLicense
Running org.spdx.rdfparser.TestSPDXChecksum
Tests run: 4, Failures: 0, Errors: 0, Skipped: 0, Time elapsed: 0.001 sec - in org.spdx.rdfparser.TestSPDXChecksum
Running org.spdx.rdfparser.TestSpdxDocumentContainer
Tests run: 20, Failures: 0, Errors: 0, Skipped: 0, Time elapsed: 0.161 sec - in org.spdx.rdfparser.TestSpdxDocumentContainer
Running org.spdx.rdfparser.VerificationCodeGeneratorTest
Tests run: 2, Failures: 0, Errors: 0, Skipped: 0, Time elapsed: 0.026 sec - in org.spdx.rdfparser.VerificationCodeGeneratorTest
Running org.spdx.rdfparser.TestSpdxPackageVerificationCode
Tests run: 4, Failures: 0, Errors: 0, Skipped: 0, Time elapsed: 0.002 sec - in org.spdx.rdfparser.TestSpdxPackageVerificationCode
Running org.spdx.html.TestMustache
Tests run: 1, Failures: 0, Errors: 0, Skipped: 0, Time elapsed: 0.092 sec - in org.spdx.html.TestMustache
Running org.spdx.html.TestLicenseTOCJSONFile
Tests run: 1, Failures: 0, Errors: 0, Skipped: 0, Time elapsed: 1.183 sec - in org.spdx.html.TestLicenseTOCJSONFile
Running org.spdx.compare.LicenseCompareHelperTest
Tests run: 20, Failures: 0, Errors: 0, Skipped: 0, Time elapsed: 2.072 sec - in org.spdx.compare.LicenseCompareHelperTest
Running org.spdx.compare.TestDocumentRelationshipSheet
Tests run: 1, Failures: 0, Errors: 0, Skipped: 0, Time elapsed: 0.032 sec - in org.spdx.compare.TestDocumentRelationshipSheet
Running org.spdx.compare.SpdxComparerTest
Tests run: 29, Failures: 0, Errors: 0, Skipped: 0, Time elapsed: 6.595 sec - in org.spdx.compare.SpdxComparerTest
Running org.spdx.compare.TestDocumentAnnotationSheet
Tests run: 1, Failures: 0, Errors: 0, Skipped: 0, Time elapsed: 0.005 sec - in org.spdx.compare.TestDocumentAnnotationSheet
Running org.spdx.compare.TestNormalizedFileNameComparator
Tests run: 6, Failures: 0, Errors: 0, Skipped: 0, Time elapsed: 0 sec - in org.spdx.compare.TestNormalizedFileNameComparator
Running org.spdx.compare.SpdxFileComparerTest
Tests run: 18, Failures: 0, Errors: 0, Skipped: 0, Time elapsed: 0.093 sec - in org.spdx.compare.SpdxFileComparerTest
Running org.spdx.compare.TestPackageSheet
Tests run: 19, Failures: 0, Errors: 0, Skipped: 0, Time elapsed: 6.775 sec - in org.spdx.compare.TestPackageSheet
Running org.spdx.compare.SpdxItemComparerTest
Tests run: 15, Failures: 0, Errors: 0, Skipped: 0, Time elapsed: 0.016 sec - in org.spdx.compare.SpdxItemComparerTest
Running org.spdx.compare.TestDocumentSheet
Tests run: 11, Failures: 0, Errors: 0, Skipped: 0, Time elapsed: 3.184 sec - in org.spdx.compare.TestDocumentSheet
Running org.spdx.compare.SpdxPackageComparerTest
Tests run: 22, Failures: 0, Errors: 0, Skipped: 0, Time elapsed: 0.018 sec - in org.spdx.compare.SpdxPackageComparerTest
Running org.spdx.compare.TestExternalDocReferencesSheet
Tests run: 1, Failures: 0, Errors: 0, Skipped: 0, Time elapsed: 0.006 sec - in org.spdx.compare.TestExternalDocReferencesSheet
Running org.spdx.compare.SpdxSnippetComparerTest
Tests run: 6, Failures: 0, Errors: 0, Skipped: 0, Time elapsed: 0.653 sec - in org.spdx.compare.SpdxSnippetComparerTest
Running org.spdx.compare.TestCompareTemplateOutputHandler
Tests run: 29, Failures: 0, Errors: 0, Skipped: 0, Time elapsed: 0.653 sec - in org.spdx.compare.TestCompareTemplateOutputHandler
Running org.spdx.merge.SpdxLicenseMapperTest
Tests run: 9, Failures: 0, Errors: 0, Skipped: 0, Time elapsed: 0.228 sec - in org.spdx.merge.SpdxLicenseMapperTest
Running org.spdx.merge.SpdxFileInfoMergerTest
Tests run: 1, Failures: 0, Errors: 0, Skipped: 0, Time elapsed: 0.017 sec - in org.spdx.merge.SpdxFileInfoMergerTest
Running org.spdx.merge.SpdxLicenseInfoMergerTest
Tests run: 3, Failures: 0, Errors: 0, Skipped: 0, Time elapsed: 0.1 sec - in org.spdx.merge.SpdxLicenseInfoMergerTest
Running org.spdx.merge.MergeToolTest
Tests run: 1, Failures: 0, Errors: 0, Skipped: 0, Time elapsed: 0 sec - in org.spdx.merge.MergeToolTest
Running org.spdx.tag.TestNoCommentInputStream
Tests run: 6, Failures: 0, Errors: 0, Skipped: 0, Time elapsed: 0.001 sec - in org.spdx.tag.TestNoCommentInputStream
Running org.spdx.tag.TestBuildDocument
Tests run: 5, Failures: 0, Errors: 0, Skipped: 0, Time elapsed: 0.697 sec - in org.spdx.tag.TestBuildDocument
Running org.spdx.spdxspreadsheet.TestOriginsSheet
Tests run: 8, Failures: 0, Errors: 0, Skipped: 0, Time elapsed: 0.009 sec - in org.spdx.spdxspreadsheet.TestOriginsSheet
Running org.spdx.spdxspreadsheet.TestRelationshipSheet
Tests run: 2, Failures: 0, Errors: 0, Skipped: 0, Time elapsed: 0.002 sec - in org.spdx.spdxspreadsheet.TestRelationshipSheet
Running org.spdx.spdxspreadsheet.TestSnippetSheetTest
Tests run: 3, Failures: 0, Errors: 0, Skipped: 0, Time elapsed: 0.006 sec - in org.spdx.spdxspreadsheet.TestSnippetSheetTest
Running org.spdx.spdxspreadsheet.TestPerFileSheet
Tests run: 3, Failures: 0, Errors: 0, Skipped: 0, Time elapsed: 0.012 sec - in org.spdx.spdxspreadsheet.TestPerFileSheet
Running org.spdx.spdxspreadsheet.TestPackageInfoSheet
Tests run: 2, Failures: 0, Errors: 0, Skipped: 0, Time elapsed: 0.009 sec - in org.spdx.spdxspreadsheet.TestPackageInfoSheet
Running org.spdx.spdxspreadsheet.TestAnnotationSheet
Tests run: 2, Failures: 0, Errors: 0, Skipped: 0, Time elapsed: 0 sec - in org.spdx.spdxspreadsheet.TestAnnotationSheet

Results :

Tests run: 637, Failures: 0, Errors: 0, Skipped: 0

[INFO] 
[INFO] --- jacoco-maven-plugin:0.8.5:report (report) @ spdx-tools ---
[INFO] Loading execution data file /tmp/tmpfr9porol/tools/target/jacoco.exec
[INFO] Analyzed bundle 'SPDX tools' with 472 classes
[INFO] ------------------------------------------------------------------------
[INFO] BUILD SUCCESS
[INFO] ------------------------------------------------------------------------
[INFO] Total time:  01:08 min
[INFO] Finished at: 2020-07-30T22:46:32Z
[INFO] ------------------------------------------------------------------------
