[INFO] Error stacktraces are turned on.
[INFO] Scanning for projects...
[INFO] 
[INFO] ------------------------< io.vavr:vavr-render >-------------------------
[INFO] Building vavr-render 1.0.0-SNAPSHOT
[INFO] --------------------------------[ jar ]---------------------------------
[INFO] 
[INFO] --- maven-enforcer-plugin:1.2:enforce (enforce-maven) @ vavr-render ---
[INFO] 
[INFO] --- jacoco-maven-plugin:0.8.5:prepare-agent (default) @ vavr-render ---
[INFO] argLine set to -javaagent:/home/jdbl/.m2/repository/org/jacoco/org.jacoco.agent/0.8.5/org.jacoco.agent-0.8.5-runtime.jar=destfile=/tmp/tmpz34irki1/vavr-render/target/jacoco.exec
[INFO] 
[INFO] --- maven-resources-plugin:2.6:resources (default-resources) @ vavr-render ---
[INFO] Using 'UTF-8' encoding to copy filtered resources.
[INFO] skip non existing resourceDirectory /tmp/tmpz34irki1/vavr-render/src/main/resources
[INFO] 
[INFO] --- maven-compiler-plugin:3.2:compile (default-compile) @ vavr-render ---
[INFO] Changes detected - recompiling the module!
[INFO] Compiling 6 source files to /tmp/tmpz34irki1/vavr-render/target/classes
[INFO] 
[INFO] --- maven-resources-plugin:2.6:testResources (default-testResources) @ vavr-render ---
[INFO] Using 'UTF-8' encoding to copy filtered resources.
[INFO] skip non existing resourceDirectory /tmp/tmpz34irki1/vavr-render/src/test/resources
[INFO] 
[INFO] --- maven-compiler-plugin:3.2:testCompile (default-testCompile) @ vavr-render ---
[INFO] Changes detected - recompiling the module!
[INFO] Compiling 5 source files to /tmp/tmpz34irki1/vavr-render/target/test-classes
[INFO] 
[INFO] --- maven-surefire-plugin:2.19.1:test (default-test) @ vavr-render ---
[INFO] Surefire report directory: /tmp/tmpz34irki1/vavr-render/target/surefire-reports

-------------------------------------------------------
 T E S T S
-------------------------------------------------------
Running io.vavr.render.swing.TreeTest
Tests run: 1, Failures: 0, Errors: 0, Skipped: 0, Time elapsed: 0.24 sec - in io.vavr.render.swing.TreeTest
Running io.vavr.render.dot.DotTest
Tests run: 1, Failures: 0, Errors: 0, Skipped: 0, Time elapsed: 0 sec - in io.vavr.render.dot.DotTest
Running io.vavr.render.text.BoxTest
Tests run: 3, Failures: 0, Errors: 0, Skipped: 0, Time elapsed: 0.008 sec - in io.vavr.render.text.BoxTest
Running io.vavr.render.text.BoxesTest
Tests run: 1, Failures: 0, Errors: 0, Skipped: 0, Time elapsed: 0.006 sec - in io.vavr.render.text.BoxesTest
Running io.vavr.render.text.PrettyPrinterTest
Tests run: 1, Failures: 0, Errors: 0, Skipped: 0, Time elapsed: 0.022 sec - in io.vavr.render.text.PrettyPrinterTest

Results :

Tests run: 7, Failures: 0, Errors: 0, Skipped: 0

[INFO] 
[INFO] --- jacoco-maven-plugin:0.8.5:report (report) @ vavr-render ---
[INFO] Loading execution data file /tmp/tmpz34irki1/vavr-render/target/jacoco.exec
[INFO] Analyzed bundle 'vavr-render' with 966 classes
[INFO] ------------------------------------------------------------------------
[INFO] BUILD SUCCESS
[INFO] ------------------------------------------------------------------------
[INFO] Total time:  8.315 s
[INFO] Finished at: 2020-07-31T08:40:00Z
[INFO] ------------------------------------------------------------------------
