[INFO] Error stacktraces are turned on.
[INFO] Scanning for projects...
[INFO] 
[INFO] -------------------------< ynab.sdk:ynab-sdk >--------------------------
[INFO] Building ynab-sdk 0.0.3
[INFO] --------------------------------[ jar ]---------------------------------
[INFO] 
[INFO] --- maven-enforcer-plugin:3.0.0-M1:enforce (enforce-maven) @ ynab-sdk ---
[INFO] 
[INFO] --- jacoco-maven-plugin:0.8.5:prepare-agent (default) @ ynab-sdk ---
[INFO] argLine set to -javaagent:/home/jdbl/.m2/repository/org/jacoco/org.jacoco.agent/0.8.5/org.jacoco.agent-0.8.5-runtime.jar=destfile=/tmp/tmpfg3c45g6/ynab-sdk/target/jacoco.exec
[INFO] 
[INFO] --- build-helper-maven-plugin:1.10:add-source (add_sources) @ ynab-sdk ---
[INFO] Source directory: /tmp/tmpfg3c45g6/ynab-sdk/src/main/java added.
[INFO] 
[INFO] --- maven-resources-plugin:2.6:resources (default-resources) @ ynab-sdk ---
[INFO] Using 'UTF-8' encoding to copy filtered resources.
[INFO] skip non existing resourceDirectory /tmp/tmpfg3c45g6/ynab-sdk/src/main/resources
[INFO] 
[INFO] --- maven-compiler-plugin:3.1:compile (default-compile) @ ynab-sdk ---
[INFO] Changes detected - recompiling the module!
[INFO] Compiling 89 source files to /tmp/tmpfg3c45g6/ynab-sdk/target/classes
[INFO] 
[INFO] --- build-helper-maven-plugin:1.10:add-test-source (add_test_sources) @ ynab-sdk ---
[INFO] Test Source directory: /tmp/tmpfg3c45g6/ynab-sdk/src/test/java added.
[INFO] 
[INFO] --- maven-resources-plugin:2.6:testResources (default-testResources) @ ynab-sdk ---
[INFO] Using 'UTF-8' encoding to copy filtered resources.
[INFO] skip non existing resourceDirectory /tmp/tmpfg3c45g6/ynab-sdk/src/test/resources
[INFO] 
[INFO] --- maven-compiler-plugin:3.1:testCompile (default-testCompile) @ ynab-sdk ---
[INFO] Changes detected - recompiling the module!
[INFO] Compiling 9 source files to /tmp/tmpfg3c45g6/ynab-sdk/target/test-classes
[INFO] 
[INFO] --- maven-surefire-plugin:2.19.1:test (default-test) @ ynab-sdk ---
[INFO] Surefire report directory: /tmp/tmpfg3c45g6/ynab-sdk/target/surefire-reports

-------------------------------------------------------
 T E S T S
-------------------------------------------------------
Running ynab.client.api.UserApiTest
Tests run: 1, Failures: 0, Errors: 0, Skipped: 1, Time elapsed: 0.012 sec - in ynab.client.api.UserApiTest
Running ynab.client.api.TransactionsApiTest
Tests run: 1, Failures: 0, Errors: 0, Skipped: 1, Time elapsed: 0 sec - in ynab.client.api.TransactionsApiTest
Running ynab.client.api.ScheduledTransactionsApiTest
Tests run: 1, Failures: 0, Errors: 0, Skipped: 1, Time elapsed: 0 sec - in ynab.client.api.ScheduledTransactionsApiTest
Running ynab.client.api.MonthsApiTest
Tests run: 1, Failures: 0, Errors: 0, Skipped: 1, Time elapsed: 0 sec - in ynab.client.api.MonthsApiTest
Running ynab.client.api.BudgetsApiTest
Setup
Setup
Tests run: 2, Failures: 0, Errors: 0, Skipped: 0, Time elapsed: 1.274 sec - in ynab.client.api.BudgetsApiTest
Running ynab.client.api.PayeeLocationsApiTest
Tests run: 1, Failures: 0, Errors: 0, Skipped: 1, Time elapsed: 0 sec - in ynab.client.api.PayeeLocationsApiTest
Running ynab.client.api.CategoriesApiTest
Tests run: 1, Failures: 0, Errors: 0, Skipped: 1, Time elapsed: 0 sec - in ynab.client.api.CategoriesApiTest
Running ynab.client.api.AccountsApiTest
Setup
Setup
Tests run: 2, Failures: 0, Errors: 0, Skipped: 0, Time elapsed: 0.066 sec - in ynab.client.api.AccountsApiTest
Running ynab.client.api.PayeesApiTest
Tests run: 1, Failures: 0, Errors: 0, Skipped: 1, Time elapsed: 0.001 sec - in ynab.client.api.PayeesApiTest

Results :

Tests run: 11, Failures: 0, Errors: 0, Skipped: 7

[INFO] 
[INFO] --- jacoco-maven-plugin:0.8.5:report (report) @ ynab-sdk ---
[INFO] Loading execution data file /tmp/tmpfg3c45g6/ynab-sdk/target/jacoco.exec
[INFO] Analyzed bundle 'ynab-sdk' with 447 classes
[INFO] ------------------------------------------------------------------------
[INFO] BUILD SUCCESS
[INFO] ------------------------------------------------------------------------
[INFO] Total time:  18.641 s
[INFO] Finished at: 2020-07-30T21:39:39Z
[INFO] ------------------------------------------------------------------------
