[INFO] Error stacktraces are turned on.
[INFO] Scanning for projects...
[INFO] 
[INFO] -----------------------< org.jmmo:vertx-crawler >-----------------------
[INFO] Building Web Crawler based on Vert.x 1.0-SNAPSHOT
[INFO] --------------------------------[ jar ]---------------------------------
[INFO] 
[INFO] --- jacoco-maven-plugin:0.8.5:prepare-agent (default) @ vertx-crawler ---
[INFO] argLine set to -javaagent:/home/jdbl/.m2/repository/org/jacoco/org.jacoco.agent/0.8.5/org.jacoco.agent-0.8.5-runtime.jar=destfile=/tmp/tmpukw1nj0t/vertx-crawler/target/jacoco.exec
[INFO] 
[INFO] --- maven-resources-plugin:2.6:resources (default-resources) @ vertx-crawler ---
[INFO] Using 'UTF-8' encoding to copy filtered resources.
[INFO] Copying 2 resources
[INFO] 
[INFO] --- maven-compiler-plugin:3.1:compile (default-compile) @ vertx-crawler ---
[INFO] Changes detected - recompiling the module!
[INFO] Compiling 12 source files to /tmp/tmpukw1nj0t/vertx-crawler/target/classes
[INFO] 
[INFO] --- maven-resources-plugin:2.6:testResources (default-testResources) @ vertx-crawler ---
[INFO] Using 'UTF-8' encoding to copy filtered resources.
[INFO] skip non existing resourceDirectory /tmp/tmpukw1nj0t/vertx-crawler/src/test/resources
[INFO] 
[INFO] --- maven-compiler-plugin:3.1:testCompile (default-testCompile) @ vertx-crawler ---
[INFO] Changes detected - recompiling the module!
[INFO] Compiling 1 source file to /tmp/tmpukw1nj0t/vertx-crawler/target/test-classes
[INFO] 
[INFO] --- maven-surefire-plugin:2.19.1:test (default-test) @ vertx-crawler ---
[INFO] Surefire report directory: /tmp/tmpukw1nj0t/vertx-crawler/target/surefire-reports

-------------------------------------------------------
 T E S T S
-------------------------------------------------------
Running org.jmmo.crawler.CrawlerVehicleTest
Tests run: 2, Failures: 0, Errors: 0, Skipped: 0, Time elapsed: 0.316 sec - in org.jmmo.crawler.CrawlerVehicleTest

Results :

Tests run: 2, Failures: 0, Errors: 0, Skipped: 0

[INFO] 
[INFO] --- jacoco-maven-plugin:0.8.5:report (report) @ vertx-crawler ---
[INFO] Loading execution data file /tmp/tmpukw1nj0t/vertx-crawler/target/jacoco.exec
[INFO] Analyzed bundle 'Web Crawler based on Vert.x' with 231 classes
[INFO] ------------------------------------------------------------------------
[INFO] BUILD SUCCESS
[INFO] ------------------------------------------------------------------------
[INFO] Total time:  9.764 s
[INFO] Finished at: 2020-07-30T20:37:39Z
[INFO] ------------------------------------------------------------------------
