[INFO] Error stacktraces are turned on.
[INFO] Scanning for projects...
[INFO] 
[INFO] ------------------------< se.kth.castor:sorald >------------------------
[INFO] Building Sorald 1.1-SNAPSHOT
[INFO] --------------------------------[ jar ]---------------------------------
[INFO] 
[INFO] --- jacoco-maven-plugin:0.8.5:prepare-agent (default) @ sorald ---
[INFO] argLine set to -javaagent:/home/jdbl/.m2/repository/org/jacoco/org.jacoco.agent/0.8.5/org.jacoco.agent-0.8.5-runtime.jar=destfile=/tmp/tmp9foxbxyy/sorald/target/jacoco.exec
[INFO] 
[INFO] --- maven-resources-plugin:2.6:resources (default-resources) @ sorald ---
[INFO] Using 'UTF-8' encoding to copy filtered resources.
[INFO] skip non existing resourceDirectory /tmp/tmp9foxbxyy/sorald/src/main/resources
[INFO] 
[INFO] --- maven-compiler-plugin:3.8.1:compile (default-compile) @ sorald ---
[INFO] Changes detected - recompiling the module!
[INFO] Compiling 30 source files to /tmp/tmp9foxbxyy/sorald/target/classes
[INFO] /tmp/tmp9foxbxyy/sorald/src/main/java/sorald/DefaultRepair.java: Some input files use unchecked or unsafe operations.
[INFO] /tmp/tmp9foxbxyy/sorald/src/main/java/sorald/DefaultRepair.java: Recompile with -Xlint:unchecked for details.
[INFO] 
[INFO] --- maven-resources-plugin:2.6:testResources (default-testResources) @ sorald ---
[INFO] Using 'UTF-8' encoding to copy filtered resources.
[INFO] Copying 21 resources
[INFO] 
[INFO] --- maven-compiler-plugin:3.8.1:testCompile (default-testCompile) @ sorald ---
[INFO] Changes detected - recompiling the module!
[INFO] Compiling 23 source files to /tmp/tmp9foxbxyy/sorald/target/test-classes
[INFO] 
[INFO] --- maven-surefire-plugin:2.19.1:test (default-test) @ sorald ---
[INFO] Surefire report directory: /tmp/tmp9foxbxyy/sorald/target/surefire-reports

-------------------------------------------------------
 T E S T S
-------------------------------------------------------
Running sorald.SoraldConfigTest
Tests run: 1, Failures: 0, Errors: 0, Skipped: 0, Time elapsed: 0.384 sec - in sorald.SoraldConfigTest
Running sorald.FileOutputStrategyTest
[main] INFO org.reflections.Reflections - Reflections took 538 ms to scan 2 urls, producing 3 keys and 35 values 
[main] INFO spoon.Launcher - Running in NOCLASSPATH mode (doc: http://spoon.gforge.inria.fr/launcher.html).
INFO  19 source files to be analyzed
INFO  19/19 source files have been analyzed
-----Number of fixes------
CompareStringsBoxedTypesWithEqualsProcessor: 3
-----End of report------
done
[main] INFO spoon.Launcher - Running in NOCLASSPATH mode (doc: http://spoon.gforge.inria.fr/launcher.html).
INFO  19 source files to be analyzed
INFO  19/19 source files have been analyzed
-----Number of fixes------
CompareStringsBoxedTypesWithEqualsProcessor: 3
-----End of report------
done
[main] INFO spoon.Launcher - Running in NOCLASSPATH mode (doc: http://spoon.gforge.inria.fr/launcher.html).
INFO  19 source files to be analyzed
INFO  19/19 source files have been analyzed
-----Number of fixes------
CompareStringsBoxedTypesWithEqualsProcessor: 3
-----End of report------
done
Tests run: 3, Failures: 0, Errors: 0, Skipped: 0, Time elapsed: 12.73 sec - in sorald.FileOutputStrategyTest
Running sorald.MultipleProcessorsTest
[main] INFO spoon.Launcher - Running in NOCLASSPATH mode (doc: http://spoon.gforge.inria.fr/launcher.html).
INFO  1 source files to be analyzed
INFO  1/1 source files have been analyzed
[main] INFO spoon.Launcher - Running in NOCLASSPATH mode (doc: http://spoon.gforge.inria.fr/launcher.html).
INFO  1 source files to be analyzed
[main] INFO spoon.Launcher - Running in NOCLASSPATH mode (doc: http://spoon.gforge.inria.fr/launcher.html).
INFO  1/1 source files have been analyzed
INFO  1 source files to be analyzed
INFO  1/1 source files have been analyzed
-----Number of fixes------
BigDecimalDoubleConstructorProcessor: 1
CastArithmeticOperandProcessor: 1
EqualsOnAtomicClassProcessor: 1
-----End of report------
done
INFO  1 source files to be analyzed
INFO  1/1 source files have been analyzed
INFO  1 source files to be analyzed
INFO  1/1 source files have been analyzed
INFO  1 source files to be analyzed
INFO  1/1 source files have been analyzed
Tests run: 1, Failures: 0, Errors: 0, Skipped: 0, Time elapsed: 1.024 sec - in sorald.MultipleProcessorsTest
Running sorald.miner.WarningMinerTest
INFO  1 source files to be analyzed
INFO  1 source files to be analyzed
INFO  1/1 source files have been analyzed
INFO  1/1 source files have been analyzed
INFO  1 source files to be analyzed
INFO  1/1 source files have been analyzed
INFO  1 source files to be analyzed
INFO  1/1 source files have been analyzed
INFO  1 source files to be analyzed
INFO  1/1 source files have been analyzed
INFO  1 source files to be analyzed
INFO  1/1 source files have been analyzed
INFO  1 source files to be analyzed
INFO  1/1 source files have been analyzed
INFO  1 source files to be analyzed
INFO  1/1 source files have been analyzed
INFO  1 source files to be analyzed
INFO  1/1 source files have been analyzed
INFO  1 source files to be analyzed
INFO  1/1 source files have been analyzed
INFO  1 source files to be analyzed
INFO  1 source files to be analyzed
INFO  1/1 source files have been analyzed
INFO  1/1 source files have been analyzed
INFO  1 source files to be analyzed
INFO  1/1 source files have been analyzed
INFO  1 source files to be analyzed
INFO  1/1 source files have been analyzed
INFO  1 source files to be analyzed
INFO  1/1 source files have been analyzed
INFO  1 source files to be analyzed
INFO  1/1 source files have been analyzed
INFO  1 source files to be analyzed
INFO  1/1 source files have been analyzed
INFO  1 source files to be analyzed
INFO  1/1 source files have been analyzed
INFO  1 source files to be analyzed
INFO  1/1 source files have been analyzed
INFO  1 source files to be analyzed
INFO  1/1 source files have been analyzed
INFO  1 source files to be analyzed
INFO  1/1 source files have been analyzed
INFO  1 source files to be analyzed
INFO  1 source files to be analyzed
INFO  1/1 source files have been analyzed
INFO  1/1 source files have been analyzed
INFO  1 source files to be analyzed
INFO  1/1 source files have been analyzed
INFO  1 source files to be analyzed
INFO  1/1 source files have been analyzed
INFO  1 source files to be analyzed
INFO  1 source files to be analyzed
INFO  1/1 source files have been analyzed
INFO  1/1 source files have been analyzed
INFO  1 source files to be analyzed
INFO  1/1 source files have been analyzed
INFO  1 source files to be analyzed
INFO  1/1 source files have been analyzed
INFO  1 source files to be analyzed
INFO  1/1 source files have been analyzed
INFO  1 source files to be analyzed
INFO  1/1 source files have been analyzed
INFO  1 source files to be analyzed
INFO  1/1 source files have been analyzed
INFO  1 source files to be analyzed
INFO  1/1 source files have been analyzed
INFO  1 source files to be analyzed
INFO  1/1 source files have been analyzed
INFO  1 source files to be analyzed
INFO  1/1 source files have been analyzed
INFO  1 source files to be analyzed
INFO  1/1 source files have been analyzed
INFO  1 source files to be analyzed
INFO  1/1 source files have been analyzed
INFO  1 source files to be analyzed
INFO  1/1 source files have been analyzed
INFO  1 source files to be analyzed
INFO  1/1 source files have been analyzed
INFO  1 source files to be analyzed
INFO  1/1 source files have been analyzed
INFO  1 source files to be analyzed
INFO  1/1 source files have been analyzed
INFO  1 source files to be analyzed
INFO  1/1 source files have been analyzed
INFO  1 source files to be analyzed
INFO  1/1 source files have been analyzed
INFO  1 source files to be analyzed
INFO  1/1 source files have been analyzed
INFO  1 source files to be analyzed
INFO  1/1 source files have been analyzed
INFO  1 source files to be analyzed
INFO  1/1 source files have been analyzed
INFO  1 source files to be analyzed
INFO  1/1 source files have been analyzed
INFO  1 source files to be analyzed
INFO  1/1 source files have been analyzed
INFO  1 source files to be analyzed
INFO  1/1 source files have been analyzed
INFO  1 source files to be analyzed
INFO  1/1 source files have been analyzed
INFO  1 source files to be analyzed
INFO  1 source files to be analyzed
INFO  1/1 source files have been analyzed
INFO  1/1 source files have been analyzed
INFO  1 source files to be analyzed
INFO  1/1 source files have been analyzed
INFO  1 source files to be analyzed
INFO  1/1 source files have been analyzed
INFO  1 source files to be analyzed
INFO  1/1 source files have been analyzed
INFO  1 source files to be analyzed
INFO  1/1 source files have been analyzed
INFO  1 source files to be analyzed
INFO  1/1 source files have been analyzed
INFO  1 source files to be analyzed
INFO  1/1 source files have been analyzed
INFO  1 source files to be analyzed
INFO  1/1 source files have been analyzed
INFO  1 source files to be analyzed
INFO  1/1 source files have been analyzed
INFO  1 source files to be analyzed
INFO  1/1 source files have been analyzed
INFO  1 source files to be analyzed
INFO  1/1 source files have been analyzed
INFO  1 source files to be analyzed
INFO  1/1 source files have been analyzed
INFO  1 source files to be analyzed
INFO  1/1 source files have been analyzed
INFO  1 source files to be analyzed
INFO  1 source files to be analyzed
INFO  1/1 source files have been analyzed
INFO  1/1 source files have been analyzed
INFO  1 source files to be analyzed
INFO  1/1 source files have been analyzed
INFO  1 source files to be analyzed
INFO  1/1 source files have been analyzed
INFO  1 source files to be analyzed
INFO  1/1 source files have been analyzed
INFO  1 source files to be analyzed
INFO  1/1 source files have been analyzed
INFO  1 source files to be analyzed
INFO  1/1 source files have been analyzed
INFO  1 source files to be analyzed
INFO  1/1 source files have been analyzed
INFO  1 source files to be analyzed
INFO  1 source files to be analyzed
INFO  1/1 source files have been analyzed
INFO  1/1 source files have been analyzed
INFO  1 source files to be analyzed
INFO  1/1 source files have been analyzed
INFO  1 source files to be analyzed
INFO  1/1 source files have been analyzed
INFO  1 source files to be analyzed
INFO  1/1 source files have been analyzed
INFO  1 source files to be analyzed
INFO  1/1 source files have been analyzed
INFO  1 source files to be analyzed
INFO  1/1 source files have been analyzed
INFO  1 source files to be analyzed
INFO  1/1 source files have been analyzed
INFO  1 source files to be analyzed
INFO  1 source files to be analyzed
INFO  1/1 source files have been analyzed
INFO  1 source files to be analyzed
INFO  1/1 source files have been analyzed
INFO  1/1 source files have been analyzed
INFO  1 source files to be analyzed
INFO  1/1 source files have been analyzed
INFO  1 source files to be analyzed
INFO  1/1 source files have been analyzed
INFO  1 source files to be analyzed
INFO  1/1 source files have been analyzed
INFO  1 source files to be analyzed
INFO  1/1 source files have been analyzed
INFO  1 source files to be analyzed
INFO  1/1 source files have been analyzed
INFO  1 source files to be analyzed
INFO  1/1 source files have been analyzed
INFO  1 source files to be analyzed
INFO  1/1 source files have been analyzed
INFO  1 source files to be analyzed
INFO  1/1 source files have been analyzed
INFO  1 source files to be analyzed
INFO  1/1 source files have been analyzed
INFO  1 source files to be analyzed
INFO  1/1 source files have been analyzed
INFO  1 source files to be analyzed
INFO  1/1 source files have been analyzed
INFO  1 source files to be analyzed
INFO  1/1 source files have been analyzed
INFO  1 source files to be analyzed
INFO  1/1 source files have been analyzed
INFO  1 source files to be analyzed
INFO  1/1 source files have been analyzed
INFO  1 source files to be analyzed
INFO  1/1 source files have been analyzed
INFO  1 source files to be analyzed
INFO  1/1 source files have been analyzed
INFO  1 source files to be analyzed
INFO  1/1 source files have been analyzed
INFO  1 source files to be analyzed
INFO  1/1 source files have been analyzed
INFO  1 source files to be analyzed
INFO  1/1 source files have been analyzed
INFO  1 source files to be analyzed
INFO  1/1 source files have been analyzed
INFO  1 source files to be analyzed
INFO  1/1 source files have been analyzed
INFO  1 source files to be analyzed
INFO  1/1 source files have been analyzed
INFO  1 source files to be analyzed
INFO  1/1 source files have been analyzed
INFO  1 source files to be analyzed
INFO  1/1 source files have been analyzed
INFO  1 source files to be analyzed
INFO  1/1 source files have been analyzed
INFO  1 source files to be analyzed
INFO  1/1 source files have been analyzed
INFO  1 source files to be analyzed
INFO  1/1 source files have been analyzed
INFO  1 source files to be analyzed
INFO  1/1 source files have been analyzed
INFO  1 source files to be analyzed
INFO  1/1 source files have been analyzed
INFO  1 source files to be analyzed
INFO  1/1 source files have been analyzed
INFO  1 source files to be analyzed
INFO  1 source files to be analyzed
INFO  1/1 source files have been analyzed
INFO  1/1 source files have been analyzed
INFO  1 source files to be analyzed
INFO  1/1 source files have been analyzed
INFO  1 source files to be analyzed
INFO  1/1 source files have been analyzed
INFO  1 source files to be analyzed
INFO  1/1 source files have been analyzed
INFO  1 source files to be analyzed
INFO  1/1 source files have been analyzed
INFO  1 source files to be analyzed
INFO  1/1 source files have been analyzed
Tests run: 1, Failures: 0, Errors: 0, Skipped: 0, Time elapsed: 52.925 sec - in sorald.miner.WarningMinerTest
Running sorald.processor.DeadStoreProcessorTest
INFO  1 source files to be analyzed
INFO  1/1 source files have been analyzed
[main] INFO spoon.Launcher - Running in NOCLASSPATH mode (doc: http://spoon.gforge.inria.fr/launcher.html).
INFO  1 source files to be analyzed
INFO  1/1 source files have been analyzed
-----Number of fixes------
DeadStoreProcessor: 3
-----End of report------
done
INFO  1 source files to be analyzed
INFO  1/1 source files have been analyzed
Tests run: 1, Failures: 0, Errors: 0, Skipped: 0, Time elapsed: 0.227 sec - in sorald.processor.DeadStoreProcessorTest
Running sorald.processor.IteratorNextExceptionProcessorTest
INFO  1 source files to be analyzed
INFO  1/1 source files have been analyzed
[main] INFO spoon.Launcher - Running in NOCLASSPATH mode (doc: http://spoon.gforge.inria.fr/launcher.html).
INFO  1 source files to be analyzed
INFO  1/1 source files have been analyzed
-----Number of fixes------
IteratorNextExceptionProcessor: 1
-----End of report------
done
INFO  1 source files to be analyzed
INFO  1/1 source files have been analyzed
Tests run: 1, Failures: 0, Errors: 0, Skipped: 0, Time elapsed: 0.25 sec - in sorald.processor.IteratorNextExceptionProcessorTest
Running sorald.processor.SelfAssignementProcessorTest
INFO  1 source files to be analyzed
INFO  1/1 source files have been analyzed
[main] INFO spoon.Launcher - Running in NOCLASSPATH mode (doc: http://spoon.gforge.inria.fr/launcher.html).
INFO  1 source files to be analyzed
INFO  1/1 source files have been analyzed
-----Number of fixes------
SelfAssignementProcessor: 10
-----End of report------
done
INFO  1 source files to be analyzed
INFO  1/1 source files have been analyzed
Tests run: 1, Failures: 0, Errors: 0, Skipped: 0, Time elapsed: 0.3 sec - in sorald.processor.SelfAssignementProcessorTest
Running sorald.processor.SynchronizationOnGetClassProcessorTest
INFO  1 source files to be analyzed
INFO  1/1 source files have been analyzed
[main] INFO spoon.Launcher - Running in NOCLASSPATH mode (doc: http://spoon.gforge.inria.fr/launcher.html).
INFO  1 source files to be analyzed
INFO  1/1 source files have been analyzed
-----Number of fixes------
SynchronizationOnGetClassProcessor: 2
-----End of report------
done
INFO  1 source files to be analyzed
Tests run: 1, Failures: 0, Errors: 0, Skipped: 0, Time elapsed: 0.149 sec - in sorald.processor.SynchronizationOnGetClassProcessorTest
INFO  1/1 source files have been analyzed
Running sorald.processor.ArrayHashCodeAndToStringProcessorTest
INFO  1 source files to be analyzed
INFO  1/1 source files have been analyzed
[main] INFO spoon.Launcher - Running in NOCLASSPATH mode (doc: http://spoon.gforge.inria.fr/launcher.html).
INFO  1 source files to be analyzed
INFO  1/1 source files have been analyzed
-----Number of fixes------
ArrayHashCodeAndToStringProcessor: 1
-----End of report------
done
INFO  1 source files to be analyzed
INFO  1/1 source files have been analyzed
INFO  1 source files to be analyzed
INFO  1/1 source files have been analyzed
[main] INFO spoon.Launcher - Running in NOCLASSPATH mode (doc: http://spoon.gforge.inria.fr/launcher.html).
INFO  1 source files to be analyzed
INFO  1/1 source files have been analyzed
-----Number of fixes------
ArrayHashCodeAndToStringProcessor: 4
-----End of report------
done
INFO  1 source files to be analyzed
INFO  1/1 source files have been analyzed
Tests run: 2, Failures: 0, Errors: 0, Skipped: 0, Time elapsed: 6.121 sec - in sorald.processor.ArrayHashCodeAndToStringProcessorTest
Running sorald.processor.UnusedThrowableProcessorTest
INFO  1 source files to be analyzed
[main] INFO spoon.Launcher - Running in NOCLASSPATH mode (doc: http://spoon.gforge.inria.fr/launcher.html).
INFO  1/1 source files have been analyzed
INFO  1 source files to be analyzed
INFO  1/1 source files have been analyzed
-----Number of fixes------
UnusedThrowableProcessor: 1
-----End of report------
done
INFO  1 source files to be analyzed
INFO  1/1 source files have been analyzed
Tests run: 1, Failures: 0, Errors: 0, Skipped: 0, Time elapsed: 0.133 sec - in sorald.processor.UnusedThrowableProcessorTest
Running sorald.processor.MathOnFloatProcessorTest
INFO  1 source files to be analyzed
[main] INFO spoon.Launcher - Running in NOCLASSPATH mode (doc: http://spoon.gforge.inria.fr/launcher.html).
INFO  1/1 source files have been analyzed
INFO  1 source files to be analyzed
INFO  1/1 source files have been analyzed
-----Number of fixes------
MathOnFloatProcessor: 7
-----End of report------
done
INFO  1 source files to be analyzed
Tests run: 1, Failures: 0, Errors: 0, Skipped: 0, Time elapsed: 0.164 sec - in sorald.processor.MathOnFloatProcessorTest
Running sorald.processor.EqualsOnAtomicClassProcessorTest
INFO  1/1 source files have been analyzed
INFO  1 source files to be analyzed
INFO  1/1 source files have been analyzed
[main] INFO spoon.Launcher - Running in NOCLASSPATH mode (doc: http://spoon.gforge.inria.fr/launcher.html).
INFO  1 source files to be analyzed
INFO  1/1 source files have been analyzed
-----Number of fixes------
EqualsOnAtomicClassProcessor: 3
-----End of report------
done
INFO  1 source files to be analyzed
INFO  1/1 source files have been analyzed
Tests run: 1, Failures: 0, Errors: 0, Skipped: 0, Time elapsed: 0.146 sec - in sorald.processor.EqualsOnAtomicClassProcessorTest
Running sorald.processor.MaxFixesPerRuleTest
INFO  1 source files to be analyzed
INFO  1/1 source files have been analyzed
[main] INFO spoon.Launcher - Running in NOCLASSPATH mode (doc: http://spoon.gforge.inria.fr/launcher.html).
INFO  1 source files to be analyzed
INFO  1/1 source files have been analyzed
-----Number of fixes------
ArrayHashCodeAndToStringProcessor: 3
-----End of report------
done
INFO  1 source files to be analyzed
INFO  1/1 source files have been analyzed
Tests run: 1, Failures: 0, Errors: 0, Skipped: 0, Time elapsed: 0.423 sec - in sorald.processor.MaxFixesPerRuleTest
Running sorald.processor.CompareToReturnValueProcessorTest
./src/test/resources/CompareToReturnValue.java
INFO  1 source files to be analyzed
INFO  1/1 source files have been analyzed
[main] INFO spoon.Launcher - Running in NOCLASSPATH mode (doc: http://spoon.gforge.inria.fr/launcher.html).
INFO  1 source files to be analyzed
INFO  1/1 source files have been analyzed
-----Number of fixes------
CompareToReturnValueProcessor: 4
-----End of report------
done
INFO  1 source files to be analyzed
INFO  1/1 source files have been analyzed
Tests run: 1, Failures: 0, Errors: 0, Skipped: 0, Time elapsed: 0.164 sec - in sorald.processor.CompareToReturnValueProcessorTest
Running sorald.processor.GetClassLoaderProcessorTest
INFO  1 source files to be analyzed
INFO  1/1 source files have been analyzed
[main] INFO spoon.Launcher - Running in NOCLASSPATH mode (doc: http://spoon.gforge.inria.fr/launcher.html).
INFO  1 source files to be analyzed
INFO  1/1 source files have been analyzed
-----Number of fixes------
GetClassLoaderProcessor: 5
-----End of report------
done
INFO  1 source files to be analyzed
Tests run: 1, Failures: 0, Errors: 0, Skipped: 0, Time elapsed: 0.195 sec - in sorald.processor.GetClassLoaderProcessorTest
Running sorald.processor.InterruptedExceptionProcessorTest
INFO  1 source files to be analyzed
INFO  1/1 source files have been analyzed
[main] INFO spoon.Launcher - Running in NOCLASSPATH mode (doc: http://spoon.gforge.inria.fr/launcher.html).
INFO  1/1 source files have been analyzed
INFO  1 source files to be analyzed
INFO  1/1 source files have been analyzed
-----Number of fixes------
InterruptedExceptionProcessor: 8
-----End of report------
done
INFO  1 source files to be analyzed
INFO  1/1 source files have been analyzed
Tests run: 1, Failures: 0, Errors: 0, Skipped: 0, Time elapsed: 0.202 sec - in sorald.processor.InterruptedExceptionProcessorTest
Running sorald.processor.SynchronizationOnStringOrBoxedProcessorTest
INFO  1 source files to be analyzed
[main] INFO spoon.Launcher - Running in NOCLASSPATH mode (doc: http://spoon.gforge.inria.fr/launcher.html).
INFO  1/1 source files have been analyzed
INFO  1 source files to be analyzed
INFO  1/1 source files have been analyzed
-----Number of fixes------
SynchronizationOnStringOrBoxedProcessor: 7
-----End of report------
done
INFO  1 source files to be analyzed
INFO  1/1 source files have been analyzed
Tests run: 1, Failures: 0, Errors: 0, Skipped: 0, Time elapsed: 0.139 sec - in sorald.processor.SynchronizationOnStringOrBoxedProcessorTest
Running sorald.processor.BigDecimalDoubleConstructorProcessorTest
INFO  1 source files to be analyzed
INFO  1/1 source files have been analyzed
[main] INFO spoon.Launcher - Running in NOCLASSPATH mode (doc: http://spoon.gforge.inria.fr/launcher.html).
INFO  1 source files to be analyzed
INFO  1/1 source files have been analyzed
-----Number of fixes------
BigDecimalDoubleConstructorProcessor: 8
-----End of report------
done
INFO  1 source files to be analyzed
INFO  1/1 source files have been analyzed
Tests run: 1, Failures: 0, Errors: 0, Skipped: 0, Time elapsed: 0.21 sec - in sorald.processor.BigDecimalDoubleConstructorProcessorTest
Running sorald.processor.CastArithmeticOperandTest
INFO  1 source files to be analyzed
INFO  1/1 source files have been analyzed
[main] INFO spoon.Launcher - Running in NOCLASSPATH mode (doc: http://spoon.gforge.inria.fr/launcher.html).
INFO  1 source files to be analyzed
INFO  1/1 source files have been analyzed
-----Number of fixes------
CastArithmeticOperandProcessor: 26
-----End of report------
done
INFO  1 source files to be analyzed
INFO  1/1 source files have been analyzed
Tests run: 1, Failures: 0, Errors: 0, Skipped: 0, Time elapsed: 0.201 sec - in sorald.processor.CastArithmeticOperandTest
Running sorald.processor.CompareStringsBoxedTypesWithEqualsProcessorTest
INFO  1 source files to be analyzed
INFO  1/1 source files have been analyzed
[main] INFO spoon.Launcher - Running in NOCLASSPATH mode (doc: http://spoon.gforge.inria.fr/launcher.html).
INFO  1 source files to be analyzed
INFO  1/1 source files have been analyzed
-----Number of fixes------
CompareStringsBoxedTypesWithEqualsProcessor: 3
-----End of report------
done
INFO  1 source files to be analyzed
INFO  1/1 source files have been analyzed
Tests run: 1, Failures: 0, Errors: 0, Skipped: 0, Time elapsed: 0.162 sec - in sorald.processor.CompareStringsBoxedTypesWithEqualsProcessorTest
Running sorald.processor.SerializableFieldInSerializableClassProcessorTest
INFO  1 source files to be analyzed
INFO  1/1 source files have been analyzed
[main] INFO spoon.Launcher - Running in NOCLASSPATH mode (doc: http://spoon.gforge.inria.fr/launcher.html).
INFO  1 source files to be analyzed
INFO  1/1 source files have been analyzed
-----Number of fixes------
SerializableFieldInSerializableClassProcessor: 1
-----End of report------
done
INFO  1 source files to be analyzed
INFO  1/1 source files have been analyzed
Tests run: 1, Failures: 0, Errors: 0, Skipped: 0, Time elapsed: 0.203 sec - in sorald.processor.SerializableFieldInSerializableClassProcessorTest
Running sorald.processor.UnclosedResourcesProcessorTest
INFO  1 source files to be analyzed
INFO  1/1 source files have been analyzed
[main] INFO spoon.Launcher - Running in NOCLASSPATH mode (doc: http://spoon.gforge.inria.fr/launcher.html).
INFO  1 source files to be analyzed
INFO  1/1 source files have been analyzed
-----Number of fixes------
UnclosedResourcesProcessor: 8
-----End of report------
done
INFO  1 source files to be analyzed
INFO  1/1 source files have been analyzed
Tests run: 1, Failures: 0, Errors: 0, Skipped: 0, Time elapsed: 2.396 sec - in sorald.processor.UnclosedResourcesProcessorTest

Results :

Tests run: 25, Failures: 0, Errors: 0, Skipped: 0

[INFO] 
[INFO] --- jacoco-maven-plugin:0.8.5:report (report) @ sorald ---
[INFO] Loading execution data file /tmp/tmp9foxbxyy/sorald/target/jacoco.exec
[INFO] Analyzed bundle 'Sorald' with 832 classes
[INFO] ------------------------------------------------------------------------
[INFO] BUILD SUCCESS
[INFO] ------------------------------------------------------------------------
[INFO] Total time:  02:05 min
[INFO] Finished at: 2020-07-30T22:09:04Z
[INFO] ------------------------------------------------------------------------
