[INFO] Error stacktraces are turned on.
[INFO] Scanning for projects...
[INFO] Inspecting build with total of 1 modules...
[INFO] Installing Nexus Staging features:
[INFO]   ... total of 1 executions of maven-deploy-plugin replaced with nexus-staging-maven-plugin
[INFO] 
[INFO] --------------< com.javaetmoi.core:spring-batch-toolkit >---------------
[INFO] Building JavaEtMoi Core :: spring-batch-toolkit - jar 4.0.1-SNAPSHOT
[INFO] --------------------------------[ jar ]---------------------------------
[INFO] 
[INFO] --- jacoco-maven-plugin:0.8.5:prepare-agent (default) @ spring-batch-toolkit ---
[INFO] argLine set to -javaagent:/home/jdbl/.m2/repository/org/jacoco/org.jacoco.agent/0.8.5/org.jacoco.agent-0.8.5-runtime.jar=destfile=/tmp/tmpqfsxnd3v/spring-batch-toolkit/target/jacoco.exec
[INFO] 
[INFO] --- maven-resources-plugin:3.0.1:resources (default-resources) @ spring-batch-toolkit ---
[INFO] Using 'UTF-8' encoding to copy filtered resources.
[INFO] skip non existing resourceDirectory /tmp/tmpqfsxnd3v/spring-batch-toolkit/src/main/resources
[INFO] 
[INFO] --- maven-compiler-plugin:3.6.0:compile (default-compile) @ spring-batch-toolkit ---
[INFO] Changes detected - recompiling the module!
[INFO] Compiling 19 source files to /tmp/tmpqfsxnd3v/spring-batch-toolkit/target/classes
[INFO] 
[INFO] --- maven-resources-plugin:3.0.1:testResources (default-testResources) @ spring-batch-toolkit ---
[INFO] Using 'UTF-8' encoding to copy filtered resources.
[INFO] Copying 8 resources
[INFO] 
[INFO] --- maven-compiler-plugin:3.6.0:testCompile (default-testCompile) @ spring-batch-toolkit ---
[INFO] Changes detected - recompiling the module!
[INFO] Compiling 12 source files to /tmp/tmpqfsxnd3v/spring-batch-toolkit/target/test-classes
[INFO] 
[INFO] --- maven-surefire-plugin:2.19.1:test (default-test) @ spring-batch-toolkit ---
[INFO] Surefire report directory: /tmp/tmpqfsxnd3v/spring-batch-toolkit/target/surefire-reports

-------------------------------------------------------
 T E S T S
-------------------------------------------------------
Running com.javaetmoi.core.batch.witer.TestEsDocumentWriter
[2020-07-30T23:16:52,236][WARN ][o.e.b.JNANatives         ] Unable to lock JVM Memory: error=12, reason=Cannot allocate memory
[2020-07-30T23:16:52,241][WARN ][o.e.b.JNANatives         ] This can result in part of the JVM being swapped out.
[2020-07-30T23:16:52,242][WARN ][o.e.b.JNANatives         ] Increase RLIMIT_MEMLOCK, soft limit: 16777216, hard limit: 16777216
[2020-07-30T23:16:52,245][WARN ][o.e.b.JNANatives         ] These can be adjusted by modifying /etc/security/limits.conf, for example: 
	# allow user 'jdbl' mlockall
	jdbl soft memlock unlimited
	jdbl hard memlock unlimited
[2020-07-30T23:16:52,255][WARN ][o.e.b.JNANatives         ] If you are logged in interactively, you will have to re-login for the new limits to take effect.
Tests run: 1, Failures: 0, Errors: 1, Skipped: 0, Time elapsed: 1.301 sec <<< FAILURE! - in com.javaetmoi.core.batch.witer.TestEsDocumentWriter
com.javaetmoi.core.batch.witer.TestEsDocumentWriter  Time elapsed: 1.296 sec  <<< ERROR!
java.lang.RuntimeException: found jar hell in test classpath
Caused by: java.lang.IllegalStateException: 
jar hell!
class: org.apache.commons.lang3.arch.Processor$Arch
jar1: /tmp/tmpqfsxnd3v/spring-batch-toolkit/target/classes
jar2: /home/jdbl/.m2/repository/org/apache/commons/commons-lang3/3.7/commons-lang3-3.7.jar

Running com.javaetmoi.core.batch.tasklet.TestDeleteElasticIndexTasklet
Tests run: 1, Failures: 0, Errors: 1, Skipped: 0, Time elapsed: 0 sec <<< FAILURE! - in com.javaetmoi.core.batch.tasklet.TestDeleteElasticIndexTasklet
com.javaetmoi.core.batch.tasklet.TestDeleteElasticIndexTasklet  Time elapsed: 0 sec  <<< ERROR!
java.lang.NoClassDefFoundError: Could not initialize class org.elasticsearch.test.ESIntegTestCase

Running com.javaetmoi.core.batch.tasklet.TestCreateElasticIndexMappingTasklet
Tests run: 1, Failures: 0, Errors: 1, Skipped: 0, Time elapsed: 0.039 sec <<< FAILURE! - in com.javaetmoi.core.batch.tasklet.TestCreateElasticIndexMappingTasklet
com.javaetmoi.core.batch.tasklet.TestCreateElasticIndexMappingTasklet  Time elapsed: 0.038 sec  <<< ERROR!
java.lang.NoClassDefFoundError: Could not initialize class org.elasticsearch.test.ESIntegTestCase

Running com.javaetmoi.core.batch.tasklet.TestCreateElasticIndexSettingsTasklet
Tests run: 1, Failures: 0, Errors: 1, Skipped: 0, Time elapsed: 0.138 sec <<< FAILURE! - in com.javaetmoi.core.batch.tasklet.TestCreateElasticIndexSettingsTasklet
com.javaetmoi.core.batch.tasklet.TestCreateElasticIndexSettingsTasklet  Time elapsed: 0.138 sec  <<< ERROR!
java.lang.NoClassDefFoundError: Could not initialize class org.elasticsearch.test.ESIntegTestCase

Running com.javaetmoi.core.batch.tasklet.TestRemoveSpringBatchHistoryTasklet
[2020-07-30T23:16:52,887][INFO ][o.s.t.c.s.AbstractContextLoader] Detected default resource location "classpath:com/javaetmoi/core/batch/tasklet/TestRemoveSpringBatchHistoryTasklet-context.xml" for test class [com.javaetmoi.core.batch.tasklet.TestRemoveSpringBatchHistoryTasklet]
[2020-07-30T23:16:52,901][INFO ][o.s.t.c.s.AbstractDelegatingSmartContextLoader] GenericXmlContextLoader detected default locations for context configuration [ContextConfigurationAttributes@68aec50 declaringClass = 'com.javaetmoi.core.batch.tasklet.TestRemoveSpringBatchHistoryTasklet', classes = '{}', locations = '{classpath:com/javaetmoi/core/batch/tasklet/TestRemoveSpringBatchHistoryTasklet-context.xml}', inheritLocations = true, initializers = '{}', inheritInitializers = true, name = [null], contextLoaderClass = 'org.springframework.test.context.ContextLoader'].
[2020-07-30T23:16:52,919][INFO ][o.s.t.c.s.AnnotationConfigContextLoaderUtils] Could not detect default configuration classes for test class [com.javaetmoi.core.batch.tasklet.TestRemoveSpringBatchHistoryTasklet]: TestRemoveSpringBatchHistoryTasklet does not declare any static, non-private, non-final, nested classes annotated with @Configuration.
[2020-07-30T23:16:52,921][INFO ][o.s.t.c.s.AbstractContextLoader] Detected default resource location "classpath:com/javaetmoi/core/batch/test/AbstractSpringBatchTest-context.xml" for test class [com.javaetmoi.core.batch.test.AbstractSpringBatchTest]
[2020-07-30T23:16:52,921][INFO ][o.s.t.c.s.AbstractDelegatingSmartContextLoader] GenericXmlContextLoader detected default locations for context configuration [ContextConfigurationAttributes@6ef4cbe1 declaringClass = 'com.javaetmoi.core.batch.test.AbstractSpringBatchTest', classes = '{}', locations = '{classpath:com/javaetmoi/core/batch/test/AbstractSpringBatchTest-context.xml}', inheritLocations = true, initializers = '{}', inheritInitializers = true, name = [null], contextLoaderClass = 'org.springframework.test.context.ContextLoader'].
[2020-07-30T23:16:52,923][INFO ][o.s.t.c.s.AnnotationConfigContextLoaderUtils] Could not detect default configuration classes for test class [com.javaetmoi.core.batch.test.AbstractSpringBatchTest]: AbstractSpringBatchTest does not declare any static, non-private, non-final, nested classes annotated with @Configuration.
[2020-07-30T23:16:52,970][INFO ][o.s.t.c.s.DefaultTestContextBootstrapper] Loaded default TestExecutionListener class names from location [META-INF/spring.factories]: [org.springframework.test.context.web.ServletTestExecutionListener, org.springframework.test.context.support.DirtiesContextBeforeModesTestExecutionListener, org.springframework.test.context.support.DependencyInjectionTestExecutionListener, org.springframework.test.context.support.DirtiesContextTestExecutionListener, org.springframework.test.context.transaction.TransactionalTestExecutionListener, org.springframework.test.context.jdbc.SqlScriptsTestExecutionListener]
[2020-07-30T23:16:53,148][INFO ][o.s.t.c.s.DefaultTestContextBootstrapper] Using TestExecutionListeners: [org.springframework.test.context.support.DirtiesContextBeforeModesTestExecutionListener@2558f65c, org.springframework.test.context.support.DependencyInjectionTestExecutionListener@11c3ce6a, org.springframework.test.context.support.DirtiesContextTestExecutionListener@1a3b1f7e, org.springframework.test.context.transaction.TransactionalTestExecutionListener@22899683, org.springframework.test.context.jdbc.SqlScriptsTestExecutionListener@40017e98]
[2020-07-30T23:16:53,233][INFO ][o.s.b.f.x.XmlBeanDefinitionReader] Loading XML bean definitions from class path resource [com/javaetmoi/core/batch/test/AbstractSpringBatchTest-context.xml]
[2020-07-30T23:16:53,587][INFO ][o.s.b.f.x.XmlBeanDefinitionReader] Loading XML bean definitions from class path resource [com/javaetmoi/core/batch/tasklet/TestRemoveSpringBatchHistoryTasklet-context.xml]
[2020-07-30T23:16:53,620][INFO ][o.s.c.s.GenericApplicationContext] Refreshing org.springframework.context.support.GenericApplicationContext@3a80c534: startup date [Thu Jul 30 23:16:53 UTC 2020]; root of context hierarchy
[2020-07-30T23:16:53,952][INFO ][o.s.j.d.e.EmbeddedDatabaseFactory] Starting embedded database: url='jdbc:h2:mem:dataSource;DB_CLOSE_DELAY=-1;DB_CLOSE_ON_EXIT=false', username='sa'
[2020-07-30T23:16:54,280][INFO ][o.s.j.d.i.ScriptUtils    ] Executing SQL script from class path resource [org/springframework/batch/core/schema-drop-h2.sql]
[2020-07-30T23:16:54,286][INFO ][o.s.j.d.i.ScriptUtils    ] Executed SQL script from class path resource [org/springframework/batch/core/schema-drop-h2.sql] in 5 ms.
[2020-07-30T23:16:54,286][INFO ][o.s.j.d.i.ScriptUtils    ] Executing SQL script from class path resource [org/springframework/batch/core/schema-h2.sql]
[2020-07-30T23:16:54,351][INFO ][o.s.j.d.i.ScriptUtils    ] Executed SQL script from class path resource [org/springframework/batch/core/schema-h2.sql] in 65 ms.
[2020-07-30T23:16:54,398][INFO ][o.s.b.c.r.s.JobRepositoryFactoryBean] No database type set, using meta data indicating: H2
[2020-07-30T23:16:54,706][INFO ][o.s.b.c.l.s.SimpleJobLauncher] No TaskExecutor has been set, defaulting to synchronous executor.
[2020-07-30T23:16:54,838][INFO ][o.s.t.c.t.TransactionContext] Began transaction (1) for test context [DefaultTestContext@63ca10f7 testClass = TestRemoveSpringBatchHistoryTasklet, testInstance = com.javaetmoi.core.batch.tasklet.TestRemoveSpringBatchHistoryTasklet@cf051f1, testMethod = execute@TestRemoveSpringBatchHistoryTasklet, testException = [null], mergedContextConfiguration = [MergedContextConfiguration@9a8b7d3 testClass = TestRemoveSpringBatchHistoryTasklet, locations = '{classpath:com/javaetmoi/core/batch/test/AbstractSpringBatchTest-context.xml, classpath:com/javaetmoi/core/batch/tasklet/TestRemoveSpringBatchHistoryTasklet-context.xml}', classes = '{}', contextInitializerClasses = '[]', activeProfiles = '{}', propertySourceLocations = '{}', propertySourceProperties = '{}', contextCustomizers = set[[empty]], contextLoader = 'org.springframework.test.context.support.DelegatingSmartContextLoader', parent = [null]], attributes = map[[empty]]]; transaction manager [org.springframework.jdbc.datasource.DataSourceTransactionManager@931aef8]; rollback [true]
[2020-07-30T23:16:54,842][INFO ][o.s.j.d.i.ScriptUtils    ] Executing SQL script from class path resource [com/javaetmoi/core/batch/tasklet/TestRemoveSpringBatchHistoryTasklet.sql]
[2020-07-30T23:16:54,874][INFO ][o.s.j.d.i.ScriptUtils    ] Executed SQL script from class path resource [com/javaetmoi/core/batch/tasklet/TestRemoveSpringBatchHistoryTasklet.sql] in 31 ms.
[2020-07-30T23:16:54,905][INFO ][c.j.c.b.t.RemoveSpringBatchHistoryTasklet] Remove the Spring Batch history before the 6/30/20 11:16 PM
[2020-07-30T23:16:54,925][INFO ][c.j.c.b.t.RemoveSpringBatchHistoryTasklet] Deleted rows number from the BATCH_STEP_EXECUTION_CONTEXT table: 1
[2020-07-30T23:16:54,926][INFO ][c.j.c.b.t.RemoveSpringBatchHistoryTasklet] Deleted rows number from the BATCH_STEP_EXECUTION table: 1
[2020-07-30T23:16:54,937][INFO ][c.j.c.b.t.RemoveSpringBatchHistoryTasklet] Deleted rows number from the BATCH_JOB_EXECUTION_CONTEXT table: 1
[2020-07-30T23:16:54,942][INFO ][c.j.c.b.t.RemoveSpringBatchHistoryTasklet] Deleted rows number from the BATCH_JOB_EXECUTION_PARAMS table: 1
[2020-07-30T23:16:54,943][INFO ][c.j.c.b.t.RemoveSpringBatchHistoryTasklet] Deleted rows number from the BATCH_JOB_EXECUTION table: 1
[2020-07-30T23:16:54,945][INFO ][c.j.c.b.t.RemoveSpringBatchHistoryTasklet] Deleted rows number from the BATCH_JOB_INSTANCE table: 1
[2020-07-30T23:16:54,959][INFO ][o.s.t.c.t.TransactionContext] Rolled back transaction for test: [DefaultTestContext@63ca10f7 testClass = TestRemoveSpringBatchHistoryTasklet, testInstance = com.javaetmoi.core.batch.tasklet.TestRemoveSpringBatchHistoryTasklet@cf051f1, testMethod = execute@TestRemoveSpringBatchHistoryTasklet, testException = [null], mergedContextConfiguration = [MergedContextConfiguration@9a8b7d3 testClass = TestRemoveSpringBatchHistoryTasklet, locations = '{classpath:com/javaetmoi/core/batch/test/AbstractSpringBatchTest-context.xml, classpath:com/javaetmoi/core/batch/tasklet/TestRemoveSpringBatchHistoryTasklet-context.xml}', classes = '{}', contextInitializerClasses = '[]', activeProfiles = '{}', propertySourceLocations = '{}', propertySourceProperties = '{}', contextCustomizers = set[[empty]], contextLoader = 'org.springframework.test.context.support.DelegatingSmartContextLoader', parent = [null]], attributes = map[[empty]]]
Tests run: 1, Failures: 0, Errors: 0, Skipped: 0, Time elapsed: 2.302 sec - in com.javaetmoi.core.batch.tasklet.TestRemoveSpringBatchHistoryTasklet
Running com.javaetmoi.core.batch.test.TestParallelAndPartitioning
[2020-07-30T23:16:54,965][INFO ][o.s.t.c.s.AbstractContextLoader] Detected default resource location "classpath:com/javaetmoi/core/batch/test/TestParallelAndPartitioning-context.xml" for test class [com.javaetmoi.core.batch.test.TestParallelAndPartitioning]
[2020-07-30T23:16:54,966][INFO ][o.s.t.c.s.AbstractDelegatingSmartContextLoader] GenericXmlContextLoader detected default locations for context configuration [ContextConfigurationAttributes@43aeca02 declaringClass = 'com.javaetmoi.core.batch.test.TestParallelAndPartitioning', classes = '{}', locations = '{classpath:com/javaetmoi/core/batch/test/TestParallelAndPartitioning-context.xml}', inheritLocations = true, initializers = '{}', inheritInitializers = true, name = [null], contextLoaderClass = 'org.springframework.test.context.ContextLoader'].
[2020-07-30T23:16:54,968][INFO ][o.s.t.c.s.AnnotationConfigContextLoaderUtils] Could not detect default configuration classes for test class [com.javaetmoi.core.batch.test.TestParallelAndPartitioning]: TestParallelAndPartitioning does not declare any static, non-private, non-final, nested classes annotated with @Configuration.
[2020-07-30T23:16:54,969][INFO ][o.s.t.c.s.AbstractContextLoader] Detected default resource location "classpath:com/javaetmoi/core/batch/test/AbstractSpringBatchTest-context.xml" for test class [com.javaetmoi.core.batch.test.AbstractSpringBatchTest]
[2020-07-30T23:16:54,970][INFO ][o.s.t.c.s.AbstractDelegatingSmartContextLoader] GenericXmlContextLoader detected default locations for context configuration [ContextConfigurationAttributes@265af6e7 declaringClass = 'com.javaetmoi.core.batch.test.AbstractSpringBatchTest', classes = '{}', locations = '{classpath:com/javaetmoi/core/batch/test/AbstractSpringBatchTest-context.xml}', inheritLocations = true, initializers = '{}', inheritInitializers = true, name = [null], contextLoaderClass = 'org.springframework.test.context.ContextLoader'].
[2020-07-30T23:16:54,977][INFO ][o.s.t.c.s.AnnotationConfigContextLoaderUtils] Could not detect default configuration classes for test class [com.javaetmoi.core.batch.test.AbstractSpringBatchTest]: AbstractSpringBatchTest does not declare any static, non-private, non-final, nested classes annotated with @Configuration.
[2020-07-30T23:16:54,978][INFO ][o.s.t.c.s.DefaultTestContextBootstrapper] Loaded default TestExecutionListener class names from location [META-INF/spring.factories]: [org.springframework.test.context.web.ServletTestExecutionListener, org.springframework.test.context.support.DirtiesContextBeforeModesTestExecutionListener, org.springframework.test.context.support.DependencyInjectionTestExecutionListener, org.springframework.test.context.support.DirtiesContextTestExecutionListener, org.springframework.test.context.transaction.TransactionalTestExecutionListener, org.springframework.test.context.jdbc.SqlScriptsTestExecutionListener]
[2020-07-30T23:16:54,981][INFO ][o.s.t.c.s.DefaultTestContextBootstrapper] Using TestExecutionListeners: [org.springframework.test.context.support.DirtiesContextBeforeModesTestExecutionListener@754ecc69, org.springframework.test.context.support.DependencyInjectionTestExecutionListener@96cc46d, org.springframework.test.context.support.DirtiesContextTestExecutionListener@3ca7f198, org.springframework.test.context.transaction.TransactionalTestExecutionListener@4dbbc525, org.springframework.test.context.jdbc.SqlScriptsTestExecutionListener@4e95657f]
[2020-07-30T23:16:54,989][INFO ][o.s.b.f.x.XmlBeanDefinitionReader] Loading XML bean definitions from class path resource [com/javaetmoi/core/batch/test/AbstractSpringBatchTest-context.xml]
[2020-07-30T23:16:55,091][INFO ][o.s.b.f.x.XmlBeanDefinitionReader] Loading XML bean definitions from class path resource [com/javaetmoi/core/batch/test/TestParallelAndPartitioning-context.xml]
[2020-07-30T23:16:55,204][INFO ][o.s.c.s.GenericApplicationContext] Refreshing org.springframework.context.support.GenericApplicationContext@21358f6c: startup date [Thu Jul 30 23:16:55 UTC 2020]; root of context hierarchy
[2020-07-30T23:16:55,256][INFO ][o.s.b.f.s.DefaultListableBeanFactory] Overriding bean definition for bean 'readerMusicAlbum' with a different definition: replacing [Generic bean: class [org.springframework.batch.item.database.JdbcCursorItemReader]; scope=step; abstract=false; lazyInit=false; autowireMode=0; dependencyCheck=0; autowireCandidate=false; primary=false; factoryBeanName=null; factoryMethodName=null; initMethodName=null; destroyMethodName=null; defined in class path resource [com/javaetmoi/core/batch/test/TestParallelAndPartitioning-context.xml]] with [Root bean: class [org.springframework.aop.scope.ScopedProxyFactoryBean]; scope=; abstract=false; lazyInit=false; autowireMode=0; dependencyCheck=0; autowireCandidate=true; primary=false; factoryBeanName=null; factoryMethodName=null; initMethodName=null; destroyMethodName=null; defined in BeanDefinition defined in class path resource [com/javaetmoi/core/batch/test/TestParallelAndPartitioning-context.xml]]
[2020-07-30T23:16:55,278][INFO ][o.s.j.d.e.EmbeddedDatabaseFactory] Starting embedded database: url='jdbc:h2:mem:dataSource;DB_CLOSE_DELAY=-1;DB_CLOSE_ON_EXIT=false', username='sa'
[2020-07-30T23:16:55,279][INFO ][o.s.j.d.i.ScriptUtils    ] Executing SQL script from class path resource [org/springframework/batch/core/schema-drop-h2.sql]
[2020-07-30T23:16:55,303][INFO ][o.s.j.d.i.ScriptUtils    ] Executed SQL script from class path resource [org/springframework/batch/core/schema-drop-h2.sql] in 23 ms.
[2020-07-30T23:16:55,303][INFO ][o.s.j.d.i.ScriptUtils    ] Executing SQL script from class path resource [org/springframework/batch/core/schema-h2.sql]
[2020-07-30T23:16:55,345][INFO ][o.s.j.d.i.ScriptUtils    ] Executed SQL script from class path resource [org/springframework/batch/core/schema-h2.sql] in 41 ms.
[2020-07-30T23:16:55,354][INFO ][o.s.b.c.r.s.JobRepositoryFactoryBean] No database type set, using meta data indicating: H2
[2020-07-30T23:16:55,359][INFO ][o.s.b.c.l.s.SimpleJobLauncher] No TaskExecutor has been set, defaulting to synchronous executor.
[2020-07-30T23:16:55,366][INFO ][o.s.j.d.i.ScriptUtils    ] Executing SQL script from class path resource [com/javaetmoi/core/batch/test/TestParallelAndPartitioning.sql]
[2020-07-30T23:16:55,407][INFO ][o.s.j.d.i.ScriptUtils    ] Executed SQL script from class path resource [com/javaetmoi/core/batch/test/TestParallelAndPartitioning.sql] in 40 ms.
[2020-07-30T23:16:55,423][INFO ][o.s.s.c.ThreadPoolTaskExecutor] Initializing ExecutorService 
[2020-07-30T23:16:56,168][INFO ][o.s.b.c.l.s.SimpleJobLauncher] Job: [FlowJob: [name=parallelAndPartitioningJob]] launched with the following parameters: [{random=801154}]
[2020-07-30T23:16:56,232][INFO ][o.s.b.c.j.SimpleStepHandler] Executing step: [stepLogMovie]
[2020-07-30T23:16:56,242][INFO ][o.s.b.c.j.SimpleStepHandler] Executing step: [stepLogMusicAlbum]
[2020-07-30T23:16:56,385][INFO ][c.j.c.b.w.ConsoleItemWriter] com.javaetmoi.core.batch.test.Movie@395a075[realisator=George Lucas,actors=Mark Hamill, Harrison Ford, Carrie Fisher,id=2,name=Star Wars: Episode IV - A New Hope!,year=1977]
[2020-07-30T23:16:56,386][INFO ][c.j.c.b.w.ConsoleItemWriter] com.javaetmoi.core.batch.test.Movie@73154f43[realisator=Richard Marquand,actors=Mark Hamill, Harrison Ford, Carrie Fisher,id=6,name=Star Wars : Episode VI - Return of the Jedi,year=1983]
[2020-07-30T23:16:56,391][INFO ][c.j.c.b.w.ConsoleItemWriter] com.javaetmoi.core.batch.test.Movie@596ccf20[realisator=Paul Verhoeven,actors=Arnold Schwarzenegger, Sharon Stone,id=7,name=Total Recal,year=1990]
[2020-07-30T23:16:56,392][INFO ][c.j.c.b.w.ConsoleItemWriter] com.javaetmoi.core.batch.test.Movie@41b5f138[realisator=James Cameron,actors=Arnold Schwarzenegger,id=11,name=Terminator 2 : Judgement Day,year=1991]
[2020-07-30T23:16:56,427][INFO ][c.j.c.b.w.ConsoleItemWriter] com.javaetmoi.core.batch.test.Movie@7a4250ae[realisator=Quentin Tarantino,actors=John Travolta, Samuel L. Jackson, Uma Thurman,id=12,name=Pulp Fiction,year=1994]
[2020-07-30T23:16:56,428][INFO ][c.j.c.b.w.ConsoleItemWriter] com.javaetmoi.core.batch.test.Movie@715b5ee9[realisator=Peter Jackson,actors=Elijah Wood, Sean Astin,id=15,name=The Lord of the Rings: The Return of the King,year=2003]
[2020-07-30T23:16:56,433][INFO ][c.j.c.b.w.ConsoleItemWriter] com.javaetmoi.core.batch.test.Movie@5b4cc872[realisator=Christopher Nolan,actors=Leonardo DiCaprio, Marion Cotillard,id=17,name=Inception,year=2010]
[2020-07-30T23:16:56,434][INFO ][c.j.c.b.w.ConsoleItemWriter] com.javaetmoi.core.batch.test.Movie@9b95b23[realisator=Christopher Nolan,actors=Christian Bale, Gary Oldman,id=18,name=The Dark Knight Rises,year=2012]
[2020-07-30T23:16:56,551][INFO ][c.j.c.b.w.ConsoleItemWriter] com.javaetmoi.core.batch.test.MusicAlbum@1fabe372[band=The Beatles,id=1,name=Help!,year=1965]
[2020-07-30T23:16:56,554][INFO ][c.j.c.b.w.ConsoleItemWriter] com.javaetmoi.core.batch.test.MusicAlbum@79af5302[band=The Police,id=3,name=Outlandos d'Amour!,year=1978]
[2020-07-30T23:16:56,561][INFO ][c.j.c.b.w.ConsoleItemWriter] com.javaetmoi.core.batch.test.MusicAlbum@270de165[band=Metallica,id=10,name=Black Album,year=1991]
[2020-07-30T23:16:56,562][INFO ][c.j.c.b.w.ConsoleItemWriter] com.javaetmoi.core.batch.test.MusicAlbum@2647c806[band=Radiohead,id=13,name=OK Computer,year=1997]
[2020-07-30T23:16:56,564][INFO ][c.j.c.b.w.ConsoleItemWriter] com.javaetmoi.core.batch.test.MusicAlbum@4641f240[band=Pink Floyd,id=4,name=The Wall,year=1979]
[2020-07-30T23:16:56,566][INFO ][c.j.c.b.w.ConsoleItemWriter] com.javaetmoi.core.batch.test.MusicAlbum@71df799d[band=U2,id=5,name=War,year=1983]
[2020-07-30T23:16:56,578][INFO ][c.j.c.b.w.ConsoleItemWriter] com.javaetmoi.core.batch.test.MusicAlbum@5bdd31bb[band=U2,id=8,name=Achtung Baby,year=1991]
[2020-07-30T23:16:56,579][INFO ][c.j.c.b.w.ConsoleItemWriter] com.javaetmoi.core.batch.test.MusicAlbum@14e53d32[band=Nirvana,id=9,name=Nevermind,year=1991]
[2020-07-30T23:16:56,581][INFO ][c.j.c.b.w.ConsoleItemWriter] com.javaetmoi.core.batch.test.MusicAlbum@30ac00f6[band=Muse,id=14,name=Showbiz,year=1999]
[2020-07-30T23:16:56,582][INFO ][c.j.c.b.w.ConsoleItemWriter] com.javaetmoi.core.batch.test.MusicAlbum@d1272e1[band=Muse,id=16,name=The Resistance,year=2009]
[2020-07-30T23:16:56,591][INFO ][c.j.c.b.w.ConsoleItemWriter] com.javaetmoi.core.batch.test.MusicAlbum@7d9f15ec[band=Saez,id=19,name=Messina,year=2012]
[2020-07-30T23:16:56,638][INFO ][o.s.b.c.j.SimpleStepHandler] Executing step: [stepEnd]
[2020-07-30T23:16:56,643][INFO ][c.j.c.b.t.EndTasklet     ] 19 masterpiece(s) have been processed
[2020-07-30T23:16:56,654][INFO ][o.s.b.c.l.s.SimpleJobLauncher] Job: [FlowJob: [name=parallelAndPartitioningJob]] completed with the following parameters: [{random=801154}] and the following status: [COMPLETED]
Tests run: 1, Failures: 0, Errors: 0, Skipped: 0, Time elapsed: 1.691 sec - in com.javaetmoi.core.batch.test.TestParallelAndPartitioning
Running com.javaetmoi.core.batch.integration.TestJobExitStatusRouter
Tests run: 2, Failures: 0, Errors: 0, Skipped: 0, Time elapsed: 0.004 sec - in com.javaetmoi.core.batch.integration.TestJobExitStatusRouter
[2020-07-30T23:16:56,678][INFO ][o.s.c.s.GenericApplicationContext] Closing org.springframework.context.support.GenericApplicationContext@3a80c534: startup date [Thu Jul 30 23:16:53 UTC 2020]; root of context hierarchy
[2020-07-30T23:16:56,678][INFO ][o.s.c.s.GenericApplicationContext] Closing org.springframework.context.support.GenericApplicationContext@21358f6c: startup date [Thu Jul 30 23:16:55 UTC 2020]; root of context hierarchy
Exception in thread "Thread-2" [java.lang.NoClassDefFoundError: Could not initialize class org.elasticsearch.test.ESTestCase
	at java.lang.Thread.run(Thread.java:748)
	Suppressed: java.lang.IllegalStateException: No context information for thread: Thread[id=26, name=Thread-2, state=RUNNABLE, group=TGRP-TestEsDocumentWriter]. Is this thread running under a class com.carrotsearch.randomizedtesting.RandomizedRunner runner context? Add @RunWith(class com.carrotsearch.randomizedtesting.RandomizedRunner.class) to your test class. Make sure your code accesses random contexts within @BeforeClass and @AfterClass boundary (for example, static test2020-07-30T23:16:56,734][INFO ][o.s.j.d.e.EmbeddedDatabaseFactory] Shutting down embedded database: url='jdbc:h2:mem:dataSource;DB_CLOSE_DELAY=-1;DB_CLOSE_ON_EXIT=false'
 class initializers are not permitted to access random contexts).
		at com.carrotsearch.randomizedtesting.RandomizedContext.context(RandomizedContext.java:248)
		at com.carrotsearch.randomizedtesting.RandomizedContext.current(RandomizedContext.java:134)
		at com.carrotsearch.randomizedtesting.RandomizedRunner.augmentStackTrace(RandomizedRunner.java:1848)
		at com.carrotsearch.randomizedtesting.RunnerThreadGroup.uncaughtException(RunnerThreadGroup.java:20)
		at java.lang.Thread.dispatchUncaughtException(Thread.java:1959)
[2020-07-30T23:16:56,790][INFO ][o.s.s.c.ThreadPoolTaskExecutor] Shutting down ExecutorService
[2020-07-30T23:16:56,804][INFO ][o.s.j.d.e.EmbeddedDatabaseFactory] Shutting down embedded database: url='jdbc:h2:mem:dataSource;DB_CLOSE_DELAY=-1;DB_CLOSE_ON_EXIT=false'

Results :

Tests in error: 
  TestCreateElasticIndexMappingTasklet.com.javaetmoi.core.batch.tasklet.TestCreateElasticIndexMappingTasklet » NoClassDefFound
  TestCreateElasticIndexSettingsTasklet.com.javaetmoi.core.batch.tasklet.TestCreateElasticIndexSettingsTasklet » NoClassDefFound
  TestDeleteElasticIndexTasklet.com.javaetmoi.core.batch.tasklet.TestDeleteElasticIndexTasklet » NoClassDefFound
  TestEsDocumentWriter>ESTestCase.<clinit>:186 » Runtime found jar hell in test ...

Tests run: 8, Failures: 0, Errors: 4, Skipped: 0

[ERROR] There are test failures.

Please refer to /tmp/tmpqfsxnd3v/spring-batch-toolkit/target/surefire-reports for the individual test results.
[INFO] 
[INFO] --- jacoco-maven-plugin:0.8.5:report (report) @ spring-batch-toolkit ---
[INFO] Loading execution data file /tmp/tmpqfsxnd3v/spring-batch-toolkit/target/jacoco.exec
[INFO] Analyzed bundle 'JavaEtMoi Core :: spring-batch-toolkit - jar' with 261 classes
[INFO] ------------------------------------------------------------------------
[INFO] BUILD SUCCESS
[INFO] ------------------------------------------------------------------------
[INFO] Total time:  35.381 s
[INFO] Finished at: 2020-07-30T23:16:59Z
[INFO] ------------------------------------------------------------------------
