[INFO] Error stacktraces are turned on.
[INFO] Scanning for projects...
[WARNING] 
[WARNING] Some problems were encountered while building the effective model for org.akaza.openclinica:OpenClinica-web:war:MAINLINE-SNAPSHOT
[WARNING] 'build.plugins.plugin.version' for org.codehaus.cargo:cargo-maven2-plugin is missing. @ line 819, column 15
[WARNING] 
[WARNING] It is highly recommended to fix these problems because they threaten the stability of your build.
[WARNING] 
[WARNING] For this reason, future Maven versions might no longer support building such malformed projects.
[WARNING] 
[INFO] 
[INFO] ---------------< org.akaza.openclinica:OpenClinica-web >----------------
[INFO] Building OpenClinica MAINLINE-SNAPSHOT
[INFO] --------------------------------[ war ]---------------------------------
[WARNING] The POM for org.jmesa:jmesa:jar:2.4.2-oc is missing, no dependency information available
[WARNING] The POM for com.mockrunner.jdk15.jee5:mockrunner:jar:0.4.2 is missing, no dependency information available
[WARNING] The POM for com.mockrunner.jdk15.jee5:mockrunner-servlet:jar:0.4.2 is missing, no dependency information available
[INFO] 
[INFO] --- buildnumber-maven-plugin:1.4:create (buildnumber) @ OpenClinica-web ---
[INFO] ShortRevision tag detected. The value is '12'.
[INFO] Executing: /bin/sh -c cd '/tmp/tmp75ddiv35/OpenClinica' && 'git' 'rev-parse' '--verify' '--short=12' 'HEAD'
[INFO] Working directory: /tmp/tmp75ddiv35/OpenClinica
[INFO] Storing buildNumber: 5049f784a858 at timestamp: 1596125692701
[WARNING] Cannot get the branch information from the git repository: 
Detecting the current branch failed: fatal: ref HEAD is not a symbolic ref

[INFO] ShortRevision tag detected. The value is '12'.
[INFO] Executing: /bin/sh -c cd '/tmp/tmp75ddiv35/OpenClinica' && 'git' 'rev-parse' '--verify' '--short=12' 'HEAD'
[INFO] Working directory: /tmp/tmp75ddiv35/OpenClinica
[INFO] Storing buildScmBranch: UNKNOWN
[INFO] 
[INFO] --- buildnumber-maven-plugin:1.4:create-timestamp (timestamp) @ OpenClinica-web ---
[INFO] 
[INFO] --- jacoco-maven-plugin:0.8.5:prepare-agent (default) @ OpenClinica-web ---
[INFO] argLine set to -javaagent:/home/jdbl/.m2/repository/org/jacoco/org.jacoco.agent/0.8.5/org.jacoco.agent-0.8.5-runtime.jar=destfile=/tmp/tmp75ddiv35/OpenClinica/target/jacoco.exec
[INFO] 
[INFO] --- maven-jaxb2-plugin:0.13.3:generate (default) @ OpenClinica-web ---
[WARNING] No schemas to compile. Skipping XJC execution. 
[INFO] 
[INFO] --- maven-resources-plugin:3.0.1:resources (default-resources) @ OpenClinica-web ---
[INFO] Using 'UTF-8' encoding to copy filtered resources.
[INFO] Copying 201 resources
[INFO] Copying 36 resources
[INFO] skip non existing resourceDirectory /tmp/tmp75ddiv35/OpenClinica/target/generated-sources/xjc
[INFO] 
[INFO] --- jrebel-maven-plugin:1.1.6:generate (generate-rebel-xml) @ OpenClinica-web ---
[INFO] Processing org.akaza.openclinica:OpenClinica-web with packaging war
[INFO] 
[INFO] --- maven-compiler-plugin:3.5.1:compile (default-compile) @ OpenClinica-web ---
[INFO] Changes detected - recompiling the module!
[INFO] Compiling 1458 source files to /tmp/tmp75ddiv35/OpenClinica/target/classes
[WARNING] /tmp/tmp75ddiv35/OpenClinica/src/main/java/org/akaza/openclinica/control/core/SecureController.java:[77,21] javax.servlet.SingleThreadModel in javax.servlet has been deprecated
[WARNING] /tmp/tmp75ddiv35/OpenClinica/src/main/java/core/org/akaza/openclinica/dao/hibernate/FormLayoutMediaDao.java:[6,21] org.hibernate.Query in org.hibernate has been deprecated
[WARNING] /tmp/tmp75ddiv35/OpenClinica/src/main/java/core/org/akaza/openclinica/dao/hibernate/EventDefinitionCrfDao.java:[6,21] org.hibernate.Query in org.hibernate has been deprecated
[WARNING] /tmp/tmp75ddiv35/OpenClinica/src/main/java/core/org/akaza/openclinica/service/crfdata/xform/EnketoAPI.java:[37,60] org.springframework.security.authentication.encoding.ShaPasswordEncoder in org.springframework.security.authentication.encoding has been deprecated
[WARNING] /tmp/tmp75ddiv35/OpenClinica/src/main/java/core/org/akaza/openclinica/dao/hibernate/RuleActionRunLogDao.java:[6,21] org.hibernate.Query in org.hibernate has been deprecated
[WARNING] /tmp/tmp75ddiv35/OpenClinica/src/main/java/core/org/akaza/openclinica/dao/hibernate/DynamicsItemFormMetadataDao.java:[9,21] org.hibernate.Query in org.hibernate has been deprecated
[WARNING] /tmp/tmp75ddiv35/OpenClinica/src/main/java/core/org/akaza/openclinica/core/SecurityManager.java:[16,60] org.springframework.security.authentication.encoding.PasswordEncoder in org.springframework.security.authentication.encoding has been deprecated
[WARNING] /tmp/tmp75ddiv35/OpenClinica/src/main/java/core/org/akaza/openclinica/service/extract/GenerateExtractFileService.java:[29,47] core.org.akaza.openclinica.bean.extract.SPSSVariableNameValidator in core.org.akaza.openclinica.bean.extract has been deprecated
[WARNING] /tmp/tmp75ddiv35/OpenClinica/src/main/java/core/org/akaza/openclinica/web/pform/PFormCache.java:[18,60] org.springframework.security.authentication.encoding.ShaPasswordEncoder in org.springframework.security.authentication.encoding has been deprecated
[WARNING] /tmp/tmp75ddiv35/OpenClinica/src/main/java/core/org/akaza/openclinica/dao/hibernate/HibernateUtil.java:[6,21] org.hibernate.Query in org.hibernate has been deprecated
[WARNING] /tmp/tmp75ddiv35/OpenClinica/src/main/java/core/org/akaza/openclinica/web/job/XalanStatefulJob.java:[3,18] org.quartz.StatefulJob in org.quartz has been deprecated
[WARNING] /tmp/tmp75ddiv35/OpenClinica/src/main/java/core/org/akaza/openclinica/web/job/ImportStatefulJob.java:[3,18] org.quartz.StatefulJob in org.quartz has been deprecated
[WARNING] /tmp/tmp75ddiv35/OpenClinica/src/main/java/core/org/akaza/openclinica/web/job/ExampleSpringJob.java:[16,47] core.org.akaza.openclinica.bean.extract.SPSSReportBean in core.org.akaza.openclinica.bean.extract has been deprecated
[WARNING] /tmp/tmp75ddiv35/OpenClinica/src/main/java/core/org/akaza/openclinica/bean/extract/odm/MetaDataReportBean.java:[59,22] org.castor.xml.XMLConfiguration in org.castor.xml has been deprecated
[WARNING] /tmp/tmp75ddiv35/OpenClinica/src/main/java/core/org/akaza/openclinica/service/auth/TokenServiceImpl.java:[15,24] sun.security.rsa.RSAPublicKeyImpl is internal proprietary API and may be removed in a future release
[WARNING] /tmp/tmp75ddiv35/OpenClinica/src/main/java/core/org/akaza/openclinica/core/OpenClinicaPasswordEncoder.java:[4,60] org.springframework.security.authentication.encoding.PasswordEncoder in org.springframework.security.authentication.encoding has been deprecated
[WARNING] /tmp/tmp75ddiv35/OpenClinica/src/main/java/core/org/akaza/openclinica/bean/rule/EmailHandler.java:[4,36] org.apache.commons.validator.EmailValidator in org.apache.commons.validator has been deprecated
[WARNING] /tmp/tmp75ddiv35/OpenClinica/src/main/java/core/org/akaza/openclinica/web/job/ExampleStatefulJob.java:[3,18] org.quartz.StatefulJob in org.quartz has been deprecated
[WARNING] /tmp/tmp75ddiv35/OpenClinica/src/main/java/core/org/akaza/openclinica/domain/user/UserAccount.java:[454,58] unchecked conversion
  required: java.util.List<core.org.akaza.openclinica.domain.datamap.DiscrepancyNote>
  found:    java.util.List
[WARNING] /tmp/tmp75ddiv35/OpenClinica/src/main/java/core/org/akaza/openclinica/domain/Status.java:[118,16] unchecked call to ArrayList(java.util.Collection<? extends E>) as a member of the raw type java.util.ArrayList
[WARNING] /tmp/tmp75ddiv35/OpenClinica/src/main/java/core/org/akaza/openclinica/domain/Status.java:[122,16] unchecked call to ArrayList(java.util.Collection<? extends E>) as a member of the raw type java.util.ArrayList
[WARNING] /tmp/tmp75ddiv35/OpenClinica/src/main/java/core/org/akaza/openclinica/domain/Status.java:[126,16] unchecked call to ArrayList(java.util.Collection<? extends E>) as a member of the raw type java.util.ArrayList
[WARNING] /tmp/tmp75ddiv35/OpenClinica/src/main/java/core/org/akaza/openclinica/domain/Status.java:[130,16] unchecked call to ArrayList(java.util.Collection<? extends E>) as a member of the raw type java.util.ArrayList
[WARNING] /tmp/tmp75ddiv35/OpenClinica/src/main/java/core/org/akaza/openclinica/domain/Status.java:[133,16] unchecked call to ArrayList(java.util.Collection<? extends E>) as a member of the raw type java.util.ArrayList
[WARNING] /tmp/tmp75ddiv35/OpenClinica/src/main/java/core/org/akaza/openclinica/bean/login/UserAccountBean.java:[105,61] unchecked conversion
  required: java.util.HashMap<java.lang.Integer,java.lang.Integer>
  found:    java.util.HashMap
[WARNING] /tmp/tmp75ddiv35/OpenClinica/src/main/java/core/org/akaza/openclinica/bean/login/UserAccountBean.java:[326,22] unchecked call to add(E) as a member of the raw type java.util.ArrayList
[WARNING] /tmp/tmp75ddiv35/OpenClinica/src/main/java/core/org/akaza/openclinica/dao/hibernate/AbstractDomainDao.java:[76,34] unchecked cast
  required: T
  found:    java.lang.Object
[WARNING] /tmp/tmp75ddiv35/OpenClinica/src/main/java/core/org/akaza/openclinica/dao/hibernate/AbstractDomainDao.java:[156,34] unchecked cast
  required: T
  found:    java.lang.Object
[WARNING] /tmp/tmp75ddiv35/OpenClinica/src/main/java/core/org/akaza/openclinica/dao/hibernate/ItemDao.java:[27,22] org.hibernate.Query in org.hibernate has been deprecated
[WARNING] /tmp/tmp75ddiv35/OpenClinica/src/main/java/core/org/akaza/openclinica/dao/hibernate/ItemDao.java:[28,10] setString(java.lang.String,java.lang.String) in org.hibernate.Query has been deprecated
[WARNING] /tmp/tmp75ddiv35/OpenClinica/src/main/java/core/org/akaza/openclinica/dao/hibernate/ItemDao.java:[35,22] org.hibernate.Query in org.hibernate has been deprecated
[WARNING] /tmp/tmp75ddiv35/OpenClinica/src/main/java/core/org/akaza/openclinica/dao/hibernate/ItemDao.java:[35,52] createSQLQuery(java.lang.String) in org.hibernate.query.QueryProducer has been deprecated
[WARNING] /tmp/tmp75ddiv35/OpenClinica/src/main/java/core/org/akaza/openclinica/dao/hibernate/ItemDao.java:[41,22] org.hibernate.Query in org.hibernate has been deprecated
[WARNING] /tmp/tmp75ddiv35/OpenClinica/src/main/java/core/org/akaza/openclinica/dao/hibernate/ItemDao.java:[41,52] createSQLQuery(java.lang.String) in org.hibernate.query.QueryProducer has been deprecated
[WARNING] /tmp/tmp75ddiv35/OpenClinica/src/main/java/core/org/akaza/openclinica/dao/hibernate/ItemDao.java:[47,22] org.hibernate.Query in org.hibernate has been deprecated
[WARNING] /tmp/tmp75ddiv35/OpenClinica/src/main/java/core/org/akaza/openclinica/dao/hibernate/ItemDao.java:[47,52] createSQLQuery(java.lang.String) in org.hibernate.query.QueryProducer has been deprecated
[WARNING] /tmp/tmp75ddiv35/OpenClinica/src/main/java/core/org/akaza/openclinica/dao/hibernate/CrfDao.java:[17,22] org.hibernate.Query in org.hibernate has been deprecated
[WARNING] /tmp/tmp75ddiv35/OpenClinica/src/main/java/core/org/akaza/openclinica/dao/hibernate/CrfDao.java:[18,10] setString(java.lang.String,java.lang.String) in org.hibernate.Query has been deprecated
[WARNING] /tmp/tmp75ddiv35/OpenClinica/src/main/java/core/org/akaza/openclinica/dao/hibernate/CrfDao.java:[25,22] org.hibernate.Query in org.hibernate has been deprecated
[WARNING] /tmp/tmp75ddiv35/OpenClinica/src/main/java/core/org/akaza/openclinica/dao/hibernate/CrfDao.java:[26,10] setString(java.lang.String,java.lang.String) in org.hibernate.Query has been deprecated
[WARNING] /tmp/tmp75ddiv35/OpenClinica/src/main/java/core/org/akaza/openclinica/dao/hibernate/CrfDao.java:[32,22] org.hibernate.Query in org.hibernate has been deprecated
[WARNING] /tmp/tmp75ddiv35/OpenClinica/src/main/java/core/org/akaza/openclinica/dao/hibernate/CrfDao.java:[33,10] setInteger(java.lang.String,int) in org.hibernate.Query has been deprecated
[WARNING] /tmp/tmp75ddiv35/OpenClinica/src/main/java/core/org/akaza/openclinica/dao/hibernate/CrfVersionDao.java:[30,41] unchecked cast
  required: java.util.List<core.org.akaza.openclinica.domain.datamap.CrfVersion>
  found:    java.util.List
[WARNING] /tmp/tmp75ddiv35/OpenClinica/src/main/java/core/org/akaza/openclinica/dao/hibernate/CrfVersionDao.java:[43,22] org.hibernate.Query in org.hibernate has been deprecated
[WARNING] /tmp/tmp75ddiv35/OpenClinica/src/main/java/core/org/akaza/openclinica/dao/hibernate/CrfVersionDao.java:[43,52] createSQLQuery(java.lang.String) in org.hibernate.query.QueryProducer has been deprecated
[WARNING] /tmp/tmp75ddiv35/OpenClinica/src/main/java/core/org/akaza/openclinica/dao/hibernate/ItemFormMetadataDao.java:[17,22] org.hibernate.Query in org.hibernate has been deprecated
[WARNING] /tmp/tmp75ddiv35/OpenClinica/src/main/java/core/org/akaza/openclinica/dao/hibernate/ItemFormMetadataDao.java:[17,52] createSQLQuery(java.lang.String) in org.hibernate.query.QueryProducer has been deprecated
[WARNING] /tmp/tmp75ddiv35/OpenClinica/src/main/java/core/org/akaza/openclinica/dao/hibernate/ItemFormMetadataDao.java:[24,22] org.hibernate.Query in org.hibernate has been deprecated
[WARNING] /tmp/tmp75ddiv35/OpenClinica/src/main/java/core/org/akaza/openclinica/dao/hibernate/ItemFormMetadataDao.java:[24,52] createSQLQuery(java.lang.String) in org.hibernate.query.QueryProducer has been deprecated
[WARNING] /tmp/tmp75ddiv35/OpenClinica/src/main/java/core/org/akaza/openclinica/dao/hibernate/ItemFormMetadataDao.java:[25,10] setInteger(java.lang.String,int) in org.hibernate.Query has been deprecated
[WARNING] /tmp/tmp75ddiv35/OpenClinica/src/main/java/core/org/akaza/openclinica/dao/hibernate/ItemFormMetadataDao.java:[26,48] unchecked cast
  required: java.util.List<core.org.akaza.openclinica.domain.datamap.ItemFormMetadata>
  found:    java.util.List
[WARNING] /tmp/tmp75ddiv35/OpenClinica/src/main/java/core/org/akaza/openclinica/bean/core/Status.java:[102,16] unchecked call to ArrayList(java.util.Collection<? extends E>) as a member of the raw type java.util.ArrayList
[WARNING] /tmp/tmp75ddiv35/OpenClinica/src/main/java/core/org/akaza/openclinica/bean/core/Status.java:[106,16] unchecked call to ArrayList(java.util.Collection<? extends E>) as a member of the raw type java.util.ArrayList
[WARNING] /tmp/tmp75ddiv35/OpenClinica/src/main/java/core/org/akaza/openclinica/bean/core/Status.java:[110,16] unchecked call to ArrayList(java.util.Collection<? extends E>) as a member of the raw type java.util.ArrayList
[WARNING] /tmp/tmp75ddiv35/OpenClinica/src/main/java/core/org/akaza/openclinica/bean/core/Status.java:[114,16] unchecked call to ArrayList(java.util.Collection<? extends E>) as a member of the raw type java.util.ArrayList
[WARNING] /tmp/tmp75ddiv35/OpenClinica/src/main/java/core/org/akaza/openclinica/bean/core/Status.java:[118,16] unchecked call to ArrayList(java.util.Collection<? extends E>) as a member of the raw type java.util.ArrayList
[WARNING] /tmp/tmp75ddiv35/OpenClinica/src/main/java/core/org/akaza/openclinica/dao/core/EntityDAO.java:[143,21] unchecked call to put(K,V) as a member of the raw type java.util.HashMap
[WARNING] /tmp/tmp75ddiv35/OpenClinica/src/main/java/core/org/akaza/openclinica/dao/core/EntityDAO.java:[252,16] unchecked conversion
  required: java.util.ArrayList<V>
  found:    java.util.ArrayList
[WARNING] /tmp/tmp75ddiv35/OpenClinica/src/main/java/core/org/akaza/openclinica/dao/core/EntityDAO.java:[316,34] unchecked cast
  required: K
  found:    java.lang.String
[WARNING] /tmp/tmp75ddiv35/OpenClinica/src/main/java/core/org/akaza/openclinica/dao/core/EntityDAO.java:[317,41] unchecked call to get(K) as a member of the raw type core.org.akaza.openclinica.dao.cache.EhCacheWrapper
[WARNING] /tmp/tmp75ddiv35/OpenClinica/src/main/java/core/org/akaza/openclinica/dao/core/EntityDAO.java:[317,41] unchecked cast
  required: V
  found:    java.lang.Object
[WARNING] /tmp/tmp75ddiv35/OpenClinica/src/main/java/core/org/akaza/openclinica/dao/core/EntityDAO.java:[321,30] unchecked call to put(K,V) as a member of the raw type core.org.akaza.openclinica.dao.cache.EhCacheWrapper
[WARNING] /tmp/tmp75ddiv35/OpenClinica/src/main/java/core/org/akaza/openclinica/dao/core/EntityDAO.java:[339,16] unchecked conversion
  required: java.util.ArrayList<V>
  found:    java.util.ArrayList
[WARNING] /tmp/tmp75ddiv35/OpenClinica/src/main/java/core/org/akaza/openclinica/dao/core/EntityDAO.java:[604,35] unchecked call to put(K,V) as a member of the raw type java.util.HashMap
[WARNING] /tmp/tmp75ddiv35/OpenClinica/src/main/java/core/org/akaza/openclinica/dao/core/EntityDAO.java:[613,35] unchecked call to put(K,V) as a member of the raw type java.util.HashMap
[WARNING] /tmp/tmp75ddiv35/OpenClinica/src/main/java/core/org/akaza/openclinica/dao/core/EntityDAO.java:[617,35] unchecked call to put(K,V) as a member of the raw type java.util.HashMap
[WARNING] /tmp/tmp75ddiv35/OpenClinica/src/main/java/core/org/akaza/openclinica/dao/core/EntityDAO.java:[619,39] unchecked call to put(K,V) as a member of the raw type java.util.HashMap
[WARNING] /tmp/tmp75ddiv35/OpenClinica/src/main/java/core/org/akaza/openclinica/dao/core/EntityDAO.java:[625,39] unchecked call to put(K,V) as a member of the raw type java.util.HashMap
[WARNING] /tmp/tmp75ddiv35/OpenClinica/src/main/java/core/org/akaza/openclinica/dao/core/EntityDAO.java:[628,47] unchecked call to put(K,V) as a member of the raw type java.util.HashMap
[WARNING] /tmp/tmp75ddiv35/OpenClinica/src/main/java/core/org/akaza/openclinica/dao/core/EntityDAO.java:[630,47] unchecked call to put(K,V) as a member of the raw type java.util.HashMap
[WARNING] /tmp/tmp75ddiv35/OpenClinica/src/main/java/core/org/akaza/openclinica/dao/core/EntityDAO.java:[634,39] unchecked call to put(K,V) as a member of the raw type java.util.HashMap
[WARNING] /tmp/tmp75ddiv35/OpenClinica/src/main/java/core/org/akaza/openclinica/dao/core/EntityDAO.java:[645,47] unchecked call to put(K,V) as a member of the raw type java.util.HashMap
[WARNING] /tmp/tmp75ddiv35/OpenClinica/src/main/java/core/org/akaza/openclinica/dao/core/EntityDAO.java:[651,51] unchecked call to put(K,V) as a member of the raw type java.util.HashMap
[WARNING] /tmp/tmp75ddiv35/OpenClinica/src/main/java/core/org/akaza/openclinica/dao/core/EntityDAO.java:[653,47] unchecked call to put(K,V) as a member of the raw type java.util.HashMap
[WARNING] /tmp/tmp75ddiv35/OpenClinica/src/main/java/core/org/akaza/openclinica/dao/core/EntityDAO.java:[660,35] unchecked call to put(K,V) as a member of the raw type java.util.HashMap
[WARNING] /tmp/tmp75ddiv35/OpenClinica/src/main/java/core/org/akaza/openclinica/dao/core/EntityDAO.java:[662,39] unchecked call to put(K,V) as a member of the raw type java.util.HashMap
[WARNING] /tmp/tmp75ddiv35/OpenClinica/src/main/java/core/org/akaza/openclinica/dao/core/EntityDAO.java:[666,35] unchecked call to put(K,V) as a member of the raw type java.util.HashMap
[WARNING] /tmp/tmp75ddiv35/OpenClinica/src/main/java/core/org/akaza/openclinica/dao/core/EntityDAO.java:[668,39] unchecked call to put(K,V) as a member of the raw type java.util.HashMap
[WARNING] /tmp/tmp75ddiv35/OpenClinica/src/main/java/core/org/akaza/openclinica/dao/core/EntityDAO.java:[672,35] unchecked call to put(K,V) as a member of the raw type java.util.HashMap
[WARNING] /tmp/tmp75ddiv35/OpenClinica/src/main/java/core/org/akaza/openclinica/dao/core/EntityDAO.java:[674,39] unchecked call to put(K,V) as a member of the raw type java.util.HashMap
[WARNING] /tmp/tmp75ddiv35/OpenClinica/src/main/java/core/org/akaza/openclinica/dao/core/EntityDAO.java:[678,35] unchecked call to put(K,V) as a member of the raw type java.util.HashMap
[WARNING] /tmp/tmp75ddiv35/OpenClinica/src/main/java/core/org/akaza/openclinica/dao/core/EntityDAO.java:[681,39] unchecked call to put(K,V) as a member of the raw type java.util.HashMap
[WARNING] /tmp/tmp75ddiv35/OpenClinica/src/main/java/core/org/akaza/openclinica/dao/core/EntityDAO.java:[689,23] unchecked call to add(E) as a member of the raw type java.util.ArrayList
[WARNING] /tmp/tmp75ddiv35/OpenClinica/src/main/java/core/org/akaza/openclinica/dao/core/EntityDAO.java:[716,50] unchecked conversion
  required: java.util.ArrayList<java.util.HashMap<java.lang.String,?>>
  found:    java.util.ArrayList
[WARNING] /tmp/tmp75ddiv35/OpenClinica/src/main/java/core/org/akaza/openclinica/dao/core/EntityDAO.java:[1143,23] unchecked call to add(E) as a member of the raw type java.util.ArrayList
[WARNING] /tmp/tmp75ddiv35/OpenClinica/src/main/java/core/org/akaza/openclinica/dao/core/EntityDAO.java:[2513,23] unchecked call to put(K,V) as a member of the raw type java.util.HashMap
[WARNING] /tmp/tmp75ddiv35/OpenClinica/src/main/java/core/org/akaza/openclinica/dao/core/EntityDAO.java:[2606,23] unchecked call to add(E) as a member of the raw type java.util.ArrayList
[WARNING] /tmp/tmp75ddiv35/OpenClinica/src/main/java/core/org/akaza/openclinica/dao/core/EntityDAO.java:[2795,23] unchecked call to add(E) as a member of the raw type java.util.ArrayList
[WARNING] /tmp/tmp75ddiv35/OpenClinica/src/main/java/core/org/akaza/openclinica/dao/core/AuditableEntityDAO.java:[112,22] unchecked call to put(K,V) as a member of the raw type java.util.HashMap
[WARNING] /tmp/tmp75ddiv35/OpenClinica/src/main/java/core/org/akaza/openclinica/dao/core/AuditableEntityDAO.java:[115,22] unchecked call to put(K,V) as a member of the raw type java.util.HashMap
[WARNING] /tmp/tmp75ddiv35/OpenClinica/src/main/java/core/org/akaza/openclinica/dao/core/AuditableEntityDAO.java:[124,23] unchecked call to add(E) as a member of the raw type java.util.ArrayList
[WARNING] /tmp/tmp75ddiv35/OpenClinica/src/main/java/core/org/akaza/openclinica/dao/core/AuditableEntityDAO.java:[142,22] unchecked call to put(K,V) as a member of the raw type java.util.HashMap
[WARNING] /tmp/tmp75ddiv35/OpenClinica/src/main/java/core/org/akaza/openclinica/dao/core/AuditableEntityDAO.java:[145,22] unchecked call to put(K,V) as a member of the raw type java.util.HashMap
[WARNING] /tmp/tmp75ddiv35/OpenClinica/src/main/java/core/org/akaza/openclinica/dao/core/AuditableEntityDAO.java:[154,23] unchecked call to add(E) as a member of the raw type java.util.ArrayList
[WARNING] /tmp/tmp75ddiv35/OpenClinica/src/main/java/core/org/akaza/openclinica/dao/core/AuditableEntityDAO.java:[182,22] unchecked call to put(K,V) as a member of the raw type java.util.HashMap
[WARNING] /tmp/tmp75ddiv35/OpenClinica/src/main/java/core/org/akaza/openclinica/dao/core/AuditableEntityDAO.java:[185,22] unchecked call to put(K,V) as a member of the raw type java.util.HashMap
[WARNING] /tmp/tmp75ddiv35/OpenClinica/src/main/java/core/org/akaza/openclinica/dao/core/AuditableEntityDAO.java:[188,22] unchecked call to put(K,V) as a member of the raw type java.util.HashMap
[WARNING] /tmp/tmp75ddiv35/OpenClinica/src/main/java/core/org/akaza/openclinica/dao/core/AuditableEntityDAO.java:[218,16] setOwnerId(int) in core.org.akaza.openclinica.bean.core.AuditableEntityBean has been deprecated
[WARNING] /tmp/tmp75ddiv35/OpenClinica/src/main/java/core/org/akaza/openclinica/dao/core/AuditableEntityDAO.java:[219,16] setUpdaterId(int) in core.org.akaza.openclinica.bean.core.AuditableEntityBean has been deprecated
[WARNING] /tmp/tmp75ddiv35/OpenClinica/src/main/java/core/org/akaza/openclinica/dao/core/AuditableEntityDAO.java:[260,23] unchecked call to add(E) as a member of the raw type java.util.ArrayList
[INFO] /tmp/tmp75ddiv35/OpenClinica/src/main/java/core/org/akaza/openclinica/dao/login/UserAccountDAO.java: Some input files additionally use or override a deprecated API.
[INFO] /tmp/tmp75ddiv35/OpenClinica/src/main/java/core/org/akaza/openclinica/dao/login/UserAccountDAO.java: Some input files additionally use unchecked or unsafe operations.
[INFO] 
[INFO] --- maven-resources-plugin:3.0.1:testResources (default-testResources) @ OpenClinica-web ---
[INFO] Using 'UTF-8' encoding to copy filtered resources.
[INFO] Copying 16 resources
[INFO] 
[INFO] --- maven-compiler-plugin:3.5.1:testCompile (default-testCompile) @ OpenClinica-web ---
[INFO] Changes detected - recompiling the module!
[INFO] Compiling 19 source files to /tmp/tmp75ddiv35/OpenClinica/target/test-classes
[WARNING] /tmp/tmp75ddiv35/OpenClinica/src/test/java/core/org/akaza/openclinica/templates/OcDbTestCase.java:[57,16] FlatXmlDataSet(java.io.InputStream) in org.dbunit.dataset.xml.FlatXmlDataSet has been deprecated
[INFO] 
[INFO] --- maven-surefire-plugin:2.19.1:test (default-test) @ OpenClinica-web ---
[INFO] Surefire report directory: /tmp/tmp75ddiv35/OpenClinica/target/surefire-reports

-------------------------------------------------------
 T E S T S
-------------------------------------------------------
Running core.org.akaza.openclinica.service.rule.RuleSetServiceTest
Tests run: 1, Failures: 0, Errors: 0, Skipped: 1, Time elapsed: 0.014 sec - in core.org.akaza.openclinica.service.rule.RuleSetServiceTest
Running core.org.akaza.openclinica.service.rule.RulesPostImportContainerServiceTest
Tests run: 1, Failures: 0, Errors: 0, Skipped: 1, Time elapsed: 0 sec - in core.org.akaza.openclinica.service.rule.RulesPostImportContainerServiceTest
Running core.org.akaza.openclinica.service.rule.expression.ExpressionServiceTest
SLF4J: core.org.akaza.openclinica.dao.core.CoreResources
SLF4J: The following set of substitute loggers may have been accessed
SLF4J: during the initialization phase. Logging calls during this
SLF4J: phase were not honored. However, subsequent logging calls to these
SLF4J: loggers will work as normally expected.
SLF4J: See also http://www.slf4j.org/codes.html#substituteLogger
SLF4J: core.org.akaza.openclinica.dao.core.CoreResources
Tests run: 1, Failures: 0, Errors: 0, Skipped: 0, Time elapsed: 0.546 sec - in core.org.akaza.openclinica.service.rule.expression.ExpressionServiceTest
Running core.org.akaza.openclinica.service.rule.expression.SampleTest
Tests run: 1, Failures: 0, Errors: 0, Skipped: 1, Time elapsed: 0 sec - in core.org.akaza.openclinica.service.rule.expression.SampleTest
Running core.org.akaza.openclinica.logic.expressionTree.OpenClinicaExpressionParserTest
Tests run: 4, Failures: 0, Errors: 0, Skipped: 0, Time elapsed: 0.216 sec - in core.org.akaza.openclinica.logic.expressionTree.OpenClinicaExpressionParserTest
Running core.org.akaza.openclinica.dao.ConfigurationDaoTest
Tests run: 1, Failures: 0, Errors: 0, Skipped: 1, Time elapsed: 0 sec - in core.org.akaza.openclinica.dao.ConfigurationDaoTest
Running core.org.akaza.openclinica.dao.AuthoritiesDaoTest
Tests run: 1, Failures: 0, Errors: 0, Skipped: 1, Time elapsed: 0 sec - in core.org.akaza.openclinica.dao.AuthoritiesDaoTest
Running core.org.akaza.openclinica.dao.submit.ItemDataDAOTest
Tests run: 1, Failures: 0, Errors: 0, Skipped: 0, Time elapsed: 0.073 sec - in core.org.akaza.openclinica.dao.submit.ItemDataDAOTest
Running core.org.akaza.openclinica.dao.rule.RuleSetAuditDaoTest
Tests run: 1, Failures: 0, Errors: 0, Skipped: 1, Time elapsed: 0 sec - in core.org.akaza.openclinica.dao.rule.RuleSetAuditDaoTest
Running core.org.akaza.openclinica.dao.rule.RuleDaoTest
Tests run: 1, Failures: 0, Errors: 0, Skipped: 1, Time elapsed: 0 sec - in core.org.akaza.openclinica.dao.rule.RuleDaoTest
Running core.org.akaza.openclinica.dao.rule.RuleSetDaoTest
Tests run: 1, Failures: 0, Errors: 0, Skipped: 1, Time elapsed: 0 sec - in core.org.akaza.openclinica.dao.rule.RuleSetDaoTest
Running core.org.akaza.openclinica.dao.rule.RuleSetRuleAuditDaoTest
Tests run: 1, Failures: 0, Errors: 0, Skipped: 1, Time elapsed: 0 sec - in core.org.akaza.openclinica.dao.rule.RuleSetRuleAuditDaoTest
Running core.org.akaza.openclinica.dao.rule.RuleSetRuleDaoTest
Tests run: 1, Failures: 0, Errors: 0, Skipped: 1, Time elapsed: 0 sec - in core.org.akaza.openclinica.dao.rule.RuleSetRuleDaoTest
Running core.org.akaza.openclinica.dao.AuditUserLoginDaoTest
Tests run: 1, Failures: 0, Errors: 0, Skipped: 1, Time elapsed: 0 sec - in core.org.akaza.openclinica.dao.AuditUserLoginDaoTest
Running core.org.akaza.openclinica.dao.DatabaseChangeLogDaoTest
Tests run: 1, Failures: 0, Errors: 0, Skipped: 1, Time elapsed: 0 sec - in core.org.akaza.openclinica.dao.DatabaseChangeLogDaoTest
Running org.akaza.openclinica.control.managestudy.ListDiscNotesForCRFServletTest
Tests run: 1, Failures: 0, Errors: 0, Skipped: 0, Time elapsed: 0.253 sec - in org.akaza.openclinica.control.managestudy.ListDiscNotesForCRFServletTest
Running org.akaza.openclinica.control.submit.SubmitDataServletTest
Tests run: 2, Failures: 0, Errors: 0, Skipped: 0, Time elapsed: 0.003 sec - in org.akaza.openclinica.control.submit.SubmitDataServletTest

Results :

Tests run: 21, Failures: 0, Errors: 0, Skipped: 12

[INFO] 
[INFO] --- jacoco-maven-plugin:0.8.5:report (report) @ OpenClinica-web ---
[INFO] Loading execution data file /tmp/tmp75ddiv35/OpenClinica/target/jacoco.exec
[INFO] Analyzed bundle 'OpenClinica' with 2329 classes
[INFO] ------------------------------------------------------------------------
[INFO] BUILD SUCCESS
[INFO] ------------------------------------------------------------------------
[INFO] Total time:  19:19 min
[INFO] Finished at: 2020-07-30T16:15:51Z
[INFO] ------------------------------------------------------------------------
