[INFO] Error stacktraces are turned on.
[INFO] Scanning for projects...
[INFO] 
[INFO] -------------------< com.lazerycode.selenium:query >--------------------
[INFO] Building Query DEV-SNAPSHOT
[INFO] --------------------------------[ jar ]---------------------------------
[INFO] 
[INFO] --- jacoco-maven-plugin:0.8.5:prepare-agent (default) @ query ---
[INFO] argLine set to -javaagent:/home/jdbl/.m2/repository/org/jacoco/org.jacoco.agent/0.8.5/org.jacoco.agent-0.8.5-runtime.jar=destfile=/tmp/tmpqasl2o95/Query/target/jacoco.exec
[INFO] 
[INFO] --- maven-resources-plugin:2.6:resources (default-resources) @ query ---
[INFO] Using 'UTF-8' encoding to copy filtered resources.
[INFO] skip non existing resourceDirectory /tmp/tmpqasl2o95/Query/src/main/resources
[INFO] 
[INFO] --- maven-compiler-plugin:3.7.0:compile (default-compile) @ query ---
[INFO] Changes detected - recompiling the module!
[INFO] Compiling 2 source files to /tmp/tmpqasl2o95/Query/target/classes
[INFO] 
[INFO] --- maven-resources-plugin:2.6:testResources (default-testResources) @ query ---
[INFO] Using 'UTF-8' encoding to copy filtered resources.
[INFO] skip non existing resourceDirectory /tmp/tmpqasl2o95/Query/src/test/resources
[INFO] 
[INFO] --- maven-compiler-plugin:3.7.0:testCompile (default-testCompile) @ query ---
[INFO] Changes detected - recompiling the module!
[INFO] Compiling 4 source files to /tmp/tmpqasl2o95/Query/target/test-classes
[INFO] 
[INFO] --- maven-surefire-plugin:2.19.1:test (default-test) @ query ---
[INFO] Surefire report directory: /tmp/tmpqasl2o95/Query/target/surefire-reports

-------------------------------------------------------
 T E S T S
-------------------------------------------------------
Running com.lazerycode.selenium.util.QueryTest
Tests run: 21, Failures: 0, Errors: 0, Skipped: 0, Time elapsed: 1.338 sec - in com.lazerycode.selenium.util.QueryTest
Running com.lazerycode.selenium.util.EqualsAndHashCodeTest
Tests run: 8, Failures: 0, Errors: 0, Skipped: 0, Time elapsed: 0 sec - in com.lazerycode.selenium.util.EqualsAndHashCodeTest
Running com.lazerycode.selenium.util.AssignDriverObjectTest
Tests run: 3, Failures: 0, Errors: 0, Skipped: 0, Time elapsed: 0.249 sec - in com.lazerycode.selenium.util.AssignDriverObjectTest

Results :

Tests run: 32, Failures: 0, Errors: 0, Skipped: 0

[INFO] 
[INFO] --- jacoco-maven-plugin:0.8.5:report (report) @ query ---
[INFO] Loading execution data file /tmp/tmpqasl2o95/Query/target/jacoco.exec
[INFO] Analyzed bundle 'Query' with 1049 classes
[INFO] ------------------------------------------------------------------------
[INFO] BUILD SUCCESS
[INFO] ------------------------------------------------------------------------
[INFO] Total time:  38.215 s
[INFO] Finished at: 2020-07-31T05:39:13Z
[INFO] ------------------------------------------------------------------------
