[INFO] Error stacktraces are turned on.
[INFO] Scanning for projects...
[WARNING] 
[WARNING] Some problems were encountered while building the effective model for com.sematext:searchschemer:jar:0.0.6-SNAPSHOT
[WARNING] 'build.plugins.plugin.version' for org.apache.maven.plugins:maven-compiler-plugin is missing. @ line 22, column 15
[WARNING] 
[WARNING] It is highly recommended to fix these problems because they threaten the stability of your build.
[WARNING] 
[WARNING] For this reason, future Maven versions might no longer support building such malformed projects.
[WARNING] 
[INFO] 
[INFO] ---------------------< com.sematext:searchschemer >---------------------
[INFO] Building SearchSchemer 0.0.6-SNAPSHOT
[INFO] --------------------------------[ jar ]---------------------------------
[INFO] 
[INFO] --- jacoco-maven-plugin:0.8.5:prepare-agent (default) @ searchschemer ---
[INFO] argLine set to -javaagent:/home/jdbl/.m2/repository/org/jacoco/org.jacoco.agent/0.8.5/org.jacoco.agent-0.8.5-runtime.jar=destfile=/tmp/tmp3uajjql9/SearchSchemer/target/jacoco.exec
[INFO] 
[INFO] --- maven-resources-plugin:2.6:resources (default-resources) @ searchschemer ---
[INFO] Using 'UTF-8' encoding to copy filtered resources.
[INFO] skip non existing resourceDirectory /tmp/tmp3uajjql9/SearchSchemer/src/main/resources
[INFO] 
[INFO] --- maven-compiler-plugin:3.1:compile (default-compile) @ searchschemer ---
[INFO] Changes detected - recompiling the module!
[INFO] Compiling 63 source files to /tmp/tmp3uajjql9/SearchSchemer/target/classes
[INFO] 
[INFO] --- maven-resources-plugin:2.6:testResources (default-testResources) @ searchschemer ---
[INFO] Using 'UTF-8' encoding to copy filtered resources.
[INFO] Copying 13 resources
[INFO] 
[INFO] --- maven-compiler-plugin:3.1:testCompile (default-testCompile) @ searchschemer ---
[INFO] Changes detected - recompiling the module!
[INFO] Compiling 11 source files to /tmp/tmp3uajjql9/SearchSchemer/target/test-classes
[INFO] 
[INFO] --- maven-surefire-plugin:2.19.1:test (default-test) @ searchschemer ---
[INFO] Surefire report directory: /tmp/tmp3uajjql9/SearchSchemer/target/surefire-reports

-------------------------------------------------------
 T E S T S
-------------------------------------------------------
Running com.sematext.searchschemer.client.CommandLineReaderTest
Tests run: 1, Failures: 0, Errors: 0, Skipped: 0, Time elapsed: 0.187 sec - in com.sematext.searchschemer.client.CommandLineReaderTest
Running com.sematext.searchschemer.writer.ElasticsearchStructureWriterTest
Tests run: 4, Failures: 0, Errors: 0, Skipped: 0, Time elapsed: 0.041 sec - in com.sematext.searchschemer.writer.ElasticsearchStructureWriterTest
Running com.sematext.searchschemer.writer.SenseidbIndexStructureWriterTest
Tests run: 2, Failures: 0, Errors: 0, Skipped: 0, Time elapsed: 0.068 sec - in com.sematext.searchschemer.writer.SenseidbIndexStructureWriterTest
Running com.sematext.searchschemer.writer.IndexStructureWriterFactoryTest
Tests run: 1, Failures: 0, Errors: 0, Skipped: 0, Time elapsed: 0.012 sec - in com.sematext.searchschemer.writer.IndexStructureWriterFactoryTest
Running com.sematext.searchschemer.writer.SolrIndexStructureWriterTest
Tests run: 5, Failures: 0, Errors: 0, Skipped: 0, Time elapsed: 0.02 sec - in com.sematext.searchschemer.writer.SolrIndexStructureWriterTest
Running com.sematext.searchschemer.reader.IndexStructureReaderFactoryTest
Tests run: 1, Failures: 0, Errors: 0, Skipped: 0, Time elapsed: 0.005 sec - in com.sematext.searchschemer.reader.IndexStructureReaderFactoryTest
Running com.sematext.searchschemer.reader.elasticsearch.ElasticSearchFieldsDefinitionReaderTest
Tests run: 6, Failures: 0, Errors: 0, Skipped: 0, Time elapsed: 0.041 sec - in com.sematext.searchschemer.reader.elasticsearch.ElasticSearchFieldsDefinitionReaderTest
Running com.sematext.searchschemer.reader.senseidb.SenseiDBFieldsDefinitionReaderTest
Tests run: 2, Failures: 0, Errors: 0, Skipped: 0, Time elapsed: 0.63 sec - in com.sematext.searchschemer.reader.senseidb.SenseiDBFieldsDefinitionReaderTest
Running com.sematext.searchschemer.reader.solr.SolrDynamicFieldsDefinitionReaderTest
Tests run: 1, Failures: 0, Errors: 0, Skipped: 0, Time elapsed: 0.014 sec - in com.sematext.searchschemer.reader.solr.SolrDynamicFieldsDefinitionReaderTest
Running com.sematext.searchschemer.reader.solr.SolrStaticFieldsDefinitionReaderTest
Tests run: 4, Failures: 0, Errors: 0, Skipped: 0, Time elapsed: 0.064 sec - in com.sematext.searchschemer.reader.solr.SolrStaticFieldsDefinitionReaderTest
Running com.sematext.searchschemer.type.MapperTest
Tests run: 1, Failures: 0, Errors: 0, Skipped: 0, Time elapsed: 0.001 sec - in com.sematext.searchschemer.type.MapperTest

Results :

Tests run: 28, Failures: 0, Errors: 0, Skipped: 0

[INFO] 
[INFO] --- jacoco-maven-plugin:0.8.5:report (report) @ searchschemer ---
[INFO] Loading execution data file /tmp/tmp3uajjql9/SearchSchemer/target/jacoco.exec
[INFO] Analyzed bundle 'SearchSchemer' with 56 classes
[INFO] ------------------------------------------------------------------------
[INFO] BUILD SUCCESS
[INFO] ------------------------------------------------------------------------
[INFO] Total time:  10.240 s
[INFO] Finished at: 2020-07-30T20:11:15Z
[INFO] ------------------------------------------------------------------------
