[INFO] Error stacktraces are turned on.
[INFO] Scanning for projects...
[INFO] 
[INFO] -----------------------< org.jenkins-ci:ircbot >------------------------
[INFO] Building IRCBot for Jenkins 2.0-SNAPSHOT
[INFO] --------------------------------[ jar ]---------------------------------
[INFO] 
[INFO] --- maven-enforcer-plugin:3.0.0-M3:display-info (display-info) @ ircbot ---
[INFO] Maven Version: 3.6.3
[INFO] JDK Version: 1.8.0_262 normalized as: 1.8.0-262
[INFO] OS Info: Arch: amd64 Family: unix Name: linux Version: 4.15.0-109-generic
[INFO] 
[INFO] --- maven-enforcer-plugin:3.0.0-M3:enforce (display-info) @ ircbot ---
[INFO] Adding ignore: module-info
[INFO] 
[INFO] --- jacoco-maven-plugin:0.8.5:prepare-agent (default) @ ircbot ---
[INFO] argLine set to -javaagent:/home/jdbl/.m2/repository/org/jacoco/org.jacoco.agent/0.8.5/org.jacoco.agent-0.8.5-runtime.jar=destfile=/tmp/tmpxxz_8it1/ircbot/target/jacoco.exec
[INFO] 
[INFO] --- maven-resources-plugin:3.1.0:resources (default-resources) @ ircbot ---
[INFO] Using 'UTF-8' encoding to copy filtered resources.
[INFO] skip non existing resourceDirectory /tmp/tmpxxz_8it1/ircbot/src/main/resources
[INFO] 
[INFO] --- maven-compiler-plugin:3.8.1:compile (default-compile) @ ircbot ---
[INFO] Changes detected - recompiling the module!
[INFO] Compiling 20 source files to /tmp/tmpxxz_8it1/ircbot/target/classes
[INFO] /tmp/tmpxxz_8it1/ircbot/src/main/java/org/jenkinsci/backend/ircbot/IrcListener.java: /tmp/tmpxxz_8it1/ircbot/src/main/java/org/jenkinsci/backend/ircbot/IrcListener.java uses or overrides a deprecated API.
[INFO] /tmp/tmpxxz_8it1/ircbot/src/main/java/org/jenkinsci/backend/ircbot/IrcListener.java: Recompile with -Xlint:deprecation for details.
[INFO] 
[INFO] --- animal-sniffer-maven-plugin:1.18:check (check) @ ircbot ---
[INFO] Signature checking is skipped.
[INFO] 
[INFO] --- maven-resources-plugin:3.1.0:testResources (default-testResources) @ ircbot ---
[INFO] Using 'UTF-8' encoding to copy filtered resources.
[INFO] Copying 20 resources
[INFO] 
[INFO] --- maven-compiler-plugin:3.8.1:testCompile (default-testCompile) @ ircbot ---
[INFO] Changes detected - recompiling the module!
[INFO] Compiling 10 source files to /tmp/tmpxxz_8it1/ircbot/target/test-classes
[INFO] /tmp/tmpxxz_8it1/ircbot/src/test/java/org/jenkinsci/backend/ircbot/IrcListenerTest.java: /tmp/tmpxxz_8it1/ircbot/src/test/java/org/jenkinsci/backend/ircbot/IrcListenerTest.java uses or overrides a deprecated API.
[INFO] /tmp/tmpxxz_8it1/ircbot/src/test/java/org/jenkinsci/backend/ircbot/IrcListenerTest.java: Recompile with -Xlint:deprecation for details.
[INFO] /tmp/tmpxxz_8it1/ircbot/src/test/java/org/jenkinsci/backend/ircbot/hosting/HostingContext.java: /tmp/tmpxxz_8it1/ircbot/src/test/java/org/jenkinsci/backend/ircbot/hosting/HostingContext.java uses unchecked or unsafe operations.
[INFO] /tmp/tmpxxz_8it1/ircbot/src/test/java/org/jenkinsci/backend/ircbot/hosting/HostingContext.java: Recompile with -Xlint:unchecked for details.
[INFO] 
[INFO] --- maven-surefire-plugin:2.19.1:test (default-test) @ ircbot ---
[INFO] Surefire report directory: /tmp/tmpxxz_8it1/ircbot/target/surefire-reports

-------------------------------------------------------
 T E S T S
-------------------------------------------------------
Running org.jenkinsci.backend.ircbot.IrcBotConfigTest
name = ircbot-jdbl
default JIRA project = JENKINS
long_url = 1
nick = github-jenkins
password = 
port = 6667
room = #jenkins-commits
server = irc.freenode.net
Tests run: 2, Failures: 0, Errors: 0, Skipped: 0, Time elapsed: 0.018 sec - in org.jenkinsci.backend.ircbot.IrcBotConfigTest
Running org.jenkinsci.backend.ircbot.hosting.MavenVerifierTest
Detected late test-suite preparation of already initiated test-class org.jenkinsci.backend.ircbot.hosting.MavenVerifierTest
Tests run: 17, Failures: 0, Errors: 0, Skipped: 0, Time elapsed: 1.836 sec - in org.jenkinsci.backend.ircbot.hosting.MavenVerifierTest
Running org.jenkinsci.backend.ircbot.hosting.GithubVerifierTest
Tests run: 7, Failures: 0, Errors: 0, Skipped: 0, Time elapsed: 1.216 sec - in org.jenkinsci.backend.ircbot.hosting.GithubVerifierTest
Running org.jenkinsci.backend.ircbot.hosting.GradleVerifierTest
Detected late test-suite preparation of already initiated test-class org.jenkinsci.backend.ircbot.hosting.GradleVerifierTest
Tests run: 1, Failures: 0, Errors: 0, Skipped: 0, Time elapsed: 1.898 sec - in org.jenkinsci.backend.ircbot.hosting.GradleVerifierTest
Running org.jenkinsci.backend.ircbot.hosting.VersionTest
Tests run: 2, Failures: 0, Errors: 0, Skipped: 0, Time elapsed: 0 sec - in org.jenkinsci.backend.ircbot.hosting.VersionTest
Running org.jenkinsci.backend.ircbot.hosting.JiraVerifierTest
Detected late test-suite preparation of already initiated test-class org.jenkinsci.backend.ircbot.hosting.JiraVerifierTest
Tests run: 7, Failures: 0, Errors: 0, Skipped: 0, Time elapsed: 1.082 sec - in org.jenkinsci.backend.ircbot.hosting.JiraVerifierTest
Running org.jenkinsci.backend.ircbot.IrcListenerTest
Tests run: 3, Failures: 0, Errors: 0, Skipped: 0, Time elapsed: 2.278 sec - in org.jenkinsci.backend.ircbot.IrcListenerTest
Running org.jenkinsci.backend.ircbot.fallback.WeightedRandomAnswerTest
Tests run: 2, Failures: 0, Errors: 0, Skipped: 0, Time elapsed: 0.104 sec - in org.jenkinsci.backend.ircbot.fallback.WeightedRandomAnswerTest
Running org.jenkinsci.backend.ircbot.IrcBotBuildInfoTest
Tests run: 1, Failures: 0, Errors: 0, Skipped: 1, Time elapsed: 0.002 sec - in org.jenkinsci.backend.ircbot.IrcBotBuildInfoTest

Results :

Tests run: 42, Failures: 0, Errors: 0, Skipped: 1

[INFO] 
[INFO] --- jacoco-maven-plugin:0.8.5:report (report) @ ircbot ---
[INFO] Skipping JaCoCo execution due to missing execution data file.
[INFO] ------------------------------------------------------------------------
[INFO] BUILD SUCCESS
[INFO] ------------------------------------------------------------------------
[INFO] Total time:  01:01 min
[INFO] Finished at: 2020-08-03T11:26:49Z
[INFO] ------------------------------------------------------------------------
