[INFO] Error stacktraces are turned on.
[INFO] Scanning for projects...
[INFO] Inspecting build with total of 1 modules...
[INFO] Installing Nexus Staging features:
[INFO]   ... total of 1 executions of maven-deploy-plugin replaced with nexus-staging-maven-plugin
[INFO] 
[INFO] -----------------------< io.github.myui:btree4j >-----------------------
[INFO] Building btree4j 0.9.0
[INFO] --------------------------------[ jar ]---------------------------------
[INFO] 
[INFO] --- maven-enforcer-plugin:3.0.0-M1:enforce (enforce-JAVA_HOME-is-set) @ btree4j ---
[INFO] 
[INFO] --- maven-enforcer-plugin:3.0.0-M1:enforce (enforce-java-8) @ btree4j ---
[INFO] 
[INFO] --- maven-enforcer-plugin:3.0.0-M1:enforce (required-maven-version) @ btree4j ---
[INFO] 
[INFO] --- maven-enforcer-plugin:3.0.0-M1:enforce (enforce-bytecode-version) @ btree4j ---
[INFO] 
[INFO] --- maven-resources-plugin:2.6:copy-resources (copy-resources) @ btree4j ---
[INFO] Using 'UTF-8' encoding to copy filtered resources.
[INFO] Copying 2 resources
[INFO] 
[INFO] --- jacoco-maven-plugin:0.8.5:prepare-agent (default) @ btree4j ---
[INFO] argLine set to -javaagent:/home/jdbl/.m2/repository/org/jacoco/org.jacoco.agent/0.8.5/org.jacoco.agent-0.8.5-runtime.jar=destfile=/tmp/tmpsmekrv06/btree4j/target/jacoco.exec
[INFO] 
[INFO] --- maven-resources-plugin:2.6:resources (default-resources) @ btree4j ---
[INFO] Using 'UTF-8' encoding to copy filtered resources.
[INFO] Copying 2 resources
[INFO] 
[INFO] --- maven-compiler-plugin:3.1:compile (default-compile) @ btree4j ---
[INFO] Changes detected - recompiling the module!
[INFO] Compiling 39 source files to /tmp/tmpsmekrv06/btree4j/target/classes
[INFO] 
[INFO] --- maven-resources-plugin:2.6:testResources (default-testResources) @ btree4j ---
[INFO] Using 'UTF-8' encoding to copy filtered resources.
[INFO] skip non existing resourceDirectory /tmp/tmpsmekrv06/btree4j/src/test/resources
[INFO] 
[INFO] --- maven-compiler-plugin:3.1:testCompile (default-testCompile) @ btree4j ---
[INFO] Changes detected - recompiling the module!
[INFO] Compiling 3 source files to /tmp/tmpsmekrv06/btree4j/target/test-classes
[INFO] 
[INFO] --- maven-surefire-plugin:2.19.1:test (default-test) @ btree4j ---
[INFO] Surefire report directory: /tmp/tmpsmekrv06/btree4j/target/surefire-reports

-------------------------------------------------------
 T E S T S
-------------------------------------------------------
Running btree4j.BTreeTest
File size of 'test10m.idx': 591.9 MB
Tests run: 2, Failures: 0, Errors: 0, Skipped: 0, Time elapsed: 45.491 sec - in btree4j.BTreeTest
Running btree4j.BTreeIndexTest
File size of 'test10m.idx': 907.2 MB
Use index file: /tmp/test1.bfidx
Construction of 1000000 objects: 12s 608ms
Searching 1000000 objects: 435ms
File size of 'test1.bfidx': 24.8 MB
Use index file: /tmp/test1.bmidx
Construction of 1000000 objects: 1s 394ms
Searching 1000000 objects: 599ms
File size of 'test1.bmidx': 24.0 MB
Tests run: 5, Failures: 0, Errors: 0, Skipped: 0, Time elapsed: 77.144 sec - in btree4j.BTreeIndexTest

Results :

Tests run: 7, Failures: 0, Errors: 0, Skipped: 0

[INFO] 
[INFO] --- jacoco-maven-plugin:0.8.5:report (report) @ btree4j ---
[INFO] Loading execution data file /tmp/tmpsmekrv06/btree4j/target/jacoco.exec
[INFO] Analyzed bundle 'btree4j' with 106 classes
[INFO] ------------------------------------------------------------------------
[INFO] BUILD SUCCESS
[INFO] ------------------------------------------------------------------------
[INFO] Total time:  02:28 min
[INFO] Finished at: 2020-07-30T22:14:37Z
[INFO] ------------------------------------------------------------------------
