[INFO] Error stacktraces are turned on.
[INFO] Scanning for projects...
[WARNING] 
[WARNING] Some problems were encountered while building the effective model for fr.inria.gforge.spoon.labs:gumtree-spoon-ast-diff:jar:SNAPSHOT
[WARNING] 'version' uses an unsupported snapshot version format, should be '*-SNAPSHOT' instead. @ line 10, column 12
[WARNING] 
[WARNING] It is highly recommended to fix these problems because they threaten the stability of your build.
[WARNING] 
[WARNING] For this reason, future Maven versions might no longer support building such malformed projects.
[WARNING] 
[INFO] Inspecting build with total of 1 modules...
[INFO] Installing Nexus Staging features:
[INFO]   ... total of 1 executions of maven-deploy-plugin replaced with nexus-staging-maven-plugin
[INFO] 
[INFO] ---------< fr.inria.gforge.spoon.labs:gumtree-spoon-ast-diff >----------
[INFO] Building Gumtree Spoon AST Diff SNAPSHOT
[INFO] --------------------------------[ jar ]---------------------------------
[INFO] 
[INFO] --- maven-enforcer-plugin:1.0:enforce (enforce-maven) @ gumtree-spoon-ast-diff ---
[INFO] 
[INFO] --- jacoco-maven-plugin:0.8.5:prepare-agent (default) @ gumtree-spoon-ast-diff ---
[INFO] argLine set to -javaagent:/home/jdbl/.m2/repository/org/jacoco/org.jacoco.agent/0.8.5/org.jacoco.agent-0.8.5-runtime.jar=destfile=/tmp/tmpyytaiorc/gumtree-spoon-ast-diff/target/jacoco.exec
[INFO] 
[INFO] --- maven-resources-plugin:2.6:resources (default-resources) @ gumtree-spoon-ast-diff ---
[INFO] Using 'UTF-8' encoding to copy filtered resources.
[INFO] skip non existing resourceDirectory /tmp/tmpyytaiorc/gumtree-spoon-ast-diff/src/main/resources
[INFO] 
[INFO] --- maven-compiler-plugin:3.1:compile (default-compile) @ gumtree-spoon-ast-diff ---
[INFO] Changes detected - recompiling the module!
[INFO] Compiling 21 source files to /tmp/tmpyytaiorc/gumtree-spoon-ast-diff/target/classes
[WARNING] /tmp/tmpyytaiorc/gumtree-spoon-ast-diff/src/main/java/gumtree/spoon/diff/DiffImpl.java: /tmp/tmpyytaiorc/gumtree-spoon-ast-diff/src/main/java/gumtree/spoon/diff/DiffImpl.java uses or overrides a deprecated API.
[WARNING] /tmp/tmpyytaiorc/gumtree-spoon-ast-diff/src/main/java/gumtree/spoon/diff/DiffImpl.java: Recompile with -Xlint:deprecation for details.
[WARNING] /tmp/tmpyytaiorc/gumtree-spoon-ast-diff/src/main/java/gumtree/spoon/builder/jsonsupport/OperationNodePainter.java: Some input files use unchecked or unsafe operations.
[WARNING] /tmp/tmpyytaiorc/gumtree-spoon-ast-diff/src/main/java/gumtree/spoon/builder/jsonsupport/OperationNodePainter.java: Recompile with -Xlint:unchecked for details.
[INFO] 
[INFO] --- maven-resources-plugin:2.6:testResources (default-testResources) @ gumtree-spoon-ast-diff ---
[INFO] Using 'UTF-8' encoding to copy filtered resources.
[INFO] Copying 205 resources
[INFO] 
[INFO] --- maven-compiler-plugin:3.1:testCompile (default-testCompile) @ gumtree-spoon-ast-diff ---
[INFO] Changes detected - recompiling the module!
[INFO] Compiling 4 source files to /tmp/tmpyytaiorc/gumtree-spoon-ast-diff/target/test-classes
[WARNING] /tmp/tmpyytaiorc/gumtree-spoon-ast-diff/src/test/java/gumtree/spoon/TreeTest.java: Some input files use or override a deprecated API.
[WARNING] /tmp/tmpyytaiorc/gumtree-spoon-ast-diff/src/test/java/gumtree/spoon/TreeTest.java: Recompile with -Xlint:deprecation for details.
[INFO] 
[INFO] --- maven-surefire-plugin:2.19.1:test (default-test) @ gumtree-spoon-ast-diff ---
[INFO] Surefire report directory: /tmp/tmpyytaiorc/gumtree-spoon-ast-diff/target/surefire-reports

-------------------------------------------------------
 T E S T S
-------------------------------------------------------
Running gumtree.spoon.diff.support.SpoonSupportTest
Tests run: 5, Failures: 0, Errors: 0, Skipped: 0, Time elapsed: 6.935 sec - in gumtree.spoon.diff.support.SpoonSupportTest
Running gumtree.spoon.diff.DiffTest
Tests run: 7, Failures: 0, Errors: 0, Skipped: 0, Time elapsed: 7.703 sec - in gumtree.spoon.diff.DiffTest
Running gumtree.spoon.TreeTest
[Update Wra at org.apache.camel.processor.MulticastProcessor
	 to protected
]
Tests run: 19, Failures: 0, Errors: 0, Skipped: 0, Time elapsed: 14.728 sec - in gumtree.spoon.TreeTest
Running gumtree.spoon.AstComparatorTest
OperationKind.Update, "SUPER_TYPE(CtWrapper)", "SuperClass1",  "SuperClass2" (size: 0)			-1203492450@@SuperClass1

Output: Update JavaDoc at org.apache.derby.jdbc.EmbedPooledConnection:70
	/**
	 * The list of {@code ConnectionEventListener}s. It is initially {@code null} and will be initialized lazily when the first listener is added.
	 */ to /**
	 * The list of UPDATED commented {@code ConnectionEventListener}s. It is initially {@code null} and will be initialized lazily when the first listener is added.
	 */

OperationKind.Delete, "BinaryOperator(CtBinaryOperatorImpl)", "EQ" (size: 3)										-1963338779@@EQ
											-1025867376@@DATE_VALUE
												39270750@@org.apache.commons.cli.PatternOptionBuilder
											-208578990@@clazz
OperationKind.Insert, "Invocation(CtInvocationImpl)", "println" (size: 3)				-562801488@@println
					-1025867376@@out
						39270750@@java.lang.System
					1847113871@@"Hola"
OperationKind.Insert, "BinaryOperator(CtBinaryOperatorImpl)", "EQ" (size: 3)												-1963338779@@EQ
													-1025867376@@CLASS_VALUE
														39270750@@org.apache.commons.cli.PatternOptionBuilder
													-208578990@@clazz
OperationKind.Move, "BinaryOperator(CtBinaryOperatorImpl)", "EQ" (size: 3)												-1963338779@@EQ
													-1025867376@@DATE_VALUE
														39270750@@org.apache.commons.cli.PatternOptionBuilder
													-208578990@@clazz

Insert Method at org.apache.commons.cli.CommandLine:207
	private org.apache.commons.cli.Option resolveOptionNew(java.lang.String opt) {
	    opt = org.apache.commons.cli.Util.stripLeadingHyphens(opt);
	    for (org.apache.commons.cli.Option option : options) {
	        if (opt.equals(option.getOpt())) {
	            return option;
	        }
	        if (opt.equals(option.getLongOpt())) {
	            return option;
	        }
	    }
	    return null;
	}

OperationKind.Insert, "Field(CtFieldImpl)", "serialVersionUID" (size: 6)		67875034@@serialVersionUID
			188328733@@long
			-112339145@@
				-550869257@@final
				-550869257@@private
				-550869257@@static
			1847113871@@6890869588365483936L

OperationKind.Delete, "Break(CtBreakImpl)", "break" (size: 0)						64448735@@break

OperationKind.Update, "BinaryOperator(CtBinaryOperatorImpl)", "GT",  "GE" (size: 6)						-1963338779@@GT
							-1025867376@@y
								-208578990@@c
							-1963338779@@MINUS
								-1025867376@@height
									39270750@@megamek.common.Board
								-208578990@@nLimit

OperationKind.Update, "Invocation(CtInvocationImpl)", "remove",  "removeElement" (size: 3)																	-562801488@@remove
																		-1025867376@@turns
																			39270750@@megamek.server.Server
																		-208578990@@loop

OperationKind.Update, "Invocation(CtInvocationImpl)", "removeElement",  "removeElementAt" (size: 3)																	-562801488@@removeElement
																		-1025867376@@turns
																			39270750@@megamek.server.Server
																		-208578990@@loop

OperationKind.Update, "Invocation(CtInvocationImpl)", "add",  "addElement" (size: 5)				-562801488@@add
					-208578990@@loadVector
					-562801488@@getEntity
						-1025867376@@game
							39270750@@megamek.server.Server
						-208578990@@loadedId

OperationKind.Insert, "Literal(CtLiteralImpl)", "null" (size: 0)								1847113871@@null

OperationKind.Delete, "Invocation(CtInvocationImpl)", "println" (size: 6)						-562801488@@println
							-1025867376@@out
								39270750@@java.lang.System
							-1963338779@@PLUS
								1847113871@@"->TIE: "
								-562801488@@getId
									-208578990@@item

OperationKind.Update, "Literal(CtLiteralImpl)", ""By holding down CTL and dragging."",  ""By holding down CTRL and dragging."" (size: 0)					1847113871@@"By holding down CTL and dragging."

OperationKind.Update, "Invocation(CtInvocationImpl)", "equals",  "indexOf" (size: 4)																										-562801488@@equals
																											-562801488@@getContent
																												-562801488@@nextElement
																													-208578990@@children
																											-1025867376@@DOUBLE
OperationKind.Insert, "BinaryOperator(CtBinaryOperatorImpl)", "NE" (size: 7)																										-1963338779@@NE
																											-562801488@@indexOf
																												-562801488@@getContent
																													-562801488@@nextElement
																														-208578990@@children
																												-1025867376@@DOUBLE
																											-1383115053@@NEG
																												1847113871@@1
OperationKind.Move, "Invocation(CtInvocationImpl)", "equals" (size: 4)																										-562801488@@equals
																											-562801488@@getContent
																												-562801488@@nextElement
																													-208578990@@children
																											-1025867376@@DOUBLE

OperationKind.Insert, "Invocation(CtInvocationImpl)", "append" (size: 7)				-562801488@@append
					-562801488@@append
						-562801488@@append
							-208578990@@sWeapons
							1847113871@@" "
						-562801488@@getHeat
							-208578990@@wtype
					1847113871@@" Heat"

OperationKind.Insert, "BinaryOperator(CtBinaryOperatorImpl)", "AND" (size: 7)				-1963338779@@AND
					-1025867376@@keepServerlog
						39270750@@Settings
					-1383115053@@NOT
						-1963338779@@INSTANCEOF
							926604738@@this
								39270750@@megamek.client.Client
							39270750@@megamek.client.bot.BotClient
OperationKind.Move, "FieldRead(CtFieldReadImpl)", "keepServerlog" (size: 1)				-1025867376@@keepServerlog
					39270750@@Settings

OperationKind.Update, "Field(CtFieldImpl)", "GAME_NEW_ATTACK",  "GAME_NEW_ACTION" (size: 6)		67875034@@GAME_NEW_ATTACK
			188328733@@int
			-112339145@@
				-550869257@@final
				-550869257@@public
				-550869257@@static
			1847113871@@16

OperationKind.Update, "Literal(CtLiteralImpl)", ""        \n"",  ""\n        "" (size: 0)								1847113871@@"        \n"
OperationKind.Update, "Literal(CtLiteralImpl)", "" "",  ""\n        "" (size: 0)																					1847113871@@" "

OperationKind.Insert, "Invocation(CtInvocationImpl)", "refresh" (size: 1)					-562801488@@refresh
						-208578990@@enemy

OperationKind.Update, "ConstructorCall(CtConstructorCallImpl)", "java.io.FileInputStream(java.lang.String)",  "java.io.FileInputStream(java.io.File)" (size: 4)				1350889816@@java.io.FileInputStream(java.lang.String)
					1350889816@@java.io.File(java.lang.String,java.lang.String)
						-208578990@@filePath
						-208578990@@fileName
					1847113871@@"UTF-8"

OperationKind.Update, "FieldRead(CtFieldReadImpl)", "MOVE_VTOL_RUN",  "MOVE_VTOL_WALK" (size: 1)							-1025867376@@MOVE_VTOL_RUN
								39270750@@IEntityMovementType

OperationKind.Insert, "BinaryOperator(CtBinaryOperatorImpl)", "AND" (size: 18)										-1963338779@@AND
											-1963338779@@AND
												-1963338779@@INSTANCEOF
													-208578990@@en
													39270750@@megamek.server.Mech
												-1963338779@@AND
													-562801488@@hasEdgeRemaining
														-1025867376@@crew
															-208578990@@en
													-562801488@@booleanOption
														-562801488@@getOptions
															-1025867376@@crew
																-208578990@@en
														1847113871@@"edge_when_explosion"
											-1963338779@@EQ
												-562801488@@getType
													-208578990@@slot
												-1025867376@@TYPE_EQUIPMENT
													39270750@@CriticalSlot
OperationKind.Move, "BinaryOperator(CtBinaryOperatorImpl)", "AND" (size: 12)										-1963338779@@AND
											-1963338779@@INSTANCEOF
												-208578990@@en
												39270750@@megamek.server.Mech
											-1963338779@@AND
												-562801488@@hasEdgeRemaining
													-1025867376@@crew
														-208578990@@en
												-562801488@@booleanOption
													-562801488@@getOptions
														-1025867376@@crew
															-208578990@@en
													1847113871@@"edge_when_explosion"

OperationKind.Delete, "Invocation(CtInvocationImpl)", "format" (size: 7)				-562801488@@format
					39270750@@java.lang.String
					1847113871@@"%s has %d moves"
					-562801488@@getShortName
						-562801488@@getEntity
							-208578990@@self
					-1025867376@@length
						-208578990@@move_array
OperationKind.Insert, "BinaryOperator(CtBinaryOperatorImpl)", "PLUS" (size: 9)				-1963338779@@PLUS
					-1963338779@@PLUS
						-1963338779@@PLUS
							-562801488@@getShortName
								-562801488@@getEntity
									-208578990@@self
							1847113871@@" has "
						-1025867376@@length
							-208578990@@move_array
					1847113871@@" moves"
OperationKind.Move, "FieldRead(CtFieldReadImpl)", "length" (size: 1)					-1025867376@@length
						-208578990@@move_array
OperationKind.Move, "Invocation(CtInvocationImpl)", "getShortName" (size: 2)					-562801488@@getShortName
						-562801488@@getEntity
							-208578990@@self

OperationKind.Insert, "If(CtIfImpl)", "if" (size: 11)			2365@@if
				-1963338779@@NE
					-1025867376@@term
						39270750@@org.apache.lucene.index.SegmentTermEnum
					1847113871@@null
				3558941@@THEN
					-562801488@@growBuffer
						-208578990@@clone
						-562801488@@length
							-1025867376@@text
								-1025867376@@term
									39270750@@org.apache.lucene.index.SegmentTermEnum
OperationKind.Move, "Invocation(CtInvocationImpl)", "growBuffer" (size: 5)			-562801488@@growBuffer
				-208578990@@clone
				-562801488@@length
					-1025867376@@text
						-1025867376@@term
							39270750@@org.apache.lucene.index.SegmentTermEnum

OperationKind.Insert, "BinaryOperator(CtBinaryOperatorImpl)", "OR" (size: 14)						-1963338779@@OR
							-562801488@@hasDeletions
								39270750@@org.apache.lucene.index.SegmentReader
								-562801488@@info
									-1025867376@@segmentInfos
										39270750@@org.apache.lucene.index.IndexWriter
									1847113871@@0
							-1963338779@@NE
								-1025867376@@dir
									-562801488@@info
										-1025867376@@segmentInfos
											39270750@@org.apache.lucene.index.IndexWriter
										1847113871@@0
								-1025867376@@directory
									39270750@@org.apache.lucene.index.IndexWriter
OperationKind.Move, "Invocation(CtInvocationImpl)", "hasDeletions" (size: 5)						-562801488@@hasDeletions
							39270750@@org.apache.lucene.index.SegmentReader
							-562801488@@info
								-1025867376@@segmentInfos
									39270750@@org.apache.lucene.index.IndexWriter
								1847113871@@0

OperationKind.Update, "Invocation(CtInvocationImpl)", "delete",  "doDelete" (size: 10)			-562801488@@delete
				578980719@@
					-1025867376@@readers
						39270750@@org.apache.lucene.index.SegmentsReader
					-208578990@@i
				-1963338779@@MINUS
					-208578990@@n
					578980719@@
						-1025867376@@starts
							39270750@@org.apache.lucene.index.SegmentsReader
						-208578990@@i

OperationKind.Insert, "Method(CtMethodImpl)", "testClear" (size: 29)		-1993687807@@testClear
			696274153@@void
			1009607236@@
				-550869257@@public
			-1888507161@@pq
				188328733@@org.apache.lucene.util.PriorityQueue
				1350889816@@org.apache.lucene.util.TestPriorityQueue$IntegerQueue(int)
					1847113871@@3
			-562801488@@put
				-208578990@@pq
				1350889816@@java.lang.Integer(int)
					1847113871@@2
			-562801488@@put
				-208578990@@pq
				1350889816@@java.lang.Integer(int)
					1847113871@@3
			-562801488@@put
				-208578990@@pq
				1350889816@@java.lang.Integer(int)
					1847113871@@1
			-562801488@@assertEquals
				1847113871@@3
				-562801488@@size
					-208578990@@pq
			-562801488@@clear
				-208578990@@pq
			-562801488@@assertEquals
				1847113871@@0
				-562801488@@size
					-208578990@@pq

OperationKind.Insert, "Assignment(CtAssignmentImpl)", "=" (size: 3)			-1275239699@@=
				-1732104411@@idf
					39270750@@org.apache.lucene.search.PhraseQuery
				1847113871@@0.0F

OperationKind.Update, "Literal(CtLiteralImpl)", ""Increment must be positive: "",  ""Increment must be zero or greater: "" (size: 0)								1847113871@@"Increment must be positive: "

OperationKind.Update, "Literal(CtLiteralImpl)", "' '",  "0" (size: 0)							1847113871@@' '

OperationKind.Update, "NewClass(CtNewClassImpl)", "org.apache.lucene.store.Lock$With()",  "org.apache.lucene.store.Lock$With(long)" (size: 19)					1415870424@@org.apache.lucene.store.Lock$With()
						-562801488@@makeLock
							-1025867376@@directory
								39270750@@org.apache.lucene.index.IndexWriter
							1847113871@@"commit.lock"
						65190232@@2
							-1421180655@@
								-1203492450@@org.apache.lucene.store.Lock.With
							-1993687807@@doBody
								696274153@@java.lang.Object
								-1821103539@@java.io.IOException
								1009607236@@
									-550869257@@public
								-562801488@@write
									-1025867376@@segmentInfos
										39270750@@org.apache.lucene.index.IndexWriter
									-1025867376@@directory
										39270750@@org.apache.lucene.index.IndexWriter
								-1850529456@@return
									1847113871@@null

OperationKind.Update, "BinaryOperator(CtBinaryOperatorImpl)", "GT",  "GE" (size: 9)							-1963338779@@GT
								-1963338779@@PLUS
									-1963338779@@PLUS
										-1025867376@@count
											39270750@@org.apache.lucene.index.SegmentTermDocs
										-208578990@@numSkipped
									-1025867376@@skipInterval
										39270750@@org.apache.lucene.index.SegmentTermDocs
								-1025867376@@df
									39270750@@org.apache.lucene.index.SegmentTermDocs

OperationKind.Delete, "LocalVariable(CtLocalVariableImpl)", "buffer" (size: 2)			-1888507161@@buffer
				188328733@@java.lang.StringBuffer
				1350889816@@java.lang.StringBuffer()

OperationKind.Update, "BinaryOperator(CtBinaryOperatorImpl)", "BITOR",  "OR" (size: 6)				-1963338779@@BITOR
					-1963338779@@NE
						-1025867376@@first
							-1025867376@@bucketTable
								39270750@@org.apache.lucene.search.BooleanScorer
						1847113871@@null
					-208578990@@more

OperationKind.Insert, "Break(CtBreakImpl)", "break" (size: 0)						64448735@@break

OperationKind.Delete, "Assignment(CtAssignmentImpl)", "=" (size: 4)				-1275239699@@=
					-1732104411@@maxFieldLength
						-1025867376@@writer
							39270750@@org.apache.lucene.demo.IndexHTML
					1847113871@@1000000
OperationKind.Insert, "Invocation(CtInvocationImpl)", "setMaxFieldLength" (size: 2)				-562801488@@setMaxFieldLength
					-1025867376@@writer
					1847113871@@1000000

OperationKind.Update, "Invocation(CtInvocationImpl)", "getMessage",  "toString" (size: 1)												-562801488@@getMessage
													-208578990@@e

OperationKind.Update, "BinaryOperator(CtBinaryOperatorImpl)", "EQ",  "LE" (size: 3)				-1963338779@@EQ
					-1025867376@@bufferLength
						39270750@@org.apache.lucene.store.BufferedIndexInput
					1847113871@@0

OperationKind.Insert, "Method(CtMethodImpl)", "getAttributes" (size: 36)		-1993687807@@getAttributes
			696274153@@org.tigris.scarab.om.Attribute[]
			-1821103539@@java.lang.Exception
			1009607236@@
				-550869257@@public
			-336538743@@criteria
				188328733@@org.apache.turbine.util.db.Criteria
			-1888507161@@moduleAttributes
				188328733@@java.util.List
				-562801488@@getRModuleAttributesJoinAttribute
					39270750@@org.tigris.scarab.om.Module
					-208578990@@criteria
			-1888507161@@attributes
				188328733@@org.tigris.scarab.om.Attribute[]
				1414217913@@
					-562801488@@size
						-208578990@@moduleAttributes
			70825@@
				-1888507161@@i
					188328733@@int
					1847113871@@0
				-1963338779@@LT
					-208578990@@i
					-562801488@@size
						-208578990@@moduleAttributes
				-1383115053@@POSTINC
					2128999075@@i
				-1275239699@@=
					773546278@@
						-208578990@@attributes
						-208578990@@i
					-562801488@@getAttribute
						-562801488@@get
							-208578990@@moduleAttributes
							-208578990@@i
			-1850529456@@return
				-208578990@@attributes

OperationKind.Insert, "Method(CtMethodImpl)", "delete" (size: 44)		-1993687807@@delete
			696274153@@void
			-1821103539@@java.lang.Exception
			1009607236@@
				-550869257@@public
			-336538743@@user
				188328733@@org.tigris.scarab.om.ScarabUser
			-336538743@@module
				188328733@@org.tigris.scarab.om.ScarabModule
			-1888507161@@security
				188328733@@org.tigris.scarab.security.ScarabSecurity
				-562801488@@getInstance
					39270750@@org.tigris.scarab.security.SecurityFactory
			2365@@if
				-1963338779@@OR
					-562801488@@equals
						-562801488@@getUserId
							-208578990@@user
						-562801488@@getUserId
							39270750@@org.tigris.scarab.om.RQueryUser
					-562801488@@hasPermission
						-208578990@@security
						39270750@@ScarabSecurity.ITEM__APPROVE
						-208578990@@user
						-208578990@@module
				3558941@@THEN
					-1888507161@@c
						188328733@@org.apache.torque.util.Criteria
						-562801488@@add
							-562801488@@add
								1350889816@@org.apache.torque.util.Criteria()
								39270750@@RQueryUserPeer.USER_ID
								-562801488@@getUserId
									39270750@@org.tigris.scarab.om.RQueryUser
							39270750@@RQueryUserPeer.QUERY_ID
							-562801488@@getQueryId
								39270750@@org.tigris.scarab.om.RQueryUser
					-562801488@@doDelete
						39270750@@org.tigris.scarab.om.RQueryUserPeer
						-208578990@@c
				3116345@@ELSE
					80787142@@
						1350889816@@java.lang.Object()
							-1025867376@@NO_PERMISSION_MESSAGE
								39270750@@org.tigris.scarab.util.ScarabConstants

OperationKind.Insert, "Method(CtMethodImpl)", "getIssueByUniqueId" (size: 49)		-1993687807@@getIssueByUniqueId
			696274153@@org.tigris.scarab.om.Issue
			-1821103539@@java.lang.Exception
			1009607236@@
				-550869257@@public
			-1888507161@@issue
				188328733@@org.tigris.scarab.om.Issue
				1847113871@@null
			84379@@
				-1888507161@@uniqueId
					188328733@@java.lang.String
					-562801488@@getString
						-562801488@@getParameters
							-1025867376@@data
								39270750@@org.tigris.scarab.tools.ScarabRequestTool
						1847113871@@"unique_id"
				-1275239699@@=
					2128999075@@issue
					-562801488@@getIssueById
						39270750@@org.tigris.scarab.om.Issue
						-208578990@@uniqueId
				2365@@if
					-1963338779@@EQ
						-208578990@@issue
						1847113871@@null
					3558941@@THEN
						-1888507161@@code
							188328733@@java.lang.String
							-562801488@@getCode
								-562801488@@getCurrentModule
									39270750@@org.tigris.scarab.tools.ScarabRequestTool
						-1275239699@@=
							2128999075@@uniqueId
							-1963338779@@PLUS
								-208578990@@code
								-208578990@@uniqueId
						-1275239699@@=
							2128999075@@issue
							-562801488@@getIssueById
								39270750@@org.tigris.scarab.om.Issue
								-208578990@@uniqueId
				64880283@@
					1003383351@@e
						188328733@@java.lang.Exception
					-562801488@@setMessage
						-1025867376@@data
							39270750@@org.tigris.scarab.tools.ScarabRequestTool
						1847113871@@"That id is not valid."
			-1850529456@@return
				-208578990@@issue

OperationKind.Update, "TypeAccess(CtTypeAccessImpl)", "DBImport.STATE_DB_INSERTION",  "XMLImport.STATE_DB_INSERTION" (size: 0)					39270750@@DBImport.STATE_DB_INSERTION

OperationKind.Insert, "Invocation(CtInvocationImpl)", "debug" (size: 4)					-562801488@@debug
						39270750@@org.apache.turbine.Log
						-1963338779@@PLUS
							1847113871@@"Unable to retrieve Module: "
							-208578990@@e

OperationKind.Delete, "FieldRead(CtFieldReadImpl)", "separator" (size: 1)							-1025867376@@separator
								39270750@@java.io.File
OperationKind.Insert, "Literal(CtLiteralImpl)", "'/'" (size: 0)							1847113871@@'/'

OperationKind.Insert, "BinaryOperator(CtBinaryOperatorImpl)", "AND" (size: 6)				-1963338779@@AND
					-562801488@@isModified
						39270750@@org.tigris.scarab.om.AttributeValue
					-1383115053@@NOT
						-562801488@@isTemplate
							-562801488@@getIssue
								39270750@@org.tigris.scarab.om.AttributeValue
OperationKind.Move, "Invocation(CtInvocationImpl)", "isModified" (size: 1)				-562801488@@isModified
					39270750@@org.tigris.scarab.om.AttributeValue

OperationKind.Delete, "Invocation(CtInvocationImpl)", "println" (size: 3)					-562801488@@println
						-1025867376@@out
							39270750@@java.lang.System
						-208578990@@s

OperationKind.Update, "Modifier(CtWrapper)", "public",  "protected" (size: 0)				-550869257@@public

OperationKind.Update, "Invocation(CtInvocationImpl)", "addAscendingOrderByColumn",  "addDescendingOrderByColumn" (size: 12)						-562801488@@addAscendingOrderByColumn
							-562801488@@add
								-562801488@@addJoin
									-562801488@@add
										1350889816@@org.apache.torque.util.Criteria()
										39270750@@AttachmentPeer.ISSUE_ID
										-562801488@@getIssueId
											39270750@@org.tigris.scarab.om.Issue
									39270750@@AttachmentTypePeer.ATTACHMENT_TYPE_ID
									39270750@@AttachmentPeer.ATTACHMENT_TYPE_ID
								39270750@@AttachmentTypePeer.ATTACHMENT_TYPE_ID
								39270750@@Attachment.COMMENT__PK
							39270750@@AttachmentPeer.CREATED_DATE

OperationKind.Insert, "BinaryOperator(CtBinaryOperatorImpl)", "AND" (size: 11)						-1963338779@@AND
							-1963338779@@AND
								-1383115053@@NOT
									-562801488@@isNew
										39270750@@org.tigris.scarab.om.AttributeValue
								-1383115053@@NOT
									-1025867376@@oldOptionIdIsSet
										39270750@@org.tigris.scarab.om.AttributeValue
							-1963338779@@NE
								-562801488@@getOptionId
									39270750@@org.tigris.scarab.om.AttributeValue
								1847113871@@null
OperationKind.Move, "BinaryOperator(CtBinaryOperatorImpl)", "AND" (size: 6)						-1963338779@@AND
							-1383115053@@NOT
								-562801488@@isNew
									39270750@@org.tigris.scarab.om.AttributeValue
							-1383115053@@NOT
								-1025867376@@oldOptionIdIsSet
									39270750@@org.tigris.scarab.om.AttributeValue

OperationKind.Insert, "Method(CtMethodImpl)", "create" (size: 13)		-1993687807@@create
			696274153@@void
			-1821103539@@java.lang.Exception
			1009607236@@
				-550869257@@public
			-336538743@@typeId
				188328733@@org.apache.torque.om.NumberKey
			-336538743@@user
				188328733@@org.tigris.scarab.om.ScarabUser
			-562801488@@create
				39270750@@org.tigris.scarab.om.Transaction
				-208578990@@typeId
				-208578990@@user
				1847113871@@null

OperationKind.Insert, "Literal(CtLiteralImpl)", "null" (size: 0)										1847113871@@null
OperationKind.Move, "Invocation(CtInvocationImpl)", "asList" (size: 2)										-562801488@@asList
											39270750@@java.util.Arrays
											-208578990@@toUsers

OperationKind.Insert, "Invocation(CtInvocationImpl)", "setDisplayDescription" (size: 3)			-562801488@@setDisplayDescription
				-208578990@@rmit2
				-562801488@@getDisplayDescription
					39270750@@org.tigris.scarab.om.RModuleIssueType

OperationKind.Insert, "Assignment(CtAssignmentImpl)", "=" (size: 2)						-1275239699@@=
							2128999075@@prevPk
							-208578990@@pk

OperationKind.Update, "Modifier(CtWrapper)", "public",  "protected" (size: 0)				-550869257@@public

OperationKind.Update, "Literal(CtLiteralImpl)", ""ForgotPassword.vm"",  ""email/ForgotPassword.vm"" (size: 0)						1847113871@@"ForgotPassword.vm"

OperationKind.Update, "ConstructorCall(CtConstructorCallImpl)", "org.apache.torque.util.Criteria()",  "org.apache.torque.util.Criteria(int)" (size: 0)					1350889816@@org.apache.torque.util.Criteria()

OperationKind.Update, "FieldRead(CtFieldReadImpl)", "SERVER_JRMP_PORT",  "SERVER_IRMI_PORT" (size: 1)						-1025867376@@SERVER_JRMP_PORT
							39270750@@org.objectweb.carol.util.configuration.CarolDefaultValues

OperationKind.Update, "VARIABLE_TYPE(CtTypeReferenceImpl)", "java.lang.String",  "java.lang.String[]" (size: 0)				188328733@@java.lang.String

OperationKind.Delete, "FieldRead(CtFieldReadImpl)", "cAvailableLocaleSet" (size: 0)					-1025867376@@cAvailableLocaleSet
OperationKind.Insert, "Invocation(CtInvocationImpl)", "availableLocaleList" (size: 0)					-562801488@@availableLocaleList

[Delete Invocation at QuickNotepad:113
	textArea.addKeyListener(new QuickNotepad.KeyHandler())
, Delete Class at QuickNotepad:253
	private class KeyHandler extends java.awt.event.KeyAdapter {
	    public void keyPressed(java.awt.event.KeyEvent evt) {
	        if (QuickNotepad.this.floating && (evt.getKeyCode() == java.awt.event.KeyEvent.VK_ESCAPE)) {
	            evt.consume();
	            org.gjt.sp.jedit.gui.DockableWindowManager wm = QuickNotepad.this.view.getDockableWindowManager();
	            wm.removeDockableWindow(QuickNotepadPlugin.NAME);
	        }
	    }
	}
]
Output: Insert Invocation at org.apache.commons.math3.linear.RectangularCholeskyDecomposition:162
	// See output
	java.lang.System.out.println("Test")

// See output
Actions [Delete LocalVariable at com.vmware.xenon.common.test.AuthorizationHelper:252
	java.lang.String statsResourceGroupLink = createResourceGroup(target, "stats-resource-group", com.vmware.xenon.services.common.QueryTask.Query.Builder.create().addFieldClause(ServiceDocument.FIELD_NAME_SELF_LINK, com.vmware.xenon.services.common.ExampleService.FACTORY_LINK + com.vmware.xenon.common.ServiceHost.SERVICE_URI_SUFFIX_STATS).build())
, Delete LocalVariable at com.vmware.xenon.common.test.AuthorizationHelper:259
	java.lang.String subscriptionsResourceGroupLink = createResourceGroup(target, "subs-resource-group", com.vmware.xenon.services.common.QueryTask.Query.Builder.create().addFieldClause(ServiceDocument.FIELD_NAME_SELF_LINK, com.vmware.xenon.services.common.ServiceUriPaths.CORE_LOCAL_QUERY_TASKS + com.vmware.xenon.common.ServiceHost.SERVICE_URI_SUFFIX_SUBSCRIPTIONS).build())
, Delete Invocation at com.vmware.xenon.common.test.AuthorizationHelper:283
	paths.add(createRole(target, userGroupLink, statsResourceGroupLink, new java.util.HashSet(java.util.Arrays.asList(Action.GET, Action.POST, Action.PATCH, Action.DELETE))))
, Delete Invocation at com.vmware.xenon.common.test.AuthorizationHelper:288
	paths.add(createRole(target, userGroupLink, subscriptionsResourceGroupLink, new java.util.HashSet(java.util.Arrays.asList(Action.GET, Action.POST, Action.PATCH, Action.DELETE))))
]
OperationKind.Update, "SUPER_TYPE(CtWrapper)", "SuperClass<One>",  "SuperClass<Two>" (size: 0)			-1203492450@@SuperClass<One>

OperationKind.Update, "SUPER_TYPE(CtWrapper)", "SuperClass",  "SuperClass<One>" (size: 0)			-1203492450@@SuperClass

Actions [Delete Method at com.vmware.xenon.common.TestUtilityService:838
	@org.junit.Test
	public void endpointAuthorization() throws java.lang.Throwable {
	    com.vmware.xenon.common.test.VerificationHost host = com.vmware.xenon.common.test.VerificationHost.create(0);
	    host.setAuthorizationService(new com.vmware.xenon.services.common.AuthorizationContextService());
	    host.setAuthorizationEnabled(true);
	    host.setMaintenanceIntervalMicros(java.util.concurrent.TimeUnit.MILLISECONDS.toMicros(100));
	    host.start();
	    com.vmware.xenon.common.test.TestRequestSender sender = host.getTestRequestSender();
	    host.setSystemAuthorizationContext();
	    host.waitForReplicatedFactoryServiceAvailable(com.vmware.xenon.common.UriUtils.buildUri(host, ExampleService.FACTORY_LINK));
	    java.lang.String exampleUser = "example@vmware.com";
	    java.lang.String examplePass = "password";
	    com.vmware.xenon.common.test.TestContext authCtx = host.testCreate(1);
	    com.vmware.xenon.common.AuthorizationSetupHelper.create().setHost(host).setUserEmail(exampleUser).setUserPassword(examplePass).setResourceQuery(Query.Builder.create().addFieldClause(ServiceDocument.FIELD_NAME_KIND, com.vmware.xenon.common.Utils.buildKind(com.vmware.xenon.services.common.ExampleService.ExampleServiceState.class)).build()).setCompletion(authCtx.getCompletion()).start();
	    authCtx.await();
	    com.vmware.xenon.services.common.ExampleService.ExampleServiceState doc = new com.vmware.xenon.services.common.ExampleService.ExampleServiceState();
	    doc.name = "foo";
	    doc.documentSelfLink = "foo";
	    com.vmware.xenon.common.Operation post = com.vmware.xenon.common.Operation.createPost(host, ExampleService.FACTORY_LINK).setBody(doc);
	    com.vmware.xenon.services.common.ExampleService.ExampleServiceState postResult = sender.sendAndWait(post, com.vmware.xenon.services.common.ExampleService.ExampleServiceState.class);
	    host.resetAuthorizationContext();
	    java.net.URI factoryAvailableUri = com.vmware.xenon.common.UriUtils.buildAvailableUri(host, ExampleService.FACTORY_LINK);
	    java.net.URI factoryStatsUri = com.vmware.xenon.common.UriUtils.buildStatsUri(host, ExampleService.FACTORY_LINK);
	    java.net.URI factoryConfigUri = com.vmware.xenon.common.UriUtils.buildConfigUri(host, ExampleService.FACTORY_LINK);
	    java.net.URI factorySubscriptionUri = com.vmware.xenon.common.UriUtils.buildSubscriptionUri(host, ExampleService.FACTORY_LINK);
	    java.net.URI factoryTemplateUri = com.vmware.xenon.common.UriUtils.buildUri(host, com.vmware.xenon.common.UriUtils.buildUriPath(ExampleService.FACTORY_LINK, com.vmware.xenon.common.ServiceHost.SERVICE_URI_SUFFIX_TEMPLATE));
	    java.net.URI factorySynchUri = com.vmware.xenon.common.UriUtils.buildUri(host, com.vmware.xenon.common.UriUtils.buildUriPath(ExampleService.FACTORY_LINK, com.vmware.xenon.common.ServiceHost.SERVICE_URI_SUFFIX_SYNCHRONIZATION));
	    java.net.URI factoryUiUri = com.vmware.xenon.common.UriUtils.buildUri(host, com.vmware.xenon.common.UriUtils.buildUriPath(ExampleService.FACTORY_LINK, com.vmware.xenon.common.ServiceHost.SERVICE_URI_SUFFIX_UI));
	    java.net.URI serviceAvailableUri = com.vmware.xenon.common.UriUtils.buildAvailableUri(host, postResult.documentSelfLink);
	    java.net.URI serviceStatsUri = com.vmware.xenon.common.UriUtils.buildStatsUri(host, postResult.documentSelfLink);
	    java.net.URI serviceConfigUri = com.vmware.xenon.common.UriUtils.buildConfigUri(host, postResult.documentSelfLink);
	    java.net.URI serviceSubscriptionUri = com.vmware.xenon.common.UriUtils.buildSubscriptionUri(host, postResult.documentSelfLink);
	    java.net.URI serviceTemplateUri = com.vmware.xenon.common.UriUtils.buildUri(host, com.vmware.xenon.common.UriUtils.buildUriPath(postResult.documentSelfLink, com.vmware.xenon.common.ServiceHost.SERVICE_URI_SUFFIX_TEMPLATE));
	    java.net.URI serviceSynchUri = com.vmware.xenon.common.UriUtils.buildUri(host, com.vmware.xenon.common.UriUtils.buildUriPath(postResult.documentSelfLink, com.vmware.xenon.common.ServiceHost.SERVICE_URI_SUFFIX_SYNCHRONIZATION));
	    java.net.URI serviceUiUri = com.vmware.xenon.common.UriUtils.buildUri(host, com.vmware.xenon.common.UriUtils.buildUriPath(postResult.documentSelfLink, com.vmware.xenon.common.ServiceHost.SERVICE_URI_SUFFIX_UI));
	    com.vmware.xenon.common.test.TestRequestSender.FailureResponse failureResponse;
	    com.vmware.xenon.common.Operation uiOpResult;
	    failureResponse = sender.sendAndWaitFailure(com.vmware.xenon.common.Operation.createGet(factoryAvailableUri));
	    org.junit.Assert.assertEquals(Operation.STATUS_CODE_FORBIDDEN, failureResponse.op.getStatusCode());
	    failureResponse = sender.sendAndWaitFailure(com.vmware.xenon.common.Operation.createGet(factoryStatsUri));
	    org.junit.Assert.assertEquals(Operation.STATUS_CODE_FORBIDDEN, failureResponse.op.getStatusCode());
	    failureResponse = sender.sendAndWaitFailure(com.vmware.xenon.common.Operation.createGet(factoryConfigUri));
	    org.junit.Assert.assertEquals(Operation.STATUS_CODE_FORBIDDEN, failureResponse.op.getStatusCode());
	    failureResponse = sender.sendAndWaitFailure(com.vmware.xenon.common.Operation.createGet(factorySubscriptionUri));
	    org.junit.Assert.assertEquals(Operation.STATUS_CODE_FORBIDDEN, failureResponse.op.getStatusCode());
	    failureResponse = sender.sendAndWaitFailure(com.vmware.xenon.common.Operation.createGet(factoryTemplateUri));
	    org.junit.Assert.assertEquals(Operation.STATUS_CODE_FORBIDDEN, failureResponse.op.getStatusCode());
	    failureResponse = sender.sendAndWaitFailure(com.vmware.xenon.common.Operation.createGet(factorySynchUri));
	    org.junit.Assert.assertEquals(Operation.STATUS_CODE_FORBIDDEN, failureResponse.op.getStatusCode());
	    uiOpResult = sender.sendAndWait(com.vmware.xenon.common.Operation.createGet(factoryUiUri));
	    org.junit.Assert.assertNotEquals(Operation.STATUS_CODE_FORBIDDEN, uiOpResult.getStatusCode());
	    failureResponse = sender.sendAndWaitFailure(com.vmware.xenon.common.Operation.createGet(serviceAvailableUri));
	    org.junit.Assert.assertEquals(Operation.STATUS_CODE_FORBIDDEN, failureResponse.op.getStatusCode());
	    failureResponse = sender.sendAndWaitFailure(com.vmware.xenon.common.Operation.createGet(serviceStatsUri));
	    org.junit.Assert.assertEquals(Operation.STATUS_CODE_FORBIDDEN, failureResponse.op.getStatusCode());
	    failureResponse = sender.sendAndWaitFailure(com.vmware.xenon.common.Operation.createGet(serviceConfigUri));
	    org.junit.Assert.assertEquals(Operation.STATUS_CODE_FORBIDDEN, failureResponse.op.getStatusCode());
	    failureResponse = sender.sendAndWaitFailure(com.vmware.xenon.common.Operation.createGet(serviceSubscriptionUri));
	    org.junit.Assert.assertEquals(Operation.STATUS_CODE_FORBIDDEN, failureResponse.op.getStatusCode());
	    failureResponse = sender.sendAndWaitFailure(com.vmware.xenon.common.Operation.createGet(serviceTemplateUri));
	    org.junit.Assert.assertEquals(Operation.STATUS_CODE_FORBIDDEN, failureResponse.op.getStatusCode());
	    failureResponse = sender.sendAndWaitFailure(com.vmware.xenon.common.Operation.createGet(serviceSynchUri));
	    org.junit.Assert.assertEquals(Operation.STATUS_CODE_FORBIDDEN, failureResponse.op.getStatusCode());
	    uiOpResult = sender.sendAndWait(com.vmware.xenon.common.Operation.createGet(serviceUiUri));
	    org.junit.Assert.assertNotEquals(Operation.STATUS_CODE_FORBIDDEN, uiOpResult.getStatusCode());
	    com.vmware.xenon.common.test.AuthTestUtils.login(host, exampleUser, examplePass);
	    com.vmware.xenon.common.Operation response;
	    response = sender.sendAndWait(com.vmware.xenon.common.Operation.createGet(factoryAvailableUri));
	    org.junit.Assert.assertNotEquals(Operation.STATUS_CODE_FORBIDDEN, response.getStatusCode());
	    response = sender.sendAndWait(com.vmware.xenon.common.Operation.createGet(factoryStatsUri));
	    org.junit.Assert.assertNotEquals(Operation.STATUS_CODE_FORBIDDEN, response.getStatusCode());
	    response = sender.sendAndWait(com.vmware.xenon.common.Operation.createGet(factoryConfigUri));
	    org.junit.Assert.assertNotEquals(Operation.STATUS_CODE_FORBIDDEN, response.getStatusCode());
	    response = sender.sendAndWait(com.vmware.xenon.common.Operation.createGet(factorySubscriptionUri));
	    org.junit.Assert.assertNotEquals(Operation.STATUS_CODE_FORBIDDEN, response.getStatusCode());
	    response = sender.sendAndWait(com.vmware.xenon.common.Operation.createGet(factoryTemplateUri));
	    org.junit.Assert.assertNotEquals(Operation.STATUS_CODE_FORBIDDEN, response.getStatusCode());
	    failureResponse = sender.sendAndWaitFailure(com.vmware.xenon.common.Operation.createGet(factorySynchUri));
	    org.junit.Assert.assertNotEquals(Operation.STATUS_CODE_FORBIDDEN, failureResponse.op.getStatusCode());
	    response = sender.sendAndWait(com.vmware.xenon.common.Operation.createGet(factoryUiUri));
	    org.junit.Assert.assertNotEquals(Operation.STATUS_CODE_FORBIDDEN, response.getStatusCode());
	    response = sender.sendAndWait(com.vmware.xenon.common.Operation.createGet(serviceAvailableUri));
	    org.junit.Assert.assertNotEquals(Operation.STATUS_CODE_FORBIDDEN, response.getStatusCode());
	    response = sender.sendAndWait(com.vmware.xenon.common.Operation.createGet(serviceStatsUri));
	    org.junit.Assert.assertNotEquals(Operation.STATUS_CODE_FORBIDDEN, response.getStatusCode());
	    response = sender.sendAndWait(com.vmware.xenon.common.Operation.createGet(serviceConfigUri));
	    org.junit.Assert.assertNotEquals(Operation.STATUS_CODE_FORBIDDEN, response.getStatusCode());
	    response = sender.sendAndWait(com.vmware.xenon.common.Operation.createGet(serviceSubscriptionUri));
	    org.junit.Assert.assertNotEquals(Operation.STATUS_CODE_FORBIDDEN, response.getStatusCode());
	    response = sender.sendAndWait(com.vmware.xenon.common.Operation.createGet(serviceTemplateUri));
	    org.junit.Assert.assertNotEquals(Operation.STATUS_CODE_FORBIDDEN, response.getStatusCode());
	    failureResponse = sender.sendAndWaitFailure(com.vmware.xenon.common.Operation.createGet(serviceSynchUri));
	    org.junit.Assert.assertNotEquals(Operation.STATUS_CODE_FORBIDDEN, failureResponse.op.getStatusCode());
	    response = sender.sendAndWait(com.vmware.xenon.common.Operation.createGet(serviceUiUri));
	    org.junit.Assert.assertNotEquals(Operation.STATUS_CODE_FORBIDDEN, response.getStatusCode());
	}
]
OperationKind.Insert, "Parameter(CtParameterImpl)", "call" (size: 1)						-336538743@@call
							188328733@@Call

OperationKind.Insert, "Parameter(CtParameterImpl)", "call" (size: 1)						-336538743@@call
							188328733@@Call

root: 2
DeleteOperation CtIfImpl 445
MoveOperation CtIfImpl 448
all: 10
OperationKind.Insert, "THROWS(CtTypeReferenceImpl)", "java.lang.Exception" (size: 0)			-1821103539@@java.lang.Exception

OperationKind.Insert, "THROWS(CtTypeReferenceImpl)", "java.sql.SQLException" (size: 0)			-1821103539@@java.sql.SQLException

Output: Insert Field at org.apache.derby.jdbc.EmbedPooledConnection:81
	/**
	 * This is another
	 */
	private java.util.ArrayList anotherListener;

action
action []
action [Insert Invocation at org.objectweb.carol.jndi.spi.CmiContext:108
	java.lang.System.out.println("MyInsertedStmt")
]
Tests run: 107, Failures: 0, Errors: 0, Skipped: 1, Time elapsed: 53.891 sec - in gumtree.spoon.AstComparatorTest

Results :

Tests run: 138, Failures: 0, Errors: 0, Skipped: 1

[INFO] 
[INFO] --- jacoco-maven-plugin:0.8.5:report (report) @ gumtree-spoon-ast-diff ---
[INFO] Loading execution data file /tmp/tmpyytaiorc/gumtree-spoon-ast-diff/target/jacoco.exec
[INFO] Analyzed bundle 'Gumtree Spoon AST Diff' with 42 classes
[INFO] ------------------------------------------------------------------------
[INFO] BUILD SUCCESS
[INFO] ------------------------------------------------------------------------
[INFO] Total time:  02:43 min
[INFO] Finished at: 2020-07-30T21:25:49Z
[INFO] ------------------------------------------------------------------------
