[INFO] Error stacktraces are turned on.
[INFO] Scanning for projects...
[INFO] 
[INFO] --------------------< com.twilio.authy2fa:authy2fa >--------------------
[INFO] Building authy2fa 1.0
[INFO] --------------------------------[ jar ]---------------------------------
[INFO] 
[INFO] --- jacoco-maven-plugin:0.8.5:prepare-agent (default) @ authy2fa ---
[INFO] argLine set to -javaagent:/home/jdbl/.m2/repository/org/jacoco/org.jacoco.agent/0.8.5/org.jacoco.agent-0.8.5-runtime.jar=destfile=/tmp/tmp58hut3q8/authy2fa-servlets/target/jacoco.exec
[INFO] 
[INFO] --- maven-resources-plugin:2.6:resources (default-resources) @ authy2fa ---
[INFO] Using 'UTF-8' encoding to copy filtered resources.
[INFO] Copying 5 resources
[INFO] 
[INFO] --- maven-compiler-plugin:3.1:compile (default-compile) @ authy2fa ---
[INFO] Changes detected - recompiling the module!
[INFO] Compiling 25 source files to /tmp/tmp58hut3q8/authy2fa-servlets/target/classes
[INFO] 
[INFO] --- maven-resources-plugin:2.6:testResources (default-testResources) @ authy2fa ---
[INFO] Using 'UTF-8' encoding to copy filtered resources.
[INFO] skip non existing resourceDirectory /tmp/tmp58hut3q8/authy2fa-servlets/src/test/resources
[INFO] 
[INFO] --- maven-compiler-plugin:3.1:testCompile (default-testCompile) @ authy2fa ---
[INFO] Changes detected - recompiling the module!
[INFO] Compiling 14 source files to /tmp/tmp58hut3q8/authy2fa-servlets/target/test-classes
[INFO] 
[INFO] --- maven-surefire-plugin:2.19.1:test (default-test) @ authy2fa ---
[INFO] Surefire report directory: /tmp/tmp58hut3q8/authy2fa-servlets/target/surefire-reports

-------------------------------------------------------
 T E S T S
-------------------------------------------------------
Running com.twilio.authy2fa.lib.SessionManagerTest
Tests run: 8, Failures: 0, Errors: 0, Skipped: 0, Time elapsed: 0.892 sec - in com.twilio.authy2fa.lib.SessionManagerTest
Running com.twilio.authy2fa.lib.RequestParametersValidatorTest
Tests run: 4, Failures: 0, Errors: 0, Skipped: 0, Time elapsed: 0 sec - in com.twilio.authy2fa.lib.RequestParametersValidatorTest
Running com.twilio.authy2fa.service.ApprovalRequestServiceTest
22:27:12.780 [main] INFO  org.eclipse.jetty.util.log - Logging initialized @3785ms
22:27:13.105 [main] INFO  org.eclipse.jetty.server.Server - jetty-9.2.22.v20170606
22:27:13.220 [main] INFO  o.e.j.server.handler.ContextHandler - Started o.e.j.s.ServletContextHandler@18d396eb{/__admin,null,AVAILABLE}
22:27:13.235 [main] INFO  o.e.j.server.handler.ContextHandler - Started o.e.j.s.ServletContextHandler@20e41f13{/,null,AVAILABLE}
22:27:13.288 [main] INFO  o.e.j.s.NetworkTrafficServerConnector - Started NetworkTrafficServerConnector@34c6b52e{HTTP/1.1}{0.0.0.0:8085}
22:27:13.288 [main] INFO  org.eclipse.jetty.server.Server - Started @4303ms
22:27:13.452 [main] INFO  o.e.j.s.NetworkTrafficServerConnector - Stopped NetworkTrafficServerConnector@34c6b52e{HTTP/1.1}{0.0.0.0:8085}
22:27:13.454 [main] INFO  o.e.j.server.handler.ContextHandler - Stopped o.e.j.s.ServletContextHandler@20e41f13{/,null,UNAVAILABLE}
22:27:13.455 [main] INFO  o.e.j.server.handler.ContextHandler - Stopped o.e.j.s.ServletContextHandler@18d396eb{/__admin,null,UNAVAILABLE}
22:27:13.456 [main] WARN  o.e.j.util.thread.QueuedThreadPool - qtp1864630663{STOPPING,8<=8<=10,i=6,q=7} Couldn't stop Thread[qtp1864630663-33,5,main]
22:27:13.456 [main] WARN  o.e.j.util.thread.QueuedThreadPool - qtp1864630663{STOPPING,8<=8<=10,i=6,q=7} Couldn't stop Thread[qtp1864630663-36,5,main]
22:27:13.456 [main] WARN  o.e.j.util.thread.QueuedThreadPool - qtp1864630663{STOPPING,8<=8<=10,i=6,q=7} Couldn't stop Thread[qtp1864630663-35,5,main]
22:27:13.456 [main] WARN  o.e.j.util.thread.QueuedThreadPool - qtp1864630663{STOPPING,8<=8<=10,i=6,q=7} Couldn't stop Thread[qtp1864630663-32,5,main]
22:27:13.457 [main] WARN  o.e.j.util.thread.QueuedThreadPool - qtp1864630663{STOPPING,8<=8<=10,i=6,q=7} Couldn't stop Thread[qtp1864630663-26,5,main]
22:27:13.457 [main] WARN  o.e.j.util.thread.QueuedThreadPool - qtp1864630663{STOPPING,8<=8<=10,i=6,q=7} Couldn't stop Thread[qtp1864630663-27-selector-ServerConnectorManager@4aeff41e/1,5,main]
22:27:13.457 [main] WARN  o.e.j.util.thread.QueuedThreadPool - qtp1864630663{STOPPING,8<=8<=10,i=6,q=7} Couldn't stop Thread[qtp1864630663-31,5,main]
22:27:13.469 [main] INFO  org.eclipse.jetty.server.Server - jetty-9.2.22.v20170606
22:27:13.529 [main] INFO  o.e.j.server.handler.ContextHandler - Started o.e.j.s.ServletContextHandler@2b5a04b0{/__admin,null,AVAILABLE}
22:27:13.530 [main] INFO  o.e.j.server.handler.ContextHandler - Started o.e.j.s.ServletContextHandler@37c762aa{/,null,AVAILABLE}
22:27:13.530 [main] INFO  o.e.j.s.NetworkTrafficServerConnector - Started NetworkTrafficServerConnector@4c438f66{HTTP/1.1}{0.0.0.0:8085}
22:27:13.531 [main] INFO  org.eclipse.jetty.server.Server - Started @4546ms
22:27:13.577 [main] INFO  o.e.j.s.NetworkTrafficServerConnector - Stopped NetworkTrafficServerConnector@4c438f66{HTTP/1.1}{0.0.0.0:8085}
22:27:13.577 [main] INFO  o.e.j.server.handler.ContextHandler - Stopped o.e.j.s.ServletContextHandler@37c762aa{/,null,UNAVAILABLE}
22:27:13.577 [main] INFO  o.e.j.server.handler.ContextHandler - Stopped o.e.j.s.ServletContextHandler@2b5a04b0{/__admin,null,UNAVAILABLE}
22:27:13.614 [main] WARN  o.e.j.util.thread.QueuedThreadPool - qtp1893562871{STOPPING,8<=8<=10,i=2,q=4} Couldn't stop Thread[qtp1893562871-40,5,main]
22:27:13.614 [main] WARN  o.e.j.util.thread.QueuedThreadPool - qtp1893562871{STOPPING,8<=8<=10,i=0,q=2} Couldn't stop Thread[qtp1893562871-45,5,main]
22:27:13.621 [main] INFO  org.eclipse.jetty.server.Server - jetty-9.2.22.v20170606
22:27:13.670 [main] INFO  o.e.j.server.handler.ContextHandler - Started o.e.j.s.ServletContextHandler@5b16e486{/__admin,null,AVAILABLE}
22:27:13.670 [main] INFO  o.e.j.server.handler.ContextHandler - Started o.e.j.s.ServletContextHandler@2559f65c{/,null,AVAILABLE}
22:27:13.671 [main] INFO  o.e.j.s.NetworkTrafficServerConnector - Started NetworkTrafficServerConnector@490704a5{HTTP/1.1}{0.0.0.0:8085}
22:27:13.671 [main] INFO  org.eclipse.jetty.server.Server - Started @4686ms
22:27:13.758 [main] INFO  o.e.j.s.NetworkTrafficServerConnector - Stopped NetworkTrafficServerConnector@490704a5{HTTP/1.1}{0.0.0.0:8085}
22:27:13.758 [main] INFO  o.e.j.server.handler.ContextHandler - Stopped o.e.j.s.ServletContextHandler@2559f65c{/,null,UNAVAILABLE}
22:27:13.759 [main] INFO  o.e.j.server.handler.ContextHandler - Stopped o.e.j.s.ServletContextHandler@5b16e486{/__admin,null,UNAVAILABLE}
22:27:13.770 [main] WARN  o.e.j.util.thread.QueuedThreadPool - qtp431550909{STOPPING,8<=8<=10,i=5,q=7} Couldn't stop Thread[qtp431550909-51,5,main]
22:27:13.771 [main] WARN  o.e.j.util.thread.QueuedThreadPool - qtp431550909{STOPPING,8<=8<=10,i=5,q=7} Couldn't stop Thread[qtp431550909-48,5,main]
22:27:13.772 [main] WARN  o.e.j.util.thread.QueuedThreadPool - qtp431550909{STOPPING,8<=8<=10,i=4,q=6} Couldn't stop Thread[qtp431550909-54,5,]
22:27:13.778 [main] WARN  o.e.j.util.thread.QueuedThreadPool - qtp431550909{STOPPING,8<=8<=10,i=4,q=6} Couldn't stop Thread[qtp431550909-55-selector-ServerConnectorManager@ceafe80/1,5,main]
22:27:13.778 [main] WARN  o.e.j.util.thread.QueuedThreadPool - qtp431550909{STOPPING,8<=8<=10,i=0,q=5} Couldn't stop Thread[qtp431550909-56,5,main]
22:27:13.789 [main] INFO  org.eclipse.jetty.server.Server - jetty-9.2.22.v20170606
22:27:13.838 [main] INFO  o.e.j.server.handler.ContextHandler - Started o.e.j.s.ServletContextHandler@147c4523{/__admin,null,AVAILABLE}
22:27:13.839 [main] INFO  o.e.j.server.handler.ContextHandler - Started o.e.j.s.ServletContextHandler@5cb6b81b{/,null,AVAILABLE}
22:27:13.839 [main] INFO  o.e.j.s.NetworkTrafficServerConnector - Started NetworkTrafficServerConnector@2a15bbf3{HTTP/1.1}{0.0.0.0:8085}
22:27:13.840 [main] INFO  org.eclipse.jetty.server.Server - Started @4855ms
22:27:13.969 [main] INFO  o.e.j.s.NetworkTrafficServerConnector - Stopped NetworkTrafficServerConnector@2a15bbf3{HTTP/1.1}{0.0.0.0:8085}
22:27:13.971 [main] INFO  o.e.j.server.handler.ContextHandler - Stopped o.e.j.s.ServletContextHandler@5cb6b81b{/,null,UNAVAILABLE}
22:27:13.972 [main] INFO  o.e.j.server.handler.ContextHandler - Stopped o.e.j.s.ServletContextHandler@147c4523{/__admin,null,UNAVAILABLE}
22:27:13.977 [main] WARN  o.e.j.util.thread.QueuedThreadPool - qtp506883855{STOPPING,8<=8<=10,i=7,q=8} Couldn't stop Thread[qtp506883855-68,5,main]
22:27:13.978 [main] WARN  o.e.j.util.thread.QueuedThreadPool - qtp506883855{STOPPING,8<=8<=10,i=7,q=8} Couldn't stop Thread[qtp506883855-66,5,main]
22:27:13.978 [main] WARN  o.e.j.util.thread.QueuedThreadPool - qtp506883855{STOPPING,8<=8<=10,i=7,q=8} Couldn't stop Thread[qtp506883855-67,5,main]
22:27:13.978 [main] WARN  o.e.j.util.thread.QueuedThreadPool - qtp506883855{STOPPING,8<=8<=10,i=7,q=8} Couldn't stop Thread[qtp506883855-65,5,main]
22:27:13.978 [main] WARN  o.e.j.util.thread.QueuedThreadPool - qtp506883855{STOPPING,8<=8<=10,i=7,q=8} Couldn't stop Thread[qtp506883855-63,5,main]
22:27:13.978 [main] WARN  o.e.j.util.thread.QueuedThreadPool - qtp506883855{STOPPING,8<=8<=10,i=7,q=8} Couldn't stop Thread[qtp506883855-59,5,main]
22:27:13.978 [main] WARN  o.e.j.util.thread.QueuedThreadPool - qtp506883855{STOPPING,8<=8<=10,i=7,q=8} Couldn't stop Thread[qtp506883855-64,5,main]
22:27:13.979 [main] WARN  o.e.j.util.thread.QueuedThreadPool - qtp506883855{STOPPING,8<=8<=10,i=7,q=8} Couldn't stop Thread[qtp506883855-60,5,main]
Tests run: 4, Failures: 0, Errors: 0, Skipped: 0, Time elapsed: 3.116 sec - in com.twilio.authy2fa.service.ApprovalRequestServiceTest
Running com.twilio.authy2fa.servlet.authy.RequestTokenServletTest
Tests run: 1, Failures: 0, Errors: 0, Skipped: 0, Time elapsed: 0.098 sec - in com.twilio.authy2fa.servlet.authy.RequestTokenServletTest
Running com.twilio.authy2fa.servlet.authy.OneTouchStatusServletTest
Tests run: 1, Failures: 0, Errors: 0, Skipped: 0, Time elapsed: 0.006 sec - in com.twilio.authy2fa.servlet.authy.OneTouchStatusServletTest
Running com.twilio.authy2fa.servlet.authy.VerifyCodeServletTest
Tests run: 2, Failures: 0, Errors: 0, Skipped: 0, Time elapsed: 0.03 sec - in com.twilio.authy2fa.servlet.authy.VerifyCodeServletTest
Running com.twilio.authy2fa.servlet.requestvalidation.AuthyRequestValidatorTest
Tests run: 3, Failures: 0, Errors: 0, Skipped: 0, Time elapsed: 1.076 sec - in com.twilio.authy2fa.servlet.requestvalidation.AuthyRequestValidatorTest
Running com.twilio.authy2fa.servlet.requestvalidation.JSONEncoderTest
Tests run: 1, Failures: 0, Errors: 0, Skipped: 0, Time elapsed: 0.011 sec - in com.twilio.authy2fa.servlet.requestvalidation.JSONEncoderTest
Running com.twilio.authy2fa.servlet.RegistrationServletTest
Tests run: 2, Failures: 0, Errors: 0, Skipped: 0, Time elapsed: 0.017 sec - in com.twilio.authy2fa.servlet.RegistrationServletTest
Running com.twilio.authy2fa.servlet.AccountServletTest
Tests run: 1, Failures: 0, Errors: 0, Skipped: 0, Time elapsed: 0.002 sec - in com.twilio.authy2fa.servlet.AccountServletTest
Running com.twilio.authy2fa.servlet.authentication.LogOutServletTest
Tests run: 1, Failures: 0, Errors: 0, Skipped: 0, Time elapsed: 0.002 sec - in com.twilio.authy2fa.servlet.authentication.LogOutServletTest
Running com.twilio.authy2fa.servlet.authentication.ConfirmLogInServletTest
Tests run: 3, Failures: 0, Errors: 0, Skipped: 0, Time elapsed: 0.004 sec - in com.twilio.authy2fa.servlet.authentication.ConfirmLogInServletTest
Running com.twilio.authy2fa.servlet.authentication.LogInServletTest
22:27:15.320 [main] ERROR c.t.a.s.authentication.LogInServlet - exception message
Tests run: 3, Failures: 0, Errors: 0, Skipped: 0, Time elapsed: 0.063 sec - in com.twilio.authy2fa.servlet.authentication.LogInServletTest

Results :

Tests run: 34, Failures: 0, Errors: 0, Skipped: 0

[INFO] 
[INFO] --- jacoco-maven-plugin:0.8.5:report (report) @ authy2fa ---
[INFO] Loading execution data file /tmp/tmp58hut3q8/authy2fa-servlets/target/jacoco.exec
[INFO] Analyzed bundle 'authy2fa' with 163 classes
[WARNING] Classes in bundle 'authy2fa' do no match with execution data. For report generation the same class files must be used as at runtime.
[WARNING] Execution data for class com/authy/api/Resource does not match.
[WARNING] Execution data for class com/authy/api/Hash does not match.
[WARNING] Execution data for class com/authy/api/Instance does not match.
[INFO] ------------------------------------------------------------------------
[INFO] BUILD SUCCESS
[INFO] ------------------------------------------------------------------------
[INFO] Total time:  25.754 s
[INFO] Finished at: 2020-07-30T22:27:16Z
[INFO] ------------------------------------------------------------------------
