[INFO] Error stacktraces are turned on.
[INFO] Scanning for projects...
[INFO] 
[INFO] -----------------------< com.mars:layuicodetool >-----------------------
[INFO] Building layuicodetool 0.0.1-SNAPSHOT
[INFO] --------------------------------[ jar ]---------------------------------
[INFO] 
[INFO] --- jacoco-maven-plugin:0.8.5:prepare-agent (default) @ layuicodetool ---
[INFO] argLine set to -javaagent:/home/jdbl/.m2/repository/org/jacoco/org.jacoco.agent/0.8.5/org.jacoco.agent-0.8.5-runtime.jar=destfile=/tmp/tmpzwhbz8np/layuicodetool/target/jacoco.exec
[INFO] 
[INFO] --- maven-resources-plugin:2.6:resources (default-resources) @ layuicodetool ---
[INFO] Using 'UTF-8' encoding to copy filtered resources.
[INFO] skip non existing resourceDirectory /tmp/tmpzwhbz8np/layuicodetool/src/main/resources
[INFO] 
[INFO] --- maven-compiler-plugin:3.1:compile (default-compile) @ layuicodetool ---
[INFO] Changes detected - recompiling the module!
[INFO] Compiling 18 source files to /tmp/tmpzwhbz8np/layuicodetool/target/classes
[WARNING] /tmp/tmpzwhbz8np/layuicodetool/src/main/java/com/mars/office/utils/OfficeUtil.java:[18,16] sun.misc.BASE64Encoder is internal proprietary API and may be removed in a future release
[WARNING] /tmp/tmpzwhbz8np/layuicodetool/src/main/java/com/mars/office/utils/Base64Util.java:[150,48] sun.misc.BASE64Encoder is internal proprietary API and may be removed in a future release
[WARNING] /tmp/tmpzwhbz8np/layuicodetool/src/main/java/com/mars/office/utils/OfficeUtil.java:[83,13] sun.misc.BASE64Encoder is internal proprietary API and may be removed in a future release
[WARNING] /tmp/tmpzwhbz8np/layuicodetool/src/main/java/com/mars/office/utils/OfficeUtil.java:[83,41] sun.misc.BASE64Encoder is internal proprietary API and may be removed in a future release
[WARNING] /tmp/tmpzwhbz8np/layuicodetool/src/main/java/com/mars/code/tools/utils/FreemarkerUtil.java: /tmp/tmpzwhbz8np/layuicodetool/src/main/java/com/mars/code/tools/utils/FreemarkerUtil.java uses unchecked or unsafe operations.
[WARNING] /tmp/tmpzwhbz8np/layuicodetool/src/main/java/com/mars/code/tools/utils/FreemarkerUtil.java: Recompile with -Xlint:unchecked for details.
[INFO] 
[INFO] --- maven-resources-plugin:2.6:testResources (default-testResources) @ layuicodetool ---
[INFO] Using 'UTF-8' encoding to copy filtered resources.
[INFO] skip non existing resourceDirectory /tmp/tmpzwhbz8np/layuicodetool/src/test/resources
[INFO] 
[INFO] --- maven-compiler-plugin:3.1:testCompile (default-testCompile) @ layuicodetool ---
[INFO] Changes detected - recompiling the module!
[INFO] Compiling 1 source file to /tmp/tmpzwhbz8np/layuicodetool/target/test-classes
[INFO] 
[INFO] --- maven-surefire-plugin:2.19.1:test (default-test) @ layuicodetool ---
[INFO] Surefire report directory: /tmp/tmpzwhbz8np/layuicodetool/target/surefire-reports

-------------------------------------------------------
 T E S T S
-------------------------------------------------------
Running com.mars.office.AppTest
Tests run: 1, Failures: 0, Errors: 0, Skipped: 0, Time elapsed: 0.011 sec - in com.mars.office.AppTest

Results :

Tests run: 1, Failures: 0, Errors: 0, Skipped: 0

[INFO] 
[INFO] --- jacoco-maven-plugin:0.8.5:report (report) @ layuicodetool ---
[INFO] Loading execution data file /tmp/tmpzwhbz8np/layuicodetool/target/jacoco.exec
[INFO] Analyzed bundle 'layuicodetool' with 231 classes
[INFO] ------------------------------------------------------------------------
[INFO] BUILD SUCCESS
[INFO] ------------------------------------------------------------------------
[INFO] Total time:  10.174 s
[INFO] Finished at: 2020-07-30T22:43:13Z
[INFO] ------------------------------------------------------------------------
