[INFO] Error stacktraces are turned on.
[INFO] Scanning for projects...
[INFO] 
[INFO] --------------------------< com.wp:algorithm >--------------------------
[INFO] Building algorithm 0.0.1-SNAPSHOT
[INFO] --------------------------------[ jar ]---------------------------------
[INFO] 
[INFO] --- jacoco-maven-plugin:0.8.5:prepare-agent (default) @ algorithm ---
[INFO] argLine set to -javaagent:/home/jdbl/.m2/repository/org/jacoco/org.jacoco.agent/0.8.5/org.jacoco.agent-0.8.5-runtime.jar=destfile=/tmp/tmpygpix873/algorithm/target/jacoco.exec
[INFO] 
[INFO] --- maven-resources-plugin:2.6:resources (default-resources) @ algorithm ---
[INFO] Using 'UTF-8' encoding to copy filtered resources.
[INFO] skip non existing resourceDirectory /tmp/tmpygpix873/algorithm/src/main/resources
[INFO] 
[INFO] --- maven-compiler-plugin:3.7.0:compile (default-compile) @ algorithm ---
[INFO] Changes detected - recompiling the module!
[INFO] Compiling 3 source files to /tmp/tmpygpix873/algorithm/target/classes
[INFO] 
[INFO] --- maven-resources-plugin:2.6:testResources (default-testResources) @ algorithm ---
[INFO] Using 'UTF-8' encoding to copy filtered resources.
[INFO] skip non existing resourceDirectory /tmp/tmpygpix873/algorithm/src/test/resources
[INFO] 
[INFO] --- maven-compiler-plugin:3.7.0:testCompile (default-testCompile) @ algorithm ---
[INFO] Changes detected - recompiling the module!
[INFO] Compiling 1 source file to /tmp/tmpygpix873/algorithm/target/test-classes
[INFO] 
[INFO] --- maven-surefire-plugin:2.19.1:test (default-test) @ algorithm ---
[INFO] Surefire report directory: /tmp/tmpygpix873/algorithm/target/surefire-reports

-------------------------------------------------------
 T E S T S
-------------------------------------------------------
Running algorithm.SortTest
样例数据0
766 155 588 69 708 739 300 226 402 706 829 817 454 190 176 
69 155 176 190 226 300 402 454 588 706 708 739 766 817 829 
样例数据1
798 416 428 903 397 608 941 723 572 720 526 797 553 49 866 
49 397 416 428 526 553 572 608 720 723 797 798 866 903 941 
样例数据2
481 400 633 862 599 81 65 345 467 221 261 717 653 563 845 
65 81 221 261 345 400 467 481 563 599 633 653 717 845 862 
样例数据3
390 451 715 137 342 850 677 801 883 3 55 97 822 905 410 
3 55 97 137 342 390 410 451 677 715 801 822 850 883 905 
样例数据4
452 681 729 816 736 204 187 932 279 179 901 805 574 216 599 
179 187 204 216 279 452 574 599 681 729 736 805 816 901 932 
样例数据5
608 14 688 753 938 167 533 384 519 812 992 263 257 994 944 
14 167 257 263 384 519 533 608 688 753 812 938 944 992 994 
样例数据6
666 769 91 628 166 699 655 688 381 33 26 55 310 999 448 
26 33 55 91 166 310 381 448 628 655 666 688 699 769 999 
样例数据7
230 240 974 156 329 566 271 576 236 998 173 335 0 708 399 
0 156 173 230 236 240 271 329 335 399 566 576 708 974 998 
样例数据8
366 880 172 561 385 694 357 743 691 679 544 958 965 280 472 
172 280 357 366 385 472 544 561 679 691 694 743 880 958 965 
样例数据9
614 927 156 811 479 172 355 782 590 687 128 696 693 124 543 
124 128 156 172 355 479 543 590 614 687 693 696 782 811 927 
样例数据10
549 181 10 641 202 568 676 981 168 15 254 893 641 749 837 
10 15 168 181 202 254 549 568 641 641 676 749 837 893 981 
样例数据11
618 976 342 279 349 357 128 370 620 958 484 545 69 689 537 
69 128 279 342 349 357 370 484 537 545 618 620 689 958 976 
样例数据12
824 113 205 750 704 752 353 625 902 701 340 120 142 445 988 
113 120 142 205 340 353 445 625 701 704 750 752 824 902 988 
样例数据13
883 230 386 170 532 789 662 242 141 930 447 240 269 968 14 
14 141 170 230 240 242 269 386 447 532 662 789 883 930 968 
样例数据14
662 518 823 451 226 934 406 296 668 799 604 544 693 125 311 
125 226 296 311 406 451 518 544 604 662 668 693 799 823 934 
样例数据15
964 371 108 163 138 26 676 932 283 229 666 895 111 553 460 
26 108 111 138 163 229 283 371 460 553 666 676 895 932 964 
样例数据16
634 920 18 352 148 399 142 897 623 350 640 104 418 427 152 
18 104 142 148 152 350 352 399 418 427 623 634 640 897 920 
样例数据17
27 771 790 237 468 754 848 924 233 816 984 282 123 94 723 
27 94 123 233 237 282 468 723 754 771 790 816 848 924 984 
样例数据18
381 45 578 94 585 419 821 795 399 356 80 678 248 638 468 
45 80 94 248 356 381 399 419 468 578 585 638 678 795 821 
样例数据19
507 815 109 104 718 124 431 229 671 588 799 62 840 526 836 
62 104 109 124 229 431 507 526 588 671 718 799 815 836 840 
样例数据20
179 284 937 85 133 261 121 907 820 338 400 163 43 236 665 
43 85 121 133 163 179 236 261 284 338 400 665 820 907 937 
样例数据21
622 677 739 903 7 441 113 524 497 785 667 407 274 721 24 
7 24 113 274 407 441 497 524 622 667 677 721 739 785 903 
样例数据22
36 872 298 159 927 759 342 945 803 628 102 328 149 208 575 
36 102 149 159 208 298 328 342 575 628 759 803 872 927 945 
样例数据23
51 518 748 35 231 749 22 547 99 698 686 978 424 143 487 
22 35 51 99 143 231 424 487 518 547 686 698 748 749 978 
样例数据24
453 883 626 525 535 889 877 575 697 510 590 217 174 441 601 
174 217 441 453 510 525 535 575 590 601 626 697 877 883 889 
样例数据25
346 269 431 892 180 536 803 603 669 593 415 498 729 235 322 
180 235 269 322 346 415 431 498 536 593 603 669 729 803 892 
样例数据26
33 930 502 502 329 773 981 348 581 546 170 351 612 896 482 
33 170 329 348 351 482 502 502 546 581 612 773 896 930 981 
样例数据27
777 202 162 218 214 998 522 672 859 87 241 271 762 151 792 
87 151 162 202 214 218 241 271 522 672 762 777 792 859 998 
样例数据28
626 294 329 782 353 197 367 670 577 798 116 875 750 432 913 
116 197 294 329 353 367 432 577 626 670 750 782 798 875 913 
样例数据29
667 644 189 947 646 987 266 697 674 953 876 323 605 545 400 
189 266 323 400 545 605 644 646 667 674 697 876 947 953 987 
样例数据30
870 485 857 702 820 863 57 731 976 130 935 738 335 687 624 
57 130 335 485 624 687 702 731 738 820 857 863 870 935 976 
样例数据31
639 754 192 393 528 168 242 579 272 280 472 557 328 605 365 
168 192 242 272 280 328 365 393 472 528 557 579 605 639 754 
样例数据32
92 348 898 62 941 240 908 57 482 765 839 462 579 4 24 
4 24 57 62 92 240 348 462 482 579 765 839 898 908 941 
样例数据33
193 388 582 898 337 533 638 253 792 535 363 640 159 193 53 
53 159 193 193 253 337 363 388 533 535 582 638 640 792 898 
样例数据34
335 94 546 83 144 661 569 239 855 777 233 895 617 950 816 
83 94 144 233 239 335 546 569 617 661 777 816 855 895 950 
样例数据35
913 981 198 623 338 62 939 947 451 86 287 74 552 461 589 
62 74 86 198 287 338 451 461 552 589 623 913 939 947 981 
样例数据36
977 398 263 443 218 185 899 383 379 351 687 899 249 164 961 
164 185 218 249 263 351 379 383 398 443 687 899 899 961 977 
样例数据37
118 732 347 617 873 659 822 994 170 57 235 311 728 959 547 
57 118 170 235 311 347 547 617 659 728 732 822 873 959 994 
样例数据38
666 604 401 287 47 33 13 129 792 952 405 180 626 922 910 
13 33 47 129 180 287 401 405 604 626 666 792 910 922 952 
样例数据39
57 868 106 457 248 127 446 719 799 473 594 249 650 836 273 
57 106 127 248 249 273 446 457 473 594 650 719 799 836 868 
样例数据40
357 959 203 562 956 596 301 995 185 792 290 724 836 395 714 
185 203 290 301 357 395 562 596 714 724 792 836 956 959 995 
样例数据41
882 988 666 741 670 268 43 381 642 236 585 591 239 296 844 
43 236 239 268 296 381 585 591 642 666 670 741 844 882 988 
样例数据42
697 622 165 65 549 977 920 794 668 813 697 985 806 879 660 
65 165 549 622 660 668 697 697 794 806 813 879 920 977 985 
样例数据43
494 725 560 640 858 921 350 552 776 886 384 96 975 546 301 
96 301 350 384 494 546 552 560 640 725 776 858 886 921 975 
样例数据44
97 822 866 250 53 957 420 662 495 723 543 60 945 58 687 
53 58 60 97 250 420 495 543 662 687 723 822 866 945 957 
样例数据45
901 905 651 621 439 301 806 35 557 307 235 13 772 869 278 
13 35 235 278 301 307 439 557 621 651 772 806 869 901 905 
样例数据46
763 624 410 91 11 377 504 22 627 525 637 709 316 483 101 
11 22 91 101 316 377 410 483 504 525 624 627 637 709 763 
样例数据47
988 994 945 422 557 296 595 87 402 168 241 207 312 416 339 
87 168 207 241 296 312 339 402 416 422 557 595 945 988 994 
样例数据48
610 162 600 404 957 583 72 536 267 393 791 786 312 267 542 
72 162 267 267 312 393 404 536 542 583 600 610 786 791 957 
样例数据49
47 978 270 402 201 856 640 49 353 115 905 36 948 153 291 
36 47 49 115 153 201 270 291 353 402 640 856 905 948 978 
样例数据50
882 504 592 14 557 260 119 262 213 818 984 666 11 337 594 
11 14 119 213 260 262 337 504 557 592 594 666 818 882 984 
样例数据51
673 161 395 939 322 60 135 787 48 211 276 252 128 90 44 
44 48 60 90 128 135 161 211 252 276 322 395 673 787 939 
样例数据52
93 441 791 608 965 7 469 814 948 596 55 779 597 476 452 
7 55 93 441 452 469 476 596 597 608 779 791 814 948 965 
样例数据53
166 856 139 944 603 853 61 812 977 371 241 460 97 494 331 
61 97 139 166 241 331 371 460 494 603 812 853 856 944 977 
样例数据54
94 803 910 589 178 974 292 841 37 292 688 773 280 24 149 
24 37 94 149 178 280 292 292 589 688 773 803 841 910 974 
样例数据55
108 253 389 94 549 761 892 443 58 77 545 619 56 455 51 
51 56 58 77 94 108 253 389 443 455 545 549 619 761 892 
样例数据56
493 173 997 774 410 523 713 775 577 727 48 811 286 374 469 
48 173 286 374 410 469 493 523 577 713 727 774 775 811 997 
样例数据57
684 661 958 987 585 336 156 55 753 512 319 99 852 641 79 
55 79 99 156 319 336 512 585 641 661 684 753 852 958 987 
样例数据58
391 318 934 675 443 313 955 391 911 110 145 998 811 39 283 
39 110 145 283 313 318 391 391 443 675 811 911 934 955 998 
样例数据59
898 418 340 704 29 625 448 194 890 622 431 923 181 444 815 
29 181 194 340 418 431 444 448 622 625 704 815 890 898 923 
样例数据60
647 92 66 927 412 121 339 624 685 853 152 591 927 234 225 
66 92 121 152 225 234 339 412 591 624 647 685 853 927 927 
样例数据61
532 691 989 460 835 42 286 404 620 495 709 250 481 309 603 
42 250 286 309 404 460 481 495 532 603 620 691 709 835 989 
样例数据62
561 380 33 226 851 242 347 490 193 551 726 233 584 495 607 
33 193 226 233 242 347 380 490 495 551 561 584 607 726 851 
样例数据63
326 7 286 138 459 901 534 271 276 311 779 876 184 415 500 
7 138 184 271 276 286 311 326 415 459 500 534 779 876 901 
样例数据64
444 451 776 768 877 781 294 969 807 75 675 890 801 496 587 
75 294 444 451 496 587 675 768 776 781 801 807 877 890 969 
样例数据65
713 653 935 313 537 115 936 890 8 988 725 543 975 469 719 
8 115 313 469 537 543 653 713 719 725 890 935 936 975 988 
样例数据66
489 987 171 290 709 422 261 817 575 923 69 160 474 381 433 
69 160 171 261 290 381 422 433 474 489 575 709 817 923 987 
样例数据67
500 957 386 78 585 162 665 732 328 160 685 844 746 568 277 
78 160 162 277 328 386 500 568 585 665 685 732 746 844 957 
样例数据68
125 846 4 858 559 67 339 428 743 51 826 777 736 404 508 
4 51 67 125 339 404 428 508 559 736 743 777 826 846 858 
样例数据69
459 963 267 522 109 621 687 150 586 975 80 193 170 779 570 
80 109 150 170 193 267 459 522 570 586 621 687 779 963 975 
样例数据70
581 841 90 370 668 262 810 107 455 397 925 821 419 585 837 
90 107 262 370 397 419 455 581 585 668 810 821 837 841 925 
样例数据71
996 717 930 907 928 310 694 70 206 426 767 425 946 979 522 
70 206 310 425 426 522 694 717 767 907 928 930 946 979 996 
样例数据72
309 695 34 55 334 829 549 634 210 542 628 596 523 181 414 
34 55 181 210 309 334 414 523 542 549 596 628 634 695 829 
样例数据73
102 590 931 88 916 964 687 205 210 950 10 658 270 589 44 
10 44 88 102 205 210 270 589 590 658 687 916 931 950 964 
样例数据74
128 209 711 94 556 875 862 405 659 762 306 399 95 423 911 
94 95 128 209 306 399 405 423 556 659 711 762 862 875 911 
样例数据75
182 679 53 153 582 858 622 836 301 916 588 992 270 689 113 
53 113 153 182 270 301 582 588 622 679 689 836 858 916 992 
样例数据76
817 697 526 20 188 611 423 993 678 253 707 683 535 243 403 
20 188 243 253 403 423 526 535 611 678 683 697 707 817 993 
样例数据77
816 75 988 170 617 329 393 359 317 277 548 261 553 144 623 
75 144 170 261 277 317 329 359 393 548 553 617 623 816 988 
样例数据78
115 670 999 925 159 111 177 697 758 677 849 577 431 400 548 
111 115 159 177 400 431 548 577 670 677 697 758 849 925 999 
样例数据79
598 613 92 652 411 11 855 203 808 505 587 908 890 237 596 
11 92 203 237 411 505 587 596 598 613 652 808 855 890 908 
样例数据80
490 192 789 383 556 252 721 380 576 645 654 202 164 485 92 
92 164 192 202 252 380 383 485 490 556 576 645 654 721 789 
样例数据81
270 405 147 209 592 78 344 126 946 146 974 583 61 132 337 
61 78 126 132 146 147 209 270 337 344 405 583 592 946 974 
样例数据82
992 513 411 134 539 161 988 859 743 913 879 914 778 126 420 
126 134 161 411 420 513 539 743 778 859 879 913 914 988 992 
样例数据83
821 614 912 990 903 138 94 53 965 983 182 394 680 315 455 
53 94 138 182 315 394 455 614 680 821 903 912 965 983 990 
样例数据84
995 159 579 973 414 229 224 856 226 828 740 394 409 605 14 
14 159 224 226 229 394 409 414 579 605 740 828 856 973 995 
样例数据85
107 890 894 178 547 236 854 284 883 180 72 706 256 55 825 
55 72 107 178 180 236 256 284 547 706 825 854 883 890 894 
样例数据86
881 733 91 631 432 307 207 401 545 544 908 613 118 418 387 
91 118 207 307 387 401 418 432 544 545 613 631 733 881 908 
样例数据87
506 368 854 957 179 746 506 569 283 180 451 624 307 355 115 
115 179 180 283 307 355 368 451 506 506 569 624 746 854 957 
样例数据88
925 774 630 242 233 494 52 800 331 525 297 469 628 889 208 
52 208 233 242 297 331 469 494 525 628 630 774 800 889 925 
样例数据89
245 879 564 473 324 447 455 819 57 468 163 501 682 885 460 
57 163 245 324 447 455 460 468 473 501 564 682 819 879 885 
样例数据90
407 116 89 427 974 964 409 342 228 255 733 686 437 675 583 
89 116 228 255 342 407 409 427 437 583 675 686 733 964 974 
样例数据91
924 125 152 228 528 912 111 838 440 770 461 286 978 509 731 
111 125 152 228 286 440 461 509 528 731 770 838 912 924 978 
样例数据92
591 999 920 870 734 635 684 734 494 725 754 709 313 255 128 
128 255 313 494 591 635 684 709 725 734 734 754 870 920 999 
样例数据93
189 784 986 171 758 875 434 719 324 412 329 921 97 197 563 
97 171 189 197 324 329 412 434 563 719 758 784 875 921 986 
样例数据94
157 148 114 926 91 317 585 691 484 691 670 581 459 13 707 
13 91 114 148 157 317 459 484 581 585 670 691 691 707 926 
样例数据95
309 599 473 717 320 229 364 561 598 570 239 557 7 46 10 
7 10 46 229 239 309 320 364 473 557 561 570 598 599 717 
样例数据96
996 379 859 463 849 102 253 734 125 751 468 481 123 332 556 
102 123 125 253 332 379 463 468 481 556 734 751 849 859 996 
样例数据97
211 632 444 742 842 160 400 879 317 275 935 294 435 631 348 
160 211 275 294 317 348 400 435 444 631 632 742 842 879 935 
样例数据98
955 987 775 742 379 602 265 940 200 556 918 739 325 842 626 
200 265 325 379 556 602 626 739 742 775 842 918 940 955 987 
样例数据99
549 351 308 227 168 871 27 214 576 397 517 452 545 222 774 
27 168 214 222 227 308 351 397 452 517 545 549 576 774 871 
样例数据0
588 950 974 296 763 655 96 703 782 43 25 196 128 18 53 
18 25 43 53 96 128 196 296 588 655 703 763 782 950 974 
true
样例数据1
307 935 796 106 603 664 636 657 249 435 283 523 289 161 458 
106 161 249 283 289 307 435 458 523 603 636 657 664 796 935 
true
样例数据2
407 683 129 8 689 310 323 139 95 891 900 687 221 25 432 
8 25 95 129 139 221 310 323 407 432 683 687 689 891 900 
true
样例数据3
176 768 824 413 702 671 940 531 260 246 72 114 69 709 52 
52 69 72 114 176 246 260 413 531 671 702 709 768 824 940 
true
样例数据4
421 452 733 805 90 397 290 840 883 806 987 35 566 484 286 
35 90 286 290 397 421 452 484 566 733 805 806 840 883 987 
true
样例数据5
55 480 299 937 893 537 325 148 708 465 182 986 293 193 234 
55 148 182 193 234 293 299 325 465 480 537 708 893 937 986 
true
样例数据6
895 475 339 804 947 962 275 836 531 11 855 635 321 449 90 
11 90 275 321 339 449 475 531 635 804 836 855 895 947 962 
true
样例数据7
54 18 323 758 757 189 982 215 575 212 806 981 444 938 34 
18 34 54 189 212 215 323 444 575 757 758 806 938 981 982 
true
样例数据8
738 406 709 1 426 181 421 596 71 422 402 378 356 759 188 
1 71 181 188 356 378 402 406 421 422 426 596 709 738 759 
true
样例数据9
722 754 713 891 24 342 658 535 751 99 679 754 71 908 739 
24 71 99 342 535 658 679 713 722 739 751 754 754 891 908 
true
样例数据10
906 283 930 326 899 59 675 220 760 57 508 912 490 457 509 
57 59 220 283 326 457 490 508 509 675 760 899 906 912 930 
true
样例数据11
981 897 946 162 818 831 171 51 184 244 260 601 185 364 962 
51 162 171 184 185 244 260 364 601 818 831 897 946 962 981 
true
样例数据12
888 966 93 510 796 844 133 331 708 477 856 659 740 895 918 
93 133 331 477 510 659 708 740 796 844 856 888 895 918 966 
true
样例数据13
741 86 307 603 772 992 292 368 71 449 153 760 280 548 425 
71 86 153 280 292 307 368 425 449 548 603 741 760 772 992 
true
样例数据14
301 412 263 138 632 438 214 446 735 64 736 371 256 935 35 
35 64 138 214 256 263 301 371 412 438 446 632 735 736 935 
true
样例数据15
61 284 713 252 314 303 470 230 106 188 496 644 777 918 537 
61 106 188 230 252 284 303 314 470 496 537 644 713 777 918 
true
样例数据16
714 859 720 176 428 267 734 959 10 559 141 443 948 435 445 
10 141 176 267 428 435 443 445 559 714 720 734 859 948 959 
true
样例数据17
257 839 608 159 522 882 81 841 211 954 74 118 379 472 182 
74 81 118 159 182 211 257 379 472 522 608 839 841 882 954 
true
样例数据18
338 921 813 587 987 754 924 300 68 372 869 443 939 650 58 
58 68 300 338 372 443 587 650 754 813 869 921 924 939 987 
true
样例数据19
89 802 645 330 787 187 779 340 58 220 598 813 112 209 28 
28 58 89 112 187 209 220 330 340 598 645 779 787 802 813 
true
样例数据20
706 922 225 414 81 278 937 519 2 522 405 947 451 886 925 
2 81 225 278 405 414 451 519 522 706 886 922 925 937 947 
true
样例数据21
225 168 424 52 711 66 954 451 888 126 146 988 781 358 222 
52 66 126 146 168 222 225 358 424 451 711 781 888 954 988 
true
样例数据22
99 333 477 513 102 386 436 23 342 354 218 225 550 510 960 
23 99 102 218 225 333 342 354 386 436 477 510 513 550 960 
true
样例数据23
405 95 395 617 277 38 434 57 698 605 686 389 613 166 210 
38 57 95 166 210 277 389 395 405 434 605 613 617 686 698 
true
样例数据24
192 81 511 500 374 609 494 370 40 370 750 743 208 620 778 
40 81 192 208 370 370 374 494 500 511 609 620 743 750 778 
true
样例数据25
306 927 954 710 76 74 27 821 316 691 461 932 312 956 318 
27 74 76 306 312 316 318 461 691 710 821 927 932 954 956 
true
样例数据26
6 634 190 102 913 5 863 700 597 42 162 707 453 243 841 
5 6 42 102 162 190 243 453 597 634 700 707 841 863 913 
true
样例数据27
544 670 700 93 275 940 241 158 432 268 767 390 377 100 859 
93 100 158 241 268 275 377 390 432 544 670 700 767 859 940 
true
样例数据28
119 137 943 977 501 800 684 779 334 542 190 134 958 286 663 
119 134 137 190 286 334 501 542 663 684 779 800 943 958 977 
true
样例数据29
994 439 641 637 678 854 211 830 197 593 790 264 881 396 409 
197 211 264 396 409 439 593 637 641 678 790 830 854 881 994 
true
样例数据30
497 618 403 228 325 859 545 235 958 442 110 628 542 858 616 
110 228 235 325 403 442 497 542 545 616 618 628 858 859 958 
true
样例数据31
415 464 799 553 282 956 501 46 254 601 828 599 425 300 380 
46 254 282 300 380 415 425 464 501 553 599 601 799 828 956 
true
样例数据32
714 760 143 90 138 305 741 708 205 459 562 183 380 970 16 
16 90 138 143 183 205 305 380 459 562 708 714 741 760 970 
true
样例数据33
906 539 67 140 414 680 192 846 668 464 880 967 675 573 334 
67 140 192 334 414 464 539 573 668 675 680 846 880 906 967 
true
样例数据34
205 765 68 485 242 478 802 357 363 400 615 148 692 797 323 
68 148 205 242 323 357 363 400 478 485 615 692 765 797 802 
true
样例数据35
228 153 314 652 652 815 699 842 878 352 217 370 293 637 806 
153 217 228 293 314 352 370 637 652 652 699 806 815 842 878 
true
样例数据36
838 849 495 713 173 649 310 130 271 667 58 955 185 962 984 
58 130 173 185 271 310 495 649 667 713 838 849 955 962 984 
true
样例数据37
784 167 613 564 253 575 736 821 331 922 530 214 335 854 610 
167 214 253 331 335 530 564 575 610 613 736 784 821 854 922 
true
样例数据38
344 415 502 286 101 946 515 169 591 339 355 384 295 0 824 
0 101 169 286 295 339 344 355 384 415 502 515 591 824 946 
true
样例数据39
314 610 141 260 674 246 929 32 802 674 970 36 126 891 714 
32 36 126 141 246 260 314 610 674 674 714 802 891 929 970 
true
样例数据40
9 970 642 389 626 624 891 493 192 554 809 380 572 936 981 
9 192 380 389 493 554 572 624 626 642 809 891 936 970 981 
true
样例数据41
589 568 271 886 320 239 614 706 864 371 902 242 987 789 662 
239 242 271 320 371 568 589 614 662 706 789 864 886 902 987 
true
样例数据42
691 165 718 160 545 289 788 860 806 525 33 86 448 801 118 
33 86 118 160 165 289 448 525 545 691 718 788 801 806 860 
true
样例数据43
398 745 652 172 533 736 715 171 383 973 943 483 825 353 170 
170 171 172 353 383 398 483 533 652 715 736 745 825 943 973 
true
样例数据44
144 71 939 678 731 802 919 849 194 165 434 936 202 739 257 
71 144 165 194 202 257 434 678 731 739 802 849 919 936 939 
true
样例数据45
359 667 415 334 587 642 880 836 900 428 54 898 323 669 325 
54 323 325 334 359 415 428 587 642 667 669 836 880 898 900 
true
样例数据46
763 355 833 885 599 31 114 467 130 536 248 721 314 329 998 
31 114 130 248 314 329 355 467 536 599 721 763 833 885 998 
true
样例数据47
340 558 609 681 663 385 124 604 580 614 215 774 338 102 670 
102 124 215 338 340 385 558 580 604 609 614 663 670 681 774 
true
样例数据48
901 344 452 908 492 76 994 853 400 360 445 787 72 169 866 
72 76 169 344 360 400 445 452 492 787 853 866 901 908 994 
true
样例数据49
620 987 190 324 276 995 514 734 316 623 101 354 751 886 317 
101 190 276 316 317 324 354 514 620 623 734 751 886 987 995 
true
样例数据50
508 221 551 636 577 182 278 231 169 996 889 211 923 205 560 
169 182 205 211 221 231 278 508 551 560 577 636 889 923 996 
true
样例数据51
284 808 588 963 747 239 555 989 3 856 471 174 120 436 512 
3 120 174 239 284 436 471 512 555 588 747 808 856 963 989 
true
样例数据52
679 908 281 700 294 815 916 911 98 187 863 536 160 50 426 
50 98 160 187 281 294 426 536 679 700 815 863 908 911 916 
true
样例数据53
667 419 604 837 446 827 120 692 915 676 646 555 961 687 199 
120 199 419 446 555 604 646 667 676 687 692 827 837 915 961 
true
样例数据54
920 151 365 778 945 519 592 84 458 442 140 715 777 149 98 
84 98 140 149 151 365 442 458 519 592 715 777 778 920 945 
true
样例数据55
55 213 616 934 46 816 951 662 514 461 351 547 153 428 390 
46 55 153 213 351 390 428 461 514 547 616 662 816 934 951 
true
样例数据56
652 584 859 583 541 405 791 433 399 32 944 604 721 132 578 
32 132 399 405 433 541 578 583 584 604 652 721 791 859 944 
true
样例数据57
575 716 288 199 96 372 669 914 641 834 588 871 435 286 630 
96 199 286 288 372 435 575 588 630 641 669 716 834 871 914 
true
样例数据58
871 578 562 958 767 941 130 702 103 536 583 837 488 552 203 
103 130 203 488 536 552 562 578 583 702 767 837 871 941 958 
true
样例数据59
610 71 234 23 392 862 328 33 878 146 809 993 74 399 356 
23 33 71 74 146 234 328 356 392 399 610 809 862 878 993 
true
样例数据60
57 561 159 313 453 909 249 644 8 260 686 407 502 521 871 
8 57 159 249 260 313 407 453 502 521 561 644 686 871 909 
true
样例数据61
410 112 113 51 394 690 932 149 131 313 669 625 355 160 656 
51 112 113 131 149 160 313 355 394 410 625 656 669 690 932 
true
样例数据62
631 381 489 56 888 695 328 938 118 48 651 809 728 81 462 
48 56 81 118 328 381 462 489 631 651 695 728 809 888 938 
true
样例数据63
790 794 543 908 276 27 898 464 350 984 430 872 422 862 371 
27 276 350 371 422 430 464 543 790 794 862 872 898 908 984 
true
样例数据64
195 346 796 923 105 268 23 527 305 183 32 494 704 930 616 
23 32 105 183 195 268 305 346 494 527 616 704 796 923 930 
true
样例数据65
347 941 930 611 858 954 616 810 224 140 915 835 956 875 388 
140 224 347 388 611 616 810 835 858 875 915 930 941 954 956 
true
样例数据66
187 317 453 589 699 361 285 804 360 191 2 218 100 57 162 
2 57 100 162 187 191 218 285 317 360 361 453 589 699 804 
true
样例数据67
234 331 266 909 48 688 856 501 848 845 614 763 472 521 737 
48 234 266 331 472 501 521 614 688 737 763 845 848 856 909 
true
样例数据68
517 203 692 165 947 803 294 299 674 234 246 153 936 909 703 
153 165 203 234 246 294 299 517 674 692 703 803 909 936 947 
true
样例数据69
294 293 134 252 384 690 844 707 652 516 497 592 193 385 104 
104 134 193 252 293 294 384 385 497 516 592 652 690 707 844 
true
样例数据70
384 842 499 785 422 726 762 250 955 582 579 3 310 722 398 
3 250 310 384 398 422 499 579 582 722 726 762 785 842 955 
true
样例数据71
886 163 264 710 978 727 810 450 963 530 395 808 951 645 46 
46 163 264 395 450 530 645 710 727 808 810 886 951 963 978 
true
样例数据72
745 791 451 498 856 264 828 286 139 149 261 797 356 987 963 
139 149 261 264 286 356 451 498 745 791 797 828 856 963 987 
true
样例数据73
734 42 184 109 27 288 233 874 516 687 695 896 360 127 453 
27 42 109 127 184 233 288 360 453 516 687 695 734 874 896 
true
样例数据74
787 87 640 217 854 710 960 364 372 727 589 8 719 541 193 
8 87 193 217 364 372 541 589 640 710 719 727 787 854 960 
true
样例数据75
309 450 833 838 144 162 828 535 744 78 442 534 734 856 735 
78 144 162 309 442 450 534 535 734 735 744 828 833 838 856 
true
样例数据76
796 264 428 441 211 386 245 769 767 339 919 79 435 263 591 
79 211 245 263 264 339 386 428 435 441 591 767 769 796 919 
true
样例数据77
521 879 534 318 39 799 432 884 46 343 755 978 0 299 459 
0 39 46 299 318 343 432 459 521 534 755 799 879 884 978 
true
样例数据78
336 197 11 684 917 664 380 391 684 911 641 175 275 368 440 
11 175 197 275 336 368 380 391 440 641 664 684 684 911 917 
true
样例数据79
719 712 901 265 394 140 148 593 374 601 894 413 101 304 914 
101 140 148 265 304 374 394 413 593 601 712 719 894 901 914 
true
样例数据80
162 330 602 5 633 245 537 175 47 634 191 349 371 716 988 
5 47 162 175 191 245 330 349 371 537 602 633 634 716 988 
true
样例数据81
615 753 706 181 414 659 428 711 180 175 756 660 823 596 483 
175 180 181 414 428 483 596 615 659 660 706 711 753 756 823 
true
样例数据82
388 755 470 631 404 299 985 950 604 836 194 689 642 967 648 
194 299 388 404 470 604 631 642 648 689 755 836 950 967 985 
true
样例数据83
760 821 64 346 750 516 303 786 753 388 659 63 832 192 326 
63 64 192 303 326 346 388 516 659 750 753 760 786 821 832 
true
样例数据84
856 961 299 281 428 150 705 324 319 683 963 674 495 887 330 
150 281 299 319 324 330 428 495 674 683 705 856 887 961 963 
true
样例数据85
631 77 5 843 87 830 134 144 517 801 908 959 884 451 205 
5 77 87 134 144 205 451 517 631 801 830 843 884 908 959 
true
样例数据86
859 206 318 810 632 462 312 507 45 388 8 242 226 164 923 
8 45 164 206 226 242 312 318 388 462 507 632 810 859 923 
true
样例数据87
136 457 227 604 743 841 624 531 790 716 307 524 314 115 93 
93 115 136 227 307 314 457 524 531 604 624 716 743 790 841 
true
样例数据88
808 375 328 891 817 859 472 800 38 883 316 509 566 253 524 
38 253 316 328 375 472 509 524 566 800 808 817 859 883 891 
true
样例数据89
424 786 657 652 951 3 996 931 815 171 682 990 21 7 735 
3 7 21 171 424 652 657 682 735 786 815 931 951 990 996 
true
样例数据90
828 144 354 243 498 401 189 112 583 497 481 41 977 397 759 
41 112 144 189 243 354 397 401 481 497 498 583 759 828 977 
true
样例数据91
776 598 968 639 404 471 326 478 86 735 888 875 806 889 840 
86 326 404 471 478 598 639 735 776 806 840 875 888 889 968 
true
样例数据92
687 71 199 27 380 731 111 878 470 204 840 622 263 993 114 
27 71 111 114 199 204 263 380 470 622 687 731 840 878 993 
true
样例数据93
280 719 721 987 73 288 710 862 724 855 961 927 518 374 151 
73 151 280 288 374 518 710 719 721 724 855 862 927 961 987 
true
样例数据94
897 167 927 565 264 960 515 485 506 411 777 572 711 963 946 
167 264 411 485 506 515 565 572 711 777 897 927 946 960 963 
true
样例数据95
423 42 433 368 194 264 888 711 668 918 126 668 659 47 279 
42 47 126 194 264 279 368 423 433 659 668 668 711 888 918 
true
样例数据96
642 863 506 911 963 214 458 428 587 811 303 566 153 436 681 
153 214 303 428 436 458 506 566 587 642 681 811 863 911 963 
true
样例数据97
924 335 991 53 844 992 247 185 327 321 377 401 919 464 157 
53 157 185 247 321 327 335 377 401 464 844 919 924 991 992 
true
样例数据98
52 853 969 620 656 827 128 309 97 163 728 459 937 482 986 
52 97 128 163 309 459 482 620 656 728 827 853 937 969 986 
true
样例数据99
271 906 933 425 341 175 518 514 261 656 763 258 121 692 939 
121 175 258 261 271 341 425 514 518 656 692 763 906 933 939 
true
样例数据0
951 326 121 566 472 369 159 584 473 295 514 649 318 345 878 
121 159 295 318 326 345 369 472 473 514 566 584 649 878 951 
样例数据1
148 208 802 869 74 990 510 548 690 979 608 500 456 13 576 
13 74 148 208 456 500 510 548 576 608 690 802 869 979 990 
样例数据2
380 311 190 128 83 100 507 162 651 409 970 520 561 338 928 
83 100 128 162 190 311 338 380 409 507 520 561 651 928 970 
样例数据3
759 881 15 8 944 87 822 392 572 520 373 982 308 151 889 
8 15 87 151 308 373 392 520 572 759 822 881 889 944 982 
样例数据4
631 355 747 358 744 640 685 292 638 715 584 106 575 835 65 
65 106 292 355 358 575 584 631 638 640 685 715 744 747 835 
样例数据5
681 107 418 446 80 509 694 291 583 868 45 231 178 711 668 
45 80 107 178 231 291 418 446 509 583 668 681 694 711 868 
样例数据6
269 372 701 948 79 541 641 794 964 522 684 817 98 432 757 
79 98 269 372 432 522 541 641 684 701 757 794 817 948 964 
样例数据7
93 7 172 515 215 89 250 892 248 662 104 38 468 989 341 
7 38 89 93 104 172 215 248 250 341 468 515 662 892 989 
样例数据8
530 509 107 964 512 641 98 943 814 41 388 714 210 942 117 
41 98 107 117 210 388 509 512 530 641 714 814 942 943 964 
样例数据9
470 943 602 702 142 492 288 334 641 367 842 355 156 993 205 
142 156 205 288 334 355 367 470 492 602 641 702 842 943 993 
样例数据10
190 211 931 483 389 724 15 653 114 489 305 226 632 992 852 
15 114 190 211 226 305 389 483 489 632 653 724 852 931 992 
样例数据11
240 845 200 729 718 299 146 922 99 465 346 132 935 967 744 
99 132 146 200 240 299 346 465 718 729 744 845 922 935 967 
样例数据12
451 725 847 343 327 977 398 402 100 955 985 822 832 136 373 
100 136 327 343 373 398 402 451 725 822 832 847 955 977 985 
样例数据13
0 734 962 134 67 303 452 225 534 160 395 886 296 638 172 
0 67 134 160 172 225 296 303 395 452 534 638 734 886 962 
样例数据14
645 761 998 630 490 766 97 596 890 384 349 378 53 154 279 
53 97 154 279 349 378 384 490 596 630 645 761 766 890 998 
样例数据15
560 342 469 611 208 85 146 446 104 765 708 515 309 113 135 
85 104 113 135 146 208 309 342 446 469 515 560 611 708 765 
样例数据16
602 404 786 153 647 638 92 331 998 39 383 331 92 619 112 
39 92 92 112 153 331 331 383 404 602 619 638 647 786 998 
样例数据17
18 208 78 415 749 977 342 332 962 281 80 883 817 423 699 
18 78 80 208 281 332 342 415 423 699 749 817 883 962 977 
样例数据18
262 836 459 236 138 205 74 655 65 922 769 968 318 423 117 
65 74 117 138 205 236 262 318 423 459 655 769 836 922 968 
样例数据19
611 704 857 833 654 781 394 962 736 624 142 900 966 62 249 
62 142 249 394 611 624 654 704 736 781 833 857 900 962 966 
样例数据20
472 34 761 787 669 296 727 145 978 103 869 8 934 448 445 
8 34 103 145 296 445 448 472 669 727 761 787 869 934 978 
样例数据21
216 398 495 984 116 701 259 140 962 779 59 157 483 612 742 
59 116 140 157 216 259 398 483 495 612 701 742 779 962 984 
样例数据22
802 904 249 167 319 862 820 844 496 977 372 521 349 977 377 
167 249 319 349 372 377 496 521 802 820 844 862 904 977 977 
样例数据23
390 888 778 105 178 315 54 25 410 575 751 199 650 480 908 
25 54 105 178 199 315 390 410 480 575 650 751 778 888 908 
样例数据24
132 366 540 698 967 589 522 28 764 163 567 64 692 698 83 
28 64 83 132 163 366 522 540 567 589 692 698 698 764 967 
样例数据25
815 702 724 258 137 243 864 855 115 896 918 627 382 868 808 
115 137 243 258 382 627 702 724 808 815 855 864 868 896 918 
样例数据26
747 669 568 424 464 531 446 640 231 454 482 714 408 756 134 
134 231 408 424 446 454 464 482 531 568 640 669 714 747 756 
样例数据27
508 820 352 906 703 688 937 848 981 687 544 974 372 811 636 
352 372 508 544 636 687 688 703 811 820 848 906 937 974 981 
样例数据28
708 691 28 203 53 224 49 263 874 492 250 986 458 700 393 
28 49 53 203 224 250 263 393 458 492 691 700 708 874 986 
样例数据29
464 166 797 221 472 296 58 438 886 764 501 359 272 583 16 
16 58 166 221 272 296 359 438 464 472 501 583 764 797 886 
样例数据30
452 699 348 822 237 929 293 788 603 801 279 141 552 476 726 
141 237 279 293 348 452 476 552 603 699 726 788 801 822 929 
样例数据31
878 595 23 263 855 864 370 77 923 310 299 858 772 138 520 
23 77 138 263 299 310 370 520 595 772 855 858 864 878 923 
样例数据32
407 821 74 31 328 510 955 356 646 142 475 959 776 120 131 
31 74 120 131 142 328 356 407 475 510 646 776 821 955 959 
样例数据33
942 956 484 828 862 230 888 499 490 419 315 927 310 872 559 
230 310 315 419 484 490 499 559 828 862 872 888 927 942 956 
样例数据34
982 75 411 608 823 710 579 765 579 719 700 466 565 771 882 
75 411 466 565 579 579 608 700 710 719 765 771 823 882 982 
样例数据35
215 304 423 439 105 136 98 575 891 792 501 552 985 227 873 
98 105 136 215 227 304 423 439 501 552 575 792 873 891 985 
样例数据36
536 664 502 413 710 541 794 667 915 241 351 982 25 429 260 
25 241 260 351 413 429 502 536 541 664 667 710 794 915 982 
样例数据37
531 193 968 748 288 411 26 706 549 286 812 213 246 95 167 
26 95 167 193 213 246 286 288 411 531 549 706 748 812 968 
样例数据38
238 810 734 877 350 19 797 896 741 298 138 373 677 726 35 
19 35 138 238 298 350 373 677 726 734 741 797 810 877 896 
样例数据39
187 917 521 241 766 513 551 637 347 951 572 254 72 524 905 
72 187 241 254 347 513 521 524 551 572 637 766 905 917 951 
样例数据40
301 754 541 219 48 665 970 192 643 740 164 614 997 428 480 
48 164 192 219 301 428 480 541 614 643 665 740 754 970 997 
样例数据41
394 285 464 523 690 13 477 309 752 783 95 706 459 509 601 
13 95 285 309 394 459 464 477 509 523 601 690 706 752 783 
样例数据42
707 907 893 973 364 281 816 152 694 649 340 533 956 469 983 
152 281 340 364 469 533 649 694 707 816 893 907 956 973 983 
样例数据43
172 675 23 900 999 443 562 186 569 234 902 839 820 544 118 
23 118 172 186 234 443 544 562 569 675 820 839 900 902 999 
样例数据44
277 877 549 807 571 237 654 320 292 535 150 201 620 697 665 
150 201 237 277 292 320 535 549 571 620 654 665 697 807 877 
样例数据45
913 750 25 44 736 554 485 456 677 596 823 190 293 433 243 
25 44 190 243 293 433 456 485 554 596 677 736 750 823 913 
样例数据46
260 209 379 543 197 330 3 38 375 196 477 256 606 508 615 
3 38 196 197 209 256 260 330 375 379 477 508 543 606 615 
样例数据47
98 718 151 540 949 917 73 637 406 879 87 551 937 499 601 
73 87 98 151 406 499 540 551 601 637 718 879 917 937 949 
样例数据48
304 627 715 207 986 83 905 967 834 771 724 537 538 33 442 
33 83 207 304 442 537 538 627 715 724 771 834 905 967 986 
样例数据49
631 850 804 744 52 830 134 732 623 617 773 867 620 791 565 
52 134 565 617 620 623 631 732 744 773 791 804 830 850 867 
样例数据50
983 95 456 542 16 742 768 141 916 979 291 313 921 426 246 
16 95 141 246 291 313 426 456 542 742 768 916 921 979 983 
样例数据51
284 982 413 768 165 850 66 632 638 116 5 880 823 321 551 
5 66 116 165 284 321 413 551 632 638 768 823 850 880 982 
样例数据52
287 702 820 955 277 128 184 41 47 481 193 121 938 60 217 
41 47 60 121 128 184 193 217 277 287 481 702 820 938 955 
样例数据53
229 460 303 30 427 142 39 816 414 469 891 657 48 432 87 
30 39 48 87 142 229 303 414 427 432 460 469 657 816 891 
样例数据54
101 158 748 504 104 584 339 342 919 299 292 763 110 477 547 
101 104 110 158 292 299 339 342 477 504 547 584 748 763 919 
样例数据55
127 1 93 537 406 302 228 774 766 968 452 147 968 726 907 
1 93 127 147 228 302 406 452 537 726 766 774 907 968 968 
样例数据56
468 594 602 99 146 407 422 90 111 572 664 33 491 976 918 
33 90 99 111 146 407 422 468 491 572 594 602 664 918 976 
样例数据57
36 115 127 892 717 417 947 619 341 918 232 883 583 948 89 
36 89 115 127 232 341 417 583 619 717 883 892 918 947 948 
样例数据58
889 250 697 500 756 148 117 319 185 54 292 894 495 128 223 
54 117 128 148 185 223 250 292 319 495 500 697 756 889 894 
样例数据59
371 717 409 421 824 287 914 399 379 991 200 210 830 88 893 
88 200 210 287 371 379 399 409 421 717 824 830 893 914 991 
样例数据60
741 475 405 866 409 569 464 915 624 821 455 815 583 751 769 
405 409 455 464 475 569 583 624 741 751 769 815 821 866 915 
样例数据61
978 197 480 671 73 366 293 117 377 897 875 655 364 444 311 
73 117 197 293 311 364 366 377 444 480 655 671 875 897 978 
样例数据62
704 617 49 64 854 95 74 716 378 997 441 491 747 49 962 
49 49 64 74 95 378 441 491 617 704 716 747 854 962 997 
样例数据63
868 354 980 369 43 128 807 736 907 427 236 817 285 631 378 
43 128 236 285 354 369 378 427 631 736 807 817 868 907 980 
样例数据64
338 221 314 38 678 78 152 35 384 938 709 879 466 543 817 
35 38 78 152 221 314 338 384 466 543 678 709 817 879 938 
样例数据65
625 291 753 213 58 175 128 412 63 993 6 388 888 332 319 
6 58 63 128 175 213 291 319 332 388 412 625 753 888 993 
样例数据66
948 144 719 101 775 930 62 959 447 764 989 190 165 899 824 
62 101 144 165 190 447 719 764 775 824 899 930 948 959 989 
样例数据67
116 61 523 293 153 462 352 107 883 742 662 300 209 429 201 
61 107 116 153 201 209 293 300 352 429 462 523 662 742 883 
样例数据68
222 812 152 362 407 3 30 303 470 809 239 254 175 285 952 
3 30 152 175 222 239 254 285 303 362 407 470 809 812 952 
样例数据69
93 782 750 482 553 397 737 891 426 48 409 364 695 462 769 
48 93 364 397 409 426 462 482 553 695 737 750 769 782 891 
样例数据70
225 395 362 752 600 59 879 682 89 930 874 439 604 20 329 
20 59 89 225 329 362 395 439 600 604 682 752 874 879 930 
样例数据71
811 671 339 746 410 110 145 70 557 709 99 140 260 914 590 
70 99 110 140 145 260 339 410 557 590 671 709 746 811 914 
样例数据72
457 506 549 250 325 160 161 191 210 247 300 599 78 270 530 
78 160 161 191 210 247 250 270 300 325 457 506 530 549 599 
样例数据73
290 943 67 296 608 790 682 444 55 844 328 602 97 273 202 
55 67 97 202 273 290 296 328 444 602 608 682 790 844 943 
样例数据74
530 976 699 671 53 985 179 70 213 451 916 830 340 842 573 
53 70 179 213 340 451 530 573 671 699 830 842 916 976 985 
样例数据75
16 949 957 118 546 391 456 959 883 464 478 947 71 6 262 
6 16 71 118 262 391 456 464 478 546 883 947 949 957 959 
样例数据76
355 350 265 225 312 917 204 174 456 912 602 386 258 234 645 
174 204 225 234 258 265 312 350 355 386 456 602 645 912 917 
样例数据77
271 780 587 641 584 297 668 511 638 641 394 390 162 328 397 
162 271 297 328 390 394 397 511 584 587 638 641 641 668 780 
样例数据78
204 704 504 28 699 388 890 431 974 323 912 745 994 713 254 
28 204 254 323 388 431 504 699 704 713 745 890 912 974 994 
样例数据79
384 106 162 183 697 834 551 44 5 693 184 887 138 522 920 
5 44 106 138 162 183 184 384 522 551 693 697 834 887 920 
样例数据80
526 807 785 97 58 201 572 757 455 939 624 438 862 653 379 
58 97 201 379 438 455 526 572 624 653 757 785 807 862 939 
样例数据81
899 758 619 263 703 202 936 28 311 924 112 525 240 38 239 
28 38 112 202 239 240 263 311 525 619 703 758 899 924 936 
样例数据82
240 307 993 689 969 214 175 967 200 169 602 346 238 953 496 
169 175 200 214 238 240 307 346 496 602 689 953 967 969 993 
样例数据83
480 783 220 238 568 521 898 793 139 108 188 547 905 417 915 
108 139 188 220 238 417 480 521 547 568 783 793 898 905 915 
样例数据84
530 453 860 648 501 383 110 76 0 636 499 691 720 371 947 
0 76 110 371 383 453 499 501 530 636 648 691 720 860 947 
样例数据85
353 280 422 428 329 320 627 284 78 7 383 676 712 543 998 
7 78 280 284 320 329 353 383 422 428 543 627 676 712 998 
样例数据86
888 766 303 737 819 58 519 836 151 509 148 26 90 647 643 
26 58 90 148 151 303 509 519 643 647 737 766 819 836 888 
样例数据87
272 724 107 234 132 637 181 642 240 691 665 705 414 737 25 
25 107 132 181 234 240 272 414 637 642 665 691 705 724 737 
样例数据88
932 113 852 643 97 813 951 685 562 29 462 446 790 15 655 
15 29 97 113 446 462 562 643 655 685 790 813 852 932 951 
样例数据89
322 433 934 748 281 4 156 757 404 511 338 515 405 451 573 
4 156 281 322 338 404 405 433 451 511 515 573 748 757 934 
样例数据90
655 867 772 574 337 823 699 823 861 950 50 693 527 922 121 
50 121 337 527 574 655 693 699 772 823 823 861 867 922 950 
样例数据91
942 903 703 830 689 992 184 792 596 322 43 284 621 895 992 
43 184 284 322 596 621 689 703 792 830 895 903 942 992 992 
样例数据92
448 337 995 761 629 227 44 382 435 970 681 480 68 449 23 
23 44 68 227 337 382 435 448 449 480 629 681 761 970 995 
样例数据93
407 802 852 207 315 588 260 195 979 691 559 863 22 332 591 
22 195 207 260 315 332 407 559 588 591 691 802 852 863 979 
样例数据94
812 212 902 405 343 255 842 666 729 91 139 306 159 512 811 
91 139 159 212 255 306 343 405 512 666 729 811 812 842 902 
样例数据95
589 786 0 637 427 897 977 201 564 242 32 337 609 135 168 
0 32 135 168 201 242 337 427 564 589 609 637 786 897 977 
样例数据96
299 194 413 590 47 765 16 58 80 255 843 84 839 291 604 
16 47 58 80 84 194 255 291 299 413 590 604 765 839 843 
样例数据97
336 531 812 179 496 653 689 58 5 328 684 224 578 550 182 
5 58 179 182 224 328 336 496 531 550 578 653 684 689 812 
样例数据98
536 253 541 563 711 42 568 893 155 413 290 512 534 164 925 
42 155 164 253 290 413 512 534 536 541 563 568 711 893 925 
样例数据99
881 746 215 40 836 590 269 536 624 159 396 77 833 834 661 
40 77 159 215 269 396 536 590 624 661 746 833 834 836 881 
样例数据0
949 698 925 409 390 141 613 836 261 393 698 893 228 919 959 
141 228 261 390 393 409 613 698 698 836 893 919 925 949 959 
true
样例数据1
702 255 705 574 871 951 430 89 529 696 710 290 97 293 63 
63 89 97 255 290 293 430 529 574 696 702 705 710 871 951 
true
样例数据2
459 508 260 66 50 801 419 549 972 216 433 310 531 909 202 
50 66 202 216 260 310 419 433 459 508 531 549 801 909 972 
true
样例数据3
464 250 184 226 821 861 620 307 449 501 706 978 998 377 617 
184 226 250 307 377 449 464 501 617 620 706 821 861 978 998 
true
样例数据4
395 145 776 932 941 161 971 673 175 359 896 217 682 582 488 
145 161 175 217 359 395 488 582 673 682 776 896 932 941 971 
true
样例数据5
457 521 849 314 868 962 907 177 323 880 871 656 274 314 684 
177 274 314 314 323 457 521 656 684 849 868 871 880 907 962 
true
样例数据6
566 551 171 852 805 946 452 234 492 948 863 198 684 965 922 
171 198 234 452 492 551 566 684 805 852 863 922 946 948 965 
true
样例数据7
231 311 174 379 467 660 215 163 166 311 615 803 188 454 742 
163 166 174 188 215 231 311 311 379 454 467 615 660 742 803 
true
样例数据8
771 21 535 376 178 868 477 160 847 595 537 318 902 247 12 
12 21 160 178 247 318 376 477 535 537 595 771 847 868 902 
true
样例数据9
47 742 628 866 327 583 125 275 78 248 2 300 428 343 222 
2 47 78 125 222 248 275 300 327 343 428 583 628 742 866 
true
样例数据10
226 162 482 43 750 47 330 989 4 867 400 624 182 475 968 
4 43 47 162 182 226 330 400 475 482 624 750 867 968 989 
true
样例数据11
286 629 722 9 201 375 65 462 817 124 3 639 771 970 623 
3 9 65 124 201 286 375 462 623 629 639 722 771 817 970 
true
样例数据12
536 103 209 258 275 716 985 456 570 954 943 327 164 355 687 
103 164 209 258 275 327 355 456 536 570 687 716 943 954 985 
true
样例数据13
833 729 782 891 620 393 114 441 599 390 188 642 251 626 125 
114 125 188 251 390 393 441 599 620 626 642 729 782 833 891 
true
样例数据14
215 315 610 268 430 378 58 59 323 400 547 383 2 664 967 
2 58 59 215 268 315 323 378 383 400 430 547 610 664 967 
true
样例数据15
401 480 33 357 69 921 207 600 252 603 109 914 762 18 570 
18 33 69 109 207 252 357 401 480 570 600 603 762 914 921 
true
样例数据16
606 141 605 21 858 40 62 357 147 932 543 810 611 122 712 
21 40 62 122 141 147 357 543 605 606 611 712 810 858 932 
true
样例数据17
98 517 495 845 713 921 724 259 104 531 361 419 768 766 606 
98 104 259 361 419 495 517 531 606 713 724 766 768 845 921 
true
样例数据18
247 795 30 150 442 792 3 336 5 913 753 99 987 850 644 
3 5 30 99 150 247 336 442 644 753 792 795 850 913 987 
true
样例数据19
149 325 785 473 312 914 644 832 529 134 411 926 95 44 891 
44 95 134 149 312 325 411 473 529 644 785 832 891 914 926 
true
样例数据20
623 605 846 452 480 300 849 520 369 368 62 593 121 412 626 
62 121 300 368 369 412 452 480 520 593 605 623 626 846 849 
true
样例数据21
757 853 252 687 920 569 160 195 423 247 384 462 988 556 489 
160 195 247 252 384 423 462 489 556 569 687 757 853 920 988 
true
样例数据22
826 451 439 570 819 880 102 3 301 826 841 299 869 368 599 
3 102 299 301 368 439 451 570 599 819 826 826 841 869 880 
true
样例数据23
219 912 655 863 861 975 117 231 523 332 597 280 909 230 455 
117 219 230 231 280 332 455 523 597 655 861 863 909 912 975 
true
样例数据24
395 411 48 531 356 666 153 362 173 39 260 169 678 14 895 
14 39 48 153 169 173 260 356 362 395 411 531 666 678 895 
true
样例数据25
859 583 541 704 874 16 42 428 562 720 653 825 42 641 843 
16 42 42 428 541 562 583 641 653 704 720 825 843 859 874 
true
样例数据26
611 32 677 209 444 87 658 25 756 80 320 732 953 306 68 
25 32 68 80 87 209 306 320 444 611 658 677 732 756 953 
true
样例数据27
836 63 831 397 5 400 197 675 551 927 101 119 906 151 371 
5 63 101 119 151 197 371 397 400 551 675 831 836 906 927 
true
样例数据28
150 127 104 747 407 623 857 540 948 563 217 764 981 375 359 
104 127 150 217 359 375 407 540 563 623 747 764 857 948 981 
true
样例数据29
800 831 11 634 798 228 887 547 777 668 218 519 392 490 647 
11 218 228 392 490 519 547 634 647 668 777 798 800 831 887 
true
样例数据30
136 643 545 245 410 243 237 658 267 134 14 691 820 531 54 
14 54 134 136 237 243 245 267 410 531 545 643 658 691 820 
true
样例数据31
298 420 288 676 77 4 613 57 983 421 756 864 909 253 344 
4 57 77 253 288 298 344 420 421 613 676 756 864 909 983 
true
样例数据32
707 247 921 55 480 192 980 14 842 308 262 479 868 342 680 
14 55 192 247 262 308 342 479 480 680 707 842 868 921 980 
true
样例数据33
305 848 267 35 853 494 62 40 216 48 529 34 425 114 780 
34 35 40 48 62 114 216 267 305 425 494 529 780 848 853 
true
样例数据34
440 625 39 134 510 930 38 597 299 6 491 603 150 701 346 
6 38 39 134 150 299 346 440 491 510 597 603 625 701 930 
true
样例数据35
775 729 938 575 629 808 691 209 923 299 547 877 529 694 797 
209 299 529 547 575 629 691 694 729 775 797 808 877 923 938 
true
样例数据36
630 981 746 503 649 48 164 153 255 336 899 528 940 794 127 
48 127 153 164 255 336 503 528 630 649 746 794 899 940 981 
true
样例数据37
932 885 347 117 810 431 548 879 703 961 152 944 906 523 668 
117 152 347 431 523 548 668 703 810 879 885 906 932 944 961 
true
样例数据38
109 83 544 578 943 246 79 401 661 679 648 484 695 177 169 
79 83 109 169 177 246 401 484 544 578 648 661 679 695 943 
true
样例数据39
565 253 55 744 766 29 13 931 476 500 964 11 521 364 544 
11 13 29 55 253 364 476 500 521 544 565 744 766 931 964 
true
样例数据40
999 276 43 152 789 15 860 778 875 29 55 64 908 414 819 
15 29 43 55 64 152 276 414 778 789 819 860 875 908 999 
true
样例数据41
835 614 448 708 690 872 68 951 295 128 170 531 366 514 697 
68 128 170 295 366 448 514 531 614 690 697 708 835 872 951 
true
样例数据42
618 355 837 183 348 263 160 777 916 726 570 217 772 553 607 
160 183 217 263 348 355 553 570 607 618 726 772 777 837 916 
true
样例数据43
41 308 739 422 792 464 890 455 320 215 307 434 240 903 658 
41 215 240 307 308 320 422 434 455 464 658 739 792 890 903 
true
样例数据44
555 461 230 421 273 80 420 300 701 876 924 672 328 943 433 
80 230 273 300 328 420 421 433 461 555 672 701 876 924 943 
true
样例数据45
885 198 403 46 333 262 47 461 610 227 230 984 783 325 956 
46 47 198 227 230 262 325 333 403 461 610 783 885 956 984 
true
样例数据46
894 891 440 329 334 36 839 67 919 284 385 28 528 11 401 
11 28 36 67 284 329 334 385 401 440 528 839 891 894 919 
true
样例数据47
925 907 424 891 493 916 485 154 203 255 358 231 172 71 13 
13 71 154 172 203 231 255 358 424 485 493 891 907 916 925 
true
样例数据48
356 465 419 270 863 776 988 338 482 605 321 914 999 116 795 
116 270 321 338 356 419 465 482 605 776 795 863 914 988 999 
true
样例数据49
850 216 6 373 247 836 678 802 479 854 295 242 915 568 828 
6 216 242 247 295 373 479 568 678 802 828 836 850 854 915 
true
样例数据50
296 795 949 27 787 646 83 519 260 476 23 104 975 859 219 
23 27 83 104 219 260 296 476 519 646 787 795 859 949 975 
true
样例数据51
641 858 522 610 806 738 606 357 712 149 734 206 951 691 117 
117 149 206 357 522 606 610 641 691 712 734 738 806 858 951 
true
样例数据52
953 314 621 139 650 78 712 936 905 913 891 39 26 170 339 
26 39 78 139 170 314 339 621 650 712 891 905 913 936 953 
true
样例数据53
18 577 567 296 832 227 481 304 943 248 392 73 656 509 663 
18 73 227 248 296 304 392 481 509 567 577 656 663 832 943 
true
样例数据54
772 526 326 980 893 394 944 430 903 831 988 187 844 893 191 
187 191 326 394 430 526 772 831 844 893 893 903 944 980 988 
true
样例数据55
885 842 532 630 633 681 270 655 52 777 401 843 169 89 783 
52 89 169 270 401 532 630 633 655 681 777 783 842 843 885 
true
样例数据56
448 371 810 820 499 972 290 132 762 416 908 151 712 553 908 
132 151 290 371 416 448 499 553 712 762 810 820 908 908 972 
true
样例数据57
818 33 103 104 411 21 180 755 25 306 289 707 757 721 225 
21 25 33 103 104 180 225 289 306 411 707 721 755 757 818 
true
样例数据58
818 497 219 88 825 595 853 543 736 93 838 279 827 533 305 
88 93 219 279 305 497 533 543 595 736 818 825 827 838 853 
true
样例数据59
502 887 380 85 259 890 326 322 435 167 381 695 542 633 217 
85 167 217 259 322 326 380 381 435 502 542 633 695 887 890 
true
样例数据60
191 321 583 672 498 536 406 350 959 304 380 713 534 286 584 
191 286 304 321 350 380 406 498 534 536 583 584 672 713 959 
true
样例数据61
940 835 872 488 646 568 470 666 598 954 555 508 190 395 174 
174 190 395 470 488 508 555 568 598 646 666 835 872 940 954 
true
样例数据62
526 97 176 880 229 817 144 225 467 601 957 388 322 428 151 
97 144 151 176 225 229 322 388 428 467 526 601 817 880 957 
true
样例数据63
611 472 641 283 664 43 964 931 226 597 361 768 352 187 327 
43 187 226 283 327 352 361 472 597 611 641 664 768 931 964 
true
样例数据64
386 701 360 831 816 496 367 288 690 678 581 945 211 855 765 
211 288 360 367 386 496 581 678 690 701 765 816 831 855 945 
true
样例数据65
138 189 466 549 47 237 717 629 601 101 245 552 683 584 142 
47 101 138 142 189 237 245 466 549 552 584 601 629 683 717 
true
样例数据66
315 54 96 79 978 354 363 366 418 929 564 435 65 473 774 
54 65 79 96 315 354 363 366 418 435 473 564 774 929 978 
true
样例数据67
948 769 391 139 413 316 794 795 529 130 723 304 153 133 383 
130 133 139 153 304 316 383 391 413 529 723 769 794 795 948 
true
样例数据68
686 504 485 582 640 801 488 731 605 989 153 664 914 805 113 
113 153 485 488 504 582 605 640 664 686 731 801 805 914 989 
true
样例数据69
734 369 840 779 262 999 641 945 687 323 753 589 116 713 868 
116 262 323 369 589 641 687 713 734 753 779 840 868 945 999 
true
样例数据70
26 233 399 402 744 490 767 85 30 472 995 722 257 697 703 
26 30 85 233 257 399 402 472 490 697 703 722 744 767 995 
true
样例数据71
214 107 747 184 558 639 476 675 595 377 585 888 272 451 962 
107 184 214 272 377 451 476 558 585 595 639 675 747 888 962 
true
样例数据72
732 849 713 846 254 514 222 184 1 585 63 557 24 481 278 
1 24 63 184 222 254 278 481 514 557 585 713 732 846 849 
true
样例数据73
16 57 356 17 804 536 716 496 462 860 382 974 509 662 811 
16 17 57 356 382 462 496 509 536 662 716 804 811 860 974 
true
样例数据74
255 943 333 300 328 297 719 82 3 714 66 72 849 20 473 
3 20 66 72 82 255 297 300 328 333 473 714 719 849 943 
true
样例数据75
717 538 561 690 889 577 622 804 884 843 646 517 838 214 390 
214 390 517 538 561 577 622 646 690 717 804 838 843 884 889 
true
样例数据76
954 374 517 808 800 66 1 678 166 463 908 53 878 806 687 
1 53 66 166 374 463 517 678 687 800 806 808 878 908 954 
true
样例数据77
268 721 715 612 695 71 51 845 556 368 530 739 633 132 959 
51 71 132 268 368 530 556 612 633 695 715 721 739 845 959 
true
样例数据78
707 872 198 860 195 273 408 285 50 90 272 604 205 45 984 
45 50 90 195 198 205 272 273 285 408 604 707 860 872 984 
true
样例数据79
775 53 638 244 103 934 936 428 933 355 891 224 435 229 491 
53 103 224 229 244 355 428 435 491 638 775 891 933 934 936 
true
样例数据80
907 749 19 280 697 274 962 966 922 579 181 81 320 862 833 
19 81 181 274 280 320 579 697 749 833 862 907 922 962 966 
true
样例数据81
142 629 967 383 408 862 332 389 926 540 964 486 894 9 835 
9 142 332 383 389 408 486 540 629 835 862 894 926 964 967 
true
样例数据82
180 640 335 84 280 929 436 588 505 827 674 695 608 189 275 
84 180 189 275 280 335 436 505 588 608 640 674 695 827 929 
true
样例数据83
161 724 412 801 219 625 286 243 783 332 950 620 890 473 113 
113 161 219 243 286 332 412 473 620 625 724 783 801 890 950 
true
样例数据84
942 174 77 724 532 233 968 496 477 477 786 83 219 277 350 
77 83 174 219 233 277 350 477 477 496 532 724 786 942 968 
true
样例数据85
164 939 80 819 571 496 37 919 747 624 724 287 468 624 837 
37 80 164 287 468 496 571 624 624 724 747 819 837 919 939 
true
样例数据86
114 217 883 103 236 379 758 910 53 136 127 786 273 796 3 
3 53 103 114 127 136 217 236 273 379 758 786 796 883 910 
true
样例数据87
265 35 634 830 232 234 47 597 707 454 515 840 654 731 76 
35 47 76 232 234 265 454 515 597 634 654 707 731 830 840 
true
样例数据88
764 455 932 537 309 443 859 873 480 769 965 422 158 975 683 
158 309 422 443 455 480 537 683 764 769 859 873 932 965 975 
true
样例数据89
329 172 63 650 338 543 85 772 603 398 368 96 475 352 746 
63 85 96 172 329 338 352 368 398 475 543 603 650 746 772 
true
样例数据90
788 474 396 446 987 566 399 517 633 457 87 293 162 156 334 
87 156 162 293 334 396 399 446 457 474 517 566 633 788 987 
true
样例数据91
407 955 165 347 763 33 464 835 554 942 869 85 728 258 542 
33 85 165 258 347 407 464 542 554 728 763 835 869 942 955 
true
样例数据92
450 188 589 986 403 229 778 635 693 859 800 889 87 662 874 
87 188 229 403 450 589 635 662 693 778 800 859 874 889 986 
true
样例数据93
529 220 639 174 285 724 418 547 9 901 452 667 607 983 287 
9 174 220 285 287 418 452 529 547 607 639 667 724 901 983 
true
样例数据94
536 560 108 695 675 144 310 632 863 604 563 806 132 843 252 
108 132 144 252 310 536 560 563 604 632 675 695 806 843 863 
true
样例数据95
321 504 438 651 531 424 70 706 551 836 888 201 111 744 599 
70 111 201 321 424 438 504 531 551 599 651 706 744 836 888 
true
样例数据96
295 66 710 398 602 96 353 64 593 380 861 550 550 13 570 
13 64 66 96 295 353 380 398 550 550 570 593 602 710 861 
true
样例数据97
20 65 736 200 993 488 654 700 58 299 830 784 202 707 638 
20 58 65 200 202 299 488 638 654 700 707 736 784 830 993 
true
样例数据98
864 559 418 83 856 179 70 491 268 646 72 243 808 941 569 
70 72 83 179 243 268 418 491 559 569 646 808 856 864 941 
true
样例数据99
970 918 201 3 993 925 110 29 949 406 646 601 219 898 234 
3 29 110 201 219 234 406 601 646 898 918 925 949 970 993 
true
样例数据0
584 630 400 372 589 232 243 420 374 203 223 381 38 459 972 
38 203 223 232 243 372 374 381 400 420 459 584 589 630 972 
true
样例数据1
163 168 130 267 300 767 223 677 408 64 196 35 934 137 530 
35 64 130 137 163 168 196 223 267 300 408 530 677 767 934 
true
样例数据2
128 28 883 347 683 122 506 772 689 540 13 589 103 299 577 
13 28 103 122 128 299 347 506 540 577 589 683 689 772 883 
true
样例数据3
286 365 766 880 232 550 770 398 334 219 619 172 494 63 270 
63 172 219 232 270 286 334 365 398 494 550 619 766 770 880 
true
样例数据4
862 31 525 757 488 48 46 269 757 107 527 928 399 821 160 
31 46 48 107 160 269 399 488 525 527 757 757 821 862 928 
true
样例数据5
738 323 946 479 714 155 113 690 183 655 874 835 108 182 40 
40 108 113 155 182 183 323 479 655 690 714 738 835 874 946 
true
样例数据6
157 721 190 47 509 480 315 90 485 33 292 73 210 490 9 
9 33 47 73 90 157 190 210 292 315 480 485 490 509 721 
true
样例数据7
582 988 615 304 698 366 874 991 889 475 343 612 839 841 510 
304 343 366 475 510 582 612 615 698 839 841 874 889 988 991 
true
样例数据8
601 909 658 821 987 92 276 418 113 237 603 218 913 138 924 
92 113 138 218 237 276 418 601 603 658 821 909 913 924 987 
true
样例数据9
1 14 93 282 462 574 595 942 634 8 860 791 509 227 265 
1 8 14 93 227 265 282 462 509 574 595 634 791 860 942 
true
样例数据10
465 877 73 954 425 181 874 468 638 190 925 380 772 708 713 
73 181 190 380 425 465 468 638 708 713 772 874 877 925 954 
true
样例数据11
835 99 575 554 637 212 659 31 727 931 119 48 549 103 743 
31 48 99 103 119 212 549 554 575 637 659 727 743 835 931 
true
样例数据12
726 765 839 182 810 651 199 212 47 554 288 456 339 180 869 
47 180 182 199 212 288 339 456 554 651 726 765 810 839 869 
true
样例数据13
586 176 214 729 464 138 715 238 626 577 92 625 756 885 592 
92 138 176 214 238 464 577 586 592 625 626 715 729 756 885 
true
样例数据14
370 136 361 902 303 453 585 948 735 240 845 226 972 877 104 
104 136 226 240 303 361 370 453 585 735 845 877 902 948 972 
true
样例数据15
353 394 986 682 889 188 704 384 923 365 23 806 764 212 93 
23 93 188 212 353 365 384 394 682 704 764 806 889 923 986 
true
样例数据16
19 339 545 795 530 808 285 197 809 880 342 363 866 257 447 
19 197 257 285 339 342 363 447 530 545 795 808 809 866 880 
true
样例数据17
936 695 286 942 262 922 687 446 596 602 937 189 22 146 581 
22 146 189 262 286 446 581 596 602 687 695 922 936 937 942 
true
样例数据18
288 911 244 240 515 606 475 639 677 938 470 428 767 602 280 
240 244 280 288 428 470 475 515 602 606 639 677 767 911 938 
true
样例数据19
369 397 398 436 600 525 436 309 356 245 392 132 520 81 603 
81 132 245 309 356 369 392 397 398 436 436 520 525 600 603 
true
样例数据20
427 18 106 230 542 436 218 979 137 511 139 856 508 843 855 
18 106 137 139 218 230 427 436 508 511 542 843 855 856 979 
true
样例数据21
905 108 928 778 666 163 738 244 478 407 365 915 998 504 157 
108 157 163 244 365 407 478 504 666 738 778 905 915 928 998 
true
样例数据22
942 145 883 503 60 316 732 2 306 551 992 204 11 484 344 
2 11 60 145 204 306 316 344 484 503 551 732 883 942 992 
true
样例数据23
571 721 380 121 336 482 664 313 857 399 753 412 268 854 652 
121 268 313 336 380 399 412 482 571 652 664 721 753 854 857 
true
样例数据24
908 483 87 694 303 761 283 999 282 687 648 758 500 771 449 
87 282 283 303 449 483 500 648 687 694 758 761 771 908 999 
true
样例数据25
42 141 581 698 743 981 127 258 157 737 929 769 657 136 415 
42 127 136 141 157 258 415 581 657 698 737 743 769 929 981 
true
样例数据26
705 14 411 863 817 108 315 290 219 755 109 607 191 4 672 
4 14 108 109 191 219 290 315 411 607 672 705 755 817 863 
true
样例数据27
206 353 996 39 712 38 990 482 648 284 460 647 366 407 2 
2 38 39 206 284 353 366 407 460 482 647 648 712 990 996 
true
样例数据28
206 808 319 63 194 709 359 0 403 824 673 731 952 669 308 
0 63 194 206 308 319 359 403 669 673 709 731 808 824 952 
true
样例数据29
525 657 11 39 616 11 302 904 229 797 736 669 18 288 43 
11 11 18 39 43 229 288 302 525 616 657 669 736 797 904 
true
样例数据30
228 120 307 477 414 179 188 889 254 391 418 678 895 675 615 
120 179 188 228 254 307 391 414 418 477 615 675 678 889 895 
true
样例数据31
886 867 621 203 829 648 578 36 244 900 552 770 857 770 298 
36 203 244 298 552 578 621 648 770 770 829 857 867 886 900 
true
样例数据32
142 141 949 543 99 649 721 431 245 286 1 259 229 432 610 
1 99 141 142 229 245 259 286 431 432 543 610 649 721 949 
true
样例数据33
96 726 838 951 400 26 32 942 29 494 445 943 546 853 721 
26 29 32 96 400 445 494 546 721 726 838 853 942 943 951 
true
样例数据34
485 88 703 551 173 402 418 152 596 174 729 336 205 577 400 
88 152 173 174 205 336 400 402 418 485 551 577 596 703 729 
true
样例数据35
634 911 901 306 376 364 353 762 905 790 5 45 774 541 609 
5 45 306 353 364 376 541 609 634 762 774 790 901 905 911 
true
样例数据36
913 762 804 1 591 342 473 279 803 719 234 85 452 885 981 
1 85 234 279 342 452 473 591 719 762 803 804 885 913 981 
true
样例数据37
365 415 112 904 695 854 353 560 702 470 898 501 655 318 939 
112 318 353 365 415 470 501 560 655 695 702 854 898 904 939 
true
样例数据38
433 951 515 394 305 657 881 382 676 784 771 880 529 687 851 
305 382 394 433 515 529 657 676 687 771 784 851 880 881 951 
true
样例数据39
255 918 283 638 87 715 313 6 660 868 313 427 249 77 110 
6 77 87 110 249 255 283 313 313 427 638 660 715 868 918 
true
样例数据40
620 847 864 353 367 188 338 442 320 131 795 227 302 473 532 
131 188 227 302 320 338 353 367 442 473 532 620 795 847 864 
true
样例数据41
16 281 883 483 118 408 57 458 15 303 111 510 872 469 256 
15 16 57 111 118 256 281 303 408 458 469 483 510 872 883 
true
样例数据42
35 167 979 143 861 500 521 412 265 178 979 240 162 490 16 
16 35 143 162 167 178 240 265 412 490 500 521 861 979 979 
true
样例数据43
549 319 541 963 388 97 828 578 28 403 622 820 684 682 269 
28 97 269 319 388 403 541 549 578 622 682 684 820 828 963 
true
样例数据44
216 445 84 373 800 983 981 226 460 319 332 893 259 617 556 
84 216 226 259 319 332 373 445 460 556 617 800 893 981 983 
true
样例数据45
642 85 376 166 345 748 631 708 640 888 211 160 249 377 95 
85 95 160 166 211 249 345 376 377 631 640 642 708 748 888 
true
样例数据46
699 709 607 811 418 757 902 875 931 704 646 855 949 558 54 
54 418 558 607 646 699 704 709 757 811 855 875 902 931 949 
true
样例数据47
596 725 983 72 310 197 793 480 80 919 469 318 474 767 933 
72 80 197 310 318 469 474 480 596 725 767 793 919 933 983 
true
样例数据48
147 493 406 868 319 415 291 129 9 574 900 666 817 354 10 
9 10 129 147 291 319 354 406 415 493 574 666 817 868 900 
true
样例数据49
641 967 379 826 597 46 699 384 640 587 698 214 528 743 805 
46 214 379 384 528 587 597 640 641 698 699 743 805 826 967 
true
样例数据50
683 373 948 530 934 934 29 411 969 920 733 228 411 732 177 
29 177 228 373 411 411 530 683 732 733 920 934 934 948 969 
true
样例数据51
347 214 99 26 483 735 48 547 660 387 979 561 146 662 358 
26 48 99 146 214 347 358 387 483 547 561 660 662 735 979 
true
样例数据52
216 336 551 397 482 210 488 183 18 372 786 987 823 43 293 
18 43 183 210 216 293 336 372 397 482 488 551 786 823 987 
true
样例数据53
73 748 725 364 167 116 47 631 988 899 883 506 796 559 316 
47 73 116 167 316 364 506 559 631 725 748 796 883 899 988 
true
样例数据54
843 753 845 920 897 546 304 704 128 251 989 751 392 912 274 
128 251 274 304 392 546 704 751 753 843 845 897 912 920 989 
true
样例数据55
725 357 591 653 15 90 609 488 308 919 909 193 374 585 738 
15 90 193 308 357 374 488 585 591 609 653 725 738 909 919 
true
样例数据56
408 307 904 6 650 616 916 839 203 945 576 941 392 871 417 
6 203 307 392 408 417 576 616 650 839 871 904 916 941 945 
true
样例数据57
915 282 918 360 200 631 170 235 582 754 590 490 399 731 456 
170 200 235 282 360 399 456 490 582 590 631 731 754 915 918 
true
样例数据58
508 350 33 500 66 97 963 196 739 905 94 353 919 619 136 
33 66 94 97 136 196 350 353 500 508 619 739 905 919 963 
true
样例数据59
232 256 711 244 12 674 154 263 139 971 418 607 936 604 485 
12 139 154 232 244 256 263 418 485 604 607 674 711 936 971 
true
样例数据60
443 117 760 534 172 827 972 254 563 392 628 291 485 411 839 
117 172 254 291 392 411 443 485 534 563 628 760 827 839 972 
true
样例数据61
247 57 230 912 832 651 872 718 879 232 415 877 687 961 431 
57 230 232 247 415 431 651 687 718 832 872 877 879 912 961 
true
样例数据62
355 117 405 921 871 70 223 971 659 409 303 216 562 489 52 
52 70 117 216 223 303 355 405 409 489 562 659 871 921 971 
true
样例数据63
956 340 551 55 189 159 291 795 129 272 924 712 177 391 468 
55 129 159 177 189 272 291 340 391 468 551 712 795 924 956 
true
样例数据64
942 511 928 689 335 257 342 753 430 177 314 317 227 136 297 
136 177 227 257 297 314 317 335 342 430 511 689 753 928 942 
true
样例数据65
496 432 847 251 45 406 458 264 763 144 561 845 590 969 188 
45 144 188 251 264 406 432 458 496 561 590 763 845 847 969 
true
样例数据66
684 826 530 555 978 878 299 503 689 443 899 393 62 632 603 
62 299 393 443 503 530 555 603 632 684 689 826 878 899 978 
true
样例数据67
452 821 676 828 649 616 614 849 280 575 708 751 93 513 71 
71 93 280 452 513 575 614 616 649 676 708 751 821 828 849 
true
样例数据68
448 343 448 103 991 768 787 392 583 889 260 649 212 854 778 
103 212 260 343 392 448 448 583 649 768 778 787 854 889 991 
true
样例数据69
636 82 993 330 567 596 862 982 663 165 210 727 11 515 545 
11 82 165 210 330 515 545 567 596 636 663 727 862 982 993 
true
样例数据70
983 68 889 83 167 175 499 450 431 523 412 506 996 502 444 
68 83 167 175 412 431 444 450 499 502 506 523 889 983 996 
true
样例数据71
525 579 231 254 714 548 703 477 289 706 90 566 478 654 611 
90 231 254 289 477 478 525 548 566 579 611 654 703 706 714 
true
样例数据72
240 336 19 129 752 53 293 988 417 444 35 67 81 830 603 
19 35 53 67 81 129 240 293 336 417 444 603 752 830 988 
true
样例数据73
270 7 161 156 635 25 507 511 608 450 832 911 99 111 775 
7 25 99 111 156 161 270 450 507 511 608 635 775 832 911 
true
样例数据74
975 193 898 599 922 289 328 570 558 69 366 387 242 988 41 
41 69 193 242 289 328 366 387 558 570 599 898 922 975 988 
true
样例数据75
937 455 78 794 288 618 638 104 968 919 453 463 244 521 760 
78 104 244 288 453 455 463 521 618 638 760 794 919 937 968 
true
样例数据76
774 346 134 88 166 354 408 210 31 444 838 363 125 890 913 
31 88 125 134 166 210 346 354 363 408 444 774 838 890 913 
true
样例数据77
874 687 575 474 234 24 204 289 858 254 373 672 658 672 676 
24 204 234 254 289 373 474 575 658 672 672 676 687 858 874 
true
样例数据78
838 692 805 265 215 773 39 164 672 959 551 857 913 468 146 
39 146 164 215 265 468 551 672 692 773 805 838 857 913 959 
true
样例数据79
895 444 305 712 693 393 452 213 89 956 260 113 319 494 796 
89 113 213 260 305 319 393 444 452 494 693 712 796 895 956 
true
样例数据80
386 634 647 395 937 202 966 763 666 434 335 179 492 580 315 
179 202 315 335 386 395 434 492 580 634 647 666 763 937 966 
true
样例数据81
844 17 180 958 716 256 358 537 410 198 196 783 792 203 104 
17 104 180 196 198 203 256 358 410 537 716 783 792 844 958 
true
样例数据82
389 734 392 971 419 928 182 479 631 678 553 479 312 668 284 
182 284 312 389 392 419 479 479 553 631 668 678 734 928 971 
true
样例数据83
729 536 461 942 453 179 121 627 301 732 544 165 305 263 402 
121 165 179 263 301 305 402 453 461 536 544 627 729 732 942 
true
样例数据84
385 950 721 732 46 242 787 953 575 214 158 59 994 776 584 
46 59 158 214 242 385 575 584 721 732 776 787 950 953 994 
true
样例数据85
332 265 389 212 854 190 135 416 562 4 280 344 289 96 284 
4 96 135 190 212 265 280 284 289 332 344 389 416 562 854 
true
样例数据86
944 589 502 900 942 891 816 548 366 288 410 162 919 69 568 
69 162 288 366 410 502 548 568 589 816 891 900 919 942 944 
true
样例数据87
801 3 208 944 58 19 904 948 550 281 653 824 635 895 625 
3 19 58 208 281 550 625 635 653 801 824 895 904 944 948 
true
样例数据88
915 488 789 447 648 686 240 735 107 341 958 946 521 992 526 
107 240 341 447 488 521 526 648 686 735 789 915 946 958 992 
true
样例数据89
472 568 990 995 452 189 214 306 841 221 206 225 324 907 256 
189 206 214 221 225 256 306 324 452 472 568 841 907 990 995 
true
样例数据90
703 485 752 618 315 67 737 376 780 906 482 952 95 644 656 
67 95 315 376 482 485 618 644 656 703 737 752 780 906 952 
true
样例数据91
450 199 961 685 178 903 204 180 395 379 693 892 906 701 956 
178 180 199 204 379 395 450 685 693 701 892 903 906 956 961 
true
样例数据92
97 236 803 984 517 133 765 252 350 646 916 651 578 314 110 
97 110 133 236 252 314 350 517 578 646 651 765 803 916 984 
true
样例数据93
176 549 661 654 124 731 90 81 964 113 167 771 998 829 839 
81 90 113 124 167 176 549 654 661 731 771 829 839 964 998 
true
样例数据94
600 297 998 260 830 223 277 462 191 136 939 133 5 403 709 
5 133 136 191 223 260 277 297 403 462 600 709 830 939 998 
true
样例数据95
287 102 107 123 246 191 284 974 377 709 952 735 197 623 635 
102 107 123 191 197 246 284 287 377 623 635 709 735 952 974 
true
样例数据96
748 184 910 239 333 747 14 333 949 897 207 153 428 335 724 
14 153 184 207 239 333 333 335 428 724 747 748 897 910 949 
true
样例数据97
872 1 418 92 913 757 880 823 981 155 172 776 516 211 802 
1 92 155 172 211 418 516 757 776 802 823 872 880 913 981 
true
样例数据98
745 893 341 362 949 330 291 148 950 726 40 337 174 36 460 
36 40 148 174 291 330 337 341 362 460 726 745 893 949 950 
true
样例数据99
490 611 709 137 368 844 957 632 495 488 323 60 191 990 580 
60 137 191 323 368 488 490 495 580 611 632 709 844 957 990 
true
样例数据0
113 480 174 194 125 265 214 310 252 701 194 71 922 836 555 
71 113 125 174 194 194 214 252 265 310 480 555 701 836 922 
样例数据1
941 520 233 143 359 170 229 801 757 72 679 551 459 840 590 
72 143 170 229 233 359 459 520 551 590 679 757 801 840 941 
样例数据2
586 603 516 693 499 718 887 185 824 678 91 682 157 523 287 
91 157 185 287 499 516 523 586 603 678 682 693 718 824 887 
样例数据3
355 968 704 700 936 197 513 302 692 232 484 488 492 256 201 
197 201 232 256 302 355 484 488 492 513 692 700 704 936 968 
样例数据4
816 892 360 7 562 387 746 892 96 669 213 472 574 301 485 
7 96 213 301 360 387 472 485 562 574 669 746 816 892 892 
样例数据5
631 835 613 945 289 508 300 983 800 27 466 428 53 805 59 
27 53 59 289 300 428 466 508 613 631 800 805 835 945 983 
样例数据6
296 8 450 93 693 978 245 232 641 96 386 314 713 590 615 
8 93 96 232 245 296 314 386 450 590 615 641 693 713 978 
样例数据7
924 661 958 907 484 755 364 748 447 731 543 941 299 985 566 
299 364 447 484 543 566 661 731 748 755 907 924 941 958 985 
样例数据8
244 462 393 604 97 359 293 281 322 967 698 871 347 3 49 
3 49 97 244 281 293 322 347 359 393 462 604 698 871 967 
样例数据9
982 987 921 393 268 530 861 265 901 15 39 243 994 318 434 
15 39 243 265 268 318 393 434 530 861 901 921 982 987 994 
样例数据10
916 513 582 11 113 233 617 836 803 505 556 92 411 396 454 
11 92 113 233 396 411 454 505 513 556 582 617 803 836 916 
样例数据11
973 872 858 654 386 765 726 229 707 768 71 690 238 685 694 
71 229 238 386 654 685 690 694 707 726 765 768 858 872 973 
样例数据12
148 436 9 395 82 565 50 28 319 713 948 364 377 508 790 
9 28 50 82 148 319 364 377 395 436 508 565 713 790 948 
样例数据13
715 8 620 699 935 380 2 981 823 543 803 68 464 65 586 
2 8 65 68 380 464 543 586 620 699 715 803 823 935 981 
样例数据14
763 838 906 204 851 161 883 936 937 721 565 689 315 983 819 
161 204 315 565 689 721 763 819 838 851 883 906 936 937 983 
样例数据15
193 297 233 332 243 238 410 728 901 173 860 548 577 952 594 
173 193 233 238 243 297 332 410 548 577 594 728 860 901 952 
样例数据16
616 134 675 591 805 488 271 645 412 240 259 931 722 857 733 
134 240 259 271 412 488 591 616 645 675 722 733 805 857 931 
样例数据17
990 231 841 958 362 862 127 284 493 39 496 689 448 496 144 
39 127 144 231 284 362 448 493 496 496 689 841 862 958 990 
样例数据18
392 979 354 543 912 348 655 641 32 836 978 82 426 574 943 
32 82 348 354 392 426 543 574 641 655 836 912 943 978 979 
样例数据19
773 989 884 377 231 211 496 258 260 137 740 685 293 261 87 
87 137 211 231 258 260 261 293 377 496 685 740 773 884 989 
样例数据20
159 677 833 317 564 31 717 889 558 406 595 898 17 632 932 
17 31 159 317 406 558 564 595 632 677 717 833 889 898 932 
样例数据21
959 770 400 848 279 837 854 947 921 293 982 643 589 62 578 
62 279 293 400 578 589 643 770 837 848 854 921 947 959 982 
样例数据22
949 838 534 924 799 533 490 235 408 947 278 409 484 906 60 
60 235 278 408 409 484 490 533 534 799 838 906 924 947 949 
样例数据23
896 652 113 214 247 2 2 102 581 689 265 226 680 915 387 
2 2 102 113 214 226 247 265 387 581 652 680 689 896 915 
样例数据24
509 777 205 992 8 816 885 55 0 88 452 901 777 279 422 
0 8 55 88 205 279 422 452 509 777 777 816 885 901 992 
样例数据25
50 529 221 69 576 591 670 317 424 489 325 851 475 141 414 
50 69 141 221 317 325 414 424 475 489 529 576 591 670 851 
样例数据26
767 986 319 160 177 730 482 878 128 695 90 785 244 484 277 
90 128 160 177 244 277 319 482 484 695 730 767 785 878 986 
样例数据27
412 669 949 298 291 117 241 961 368 376 359 282 3 836 883 
3 117 241 282 291 298 359 368 376 412 669 836 883 949 961 
样例数据28
234 294 635 421 560 106 373 903 598 666 163 377 827 130 518 
106 130 163 234 294 373 377 421 518 560 598 635 666 827 903 
样例数据29
835 413 531 126 918 812 14 879 655 497 50 61 825 989 900 
14 50 61 126 413 497 531 655 812 825 835 879 900 918 989 
样例数据30
40 718 358 906 554 858 452 244 269 956 98 63 299 633 432 
40 63 98 244 269 299 358 432 452 554 633 718 858 906 956 
样例数据31
79 573 991 678 793 156 635 842 58 742 615 866 695 272 683 
58 79 156 272 573 615 635 678 683 695 742 793 842 866 991 
样例数据32
942 611 995 535 460 78 177 563 855 440 630 172 762 666 83 
78 83 172 177 440 460 535 563 611 630 666 762 855 942 995 
样例数据33
299 149 900 253 242 666 257 900 110 498 356 104 36 305 229 
36 104 110 149 229 242 253 257 299 305 356 498 666 900 900 
样例数据34
454 546 656 755 760 339 41 288 355 669 604 844 714 227 472 
41 227 288 339 355 454 472 546 604 656 669 714 755 760 844 
样例数据35
151 840 274 494 126 154 467 495 384 122 940 62 70 592 243 
62 70 122 126 151 154 243 274 384 467 494 495 592 840 940 
样例数据36
832 790 243 144 368 155 517 197 743 986 949 740 72 74 902 
72 74 144 155 197 243 368 517 740 743 790 832 902 949 986 
样例数据37
534 394 601 349 132 406 640 648 731 433 362 897 809 547 294 
132 294 349 362 394 406 433 534 547 601 640 648 731 809 897 
样例数据38
434 702 325 766 578 682 962 52 885 433 668 984 258 181 295 
52 181 258 295 325 433 434 578 668 682 702 766 885 962 984 
样例数据39
168 910 312 99 469 383 491 427 797 419 520 290 291 486 857 
99 168 290 291 312 383 419 427 469 486 491 520 797 857 910 
样例数据40
965 927 329 124 27 835 640 348 850 171 668 796 579 759 327 
27 124 171 327 329 348 579 640 668 759 796 835 850 927 965 
样例数据41
322 717 377 663 325 159 678 849 597 663 923 407 886 496 14 
14 159 322 325 377 407 496 597 663 663 678 717 849 886 923 
样例数据42
636 472 720 213 243 998 215 350 192 993 835 525 806 593 609 
192 213 215 243 350 472 525 593 609 636 720 806 835 993 998 
样例数据43
403 872 311 278 73 163 586 395 177 496 900 655 5 800 976 
5 73 163 177 278 311 395 403 496 586 655 800 872 900 976 
样例数据44
462 159 183 722 367 108 939 915 652 102 750 199 970 332 567 
102 108 159 183 199 332 367 462 567 652 722 750 915 939 970 
样例数据45
525 432 256 488 666 357 397 320 962 938 874 56 253 510 656 
56 253 256 320 357 397 432 488 510 525 656 666 874 938 962 
样例数据46
546 562 688 308 29 787 495 729 421 92 142 301 216 689 355 
29 92 142 216 301 308 355 421 495 546 562 688 689 729 787 
样例数据47
710 891 75 126 537 371 510 583 415 472 386 952 133 412 812 
75 126 133 371 386 412 415 472 510 537 583 710 812 891 952 
样例数据48
642 974 265 337 571 239 647 806 380 910 893 263 41 864 679 
41 239 263 265 337 380 571 642 647 679 806 864 893 910 974 
样例数据49
426 338 230 862 879 199 139 318 775 496 29 521 629 58 189 
29 58 139 189 199 230 318 338 426 496 521 629 775 862 879 
样例数据50
448 85 237 733 273 224 722 845 852 193 834 441 511 15 50 
15 50 85 193 224 237 273 441 448 511 722 733 834 845 852 
样例数据51
707 882 936 531 304 557 542 709 938 405 144 963 34 701 144 
34 144 144 304 405 531 542 557 701 707 709 882 936 938 963 
样例数据52
578 183 737 508 108 943 62 571 921 529 677 766 165 533 991 
62 108 165 183 508 529 533 571 578 677 737 766 921 943 991 
样例数据53
481 964 681 11 669 297 792 498 259 398 265 427 255 46 338 
11 46 255 259 265 297 338 398 427 481 498 669 681 792 964 
样例数据54
74 582 326 518 91 405 203 618 244 415 117 920 353 75 864 
74 75 91 117 203 244 326 353 405 415 518 582 618 864 920 
样例数据55
654 137 840 411 639 38 526 577 675 602 411 69 789 724 398 
38 69 137 398 411 411 526 577 602 639 654 675 724 789 840 
样例数据56
947 169 546 211 378 320 305 419 269 209 191 808 352 662 562 
169 191 209 211 269 305 320 352 378 419 546 562 662 808 947 
样例数据57
818 240 24 521 761 603 376 512 367 423 596 969 17 167 257 
17 24 167 240 257 367 376 423 512 521 596 603 761 818 969 
样例数据58
877 610 727 251 19 68 976 86 527 612 239 776 196 32 504 
19 32 68 86 196 239 251 504 527 610 612 727 776 877 976 
样例数据59
278 844 344 761 416 435 415 17 169 420 860 167 990 163 881 
17 163 167 169 278 344 415 416 420 435 761 844 860 881 990 
样例数据60
126 411 266 839 918 28 119 60 966 687 59 579 581 4 325 
4 28 59 60 119 126 266 325 411 579 581 687 839 918 966 
样例数据61
478 889 821 124 601 63 192 811 78 624 910 919 785 820 511 
63 78 124 192 478 511 601 624 785 811 820 821 889 910 919 
样例数据62
861 584 808 532 374 681 603 521 484 752 279 141 534 627 147 
141 147 279 374 484 521 532 534 584 603 627 681 752 808 861 
样例数据63
127 207 803 733 423 485 161 429 894 654 603 740 467 485 730 
127 161 207 423 429 467 485 485 603 654 730 733 740 803 894 
样例数据64
531 554 761 289 593 803 846 844 644 325 557 395 376 909 726 
289 325 376 395 531 554 557 593 644 726 761 803 844 846 909 
样例数据65
865 805 471 695 949 114 151 612 236 400 541 270 121 34 531 
34 114 121 151 236 270 400 471 531 541 612 695 805 865 949 
样例数据66
873 723 792 28 924 457 75 122 229 348 771 724 525 105 612 
28 75 105 122 229 348 457 525 612 723 724 771 792 873 924 
样例数据67
506 191 177 214 247 511 847 755 954 53 398 36 705 296 437 
36 53 177 191 214 247 296 398 437 506 511 705 755 847 954 
样例数据68
21 282 559 128 887 815 131 723 132 974 528 229 773 778 18 
18 21 128 131 132 229 282 528 559 723 773 778 815 887 974 
样例数据69
823 391 681 885 688 628 555 540 142 701 964 627 11 901 598 
11 142 391 540 555 598 627 628 681 688 701 823 885 901 964 
样例数据70
408 778 369 710 524 660 612 240 200 35 951 338 258 499 957 
35 200 240 258 338 369 408 499 524 612 660 710 778 951 957 
样例数据71
803 103 120 597 862 162 296 297 351 339 981 499 648 251 479 
103 120 162 251 296 297 339 351 479 499 597 648 803 862 981 
样例数据72
630 816 67 996 690 521 796 317 714 172 153 550 712 68 736 
67 68 153 172 317 521 550 630 690 712 714 736 796 816 996 
样例数据73
201 945 363 472 793 682 869 805 110 497 911 230 985 849 155 
110 155 201 230 363 472 497 682 793 805 849 869 911 945 985 
样例数据74
128 557 293 915 59 888 437 936 298 997 662 238 160 840 884 
59 128 160 238 293 298 437 557 662 840 884 888 915 936 997 
样例数据75
477 278 317 147 951 209 61 699 361 184 189 162 24 443 341 
24 61 147 162 184 189 209 278 317 341 361 443 477 699 951 
样例数据76
171 265 598 722 148 532 725 385 933 606 794 57 948 810 803 
57 148 171 265 385 532 598 606 722 725 794 803 810 933 948 
样例数据77
859 350 700 446 577 816 642 222 384 619 270 343 947 774 620 
222 270 343 350 384 446 577 619 620 642 700 774 816 859 947 
样例数据78
772 909 990 589 595 123 608 686 278 852 622 416 618 725 88 
88 123 278 416 589 595 608 618 622 686 725 772 852 909 990 
样例数据79
916 412 173 562 195 639 18 948 919 258 703 783 138 927 859 
18 138 173 195 258 412 562 639 703 783 859 916 919 927 948 
样例数据80
634 25 879 270 476 564 864 658 909 389 208 676 341 818 787 
25 208 270 341 389 476 564 634 658 676 787 818 864 879 909 
样例数据81
798 494 329 961 754 229 727 235 853 234 292 755 829 282 543 
229 234 235 282 292 329 494 543 727 754 755 798 829 853 961 
样例数据82
963 424 682 866 518 723 516 449 451 868 726 621 329 317 509 
317 329 424 449 451 509 516 518 621 682 723 726 866 868 963 
样例数据83
991 196 142 761 299 908 813 322 795 30 964 984 428 396 671 
30 142 196 299 322 396 428 671 761 795 813 908 964 984 991 
样例数据84
936 514 608 496 226 491 703 825 631 178 592 189 336 18 11 
11 18 178 189 226 336 491 496 514 592 608 631 703 825 936 
样例数据85
116 346 892 86 130 942 104 75 730 973 700 885 892 792 212 
75 86 104 116 130 212 346 700 730 792 885 892 892 942 973 
样例数据86
265 720 37 846 98 501 45 936 853 691 491 745 515 313 367 
37 45 98 265 313 367 491 501 515 691 720 745 846 853 936 
样例数据87
280 764 148 712 69 640 637 49 418 232 902 986 782 948 273 
49 69 148 232 273 280 418 637 640 712 764 782 902 948 986 
样例数据88
607 598 62 444 501 456 732 980 105 269 467 725 755 210 302 
62 105 210 269 302 444 456 467 501 598 607 725 732 755 980 
样例数据89
28 743 348 486 546 156 477 388 509 205 799 313 444 590 460 
28 156 205 313 348 388 444 460 477 486 509 546 590 743 799 
样例数据90
262 174 233 520 560 112 381 884 347 890 768 319 903 524 315 
112 174 233 262 315 319 347 381 520 524 560 768 884 890 903 
样例数据91
482 128 754 516 481 583 49 865 361 918 349 312 811 41 57 
41 49 57 128 312 349 361 481 482 516 583 754 811 865 918 
样例数据92
859 211 24 649 649 293 121 871 80 773 466 993 790 593 852 
24 80 121 211 293 466 593 649 649 773 790 852 859 871 993 
样例数据93
739 472 877 435 151 521 754 697 189 899 965 691 128 356 792 
128 151 189 356 435 472 521 691 697 739 754 792 877 899 965 
样例数据94
292 503 920 119 797 661 476 833 758 854 747 376 69 22 873 
22 69 119 292 376 476 503 661 747 758 797 833 854 873 920 
样例数据95
471 277 287 908 647 139 942 179 445 546 707 735 940 678 364 
139 179 277 287 364 445 471 546 647 678 707 735 908 940 942 
样例数据96
606 627 5 493 334 179 914 341 310 968 955 296 792 105 210 
5 105 179 210 296 310 334 341 493 606 627 792 914 955 968 
样例数据97
93 411 589 632 811 310 283 133 349 342 142 893 487 848 67 
67 93 133 142 283 310 342 349 411 487 589 632 811 848 893 
样例数据98
596 515 138 857 642 877 755 772 834 919 147 150 732 161 813 
138 147 150 161 515 596 642 732 755 772 813 834 857 877 919 
样例数据99
331 946 833 330 903 192 620 199 902 268 678 286 151 749 131 
131 151 192 199 268 286 330 331 620 678 749 833 902 903 946 
Tests run: 6, Failures: 0, Errors: 0, Skipped: 0, Time elapsed: 1.003 sec - in algorithm.SortTest

Results :

Tests run: 6, Failures: 0, Errors: 0, Skipped: 0

[INFO] 
[INFO] --- jacoco-maven-plugin:0.8.5:report (report) @ algorithm ---
[INFO] Loading execution data file /tmp/tmpygpix873/algorithm/target/jacoco.exec
[INFO] Analyzed bundle 'algorithm' with 246 classes
[INFO] ------------------------------------------------------------------------
[INFO] BUILD SUCCESS
[INFO] ------------------------------------------------------------------------
[INFO] Total time:  11.654 s
[INFO] Finished at: 2020-07-30T20:06:43Z
[INFO] ------------------------------------------------------------------------
