[INFO] Error stacktraces are turned on.
[INFO] Scanning for projects...
[INFO] 
[INFO] ---< com.lazerycode.selenium:driver-binary-downloader-maven-plugin >----
[INFO] Building Selenium Binary Downloader Maven Plugin DEV-SNAPSHOT
[INFO] ----------------------------[ maven-plugin ]----------------------------
[INFO] 
[INFO] --- maven-enforcer-plugin:1.0:enforce (enforce-maven) @ driver-binary-downloader-maven-plugin ---
[INFO] 
[INFO] --- jacoco-maven-plugin:0.8.5:prepare-agent (default) @ driver-binary-downloader-maven-plugin ---
[INFO] argLine set to -javaagent:/home/jdbl/.m2/repository/org/jacoco/org.jacoco.agent/0.8.5/org.jacoco.agent-0.8.5-runtime.jar=destfile=/tmp/tmpahmu7fw6/driver-binary-downloader-maven-plugin/target/jacoco.exec
[INFO] 
[INFO] --- maven-plugin-plugin:3.6.0:helpmojo (help-goal) @ driver-binary-downloader-maven-plugin ---
[INFO] Using 'UTF-8' encoding to read mojo source files.
[INFO] java-javadoc mojo extractor found 0 mojo descriptor.
[INFO] java-annotations mojo extractor found 0 mojo descriptor.
[INFO] 
[INFO] --- maven-resources-plugin:2.6:resources (default-resources) @ driver-binary-downloader-maven-plugin ---
[INFO] Using 'UTF-8' encoding to copy filtered resources.
[INFO] Copying 2 resources
[INFO] 
[INFO] --- maven-compiler-plugin:3.8.1:compile (default-compile) @ driver-binary-downloader-maven-plugin ---
[INFO] Changes detected - recompiling the module!
[INFO] Compiling 23 source files to /tmp/tmpahmu7fw6/driver-binary-downloader-maven-plugin/target/classes
[INFO] /tmp/tmpahmu7fw6/driver-binary-downloader-maven-plugin/src/main/java/com/lazerycode/selenium/download/FileHashChecker.java: /tmp/tmpahmu7fw6/driver-binary-downloader-maven-plugin/src/main/java/com/lazerycode/selenium/download/FileHashChecker.java uses or overrides a deprecated API.
[INFO] /tmp/tmpahmu7fw6/driver-binary-downloader-maven-plugin/src/main/java/com/lazerycode/selenium/download/FileHashChecker.java: Recompile with -Xlint:deprecation for details.
[INFO] 
[INFO] --- maven-plugin-plugin:3.6.0:descriptor (default-descriptor) @ driver-binary-downloader-maven-plugin ---
[INFO] Using 'UTF-8' encoding to read mojo source files.
[INFO] java-javadoc mojo extractor found 0 mojo descriptor.
[INFO] java-annotations mojo extractor found 2 mojo descriptors.
[INFO] 
[INFO] --- maven-plugin-plugin:3.6.0:descriptor (mojo-descriptor) @ driver-binary-downloader-maven-plugin ---
[INFO] Using 'UTF-8' encoding to read mojo source files.
[INFO] java-javadoc mojo extractor found 0 mojo descriptor.
[INFO] java-annotations mojo extractor found 2 mojo descriptors.
[INFO] 
[INFO] --- maven-resources-plugin:2.6:testResources (default-testResources) @ driver-binary-downloader-maven-plugin ---
[INFO] Using 'UTF-8' encoding to copy filtered resources.
[INFO] Copying 15 resources
[INFO] 
[INFO] --- maven-compiler-plugin:3.8.1:testCompile (default-testCompile) @ driver-binary-downloader-maven-plugin ---
[INFO] Changes detected - recompiling the module!
[INFO] Compiling 15 source files to /tmp/tmpahmu7fw6/driver-binary-downloader-maven-plugin/target/test-classes
[INFO] /tmp/tmpahmu7fw6/driver-binary-downloader-maven-plugin/src/test/java/com/lazerycode/selenium/repository/FileRepositoryTest.java: Some input files use or override a deprecated API.
[INFO] /tmp/tmpahmu7fw6/driver-binary-downloader-maven-plugin/src/test/java/com/lazerycode/selenium/repository/FileRepositoryTest.java: Recompile with -Xlint:deprecation for details.
[INFO] /tmp/tmpahmu7fw6/driver-binary-downloader-maven-plugin/src/test/java/com/lazerycode/selenium/repository/DriverMapTest.java: /tmp/tmpahmu7fw6/driver-binary-downloader-maven-plugin/src/test/java/com/lazerycode/selenium/repository/DriverMapTest.java uses unchecked or unsafe operations.
[INFO] /tmp/tmpahmu7fw6/driver-binary-downloader-maven-plugin/src/test/java/com/lazerycode/selenium/repository/DriverMapTest.java: Recompile with -Xlint:unchecked for details.
[INFO] 
[INFO] --- maven-surefire-plugin:2.19.1:test (default-test) @ driver-binary-downloader-maven-plugin ---
[INFO] Surefire report directory: /tmp/tmpahmu7fw6/driver-binary-downloader-maven-plugin/target/surefire-reports

-------------------------------------------------------
 T E S T S
-------------------------------------------------------
Running com.lazerycode.selenium.SeleniumServerMojoTest
Tests run: 1, Failures: 0, Errors: 0, Skipped: 1, Time elapsed: 0.118 sec - in com.lazerycode.selenium.SeleniumServerMojoTest
Running com.lazerycode.selenium.repository.BinaryTypeTest
Tests run: 3, Failures: 0, Errors: 0, Skipped: 0, Time elapsed: 0.003 sec - in com.lazerycode.selenium.repository.BinaryTypeTest
Running com.lazerycode.selenium.repository.DriverMapTest
Tests run: 10, Failures: 0, Errors: 0, Skipped: 0, Time elapsed: 0.026 sec - in com.lazerycode.selenium.repository.DriverMapTest
Running com.lazerycode.selenium.repository.DriverContextTest
Tests run: 3, Failures: 0, Errors: 0, Skipped: 0, Time elapsed: 0 sec - in com.lazerycode.selenium.repository.DriverContextTest
Running com.lazerycode.selenium.repository.OperatingSystemTest
Tests run: 4, Failures: 0, Errors: 0, Skipped: 0, Time elapsed: 0.001 sec - in com.lazerycode.selenium.repository.OperatingSystemTest
Running com.lazerycode.selenium.repository.SystemArchitectureTest
Tests run: 4, Failures: 0, Errors: 0, Skipped: 0, Time elapsed: 0.001 sec - in com.lazerycode.selenium.repository.SystemArchitectureTest
Running com.lazerycode.selenium.repository.FileRepositoryTest
Tests run: 5, Failures: 0, Errors: 0, Skipped: 0, Time elapsed: 0.522 sec - in com.lazerycode.selenium.repository.FileRepositoryTest
Running com.lazerycode.selenium.repository.XMLParserTest
Tests run: 12, Failures: 0, Errors: 0, Skipped: 0, Time elapsed: 0.03 sec - in com.lazerycode.selenium.repository.XMLParserTest
Running com.lazerycode.selenium.extract.CompressedFileTest
Tests run: 12, Failures: 0, Errors: 0, Skipped: 0, Time elapsed: 0.105 sec - in com.lazerycode.selenium.extract.CompressedFileTest
Running com.lazerycode.selenium.extract.FileExtractorTest
INFO  FileExtractor - Extracting binary 'phantomjs'...
INFO  FileExtractor - Binary copied to /tmp/45f52452-2050-4dce-8af1-65c7594735b6/phantomjs
INFO  FileExtractor - Extracting binary 'phantomjs'...
INFO  FileExtractor - Binary copied to /tmp/9c9ca023-9986-4fee-b9ff-69e3dd49ce50/phantomjs
INFO  FileExtractor - Extracting binary 'FirefoxPortable/App/Firefox/firefox'...
INFO  FileExtractor - Binary copied to /tmp/c6be2621-a169-4571-9480-bc08ca59a471/FirefoxPortable/App/Firefox/firefox
INFO  FileExtractor - Extracting binary 'FirefoxPortable/FirefoxPortable.txt'...
INFO  FileExtractor - Binary copied to /tmp/c6be2621-a169-4571-9480-bc08ca59a471/FirefoxPortable/FirefoxPortable.txt
INFO  FileExtractor - Extracting binary 'FirefoxPortable/help.html'...
INFO  FileExtractor - Binary copied to /tmp/c6be2621-a169-4571-9480-bc08ca59a471/FirefoxPortable/help.html
INFO  FileExtractor - Extracting binary 'MicrosoftWebDriver.exe'...
INFO  FileExtractor - Binary copied to /tmp/f394a8b3-4897-4842-93fb-c08bb80a7ae0/MicrosoftWebDriver.exe
INFO  FileExtractor - Extracting binary 'phantomjs'...
INFO  FileExtractor - Binary copied to /tmp/8b661753-03f4-4598-aa4c-6826583002cc/phantomjs
INFO  FileExtractor - Extracting binary 'phantomjs'...
INFO  FileExtractor - Binary copied to /tmp/5c3932ad-4519-4fd3-b5d1-813e25fc829b/phantomjs
INFO  FileExtractor - Binary 'phantomjs' exists: true
INFO  FileExtractor - Using existing 'phantomjs 'binary.
INFO  FileExtractor - Extracting binary 'phantomjs'...
INFO  FileExtractor - Binary copied to /tmp/0a7c7399-f669-403d-a9a1-6ec88683a814/phantomjs
INFO  FileExtractor - Binary 'phantomjs' exists: true
INFO  FileExtractor - Using existing 'phantomjs 'binary.
INFO  FileExtractor - Extracting binary 'phantomjs'...
INFO  FileExtractor - Binary copied to /tmp/f6c158d3-8eee-405d-9748-66da1303838b/phantomjs
INFO  FileExtractor - Extracting binary 'FirefoxPortable/App/Firefox/firefox.exe'...
INFO  FileExtractor - Binary copied to /tmp/081d9a65-1bd4-4cd2-abf2-942d5f015fed/FirefoxPortable/App/Firefox/firefox.exe
INFO  FileExtractor - Extracting binary 'FirefoxPortable/FirefoxPortable.txt'...
INFO  FileExtractor - Binary copied to /tmp/081d9a65-1bd4-4cd2-abf2-942d5f015fed/FirefoxPortable/FirefoxPortable.txt
INFO  FileExtractor - Extracting binary 'FirefoxPortable/help.html'...
INFO  FileExtractor - Binary copied to /tmp/081d9a65-1bd4-4cd2-abf2-942d5f015fed/FirefoxPortable/help.html
INFO  FileExtractor - Extracting binary 'phantomjs'...
INFO  FileExtractor - Binary copied to /tmp/08f7ade5-2f43-41bd-b608-3ea94fa37797/phantomjs
INFO  FileExtractor - Extracting binary 'phantomjs'...
INFO  FileExtractor - Binary copied to /tmp/08f7ade5-2f43-41bd-b608-3ea94fa37797/phantomjs
INFO  FileExtractor - Extracting binary 'phantomjs'...
INFO  FileExtractor - Binary copied to /tmp/ec65a349-2f06-4a05-a155-d63a9edbe30e/phantomjs
INFO  FileExtractor - Extracting binary 'phantomjs'...
INFO  FileExtractor - Binary copied to /tmp/ec65a349-2f06-4a05-a155-d63a9edbe30e/phantomjs
INFO  FileExtractor - Extracting binary 'phantomjs'...
INFO  FileExtractor - Binary copied to /tmp/981efac1-3e64-4eb4-9677-7f2603c892ef/phantomjs
INFO  FileExtractor - Extracting binary 'phantomjs'...
INFO  FileExtractor - Binary copied to /tmp/30a649af-679c-4660-81d0-5f22cd3dfae4/phantomjs
Tests run: 15, Failures: 0, Errors: 0, Skipped: 0, Time elapsed: 4.256 sec - in com.lazerycode.selenium.extract.FileExtractorTest
Running com.lazerycode.selenium.hash.HashTypeAdaptorTest
Tests run: 4, Failures: 0, Errors: 0, Skipped: 0, Time elapsed: 0 sec - in com.lazerycode.selenium.hash.HashTypeAdaptorTest
Running com.lazerycode.selenium.download.DetectProxyConfigTest
Tests run: 4, Failures: 0, Errors: 0, Skipped: 0, Time elapsed: 0.02 sec - in com.lazerycode.selenium.download.DetectProxyConfigTest
Running com.lazerycode.selenium.download.DownloadHandlerTest
SLF4J: Failed to load class "org.slf4j.impl.StaticLoggerBinder".
SLF4J: Defaulting to no-operation (NOP) logger implementation
SLF4J: See http://www.slf4j.org/codes.html#StaticLoggerBinder for further details.
INFO  FileDownloader - Downloading  'download.zip'...
ERROR FileHashChecker - File : 'download.zip'.
ERROR FileHashChecker - Expected file hash : 'invalidHash'.
ERROR FileHashChecker - Actual file hash   : '8604c05969a0eefa0edf0d71ae809310832afdc7'.
INFO  DownloadHandler - Archive file 'download.zip' is valid : false
INFO  DownloadHandler - Problem downloading 'download.zip'... 
INFO  DownloadHandler - Archives will be downloaded to '/tmp/download_test_file_dir'
INFO  DownloadHandler - Standalone executable files will be extracted to '/tmp/server_test_file_dir'
INFO  DownloadHandler -  
INFO  DownloadHandler - Preparing to download Selenium Standalone Executable Binaries...
INFO  FileDownloader - Downloading  'download.zip'...
INFO  DownloadHandler - Archive file 'download.zip' is valid : true
INFO  FileExtractor - Extracting binary 'phantomjs'...
INFO  FileExtractor - Binary copied to /tmp/server_test_file_dir/osx/phantomjs/64bit/phantomjs
INFO  DownloadHandler - Archives will be downloaded to '/tmp/download_test_file_dir'
INFO  DownloadHandler - Standalone executable files will be extracted to '/tmp/server_test_file_dir'
INFO  DownloadHandler -  
INFO  DownloadHandler - Preparing to download Selenium Standalone Executable Binaries...
INFO  FileExtractor - Extracting binary 'phantomjs'...
INFO  FileExtractor - Binary copied to /tmp/server_test_file_dir/osx/phantomjs/64bit/phantomjs
INFO  FileDownloader - Downloading  'download.zip'...
ERROR FileHashChecker - File : 'download.zip'.
ERROR FileHashChecker - Expected file hash : ''.
ERROR FileHashChecker - Actual file hash   : '8604c05969a0eefa0edf0d71ae809310832afdc7'.
INFO  DownloadHandler - Archive file 'download.zip' is valid : false
INFO  DownloadHandler - Problem downloading 'download.zip'... 
INFO  FileDownloader - Downloading  'download.zip'...
INFO  DownloadHandler - Archive file 'download.zip' is valid : true
INFO  DownloadHandler - Archives will be downloaded to '/tmp/download_test_file_dir'
INFO  DownloadHandler - Standalone executable files will be extracted to '/tmp/server_test_file_dir'
INFO  DownloadHandler -  
INFO  DownloadHandler - Preparing to download Selenium Standalone Executable Binaries...
INFO  FileDownloader - Downloading  'download.zip'...
INFO  DownloadHandler - Archives will be downloaded to '/tmp/download_test_file_dir'
INFO  DownloadHandler - Standalone executable files will be extracted to '/tmp/server_test_file_dir'
INFO  DownloadHandler -  
INFO  DownloadHandler - Preparing to download Selenium Standalone Executable Binaries...
INFO  FileDownloader - Downloading  'download.zip'...
INFO  DownloadHandler - Archive file 'download.zip' is valid : true
INFO  FileExtractor - Extracting binary 'phantomjs'...
INFO  FileExtractor - Binary copied to /tmp/server_test_file_dir/osx/phantomjs/64bit/phantomjs
INFO  FileDownloader - Downloading  'download.zip'...
ERROR FileHashChecker - File : 'download.zip'.
ERROR FileHashChecker - Expected file hash : '8604c05969a0eefa0edf0d71ae809310832afdc7'.
ERROR FileHashChecker - Actual file hash   : '9c54c25a98db0658718f71132440ffa8fa4c4826'.
INFO  DownloadHandler - Archive file 'download.zip' is valid : false
INFO  DownloadHandler - Problem downloading 'download.zip'... 
INFO  DownloadHandler - Retry attempt 1 for 'download.zip'
INFO  FileDownloader - Downloading  'download.zip'...
ERROR FileHashChecker - File : 'download.zip'.
ERROR FileHashChecker - Expected file hash : '8604c05969a0eefa0edf0d71ae809310832afdc7'.
ERROR FileHashChecker - Actual file hash   : '9c54c25a98db0658718f71132440ffa8fa4c4826'.
INFO  DownloadHandler - Archive file 'download.zip' is valid : false
INFO  DownloadHandler - Problem downloading 'download.zip'... 
INFO  DownloadHandler - Retry attempt 2 for 'download.zip'
INFO  FileDownloader - Downloading  'download.zip'...
ERROR FileHashChecker - File : 'download.zip'.
ERROR FileHashChecker - Expected file hash : '8604c05969a0eefa0edf0d71ae809310832afdc7'.
ERROR FileHashChecker - Actual file hash   : '9c54c25a98db0658718f71132440ffa8fa4c4826'.
INFO  DownloadHandler - Archive file 'download.zip' is valid : false
INFO  DownloadHandler - Problem downloading 'download.zip'... 
Tests run: 9, Failures: 0, Errors: 0, Skipped: 1, Time elapsed: 2.846 sec - in com.lazerycode.selenium.download.DownloadHandlerTest
Running com.lazerycode.selenium.download.FileHashCheckerTest
Tests run: 3, Failures: 0, Errors: 0, Skipped: 0, Time elapsed: 0.004 sec - in com.lazerycode.selenium.download.FileHashCheckerTest

Results :

Tests run: 89, Failures: 0, Errors: 0, Skipped: 2

[INFO] 
[INFO] --- jacoco-maven-plugin:0.8.5:report (report) @ driver-binary-downloader-maven-plugin ---
[INFO] Loading execution data file /tmp/tmpahmu7fw6/driver-binary-downloader-maven-plugin/target/jacoco.exec
[INFO] Analyzed bundle 'Selenium Binary Downloader Maven Plugin' with 144 classes
[INFO] ------------------------------------------------------------------------
[INFO] BUILD SUCCESS
[INFO] ------------------------------------------------------------------------
[INFO] Total time:  27.211 s
[INFO] Finished at: 2020-07-30T21:55:22Z
[INFO] ------------------------------------------------------------------------
