[INFO] Error stacktraces are turned on.
[INFO] Scanning for projects...
[INFO] Inspecting build with total of 1 modules...
[INFO] Installing Nexus Staging features:
[INFO]   ... total of 1 executions of maven-deploy-plugin replaced with nexus-staging-maven-plugin
[INFO] 
[INFO] ---------------------< com.orangereading:stardict >---------------------
[INFO] Building StarDict 0.2.2
[INFO] --------------------------------[ jar ]---------------------------------
[INFO] 
[INFO] --- jacoco-maven-plugin:0.8.5:prepare-agent (default) @ stardict ---
[INFO] argLine set to -javaagent:/home/jdbl/.m2/repository/org/jacoco/org.jacoco.agent/0.8.5/org.jacoco.agent-0.8.5-runtime.jar=destfile=/tmp/tmpd_pkps3k/stardict/target/jacoco.exec
[INFO] 
[INFO] --- maven-resources-plugin:2.6:resources (default-resources) @ stardict ---
[INFO] Using 'UTF-8' encoding to copy filtered resources.
[INFO] Copying 1 resource
[INFO] 
[INFO] --- maven-compiler-plugin:3.1:compile (default-compile) @ stardict ---
[INFO] Changes detected - recompiling the module!
[INFO] Compiling 38 source files to /tmp/tmpd_pkps3k/stardict/target/classes
[INFO] 
[INFO] --- maven-resources-plugin:2.6:testResources (default-testResources) @ stardict ---
[INFO] Using 'UTF-8' encoding to copy filtered resources.
[INFO] Copying 1 resource
[INFO] 
[INFO] --- maven-compiler-plugin:3.1:testCompile (default-testCompile) @ stardict ---
[INFO] Changes detected - recompiling the module!
[INFO] Compiling 8 source files to /tmp/tmpd_pkps3k/stardict/target/test-classes
[INFO] 
[INFO] --- maven-surefire-plugin:2.19.1:test (default-test) @ stardict ---
[INFO] Surefire report directory: /tmp/tmpd_pkps3k/stardict/target/surefire-reports

-------------------------------------------------------
 T E S T S
-------------------------------------------------------
Running com.orangereading.stardict.io.RandomAccessFileDictionaryDataReaderTest
Tests run: 1, Failures: 0, Errors: 0, Skipped: 0, Time elapsed: 1.294 sec - in com.orangereading.stardict.io.RandomAccessFileDictionaryDataReaderTest
Running com.orangereading.stardict.io.DictionaryInfoReaderTest
Tests run: 1, Failures: 0, Errors: 0, Skipped: 0, Time elapsed: 0.066 sec - in com.orangereading.stardict.io.DictionaryInfoReaderTest
Running com.orangereading.stardict.io.DictionarySynonymsIndexReaderTest
Tests run: 3, Failures: 0, Errors: 0, Skipped: 0, Time elapsed: 0.003 sec - in com.orangereading.stardict.io.DictionarySynonymsIndexReaderTest
Running com.orangereading.stardict.io.InputStreamDictionaryIndexReaderTest
Tests run: 4, Failures: 0, Errors: 0, Skipped: 0, Time elapsed: 0.005 sec - in com.orangereading.stardict.io.InputStreamDictionaryIndexReaderTest
Running com.orangereading.stardict.io.MemoryMappedInputStreamDictionaryDataReaderTest
Tests run: 1, Failures: 0, Errors: 0, Skipped: 0, Time elapsed: 0.002 sec - in com.orangereading.stardict.io.MemoryMappedInputStreamDictionaryDataReaderTest
Running com.orangereading.stardict.parser.PlainDictionaryParserTest
Tests run: 1, Failures: 0, Errors: 0, Skipped: 0, Time elapsed: 0.001 sec - in com.orangereading.stardict.parser.PlainDictionaryParserTest
Running com.orangereading.stardict.parser.SameTypeSequenceDictionaryParserTest
Tests run: 1, Failures: 0, Errors: 0, Skipped: 0, Time elapsed: 0.001 sec - in com.orangereading.stardict.parser.SameTypeSequenceDictionaryParserTest
Running com.orangereading.stardict.parser.DictionaryParserTest
Tests run: 2, Failures: 0, Errors: 0, Skipped: 0, Time elapsed: 0.001 sec - in com.orangereading.stardict.parser.DictionaryParserTest

Results :

Tests run: 14, Failures: 0, Errors: 0, Skipped: 0

[INFO] 
[INFO] --- jacoco-maven-plugin:0.8.5:report (report) @ stardict ---
[INFO] Loading execution data file /tmp/tmpd_pkps3k/stardict/target/jacoco.exec
[INFO] Analyzed bundle 'StarDict' with 2535 classes
[INFO] ------------------------------------------------------------------------
[INFO] BUILD SUCCESS
[INFO] ------------------------------------------------------------------------
[INFO] Total time:  35.060 s
[INFO] Finished at: 2020-07-30T20:49:27Z
[INFO] ------------------------------------------------------------------------
