[INFO] Error stacktraces are turned on.
[INFO] Scanning for projects...
[WARNING] 
[WARNING] Some problems were encountered while building the effective model for alexp.blog:blog:war:1.0-SNAPSHOT
[WARNING] 'build.plugins.plugin.(groupId:artifactId)' must be unique but found duplicate declaration of plugin org.apache.maven.plugins:maven-surefire-plugin @ line 207, column 15
[WARNING] 
[WARNING] It is highly recommended to fix these problems because they threaten the stability of your build.
[WARNING] 
[WARNING] For this reason, future Maven versions might no longer support building such malformed projects.
[WARNING] 
[INFO] 
[INFO] --------------------------< alexp.blog:blog >---------------------------
[INFO] Building blog 1.0-SNAPSHOT
[INFO] --------------------------------[ war ]---------------------------------
[INFO] 
[INFO] --- jacoco-maven-plugin:0.8.5:prepare-agent (default) @ blog ---
[INFO] argLine set to -javaagent:/home/jdbl/.m2/repository/org/jacoco/org.jacoco.agent/0.8.5/org.jacoco.agent-0.8.5-runtime.jar=destfile=/tmp/tmppqjqrblh/JavaSpringMvcBlog/target/jacoco.exec
[INFO] 
[INFO] --- maven-resources-plugin:2.6:resources (default-resources) @ blog ---
[INFO] Using 'UTF-8' encoding to copy filtered resources.
[INFO] Copying 10 resources
[INFO] 
[INFO] --- maven-compiler-plugin:3.1:compile (default-compile) @ blog ---
[INFO] Changes detected - recompiling the module!
[INFO] Compiling 43 source files to /tmp/tmppqjqrblh/JavaSpringMvcBlog/target/classes
[INFO] 
[INFO] --- maven-resources-plugin:2.6:testResources (default-testResources) @ blog ---
[INFO] Using 'UTF-8' encoding to copy filtered resources.
[INFO] Copying 20 resources
[INFO] 
[INFO] --- maven-compiler-plugin:3.1:testCompile (default-testCompile) @ blog ---
[INFO] Changes detected - recompiling the module!
[INFO] Compiling 15 source files to /tmp/tmppqjqrblh/JavaSpringMvcBlog/target/test-classes
[WARNING] /tmp/tmppqjqrblh/JavaSpringMvcBlog/src/test/java/alexp/blog/controller/PostsControllerIT.java: /tmp/tmppqjqrblh/JavaSpringMvcBlog/src/test/java/alexp/blog/controller/PostsControllerIT.java uses unchecked or unsafe operations.
[WARNING] /tmp/tmppqjqrblh/JavaSpringMvcBlog/src/test/java/alexp/blog/controller/PostsControllerIT.java: Recompile with -Xlint:unchecked for details.
[INFO] 
[INFO] --- maven-surefire-plugin:2.19.1:test (default-test) @ blog ---
[INFO] Surefire report directory: /tmp/tmppqjqrblh/JavaSpringMvcBlog/target/surefire-reports

-------------------------------------------------------
 T E S T S
-------------------------------------------------------
Running alexp.blog.model.UserTest
Tests run: 1, Failures: 0, Errors: 0, Skipped: 0, Time elapsed: 0.071 sec - in alexp.blog.model.UserTest
Running alexp.blog.model.CommentTest
Tests run: 3, Failures: 0, Errors: 0, Skipped: 0, Time elapsed: 0.001 sec - in alexp.blog.model.CommentTest
Running alexp.blog.model.PostTest
Tests run: 4, Failures: 0, Errors: 0, Skipped: 0, Time elapsed: 0.01 sec - in alexp.blog.model.PostTest
Running alexp.blog.service.PostServiceTest
Tests run: 16, Failures: 0, Errors: 0, Skipped: 0, Time elapsed: 0.275 sec - in alexp.blog.service.PostServiceTest
Running alexp.blog.service.MarkdownConverterTest
Tests run: 3, Failures: 0, Errors: 0, Skipped: 0, Time elapsed: 0.105 sec - in alexp.blog.service.MarkdownConverterTest
Running alexp.blog.service.CommentServiceTest
Tests run: 6, Failures: 0, Errors: 0, Skipped: 0, Time elapsed: 0.023 sec - in alexp.blog.service.CommentServiceTest
Running alexp.blog.service.UserServiceTest
Tests run: 8, Failures: 0, Errors: 0, Skipped: 0, Time elapsed: 0.036 sec - in alexp.blog.service.UserServiceTest

Results :

Tests run: 41, Failures: 0, Errors: 0, Skipped: 0

[INFO] 
[INFO] --- jacoco-maven-plugin:0.8.5:report (report) @ blog ---
[INFO] Loading execution data file /tmp/tmppqjqrblh/JavaSpringMvcBlog/target/jacoco.exec
[INFO] Analyzed bundle 'blog' with 244 classes
[INFO] ------------------------------------------------------------------------
[INFO] BUILD SUCCESS
[INFO] ------------------------------------------------------------------------
[INFO] Total time:  9.309 s
[INFO] Finished at: 2020-07-30T18:55:48Z
[INFO] ------------------------------------------------------------------------
