[INFO] Error stacktraces are turned on.
[INFO] Scanning for projects...
[INFO] 
[INFO] ----------------< cn.saymagic.weixin.server:wx_server >-----------------
[INFO] Building wx_server 0.0.1-SNAPSHOT
[INFO] --------------------------------[ war ]---------------------------------
[INFO] 
[INFO] --- jacoco-maven-plugin:0.8.5:prepare-agent (default) @ wx_server ---
[INFO] argLine set to -javaagent:/home/jdbl/.m2/repository/org/jacoco/org.jacoco.agent/0.8.5/org.jacoco.agent-0.8.5-runtime.jar=destfile=/tmp/tmpg6u31vbd/Swordfish/webapp/target/jacoco.exec
[INFO] 
[INFO] --- maven-resources-plugin:2.6:resources (default-resources) @ wx_server ---
[INFO] Using 'UTF-8' encoding to copy filtered resources.
[INFO] skip non existing resourceDirectory /tmp/tmpg6u31vbd/Swordfish/webapp/src/main/resources
[INFO] 
[INFO] --- maven-compiler-plugin:3.1:compile (default-compile) @ wx_server ---
[INFO] Changes detected - recompiling the module!
[INFO] Compiling 15 source files to /tmp/tmpg6u31vbd/Swordfish/webapp/target/classes
[WARNING] /tmp/tmpg6u31vbd/Swordfish/webapp/src/main/java/cn/saymagic/weixin/server/WxApiServlet.java: /tmp/tmpg6u31vbd/Swordfish/webapp/src/main/java/cn/saymagic/weixin/server/WxApiServlet.java uses unchecked or unsafe operations.
[WARNING] /tmp/tmpg6u31vbd/Swordfish/webapp/src/main/java/cn/saymagic/weixin/server/WxApiServlet.java: Recompile with -Xlint:unchecked for details.
[INFO] 
[INFO] --- maven-resources-plugin:2.6:testResources (default-testResources) @ wx_server ---
[INFO] Using 'UTF-8' encoding to copy filtered resources.
[INFO] skip non existing resourceDirectory /tmp/tmpg6u31vbd/Swordfish/webapp/src/test/resources
[INFO] 
[INFO] --- maven-compiler-plugin:3.1:testCompile (default-testCompile) @ wx_server ---
[INFO] Changes detected - recompiling the module!
[INFO] Compiling 1 source file to /tmp/tmpg6u31vbd/Swordfish/webapp/target/test-classes
[INFO] 
[INFO] --- maven-surefire-plugin:2.19.1:test (default-test) @ wx_server ---
[INFO] Surefire report directory: /tmp/tmpg6u31vbd/Swordfish/webapp/target/surefire-reports

-------------------------------------------------------
 T E S T S
-------------------------------------------------------
Running cn.saymagic.weixin.server.TestTuling
Tests run: 1, Failures: 0, Errors: 0, Skipped: 0, Time elapsed: 0.001 sec - in cn.saymagic.weixin.server.TestTuling

Results :

Tests run: 1, Failures: 0, Errors: 0, Skipped: 0

[INFO] 
[INFO] --- jacoco-maven-plugin:0.8.5:report (report) @ wx_server ---
[INFO] Loading execution data file /tmp/tmpg6u31vbd/Swordfish/webapp/target/jacoco.exec
[INFO] Analyzed bundle 'wx_server' with 192 classes
[INFO] ------------------------------------------------------------------------
[INFO] BUILD SUCCESS
[INFO] ------------------------------------------------------------------------
[INFO] Total time:  7.758 s
[INFO] Finished at: 2020-07-31T08:46:55Z
[INFO] ------------------------------------------------------------------------
