[INFO] Error stacktraces are turned on.
[INFO] Scanning for projects...
[INFO] 
[INFO] -------------------< at.favre.tools:uber-adb-tools >--------------------
[INFO] Building uber-adb-tools 1.0.3
[INFO] --------------------------------[ jar ]---------------------------------
[INFO] 
[INFO] --- maven-enforcer-plugin:3.0.0-M3:enforce (enforce-maven) @ uber-adb-tools ---
[INFO] 
[INFO] --- jacoco-maven-plugin:0.8.5:prepare-agent (prepare-agent) @ uber-adb-tools ---
[INFO] argLine set to -javaagent:/home/jdbl/.m2/repository/org/jacoco/org.jacoco.agent/0.8.5/org.jacoco.agent-0.8.5-runtime.jar=destfile=/tmp/tmp8qfmfkye/uber-adb-tools/target/jacoco.exec
[INFO] 
[INFO] --- jacoco-maven-plugin:0.8.5:prepare-agent (default) @ uber-adb-tools ---
[INFO] argLine set to -javaagent:/home/jdbl/.m2/repository/org/jacoco/org.jacoco.agent/0.8.5/org.jacoco.agent-0.8.5-runtime.jar=destfile=/tmp/tmp8qfmfkye/uber-adb-tools/target/jacoco.exec
[INFO] 
[INFO] --- maven-resources-plugin:2.6:resources (default-resources) @ uber-adb-tools ---
[INFO] Using 'UTF-8' encoding to copy filtered resources.
[INFO] skip non existing resourceDirectory /tmp/tmp8qfmfkye/uber-adb-tools/src/main/resources
[INFO] 
[INFO] --- maven-compiler-plugin:3.8.1:compile (default-compile) @ uber-adb-tools ---
[INFO] Changes detected - recompiling the module!
[INFO] Compiling 20 source files to /tmp/tmp8qfmfkye/uber-adb-tools/target/classes
[INFO] 
[INFO] --- maven-resources-plugin:2.6:testResources (default-testResources) @ uber-adb-tools ---
[INFO] Using 'UTF-8' encoding to copy filtered resources.
[INFO] Copying 9 resources
[INFO] 
[INFO] --- maven-compiler-plugin:3.8.1:testCompile (default-testCompile) @ uber-adb-tools ---
[INFO] Changes detected - recompiling the module!
[INFO] Compiling 14 source files to /tmp/tmp8qfmfkye/uber-adb-tools/target/test-classes
[INFO] /tmp/tmp8qfmfkye/uber-adb-tools/src/test/java/at/favre/tools/uberadb/parser/InstalledPackagesParserTest.java:[-1,-1] /tmp/tmp8qfmfkye/uber-adb-tools/src/test/java/at/favre/tools/uberadb/parser/InstalledPackagesParserTest.java uses or overrides a deprecated API.
[INFO] /tmp/tmp8qfmfkye/uber-adb-tools/src/test/java/at/favre/tools/uberadb/parser/InstalledPackagesParserTest.java:[-1,-1] Recompile with -Xlint:deprecation for details.
[INFO] 
[INFO] --- maven-surefire-plugin:2.19.1:test (default-test) @ uber-adb-tools ---
[INFO] Surefire report directory: /tmp/tmp8qfmfkye/uber-adb-tools/target/surefire-reports

-------------------------------------------------------
 T E S T S
-------------------------------------------------------
Running at.favre.tools.uberadb.CmdProviderTest
Tests run: 1, Failures: 0, Errors: 0, Skipped: 0, Time elapsed: 0.867 sec - in at.favre.tools.uberadb.CmdProviderTest
Running at.favre.tools.uberadb.AdbToolStaticsTest
Tests run: 1, Failures: 0, Errors: 0, Skipped: 0, Time elapsed: 0 sec - in at.favre.tools.uberadb.AdbToolStaticsTest
Running at.favre.tools.uberadb.util.CmdUtilTest
Tests run: 2, Failures: 0, Errors: 0, Skipped: 0, Time elapsed: 0 sec - in at.favre.tools.uberadb.util.CmdUtilTest
Running at.favre.tools.uberadb.AdbToolTest
Found 3 device(s). Installing '/tmp/tmp8qfmfkye/uber-adb-tools/target/test-classes/apks/app-third-debug.apk, /tmp/tmp8qfmfkye/uber-adb-tools/target/test-classes/apks/app-first-debug.apk'. Grant permissions. Skips user prompt.

TestBrand [S128376]
	app-first-debug.apk (0.03 MiB)
		checksum: 435cb4fe68528e6e1f0b8f9b1c42a8a4f7124c4161cb3bb0b31164b87fb6d4e7 (sha256)
		Success
	app-third-debug.apk (0.03 MiB)
		checksum: 90006b9b778533c8dfb613fb61b4e2a724235fc83083953e5a6593cfa0d564fb (sha256)
		Success

TestSam [S943584]
	app-first-debug.apk (0.03 MiB)
		checksum: 435cb4fe68528e6e1f0b8f9b1c42a8a4f7124c4161cb3bb0b31164b87fb6d4e7 (sha256)
		Success
	app-third-debug.apk (0.03 MiB)
		checksum: 90006b9b778533c8dfb613fb61b4e2a724235fc83083953e5a6593cfa0d564fb (sha256)
		Success

Android_SDK_built_for_x86 [emulator-5154]
	app-first-debug.apk (0.03 MiB)
		checksum: 435cb4fe68528e6e1f0b8f9b1c42a8a4f7124c4161cb3bb0b31164b87fb6d4e7 (sha256)
		Success
	app-third-debug.apk (0.03 MiB)
		checksum: 90006b9b778533c8dfb613fb61b4e2a724235fc83083953e5a6593cfa0d564fb (sha256)
		Success

[Thu Jul 30 22:58:36 UTC 2020][vnull]
6 apps were installed on 3 device(s). Took 0.03 seconds.
[command: C:\ start-server

exit value (0)
, command: C:\ devices -l
List of devices attached
S128376	device product:iAndroid model:TestBrand device:iAndroid
S943584	device product:Galaxy S0 model:TestSam device:Galaxy S0
emulator-5154	device product:sdk_google_phone_x86 model:Android_SDK_built_for_x86 device:sdk_google_phone_x86

exit value (0)
, command: C:\ -s S128376 shell pm list packages -f
package:/data/app/com.example.app1/base.apk=com.example.app1
package:/data/app/com.example.app2/base.apk=com.example.app2
package:/data/app/com.example.app3/base.apk=com.example.app3
package:/data/app/com.example.app4/base.apk=com.example.app4

exit value (0)
, command: C:\ -s S128376 install -g /tmp/tmp8qfmfkye/uber-adb-tools/target/test-classes/apks/app-first-debug.apk
Success
exit value (0)
, command: C:\ -s S128376 install -g /tmp/tmp8qfmfkye/uber-adb-tools/target/test-classes/apks/app-third-debug.apk
Success
exit value (0)
, command: C:\ -s S943584 shell pm list packages -f
package:/data/app/com.example.app1/base.apk=com.example.app1
package:/data/app/com.example.app2/base.apk=com.example.app2
package:/data/app/com.example.app3/base.apk=com.example.app3
package:/data/app/com.example.app4/base.apk=com.example.app4

exit value (0)
, command: C:\ -s S943584 install -g /tmp/tmp8qfmfkye/uber-adb-tools/target/test-classes/apks/app-first-debug.apk
Success
exit value (0)
, command: C:\ -s S943584 install -g /tmp/tmp8qfmfkye/uber-adb-tools/target/test-classes/apks/app-third-debug.apk
Success
exit value (0)
, command: C:\ -s emulator-5154 shell pm list packages -f
package:/data/app/com.example.app1/base.apk=com.example.app1
package:/data/app/com.example.app2/base.apk=com.example.app2
package:/data/app/com.example.app3/base.apk=com.example.app3
package:/data/app/com.example.app4/base.apk=com.example.app4

exit value (0)
, command: C:\ -s emulator-5154 install -g /tmp/tmp8qfmfkye/uber-adb-tools/target/test-classes/apks/app-first-debug.apk
Success
exit value (0)
, command: C:\ -s emulator-5154 install -g /tmp/tmp8qfmfkye/uber-adb-tools/target/test-classes/apks/app-third-debug.apk
Success
exit value (0)
]
Found 3 device(s). Uninstalling with filter 'com.example.*'.

TestBrand [S128376]
	com.example.app1
	com.example.app2
	com.example.app3
	com.example.app4

TestSam [S943584]
	com.example.app1
	com.example.app2
	com.example.app3
	com.example.app4

Android_SDK_built_for_x86 [emulator-5154]
	com.example.app1
	com.example.app2
	com.example.app3
	com.example.app4

TestBrand [S128376]
	com.example.app1	Success
	com.example.app2	Success
	com.example.app3	Success
	com.example.app4	Success

TestSam [S943584]
	com.example.app1	Success
	com.example.app2	Success
	com.example.app3	Success
	com.example.app4	Success

Android_SDK_built_for_x86 [emulator-5154]
	com.example.app1	Success
	com.example.app2	Success
	com.example.app3	Success
	com.example.app4	Success

[Thu Jul 30 22:58:36 UTC 2020][vnull]
12 apps were uninstalled on 3 device(s). Took 0.00 seconds.
[command: C:\ start-server

exit value (0)
, command: C:\ devices -l
List of devices attached
S128376	device product:iAndroid model:TestBrand device:iAndroid
S943584	device product:Galaxy S0 model:TestSam device:Galaxy S0
emulator-5154	device product:sdk_google_phone_x86 model:Android_SDK_built_for_x86 device:sdk_google_phone_x86

exit value (0)
, command: C:\ -s S128376 shell pm list packages -f
package:/data/app/com.example.app1/base.apk=com.example.app1
package:/data/app/com.example.app2/base.apk=com.example.app2
package:/data/app/com.example.app3/base.apk=com.example.app3
package:/data/app/com.example.app4/base.apk=com.example.app4

exit value (0)
, command: C:\ -s S128376 shell dumpsys package com.example.app1

exit value (0)
, command: C:\ -s S128376 shell dumpsys package com.example.app2

exit value (0)
, command: C:\ -s S128376 shell dumpsys package com.example.app3

exit value (0)
, command: C:\ -s S128376 shell dumpsys package com.example.app4

exit value (0)
, command: C:\ -s S943584 shell pm list packages -f
package:/data/app/com.example.app1/base.apk=com.example.app1
package:/data/app/com.example.app2/base.apk=com.example.app2
package:/data/app/com.example.app3/base.apk=com.example.app3
package:/data/app/com.example.app4/base.apk=com.example.app4

exit value (0)
, command: C:\ -s S943584 shell dumpsys package com.example.app1

exit value (0)
, command: C:\ -s S943584 shell dumpsys package com.example.app2

exit value (0)
, command: C:\ -s S943584 shell dumpsys package com.example.app3

exit value (0)
, command: C:\ -s S943584 shell dumpsys package com.example.app4

exit value (0)
, command: C:\ -s emulator-5154 shell pm list packages -f
package:/data/app/com.example.app1/base.apk=com.example.app1
package:/data/app/com.example.app2/base.apk=com.example.app2
package:/data/app/com.example.app3/base.apk=com.example.app3
package:/data/app/com.example.app4/base.apk=com.example.app4

exit value (0)
, command: C:\ -s emulator-5154 shell dumpsys package com.example.app1

exit value (0)
, command: C:\ -s emulator-5154 shell dumpsys package com.example.app2

exit value (0)
, command: C:\ -s emulator-5154 shell dumpsys package com.example.app3

exit value (0)
, command: C:\ -s emulator-5154 shell dumpsys package com.example.app4

exit value (0)
, command: C:\ -s S128376 shell pm list packages -f
package:/data/app/com.example.app1/base.apk=com.example.app1
package:/data/app/com.example.app2/base.apk=com.example.app2
package:/data/app/com.example.app3/base.apk=com.example.app3
package:/data/app/com.example.app4/base.apk=com.example.app4

exit value (0)
, command: C:\ -s S128376 shell dumpsys package com.example.app1

exit value (0)
, command: C:\ -s S128376 shell pm uninstall com.example.app1
Success
exit value (0)
, command: C:\ -s S128376 shell dumpsys package com.example.app2

exit value (0)
, command: C:\ -s S128376 shell pm uninstall com.example.app2
Success
exit value (0)
, command: C:\ -s S128376 shell dumpsys package com.example.app3

exit value (0)
, command: C:\ -s S128376 shell pm uninstall com.example.app3
Success
exit value (0)
, command: C:\ -s S128376 shell dumpsys package com.example.app4

exit value (0)
, command: C:\ -s S128376 shell pm uninstall com.example.app4
Success
exit value (0)
, command: C:\ -s S943584 shell pm list packages -f
package:/data/app/com.example.app1/base.apk=com.example.app1
package:/data/app/com.example.app2/base.apk=com.example.app2
package:/data/app/com.example.app3/base.apk=com.example.app3
package:/data/app/com.example.app4/base.apk=com.example.app4

exit value (0)
, command: C:\ -s S943584 shell dumpsys package com.example.app1

exit value (0)
, command: C:\ -s S943584 shell pm uninstall com.example.app1
Success
exit value (0)
, command: C:\ -s S943584 shell dumpsys package com.example.app2

exit value (0)
, command: C:\ -s S943584 shell pm uninstall com.example.app2
Success
exit value (0)
, command: C:\ -s S943584 shell dumpsys package com.example.app3

exit value (0)
, command: C:\ -s S943584 shell pm uninstall com.example.app3
Success
exit value (0)
, command: C:\ -s S943584 shell dumpsys package com.example.app4

exit value (0)
, command: C:\ -s S943584 shell pm uninstall com.example.app4
Success
exit value (0)
, command: C:\ -s emulator-5154 shell pm list packages -f
package:/data/app/com.example.app1/base.apk=com.example.app1
package:/data/app/com.example.app2/base.apk=com.example.app2
package:/data/app/com.example.app3/base.apk=com.example.app3
package:/data/app/com.example.app4/base.apk=com.example.app4

exit value (0)
, command: C:\ -s emulator-5154 shell dumpsys package com.example.app1

exit value (0)
, command: C:\ -s emulator-5154 shell pm uninstall com.example.app1
Success
exit value (0)
, command: C:\ -s emulator-5154 shell dumpsys package com.example.app2

exit value (0)
, command: C:\ -s emulator-5154 shell pm uninstall com.example.app2
Success
exit value (0)
, command: C:\ -s emulator-5154 shell dumpsys package com.example.app3

exit value (0)
, command: C:\ -s emulator-5154 shell pm uninstall com.example.app3
Success
exit value (0)
, command: C:\ -s emulator-5154 shell dumpsys package com.example.app4

exit value (0)
, command: C:\ -s emulator-5154 shell pm uninstall com.example.app4
Success
exit value (0)
]
Found 3 device(s). Creating bugreport and save to '/tmp/junit4780099904377338474/junit4538059207186830788'.

TestBrand [S128376]
create bug report:
	wake up screen and take screenshot (0.00kB) (0 ms)
	create logcat file and pull from device (0.00kB) (0 ms)
	create events logcat file and pull from device (0.00kB) (1 ms)
	create radio logcat file and pull from device (0.00kB) (0 ms)
	create installed packages file (0.07kB)
	create running process file (0.00kB)
	create dumpsys files (0.56kB) (1 ms)
	create pm files (0.55kB) (1 ms)
could not find local file /tmp/adbtools-3661475823274455536/screen-2020-07-30_22-58-36-394-TestBrand.png
could not find local file /tmp/adbtools-3661475823274455536/logcat-2020-07-30_22-58-36-394-TestBrand.txt
could not find local file /tmp/adbtools-3661475823274455536/events-2020-07-30_22-58-36-394-TestBrand.txt
could not find local file /tmp/adbtools-3661475823274455536/radio-2020-07-30_22-58-36-394-TestBrand.txt
	temp files removed and zip /tmp/junit4780099904377338474/junit4538059207186830788/bugreport-2020-07-30_22-58-36-394-TestBrand-S128376.zip (4.83kB) created

TestSam [S943584]
create bug report:
	wake up screen and take screenshot (0.00kB) (0 ms)
	create logcat file and pull from device (0.00kB) (0 ms)
	create events logcat file and pull from device (0.00kB) (0 ms)
	create radio logcat file and pull from device (0.00kB) (0 ms)
	create installed packages file (0.07kB)
	create running process file (0.00kB)
	create dumpsys files (0.56kB) (9 ms)
	create pm files (0.55kB) (1 ms)
could not find local file /tmp/adbtools-3375217345908837865/screen-2020-07-30_22-58-36-539-TestSam.png
could not find local file /tmp/adbtools-3375217345908837865/logcat-2020-07-30_22-58-36-539-TestSam.txt
could not find local file /tmp/adbtools-3375217345908837865/events-2020-07-30_22-58-36-539-TestSam.txt
could not find local file /tmp/adbtools-3375217345908837865/radio-2020-07-30_22-58-36-539-TestSam.txt
	temp files removed and zip /tmp/junit4780099904377338474/junit4538059207186830788/bugreport-2020-07-30_22-58-36-539-TestSam-S943584.zip (4.77kB) created

Android_SDK_built_for_x86 [emulator-5154]
create bug report:
	wake up screen and take screenshot (0.00kB) (0 ms)
	create logcat file and pull from device (0.00kB) (0 ms)
	create events logcat file and pull from device (0.00kB) (0 ms)
	create radio logcat file and pull from device (0.00kB) (0 ms)
	create installed packages file (0.07kB)
	create running process file (0.00kB)
	create dumpsys files (0.61kB) (2 ms)
	create pm files (0.58kB) (1 ms)
could not find local file /tmp/adbtools-1962947437114640872/screen-2020-07-30_22-58-36-577-Android_SDK_built_for_x86.png
could not find local file /tmp/adbtools-1962947437114640872/logcat-2020-07-30_22-58-36-577-Android_SDK_built_for_x86.txt
could not find local file /tmp/adbtools-1962947437114640872/events-2020-07-30_22-58-36-577-Android_SDK_built_for_x86.txt
could not find local file /tmp/adbtools-1962947437114640872/radio-2020-07-30_22-58-36-577-Android_SDK_built_for_x86.txt
	temp files removed and zip /tmp/junit4780099904377338474/junit4538059207186830788/bugreport-2020-07-30_22-58-36-577-Android_SDK_built_for_x86-emulator-5154.zip (5.40kB) created

[Thu Jul 30 22:58:36 UTC 2020][vnull]
Bug reports generated from 3 device(s). Took 0.21 seconds.
[command: C:\ start-server

exit value (0)
, command: C:\ devices -l
List of devices attached
S128376	device product:iAndroid model:TestBrand device:iAndroid
S943584	device product:Galaxy S0 model:TestSam device:Galaxy S0
emulator-5154	device product:sdk_google_phone_x86 model:Android_SDK_built_for_x86 device:sdk_google_phone_x86

exit value (0)
, command: C:\ -s S128376 shell pm list packages -f
package:/data/app/com.example.app1/base.apk=com.example.app1
package:/data/app/com.example.app2/base.apk=com.example.app2
package:/data/app/com.example.app3/base.apk=com.example.app3
package:/data/app/com.example.app4/base.apk=com.example.app4

exit value (0)
, command: C:\ -s S128376 shell input keyevent KEYCODE_WAKEUP

exit value (0)
, command: C:\ -s S128376 shell screencap /sdcard/bugreport_tempfile_screenshot.png

exit value (0)
, command: C:\ -s S128376 pull /sdcard/bugreport_tempfile_screenshot.png /tmp/adbtools-3661475823274455536/screen-2020-07-30_22-58-36-394-TestBrand.png

exit value (0)
, command: C:\ -s S128376 shell rm -f /sdcard/bugreport_tempfile_screenshot.png

exit value (0)
, command: C:\ -s S128376 logcat -b main -d -f /sdcard/bugreport_tempfile_logcat

exit value (0)
, command: C:\ -s S128376 pull /sdcard/bugreport_tempfile_logcat /tmp/adbtools-3661475823274455536/logcat-2020-07-30_22-58-36-394-TestBrand.txt

exit value (0)
, command: C:\ -s S128376 shell rm -f /sdcard/bugreport_tempfile_logcat

exit value (0)
, command: C:\ -s S128376 logcat -b events -d -f /sdcard/bugreport_tempfile_logcat_events

exit value (0)
, command: C:\ -s S128376 pull /sdcard/bugreport_tempfile_logcat_events /tmp/adbtools-3661475823274455536/events-2020-07-30_22-58-36-394-TestBrand.txt

exit value (0)
, command: C:\ -s S128376 shell rm -f /sdcard/bugreport_tempfile_logcat_events

exit value (0)
, command: C:\ -s S128376 logcat -b radio -d -f /sdcard/bugreport_tempfile_logcat_radio

exit value (0)
, command: C:\ -s S128376 pull /sdcard/bugreport_tempfile_logcat_radio /tmp/adbtools-3661475823274455536/radio-2020-07-30_22-58-36-394-TestBrand.txt

exit value (0)
, command: C:\ -s S128376 shell rm -f /sdcard/bugreport_tempfile_logcat_radio

exit value (0)
, command: C:\ -s S128376 shell ps

exit value (0)
, command: C:\ -s S128376 shell dumpsys battery

exit value (0)
, command: C:\ -s S128376 shell dumpsys device_policy

exit value (0)
, command: C:\ -s S128376 shell dumpsys permission

exit value (0)
, command: C:\ -s S128376 shell dumpsys connectivity

exit value (0)
, command: C:\ -s S128376 shell dumpsys notification

exit value (0)
, command: C:\ -s S128376 shell dumpsys activity

exit value (0)
, command: C:\ -s S128376 shell dumpsys cpuinfo

exit value (0)
, command: C:\ -s S128376 shell dumpsys nfc

exit value (0)
, command: C:\ -s S128376 shell dumpsys -l

exit value (0)
, command: C:\ -s S128376 shell pm list libraries

exit value (0)
, command: C:\ -s S128376 shell pm list features

exit value (0)
, command: C:\ -s S128376 shell pm list users

exit value (0)
, command: C:\ -s S128376 shell pm list permission-groups

exit value (0)
, command: C:\ -s S128376 shell pm list packages
package:/data/app/com.example.app1/base.apk=com.example.app1
package:/data/app/com.example.app2/base.apk=com.example.app2
package:/data/app/com.example.app3/base.apk=com.example.app3
package:/data/app/com.example.app4/base.apk=com.example.app4

exit value (0)
, command: C:\ -s S943584 shell pm list packages -f
package:/data/app/com.example.app1/base.apk=com.example.app1
package:/data/app/com.example.app2/base.apk=com.example.app2
package:/data/app/com.example.app3/base.apk=com.example.app3
package:/data/app/com.example.app4/base.apk=com.example.app4

exit value (0)
, command: C:\ -s S943584 shell input keyevent KEYCODE_WAKEUP

exit value (0)
, command: C:\ -s S943584 shell screencap /sdcard/bugreport_tempfile_screenshot.png

exit value (0)
, command: C:\ -s S943584 pull /sdcard/bugreport_tempfile_screenshot.png /tmp/adbtools-3375217345908837865/screen-2020-07-30_22-58-36-539-TestSam.png

exit value (0)
, command: C:\ -s S943584 shell rm -f /sdcard/bugreport_tempfile_screenshot.png

exit value (0)
, command: C:\ -s S943584 logcat -b main -d -f /sdcard/bugreport_tempfile_logcat

exit value (0)
, command: C:\ -s S943584 pull /sdcard/bugreport_tempfile_logcat /tmp/adbtools-3375217345908837865/logcat-2020-07-30_22-58-36-539-TestSam.txt

exit value (0)
, command: C:\ -s S943584 shell rm -f /sdcard/bugreport_tempfile_logcat

exit value (0)
, command: C:\ -s S943584 logcat -b events -d -f /sdcard/bugreport_tempfile_logcat_events

exit value (0)
, command: C:\ -s S943584 pull /sdcard/bugreport_tempfile_logcat_events /tmp/adbtools-3375217345908837865/events-2020-07-30_22-58-36-539-TestSam.txt

exit value (0)
, command: C:\ -s S943584 shell rm -f /sdcard/bugreport_tempfile_logcat_events

exit value (0)
, command: C:\ -s S943584 logcat -b radio -d -f /sdcard/bugreport_tempfile_logcat_radio

exit value (0)
, command: C:\ -s S943584 pull /sdcard/bugreport_tempfile_logcat_radio /tmp/adbtools-3375217345908837865/radio-2020-07-30_22-58-36-539-TestSam.txt

exit value (0)
, command: C:\ -s S943584 shell rm -f /sdcard/bugreport_tempfile_logcat_radio

exit value (0)
, command: C:\ -s S943584 shell ps

exit value (0)
, command: C:\ -s S943584 shell dumpsys battery

exit value (0)
, command: C:\ -s S943584 shell dumpsys device_policy

exit value (0)
, command: C:\ -s S943584 shell dumpsys permission

exit value (0)
, command: C:\ -s S943584 shell dumpsys connectivity

exit value (0)
, command: C:\ -s S943584 shell dumpsys notification

exit value (0)
, command: C:\ -s S943584 shell dumpsys activity

exit value (0)
, command: C:\ -s S943584 shell dumpsys cpuinfo

exit value (0)
, command: C:\ -s S943584 shell dumpsys nfc

exit value (0)
, command: C:\ -s S943584 shell dumpsys -l

exit value (0)
, command: C:\ -s S943584 shell pm list libraries

exit value (0)
, command: C:\ -s S943584 shell pm list features

exit value (0)
, command: C:\ -s S943584 shell pm list users

exit value (0)
, command: C:\ -s S943584 shell pm list permission-groups

exit value (0)
, command: C:\ -s S943584 shell pm list packages
package:/data/app/com.example.app1/base.apk=com.example.app1
package:/data/app/com.example.app2/base.apk=com.example.app2
package:/data/app/com.example.app3/base.apk=com.example.app3
package:/data/app/com.example.app4/base.apk=com.example.app4

exit value (0)
, command: C:\ -s emulator-5154 shell pm list packages -f
package:/data/app/com.example.app1/base.apk=com.example.app1
package:/data/app/com.example.app2/base.apk=com.example.app2
package:/data/app/com.example.app3/base.apk=com.example.app3
package:/data/app/com.example.app4/base.apk=com.example.app4

exit value (0)
, command: C:\ -s emulator-5154 shell input keyevent KEYCODE_WAKEUP

exit value (0)
, command: C:\ -s emulator-5154 shell screencap /sdcard/bugreport_tempfile_screenshot.png

exit value (0)
, command: C:\ -s emulator-5154 pull /sdcard/bugreport_tempfile_screenshot.png /tmp/adbtools-1962947437114640872/screen-2020-07-30_22-58-36-577-Android_SDK_built_for_x86.png

exit value (0)
, command: C:\ -s emulator-5154 shell rm -f /sdcard/bugreport_tempfile_screenshot.png

exit value (0)
, command: C:\ -s emulator-5154 logcat -b main -d -f /sdcard/bugreport_tempfile_logcat

exit value (0)
, command: C:\ -s emulator-5154 pull /sdcard/bugreport_tempfile_logcat /tmp/adbtools-1962947437114640872/logcat-2020-07-30_22-58-36-577-Android_SDK_built_for_x86.txt

exit value (0)
, command: C:\ -s emulator-5154 shell rm -f /sdcard/bugreport_tempfile_logcat

exit value (0)
, command: C:\ -s emulator-5154 logcat -b events -d -f /sdcard/bugreport_tempfile_logcat_events

exit value (0)
, command: C:\ -s emulator-5154 pull /sdcard/bugreport_tempfile_logcat_events /tmp/adbtools-1962947437114640872/events-2020-07-30_22-58-36-577-Android_SDK_built_for_x86.txt

exit value (0)
, command: C:\ -s emulator-5154 shell rm -f /sdcard/bugreport_tempfile_logcat_events

exit value (0)
, command: C:\ -s emulator-5154 logcat -b radio -d -f /sdcard/bugreport_tempfile_logcat_radio

exit value (0)
, command: C:\ -s emulator-5154 pull /sdcard/bugreport_tempfile_logcat_radio /tmp/adbtools-1962947437114640872/radio-2020-07-30_22-58-36-577-Android_SDK_built_for_x86.txt

exit value (0)
, command: C:\ -s emulator-5154 shell rm -f /sdcard/bugreport_tempfile_logcat_radio

exit value (0)
, command: C:\ -s emulator-5154 shell ps

exit value (0)
, command: C:\ -s emulator-5154 shell dumpsys battery

exit value (0)
, command: C:\ -s emulator-5154 shell dumpsys device_policy

exit value (0)
, command: C:\ -s emulator-5154 shell dumpsys permission

exit value (0)
, command: C:\ -s emulator-5154 shell dumpsys connectivity

exit value (0)
, command: C:\ -s emulator-5154 shell dumpsys notification

exit value (0)
, command: C:\ -s emulator-5154 shell dumpsys activity

exit value (0)
, command: C:\ -s emulator-5154 shell dumpsys cpuinfo

exit value (0)
, command: C:\ -s emulator-5154 shell dumpsys nfc

exit value (0)
, command: C:\ -s emulator-5154 shell dumpsys -l

exit value (0)
, command: C:\ -s emulator-5154 shell pm list libraries

exit value (0)
, command: C:\ -s emulator-5154 shell pm list features

exit value (0)
, command: C:\ -s emulator-5154 shell pm list users

exit value (0)
, command: C:\ -s emulator-5154 shell pm list permission-groups

exit value (0)
, command: C:\ -s emulator-5154 shell pm list packages
package:/data/app/com.example.app1/base.apk=com.example.app1
package:/data/app/com.example.app2/base.apk=com.example.app2
package:/data/app/com.example.app3/base.apk=com.example.app3
package:/data/app/com.example.app4/base.apk=com.example.app4

exit value (0)
]
Found 3 device(s). Installing '/tmp/tmp8qfmfkye/uber-adb-tools/target/test-classes/apks'. Skips user prompt.

TestBrand [S128376]
	app-first-debug.apk (0.03 MiB)
		checksum: 435cb4fe68528e6e1f0b8f9b1c42a8a4f7124c4161cb3bb0b31164b87fb6d4e7 (sha256)
		skip
	app-fourth-debug.apk (0.03 MiB)
		checksum: 7f73e98deb45e4aa99cc3125885538e17934c07beaac8a25b53e8f927179de3f (sha256)
		skip
	app-second-debug.apk (0.03 MiB)
		checksum: 26622573ca40e979b99d3d2b364e8b63a2a03bfcea41225c18ef0ba6e3c1f1b (sha256)
		skip
	app-third-debug.apk (0.03 MiB)
		checksum: 90006b9b778533c8dfb613fb61b4e2a724235fc83083953e5a6593cfa0d564fb (sha256)
		skip

TestSam [S943584]
	app-first-debug.apk (0.03 MiB)
		checksum: 435cb4fe68528e6e1f0b8f9b1c42a8a4f7124c4161cb3bb0b31164b87fb6d4e7 (sha256)
		skip
	app-fourth-debug.apk (0.03 MiB)
		checksum: 7f73e98deb45e4aa99cc3125885538e17934c07beaac8a25b53e8f927179de3f (sha256)
		skip
	app-second-debug.apk (0.03 MiB)
		checksum: 26622573ca40e979b99d3d2b364e8b63a2a03bfcea41225c18ef0ba6e3c1f1b (sha256)
		skip
	app-third-debug.apk (0.03 MiB)
		checksum: 90006b9b778533c8dfb613fb61b4e2a724235fc83083953e5a6593cfa0d564fb (sha256)
		skip

Android_SDK_built_for_x86 [emulator-5154]
	app-first-debug.apk (0.03 MiB)
		checksum: 435cb4fe68528e6e1f0b8f9b1c42a8a4f7124c4161cb3bb0b31164b87fb6d4e7 (sha256)
		skip
	app-fourth-debug.apk (0.03 MiB)
		checksum: 7f73e98deb45e4aa99cc3125885538e17934c07beaac8a25b53e8f927179de3f (sha256)
		skip
	app-second-debug.apk (0.03 MiB)
		checksum: 26622573ca40e979b99d3d2b364e8b63a2a03bfcea41225c18ef0ba6e3c1f1b (sha256)
		skip
	app-third-debug.apk (0.03 MiB)
		checksum: 90006b9b778533c8dfb613fb61b4e2a724235fc83083953e5a6593cfa0d564fb (sha256)
		skip

[Thu Jul 30 22:58:36 UTC 2020][vnull]
0 apps were installed on 3 device(s). Took 0.03 seconds.
[command: C:\ start-server

exit value (0)
, command: C:\ devices -l
List of devices attached
S128376	device product:iAndroid model:TestBrand device:iAndroid
S943584	device product:Galaxy S0 model:TestSam device:Galaxy S0
emulator-5154	device product:sdk_google_phone_x86 model:Android_SDK_built_for_x86 device:sdk_google_phone_x86

exit value (0)
, command: C:\ -s S128376 shell pm list packages -f
package:/data/app/com.example.app1/base.apk=com.example.app1
package:/data/app/com.example.app2/base.apk=com.example.app2
package:/data/app/com.example.app3/base.apk=com.example.app3
package:/data/app/com.example.app4/base.apk=com.example.app4

exit value (0)
, command: C:\ -s S943584 shell pm list packages -f
package:/data/app/com.example.app1/base.apk=com.example.app1
package:/data/app/com.example.app2/base.apk=com.example.app2
package:/data/app/com.example.app3/base.apk=com.example.app3
package:/data/app/com.example.app4/base.apk=com.example.app4

exit value (0)
, command: C:\ -s emulator-5154 shell pm list packages -f
package:/data/app/com.example.app1/base.apk=com.example.app1
package:/data/app/com.example.app2/base.apk=com.example.app2
package:/data/app/com.example.app3/base.apk=com.example.app3
package:/data/app/com.example.app4/base.apk=com.example.app4

exit value (0)
]
Found 1 device(s). Installing '/tmp/tmp8qfmfkye/uber-adb-tools/target/test-classes/apks'. Skips user prompt.

TestBrand [S128376]
	app-first-debug.apk (0.03 MiB)
		checksum: 435cb4fe68528e6e1f0b8f9b1c42a8a4f7124c4161cb3bb0b31164b87fb6d4e7 (sha256)
		Fail [MOCK-ERROR-INSTALL]
	app-fourth-debug.apk (0.03 MiB)
		checksum: 7f73e98deb45e4aa99cc3125885538e17934c07beaac8a25b53e8f927179de3f (sha256)
		Fail [MOCK-ERROR-INSTALL]
	app-second-debug.apk (0.03 MiB)
		checksum: 26622573ca40e979b99d3d2b364e8b63a2a03bfcea41225c18ef0ba6e3c1f1b (sha256)
		Fail [MOCK-ERROR-INSTALL]
	app-third-debug.apk (0.03 MiB)
		checksum: 90006b9b778533c8dfb613fb61b4e2a724235fc83083953e5a6593cfa0d564fb (sha256)
		Fail [MOCK-ERROR-INSTALL]

[Thu Jul 30 22:58:36 UTC 2020][vnull]
0 apps were installed on 1 device(s). 4 apps could not be installed due to errors. Took 0.01 seconds.
[]
Found 3 device(s). Uninstalling with filter 'com.example.*'. Skips user prompt.

TestBrand [S128376]
	com.example.app1	Success
	com.example.app2	Success
	com.example.app3	Success
	com.example.app4	Success

TestSam [S943584]
	com.example.app1	Success
	com.example.app2	Success
	com.example.app3	Success
	com.example.app4	Success

Android_SDK_built_for_x86 [emulator-5154] (skip)

[Thu Jul 30 22:58:36 UTC 2020][vnull]
8 apps were uninstalled on 2 device(s). Took 0.02 seconds.
[command: C:\ start-server

exit value (0)
, command: C:\ devices -l
List of devices attached
S128376	device product:iAndroid model:TestBrand device:iAndroid
S943584	device product:Galaxy S0 model:TestSam device:Galaxy S0
emulator-5154	device product:sdk_google_phone_x86 model:Android_SDK_built_for_x86 device:sdk_google_phone_x86

exit value (0)
, command: C:\ -s S128376 shell pm list packages -f
package:/data/app/com.example.app1/base.apk=com.example.app1
package:/data/app/com.example.app2/base.apk=com.example.app2
package:/data/app/com.example.app3/base.apk=com.example.app3
package:/data/app/com.example.app4/base.apk=com.example.app4

exit value (0)
, command: C:\ -s S128376 shell dumpsys package com.example.app1

exit value (0)
, command: C:\ -s S128376 shell pm uninstall com.example.app1
Success
exit value (0)
, command: C:\ -s S128376 shell dumpsys package com.example.app2

exit value (0)
, command: C:\ -s S128376 shell pm uninstall com.example.app2
Success
exit value (0)
, command: C:\ -s S128376 shell dumpsys package com.example.app3

exit value (0)
, command: C:\ -s S128376 shell pm uninstall com.example.app3
Success
exit value (0)
, command: C:\ -s S128376 shell dumpsys package com.example.app4

exit value (0)
, command: C:\ -s S128376 shell pm uninstall com.example.app4
Success
exit value (0)
, command: C:\ -s S943584 shell pm list packages -f
package:/data/app/com.example.app1/base.apk=com.example.app1
package:/data/app/com.example.app2/base.apk=com.example.app2
package:/data/app/com.example.app3/base.apk=com.example.app3
package:/data/app/com.example.app4/base.apk=com.example.app4

exit value (0)
, command: C:\ -s S943584 shell dumpsys package com.example.app1

exit value (0)
, command: C:\ -s S943584 shell pm uninstall com.example.app1
Success
exit value (0)
, command: C:\ -s S943584 shell dumpsys package com.example.app2

exit value (0)
, command: C:\ -s S943584 shell pm uninstall com.example.app2
Success
exit value (0)
, command: C:\ -s S943584 shell dumpsys package com.example.app3

exit value (0)
, command: C:\ -s S943584 shell pm uninstall com.example.app3
Success
exit value (0)
, command: C:\ -s S943584 shell dumpsys package com.example.app4

exit value (0)
, command: C:\ -s S943584 shell pm uninstall com.example.app4
Success
exit value (0)
, command: C:\ -s emulator-5154 shell pm list packages -f
package:/data/app/com.example.app1/base.apk=com.example.app1
package:/data/app/com.example.app2/base.apk=com.example.app2
package:/data/app/com.example.app3/base.apk=com.example.app3
package:/data/app/com.example.app4/base.apk=com.example.app4

exit value (0)
]
Found 3 device(s). Installing '/tmp/tmp8qfmfkye/uber-adb-tools/target/test-classes/apks'. Grant permissions. Reinstall. Skips user prompt.

TestBrand [S128376]
	app-first-debug.apk (0.03 MiB)
		checksum: 435cb4fe68528e6e1f0b8f9b1c42a8a4f7124c4161cb3bb0b31164b87fb6d4e7 (sha256)
		Success
	app-fourth-debug.apk (0.03 MiB)
		checksum: 7f73e98deb45e4aa99cc3125885538e17934c07beaac8a25b53e8f927179de3f (sha256)
		Success
	app-second-debug.apk (0.03 MiB)
		checksum: 26622573ca40e979b99d3d2b364e8b63a2a03bfcea41225c18ef0ba6e3c1f1b (sha256)
		Success
	app-third-debug.apk (0.03 MiB)
		checksum: 90006b9b778533c8dfb613fb61b4e2a724235fc83083953e5a6593cfa0d564fb (sha256)
		Success

TestSam [S943584]
	app-first-debug.apk (0.03 MiB)
		checksum: 435cb4fe68528e6e1f0b8f9b1c42a8a4f7124c4161cb3bb0b31164b87fb6d4e7 (sha256)
		Success
	app-fourth-debug.apk (0.03 MiB)
		checksum: 7f73e98deb45e4aa99cc3125885538e17934c07beaac8a25b53e8f927179de3f (sha256)
		Success
	app-second-debug.apk (0.03 MiB)
		checksum: 26622573ca40e979b99d3d2b364e8b63a2a03bfcea41225c18ef0ba6e3c1f1b (sha256)
		Success
	app-third-debug.apk (0.03 MiB)
		checksum: 90006b9b778533c8dfb613fb61b4e2a724235fc83083953e5a6593cfa0d564fb (sha256)
		Success

Android_SDK_built_for_x86 [emulator-5154]
	app-first-debug.apk (0.03 MiB)
		checksum: 435cb4fe68528e6e1f0b8f9b1c42a8a4f7124c4161cb3bb0b31164b87fb6d4e7 (sha256)
		Success
	app-fourth-debug.apk (0.03 MiB)
		checksum: 7f73e98deb45e4aa99cc3125885538e17934c07beaac8a25b53e8f927179de3f (sha256)
		Success
	app-second-debug.apk (0.03 MiB)
		checksum: 26622573ca40e979b99d3d2b364e8b63a2a03bfcea41225c18ef0ba6e3c1f1b (sha256)
		Success
	app-third-debug.apk (0.03 MiB)
		checksum: 90006b9b778533c8dfb613fb61b4e2a724235fc83083953e5a6593cfa0d564fb (sha256)
		Success

[Thu Jul 30 22:58:36 UTC 2020][vnull]
12 apps were installed on 3 device(s). Took 0.01 seconds.
[command: C:\ start-server

exit value (0)
, command: C:\ devices -l
List of devices attached
S128376	device product:iAndroid model:TestBrand device:iAndroid
S943584	device product:Galaxy S0 model:TestSam device:Galaxy S0
emulator-5154	device product:sdk_google_phone_x86 model:Android_SDK_built_for_x86 device:sdk_google_phone_x86

exit value (0)
, command: C:\ -s S128376 shell pm list packages -f
package:/data/app/com.example.app1/base.apk=com.example.app1
package:/data/app/com.example.app2/base.apk=com.example.app2
package:/data/app/com.example.app3/base.apk=com.example.app3
package:/data/app/com.example.app4/base.apk=com.example.app4

exit value (0)
, command: C:\ -s S128376 install -r -g /tmp/tmp8qfmfkye/uber-adb-tools/target/test-classes/apks/app-first-debug.apk
Success
exit value (0)
, command: C:\ -s S128376 install -r -g /tmp/tmp8qfmfkye/uber-adb-tools/target/test-classes/apks/app-fourth-debug.apk
Success
exit value (0)
, command: C:\ -s S128376 install -r -g /tmp/tmp8qfmfkye/uber-adb-tools/target/test-classes/apks/app-second-debug.apk
Success
exit value (0)
, command: C:\ -s S128376 install -r -g /tmp/tmp8qfmfkye/uber-adb-tools/target/test-classes/apks/app-third-debug.apk
Success
exit value (0)
, command: C:\ -s S943584 shell pm list packages -f
package:/data/app/com.example.app1/base.apk=com.example.app1
package:/data/app/com.example.app2/base.apk=com.example.app2
package:/data/app/com.example.app3/base.apk=com.example.app3
package:/data/app/com.example.app4/base.apk=com.example.app4

exit value (0)
, command: C:\ -s S943584 install -r -g /tmp/tmp8qfmfkye/uber-adb-tools/target/test-classes/apks/app-first-debug.apk
Success
exit value (0)
, command: C:\ -s S943584 install -r -g /tmp/tmp8qfmfkye/uber-adb-tools/target/test-classes/apks/app-fourth-debug.apk
Success
exit value (0)
, command: C:\ -s S943584 install -r -g /tmp/tmp8qfmfkye/uber-adb-tools/target/test-classes/apks/app-second-debug.apk
Success
exit value (0)
, command: C:\ -s S943584 install -r -g /tmp/tmp8qfmfkye/uber-adb-tools/target/test-classes/apks/app-third-debug.apk
Success
exit value (0)
, command: C:\ -s emulator-5154 shell pm list packages -f
package:/data/app/com.example.app1/base.apk=com.example.app1
package:/data/app/com.example.app2/base.apk=com.example.app2
package:/data/app/com.example.app3/base.apk=com.example.app3
package:/data/app/com.example.app4/base.apk=com.example.app4

exit value (0)
, command: C:\ -s emulator-5154 install -r -g /tmp/tmp8qfmfkye/uber-adb-tools/target/test-classes/apks/app-first-debug.apk
Success
exit value (0)
, command: C:\ -s emulator-5154 install -r -g /tmp/tmp8qfmfkye/uber-adb-tools/target/test-classes/apks/app-fourth-debug.apk
Success
exit value (0)
, command: C:\ -s emulator-5154 install -r -g /tmp/tmp8qfmfkye/uber-adb-tools/target/test-classes/apks/app-second-debug.apk
Success
exit value (0)
, command: C:\ -s emulator-5154 install -r -g /tmp/tmp8qfmfkye/uber-adb-tools/target/test-classes/apks/app-third-debug.apk
Success
exit value (0)
]
Found 3 device(s). Installing '/tmp/tmp8qfmfkye/uber-adb-tools/target/test-classes/apks/app-third-debug.apk'. Skips user prompt.

TestBrand [S128376]
	app-third-debug.apk (0.03 MiB)
		checksum: 90006b9b778533c8dfb613fb61b4e2a724235fc83083953e5a6593cfa0d564fb (sha256)
		Success

TestSam [S943584]
	app-third-debug.apk (0.03 MiB)
		checksum: 90006b9b778533c8dfb613fb61b4e2a724235fc83083953e5a6593cfa0d564fb (sha256)
		Success

Android_SDK_built_for_x86 [emulator-5154]
	app-third-debug.apk (0.03 MiB)
		checksum: 90006b9b778533c8dfb613fb61b4e2a724235fc83083953e5a6593cfa0d564fb (sha256)
		Success

[Thu Jul 30 22:58:36 UTC 2020][vnull]
3 apps were installed on 3 device(s). Took 0.00 seconds.
[command: C:\ start-server

exit value (0)
, command: C:\ devices -l
List of devices attached
S128376	device product:iAndroid model:TestBrand device:iAndroid
S943584	device product:Galaxy S0 model:TestSam device:Galaxy S0
emulator-5154	device product:sdk_google_phone_x86 model:Android_SDK_built_for_x86 device:sdk_google_phone_x86

exit value (0)
, command: C:\ -s S128376 shell pm list packages -f
package:/data/app/com.example.app1/base.apk=com.example.app1
package:/data/app/com.example.app2/base.apk=com.example.app2
package:/data/app/com.example.app3/base.apk=com.example.app3
package:/data/app/com.example.app4/base.apk=com.example.app4

exit value (0)
, command: C:\ -s S128376 install /tmp/tmp8qfmfkye/uber-adb-tools/target/test-classes/apks/app-third-debug.apk
Success
exit value (0)
, command: C:\ -s S943584 shell pm list packages -f
package:/data/app/com.example.app1/base.apk=com.example.app1
package:/data/app/com.example.app2/base.apk=com.example.app2
package:/data/app/com.example.app3/base.apk=com.example.app3
package:/data/app/com.example.app4/base.apk=com.example.app4

exit value (0)
, command: C:\ -s S943584 install /tmp/tmp8qfmfkye/uber-adb-tools/target/test-classes/apks/app-third-debug.apk
Success
exit value (0)
, command: C:\ -s emulator-5154 shell pm list packages -f
package:/data/app/com.example.app1/base.apk=com.example.app1
package:/data/app/com.example.app2/base.apk=com.example.app2
package:/data/app/com.example.app3/base.apk=com.example.app3
package:/data/app/com.example.app4/base.apk=com.example.app4

exit value (0)
, command: C:\ -s emulator-5154 install /tmp/tmp8qfmfkye/uber-adb-tools/target/test-classes/apks/app-third-debug.apk
Success
exit value (0)
]
waiting for device...
Found 3 device(s). Uninstalling with filter 'com.example.*'. Skips user prompt.

TestBrand [S128376]
	com.example.app1	Success
	com.example.app2	Success
	com.example.app3	Success
	com.example.app4	Success

[Thu Jul 30 22:58:36 UTC 2020][vnull]
4 apps were uninstalled on 1 device(s). Took 0.00 seconds.
[command: C:\ start-server

exit value (0)
, command: C:\ wait-for-device

exit value (0)
, command: C:\ devices -l
List of devices attached
S128376	device product:iAndroid model:TestBrand device:iAndroid
S943584	device product:Galaxy S0 model:TestSam device:Galaxy S0
emulator-5154	device product:sdk_google_phone_x86 model:Android_SDK_built_for_x86 device:sdk_google_phone_x86

exit value (0)
, command: C:\ -s S128376 shell pm list packages -f
package:/data/app/com.example.app1/base.apk=com.example.app1
package:/data/app/com.example.app2/base.apk=com.example.app2
package:/data/app/com.example.app3/base.apk=com.example.app3
package:/data/app/com.example.app4/base.apk=com.example.app4

exit value (0)
, command: C:\ -s S128376 shell dumpsys package com.example.app1

exit value (0)
, command: C:\ -s S128376 shell pm uninstall com.example.app1
Success
exit value (0)
, command: C:\ -s S128376 shell dumpsys package com.example.app2

exit value (0)
, command: C:\ -s S128376 shell pm uninstall com.example.app2
Success
exit value (0)
, command: C:\ -s S128376 shell dumpsys package com.example.app3

exit value (0)
, command: C:\ -s S128376 shell pm uninstall com.example.app3
Success
exit value (0)
, command: C:\ -s S128376 shell dumpsys package com.example.app4

exit value (0)
, command: C:\ -s S128376 shell pm uninstall com.example.app4
Success
exit value (0)
]
Found 1 device(s). Uninstalling with filter 'com.example.app1, com.example.app2'. Skips user prompt.

TestBrand [S128376]
	com.example.app1	Success
	com.example.app2	Success

[Thu Jul 30 22:58:36 UTC 2020][vnull]
2 apps were uninstalled on 1 device(s). Took 0.00 seconds.
[]
Found 1 device(s). Installing '/tmp/tmp8qfmfkye/uber-adb-tools/target/test-classes/apks'.

TestBrand [S128376]
	app-first-debug.apk (0.03 MiB)
		checksum: 435cb4fe68528e6e1f0b8f9b1c42a8a4f7124c4161cb3bb0b31164b87fb6d4e7 (sha256)

	app-fourth-debug.apk (0.03 MiB)
		checksum: 7f73e98deb45e4aa99cc3125885538e17934c07beaac8a25b53e8f927179de3f (sha256)

	app-second-debug.apk (0.03 MiB)
		checksum: 26622573ca40e979b99d3d2b364e8b63a2a03bfcea41225c18ef0ba6e3c1f1b (sha256)

	app-third-debug.apk (0.03 MiB)
		checksum: 90006b9b778533c8dfb613fb61b4e2a724235fc83083953e5a6593cfa0d564fb (sha256)


TestBrand [S128376]
	app-first-debug.apk (0.03 MiB)
		checksum: 435cb4fe68528e6e1f0b8f9b1c42a8a4f7124c4161cb3bb0b31164b87fb6d4e7 (sha256)
		Success
	app-fourth-debug.apk (0.03 MiB)
		checksum: 7f73e98deb45e4aa99cc3125885538e17934c07beaac8a25b53e8f927179de3f (sha256)
		Success
	app-second-debug.apk (0.03 MiB)
		checksum: 26622573ca40e979b99d3d2b364e8b63a2a03bfcea41225c18ef0ba6e3c1f1b (sha256)
		Success
	app-third-debug.apk (0.03 MiB)
		checksum: 90006b9b778533c8dfb613fb61b4e2a724235fc83083953e5a6593cfa0d564fb (sha256)
		Success

[Thu Jul 30 22:58:36 UTC 2020][vnull]
4 apps were installed on 1 device(s). Took 0.00 seconds.
[]
Found 1 device(s). Creating bugreport and save to '/tmp/junit6657078499370341414/junit1446484665892424622'.

TestBrand [S128376]
create bug report:
	wake up screen and take screenshot (0.00kB) (0 ms)
	create logcat file and pull from device (0.00kB) (0 ms)
	create events logcat file and pull from device (0.00kB) (0 ms)
	create radio logcat file and pull from device (0.00kB) (0 ms)
	create installed packages file (0.07kB)
	create running process file (0.00kB)
	create dumpsys files (0.56kB) (1 ms)
	create pm files (0.55kB) (0 ms)
could not find local file /tmp/adbtools-976164779215147014/screen-2020-07-30_22-58-36-700-TestBrand.png
could not find local file /tmp/adbtools-976164779215147014/logcat-2020-07-30_22-58-36-700-TestBrand.txt
could not find local file /tmp/adbtools-976164779215147014/events-2020-07-30_22-58-36-700-TestBrand.txt
could not find local file /tmp/adbtools-976164779215147014/radio-2020-07-30_22-58-36-700-TestBrand.txt
	temp files removed and zip /tmp/junit6657078499370341414/junit1446484665892424622/bugreport-2020-07-30_22-58-36-700-TestBrand-S128376.zip (4.83kB) created

[Thu Jul 30 22:58:36 UTC 2020][vnull]
Bug reports generated from 1 device(s). Took 0.02 seconds.
[]
Found 1 device(s). Installing '/tmp/tmp8qfmfkye/uber-adb-tools/target/test-classes/apks/app-third-debug.apk'.

TestBrand [S128376]
	app-third-debug.apk (0.03 MiB)
		checksum: 90006b9b778533c8dfb613fb61b4e2a724235fc83083953e5a6593cfa0d564fb (sha256)
		Success

[Thu Jul 30 22:58:36 UTC 2020][vnull]
1 apps were installed on 1 device(s). Took 0.00 seconds.
[]
Found 1 device(s). Uninstalling with filter 'com.example.*'. Keep data/caches. Skips user prompt.

TestBrand [S128376]
	com.example.app1	Failure [MOCK-ERROR-UNINSTALL]
	com.example.app2	Failure [MOCK-ERROR-UNINSTALL]
	com.example.app3	Failure [MOCK-ERROR-UNINSTALL]
	com.example.app4	Failure [MOCK-ERROR-UNINSTALL]

[Thu Jul 30 22:58:36 UTC 2020][vnull]
0 apps were uninstalled on 1 device(s). 4 apps could not be uninstalled due to errors. Took 0.00 seconds.
[]
Found 3 device(s). Clear data for packages 'com.example.*'. Skips user prompt.

TestBrand [S128376]
	com.example.app1	data cleared
	com.example.app2	data cleared
	com.example.app3	data cleared
	com.example.app4	data cleared

TestSam [S943584]
	com.example.app1	data cleared
	com.example.app2	data cleared
	com.example.app3	data cleared
	com.example.app4	data cleared

Android_SDK_built_for_x86 [emulator-5154]
	com.example.app1	data cleared
	com.example.app2	data cleared
	com.example.app3	data cleared
	com.example.app4	data cleared

[Thu Jul 30 22:58:36 UTC 2020][vnull]
12 apps were cleared on 3 device(s). Took 0.00 seconds.
[command: C:\ start-server

exit value (0)
, command: C:\ devices -l
List of devices attached
S128376	device product:iAndroid model:TestBrand device:iAndroid
S943584	device product:Galaxy S0 model:TestSam device:Galaxy S0
emulator-5154	device product:sdk_google_phone_x86 model:Android_SDK_built_for_x86 device:sdk_google_phone_x86

exit value (0)
, command: C:\ -s S128376 shell pm list packages -f
package:/data/app/com.example.app1/base.apk=com.example.app1
package:/data/app/com.example.app2/base.apk=com.example.app2
package:/data/app/com.example.app3/base.apk=com.example.app3
package:/data/app/com.example.app4/base.apk=com.example.app4

exit value (0)
, command: C:\ -s S128376 shell dumpsys package com.example.app1

exit value (0)
, command: C:\ -s S128376 shell pm clear com.example.app1

exit value (0)
, command: C:\ -s S128376 shell dumpsys package com.example.app2

exit value (0)
, command: C:\ -s S128376 shell pm clear com.example.app2

exit value (0)
, command: C:\ -s S128376 shell dumpsys package com.example.app3

exit value (0)
, command: C:\ -s S128376 shell pm clear com.example.app3

exit value (0)
, command: C:\ -s S128376 shell dumpsys package com.example.app4

exit value (0)
, command: C:\ -s S128376 shell pm clear com.example.app4

exit value (0)
, command: C:\ -s S943584 shell pm list packages -f
package:/data/app/com.example.app1/base.apk=com.example.app1
package:/data/app/com.example.app2/base.apk=com.example.app2
package:/data/app/com.example.app3/base.apk=com.example.app3
package:/data/app/com.example.app4/base.apk=com.example.app4

exit value (0)
, command: C:\ -s S943584 shell dumpsys package com.example.app1

exit value (0)
, command: C:\ -s S943584 shell pm clear com.example.app1

exit value (0)
, command: C:\ -s S943584 shell dumpsys package com.example.app2

exit value (0)
, command: C:\ -s S943584 shell pm clear com.example.app2

exit value (0)
, command: C:\ -s S943584 shell dumpsys package com.example.app3

exit value (0)
, command: C:\ -s S943584 shell pm clear com.example.app3

exit value (0)
, command: C:\ -s S943584 shell dumpsys package com.example.app4

exit value (0)
, command: C:\ -s S943584 shell pm clear com.example.app4

exit value (0)
, command: C:\ -s emulator-5154 shell pm list packages -f
package:/data/app/com.example.app1/base.apk=com.example.app1
package:/data/app/com.example.app2/base.apk=com.example.app2
package:/data/app/com.example.app3/base.apk=com.example.app3
package:/data/app/com.example.app4/base.apk=com.example.app4

exit value (0)
, command: C:\ -s emulator-5154 shell dumpsys package com.example.app1

exit value (0)
, command: C:\ -s emulator-5154 shell pm clear com.example.app1

exit value (0)
, command: C:\ -s emulator-5154 shell dumpsys package com.example.app2

exit value (0)
, command: C:\ -s emulator-5154 shell pm clear com.example.app2

exit value (0)
, command: C:\ -s emulator-5154 shell dumpsys package com.example.app3

exit value (0)
, command: C:\ -s emulator-5154 shell pm clear com.example.app3

exit value (0)
, command: C:\ -s emulator-5154 shell dumpsys package com.example.app4

exit value (0)
, command: C:\ -s emulator-5154 shell pm clear com.example.app4

exit value (0)
]
waiting for device...
Found 3 device(s). Start apps matching packages 'com.example.*'. Activity start delay is 0 sec. Skips user prompt.

TestBrand [S128376]
	com.example.app1	starting app
	com.example.app2	starting app
	com.example.app3	starting app
	com.example.app4	starting app

TestSam [S943584]
	com.example.app1	starting app
	com.example.app2	starting app
	com.example.app3	starting app
	com.example.app4	starting app

Android_SDK_built_for_x86 [emulator-5154]
	com.example.app1	starting app
	com.example.app2	starting app
	com.example.app3	starting app
	com.example.app4	starting app

[Thu Jul 30 22:58:36 UTC 2020][vnull]
12 apps were started on 3 device(s). Took 0.01 seconds.
[command: C:\ start-server

exit value (0)
, command: C:\ wait-for-device

exit value (0)
, command: C:\ devices -l
List of devices attached
S128376	device product:iAndroid model:TestBrand device:iAndroid
S943584	device product:Galaxy S0 model:TestSam device:Galaxy S0
emulator-5154	device product:sdk_google_phone_x86 model:Android_SDK_built_for_x86 device:sdk_google_phone_x86

exit value (0)
, command: C:\ -s S128376 shell pm list packages -f
package:/data/app/com.example.app1/base.apk=com.example.app1
package:/data/app/com.example.app2/base.apk=com.example.app2
package:/data/app/com.example.app3/base.apk=com.example.app3
package:/data/app/com.example.app4/base.apk=com.example.app4

exit value (0)
, command: C:\ -s S128376 shell input keyevent KEYCODE_WAKEUP

exit value (0)
, command: C:\ -s S128376 shell dumpsys package com.example.app1

exit value (0)
, command: C:\ -s S128376 shell monkey -p com.example.app1 -c android.intent.category.LAUNCHER 1

exit value (0)
, command: C:\ -s S128376 shell dumpsys package com.example.app2

exit value (0)
, command: C:\ -s S128376 shell monkey -p com.example.app2 -c android.intent.category.LAUNCHER 1

exit value (0)
, command: C:\ -s S128376 shell dumpsys package com.example.app3

exit value (0)
, command: C:\ -s S128376 shell monkey -p com.example.app3 -c android.intent.category.LAUNCHER 1

exit value (0)
, command: C:\ -s S128376 shell dumpsys package com.example.app4

exit value (0)
, command: C:\ -s S128376 shell monkey -p com.example.app4 -c android.intent.category.LAUNCHER 1

exit value (0)
, command: C:\ -s S943584 shell pm list packages -f
package:/data/app/com.example.app1/base.apk=com.example.app1
package:/data/app/com.example.app2/base.apk=com.example.app2
package:/data/app/com.example.app3/base.apk=com.example.app3
package:/data/app/com.example.app4/base.apk=com.example.app4

exit value (0)
, command: C:\ -s S943584 shell input keyevent KEYCODE_WAKEUP

exit value (0)
, command: C:\ -s S943584 shell dumpsys package com.example.app1

exit value (0)
, command: C:\ -s S943584 shell monkey -p com.example.app1 -c android.intent.category.LAUNCHER 1

exit value (0)
, command: C:\ -s S943584 shell dumpsys package com.example.app2

exit value (0)
, command: C:\ -s S943584 shell monkey -p com.example.app2 -c android.intent.category.LAUNCHER 1

exit value (0)
, command: C:\ -s S943584 shell dumpsys package com.example.app3

exit value (0)
, command: C:\ -s S943584 shell monkey -p com.example.app3 -c android.intent.category.LAUNCHER 1

exit value (0)
, command: C:\ -s S943584 shell dumpsys package com.example.app4

exit value (0)
, command: C:\ -s S943584 shell monkey -p com.example.app4 -c android.intent.category.LAUNCHER 1

exit value (0)
, command: C:\ -s emulator-5154 shell pm list packages -f
package:/data/app/com.example.app1/base.apk=com.example.app1
package:/data/app/com.example.app2/base.apk=com.example.app2
package:/data/app/com.example.app3/base.apk=com.example.app3
package:/data/app/com.example.app4/base.apk=com.example.app4

exit value (0)
, command: C:\ -s emulator-5154 shell input keyevent KEYCODE_WAKEUP

exit value (0)
, command: C:\ -s emulator-5154 shell dumpsys package com.example.app1

exit value (0)
, command: C:\ -s emulator-5154 shell monkey -p com.example.app1 -c android.intent.category.LAUNCHER 1

exit value (0)
, command: C:\ -s emulator-5154 shell dumpsys package com.example.app2

exit value (0)
, command: C:\ -s emulator-5154 shell monkey -p com.example.app2 -c android.intent.category.LAUNCHER 1

exit value (0)
, command: C:\ -s emulator-5154 shell dumpsys package com.example.app3

exit value (0)
, command: C:\ -s emulator-5154 shell monkey -p com.example.app3 -c android.intent.category.LAUNCHER 1

exit value (0)
, command: C:\ -s emulator-5154 shell dumpsys package com.example.app4

exit value (0)
, command: C:\ -s emulator-5154 shell monkey -p com.example.app4 -c android.intent.category.LAUNCHER 1

exit value (0)
]
Found 3 device(s). Force stopping packages 'com.example.*'. Skips user prompt.

TestBrand [S128376]
	com.example.app1	stopped
	com.example.app2	stopped
	com.example.app3	stopped
	com.example.app4	stopped

TestSam [S943584]
	com.example.app1	stopped
	com.example.app2	stopped
	com.example.app3	stopped
	com.example.app4	stopped

Android_SDK_built_for_x86 [emulator-5154]
	com.example.app1	stopped
	com.example.app2	stopped
	com.example.app3	stopped
	com.example.app4	stopped

[Thu Jul 30 22:58:36 UTC 2020][vnull]
12 apps were stopped on 3 device(s). Took 0.00 seconds.
[command: C:\ start-server

exit value (0)
, command: C:\ devices -l
List of devices attached
S128376	device product:iAndroid model:TestBrand device:iAndroid
S943584	device product:Galaxy S0 model:TestSam device:Galaxy S0
emulator-5154	device product:sdk_google_phone_x86 model:Android_SDK_built_for_x86 device:sdk_google_phone_x86

exit value (0)
, command: C:\ -s S128376 shell pm list packages -f
package:/data/app/com.example.app1/base.apk=com.example.app1
package:/data/app/com.example.app2/base.apk=com.example.app2
package:/data/app/com.example.app3/base.apk=com.example.app3
package:/data/app/com.example.app4/base.apk=com.example.app4

exit value (0)
, command: C:\ -s S128376 shell input keyevent KEYCODE_WAKEUP

exit value (0)
, command: C:\ -s S128376 shell dumpsys package com.example.app1

exit value (0)
, command: C:\ -s S128376 shell am force-stop com.example.app1

exit value (0)
, command: C:\ -s S128376 shell dumpsys package com.example.app2

exit value (0)
, command: C:\ -s S128376 shell am force-stop com.example.app2

exit value (0)
, command: C:\ -s S128376 shell dumpsys package com.example.app3

exit value (0)
, command: C:\ -s S128376 shell am force-stop com.example.app3

exit value (0)
, command: C:\ -s S128376 shell dumpsys package com.example.app4

exit value (0)
, command: C:\ -s S128376 shell am force-stop com.example.app4

exit value (0)
, command: C:\ -s S943584 shell pm list packages -f
package:/data/app/com.example.app1/base.apk=com.example.app1
package:/data/app/com.example.app2/base.apk=com.example.app2
package:/data/app/com.example.app3/base.apk=com.example.app3
package:/data/app/com.example.app4/base.apk=com.example.app4

exit value (0)
, command: C:\ -s S943584 shell input keyevent KEYCODE_WAKEUP

exit value (0)
, command: C:\ -s S943584 shell dumpsys package com.example.app1

exit value (0)
, command: C:\ -s S943584 shell am force-stop com.example.app1

exit value (0)
, command: C:\ -s S943584 shell dumpsys package com.example.app2

exit value (0)
, command: C:\ -s S943584 shell am force-stop com.example.app2

exit value (0)
, command: C:\ -s S943584 shell dumpsys package com.example.app3

exit value (0)
, command: C:\ -s S943584 shell am force-stop com.example.app3

exit value (0)
, command: C:\ -s S943584 shell dumpsys package com.example.app4

exit value (0)
, command: C:\ -s S943584 shell am force-stop com.example.app4

exit value (0)
, command: C:\ -s emulator-5154 shell pm list packages -f
package:/data/app/com.example.app1/base.apk=com.example.app1
package:/data/app/com.example.app2/base.apk=com.example.app2
package:/data/app/com.example.app3/base.apk=com.example.app3
package:/data/app/com.example.app4/base.apk=com.example.app4

exit value (0)
, command: C:\ -s emulator-5154 shell input keyevent KEYCODE_WAKEUP

exit value (0)
, command: C:\ -s emulator-5154 shell dumpsys package com.example.app1

exit value (0)
, command: C:\ -s emulator-5154 shell am force-stop com.example.app1

exit value (0)
, command: C:\ -s emulator-5154 shell dumpsys package com.example.app2

exit value (0)
, command: C:\ -s emulator-5154 shell am force-stop com.example.app2

exit value (0)
, command: C:\ -s emulator-5154 shell dumpsys package com.example.app3

exit value (0)
, command: C:\ -s emulator-5154 shell am force-stop com.example.app3

exit value (0)
, command: C:\ -s emulator-5154 shell dumpsys package com.example.app4

exit value (0)
, command: C:\ -s emulator-5154 shell am force-stop com.example.app4

exit value (0)
]
Found 3 device(s). Installing '/tmp/tmp8qfmfkye/uber-adb-tools/target/test-classes/apks'. Skips user prompt.

TestBrand [S128376]
	app-first-debug.apk (0.03 MiB)
		checksum: 435cb4fe68528e6e1f0b8f9b1c42a8a4f7124c4161cb3bb0b31164b87fb6d4e7 (sha256)
		Success
	app-fourth-debug.apk (0.03 MiB)
		checksum: 7f73e98deb45e4aa99cc3125885538e17934c07beaac8a25b53e8f927179de3f (sha256)
		Success
	app-second-debug.apk (0.03 MiB)
		checksum: 26622573ca40e979b99d3d2b364e8b63a2a03bfcea41225c18ef0ba6e3c1f1b (sha256)
		Success
	app-third-debug.apk (0.03 MiB)
		checksum: 90006b9b778533c8dfb613fb61b4e2a724235fc83083953e5a6593cfa0d564fb (sha256)
		Success

[Thu Jul 30 22:58:36 UTC 2020][vnull]
4 apps were installed on 1 device(s). Took 0.01 seconds.
[command: C:\ start-server

exit value (0)
, command: C:\ devices -l
List of devices attached
S128376	device product:iAndroid model:TestBrand device:iAndroid
S943584	device product:Galaxy S0 model:TestSam device:Galaxy S0
emulator-5154	device product:sdk_google_phone_x86 model:Android_SDK_built_for_x86 device:sdk_google_phone_x86

exit value (0)
, command: C:\ -s S128376 shell pm list packages -f
package:/data/app/com.example.app1/base.apk=com.example.app1
package:/data/app/com.example.app2/base.apk=com.example.app2
package:/data/app/com.example.app3/base.apk=com.example.app3
package:/data/app/com.example.app4/base.apk=com.example.app4

exit value (0)
, command: C:\ -s S128376 install /tmp/tmp8qfmfkye/uber-adb-tools/target/test-classes/apks/app-first-debug.apk
Success
exit value (0)
, command: C:\ -s S128376 install /tmp/tmp8qfmfkye/uber-adb-tools/target/test-classes/apks/app-fourth-debug.apk
Success
exit value (0)
, command: C:\ -s S128376 install /tmp/tmp8qfmfkye/uber-adb-tools/target/test-classes/apks/app-second-debug.apk
Success
exit value (0)
, command: C:\ -s S128376 install /tmp/tmp8qfmfkye/uber-adb-tools/target/test-classes/apks/app-third-debug.apk
Success
exit value (0)
]
Found 3 device(s). Uninstalling with filter 'com.example.*'. Skips user prompt.

TestBrand [S128376]
	com.example.app1	skip
	com.example.app2	skip
	com.example.app3	skip
	com.example.app4	skip

TestSam [S943584]
	com.example.app1	skip
	com.example.app2	skip
	com.example.app3	skip
	com.example.app4	skip

Android_SDK_built_for_x86 [emulator-5154]
	com.example.app1	skip
	com.example.app2	skip
	com.example.app3	skip
	com.example.app4	skip

[Thu Jul 30 22:58:36 UTC 2020][vnull]
0 apps were uninstalled on 3 device(s). Took 0.01 seconds.
[command: C:\ start-server

exit value (0)
, command: C:\ devices -l
List of devices attached
S128376	device product:iAndroid model:TestBrand device:iAndroid
S943584	device product:Galaxy S0 model:TestSam device:Galaxy S0
emulator-5154	device product:sdk_google_phone_x86 model:Android_SDK_built_for_x86 device:sdk_google_phone_x86

exit value (0)
, command: C:\ -s S128376 shell pm list packages -f
package:/data/app/com.example.app1/base.apk=com.example.app1
package:/data/app/com.example.app2/base.apk=com.example.app2
package:/data/app/com.example.app3/base.apk=com.example.app3
package:/data/app/com.example.app4/base.apk=com.example.app4

exit value (0)
, command: C:\ -s S128376 shell dumpsys package com.example.app1

exit value (0)
, command: C:\ -s S128376 shell dumpsys package com.example.app2

exit value (0)
, command: C:\ -s S128376 shell dumpsys package com.example.app3

exit value (0)
, command: C:\ -s S128376 shell dumpsys package com.example.app4

exit value (0)
, command: C:\ -s S943584 shell pm list packages -f
package:/data/app/com.example.app1/base.apk=com.example.app1
package:/data/app/com.example.app2/base.apk=com.example.app2
package:/data/app/com.example.app3/base.apk=com.example.app3
package:/data/app/com.example.app4/base.apk=com.example.app4

exit value (0)
, command: C:\ -s S943584 shell dumpsys package com.example.app1

exit value (0)
, command: C:\ -s S943584 shell dumpsys package com.example.app2

exit value (0)
, command: C:\ -s S943584 shell dumpsys package com.example.app3

exit value (0)
, command: C:\ -s S943584 shell dumpsys package com.example.app4

exit value (0)
, command: C:\ -s emulator-5154 shell pm list packages -f
package:/data/app/com.example.app1/base.apk=com.example.app1
package:/data/app/com.example.app2/base.apk=com.example.app2
package:/data/app/com.example.app3/base.apk=com.example.app3
package:/data/app/com.example.app4/base.apk=com.example.app4

exit value (0)
, command: C:\ -s emulator-5154 shell dumpsys package com.example.app1

exit value (0)
, command: C:\ -s emulator-5154 shell dumpsys package com.example.app2

exit value (0)
, command: C:\ -s emulator-5154 shell dumpsys package com.example.app3

exit value (0)
, command: C:\ -s emulator-5154 shell dumpsys package com.example.app4

exit value (0)
]
Found 3 device(s). Installing '/tmp/tmp8qfmfkye/uber-adb-tools/target/test-classes/apks'.

TestBrand [S128376]
	app-first-debug.apk (0.03 MiB)
		checksum: 435cb4fe68528e6e1f0b8f9b1c42a8a4f7124c4161cb3bb0b31164b87fb6d4e7 (sha256)

	app-fourth-debug.apk (0.03 MiB)
		checksum: 7f73e98deb45e4aa99cc3125885538e17934c07beaac8a25b53e8f927179de3f (sha256)

	app-second-debug.apk (0.03 MiB)
		checksum: 26622573ca40e979b99d3d2b364e8b63a2a03bfcea41225c18ef0ba6e3c1f1b (sha256)

	app-third-debug.apk (0.03 MiB)
		checksum: 90006b9b778533c8dfb613fb61b4e2a724235fc83083953e5a6593cfa0d564fb (sha256)


TestSam [S943584]
	app-first-debug.apk (0.03 MiB)
		checksum: 435cb4fe68528e6e1f0b8f9b1c42a8a4f7124c4161cb3bb0b31164b87fb6d4e7 (sha256)

	app-fourth-debug.apk (0.03 MiB)
		checksum: 7f73e98deb45e4aa99cc3125885538e17934c07beaac8a25b53e8f927179de3f (sha256)

	app-second-debug.apk (0.03 MiB)
		checksum: 26622573ca40e979b99d3d2b364e8b63a2a03bfcea41225c18ef0ba6e3c1f1b (sha256)

	app-third-debug.apk (0.03 MiB)
		checksum: 90006b9b778533c8dfb613fb61b4e2a724235fc83083953e5a6593cfa0d564fb (sha256)


Android_SDK_built_for_x86 [emulator-5154]
	app-first-debug.apk (0.03 MiB)
		checksum: 435cb4fe68528e6e1f0b8f9b1c42a8a4f7124c4161cb3bb0b31164b87fb6d4e7 (sha256)

	app-fourth-debug.apk (0.03 MiB)
		checksum: 7f73e98deb45e4aa99cc3125885538e17934c07beaac8a25b53e8f927179de3f (sha256)

	app-second-debug.apk (0.03 MiB)
		checksum: 26622573ca40e979b99d3d2b364e8b63a2a03bfcea41225c18ef0ba6e3c1f1b (sha256)

	app-third-debug.apk (0.03 MiB)
		checksum: 90006b9b778533c8dfb613fb61b4e2a724235fc83083953e5a6593cfa0d564fb (sha256)


TestBrand [S128376]
	app-first-debug.apk (0.03 MiB)
		checksum: 435cb4fe68528e6e1f0b8f9b1c42a8a4f7124c4161cb3bb0b31164b87fb6d4e7 (sha256)
		Success
	app-fourth-debug.apk (0.03 MiB)
		checksum: 7f73e98deb45e4aa99cc3125885538e17934c07beaac8a25b53e8f927179de3f (sha256)
		Success
	app-second-debug.apk (0.03 MiB)
		checksum: 26622573ca40e979b99d3d2b364e8b63a2a03bfcea41225c18ef0ba6e3c1f1b (sha256)
		Success
	app-third-debug.apk (0.03 MiB)
		checksum: 90006b9b778533c8dfb613fb61b4e2a724235fc83083953e5a6593cfa0d564fb (sha256)
		Success

TestSam [S943584]
	app-first-debug.apk (0.03 MiB)
		checksum: 435cb4fe68528e6e1f0b8f9b1c42a8a4f7124c4161cb3bb0b31164b87fb6d4e7 (sha256)
		Success
	app-fourth-debug.apk (0.03 MiB)
		checksum: 7f73e98deb45e4aa99cc3125885538e17934c07beaac8a25b53e8f927179de3f (sha256)
		Success
	app-second-debug.apk (0.03 MiB)
		checksum: 26622573ca40e979b99d3d2b364e8b63a2a03bfcea41225c18ef0ba6e3c1f1b (sha256)
		Success
	app-third-debug.apk (0.03 MiB)
		checksum: 90006b9b778533c8dfb613fb61b4e2a724235fc83083953e5a6593cfa0d564fb (sha256)
		Success

Android_SDK_built_for_x86 [emulator-5154]
	app-first-debug.apk (0.03 MiB)
		checksum: 435cb4fe68528e6e1f0b8f9b1c42a8a4f7124c4161cb3bb0b31164b87fb6d4e7 (sha256)
		Success
	app-fourth-debug.apk (0.03 MiB)
		checksum: 7f73e98deb45e4aa99cc3125885538e17934c07beaac8a25b53e8f927179de3f (sha256)
		Success
	app-second-debug.apk (0.03 MiB)
		checksum: 26622573ca40e979b99d3d2b364e8b63a2a03bfcea41225c18ef0ba6e3c1f1b (sha256)
		Success
	app-third-debug.apk (0.03 MiB)
		checksum: 90006b9b778533c8dfb613fb61b4e2a724235fc83083953e5a6593cfa0d564fb (sha256)
		Success

[Thu Jul 30 22:58:36 UTC 2020][vnull]
12 apps were installed on 3 device(s). Took 0.02 seconds.
[command: C:\ start-server

exit value (0)
, command: C:\ devices -l
List of devices attached
S128376	device product:iAndroid model:TestBrand device:iAndroid
S943584	device product:Galaxy S0 model:TestSam device:Galaxy S0
emulator-5154	device product:sdk_google_phone_x86 model:Android_SDK_built_for_x86 device:sdk_google_phone_x86

exit value (0)
, command: C:\ -s S128376 shell pm list packages -f
package:/data/app/com.example.app1/base.apk=com.example.app1
package:/data/app/com.example.app2/base.apk=com.example.app2
package:/data/app/com.example.app3/base.apk=com.example.app3
package:/data/app/com.example.app4/base.apk=com.example.app4

exit value (0)
, command: C:\ -s S943584 shell pm list packages -f
package:/data/app/com.example.app1/base.apk=com.example.app1
package:/data/app/com.example.app2/base.apk=com.example.app2
package:/data/app/com.example.app3/base.apk=com.example.app3
package:/data/app/com.example.app4/base.apk=com.example.app4

exit value (0)
, command: C:\ -s emulator-5154 shell pm list packages -f
package:/data/app/com.example.app1/base.apk=com.example.app1
package:/data/app/com.example.app2/base.apk=com.example.app2
package:/data/app/com.example.app3/base.apk=com.example.app3
package:/data/app/com.example.app4/base.apk=com.example.app4

exit value (0)
, command: C:\ -s S128376 shell pm list packages -f
package:/data/app/com.example.app1/base.apk=com.example.app1
package:/data/app/com.example.app2/base.apk=com.example.app2
package:/data/app/com.example.app3/base.apk=com.example.app3
package:/data/app/com.example.app4/base.apk=com.example.app4

exit value (0)
, command: C:\ -s S128376 install /tmp/tmp8qfmfkye/uber-adb-tools/target/test-classes/apks/app-first-debug.apk
Success
exit value (0)
, command: C:\ -s S128376 install /tmp/tmp8qfmfkye/uber-adb-tools/target/test-classes/apks/app-fourth-debug.apk
Success
exit value (0)
, command: C:\ -s S128376 install /tmp/tmp8qfmfkye/uber-adb-tools/target/test-classes/apks/app-second-debug.apk
Success
exit value (0)
, command: C:\ -s S128376 install /tmp/tmp8qfmfkye/uber-adb-tools/target/test-classes/apks/app-third-debug.apk
Success
exit value (0)
, command: C:\ -s S943584 shell pm list packages -f
package:/data/app/com.example.app1/base.apk=com.example.app1
package:/data/app/com.example.app2/base.apk=com.example.app2
package:/data/app/com.example.app3/base.apk=com.example.app3
package:/data/app/com.example.app4/base.apk=com.example.app4

exit value (0)
, command: C:\ -s S943584 install /tmp/tmp8qfmfkye/uber-adb-tools/target/test-classes/apks/app-first-debug.apk
Success
exit value (0)
, command: C:\ -s S943584 install /tmp/tmp8qfmfkye/uber-adb-tools/target/test-classes/apks/app-fourth-debug.apk
Success
exit value (0)
, command: C:\ -s S943584 install /tmp/tmp8qfmfkye/uber-adb-tools/target/test-classes/apks/app-second-debug.apk
Success
exit value (0)
, command: C:\ -s S943584 install /tmp/tmp8qfmfkye/uber-adb-tools/target/test-classes/apks/app-third-debug.apk
Success
exit value (0)
, command: C:\ -s emulator-5154 shell pm list packages -f
package:/data/app/com.example.app1/base.apk=com.example.app1
package:/data/app/com.example.app2/base.apk=com.example.app2
package:/data/app/com.example.app3/base.apk=com.example.app3
package:/data/app/com.example.app4/base.apk=com.example.app4

exit value (0)
, command: C:\ -s emulator-5154 install /tmp/tmp8qfmfkye/uber-adb-tools/target/test-classes/apks/app-first-debug.apk
Success
exit value (0)
, command: C:\ -s emulator-5154 install /tmp/tmp8qfmfkye/uber-adb-tools/target/test-classes/apks/app-fourth-debug.apk
Success
exit value (0)
, command: C:\ -s emulator-5154 install /tmp/tmp8qfmfkye/uber-adb-tools/target/test-classes/apks/app-second-debug.apk
Success
exit value (0)
, command: C:\ -s emulator-5154 install /tmp/tmp8qfmfkye/uber-adb-tools/target/test-classes/apks/app-third-debug.apk
Success
exit value (0)
]
waiting for device...
No ready devices found.
No apps installed.

Cmd history for debugging purpose:
-----------------------
command: C:\ start-server

exit value (0)
command: C:\ wait-for-device

exit value (0)
command: C:\ devices -l
List of devices attached

exit value (0)

[]
Found 3 device(s). Installing '/tmp/tmp8qfmfkye/uber-adb-tools/target/test-classes/apks'. Skips user prompt.

TestBrand [S128376]
	app-first-debug.apk (0.03 MiB)
		checksum: 435cb4fe68528e6e1f0b8f9b1c42a8a4f7124c4161cb3bb0b31164b87fb6d4e7 (sha256)
		Success
	app-fourth-debug.apk (0.03 MiB)
		checksum: 7f73e98deb45e4aa99cc3125885538e17934c07beaac8a25b53e8f927179de3f (sha256)
		Success
	app-second-debug.apk (0.03 MiB)
		checksum: 26622573ca40e979b99d3d2b364e8b63a2a03bfcea41225c18ef0ba6e3c1f1b (sha256)
		Success
	app-third-debug.apk (0.03 MiB)
		checksum: 90006b9b778533c8dfb613fb61b4e2a724235fc83083953e5a6593cfa0d564fb (sha256)
		Success

TestSam [S943584]
	app-first-debug.apk (0.03 MiB)
		checksum: 435cb4fe68528e6e1f0b8f9b1c42a8a4f7124c4161cb3bb0b31164b87fb6d4e7 (sha256)
		Success
	app-fourth-debug.apk (0.03 MiB)
		checksum: 7f73e98deb45e4aa99cc3125885538e17934c07beaac8a25b53e8f927179de3f (sha256)
		Success
	app-second-debug.apk (0.03 MiB)
		checksum: 26622573ca40e979b99d3d2b364e8b63a2a03bfcea41225c18ef0ba6e3c1f1b (sha256)
		Success
	app-third-debug.apk (0.03 MiB)
		checksum: 90006b9b778533c8dfb613fb61b4e2a724235fc83083953e5a6593cfa0d564fb (sha256)
		Success

Android_SDK_built_for_x86 [emulator-5154] (skip)

[Thu Jul 30 22:58:36 UTC 2020][vnull]
8 apps were installed on 2 device(s). Took 0.01 seconds.
[command: C:\ start-server

exit value (0)
, command: C:\ devices -l
List of devices attached
S128376	device product:iAndroid model:TestBrand device:iAndroid
S943584	device product:Galaxy S0 model:TestSam device:Galaxy S0
emulator-5154	device product:sdk_google_phone_x86 model:Android_SDK_built_for_x86 device:sdk_google_phone_x86

exit value (0)
, command: C:\ -s S128376 shell pm list packages -f
package:/data/app/com.example.app1/base.apk=com.example.app1
package:/data/app/com.example.app2/base.apk=com.example.app2
package:/data/app/com.example.app3/base.apk=com.example.app3
package:/data/app/com.example.app4/base.apk=com.example.app4

exit value (0)
, command: C:\ -s S128376 install /tmp/tmp8qfmfkye/uber-adb-tools/target/test-classes/apks/app-first-debug.apk
Success
exit value (0)
, command: C:\ -s S128376 install /tmp/tmp8qfmfkye/uber-adb-tools/target/test-classes/apks/app-fourth-debug.apk
Success
exit value (0)
, command: C:\ -s S128376 install /tmp/tmp8qfmfkye/uber-adb-tools/target/test-classes/apks/app-second-debug.apk
Success
exit value (0)
, command: C:\ -s S128376 install /tmp/tmp8qfmfkye/uber-adb-tools/target/test-classes/apks/app-third-debug.apk
Success
exit value (0)
, command: C:\ -s S943584 shell pm list packages -f
package:/data/app/com.example.app1/base.apk=com.example.app1
package:/data/app/com.example.app2/base.apk=com.example.app2
package:/data/app/com.example.app3/base.apk=com.example.app3
package:/data/app/com.example.app4/base.apk=com.example.app4

exit value (0)
, command: C:\ -s S943584 install /tmp/tmp8qfmfkye/uber-adb-tools/target/test-classes/apks/app-first-debug.apk
Success
exit value (0)
, command: C:\ -s S943584 install /tmp/tmp8qfmfkye/uber-adb-tools/target/test-classes/apks/app-fourth-debug.apk
Success
exit value (0)
, command: C:\ -s S943584 install /tmp/tmp8qfmfkye/uber-adb-tools/target/test-classes/apks/app-second-debug.apk
Success
exit value (0)
, command: C:\ -s S943584 install /tmp/tmp8qfmfkye/uber-adb-tools/target/test-classes/apks/app-third-debug.apk
Success
exit value (0)
, command: C:\ -s emulator-5154 shell pm list packages -f
package:/data/app/com.example.app1/base.apk=com.example.app1
package:/data/app/com.example.app2/base.apk=com.example.app2
package:/data/app/com.example.app3/base.apk=com.example.app3
package:/data/app/com.example.app4/base.apk=com.example.app4

exit value (0)
]
Found 1 device(s). Uninstalling with filter 'com.example.*'. Skips user prompt.

TestBrand [S128376]
	com.example.app1	Success
	com.example.app2	Success
	com.example.app3	Success
	com.example.app4	Success

[Thu Jul 30 22:58:36 UTC 2020][vnull]
4 apps were uninstalled on 1 device(s). Took 0.00 seconds.
[]
Tests run: 23, Failures: 0, Errors: 0, Skipped: 0, Time elapsed: 0.6 sec - in at.favre.tools.uberadb.AdbToolTest
Running at.favre.tools.uberadb.AdbLocationFinderImplTest
Tests run: 1, Failures: 0, Errors: 0, Skipped: 0, Time elapsed: 0 sec - in at.favre.tools.uberadb.AdbLocationFinderImplTest
Running at.favre.tools.uberadb.ui.CLIParserTest
usage: -i <apk file/folder> | -u <package filter> | -b <out folder> | -force-stop <package filter> | -clear <package
          filter> | appinfo <package filter> | --help
Version:null
       --adbPath <path>                         Full path to adb executable. If this is omitted the tool tries to find
                                                adb in PATH env variable.
       --appinfo <package filter>               Will show additional information for like version, install-time, etc of
                                                the apps matching the argument. Argument is the filter string that has
                                                to be a package name or part of it containing wildcards '*'. Can be
                                                multiple filter Strings space separated. Example: 'com.android.*' or
                                                'com.android.* com.google.*'.
    -b,--bugreport <out folder>                 Creates a generic bug report (including eg. logcat and screenshot) from
                                                all connected devices and zips it to the folder given as arg. If no
                                                folder is given tries to zips it in the location of the .jar.
       --clear <package filter>                 Will clear app data for given packages. Argument is the filter string
                                                that has to be a package name or part of it containing wildcards '*'.
                                                Can be multiple filter Strings space separated. Example: 'com.android.*'
                                                or 'com.android.* com.google.*'.
       --debug                                  Prints additional info for debugging.
       --dryRun                                 Use this to see what would be installed/uninstalled on what devices with
                                                the given params. Will not install/uninstall anything.
       --dumpsysServices <service-name>         Only for bugreport: include only theses dumpsys services. See all
                                                services with 'adb shell dumpsys list'
       --force                                  If this flag is set all matched apps will be installed/uninstalled
                                                without any further warning. Otherwise a user input is necessary.
       --force-stop <package filter>            Will stop the process of given packages. Argument is the filter string
                                                that has to be a package name or part of it containing wildcards '*'.
                                                Can be multiple filter Strings space separated. Example: 'com.android.*'
                                                or 'com.android.* com.google.*'.
       --grant                                  Only for install: will grant all permissions set in the apk
                                                automatically.
    -h,--help                                   Prints docs
    -i,--install <apk file/folder>              Provide path to an apk file or folder containing apk files and the tool
                                                tries to install all of them to all connected devices (if not a specfic
                                                device is selected). It is possible to pass multiple files/folders as
                                                arguments e.g. '/apks apk1.apk apk2.apk'
       --keepData                               Only for uninstall: Uses the '-k' param on 'adb uninstall' to keep data
                                                and caches of the app.
       --quiet                                  Prints less output.
       --reportDebugIntent <package> <intent>   Only for Bugreport: This is useful to start a e.g. activity that e.g.
                                                logs additional info before reading the logcat. First param is a package
                                                filter (see --uninstall argument) followed by a series of params
                                                appended to a 'adb shell am' type command to start an activity or
                                                service (See https://goo.gl/MGK7ck). This will be executed for each
                                                app/package that is matched by the first parameter. You can use the
                                                placeholder '${package}' and will substitute the package name. Example:
                                                'com.google* start -n ${package}/com.myapp.LogActivity --ez LOG true'
                                                See https://goo.gl/luuPfz for the correct intent start syntax.
    -s,--serial <device serial>                 If this is set, will only use given device. Default is all connected
                                                devices. Device id is the same that is given by 'adb devices'
       --simpleBugreport                        Only for bugreport: report will only contain the most essential data
       --skipEmulators                          Skips device emulators for install/uninstall.
       --start <package filter> <[seconds]>     Will start the launcher activity of this app. Argument is the filter
                                                string that has to be a package name or part of it containing wildcards
                                                '*'. Can be multiple filter Strings space separated. Example:
                                                'com.android.*' or 'com.android.* com.google.*'. The last argument may
                                                be a int in seconds which represents the wait time between the apps eg.:
                                                'com.exmaple.* 10' will have a 10 sec delay between starts.
    -u,--uninstall <package filter>             Filter string that has to be a package name or part of it containing
                                                wildcards '*' for uninstalling. Can be multiple filter Strings space
                                                separated. Example: 'com.android.*' or 'com.android.* com.google.*'.
       --upgrade                                Only for install: Uses the '-r' param on 'adb install' for trying to
                                                reinstall the app and keeping its data.
    -v,--version                                Prints current version.
       --waitForDevice                          If set, will wait until a device is connected and debug mode is enabled.
The option 'u' was specified but an option from this group has already been selected: 'i'
usage: -i <apk file/folder> | -u <package filter> | -b <out folder> | -force-stop <package filter> | -clear <package
          filter> | appinfo <package filter> | --help
Version:null
       --adbPath <path>                         Full path to adb executable. If this is omitted the tool tries to find
                                                adb in PATH env variable.
       --appinfo <package filter>               Will show additional information for like version, install-time, etc of
                                                the apps matching the argument. Argument is the filter string that has
                                                to be a package name or part of it containing wildcards '*'. Can be
                                                multiple filter Strings space separated. Example: 'com.android.*' or
                                                'com.android.* com.google.*'.
    -b,--bugreport <out folder>                 Creates a generic bug report (including eg. logcat and screenshot) from
                                                all connected devices and zips it to the folder given as arg. If no
                                                folder is given tries to zips it in the location of the .jar.
       --clear <package filter>                 Will clear app data for given packages. Argument is the filter string
                                                that has to be a package name or part of it containing wildcards '*'.
                                                Can be multiple filter Strings space separated. Example: 'com.android.*'
                                                or 'com.android.* com.google.*'.
       --debug                                  Prints additional info for debugging.
       --dryRun                                 Use this to see what would be installed/uninstalled on what devices with
                                                the given params. Will not install/uninstall anything.
       --dumpsysServices <service-name>         Only for bugreport: include only theses dumpsys services. See all
                                                services with 'adb shell dumpsys list'
       --force                                  If this flag is set all matched apps will be installed/uninstalled
                                                without any further warning. Otherwise a user input is necessary.
       --force-stop <package filter>            Will stop the process of given packages. Argument is the filter string
                                                that has to be a package name or part of it containing wildcards '*'.
                                                Can be multiple filter Strings space separated. Example: 'com.android.*'
                                                or 'com.android.* com.google.*'.
       --grant                                  Only for install: will grant all permissions set in the apk
                                                automatically.
    -h,--help                                   Prints docs
    -i,--install <apk file/folder>              Provide path to an apk file or folder containing apk files and the tool
                                                tries to install all of them to all connected devices (if not a specfic
                                                device is selected). It is possible to pass multiple files/folders as
                                                arguments e.g. '/apks apk1.apk apk2.apk'
       --keepData                               Only for uninstall: Uses the '-k' param on 'adb uninstall' to keep data
                                                and caches of the app.
       --quiet                                  Prints less output.
       --reportDebugIntent <package> <intent>   Only for Bugreport: This is useful to start a e.g. activity that e.g.
                                                logs additional info before reading the logcat. First param is a package
                                                filter (see --uninstall argument) followed by a series of params
                                                appended to a 'adb shell am' type command to start an activity or
                                                service (See https://goo.gl/MGK7ck). This will be executed for each
                                                app/package that is matched by the first parameter. You can use the
                                                placeholder '${package}' and will substitute the package name. Example:
                                                'com.google* start -n ${package}/com.myapp.LogActivity --ez LOG true'
                                                See https://goo.gl/luuPfz for the correct intent start syntax.
    -s,--serial <device serial>                 If this is set, will only use given device. Default is all connected
                                                devices. Device id is the same that is given by 'adb devices'
       --simpleBugreport                        Only for bugreport: report will only contain the most essential data
       --skipEmulators                          Skips device emulators for install/uninstall.
       --start <package filter> <[seconds]>     Will start the launcher activity of this app. Argument is the filter
                                                string that has to be a package name or part of it containing wildcards
                                                '*'. Can be multiple filter Strings space separated. Example:
                                                'com.android.*' or 'com.android.* com.google.*'. The last argument may
                                                be a int in seconds which represents the wait time between the apps eg.:
                                                'com.exmaple.* 10' will have a 10 sec delay between starts.
    -u,--uninstall <package filter>             Filter string that has to be a package name or part of it containing
                                                wildcards '*' for uninstalling. Can be multiple filter Strings space
                                                separated. Example: 'com.android.*' or 'com.android.* com.google.*'.
       --upgrade                                Only for install: Uses the '-r' param on 'adb install' for trying to
                                                reinstall the app and keeping its data.
    -v,--version                                Prints current version.
       --waitForDevice                          If set, will wait until a device is connected and debug mode is enabled.
Version: null
Tests run: 29, Failures: 0, Errors: 0, Skipped: 0, Time elapsed: 0.056 sec - in at.favre.tools.uberadb.ui.CLIParserTest
Running at.favre.tools.uberadb.parser.PackageMatcherTest
Tests run: 2, Failures: 0, Errors: 0, Skipped: 0, Time elapsed: 0 sec - in at.favre.tools.uberadb.parser.PackageMatcherTest
Running at.favre.tools.uberadb.parser.DumpsysPackageParserTest
Tests run: 6, Failures: 0, Errors: 0, Skipped: 0, Time elapsed: 0 sec - in at.favre.tools.uberadb.parser.DumpsysPackageParserTest
Running at.favre.tools.uberadb.parser.InstalledPackagesParserTest
Tests run: 5, Failures: 0, Errors: 0, Skipped: 0, Time elapsed: 0 sec - in at.favre.tools.uberadb.parser.InstalledPackagesParserTest
Running at.favre.tools.uberadb.parser.AdbDeviceParserTest
Tests run: 6, Failures: 0, Errors: 0, Skipped: 0, Time elapsed: 0 sec - in at.favre.tools.uberadb.parser.AdbDeviceParserTest
Running at.favre.tools.uberadb.parser.FileArgParserTest
Tests run: 6, Failures: 0, Errors: 0, Skipped: 0, Time elapsed: 0.013 sec - in at.favre.tools.uberadb.parser.FileArgParserTest

Results :

Tests run: 82, Failures: 0, Errors: 0, Skipped: 0

[INFO] 
[INFO] --- jacoco-maven-plugin:0.8.5:report (report) @ uber-adb-tools ---
[INFO] Loading execution data file /tmp/tmp8qfmfkye/uber-adb-tools/target/jacoco.exec
[INFO] Analyzed bundle 'uber-adb-tools' with 56 classes
[INFO] ------------------------------------------------------------------------
[INFO] BUILD SUCCESS
[INFO] ------------------------------------------------------------------------
[INFO] Total time:  43.935 s
[INFO] Finished at: 2020-07-30T22:58:38Z
[INFO] ------------------------------------------------------------------------
