[INFO] Error stacktraces are turned on.
[INFO] Scanning for projects...
[WARNING] 
[WARNING] Some problems were encountered while building the effective model for org.opennlu:opennlu:jar:0.3-SNAPSHOT
[WARNING] 'build.plugins.plugin.version' for org.apache.maven.plugins:maven-compiler-plugin is missing. @ line 51, column 15
[WARNING] 
[WARNING] It is highly recommended to fix these problems because they threaten the stability of your build.
[WARNING] 
[WARNING] For this reason, future Maven versions might no longer support building such malformed projects.
[WARNING] 
[INFO] 
[INFO] ------------------------< org.opennlu:opennlu >-------------------------
[INFO] Building opennlu 0.3-SNAPSHOT
[INFO] --------------------------------[ jar ]---------------------------------
[INFO] 
[INFO] --- jacoco-maven-plugin:0.8.5:prepare-agent (default) @ opennlu ---
[INFO] argLine set to -javaagent:/home/jdbl/.m2/repository/org/jacoco/org.jacoco.agent/0.8.5/org.jacoco.agent-0.8.5-runtime.jar=destfile=/tmp/tmpx1o1bqf7/OpenNLU/target/jacoco.exec
[INFO] 
[INFO] --- maven-resources-plugin:2.6:resources (default-resources) @ opennlu ---
[WARNING] Using platform encoding (UTF-8 actually) to copy filtered resources, i.e. build is platform dependent!
[INFO] skip non existing resourceDirectory /tmp/tmpx1o1bqf7/OpenNLU/src/main/resources
[INFO] 
[INFO] --- maven-compiler-plugin:3.1:compile (default-compile) @ opennlu ---
[INFO] Changes detected - recompiling the module!
[WARNING] File encoding has not been set, using platform encoding UTF-8, i.e. build is platform dependent!
[INFO] Compiling 38 source files to /tmp/tmpx1o1bqf7/OpenNLU/target/classes
[WARNING] /tmp/tmpx1o1bqf7/OpenNLU/src/main/java/org/opennlu/agent/training/TrainingManager.java: Some input files use or override a deprecated API.
[WARNING] /tmp/tmpx1o1bqf7/OpenNLU/src/main/java/org/opennlu/agent/training/TrainingManager.java: Recompile with -Xlint:deprecation for details.
[INFO] 
[INFO] --- maven-resources-plugin:2.6:testResources (default-testResources) @ opennlu ---
[WARNING] Using platform encoding (UTF-8 actually) to copy filtered resources, i.e. build is platform dependent!
[INFO] skip non existing resourceDirectory /tmp/tmpx1o1bqf7/OpenNLU/src/test/resources
[INFO] 
[INFO] --- maven-compiler-plugin:3.1:testCompile (default-testCompile) @ opennlu ---
[INFO] Changes detected - recompiling the module!
[WARNING] File encoding has not been set, using platform encoding UTF-8, i.e. build is platform dependent!
[INFO] Compiling 3 source files to /tmp/tmpx1o1bqf7/OpenNLU/target/test-classes
[INFO] 
[INFO] --- maven-surefire-plugin:2.19.1:test (default-test) @ opennlu ---
[INFO] Surefire report directory: /tmp/tmpx1o1bqf7/OpenNLU/target/surefire-reports

-------------------------------------------------------
 T E S T S
-------------------------------------------------------
Running tests.configuration.JsonConfigTest
Tests run: 1, Failures: 0, Errors: 0, Skipped: 0, Time elapsed: 0.93 sec - in tests.configuration.JsonConfigTest

Results :

Tests run: 1, Failures: 0, Errors: 0, Skipped: 0

[INFO] 
[INFO] --- jacoco-maven-plugin:0.8.5:report (report) @ opennlu ---
[INFO] Loading execution data file /tmp/tmpx1o1bqf7/OpenNLU/target/jacoco.exec
[INFO] Analyzed bundle 'opennlu' with 158 classes
[INFO] ------------------------------------------------------------------------
[INFO] BUILD SUCCESS
[INFO] ------------------------------------------------------------------------
[INFO] Total time:  13.247 s
[INFO] Finished at: 2020-07-30T22:36:33Z
[INFO] ------------------------------------------------------------------------
