[INFO] Error stacktraces are turned on.
[INFO] Scanning for projects...
[WARNING] 
[WARNING] Some problems were encountered while building the effective model for com.appdynamics.extensions:oracledb-monitoring-extension:jar:2.4.3
[WARNING] 'dependencies.dependency.(groupId:artifactId:type:classifier)' must be unique: com.google.guava:guava:jar -> duplicate declaration of version 18.0 @ line 58, column 17
[WARNING] 
[WARNING] It is highly recommended to fix these problems because they threaten the stability of your build.
[WARNING] 
[WARNING] For this reason, future Maven versions might no longer support building such malformed projects.
[WARNING] 
[INFO] 
[INFO] ------< com.appdynamics.extensions:oracledb-monitoring-extension >------
[INFO] Building oracle-monitoring-extension 2.4.3
[INFO] --------------------------------[ jar ]---------------------------------
[WARNING] Could not validate integrity of download from https://github.com/Appdynamics/maven-repo/raw/master/releases/com/appdynamics/machine-agent/3.7.11/machine-agent-3.7.11.pom: Checksum validation failed, no checksums available
[WARNING] Could not validate integrity of download from https://github.com/Appdynamics/maven-repo/raw/master/releases/com/appdynamics/appd-exts-commons/2.0.1/appd-exts-commons-2.0.1.pom: Checksum validation failed, no checksums available
[WARNING] Could not validate integrity of download from https://github.com/Appdynamics/maven-repo/raw/master/releases/com/appdynamics/machine-agent/3.7.11/machine-agent-3.7.11.jar: Checksum validation failed, no checksums available
[WARNING] Could not validate integrity of download from https://github.com/Appdynamics/maven-repo/raw/master/releases/com/appdynamics/appd-exts-commons/2.0.1/appd-exts-commons-2.0.1.jar: Checksum validation failed, no checksums available
[INFO] 
[INFO] --- jacoco-maven-plugin:0.8.5:prepare-agent (default) @ oracledb-monitoring-extension ---
[INFO] argLine set to -javaagent:/home/jdbl/.m2/repository/org/jacoco/org.jacoco.agent/0.8.5/org.jacoco.agent-0.8.5-runtime.jar=destfile=/tmp/tmpuhlqr2_6/oracle-monitoring-extension/target/jacoco.exec
[INFO] 
[INFO] --- maven-resources-plugin:2.6:resources (default-resources) @ oracledb-monitoring-extension ---
[INFO] Using 'UTF-8' encoding to copy filtered resources.
[INFO] Copying 2 resources
[INFO] 
[INFO] --- maven-compiler-plugin:2.3.2:compile (default-compile) @ oracledb-monitoring-extension ---
[INFO] Compiling 8 source files to /tmp/tmpuhlqr2_6/oracle-monitoring-extension/target/classes
[INFO] 
[INFO] --- maven-resources-plugin:2.6:testResources (default-testResources) @ oracledb-monitoring-extension ---
[INFO] Using 'UTF-8' encoding to copy filtered resources.
[INFO] Copying 6 resources
[INFO] 
[INFO] --- maven-compiler-plugin:2.3.2:testCompile (default-testCompile) @ oracledb-monitoring-extension ---
[INFO] Compiling 3 source files to /tmp/tmpuhlqr2_6/oracle-monitoring-extension/target/test-classes
[INFO] 
[INFO] --- maven-surefire-plugin:2.19.1:test (default-test) @ oracledb-monitoring-extension ---
[INFO] Surefire report directory: /tmp/tmpuhlqr2_6/oracle-monitoring-extension/target/surefire-reports

-------------------------------------------------------
 T E S T S
-------------------------------------------------------
Running com.appdynamics.extensions.oracledb.MetricCollectorTest
log4j:WARN No appenders could be found for logger (com.appdynamics.extensions.oracledb.MetricCollector).
log4j:WARN Please initialize the log4j system properly.
log4j:WARN See http://logging.apache.org/log4j/1.2/faq.html#noconfig for more info.
Tests run: 3, Failures: 0, Errors: 0, Skipped: 0, Time elapsed: 2.792 sec - in com.appdynamics.extensions.oracledb.MetricCollectorTest
Running com.appdynamics.extensions.oracledb.OracledbMonitorTaskTest
Tests run: 1, Failures: 0, Errors: 0, Skipped: 0, Time elapsed: 0.102 sec - in com.appdynamics.extensions.oracledb.OracledbMonitorTaskTest
Running com.appdynamics.extensions.oracledb.OracledbMonitorTest
Tests run: 1, Failures: 0, Errors: 0, Skipped: 0, Time elapsed: 0.219 sec - in com.appdynamics.extensions.oracledb.OracledbMonitorTest

Results :

Tests run: 5, Failures: 0, Errors: 0, Skipped: 0

[INFO] 
[INFO] --- jacoco-maven-plugin:0.8.5:report (report) @ oracledb-monitoring-extension ---
[INFO] Loading execution data file /tmp/tmpuhlqr2_6/oracle-monitoring-extension/target/jacoco.exec
[INFO] Analyzed bundle 'oracle-monitoring-extension' with 83 classes
[INFO] ------------------------------------------------------------------------
[INFO] BUILD SUCCESS
[INFO] ------------------------------------------------------------------------
[INFO] Total time:  33.385 s
[INFO] Finished at: 2020-07-30T15:16:56Z
[INFO] ------------------------------------------------------------------------
