[INFO] Error stacktraces are turned on.
[INFO] Scanning for projects...
[INFO] 
[INFO] -----------------------< org.lmdbjava:lmdbjava >------------------------
[INFO] Building LmdbJava 0.8.2-SNAPSHOT
[INFO] --------------------------------[ jar ]---------------------------------
[INFO] 
[INFO] --- maven-enforcer-plugin:3.0.0-M3:enforce (config-enforcer) @ lmdbjava ---
[INFO] 
[INFO] --- buildnumber-maven-plugin:1.4:create (default) @ lmdbjava ---
[INFO] Change the default 'git' provider implementation to 'jgit'.
[INFO] ShortRevision tag detected. The value is '7'.
[INFO] Storing buildNumber: 26d76be888c11d1f645f9c6902954c348e474f79 at timestamp: 1596453184597
[WARNING] Cannot get the branch information from the git repository: 
Detecting the current branch failed: fatal: ref HEAD is not a symbolic ref

[INFO] ShortRevision tag detected. The value is '7'.
[INFO] Storing buildScmBranch: UNKNOWN
[INFO] 
[INFO] --- jacoco-maven-plugin:0.8.5:prepare-agent (config-jacoco-prepare-agent) @ lmdbjava ---
[INFO] argLine set to -javaagent:/home/jdbl/.m2/repository/org/jacoco/org.jacoco.agent/0.8.5/org.jacoco.agent-0.8.5-runtime.jar=destfile=/tmp/tmpq6ktd4m1/lmdbjava/target/jacoco.exec
[INFO] 
[INFO] --- jacoco-maven-plugin:0.8.5:prepare-agent (default) @ lmdbjava ---
[INFO] argLine set to -javaagent:/home/jdbl/.m2/repository/org/jacoco/org.jacoco.agent/0.8.5/org.jacoco.agent-0.8.5-runtime.jar=destfile=/tmp/tmpq6ktd4m1/lmdbjava/target/jacoco.exec
[INFO] 
[INFO] --- maven-dependency-plugin:3.1.2:unpack (maven-dependency-unpack) @ lmdbjava ---
[INFO] 
[INFO] --- license-maven-plugin:2.0.0:update-project-license (config-license-project-update-license) @ lmdbjava ---
[INFO] Adding a license repository jar:file:/home/jdbl/.m2/repository/org/codehaus/mojo/license-maven-plugin/2.0.0/license-maven-plugin-2.0.0.jar!/META-INF/licenses
[INFO] adding extra resolver classpath://au/com/acegi/standard/licenses
[INFO] Using classpath extraresolver: au/com/acegi/standard/licenses
[INFO] Adding a license repository jar:file:/home/jdbl/.m2/repository/au/com/acegi/acegi-standard-resources/0.5.2/acegi-standard-resources-0.5.2.jar!/au/com/acegi/standard/licenses
[INFO] register COMMON DEVELOPMENT AND DISTRIBUTION LICENSE (CDDL) Version 1.0
[INFO] register GNU General Public License (GPL) version 3.0
[INFO] register MIT-License
[INFO] register GNU General Public License (GPL) version 2.0
[INFO] register GNU General Public License (GPL) version 1.0
[INFO] register GNU Free Documentation License (FDL) version 1.3
[INFO] register Eclipse Public License - v 2.0 with Secondary License
[INFO] register Eclipse Public + Distribution License - v 1.0
[INFO] register Eclipse Public License - v 2.0
[INFO] register Eclipse Public License - v 1.0
[INFO] register GNU Affero General Public License (AGPL) version 3.0
[INFO] register GNU General Lesser Public License (LGPL) version 3.0
[INFO] register GNU General Lesser Public License (LGPL) version 2.1
[INFO] register Apache License version 2.0
[INFO] register European Union Public License v1.1
[INFO] register BSD 3-Clause License
[INFO] register BSD 2-Clause License
[INFO] register Internal Use Only
[INFO] register The OpenLDAP Public License Version 2.8
[INFO] Will create or update license file [apache_v2] to /tmp/tmpq6ktd4m1/lmdbjava/LICENSE.txt
[INFO] 
[INFO] --- license-maven-plugin:2.0.0:add-third-party (config-license-add-third-party) @ lmdbjava ---
[INFO] Writing third-party file to /tmp/tmpq6ktd4m1/lmdbjava/target/generated-sources/license/THIRD-PARTY.txt
[INFO] Writing bundled third-party file to /tmp/tmpq6ktd4m1/lmdbjava/target/generated-sources/license/META-INF/lmdbjava-THIRD-PARTY.txt
[INFO] 
[INFO] --- maven-resources-plugin:3.1.0:resources (default-resources) @ lmdbjava ---
[INFO] Using 'UTF-8' encoding to copy filtered resources.
[INFO] skip non existing resourceDirectory /tmp/tmpq6ktd4m1/lmdbjava/src/main/resources
[INFO] Copying 4 resources
[INFO] 
[INFO] --- maven-compiler-plugin:3.8.1:compile (default-compile) @ lmdbjava ---
[INFO] Changes detected - recompiling the module!
[INFO] Compiling 31 source files to /tmp/tmpq6ktd4m1/lmdbjava/target/classes
[WARNING] /tmp/tmpq6ktd4m1/lmdbjava/src/main/java/org/lmdbjava/UnsafeAccess.java:[27,16] sun.misc.Unsafe is internal proprietary API and may be removed in a future release
[WARNING] /tmp/tmpq6ktd4m1/lmdbjava/src/main/java/org/lmdbjava/UnsafeAccess.java:[50,16] sun.misc.Unsafe is internal proprietary API and may be removed in a future release
[WARNING] /tmp/tmpq6ktd4m1/lmdbjava/src/main/java/org/lmdbjava/UnsafeAccess.java:[61,27] sun.misc.Unsafe is internal proprietary API and may be removed in a future release
[WARNING] /tmp/tmpq6ktd4m1/lmdbjava/src/main/java/org/lmdbjava/UnsafeAccess.java:[63,17] sun.misc.Unsafe is internal proprietary API and may be removed in a future release
[WARNING] /tmp/tmpq6ktd4m1/lmdbjava/src/main/java/org/lmdbjava/ByteBufferProxy.java:[176,26] sun.nio.ch.DirectBuffer is internal proprietary API and may be removed in a future release
[INFO] /tmp/tmpq6ktd4m1/lmdbjava/src/main/java/org/lmdbjava/KeyRange.java: /tmp/tmpq6ktd4m1/lmdbjava/src/main/java/org/lmdbjava/KeyRange.java uses unchecked or unsafe operations.
[INFO] /tmp/tmpq6ktd4m1/lmdbjava/src/main/java/org/lmdbjava/KeyRange.java: Recompile with -Xlint:unchecked for details.
[INFO] 
[INFO] --- maven-resources-plugin:3.1.0:testResources (default-testResources) @ lmdbjava ---
[INFO] Using 'UTF-8' encoding to copy filtered resources.
[INFO] skip non existing resourceDirectory /tmp/tmpq6ktd4m1/lmdbjava/src/test/resources
[INFO] 
[INFO] --- maven-compiler-plugin:3.8.1:testCompile (default-testCompile) @ lmdbjava ---
[INFO] Changes detected - recompiling the module!
[INFO] Compiling 17 source files to /tmp/tmpq6ktd4m1/lmdbjava/target/test-classes
[INFO] /tmp/tmpq6ktd4m1/lmdbjava/src/test/java/org/lmdbjava/ComparatorTest.java: /tmp/tmpq6ktd4m1/lmdbjava/src/test/java/org/lmdbjava/ComparatorTest.java uses or overrides a deprecated API.
[INFO] /tmp/tmpq6ktd4m1/lmdbjava/src/test/java/org/lmdbjava/ComparatorTest.java: Recompile with -Xlint:deprecation for details.
[INFO] 
[INFO] --- maven-surefire-plugin:2.19.1:test (default-test) @ lmdbjava ---
[INFO] Surefire report directory: /tmp/tmpq6ktd4m1/lmdbjava/target/surefire-reports

-------------------------------------------------------
 T E S T S
-------------------------------------------------------
Running org.lmdbjava.CursorIterableTest
Tests run: 24, Failures: 0, Errors: 0, Skipped: 0, Time elapsed: 1.189 sec - in org.lmdbjava.CursorIterableTest
Running org.lmdbjava.LibraryTest
Tests run: 2, Failures: 0, Errors: 0, Skipped: 0, Time elapsed: 0 sec - in org.lmdbjava.LibraryTest
Running org.lmdbjava.ComparatorTest
Tests run: 21, Failures: 0, Errors: 0, Skipped: 0, Time elapsed: 0.147 sec - in org.lmdbjava.ComparatorTest
Running org.lmdbjava.VerifierTest
Tests run: 1, Failures: 0, Errors: 0, Skipped: 0, Time elapsed: 2.066 sec - in org.lmdbjava.VerifierTest
Running org.lmdbjava.EnvTest
Tests run: 24, Failures: 0, Errors: 0, Skipped: 0, Time elapsed: 34.789 sec - in org.lmdbjava.EnvTest
Running org.lmdbjava.TutorialTest
Tests run: 7, Failures: 0, Errors: 0, Skipped: 0, Time elapsed: 3.293 sec - in org.lmdbjava.TutorialTest
Running org.lmdbjava.ByteBufferProxyTest
Tests run: 10, Failures: 0, Errors: 0, Skipped: 0, Time elapsed: 0.027 sec - in org.lmdbjava.ByteBufferProxyTest
Running org.lmdbjava.ResultCodeMapperTest
Tests run: 9, Failures: 0, Errors: 0, Skipped: 0, Time elapsed: 0.009 sec - in org.lmdbjava.ResultCodeMapperTest
Running org.lmdbjava.TxnTest
Tests run: 21, Failures: 0, Errors: 0, Skipped: 0, Time elapsed: 0.174 sec - in org.lmdbjava.TxnTest
Running org.lmdbjava.MetaTest
Tests run: 3, Failures: 0, Errors: 0, Skipped: 0, Time elapsed: 0 sec - in org.lmdbjava.MetaTest
Running org.lmdbjava.DbiTest
Tests run: 24, Failures: 0, Errors: 0, Skipped: 0, Time elapsed: 307.569 sec - in org.lmdbjava.DbiTest
Running org.lmdbjava.MaskedFlagTest
Tests run: 2, Failures: 0, Errors: 0, Skipped: 0, Time elapsed: 0.002 sec - in org.lmdbjava.MaskedFlagTest
Running org.lmdbjava.CursorParamTest
Tests run: 5, Failures: 0, Errors: 0, Skipped: 0, Time elapsed: 0.095 sec - in org.lmdbjava.CursorParamTest
Running org.lmdbjava.CursorTest
Tests run: 15, Failures: 0, Errors: 0, Skipped: 0, Time elapsed: 0.3 sec - in org.lmdbjava.CursorTest
Running org.lmdbjava.KeyRangeTest
Tests run: 19, Failures: 0, Errors: 0, Skipped: 0, Time elapsed: 0.012 sec - in org.lmdbjava.KeyRangeTest

Results :

Tests run: 187, Failures: 0, Errors: 0, Skipped: 0

[INFO] 
[INFO] --- jacoco-maven-plugin:0.8.5:report (report) @ lmdbjava ---
[INFO] Loading execution data file /tmp/tmpq6ktd4m1/lmdbjava/target/jacoco.exec
[INFO] Analyzed bundle 'LmdbJava' with 961 classes
[INFO] ------------------------------------------------------------------------
[INFO] BUILD SUCCESS
[INFO] ------------------------------------------------------------------------
[INFO] Total time:  06:58 min
[INFO] Finished at: 2020-08-03T11:19:16Z
[INFO] ------------------------------------------------------------------------
