[INFO] Error stacktraces are turned on.
[INFO] Scanning for projects...
[INFO] 
[INFO] -------------------------< org.zeromq:jeromq >--------------------------
[INFO] Building JeroMQ 0.3.6
[INFO] --------------------------------[ jar ]---------------------------------
[INFO] 
[INFO] --- maven-enforcer-plugin:1.0:enforce (enforce-maven) @ jeromq ---
[INFO] 
[INFO] --- maven-checkstyle-plugin:2.11:check (default) @ jeromq ---
[INFO] Starting audit...
Audit done.

[INFO] 
[INFO] --- maven-resources-plugin:2.6:resources (default-resources) @ jeromq ---
[INFO] Using 'UTF-8' encoding to copy filtered resources.
[INFO] skip non existing resourceDirectory /tmp/tmpezf2ajvu/jeromq/src/main/resources
[INFO] 
[INFO] --- maven-compiler-plugin:3.5.1:compile (default-compile) @ jeromq ---
[INFO] Changes detected - recompiling the module!
[INFO] Compiling 85 source files to /tmp/tmpezf2ajvu/jeromq/target/classes
[INFO] /tmp/tmpezf2ajvu/jeromq/src/main/java/org/zeromq/ZStar.java: /tmp/tmpezf2ajvu/jeromq/src/main/java/org/zeromq/ZStar.java uses or overrides a deprecated API.
[INFO] /tmp/tmpezf2ajvu/jeromq/src/main/java/org/zeromq/ZStar.java: Recompile with -Xlint:deprecation for details.
[INFO] 
[INFO] --- maven-bundle-plugin:2.3.7:manifest (bundle-manifest) @ jeromq ---
[INFO] 
[INFO] --- maven-resources-plugin:2.6:testResources (default-testResources) @ jeromq ---
[INFO] Using 'UTF-8' encoding to copy filtered resources.
[INFO] skip non existing resourceDirectory /tmp/tmpezf2ajvu/jeromq/src/test/resources
[INFO] 
[INFO] --- maven-compiler-plugin:3.5.1:testCompile (default-testCompile) @ jeromq ---
[INFO] Changes detected - recompiling the module!
[INFO] Compiling 136 source files to /tmp/tmpezf2ajvu/jeromq/target/test-classes
[INFO] /tmp/tmpezf2ajvu/jeromq/src/test/java/org/zeromq/TestZMQ.java: Some input files use or override a deprecated API.
[INFO] /tmp/tmpezf2ajvu/jeromq/src/test/java/org/zeromq/TestZMQ.java: Recompile with -Xlint:deprecation for details.
[INFO] 
[INFO] --- maven-surefire-plugin:2.12.4:test (default-test) @ jeromq ---
[INFO] Surefire report directory: /tmp/tmpezf2ajvu/jeromq/target/surefire-reports

-------------------------------------------------------
 T E S T S
-------------------------------------------------------
Running zmq.TestConnectDelay
Tests run: 3, Failures: 0, Errors: 0, Skipped: 0, Time elapsed: 2.326 sec
Running zmq.TestAddress
Tests run: 3, Failures: 0, Errors: 0, Skipped: 0, Time elapsed: 0.008 sec
Running zmq.TestBlob
Tests run: 1, Failures: 0, Errors: 0, Skipped: 0, Time elapsed: 0 sec
Running zmq.TcpAddressTest
Tests run: 1, Failures: 0, Errors: 0, Skipped: 0, Time elapsed: 0 sec
Running zmq.TestLastEndpoint
Tests run: 1, Failures: 0, Errors: 0, Skipped: 0, Time elapsed: 0.026 sec
Running zmq.TestInvalidRep
addrSize: 5
Tests run: 1, Failures: 0, Errors: 0, Skipped: 0, Time elapsed: 0.011 sec
Running zmq.TestReqrepDevice
Tests run: 1, Failures: 0, Errors: 0, Skipped: 0, Time elapsed: 0.056 sec
Running zmq.TestTimeo
Tests run: 1, Failures: 0, Errors: 0, Skipped: 0, Time elapsed: 2.515 sec
Running zmq.TestMsgFlags
Tests run: 1, Failures: 0, Errors: 0, Skipped: 0, Time elapsed: 0.068 sec
Running zmq.TestShutdownStress
Tests run: 1, Failures: 0, Errors: 0, Skipped: 0, Time elapsed: 1.535 sec
Running zmq.TestDisconnectInproc
subscribing on 'foo'
received on subscriber 'foo'
received on subscriber 'this is foo!'
received on subscriber 'foo'
received on subscriber 'this is foo!'
received on subscriber 'foo'
received on subscriber 'this is foo!'
unsubscribing from 'foo'
Tests run: 1, Failures: 0, Errors: 0, Skipped: 0, Time elapsed: 3.514 sec
Running zmq.TestProxyTcp
Start dealer A
Start dealer B
Start client thread
sent 6 hellow
Received 6
Received body hellow
writer body 
REP recieved #zmq.Msg{type=DATA, size=5, flags=1}
REP recieved #zmq.Msg{type=DATA, size=0, flags=1}
REP recieved #zmq.Msg{type=DATA, size=6, flags=0}
write header 9
writer body 
read 4 total_read 4 toRead 0
30 30 30 39
recv 9 OK hellow
sent 36 1234567890abcdefghizklmnopqrstuvwxyz
Received 36
Received body 1234567890abcdefghizklmnopqrstuvwxyz
REP recieved #zmq.Msg{type=DATA, size=5, flags=1}
REP recieved #zmq.Msg{type=DATA, size=0, flags=1}
REP recieved #zmq.Msg{type=DATA, size=36, flags=0}
write header 39
writer body 
read 4 total_read 4 toRead 0
30 30 33 39
recv 39 OK 1234567890abcdefghizklmnopqrstuvwxyz
sent 3 end
Received 3
Received body end
REP recieved #zmq.Msg{type=DATA, size=5, flags=1}
REP recieved #zmq.Msg{type=DATA, size=0, flags=1}
REP recieved #zmq.Msg{type=DATA, size=3, flags=0}
Stop dealer A
write header 6
writer body 
read 4 total_read 4 toRead 0
30 30 30 36
recv 6 OK end
sent 3 end
Received 3
Received body end
REP recieved #zmq.Msg{type=DATA, size=5, flags=1}
REP recieved #zmq.Msg{type=DATA, size=0, flags=1}
REP recieved #zmq.Msg{type=DATA, size=3, flags=0}
Stop dealer B
write header 6
writer body 
read 4 total_read 4 toRead 0
30 30 30 36
recv 6 OK end
Stop client thread
Tests run: 1, Failures: 0, Errors: 0, Skipped: 0, Time elapsed: 5.143 sec
Running zmq.TestMonitor
Tests run: 1, Failures: 0, Errors: 0, Skipped: 0, Time elapsed: 3.005 sec
Running zmq.TestEncoder
session.write #zmq.Msg{type=DATA, size=200, flags=0}
session.read [#zmq.Msg{type=DATA, size=200, flags=0}]
session.write #zmq.Msg{type=DATA, size=20, flags=0}
session.read [#zmq.Msg{type=DATA, size=20, flags=0}]
session.read []
session.write #zmq.Msg{type=DATA, size=5, flags=0}
session.read [#zmq.Msg{type=DATA, size=5, flags=0}]
session.read []
Tests run: 3, Failures: 0, Errors: 0, Skipped: 0, Time elapsed: 0.011 sec
Running zmq.TestPairInproc
Tests run: 1, Failures: 0, Errors: 0, Skipped: 0, Time elapsed: 0.03 sec
Running zmq.TestSubForward
Tests run: 1, Failures: 0, Errors: 0, Skipped: 0, Time elapsed: 1.01 sec
Running zmq.TestPairIpc
Tests run: 1, Failures: 0, Errors: 0, Skipped: 0, Time elapsed: 0.009 sec
Running zmq.TestTermEndpoint
disconnect endpoint test running...
Tests run: 1, Failures: 0, Errors: 0, Skipped: 0, Time elapsed: 2.016 sec
Running zmq.TestPubsubTcp
Tests run: 1, Failures: 0, Errors: 0, Skipped: 0, Time elapsed: 2.002 sec
Running zmq.TestRouterHandover
Tests run: 1, Failures: 0, Errors: 0, Skipped: 0, Time elapsed: 0.003 sec
Running zmq.TestPairTcp
Tests run: 1, Failures: 0, Errors: 0, Skipped: 0, Time elapsed: 0.003 sec
Running zmq.TestHwm
Tests run: 1, Failures: 0, Errors: 0, Skipped: 0, Time elapsed: 0.003 sec
Running zmq.TestDecoder
session.write #zmq.Msg{type=DATA, size=5, flags=0}
session.write #zmq.Msg{type=DATA, size=5, flags=0}
session.write #zmq.Msg{type=DATA, size=200, flags=0}
session.write #zmq.Msg{type=DATA, size=20, flags=0}
session.write #zmq.Msg{type=DATA, size=5, flags=0}
Tests run: 4, Failures: 0, Errors: 0, Skipped: 0, Time elapsed: 0.003 sec
Running zmq.TestReqrepTcp
Tests run: 1, Failures: 0, Errors: 0, Skipped: 0, Time elapsed: 0.003 sec
Running zmq.TestReqrepInproc
Tests run: 1, Failures: 0, Errors: 0, Skipped: 0, Time elapsed: 0.01 sec
Running zmq.TestReqrepIpc
Tests run: 1, Failures: 0, Errors: 0, Skipped: 0, Time elapsed: 0.005 sec
Running zmq.TestConnectResolve
test_connect_resolve running...

Tests run: 1, Failures: 0, Errors: 0, Skipped: 0, Time elapsed: 0.002 sec
Running zmq.TestMsg
Tests run: 2, Failures: 0, Errors: 0, Skipped: 0, Time elapsed: 0 sec
Running zmq.TestUtils
Tests run: 1, Failures: 0, Errors: 0, Skipped: 0, Time elapsed: 0 sec
Running zmq.TestYQueue
Tests run: 1, Failures: 0, Errors: 0, Skipped: 0, Time elapsed: 0 sec
Running zmq.TestRouterMandatory
Tests run: 1, Failures: 0, Errors: 0, Skipped: 0, Time elapsed: 1.001 sec
Running org.zeromq.TestProxy
Start dealer AA
Start dealer BB
AA received client identity X
AA received bottom 
AA received data hello hello
BB received client identity Y
BB received bottom 
AA received client identity X
BB received data hello hello
AA received bottom 
AA received data world world
Stop dealer AA
BB received client identity Y
BB received bottom 
BB received data world world
Stop dealer BB
Tests run: 1, Failures: 0, Errors: 0, Skipped: 0, Time elapsed: 1.019 sec
Running org.zeromq.ZBeaconTest
Tests run: 1, Failures: 0, Errors: 0, Skipped: 0, Time elapsed: 0.009 sec
Running org.zeromq.TestZProxy
All options sync new hot
State sync pause
All options sync new hot with restart
State sync
State async
All options sync new
All options async new
All options sync
All options async
Tests run: 9, Failures: 0, Errors: 0, Skipped: 0, Time elapsed: 1.435 sec
Running org.zeromq.TestZContext
Tests run: 2, Failures: 0, Errors: 0, Skipped: 0, Time elapsed: 0.006 sec
Running org.zeromq.ZSocketTest
Tests run: 1, Failures: 0, Errors: 0, Skipped: 0, Time elapsed: 0.007 sec
Running org.zeromq.TestReqRouterThreadedTcp
Tests run: 2, Failures: 0, Errors: 0, Skipped: 0, Time elapsed: 0.024 sec
Running org.zeromq.TestZStar
No star: Fortune is not here anymore ... Cleaning the remains.. .
Tests run: 1, Failures: 0, Errors: 0, Skipped: 0, Time elapsed: 0.017 sec
Running org.zeromq.TestZLoop
Tests run: 4, Failures: 0, Errors: 0, Skipped: 0, Time elapsed: 0.078 sec
Running org.zeromq.ZMsgTest
Tests run: 3, Failures: 0, Errors: 0, Skipped: 0, Time elapsed: 0.018 sec
Running org.zeromq.TestZThread
Tests run: 2, Failures: 0, Errors: 0, Skipped: 0, Time elapsed: 0.009 sec
Running org.zeromq.TestZPoller

Tests run: 1, Failures: 0, Errors: 0, Skipped: 0, Time elapsed: 0.024 sec
Running org.zeromq.TestZMQ
not writable
Start client thread 
ok
Stop client thread 
Tests run: 19, Failures: 0, Errors: 0, Skipped: 0, Time elapsed: 3.369 sec

Results :

Tests run: 87, Failures: 0, Errors: 0, Skipped: 0

[INFO] 
[INFO] --- maven-jar-plugin:2.6:jar (default-jar) @ jeromq ---
[INFO] Building jar: /tmp/tmpezf2ajvu/jeromq/target/jeromq-0.3.6.jar
[INFO] 
[INFO] >>> maven-source-plugin:3.0.1:jar (attach-sources) > generate-sources @ jeromq >>>
[INFO] 
[INFO] --- maven-enforcer-plugin:1.0:enforce (enforce-maven) @ jeromq ---
[INFO] 
[INFO] --- maven-checkstyle-plugin:2.11:check (default) @ jeromq ---
[INFO] Starting audit...
Audit done.

[INFO] 
[INFO] <<< maven-source-plugin:3.0.1:jar (attach-sources) < generate-sources @ jeromq <<<
[INFO] 
[INFO] 
[INFO] --- maven-source-plugin:3.0.1:jar (attach-sources) @ jeromq ---
[INFO] Building jar: /tmp/tmpezf2ajvu/jeromq/target/jeromq-0.3.6-sources.jar
[INFO] 
[INFO] --- maven-javadoc-plugin:2.9.1:jar (attach-javadocs) @ jeromq ---
[INFO] Skipping javadoc generation
[INFO] 
[INFO] --- maven-assembly-plugin:3.2.0:single (default) @ jeromq ---
[INFO] Building jar: /tmp/tmpezf2ajvu/jeromq/target/jeromq-0.3.6-jar-with-dependencies.jar
[INFO] ------------------------------------------------------------------------
[INFO] BUILD SUCCESS
[INFO] ------------------------------------------------------------------------
[INFO] Total time:  46.794 s
[INFO] Finished at: 2020-07-30T15:54:06Z
[INFO] ------------------------------------------------------------------------
