[INFO] Error stacktraces are turned on.
[INFO] Scanning for projects...
[INFO] 
[INFO] -----------------------< net.tradelib:tradelib >------------------------
[INFO] Building Tradelib 1.0
[INFO] --------------------------------[ jar ]---------------------------------
[INFO] 
[INFO] --- jacoco-maven-plugin:0.8.5:prepare-agent (default) @ tradelib ---
[INFO] argLine set to -javaagent:/home/jdbl/.m2/repository/org/jacoco/org.jacoco.agent/0.8.5/org.jacoco.agent-0.8.5-runtime.jar=destfile=/tmp/tmpi8omawcm/tradelib/target/jacoco.exec
[INFO] 
[INFO] --- maven-resources-plugin:2.6:resources (default-resources) @ tradelib ---
[WARNING] Using platform encoding (UTF-8 actually) to copy filtered resources, i.e. build is platform dependent!
[INFO] skip non existing resourceDirectory /tmp/tmpi8omawcm/tradelib/src/main/resources
[INFO] 
[INFO] --- maven-compiler-plugin:3.3:compile (default-compile) @ tradelib ---
[INFO] Changes detected - recompiling the module!
[WARNING] File encoding has not been set, using platform encoding UTF-8, i.e. build is platform dependent!
[INFO] Compiling 57 source files to /tmp/tmpi8omawcm/tradelib/target/classes
[INFO] /tmp/tmpi8omawcm/tradelib/src/main/java/net/tradelib/core/TimeSeries.java: /tmp/tmpi8omawcm/tradelib/src/main/java/net/tradelib/core/TimeSeries.java uses or overrides a deprecated API.
[INFO] /tmp/tmpi8omawcm/tradelib/src/main/java/net/tradelib/core/TimeSeries.java: Recompile with -Xlint:deprecation for details.
[INFO] /tmp/tmpi8omawcm/tradelib/src/main/java/net/tradelib/core/TimeSeries.java: /tmp/tmpi8omawcm/tradelib/src/main/java/net/tradelib/core/TimeSeries.java uses unchecked or unsafe operations.
[INFO] /tmp/tmpi8omawcm/tradelib/src/main/java/net/tradelib/core/TimeSeries.java: Recompile with -Xlint:unchecked for details.
[INFO] 
[INFO] --- maven-resources-plugin:2.6:testResources (default-testResources) @ tradelib ---
[WARNING] Using platform encoding (UTF-8 actually) to copy filtered resources, i.e. build is platform dependent!
[INFO] Copying 10 resources
[INFO] 
[INFO] --- maven-compiler-plugin:3.3:testCompile (default-testCompile) @ tradelib ---
[INFO] Changes detected - recompiling the module!
[WARNING] File encoding has not been set, using platform encoding UTF-8, i.e. build is platform dependent!
[INFO] Compiling 14 source files to /tmp/tmpi8omawcm/tradelib/target/test-classes
[INFO] 
[INFO] --- maven-surefire-plugin:2.19.1:test (default-test) @ tradelib ---
[INFO] Surefire report directory: /tmp/tmpi8omawcm/tradelib/target/surefire-reports

-------------------------------------------------------
 T E S T S
-------------------------------------------------------
Running net.tradelib.functors.MaxTest
Tests run: 1, Failures: 0, Errors: 0, Skipped: 0, Time elapsed: 0.405 sec - in net.tradelib.functors.MaxTest
Running net.tradelib.functors.EmaTest
Tests run: 1, Failures: 0, Errors: 0, Skipped: 0, Time elapsed: 0 sec - in net.tradelib.functors.EmaTest
Running net.tradelib.functors.AtrTest
Tests run: 1, Failures: 0, Errors: 0, Skipped: 0, Time elapsed: 0.004 sec - in net.tradelib.functors.AtrTest
Running net.tradelib.functors.StdDevTest
Tests run: 1, Failures: 0, Errors: 0, Skipped: 0, Time elapsed: 0 sec - in net.tradelib.functors.StdDevTest
Running net.tradelib.functors.PercentileTest
Tests run: 1, Failures: 0, Errors: 0, Skipped: 0, Time elapsed: 0.003 sec - in net.tradelib.functors.PercentileTest
Running net.tradelib.functors.MinTest
Tests run: 1, Failures: 0, Errors: 0, Skipped: 0, Time elapsed: 0.002 sec - in net.tradelib.functors.MinTest
Running net.tradelib.functors.SmaTest
Tests run: 1, Failures: 0, Errors: 0, Skipped: 0, Time elapsed: 0 sec - in net.tradelib.functors.SmaTest
Running net.tradelib.functors.ZigZagTest
Tests run: 1, Failures: 0, Errors: 0, Skipped: 0, Time elapsed: 0.001 sec - in net.tradelib.functors.ZigZagTest
Running net.tradelib.functors.RocTest
Tests run: 1, Failures: 0, Errors: 0, Skipped: 0, Time elapsed: 0.001 sec - in net.tradelib.functors.RocTest
Running net.tradelib.core.OrderTest
Tests run: 1, Failures: 0, Errors: 0, Skipped: 0, Time elapsed: 0.012 sec - in net.tradelib.core.OrderTest
Running net.tradelib.core.AccountTest
Tests run: 2, Failures: 0, Errors: 0, Skipped: 0, Time elapsed: 0.118 sec - in net.tradelib.core.AccountTest
Running net.tradelib.core.PortfolioTest
Tests run: 2, Failures: 0, Errors: 0, Skipped: 0, Time elapsed: 0.007 sec - in net.tradelib.core.PortfolioTest
Running net.tradelib.core.TradeSummaryTest
Tests run: 1, Failures: 0, Errors: 0, Skipped: 0, Time elapsed: 0 sec - in net.tradelib.core.TradeSummaryTest
Running net.tradelib.core.SeriesTest
Tests run: 4, Failures: 0, Errors: 0, Skipped: 0, Time elapsed: 0.053 sec - in net.tradelib.core.SeriesTest

Results :

Tests run: 19, Failures: 0, Errors: 0, Skipped: 0

[INFO] 
[INFO] --- jacoco-maven-plugin:0.8.5:report (report) @ tradelib ---
[INFO] Loading execution data file /tmp/tmpi8omawcm/tradelib/target/jacoco.exec
[INFO] Analyzed bundle 'Tradelib' with 155 classes
[INFO] ------------------------------------------------------------------------
[INFO] BUILD SUCCESS
[INFO] ------------------------------------------------------------------------
[INFO] Total time:  12.435 s
[INFO] Finished at: 2020-07-30T22:39:46Z
[INFO] ------------------------------------------------------------------------
