[INFO] Error stacktraces are turned on.
[INFO] Scanning for projects...
[INFO] 
[INFO] ------------------------< de.jeha.s3srv:s3srv >-------------------------
[INFO] Building s3srv 0.1-SNAPSHOT
[INFO] --------------------------------[ jar ]---------------------------------
[INFO] 
[INFO] --- jacoco-maven-plugin:0.8.5:prepare-agent (default) @ s3srv ---
[INFO] argLine set to -javaagent:/home/jdbl/.m2/repository/org/jacoco/org.jacoco.agent/0.8.5/org.jacoco.agent-0.8.5-runtime.jar=destfile=/tmp/tmp_vo_sl9t/s3srv/target/jacoco.exec
[INFO] 
[INFO] --- maven-resources-plugin:2.6:resources (default-resources) @ s3srv ---
[INFO] Using 'UTF-8' encoding to copy filtered resources.
[INFO] Copying 3 resources
[INFO] 
[INFO] --- maven-compiler-plugin:3.5.1:compile (default-compile) @ s3srv ---
[INFO] Changes detected - recompiling the module!
[INFO] Compiling 49 source files to /tmp/tmp_vo_sl9t/s3srv/target/classes
[INFO] /tmp/tmp_vo_sl9t/s3srv/src/main/java/de/jeha/s3srv/S3SrvApplication.java: Some input files use or override a deprecated API.
[INFO] /tmp/tmp_vo_sl9t/s3srv/src/main/java/de/jeha/s3srv/S3SrvApplication.java: Recompile with -Xlint:deprecation for details.
[INFO] 
[INFO] --- maven-resources-plugin:2.6:testResources (default-testResources) @ s3srv ---
[INFO] Using 'UTF-8' encoding to copy filtered resources.
[INFO] skip non existing resourceDirectory /tmp/tmp_vo_sl9t/s3srv/src/test/resources
[INFO] 
[INFO] --- maven-compiler-plugin:3.5.1:testCompile (default-testCompile) @ s3srv ---
[INFO] Changes detected - recompiling the module!
[INFO] Compiling 13 source files to /tmp/tmp_vo_sl9t/s3srv/target/test-classes
[INFO] 
[INFO] --- maven-surefire-plugin:2.19.1:test (default-test) @ s3srv ---
[INFO] Surefire report directory: /tmp/tmp_vo_sl9t/s3srv/target/surefire-reports

-------------------------------------------------------
 T E S T S
-------------------------------------------------------
Running de.jeha.s3srv.operations.service.ListBucketsTest
08:27:47.445 [main] INFO de.jeha.s3srv.operations.service.ListBuckets - listBuckets
08:27:47.448 [main] DEBUG de.jeha.s3srv.operations.AbstractOperation - Date: Wed, 06 Jul 2016 15:53:17 GMT
08:27:47.449 [main] DEBUG de.jeha.s3srv.operations.AbstractOperation - Authorization: AWS foo:s63buzYAu2AUptL/y4N7fuX0/L0=
08:27:47.449 [main] DEBUG de.jeha.s3srv.operations.AbstractOperation - Host: null
08:27:47.459 [main] DEBUG de.jeha.s3srv.common.security.AuthorizationUtils - String to sign = 'MOCK


Wed, 06 Jul 2016 15:53:17 GMT
/'
08:27:47.512 [main] DEBUG de.jeha.s3srv.common.security.AuthorizationUtils - Calculated HMAC-SHA1 = 's63buzYAu2AUptL/y4N7fuX0/L0='
Tests run: 1, Failures: 0, Errors: 0, Skipped: 0, Time elapsed: 0.847 sec - in de.jeha.s3srv.operations.service.ListBucketsTest
Running de.jeha.s3srv.operations.buckets.GetBucketAclTest
08:27:47.924 [main] INFO de.jeha.s3srv.operations.buckets.GetBucketACL - getBucketACL 'test-bucket'
08:27:47.924 [main] DEBUG de.jeha.s3srv.operations.AbstractOperation - Date: Wed, 06 Jul 2016 15:53:17 GMT
08:27:47.924 [main] DEBUG de.jeha.s3srv.operations.AbstractOperation - Authorization: AWS foo:Xe4Ju4lf0a/cmXi5eznuxHQyGBs=
08:27:47.924 [main] DEBUG de.jeha.s3srv.operations.AbstractOperation - Host: null
08:27:47.924 [main] DEBUG de.jeha.s3srv.common.security.AuthorizationUtils - String to sign = 'MOCK


Wed, 06 Jul 2016 15:53:17 GMT
/test-bucket/?acl'
08:27:47.924 [main] DEBUG de.jeha.s3srv.common.security.AuthorizationUtils - Calculated HMAC-SHA1 = 'Xe4Ju4lf0a/cmXi5eznuxHQyGBs='
Tests run: 1, Failures: 0, Errors: 0, Skipped: 0, Time elapsed: 0.002 sec - in de.jeha.s3srv.operations.buckets.GetBucketAclTest
Running de.jeha.s3srv.operations.buckets.CreateBucketTest
08:27:47.927 [main] INFO de.jeha.s3srv.operations.buckets.CreateBucket - createBucket 'test-bucket'
08:27:47.927 [main] DEBUG de.jeha.s3srv.operations.AbstractOperation - Date: Wed, 06 Jul 2016 15:53:17 GMT
08:27:47.927 [main] DEBUG de.jeha.s3srv.operations.AbstractOperation - Authorization: AWS foo:4AvYjPkzjOQWie8IKBTRSuUayPI=
08:27:47.927 [main] DEBUG de.jeha.s3srv.operations.AbstractOperation - Host: null
08:27:47.927 [main] DEBUG de.jeha.s3srv.common.security.AuthorizationUtils - String to sign = 'MOCK


Wed, 06 Jul 2016 15:53:17 GMT
/test-bucket/'
08:27:47.928 [main] DEBUG de.jeha.s3srv.common.security.AuthorizationUtils - Calculated HMAC-SHA1 = '4AvYjPkzjOQWie8IKBTRSuUayPI='
Tests run: 1, Failures: 0, Errors: 0, Skipped: 0, Time elapsed: 0.004 sec - in de.jeha.s3srv.operations.buckets.CreateBucketTest
Running de.jeha.s3srv.storage.backends.InMemoryStorageBackendTest
08:27:47.936 [main] INFO de.jeha.s3srv.storage.backends.InMemoryStorageBackend - Creating in-memory storage backend
Tests run: 1, Failures: 0, Errors: 0, Skipped: 0, Time elapsed: 0.015 sec - in de.jeha.s3srv.storage.backends.InMemoryStorageBackendTest
Running de.jeha.s3srv.api.ListAllMyBucketsResultSerializationTest
<?xml version="1.0" encoding="UTF-8"?>
<ListAllMyBucketsResult xmlns="http://s3.amazonaws.com/doc/2006-03-01/">
    <Owner>
        <ID>foo</ID>
        <DisplayName>bar</DisplayName>
    </Owner>
    <Buckets>
        <Bucket>
            <Name>test</Name>
            <CreationDate>2006-02-03T16:45:09.001Z</CreationDate>
        </Bucket>
    </Buckets>
</ListAllMyBucketsResult>
Tests run: 1, Failures: 0, Errors: 0, Skipped: 0, Time elapsed: 0.013 sec - in de.jeha.s3srv.api.ListAllMyBucketsResultSerializationTest
Running de.jeha.s3srv.api.AccessControlPolicySerializationTest
<?xml version="1.0" encoding="UTF-8"?>
<AccessControlPolicy xmlns="http://s3.amazonaws.com/doc/2006-03-01/">
    <Owner>
        <ID>foo</ID>
        <DisplayName>bar</DisplayName>
    </Owner>
    <AccessControlList>
        <Grantee>
            <ID>foo</ID>
            <DisplayName>bar</DisplayName>
        </Grantee>
        <Permission>FULL_CONTROL</Permission>
    </AccessControlList>
</AccessControlPolicy>
Tests run: 1, Failures: 0, Errors: 0, Skipped: 0, Time elapsed: 0.019 sec - in de.jeha.s3srv.api.AccessControlPolicySerializationTest
Running de.jeha.s3srv.api.ListBucketResultSerializationTest
<?xml version="1.0" encoding="UTF-8"?>
<ListBucketResult xmlns="http://s3.amazonaws.com/doc/2006-03-01/">
    <Name>test-bucket</Name>
    <KeyCount>1</KeyCount>
    <MaxKeys>1000</MaxKeys>
    <IsTruncated>false</IsTruncated>
    <Contents>
        <Key>test-object</Key>
        <LastModified>2009-10-12T17:50:30.001Z</LastModified>
        <ETag>"fba9dede5f27731c9771645a39863328"</ETag>
        <Size>434234</Size>
        <StorageClass>STANDARD</StorageClass>
    </Contents>
</ListBucketResult>
<?xml version="1.0" encoding="UTF-8"?>
<ListBucketResult xmlns="http://s3.amazonaws.com/doc/2006-03-01/">
    <Name>test-bucket</Name>
    <KeyCount>1</KeyCount>
    <MaxKeys>1000</MaxKeys>
    <IsTruncated>false</IsTruncated>
    <CommonPrefixes>
        <Prefix>a</Prefix>
    </CommonPrefixes>
    <CommonPrefixes>
        <Prefix>b</Prefix>
    </CommonPrefixes>
</ListBucketResult>
Tests run: 2, Failures: 0, Errors: 0, Skipped: 0, Time elapsed: 0.006 sec - in de.jeha.s3srv.api.ListBucketResultSerializationTest
Running de.jeha.s3srv.api.ErrorResponseSerializationTest
<?xml version="1.0" encoding="UTF-8"?>
<Error xmlns="http://s3.amazonaws.com/doc/2006-03-01/">
    <Code>ServiceUnavailable</Code>
    <Message>Reduce your request rate.</Message>
</Error>
Tests run: 1, Failures: 0, Errors: 0, Skipped: 0, Time elapsed: 0.002 sec - in de.jeha.s3srv.api.ErrorResponseSerializationTest
Running de.jeha.s3srv.common.RFC822DateTest
Tests run: 2, Failures: 0, Errors: 0, Skipped: 0, Time elapsed: 0.047 sec - in de.jeha.s3srv.common.RFC822DateTest
Running de.jeha.s3srv.common.security.AuthorizationUtilsTest
08:27:48.052 [main] DEBUG de.jeha.s3srv.common.security.AuthorizationUtils - String to sign = 'PUT


Wed, 06 Jul 2016 15:53:17 GMT
/test-bucket/'
08:27:48.052 [main] DEBUG de.jeha.s3srv.common.security.AuthorizationUtils - Calculated HMAC-SHA1 = 'opnPRxWyGAkna6soKrR8OhGRfxQ='
Tests run: 2, Failures: 0, Errors: 0, Skipped: 0, Time elapsed: 0.001 sec - in de.jeha.s3srv.common.security.AuthorizationUtilsTest
Running de.jeha.s3srv.common.security.SignatureUtilsTest
Tests run: 1, Failures: 0, Errors: 0, Skipped: 0, Time elapsed: 0 sec - in de.jeha.s3srv.common.security.SignatureUtilsTest
Running de.jeha.s3srv.common.s3.RequestContextTest
Tests run: 1, Failures: 0, Errors: 0, Skipped: 0, Time elapsed: 0 sec - in de.jeha.s3srv.common.s3.RequestContextTest
Running de.jeha.s3srv.common.s3.BucketNameValidatorTest
Tests run: 3, Failures: 0, Errors: 0, Skipped: 0, Time elapsed: 0.077 sec - in de.jeha.s3srv.common.s3.BucketNameValidatorTest

Results :

Tests run: 18, Failures: 0, Errors: 0, Skipped: 0

[INFO] 
[INFO] --- jacoco-maven-plugin:0.8.5:report (report) @ s3srv ---
[INFO] Loading execution data file /tmp/tmp_vo_sl9t/s3srv/target/jacoco.exec
[INFO] Analyzed bundle 's3srv' with 1003 classes
[INFO] ------------------------------------------------------------------------
[INFO] BUILD SUCCESS
[INFO] ------------------------------------------------------------------------
[INFO] Total time:  11.579 s
[INFO] Finished at: 2020-07-31T08:27:50Z
[INFO] ------------------------------------------------------------------------
