[INFO] Error stacktraces are turned on.
[INFO] Scanning for projects...
[INFO] 
[INFO] --------< no.sysco.middleware.metrics:prometheus-jdbc-exporter >--------
[INFO] Building prometheus-jdbc-exporter 1.2-SNAPSHOT
[INFO] --------------------------------[ jar ]---------------------------------
[INFO] 
[INFO] --- jacoco-maven-plugin:0.8.5:prepare-agent (default) @ prometheus-jdbc-exporter ---
[INFO] argLine set to -javaagent:/home/jdbl/.m2/repository/org/jacoco/org.jacoco.agent/0.8.5/org.jacoco.agent-0.8.5-runtime.jar=destfile=/tmp/tmp27sapil9/prometheus-jdbc-exporter/target/jacoco.exec
[INFO] 
[INFO] --- maven-resources-plugin:2.6:resources (default-resources) @ prometheus-jdbc-exporter ---
[INFO] Using 'UTF-8' encoding to copy filtered resources.
[INFO] skip non existing resourceDirectory /tmp/tmp27sapil9/prometheus-jdbc-exporter/src/main/resources
[INFO] 
[INFO] --- maven-compiler-plugin:3.6.1:compile (default-compile) @ prometheus-jdbc-exporter ---
[INFO] Changes detected - recompiling the module!
[INFO] Compiling 3 source files to /tmp/tmp27sapil9/prometheus-jdbc-exporter/target/classes
[INFO] /tmp/tmp27sapil9/prometheus-jdbc-exporter/src/main/java/no/sysco/middleware/metrics/prometheus/jdbc/JdbcCollector.java: Some input files use unchecked or unsafe operations.
[INFO] /tmp/tmp27sapil9/prometheus-jdbc-exporter/src/main/java/no/sysco/middleware/metrics/prometheus/jdbc/JdbcCollector.java: Recompile with -Xlint:unchecked for details.
[INFO] 
[INFO] --- maven-resources-plugin:2.6:testResources (default-testResources) @ prometheus-jdbc-exporter ---
[INFO] Using 'UTF-8' encoding to copy filtered resources.
[INFO] Copying 1 resource
[INFO] 
[INFO] --- maven-compiler-plugin:3.6.1:testCompile (default-testCompile) @ prometheus-jdbc-exporter ---
[INFO] Changes detected - recompiling the module!
[INFO] Compiling 2 source files to /tmp/tmp27sapil9/prometheus-jdbc-exporter/target/test-classes
[INFO] /tmp/tmp27sapil9/prometheus-jdbc-exporter/src/test/java/no/sysco/middleware/metrics/prometheus/jdbc/JdbcConfigTest.java: /tmp/tmp27sapil9/prometheus-jdbc-exporter/src/test/java/no/sysco/middleware/metrics/prometheus/jdbc/JdbcConfigTest.java uses unchecked or unsafe operations.
[INFO] /tmp/tmp27sapil9/prometheus-jdbc-exporter/src/test/java/no/sysco/middleware/metrics/prometheus/jdbc/JdbcConfigTest.java: Recompile with -Xlint:unchecked for details.
[INFO] 
[INFO] --- maven-surefire-plugin:2.19.1:test (default-test) @ prometheus-jdbc-exporter ---
[INFO] Surefire report directory: /tmp/tmp27sapil9/prometheus-jdbc-exporter/target/surefire-reports

-------------------------------------------------------
 T E S T S
-------------------------------------------------------
Running no.sysco.middleware.metrics.prometheus.jdbc.JdbcCollectorTest
Tests run: 1, Failures: 0, Errors: 0, Skipped: 0, Time elapsed: 0.867 sec - in no.sysco.middleware.metrics.prometheus.jdbc.JdbcCollectorTest
Running no.sysco.middleware.metrics.prometheus.jdbc.JdbcConfigTest
Jul 30, 2020 10:46:47 PM no.sysco.middleware.metrics.prometheus.jdbc.JdbcConfig <init>
WARNING: JDBC Config file is empty.
Tests run: 15, Failures: 0, Errors: 0, Skipped: 0, Time elapsed: 0.049 sec - in no.sysco.middleware.metrics.prometheus.jdbc.JdbcConfigTest

Results :

Tests run: 16, Failures: 0, Errors: 0, Skipped: 0

[INFO] 
[INFO] --- jacoco-maven-plugin:0.8.5:report (report) @ prometheus-jdbc-exporter ---
[INFO] Loading execution data file /tmp/tmp27sapil9/prometheus-jdbc-exporter/target/jacoco.exec
[INFO] Analyzed bundle 'prometheus-jdbc-exporter' with 195 classes
[INFO] ------------------------------------------------------------------------
[INFO] BUILD SUCCESS
[INFO] ------------------------------------------------------------------------
[INFO] Total time:  9.108 s
[INFO] Finished at: 2020-07-30T22:46:48Z
[INFO] ------------------------------------------------------------------------
