[INFO] Error stacktraces are turned on.
[INFO] Scanning for projects...
[INFO] 
[INFO] ------------------------< joda-time:joda-time >-------------------------
[INFO] Building Joda-Time 2.10.4
[INFO] --------------------------------[ jar ]---------------------------------
[INFO] 
[INFO] --- maven-enforcer-plugin:3.0.0-M1:enforce (enforce-maven) @ joda-time ---
[INFO] 
[INFO] --- maven-resources-plugin:3.1.0:resources (default-resources) @ joda-time ---
[INFO] Using 'UTF-8' encoding to copy filtered resources.
[INFO] Copying 2 resources to META-INF
[INFO] Copying 17 resources
[INFO] 
[INFO] --- maven-compiler-plugin:3.8.0:compile (default-compile) @ joda-time ---
[INFO] Changes detected - recompiling the module!
[INFO] Compiling 166 source files to /tmp/tmpkceevpm8/joda-time/target/classes
[INFO] 
[INFO] --- exec-maven-plugin:1.4.0:java (compile-tzdb) @ joda-time ---
Writing zoneinfo files
Fixed negative save values for rule 'Morocco'
Fixed negative save values for rule 'Morocco'
Fixed negative save values for rule 'Morocco'
Fixed negative save values for rule 'Morocco'
Fixed negative save values for rule 'Morocco'
Fixed negative save values for rule 'Namibia'
Fixed negative save values for rule 'Eire'
Writing ZoneInfoMap
[INFO] 
[INFO] --- maven-resources-plugin:3.1.0:testResources (default-testResources) @ joda-time ---
[INFO] Using 'UTF-8' encoding to copy filtered resources.
[INFO] Copying 35 resources
[INFO] 
[INFO] --- maven-compiler-plugin:3.8.0:testCompile (default-testCompile) @ joda-time ---
[INFO] Changes detected - recompiling the module!
[INFO] Compiling 159 source files to /tmp/tmpkceevpm8/joda-time/target/test-classes
[INFO] 
[INFO] --- maven-surefire-plugin:2.21.0:test (default-test) @ joda-time ---
[INFO] Surefire report directory: /tmp/tmpkceevpm8/joda-time/target/surefire-reports
[INFO] 
[INFO] -------------------------------------------------------
[INFO]  T E S T S
[INFO] -------------------------------------------------------
[INFO] Running org.joda.time.TestAllPackages

TestBuddhistChronology.testCalendar

TestCopticChronology.testCalendar

TestEthiopicChronology.testCalendar

TestIslamicChronology.testCalendar

Testing Gregorian chronology over 1000 iterations
100% complete (i=1000)

Testing Julian chronology over 1000 iterations
100% complete (i=1000)
Writing zoneinfo files
Writing ZoneInfoMap
[INFO] Tests run: 4230, Failures: 0, Errors: 0, Skipped: 0, Time elapsed: 5.436 s - in org.joda.time.TestAllPackages
[INFO] 
[INFO] Results:
[INFO] 
[INFO] Tests run: 4230, Failures: 0, Errors: 0, Skipped: 0
[INFO] 
[INFO] 
[INFO] --- maven-jar-plugin:3.1.0:jar (default-jar) @ joda-time ---
[INFO] Building jar: /tmp/tmpkceevpm8/joda-time/target/joda-time-2.10.4.jar
[INFO] 
[INFO] --- maven-jar-plugin:3.1.0:jar (no-tzdb) @ joda-time ---
[INFO] Building jar: /tmp/tmpkceevpm8/joda-time/target/joda-time-2.10.4-no-tzdb.jar
[INFO] 
[INFO] --- maven-javadoc-plugin:3.0.0-M1:jar (attach-javadocs) @ joda-time ---
[INFO] Skipping javadoc generation
[INFO] 
[INFO] --- maven-source-plugin:3.0.1:jar-no-fork (attach-sources) @ joda-time ---
[INFO] Building jar: /tmp/tmpkceevpm8/joda-time/target/joda-time-2.10.4-sources.jar
[INFO] 
[INFO] --- maven-source-plugin:3.0.1:jar-no-fork (attach-no-tztb-sources) @ joda-time ---
[INFO] Building jar: /tmp/tmpkceevpm8/joda-time/target/joda-time-2.10.4-no-tzdb-sources.jar
[INFO] 
[INFO] --- maven-assembly-plugin:3.2.0:single (default) @ joda-time ---
[INFO] Building jar: /tmp/tmpkceevpm8/joda-time/target/joda-time-2.10.4-jar-with-dependencies.jar
[INFO] ------------------------------------------------------------------------
[INFO] BUILD SUCCESS
[INFO] ------------------------------------------------------------------------
[INFO] Total time:  35.267 s
[INFO] Finished at: 2020-07-30T15:34:44Z
[INFO] ------------------------------------------------------------------------
