[INFO] Error stacktraces are turned on.
[INFO] Scanning for projects...
[INFO] 
[INFO] ------------------------< com.metadave.eql:eql >------------------------
[INFO] Building EQL 0.1
[INFO] --------------------------------[ jar ]---------------------------------
[INFO] 
[INFO] --- jacoco-maven-plugin:0.8.5:prepare-agent (default) @ eql ---
[INFO] argLine set to -javaagent:/home/jdbl/.m2/repository/org/jacoco/org.jacoco.agent/0.8.5/org.jacoco.agent-0.8.5-runtime.jar=destfile=/tmp/tmpx4hpoh6w/eql/target/jacoco.exec
[INFO] 
[INFO] --- maven-resources-plugin:2.6:resources (default-resources) @ eql ---
[INFO] Using 'UTF-8' encoding to copy filtered resources.
[INFO] skip non existing resourceDirectory /tmp/tmpx4hpoh6w/eql/src/main/resources
[INFO] 
[INFO] --- maven-compiler-plugin:2.3.2:compile (default-compile) @ eql ---
[INFO] Compiling 21 source files to /tmp/tmpx4hpoh6w/eql/target/classes
[WARNING] /tmp/tmpx4hpoh6w/eql/src/main/java/com/metadave/eql/ConsoleSignalHander.java:[4,15] Signal is internal proprietary API and may be removed in a future release
[WARNING] /tmp/tmpx4hpoh6w/eql/src/main/java/com/metadave/eql/ConsoleSignalHander.java:[5,15] SignalHandler is internal proprietary API and may be removed in a future release
[WARNING] /tmp/tmpx4hpoh6w/eql/src/main/java/com/metadave/eql/ConsoleSignalHander.java:[7,44] SignalHandler is internal proprietary API and may be removed in a future release
[WARNING] /tmp/tmpx4hpoh6w/eql/src/main/java/com/metadave/eql/ConsoleSignalHander.java:[10,23] Signal is internal proprietary API and may be removed in a future release
[WARNING] /tmp/tmpx4hpoh6w/eql/src/main/java/com/metadave/eql/ConsoleSignalHander.java:[25,12] SignalHandler is internal proprietary API and may be removed in a future release
[WARNING] /tmp/tmpx4hpoh6w/eql/src/main/java/com/metadave/eql/ConsoleSignalHander.java:[29,8] Signal is internal proprietary API and may be removed in a future release
[WARNING] /tmp/tmpx4hpoh6w/eql/src/main/java/com/metadave/eql/ConsoleSignalHander.java:[29,32] Signal is internal proprietary API and may be removed in a future release
[WARNING] /tmp/tmpx4hpoh6w/eql/src/main/java/com/metadave/eql/ConsoleSignalHander.java:[31,29] Signal is internal proprietary API and may be removed in a future release
[INFO] 
[INFO] --- maven-resources-plugin:2.6:testResources (default-testResources) @ eql ---
[INFO] Using 'UTF-8' encoding to copy filtered resources.
[INFO] Copying 3 resources
[INFO] 
[INFO] --- maven-compiler-plugin:2.3.2:testCompile (default-testCompile) @ eql ---
[INFO] Compiling 1 source file to /tmp/tmpx4hpoh6w/eql/target/test-classes
[INFO] 
[INFO] --- maven-surefire-plugin:2.19.1:test (default-test) @ eql ---
[INFO] Surefire report directory: /tmp/tmpx4hpoh6w/eql/target/surefire-reports

-------------------------------------------------------
 T E S T S
-------------------------------------------------------
Running com.metadave.eql.parser.EQLParserTest
Tests run: 3, Failures: 0, Errors: 0, Skipped: 0, Time elapsed: 1.402 sec - in com.metadave.eql.parser.EQLParserTest

Results :

Tests run: 3, Failures: 0, Errors: 0, Skipped: 0

[INFO] 
[INFO] --- jacoco-maven-plugin:0.8.5:report (report) @ eql ---
[INFO] Loading execution data file /tmp/tmpx4hpoh6w/eql/target/jacoco.exec
[INFO] Analyzed bundle 'EQL' with 128 classes
[INFO] ------------------------------------------------------------------------
[INFO] BUILD SUCCESS
[INFO] ------------------------------------------------------------------------
[INFO] Total time:  13.549 s
[INFO] Finished at: 2020-07-30T20:53:48Z
[INFO] ------------------------------------------------------------------------
