[INFO] Error stacktraces are turned on.
[INFO] Scanning for projects...
[INFO] 
[INFO] ---------------< uk.co.grahamcox.spring-cli:spring-cli >----------------
[INFO] Building Command Line Interface using Spring 0.6
[INFO] --------------------------------[ jar ]---------------------------------
[INFO] 
[INFO] --- maven-enforcer-plugin:1.0:enforce (enforce-maven) @ spring-cli ---
[INFO] 
[INFO] --- jacoco-maven-plugin:0.8.5:prepare-agent (default) @ spring-cli ---
[INFO] argLine set to -javaagent:/home/jdbl/.m2/repository/org/jacoco/org.jacoco.agent/0.8.5/org.jacoco.agent-0.8.5-runtime.jar=destfile=/tmp/tmpdyq6fv2o/spring-cli/target/jacoco.exec
[INFO] 
[INFO] --- maven-resources-plugin:2.6:resources (default-resources) @ spring-cli ---
[INFO] Using 'UTF-8' encoding to copy filtered resources.
[INFO] Copying 1 resource
[INFO] 
[INFO] --- maven-compiler-plugin:2.3.2:compile (default-compile) @ spring-cli ---
[INFO] Compiling 6 source files to /tmp/tmpdyq6fv2o/spring-cli/target/classes
[INFO] 
[INFO] --- maven-resources-plugin:2.6:testResources (default-testResources) @ spring-cli ---
[INFO] Using 'UTF-8' encoding to copy filtered resources.
[INFO] Copying 2 resources
[INFO] 
[INFO] --- maven-compiler-plugin:2.3.2:testCompile (default-testCompile) @ spring-cli ---
[INFO] Compiling 10 source files to /tmp/tmpdyq6fv2o/spring-cli/target/test-classes
[INFO] 
[INFO] --- maven-surefire-plugin:2.19.1:test (default-test) @ spring-cli ---
[INFO] Surefire report directory: /tmp/tmpdyq6fv2o/spring-cli/target/surefire-reports

-------------------------------------------------------
 T E S T S
-------------------------------------------------------
Running uk.co.grahamcox.spring.cli.OptionsTest
SLF4J: Class path contains multiple SLF4J bindings.
SLF4J: Found binding in [jar:file:/home/jdbl/.m2/repository/org/slf4j/slf4j-simple/1.6.1/slf4j-simple-1.6.1.jar!/org/slf4j/impl/StaticLoggerBinder.class]
SLF4J: Found binding in [jar:file:/home/jdbl/.m2/repository/org/slf4j/slf4j-log4j12/1.6.1/slf4j-log4j12-1.6.1.jar!/org/slf4j/impl/StaticLoggerBinder.class]
SLF4J: See http://www.slf4j.org/codes.html#multiple_bindings for an explanation.
1 [main] INFO uk.co.grahamcox.spring.cli.CliRunner - Adding config file: classpath:/optionsTest.xml
398 [main] INFO org.springframework.context.support.StaticApplicationContext - Refreshing org.springframework.context.support.StaticApplicationContext@1ed4ae0f: startup date [Thu Jul 30 21:02:49 UTC 2020]; root of context hierarchy
450 [main] INFO org.springframework.beans.factory.support.DefaultListableBeanFactory - Pre-instantiating singletons in org.springframework.beans.factory.support.DefaultListableBeanFactory@56276db8: defining beans [arguments]; root of factory hierarchy
643 [main] INFO org.springframework.context.support.ClassPathXmlApplicationContext - Refreshing org.springframework.context.support.ClassPathXmlApplicationContext@49dbaaf3: startup date [Thu Jul 30 21:02:50 UTC 2020]; parent: org.springframework.context.support.StaticApplicationContext@1ed4ae0f
675 [main] INFO org.springframework.beans.factory.xml.XmlBeanDefinitionReader - Loading XML bean definitions from class path resource [spring-cli.context]
894 [main] INFO org.springframework.beans.factory.xml.XmlBeanDefinitionReader - Loading XML bean definitions from class path resource [optionsTest.xml]
1005 [main] INFO org.springframework.context.support.ClassPathXmlApplicationContext - Bean 'org.apache.commons.cli.PosixParser#0' of type [class org.apache.commons.cli.PosixParser] is not eligible for getting processed by all BeanPostProcessors (for example: not eligible for auto-proxying)
1011 [main] INFO org.springframework.beans.factory.support.DefaultListableBeanFactory - Pre-instantiating singletons in org.springframework.beans.factory.support.DefaultListableBeanFactory@440eaa07: defining beans [uk.co.grahamcox.spring.cli.options.CommandLineBeanPostProcessor#0,uk.co.grahamcox.spring.cli.options.OptionsBeanPostProcessor#0,org.apache.commons.cli.Options#0,org.apache.commons.cli.CommandLine#0,org.springframework.beans.factory.annotation.AutowiredAnnotationBeanPostProcessor#0,runner,optionsRunner,commandLineRunner,wireCommandLineRunner,org.apache.commons.cli.Option#0,org.apache.commons.cli.Option#1,org.apache.commons.cli.PosixParser#0]; parent: org.springframework.beans.factory.support.DefaultListableBeanFactory@56276db8
1015 [main] INFO uk.co.grahamcox.spring.cli.options.OptionsBeanPostProcessor - Processing an Options bean: org.apache.commons.cli.Options#0
1049 [main] INFO uk.co.grahamcox.spring.cli.options.OptionsBeanPostProcessor - Adding option [ option: h help  :: Get help with the application ] to options
1052 [main] INFO uk.co.grahamcox.spring.cli.options.OptionsBeanPostProcessor - Adding option [ option: f file  [ARG] :: A filename ] to options
1079 [main] INFO uk.co.grahamcox.spring.cli.CliRunner - Loading runner with name: optionsRunner
1079 [main] INFO uk.co.grahamcox.spring.cli.CliRunner - Found runner: uk.co.grahamcox.spring.cli.runners.OptionsRunner
usage: OptionsRunner
 -f,--file <filename>   A filename
 -h,--help              Get help with the application
1083 [main] INFO uk.co.grahamcox.spring.cli.CliRunner - Adding config file: classpath:/optionsTest.xml
1084 [main] INFO org.springframework.context.support.StaticApplicationContext - Refreshing org.springframework.context.support.StaticApplicationContext@75ae4a1f: startup date [Thu Jul 30 21:02:50 UTC 2020]; root of context hierarchy
1084 [main] INFO org.springframework.beans.factory.support.DefaultListableBeanFactory - Pre-instantiating singletons in org.springframework.beans.factory.support.DefaultListableBeanFactory@63c12e52: defining beans [arguments]; root of factory hierarchy
1085 [main] INFO org.springframework.context.support.ClassPathXmlApplicationContext - Refreshing org.springframework.context.support.ClassPathXmlApplicationContext@421056e5: startup date [Thu Jul 30 21:02:50 UTC 2020]; parent: org.springframework.context.support.StaticApplicationContext@75ae4a1f
1086 [main] INFO org.springframework.beans.factory.xml.XmlBeanDefinitionReader - Loading XML bean definitions from class path resource [spring-cli.context]
1101 [main] INFO org.springframework.beans.factory.xml.XmlBeanDefinitionReader - Loading XML bean definitions from class path resource [optionsTest.xml]
1129 [main] INFO org.springframework.context.support.ClassPathXmlApplicationContext - Bean 'org.apache.commons.cli.PosixParser#0' of type [class org.apache.commons.cli.PosixParser] is not eligible for getting processed by all BeanPostProcessors (for example: not eligible for auto-proxying)
1134 [main] INFO org.springframework.beans.factory.support.DefaultListableBeanFactory - Pre-instantiating singletons in org.springframework.beans.factory.support.DefaultListableBeanFactory@3e33d73e: defining beans [uk.co.grahamcox.spring.cli.options.CommandLineBeanPostProcessor#0,uk.co.grahamcox.spring.cli.options.OptionsBeanPostProcessor#0,org.apache.commons.cli.Options#0,org.apache.commons.cli.CommandLine#0,org.springframework.beans.factory.annotation.AutowiredAnnotationBeanPostProcessor#0,runner,optionsRunner,commandLineRunner,wireCommandLineRunner,org.apache.commons.cli.Option#0,org.apache.commons.cli.Option#1,org.apache.commons.cli.PosixParser#0]; parent: org.springframework.beans.factory.support.DefaultListableBeanFactory@63c12e52
1134 [main] INFO uk.co.grahamcox.spring.cli.options.OptionsBeanPostProcessor - Processing an Options bean: org.apache.commons.cli.Options#0
1139 [main] INFO uk.co.grahamcox.spring.cli.options.OptionsBeanPostProcessor - Adding option [ option: h help  :: Get help with the application ] to options
1139 [main] INFO uk.co.grahamcox.spring.cli.options.OptionsBeanPostProcessor - Adding option [ option: f file  [ARG] :: A filename ] to options
1148 [main] INFO uk.co.grahamcox.spring.cli.CliRunner - Loading runner with name: commandLineRunner
1149 [main] INFO uk.co.grahamcox.spring.cli.CliRunner - Found runner: uk.co.grahamcox.spring.cli.runners.CommandLineRunner
1149 [main] INFO uk.co.grahamcox.spring.cli.CliRunner - Adding config file: classpath:/optionsTest.xml
1150 [main] INFO org.springframework.context.support.StaticApplicationContext - Refreshing org.springframework.context.support.StaticApplicationContext@5bc28f40: startup date [Thu Jul 30 21:02:50 UTC 2020]; root of context hierarchy
1151 [main] INFO org.springframework.beans.factory.support.DefaultListableBeanFactory - Pre-instantiating singletons in org.springframework.beans.factory.support.DefaultListableBeanFactory@7e74a380: defining beans [arguments]; root of factory hierarchy
1152 [main] INFO org.springframework.context.support.ClassPathXmlApplicationContext - Refreshing org.springframework.context.support.ClassPathXmlApplicationContext@55e42449: startup date [Thu Jul 30 21:02:50 UTC 2020]; parent: org.springframework.context.support.StaticApplicationContext@5bc28f40
1152 [main] INFO org.springframework.beans.factory.xml.XmlBeanDefinitionReader - Loading XML bean definitions from class path resource [spring-cli.context]
1190 [main] INFO org.springframework.beans.factory.xml.XmlBeanDefinitionReader - Loading XML bean definitions from class path resource [optionsTest.xml]
1214 [main] INFO org.springframework.context.support.ClassPathXmlApplicationContext - Bean 'org.apache.commons.cli.PosixParser#0' of type [class org.apache.commons.cli.PosixParser] is not eligible for getting processed by all BeanPostProcessors (for example: not eligible for auto-proxying)
1215 [main] INFO org.springframework.beans.factory.support.DefaultListableBeanFactory - Pre-instantiating singletons in org.springframework.beans.factory.support.DefaultListableBeanFactory@1a2bcd56: defining beans [uk.co.grahamcox.spring.cli.options.CommandLineBeanPostProcessor#0,uk.co.grahamcox.spring.cli.options.OptionsBeanPostProcessor#0,org.apache.commons.cli.Options#0,org.apache.commons.cli.CommandLine#0,org.springframework.beans.factory.annotation.AutowiredAnnotationBeanPostProcessor#0,runner,optionsRunner,commandLineRunner,wireCommandLineRunner,org.apache.commons.cli.Option#0,org.apache.commons.cli.Option#1,org.apache.commons.cli.PosixParser#0]; parent: org.springframework.beans.factory.support.DefaultListableBeanFactory@7e74a380
1218 [main] INFO uk.co.grahamcox.spring.cli.options.OptionsBeanPostProcessor - Processing an Options bean: org.apache.commons.cli.Options#0
1222 [main] INFO uk.co.grahamcox.spring.cli.options.OptionsBeanPostProcessor - Adding option [ option: h help  :: Get help with the application ] to options
1223 [main] INFO uk.co.grahamcox.spring.cli.options.OptionsBeanPostProcessor - Adding option [ option: f file  [ARG] :: A filename ] to options
1225 [main] INFO uk.co.grahamcox.spring.cli.CliRunner - Loading runner with name: wireCommandLineRunner
1226 [main] INFO uk.co.grahamcox.spring.cli.CliRunner - Found runner: uk.co.grahamcox.spring.cli.runners.WireCommandLineRunner
1227 [main] INFO uk.co.grahamcox.spring.cli.CliRunner - Adding config file: classpath:/optionsTest.xml
1227 [main] INFO org.springframework.context.support.StaticApplicationContext - Refreshing org.springframework.context.support.StaticApplicationContext@79b84841: startup date [Thu Jul 30 21:02:50 UTC 2020]; root of context hierarchy
1235 [main] INFO org.springframework.beans.factory.support.DefaultListableBeanFactory - Pre-instantiating singletons in org.springframework.beans.factory.support.DefaultListableBeanFactory@3c87e6b7: defining beans [arguments]; root of factory hierarchy
1237 [main] INFO org.springframework.context.support.ClassPathXmlApplicationContext - Refreshing org.springframework.context.support.ClassPathXmlApplicationContext@7ceb4478: startup date [Thu Jul 30 21:02:50 UTC 2020]; parent: org.springframework.context.support.StaticApplicationContext@79b84841
1238 [main] INFO org.springframework.beans.factory.xml.XmlBeanDefinitionReader - Loading XML bean definitions from class path resource [spring-cli.context]
1253 [main] INFO org.springframework.beans.factory.xml.XmlBeanDefinitionReader - Loading XML bean definitions from class path resource [optionsTest.xml]
1303 [main] INFO org.springframework.context.support.ClassPathXmlApplicationContext - Bean 'org.apache.commons.cli.PosixParser#0' of type [class org.apache.commons.cli.PosixParser] is not eligible for getting processed by all BeanPostProcessors (for example: not eligible for auto-proxying)
1304 [main] INFO org.springframework.beans.factory.support.DefaultListableBeanFactory - Pre-instantiating singletons in org.springframework.beans.factory.support.DefaultListableBeanFactory@6cff61fc: defining beans [uk.co.grahamcox.spring.cli.options.CommandLineBeanPostProcessor#0,uk.co.grahamcox.spring.cli.options.OptionsBeanPostProcessor#0,org.apache.commons.cli.Options#0,org.apache.commons.cli.CommandLine#0,org.springframework.beans.factory.annotation.AutowiredAnnotationBeanPostProcessor#0,runner,optionsRunner,commandLineRunner,wireCommandLineRunner,org.apache.commons.cli.Option#0,org.apache.commons.cli.Option#1,org.apache.commons.cli.PosixParser#0]; parent: org.springframework.beans.factory.support.DefaultListableBeanFactory@3c87e6b7
1304 [main] INFO uk.co.grahamcox.spring.cli.options.OptionsBeanPostProcessor - Processing an Options bean: org.apache.commons.cli.Options#0
1311 [main] INFO uk.co.grahamcox.spring.cli.options.OptionsBeanPostProcessor - Adding option [ option: h help  :: Get help with the application ] to options
1312 [main] INFO uk.co.grahamcox.spring.cli.options.OptionsBeanPostProcessor - Adding option [ option: f file  [ARG] :: A filename ] to options
1316 [main] INFO uk.co.grahamcox.spring.cli.CliRunner - Loading runner with name: wireCommandLineRunner
1316 [main] INFO uk.co.grahamcox.spring.cli.CliRunner - Found runner: uk.co.grahamcox.spring.cli.runners.WireCommandLineRunner
1317 [main] INFO uk.co.grahamcox.spring.cli.CliRunner - Adding config file: classpath:/optionsTest.xml
1317 [main] INFO org.springframework.context.support.StaticApplicationContext - Refreshing org.springframework.context.support.StaticApplicationContext@2aff9dff: startup date [Thu Jul 30 21:02:50 UTC 2020]; root of context hierarchy
1318 [main] INFO org.springframework.beans.factory.support.DefaultListableBeanFactory - Pre-instantiating singletons in org.springframework.beans.factory.support.DefaultListableBeanFactory@1aad0b1: defining beans [arguments]; root of factory hierarchy
1319 [main] INFO org.springframework.context.support.ClassPathXmlApplicationContext - Refreshing org.springframework.context.support.ClassPathXmlApplicationContext@799ed4e8: startup date [Thu Jul 30 21:02:50 UTC 2020]; parent: org.springframework.context.support.StaticApplicationContext@2aff9dff
1319 [main] INFO org.springframework.beans.factory.xml.XmlBeanDefinitionReader - Loading XML bean definitions from class path resource [spring-cli.context]
1340 [main] INFO org.springframework.beans.factory.xml.XmlBeanDefinitionReader - Loading XML bean definitions from class path resource [optionsTest.xml]
1371 [main] INFO org.springframework.context.support.ClassPathXmlApplicationContext - Bean 'org.apache.commons.cli.PosixParser#0' of type [class org.apache.commons.cli.PosixParser] is not eligible for getting processed by all BeanPostProcessors (for example: not eligible for auto-proxying)
1373 [main] INFO org.springframework.beans.factory.support.DefaultListableBeanFactory - Pre-instantiating singletons in org.springframework.beans.factory.support.DefaultListableBeanFactory@a098d76: defining beans [uk.co.grahamcox.spring.cli.options.CommandLineBeanPostProcessor#0,uk.co.grahamcox.spring.cli.options.OptionsBeanPostProcessor#0,org.apache.commons.cli.Options#0,org.apache.commons.cli.CommandLine#0,org.springframework.beans.factory.annotation.AutowiredAnnotationBeanPostProcessor#0,runner,optionsRunner,commandLineRunner,wireCommandLineRunner,org.apache.commons.cli.Option#0,org.apache.commons.cli.Option#1,org.apache.commons.cli.PosixParser#0]; parent: org.springframework.beans.factory.support.DefaultListableBeanFactory@1aad0b1
1373 [main] INFO uk.co.grahamcox.spring.cli.options.OptionsBeanPostProcessor - Processing an Options bean: org.apache.commons.cli.Options#0
1375 [main] INFO uk.co.grahamcox.spring.cli.options.OptionsBeanPostProcessor - Adding option [ option: h help  :: Get help with the application ] to options
1376 [main] INFO uk.co.grahamcox.spring.cli.options.OptionsBeanPostProcessor - Adding option [ option: f file  [ARG] :: A filename ] to options
1377 [main] INFO uk.co.grahamcox.spring.cli.CliRunner - Loading runner with name: runner
1377 [main] INFO uk.co.grahamcox.spring.cli.CliRunner - Found runner: uk.co.grahamcox.spring.cli.runners.DefaultRunner
Tests run: 5, Failures: 0, Errors: 0, Skipped: 0, Time elapsed: 1.49 sec - in uk.co.grahamcox.spring.cli.OptionsTest
Running uk.co.grahamcox.spring.cli.RunnerTest
1381 [main] INFO uk.co.grahamcox.spring.cli.CliRunner - Adding config file: classpath:/runnerTest.xml
1381 [main] INFO org.springframework.context.support.StaticApplicationContext - Refreshing org.springframework.context.support.StaticApplicationContext@4745e9c: startup date [Thu Jul 30 21:02:50 UTC 2020]; root of context hierarchy
1381 [main] INFO org.springframework.beans.factory.support.DefaultListableBeanFactory - Pre-instantiating singletons in org.springframework.beans.factory.support.DefaultListableBeanFactory@75de29c0: defining beans [arguments]; root of factory hierarchy
1382 [main] INFO org.springframework.context.support.ClassPathXmlApplicationContext - Refreshing org.springframework.context.support.ClassPathXmlApplicationContext@59cda16e: startup date [Thu Jul 30 21:02:50 UTC 2020]; parent: org.springframework.context.support.StaticApplicationContext@4745e9c
1383 [main] INFO org.springframework.beans.factory.xml.XmlBeanDefinitionReader - Loading XML bean definitions from class path resource [spring-cli.context]
1400 [main] INFO org.springframework.beans.factory.xml.XmlBeanDefinitionReader - Loading XML bean definitions from class path resource [runnerTest.xml]
1486 [main] INFO org.springframework.beans.factory.support.DefaultListableBeanFactory - Pre-instantiating singletons in org.springframework.beans.factory.support.DefaultListableBeanFactory@5484117b: defining beans [uk.co.grahamcox.spring.cli.options.CommandLineBeanPostProcessor#0,uk.co.grahamcox.spring.cli.options.OptionsBeanPostProcessor#0,org.apache.commons.cli.Options#0,org.apache.commons.cli.CommandLine#0,org.springframework.beans.factory.annotation.AutowiredAnnotationBeanPostProcessor#0,runner,runnerTwo,throwingRunner,autoArgsRunner,argsRunner]; parent: org.springframework.beans.factory.support.DefaultListableBeanFactory@75de29c0
1486 [main] INFO uk.co.grahamcox.spring.cli.options.OptionsBeanPostProcessor - Processing an Options bean: org.apache.commons.cli.Options#0
1494 [main] INFO uk.co.grahamcox.spring.cli.CliRunner - Loading runner with name: argsRunner
1494 [main] INFO uk.co.grahamcox.spring.cli.CliRunner - Found runner: uk.co.grahamcox.spring.cli.runners.ArgsRunner
1495 [main] INFO uk.co.grahamcox.spring.cli.CliRunner - Adding config file: classpath:/runnerTest.xml
1495 [main] INFO org.springframework.context.support.StaticApplicationContext - Refreshing org.springframework.context.support.StaticApplicationContext@4ce94d2f: startup date [Thu Jul 30 21:02:50 UTC 2020]; root of context hierarchy
1496 [main] INFO org.springframework.beans.factory.support.DefaultListableBeanFactory - Pre-instantiating singletons in org.springframework.beans.factory.support.DefaultListableBeanFactory@3cd9aa64: defining beans [arguments]; root of factory hierarchy
1497 [main] INFO org.springframework.context.support.ClassPathXmlApplicationContext - Refreshing org.springframework.context.support.ClassPathXmlApplicationContext@74ecacc3: startup date [Thu Jul 30 21:02:50 UTC 2020]; parent: org.springframework.context.support.StaticApplicationContext@4ce94d2f
1497 [main] INFO org.springframework.beans.factory.xml.XmlBeanDefinitionReader - Loading XML bean definitions from class path resource [spring-cli.context]
1506 [main] INFO org.springframework.beans.factory.xml.XmlBeanDefinitionReader - Loading XML bean definitions from class path resource [runnerTest.xml]
1527 [main] INFO org.springframework.beans.factory.support.DefaultListableBeanFactory - Pre-instantiating singletons in org.springframework.beans.factory.support.DefaultListableBeanFactory@119aa36: defining beans [uk.co.grahamcox.spring.cli.options.CommandLineBeanPostProcessor#0,uk.co.grahamcox.spring.cli.options.OptionsBeanPostProcessor#0,org.apache.commons.cli.Options#0,org.apache.commons.cli.CommandLine#0,org.springframework.beans.factory.annotation.AutowiredAnnotationBeanPostProcessor#0,runner,runnerTwo,throwingRunner,autoArgsRunner,argsRunner]; parent: org.springframework.beans.factory.support.DefaultListableBeanFactory@3cd9aa64
1528 [main] INFO uk.co.grahamcox.spring.cli.options.OptionsBeanPostProcessor - Processing an Options bean: org.apache.commons.cli.Options#0
1529 [main] INFO uk.co.grahamcox.spring.cli.CliRunner - Loading runner with name: runnerTwo
1529 [main] INFO uk.co.grahamcox.spring.cli.CliRunner - Found runner: uk.co.grahamcox.spring.cli.runners.SecondRunner
1529 [main] INFO uk.co.grahamcox.spring.cli.CliRunner - Adding config file: classpath:/runnerTest.xml
1530 [main] INFO org.springframework.context.support.StaticApplicationContext - Refreshing org.springframework.context.support.StaticApplicationContext@4e1a46fb: startup date [Thu Jul 30 21:02:50 UTC 2020]; root of context hierarchy
1530 [main] INFO org.springframework.beans.factory.support.DefaultListableBeanFactory - Pre-instantiating singletons in org.springframework.beans.factory.support.DefaultListableBeanFactory@20ab3e3a: defining beans [arguments]; root of factory hierarchy
1531 [main] INFO org.springframework.context.support.ClassPathXmlApplicationContext - Refreshing org.springframework.context.support.ClassPathXmlApplicationContext@698fee9a: startup date [Thu Jul 30 21:02:50 UTC 2020]; parent: org.springframework.context.support.StaticApplicationContext@4e1a46fb
1531 [main] INFO org.springframework.beans.factory.xml.XmlBeanDefinitionReader - Loading XML bean definitions from class path resource [spring-cli.context]
1538 [main] INFO org.springframework.beans.factory.xml.XmlBeanDefinitionReader - Loading XML bean definitions from class path resource [runnerTest.xml]
1553 [main] INFO org.springframework.beans.factory.support.DefaultListableBeanFactory - Pre-instantiating singletons in org.springframework.beans.factory.support.DefaultListableBeanFactory@1687eb01: defining beans [uk.co.grahamcox.spring.cli.options.CommandLineBeanPostProcessor#0,uk.co.grahamcox.spring.cli.options.OptionsBeanPostProcessor#0,org.apache.commons.cli.Options#0,org.apache.commons.cli.CommandLine#0,org.springframework.beans.factory.annotation.AutowiredAnnotationBeanPostProcessor#0,runner,runnerTwo,throwingRunner,autoArgsRunner,argsRunner]; parent: org.springframework.beans.factory.support.DefaultListableBeanFactory@20ab3e3a
1556 [main] INFO uk.co.grahamcox.spring.cli.options.OptionsBeanPostProcessor - Processing an Options bean: org.apache.commons.cli.Options#0
1558 [main] INFO uk.co.grahamcox.spring.cli.CliRunner - Loading runner with name: autoArgsRunner
1558 [main] INFO uk.co.grahamcox.spring.cli.CliRunner - Found runner: uk.co.grahamcox.spring.cli.runners.AutoArgsRunner
1571 [main] INFO uk.co.grahamcox.spring.cli.CliRunner - Adding config file: classpath:/runnerTest.xml
1571 [main] INFO org.springframework.context.support.StaticApplicationContext - Refreshing org.springframework.context.support.StaticApplicationContext@748d2277: startup date [Thu Jul 30 21:02:50 UTC 2020]; root of context hierarchy
1572 [main] INFO org.springframework.beans.factory.support.DefaultListableBeanFactory - Pre-instantiating singletons in org.springframework.beans.factory.support.DefaultListableBeanFactory@d5d5353: defining beans [arguments]; root of factory hierarchy
1573 [main] INFO org.springframework.context.support.ClassPathXmlApplicationContext - Refreshing org.springframework.context.support.ClassPathXmlApplicationContext@5d2828c9: startup date [Thu Jul 30 21:02:50 UTC 2020]; parent: org.springframework.context.support.StaticApplicationContext@748d2277
1573 [main] INFO org.springframework.beans.factory.xml.XmlBeanDefinitionReader - Loading XML bean definitions from class path resource [spring-cli.context]
1580 [main] INFO org.springframework.beans.factory.xml.XmlBeanDefinitionReader - Loading XML bean definitions from class path resource [runnerTest.xml]
1589 [main] INFO org.springframework.beans.factory.support.DefaultListableBeanFactory - Pre-instantiating singletons in org.springframework.beans.factory.support.DefaultListableBeanFactory@68b9834c: defining beans [uk.co.grahamcox.spring.cli.options.CommandLineBeanPostProcessor#0,uk.co.grahamcox.spring.cli.options.OptionsBeanPostProcessor#0,org.apache.commons.cli.Options#0,org.apache.commons.cli.CommandLine#0,org.springframework.beans.factory.annotation.AutowiredAnnotationBeanPostProcessor#0,runner,runnerTwo,throwingRunner,autoArgsRunner,argsRunner]; parent: org.springframework.beans.factory.support.DefaultListableBeanFactory@d5d5353
1590 [main] INFO uk.co.grahamcox.spring.cli.options.OptionsBeanPostProcessor - Processing an Options bean: org.apache.commons.cli.Options#0
1591 [main] INFO uk.co.grahamcox.spring.cli.CliRunner - Loading runner with name: throwingRunner
1591 [main] INFO uk.co.grahamcox.spring.cli.CliRunner - Found runner: uk.co.grahamcox.spring.cli.runners.ThrowingRunner
1594 [main] INFO uk.co.grahamcox.spring.cli.CliRunner - Adding config file: classpath:/runnerTest.xml
1594 [main] INFO org.springframework.context.support.StaticApplicationContext - Refreshing org.springframework.context.support.StaticApplicationContext@20b9d5d5: startup date [Thu Jul 30 21:02:50 UTC 2020]; root of context hierarchy
1595 [main] INFO org.springframework.beans.factory.support.DefaultListableBeanFactory - Pre-instantiating singletons in org.springframework.beans.factory.support.DefaultListableBeanFactory@60c8a093: defining beans [arguments]; root of factory hierarchy
1596 [main] INFO org.springframework.context.support.ClassPathXmlApplicationContext - Refreshing org.springframework.context.support.ClassPathXmlApplicationContext@25aeb5ac: startup date [Thu Jul 30 21:02:50 UTC 2020]; parent: org.springframework.context.support.StaticApplicationContext@20b9d5d5
1596 [main] INFO org.springframework.beans.factory.xml.XmlBeanDefinitionReader - Loading XML bean definitions from class path resource [spring-cli.context]
1603 [main] INFO org.springframework.beans.factory.xml.XmlBeanDefinitionReader - Loading XML bean definitions from class path resource [runnerTest.xml]
1643 [main] INFO org.springframework.beans.factory.support.DefaultListableBeanFactory - Pre-instantiating singletons in org.springframework.beans.factory.support.DefaultListableBeanFactory@934b52f: defining beans [uk.co.grahamcox.spring.cli.options.CommandLineBeanPostProcessor#0,uk.co.grahamcox.spring.cli.options.OptionsBeanPostProcessor#0,org.apache.commons.cli.Options#0,org.apache.commons.cli.CommandLine#0,org.springframework.beans.factory.annotation.AutowiredAnnotationBeanPostProcessor#0,runner,runnerTwo,throwingRunner,autoArgsRunner,argsRunner]; parent: org.springframework.beans.factory.support.DefaultListableBeanFactory@60c8a093
1643 [main] INFO uk.co.grahamcox.spring.cli.options.OptionsBeanPostProcessor - Processing an Options bean: org.apache.commons.cli.Options#0
1644 [main] INFO uk.co.grahamcox.spring.cli.CliRunner - Loading runner with name: runner
1644 [main] INFO uk.co.grahamcox.spring.cli.CliRunner - Found runner: uk.co.grahamcox.spring.cli.runners.DefaultRunner
Tests run: 5, Failures: 0, Errors: 0, Skipped: 0, Time elapsed: 0.256 sec - in uk.co.grahamcox.spring.cli.RunnerTest

Results :

Tests run: 10, Failures: 0, Errors: 0, Skipped: 0

[INFO] 
[INFO] --- jacoco-maven-plugin:0.8.5:report (report) @ spring-cli ---
[INFO] Loading execution data file /tmp/tmpdyq6fv2o/spring-cli/target/jacoco.exec
[INFO] Analyzed bundle 'Command Line Interface using Spring' with 25 classes
[INFO] ------------------------------------------------------------------------
[INFO] BUILD SUCCESS
[INFO] ------------------------------------------------------------------------
[INFO] Total time:  10.314 s
[INFO] Finished at: 2020-07-30T21:02:53Z
[INFO] ------------------------------------------------------------------------
