[INFO] Error stacktraces are turned on.
[INFO] Scanning for projects...
[INFO] Inspecting build with total of 1 modules...
[INFO] Installing Nexus Staging features:
[INFO]   ... total of 1 executions of maven-deploy-plugin replaced with nexus-staging-maven-plugin
[INFO] 
[INFO] -----------------------< ch.vorburger.exec:exec >-----------------------
[INFO] Building ch.vorburger.exec 3.1.2-SNAPSHOT
[INFO] --------------------------------[ jar ]---------------------------------
[INFO] 
[INFO] --- license-maven-plugin:2.0.0:check-file-header (default) @ exec ---
[INFO] Adding a license repository jar:file:/home/jdbl/.m2/repository/org/codehaus/mojo/license-maven-plugin/2.0.0/license-maven-plugin-2.0.0.jar!/META-INF/licenses
[INFO] register COMMON DEVELOPMENT AND DISTRIBUTION LICENSE (CDDL) Version 1.0
[INFO] register GNU General Public License (GPL) version 3.0
[INFO] register MIT-License
[INFO] register GNU General Public License (GPL) version 2.0
[INFO] register GNU General Public License (GPL) version 1.0
[INFO] register GNU Free Documentation License (FDL) version 1.3
[INFO] register Eclipse Public License - v 2.0 with Secondary License
[INFO] register Eclipse Public + Distribution License - v 1.0
[INFO] register Eclipse Public License - v 2.0
[INFO] register Eclipse Public License - v 1.0
[INFO] register GNU Affero General Public License (AGPL) version 3.0
[INFO] register GNU General Lesser Public License (LGPL) version 3.0
[INFO] register GNU General Lesser Public License (LGPL) version 2.1
[INFO] register Apache License version 2.0
[INFO] register European Union Public License v1.1
[INFO] register BSD 3-Clause License
[INFO] register BSD 2-Clause License
[INFO] Will search files to update from root /tmp/tmp3xtig2de/ch.vorburger.exec/src/main/java
[INFO] Will search files to update from root /tmp/tmp3xtig2de/ch.vorburger.exec/src/test/java
[INFO] Scan 20 files header done in 61.488ms.
[INFO] All files are up-to-date.
[INFO] 
[INFO] --- jacoco-maven-plugin:0.8.5:prepare-agent (default) @ exec ---
[INFO] argLine set to -javaagent:/home/jdbl/.m2/repository/org/jacoco/org.jacoco.agent/0.8.5/org.jacoco.agent-0.8.5-runtime.jar=destfile=/tmp/tmp3xtig2de/ch.vorburger.exec/target/jacoco.exec
[INFO] 
[INFO] --- maven-resources-plugin:2.6:resources (default-resources) @ exec ---
[INFO] Using 'UTF-8' encoding to copy filtered resources.
[INFO] skip non existing resourceDirectory /tmp/tmp3xtig2de/ch.vorburger.exec/src/main/resources
[INFO] 
[INFO] --- maven-compiler-plugin:3.8.1:compile (default-compile) @ exec ---
[INFO] Changes detected - recompiling the module!
[INFO] Compiling 18 source files to /tmp/tmp3xtig2de/ch.vorburger.exec/target/classes
[INFO] 
[INFO] --- maven-resources-plugin:2.6:testResources (default-testResources) @ exec ---
[INFO] Using 'UTF-8' encoding to copy filtered resources.
[INFO] skip non existing resourceDirectory /tmp/tmp3xtig2de/ch.vorburger.exec/src/test/resources
[INFO] 
[INFO] --- maven-compiler-plugin:3.8.1:testCompile (default-testCompile) @ exec ---
[INFO] Changes detected - recompiling the module!
[INFO] Compiling 2 source files to /tmp/tmp3xtig2de/ch.vorburger.exec/target/test-classes
[INFO] /tmp/tmp3xtig2de/ch.vorburger.exec/src/test/java/ch/vorburger/exec/ManagedProcessTest.java: Some input files use or override a deprecated API.
[INFO] /tmp/tmp3xtig2de/ch.vorburger.exec/src/test/java/ch/vorburger/exec/ManagedProcessTest.java: Recompile with -Xlint:deprecation for details.
[INFO] 
[INFO] --- maven-surefire-plugin:2.19.1:test (default-test) @ exec ---
[INFO] Surefire report directory: /tmp/tmp3xtig2de/ch.vorburger.exec/target/surefire-reports

-------------------------------------------------------
 T E S T S
-------------------------------------------------------
Running ch.vorburger.exec.ManagedProcessBuilderTest
Tests run: 1, Failures: 0, Errors: 0, Skipped: 0, Time elapsed: 0.201 sec - in ch.vorburger.exec.ManagedProcessBuilderTest
Running ch.vorburger.exec.ManagedProcessTest
[main] INFO ch.vorburger.exec.ManagedProcess - Starting Program [sleep, 30s] (in working directory /tmp/tmp3xtig2de/ch.vorburger.exec/.)
[main] INFO ch.vorburger.exec.ManagedProcess - Thread is now going to wait max. 200ms for process to terminate itself: Program [sleep, 30s] (in working directory /tmp/tmp3xtig2de/ch.vorburger.exec/.)
[main] INFO ch.vorburger.exec.ManagedProcess - Process didn't exit within max. 200ms, so going to destroy it now: Program [sleep, 30s] (in working directory /tmp/tmp3xtig2de/ch.vorburger.exec/.)
[main] INFO ch.vorburger.exec.ManagedProcess - Successfully destroyed Program [sleep, 30s] (in working directory /tmp/tmp3xtig2de/ch.vorburger.exec/.)
[main] INFO ch.vorburger.exec.ManagedProcess - Starting Program [someExec] (in working directory /tmp/tmp3xtig2de/ch.vorburger.exec/.)
[Exec Default Executor] ERROR ch.vorburger.exec.LoggingExecuteResultHandler - Program [someExec] (in working directory /tmp/tmp3xtig2de/ch.vorburger.exec/.) failed unexpectedly
org.apache.commons.exec.ExecuteException: Execution failed (Exit value: -559038737. Caused by java.io.IOException: Cannot run program "someExec" (in directory "."): error=2, No such file or directory)
	at org.apache.commons.exec.DefaultExecutor$1.run(DefaultExecutor.java:205)
	at java.lang.Thread.run(Thread.java:748)
Caused by: java.io.IOException: Cannot run program "someExec" (in directory "."): error=2, No such file or directory
	at java.lang.ProcessBuilder.start(ProcessBuilder.java:1048)
	at java.lang.Runtime.exec(Runtime.java:621)
	at org.apache.commons.exec.launcher.Java13CommandLauncher.exec(Java13CommandLauncher.java:61)
	at org.apache.commons.exec.DefaultExecutor.launch(DefaultExecutor.java:279)
	at org.apache.commons.exec.DefaultExecutor.executeInternal(DefaultExecutor.java:336)
	at org.apache.commons.exec.DefaultExecutor.access$200(DefaultExecutor.java:48)
	at org.apache.commons.exec.DefaultExecutor$1.run(DefaultExecutor.java:200)
	... 1 more
Caused by: java.io.IOException: error=2, No such file or directory
	at java.lang.UNIXProcess.forkAndExec(Native Method)
	at java.lang.UNIXProcess.<init>(UNIXProcess.java:247)
	at java.lang.ProcessImpl.start(ProcessImpl.java:134)
	at java.lang.ProcessBuilder.start(ProcessBuilder.java:1029)
	... 7 more
[main] ERROR ch.vorburger.exec.ManagedProcess - Program [someExec] (in working directory /tmp/tmp3xtig2de/ch.vorburger.exec/.) failed
[main] INFO ch.vorburger.exec.ManagedProcess - Starting Program [ls, -4] (in working directory /tmp/tmp3xtig2de/ch.vorburger.exec/.)
[main] INFO ch.vorburger.exec.ManagedProcess - Thread will wait for "usage" to appear in Console output of process Program [ls, -4] (in working directory /tmp/tmp3xtig2de/ch.vorburger.exec/.) for max. 1000ms
[Exec Stream Pumper] ERROR ch.vorburger.exec.ManagedProcess - ls: ls: invalid option -- '4'
[Exec Stream Pumper] ERROR ch.vorburger.exec.ManagedProcess - ls: Try 'ls --help' for more information.
[Exec Default Executor] ERROR ch.vorburger.exec.LoggingExecuteResultHandler - Program [ls, -4] (in working directory /tmp/tmp3xtig2de/ch.vorburger.exec/.) failed unexpectedly
org.apache.commons.exec.ExecuteException: Process exited with an error: 2 (Exit value: 2)
	at org.apache.commons.exec.DefaultExecutor.executeInternal(DefaultExecutor.java:404)
	at org.apache.commons.exec.DefaultExecutor.access$200(DefaultExecutor.java:48)
	at org.apache.commons.exec.DefaultExecutor$1.run(DefaultExecutor.java:200)
	at java.lang.Thread.run(Thread.java:748)
[main] ERROR ch.vorburger.exec.ManagedProcess - Program [ls, -4] (in working directory /tmp/tmp3xtig2de/ch.vorburger.exec/.) failed
[main] INFO ch.vorburger.exec.ManagedProcess - Starting Program [echo, "Lorem ipsum dolor sit amet, consectetur adipisci elit,  sed eiusmod tempor incidunt ut 
labore et dolore magna aliqua."] (in working directory /tmp/tmp3xtig2de/ch.vorburger.exec/.)
[main] INFO ch.vorburger.exec.ManagedProcess - Thread will wait for "some console message which will never appear" to appear in Console output of process Program [echo, "Lorem ipsum dolor sit amet, consectetur adipisci elit,  sed eiusmod tempor incidunt ut 
labore et dolore magna aliqua."] (in working directory /tmp/tmp3xtig2de/ch.vorburger.exec/.) for max. 1000ms
[Exec Stream Pumper] INFO ch.vorburger.exec.ManagedProcess - echo: "Lorem ipsum dolor sit amet, consectetur adipisci elit,  sed eiusmod tempor incidunt ut 
[Exec Stream Pumper] INFO ch.vorburger.exec.ManagedProcess - echo: labore et dolore magna aliqua."
[Exec Default Executor] INFO ch.vorburger.exec.LoggingExecuteResultHandler - Program [echo, "Lorem ipsum dolor sit amet, consectetur adipisci elit,  sed eiusmod tempor incidunt ut 
labore et dolore magna aliqua."] (in working directory /tmp/tmp3xtig2de/ch.vorburger.exec/.) just exited, with value 0
[main] INFO ch.vorburger.exec.ManagedProcess - Starting Program [echo, "Lorem ipsum dolor sit amet, consectetur adipisci elit,  sed eiusmod tempor incidunt ut 
labore et dolore magna aliqua."] (in working directory /tmp/tmp3xtig2de/ch.vorburger.exec/.)
[main] INFO ch.vorburger.exec.ManagedProcess - Thread will wait for "incidunt" to appear in Console output of process Program [echo, "Lorem ipsum dolor sit amet, consectetur adipisci elit,  sed eiusmod tempor incidunt ut 
labore et dolore magna aliqua."] (in working directory /tmp/tmp3xtig2de/ch.vorburger.exec/.) for max. 1000ms
[Exec Stream Pumper] INFO ch.vorburger.exec.ManagedProcess - echo: "Lorem ipsum dolor sit amet, consectetur adipisci elit,  sed eiusmod tempor incidunt ut 
[Exec Stream Pumper] INFO ch.vorburger.exec.ManagedProcess - echo: labore et dolore magna aliqua."
[Exec Default Executor] INFO ch.vorburger.exec.LoggingExecuteResultHandler - Program [echo, "Lorem ipsum dolor sit amet, consectetur adipisci elit,  sed eiusmod tempor incidunt ut 
labore et dolore magna aliqua."] (in working directory /tmp/tmp3xtig2de/ch.vorburger.exec/.) just exited, with value 0
[main] INFO ch.vorburger.exec.ManagedProcess - Starting Program [echo, "Lorem ipsum dolor sit amet, consectetur adipisci elit,  sed eiusmod tempor incidunt ut 
labore et dolore magna aliqua."] (in working directory /tmp/tmp3xtig2de/ch.vorburger.exec/.)
[main] INFO ch.vorburger.exec.ManagedProcess - Thread will wait for "incidunt" to appear in Console output of process Program [echo, "Lorem ipsum dolor sit amet, consectetur adipisci elit,  sed eiusmod tempor incidunt ut 
labore et dolore magna aliqua."] (in working directory /tmp/tmp3xtig2de/ch.vorburger.exec/.) for max. 1000ms
[Exec Stream Pumper] INFO ch.vorburger.exec.ManagedProcess - echo: "Lorem ipsum dolor sit amet, consectetur adipisci elit,  sed eiusmod tempor incidunt ut 
[Exec Stream Pumper] INFO ch.vorburger.exec.ManagedProcess - echo: labore et dolore magna aliqua."
[Exec Default Executor] INFO ch.vorburger.exec.LoggingExecuteResultHandler - Program [echo, "Lorem ipsum dolor sit amet, consectetur adipisci elit,  sed eiusmod tempor incidunt ut 
labore et dolore magna aliqua."] (in working directory /tmp/tmp3xtig2de/ch.vorburger.exec/.) just exited, with value 0
[main] INFO ch.vorburger.exec.ManagedProcess - Thread is now going to wait for this process to terminate itself: Program [echo, "Lorem ipsum dolor sit amet, consectetur adipisci elit,  sed eiusmod tempor incidunt ut 
labore et dolore magna aliqua."] (in working directory /tmp/tmp3xtig2de/ch.vorburger.exec/.)
Recent (default) 50 lines of console output:
"Lorem ipsum dolor sit amet, consectetur adipisci elit,  sed eiusmod tempor incidunt ut 
labore et dolore magna aliqua."
[main] INFO ch.vorburger.exec.ManagedProcess - Thread is now going to wait for this process to terminate itself: Program [someExec] (in working directory /tmp/tmp3xtig2de/ch.vorburger.exec/.)
[main] INFO ch.vorburger.exec.ManagedProcess - Thread is now going to wait for this process to terminate itself: Program [someExec] (in working directory /tmp/tmp3xtig2de/ch.vorburger.exec/.)
[main] INFO ch.vorburger.exec.ManagedProcess - Thread is now going to wait max. 1234ms for process to terminate itself: Program [someExec] (in working directory /tmp/tmp3xtig2de/ch.vorburger.exec/.)
[main] INFO ch.vorburger.exec.ManagedProcess - Thread is now going to wait max. 1234ms for process to terminate itself: Program [someExec] (in working directory /tmp/tmp3xtig2de/ch.vorburger.exec/.)
[main] INFO ch.vorburger.exec.ManagedProcess - Starting Program [echo, "Lorem ipsum dolor sit amet, consectetur adipisci elit,  sed eiusmod tempor incidunt ut 
labore et dolore magna aliqua."] (in working directory /tmp/tmp3xtig2de/ch.vorburger.exec/.)
[main] INFO ch.vorburger.exec.ManagedProcess - Thread will wait for "incidunt" to appear in Console output of process Program [echo, "Lorem ipsum dolor sit amet, consectetur adipisci elit,  sed eiusmod tempor incidunt ut 
labore et dolore magna aliqua."] (in working directory /tmp/tmp3xtig2de/ch.vorburger.exec/.) for max. 1000ms
[Exec Stream Pumper] INFO ch.vorburger.exec.ManagedProcess - echo: "Lorem ipsum dolor sit amet, consectetur adipisci elit,  sed eiusmod tempor incidunt ut 
[Exec Stream Pumper] INFO ch.vorburger.exec.ManagedProcess - echo: labore et dolore magna aliqua."
[Exec Default Executor] INFO ch.vorburger.exec.LoggingExecuteResultHandler - Program [echo, "Lorem ipsum dolor sit amet, consectetur adipisci elit,  sed eiusmod tempor incidunt ut 
labore et dolore magna aliqua."] (in working directory /tmp/tmp3xtig2de/ch.vorburger.exec/.) just exited, with value 0
Tests run: 9, Failures: 0, Errors: 0, Skipped: 0, Time elapsed: 1.17 sec - in ch.vorburger.exec.ManagedProcessTest

Results :

Tests run: 10, Failures: 0, Errors: 0, Skipped: 0

[INFO] 
[INFO] --- jacoco-maven-plugin:0.8.5:report (report) @ exec ---
[INFO] Loading execution data file /tmp/tmp3xtig2de/ch.vorburger.exec/target/jacoco.exec
[INFO] Analyzed bundle 'ch.vorburger.exec' with 488 classes
[INFO] ------------------------------------------------------------------------
[INFO] BUILD SUCCESS
[INFO] ------------------------------------------------------------------------
[INFO] Total time:  30.142 s
[INFO] Finished at: 2020-07-30T20:24:35Z
[INFO] ------------------------------------------------------------------------
