[INFO] Error stacktraces are turned on.
[INFO] Scanning for projects...
[WARNING] 
[WARNING] Some problems were encountered while building the effective model for org.crashub:bash:jar:0.1
[WARNING] 'build.plugins.plugin.version' for org.apache.maven.plugins:maven-source-plugin is missing. @ line 32, column 15
[WARNING] 
[WARNING] It is highly recommended to fix these problems because they threaten the stability of your build.
[WARNING] 
[WARNING] For this reason, future Maven versions might no longer support building such malformed projects.
[WARNING] 
[INFO] 
[INFO] --------------------------< org.crashub:bash >--------------------------
[INFO] Building Bash interpreter 0.1
[INFO] --------------------------------[ jar ]---------------------------------
[INFO] 
[INFO] --- jacoco-maven-plugin:0.8.5:prepare-agent (default) @ bash ---
[INFO] argLine set to -javaagent:/home/jdbl/.m2/repository/org/jacoco/org.jacoco.agent/0.8.5/org.jacoco.agent-0.8.5-runtime.jar=destfile=/tmp/tmpf94nt3if/bash/target/jacoco.exec
[INFO] 
[INFO] --- maven-resources-plugin:2.6:resources (default-resources) @ bash ---
[INFO] Using 'UTF-8' encoding to copy filtered resources.
[INFO] skip non existing resourceDirectory /tmp/tmpf94nt3if/bash/src/main/resources
[INFO] 
[INFO] --- maven-compiler-plugin:3.1:compile (default-compile) @ bash ---
[INFO] Changes detected - recompiling the module!
[INFO] Compiling 24 source files to /tmp/tmpf94nt3if/bash/target/classes
[WARNING] /tmp/tmpf94nt3if/bash/src/main/java/org/gentoo/libbash/java_libbashParser.java: /tmp/tmpf94nt3if/bash/src/main/java/org/gentoo/libbash/java_libbashParser.java uses unchecked or unsafe operations.
[WARNING] /tmp/tmpf94nt3if/bash/src/main/java/org/gentoo/libbash/java_libbashParser.java: Recompile with -Xlint:unchecked for details.
[INFO] 
[INFO] --- maven-resources-plugin:2.6:testResources (default-testResources) @ bash ---
[INFO] Using 'UTF-8' encoding to copy filtered resources.
[INFO] skip non existing resourceDirectory /tmp/tmpf94nt3if/bash/src/test/resources
[INFO] 
[INFO] --- maven-compiler-plugin:3.1:testCompile (default-testCompile) @ bash ---
[INFO] Changes detected - recompiling the module!
[INFO] Compiling 2 source files to /tmp/tmpf94nt3if/bash/target/test-classes
[INFO] 
[INFO] --- maven-surefire-plugin:2.19.1:test (default-test) @ bash ---
[INFO] Surefire report directory: /tmp/tmpf94nt3if/bash/target/surefire-reports

-------------------------------------------------------
 T E S T S
-------------------------------------------------------
Running org.crashub.bash.TestScript
Backquotes:
tree: LIST: LIST
  tree: COMMAND: COMMAND
    tree: STRING: STRING
      tree: NAME: echo
    tree: STRING: STRING
      tree: COMMAND_SUB: COMMAND_SUB
        tree: COMMAND_SUBSTITUTION_TICK: `cat foo.txt`
Case:
tree: LIST: LIST
  tree: COMMAND: COMMAND
    tree: CASE: case
      tree: STRING: STRING
        tree: DOUBLE_QUOTED_STRING: DOUBLE_QUOTED_STRING
          tree: VAR_REF: VAR_REF
            tree: DIGIT: 1
      tree: CASE_PATTERN: CASE_PATTERN
        tree: BRANCH: BRANCH
          tree: DIGIT: 1
        tree: CASE_COMMAND: CASE_COMMAND
        tree: LIST: LIST
          tree: COMMAND: COMMAND
            tree: STRING: STRING
              tree: NAME: echo
            tree: STRING: STRING
              tree: DOUBLE_QUOTED_STRING: DOUBLE_QUOTED_STRING
                tree: DIGIT: 1
Tests run: 47, Failures: 0, Errors: 0, Skipped: 0, Time elapsed: 1.859 sec - in org.crashub.bash.TestScript

Results :

Tests run: 47, Failures: 0, Errors: 0, Skipped: 0

[INFO] 
[INFO] --- jacoco-maven-plugin:0.8.5:report (report) @ bash ---
[INFO] Loading execution data file /tmp/tmpf94nt3if/bash/target/jacoco.exec
[INFO] Analyzed bundle 'Bash interpreter' with 330 classes
[INFO] ------------------------------------------------------------------------
[INFO] BUILD SUCCESS
[INFO] ------------------------------------------------------------------------
[INFO] Total time:  22.155 s
[INFO] Finished at: 2020-07-30T20:43:02Z
[INFO] ------------------------------------------------------------------------
