[INFO] Error stacktraces are turned on.
[INFO] Scanning for projects...
[INFO] 
[INFO] -----------------------< gageot.net:kittenmash >------------------------
[INFO] Building KittenMash 1.0.0-SNAPSHOT
[INFO] --------------------------------[ jar ]---------------------------------
[INFO] 
[INFO] --- jacoco-maven-plugin:0.8.5:prepare-agent (default) @ kittenmash ---
[INFO] argLine set to -javaagent:/home/jdbl/.m2/repository/org/jacoco/org.jacoco.agent/0.8.5/org.jacoco.agent-0.8.5-runtime.jar=destfile=/tmp/tmpqs57g54h/kittenmash/target/jacoco.exec
[INFO] 
[INFO] --- maven-resources-plugin:2.5:resources (default-resources) @ kittenmash ---
[debug] execute contextualize
[INFO] Using 'UTF-8' encoding to copy filtered resources.
[INFO] skip non existing resourceDirectory /tmp/tmpqs57g54h/kittenmash/src/main/resources
[INFO] 
[INFO] --- maven-compiler-plugin:2.3.2:compile (default-compile) @ kittenmash ---
[INFO] Compiling 8 source files to /tmp/tmpqs57g54h/kittenmash/target/classes
[INFO] 
[INFO] --- maven-resources-plugin:2.5:testResources (default-testResources) @ kittenmash ---
[debug] execute contextualize
[INFO] Using 'UTF-8' encoding to copy filtered resources.
[INFO] skip non existing resourceDirectory /tmp/tmpqs57g54h/kittenmash/src/test/resources
[INFO] 
[INFO] --- maven-compiler-plugin:2.3.2:testCompile (default-testCompile) @ kittenmash ---
[INFO] Compiling 2 source files to /tmp/tmpqs57g54h/kittenmash/target/test-classes
[INFO] 
[INFO] --- maven-surefire-plugin:2.19.1:test (default-test) @ kittenmash ---
[INFO] Surefire report directory: /tmp/tmpqs57g54h/kittenmash/target/surefire-reports

-------------------------------------------------------
 T E S T S
-------------------------------------------------------
Running net.gageot.kittenmash.KittensTest
21:07:30.070 [main] WARN  c.g.htmlunit.DefaultCssErrorHandler - CSS error: null [1:1] Error in style sheet. Invalid token "@font-face". Was expecting one of: <EOF>, <S>, ".", ":", "*", "[", <HASH>, "<!--", "-->", "@import", "@page", "@media", "@charset ", <IDENT>.
21:07:30.115 [main] WARN  c.g.h.j.host.css.SelectorSpecificity - Unhandled CSS selector type for specificity computation: '11'.
21:07:30.116 [main] WARN  c.g.h.j.host.css.SelectorSpecificity - Unhandled CSS selector type for specificity computation: '11'.
21:07:30.119 [main] WARN  c.g.h.j.host.css.SelectorSpecificity - Unhandled CSS selector type for specificity computation: '11'.
21:07:30.678 [main] WARN  c.g.htmlunit.DefaultCssErrorHandler - CSS error: null [1:1] Error in style sheet. Invalid token "@font-face". Was expecting one of: <EOF>, <S>, ".", ":", "*", "[", <HASH>, "<!--", "-->", "@import", "@page", "@media", "@charset ", <IDENT>.
21:07:30.783 [main] WARN  c.g.h.j.host.css.SelectorSpecificity - Unhandled CSS selector type for specificity computation: '11'.
21:07:30.784 [main] WARN  c.g.h.j.host.css.SelectorSpecificity - Unhandled CSS selector type for specificity computation: '11'.
21:07:30.785 [main] WARN  c.g.h.j.host.css.SelectorSpecificity - Unhandled CSS selector type for specificity computation: '11'.
Tests run: 4, Failures: 0, Errors: 0, Skipped: 0, Time elapsed: 4.964 sec - in net.gageot.kittenmash.KittensTest

Results :

Tests run: 4, Failures: 0, Errors: 0, Skipped: 0

[INFO] 
[INFO] --- jacoco-maven-plugin:0.8.5:report (report) @ kittenmash ---
[INFO] Loading execution data file /tmp/tmpqs57g54h/kittenmash/target/jacoco.exec
[INFO] Analyzed bundle 'KittenMash' with 109 classes
[INFO] ------------------------------------------------------------------------
[INFO] BUILD SUCCESS
[INFO] ------------------------------------------------------------------------
[INFO] Total time:  16.957 s
[INFO] Finished at: 2020-07-30T21:07:32Z
[INFO] ------------------------------------------------------------------------
