[INFO] Error stacktraces are turned on.
[INFO] Scanning for projects...
[INFO] 
[INFO] --------------< com.hubrick.lib:elasticsearch-migration >---------------
[INFO] Building Elasticsearch schema migration library 1.0.6-SNAPSHOT
[INFO] --------------------------------[ jar ]---------------------------------
[INFO] 
[INFO] --- maven-enforcer-plugin:1.0:enforce (enforce-maven) @ elasticsearch-migration ---
[INFO] 
[INFO] --- jacoco-maven-plugin:0.8.5:prepare-agent (default) @ elasticsearch-migration ---
[INFO] argLine set to -javaagent:/home/jdbl/.m2/repository/org/jacoco/org.jacoco.agent/0.8.5/org.jacoco.agent-0.8.5-runtime.jar=destfile=/tmp/tmpvumfx6t_/elasticsearch-migration/target/jacoco.exec
[INFO] 
[INFO] --- maven-resources-plugin:2.6:resources (default-resources) @ elasticsearch-migration ---
[INFO] Using 'UTF-8' encoding to copy filtered resources.
[INFO] Copying 3 resources
[INFO] 
[INFO] --- maven-compiler-plugin:3.1:compile (default-compile) @ elasticsearch-migration ---
[INFO] Changes detected - recompiling the module!
[INFO] Compiling 49 source files to /tmp/tmpvumfx6t_/elasticsearch-migration/target/classes
[INFO] 
[INFO] --- maven-resources-plugin:2.6:testResources (default-testResources) @ elasticsearch-migration ---
[INFO] Using 'UTF-8' encoding to copy filtered resources.
[INFO] Copying 16 resources
[INFO] 
[INFO] --- maven-compiler-plugin:3.1:testCompile (default-testCompile) @ elasticsearch-migration ---
[INFO] Changes detected - recompiling the module!
[INFO] Compiling 5 source files to /tmp/tmpvumfx6t_/elasticsearch-migration/target/test-classes
[WARNING] /tmp/tmpvumfx6t_/elasticsearch-migration/src/test/java/com/hubrick/lib/elasticsearchmigration/service/impl/YamlDirectoryMigrationSetProviderTest.java: Some input files use unchecked or unsafe operations.
[WARNING] /tmp/tmpvumfx6t_/elasticsearch-migration/src/test/java/com/hubrick/lib/elasticsearchmigration/service/impl/YamlDirectoryMigrationSetProviderTest.java: Recompile with -Xlint:unchecked for details.
[INFO] 
[INFO] --- maven-surefire-plugin:2.19.1:test (default-test) @ elasticsearch-migration ---
[INFO] Surefire report directory: /tmp/tmpvumfx6t_/elasticsearch-migration/target/surefire-reports

-------------------------------------------------------
 T E S T S
-------------------------------------------------------
Running com.hubrick.lib.elasticsearchmigration.service.impl.YamlDirectoryMigrationSetProviderTest
SLF4J: Class path contains multiple SLF4J bindings.
SLF4J: Found binding in [file:/tmp/tmpvumfx6t_/elasticsearch-migration/target/classes/org/slf4j/impl/StaticLoggerBinder.class]
SLF4J: Found binding in [jar:file:/home/jdbl/.m2/repository/org/apache/logging/log4j/log4j-slf4j-impl/2.8.2/log4j-slf4j-impl-2.8.2.jar!/org/slf4j/impl/StaticLoggerBinder.class]
SLF4J: See http://www.slf4j.org/codes.html#multiple_bindings for an explanation.
SLF4J: Actual binding is of type [org.slf4j.impl.SimpleLoggerFactory]
[main] INFO org.reflections.Reflections - Reflections took 52 ms to scan 2 urls, producing 20 keys and 20 values 
[main] INFO com.hubrick.lib.elasticsearchmigration.service.impl.YamlParser - Checking schema for file com/hubrick/lib/elasticsearchmigration/service/impl/V1_0_0__migration_one.yaml
[main] INFO com.hubrick.lib.elasticsearchmigration.service.impl.YamlParser - Parsing file com/hubrick/lib/elasticsearchmigration/service/impl/V1_0_0__migration_one.yaml
[main] INFO com.hubrick.lib.elasticsearchmigration.service.impl.YamlParser - Checking schema for file com/hubrick/lib/elasticsearchmigration/service/impl/V1_1_0__migration_two.yaml
[main] INFO com.hubrick.lib.elasticsearchmigration.service.impl.YamlParser - Parsing file com/hubrick/lib/elasticsearchmigration/service/impl/V1_1_0__migration_two.yaml
[main] INFO com.hubrick.lib.elasticsearchmigration.service.impl.YamlParser - Checking schema for file com/hubrick/lib/elasticsearchmigration/service/impl/V1_1_1__migration_three.yaml
[main] INFO com.hubrick.lib.elasticsearchmigration.service.impl.YamlParser - Parsing file com/hubrick/lib/elasticsearchmigration/service/impl/V1_1_1__migration_three.yaml
Tests run: 1, Failures: 0, Errors: 0, Skipped: 0, Time elapsed: 1.609 sec - in com.hubrick.lib.elasticsearchmigration.service.impl.YamlDirectoryMigrationSetProviderTest
Running com.hubrick.lib.elasticsearchmigration.service.impl.YamlParserTest
[main] INFO com.hubrick.lib.elasticsearchmigration.service.impl.YamlParser - Checking schema for file success.yaml
[main] INFO com.hubrick.lib.elasticsearchmigration.service.impl.YamlParser - Parsing file success.yaml
[main] INFO com.hubrick.lib.elasticsearchmigration.service.impl.YamlParser - Checking schema for file failure.yaml
Tests run: 2, Failures: 0, Errors: 0, Skipped: 0, Time elapsed: 0.067 sec - in com.hubrick.lib.elasticsearchmigration.service.impl.YamlParserTest

Results :

Tests run: 3, Failures: 0, Errors: 0, Skipped: 0

[INFO] 
[INFO] --- jacoco-maven-plugin:0.8.5:report (report) @ elasticsearch-migration ---
[INFO] Loading execution data file /tmp/tmpvumfx6t_/elasticsearch-migration/target/jacoco.exec
[INFO] Analyzed bundle 'Elasticsearch schema migration library' with 2550 classes
[INFO] ------------------------------------------------------------------------
[INFO] BUILD SUCCESS
[INFO] ------------------------------------------------------------------------
[INFO] Total time:  04:48 min
[INFO] Finished at: 2020-07-30T20:50:58Z
[INFO] ------------------------------------------------------------------------
