[INFO] Error stacktraces are turned on.
[INFO] Scanning for projects...
[INFO] 
[INFO] --------------------------< fr.xephi:authme >---------------------------
[INFO] Building AuthMeReloaded 5.6.0-SNAPSHOT
[INFO] --------------------------------[ jar ]---------------------------------
[INFO] 
[INFO] --- maven-enforcer-plugin:1.4.1:enforce (enforce-environment) @ authme ---
[INFO] 
[INFO] --- jacoco-maven-plugin:0.8.5:prepare-agent (default) @ authme ---
[INFO] argLine set to -javaagent:/home/jdbl/.m2/repository/org/jacoco/org.jacoco.agent/0.8.5/org.jacoco.agent-0.8.5-runtime.jar=destfile=/tmp/tmptejepn1k/AuthMeReloaded/target/jacoco.exec
[INFO] 
[INFO] --- maven-resources-plugin:3.1.0:resources (default-resources) @ authme ---
[INFO] Using 'UTF-8' encoding to copy filtered resources.
[INFO] Copying 1 resource
[INFO] Copying 63 resources
[INFO] Copying 54 resources to ./messages/
[INFO] 
[INFO] --- maven-compiler-plugin:3.8.1:compile (default-compile) @ authme ---
[INFO] Changes detected - recompiling the module!
[INFO] Compiling 375 source files to /tmp/tmptejepn1k/AuthMeReloaded/target/classes
[INFO] /tmp/tmptejepn1k/AuthMeReloaded/src/main/java/fr/xephi/authme/listener/PlayerListener.java: Some input files use or override a deprecated API.
[INFO] /tmp/tmptejepn1k/AuthMeReloaded/src/main/java/fr/xephi/authme/listener/PlayerListener.java: Recompile with -Xlint:deprecation for details.
[INFO] /tmp/tmptejepn1k/AuthMeReloaded/src/main/java/fr/xephi/authme/message/updater/MessageMigraterPropertyReader.java: Some input files use unchecked or unsafe operations.
[INFO] /tmp/tmptejepn1k/AuthMeReloaded/src/main/java/fr/xephi/authme/message/updater/MessageMigraterPropertyReader.java: Recompile with -Xlint:unchecked for details.
[INFO] 
[INFO] --- maven-resources-plugin:3.1.0:testResources (default-testResources) @ authme ---
[INFO] Using 'UTF-8' encoding to copy filtered resources.
[INFO] Copying 29 resources
[INFO] 
[INFO] --- maven-compiler-plugin:3.8.1:testCompile (default-testCompile) @ authme ---
[INFO] Changes detected - recompiling the module!
[INFO] Compiling 275 source files to /tmp/tmptejepn1k/AuthMeReloaded/target/test-classes
[INFO] /tmp/tmptejepn1k/AuthMeReloaded/src/test/java/fr/xephi/authme/security/PasswordSecurityTest.java: Some input files use or override a deprecated API.
[INFO] /tmp/tmptejepn1k/AuthMeReloaded/src/test/java/fr/xephi/authme/security/PasswordSecurityTest.java: Recompile with -Xlint:deprecation for details.
[INFO] /tmp/tmptejepn1k/AuthMeReloaded/src/test/java/fr/xephi/authme/command/executable/authme/debug/DebugCommandTest.java: Some input files use unchecked or unsafe operations.
[INFO] /tmp/tmptejepn1k/AuthMeReloaded/src/test/java/fr/xephi/authme/command/executable/authme/debug/DebugCommandTest.java: Recompile with -Xlint:unchecked for details.
[INFO] 
[INFO] --- maven-surefire-plugin:2.19.1:test (default-test) @ authme ---
[INFO] Surefire report directory: /tmp/tmptejepn1k/AuthMeReloaded/target/surefire-reports

-------------------------------------------------------
 T E S T S
-------------------------------------------------------
Running fr.xephi.authme.AuthMeInitializationTest
Jul 30, 2020 7:48:50 PM org.bukkit.plugin.PluginLogger log
INFO: [AuthMe] Waiting for 0 tasks to finish
Jul 30, 2020 7:48:50 PM org.bukkit.plugin.PluginLogger log
INFO: [AuthMe] AuthMe N/A disabled!
Tests run: 2, Failures: 0, Errors: 0, Skipped: 0, Time elapsed: 1.56 sec - in fr.xephi.authme.AuthMeInitializationTest
Running fr.xephi.authme.service.ValidationServiceTest
Tests run: 25, Failures: 0, Errors: 0, Skipped: 0, Time elapsed: 0.254 sec - in fr.xephi.authme.service.ValidationServiceTest
Running fr.xephi.authme.service.PasswordRecoveryServiceTest
Tests run: 3, Failures: 0, Errors: 0, Skipped: 0, Time elapsed: 0.065 sec - in fr.xephi.authme.service.PasswordRecoveryServiceTest
Running fr.xephi.authme.service.PluginHookServiceTest
Tests run: 13, Failures: 0, Errors: 0, Skipped: 0, Time elapsed: 0.418 sec - in fr.xephi.authme.service.PluginHookServiceTest
Running fr.xephi.authme.service.BukkitServiceTest
Tests run: 17, Failures: 0, Errors: 0, Skipped: 0, Time elapsed: 0.078 sec - in fr.xephi.authme.service.BukkitServiceTest
Running fr.xephi.authme.service.TeleportationServiceTest
Tests run: 16, Failures: 0, Errors: 0, Skipped: 0, Time elapsed: 0.067 sec - in fr.xephi.authme.service.TeleportationServiceTest
Running fr.xephi.authme.service.HelpTranslationGeneratorIntegrationTest
Tests run: 1, Failures: 0, Errors: 0, Skipped: 0, Time elapsed: 0.062 sec - in fr.xephi.authme.service.HelpTranslationGeneratorIntegrationTest
Running fr.xephi.authme.service.MigrationServiceTest
Tests run: 3, Failures: 0, Errors: 0, Skipped: 0, Time elapsed: 0.012 sec - in fr.xephi.authme.service.MigrationServiceTest
Running fr.xephi.authme.service.RecoveryCodeServiceTest
Tests run: 6, Failures: 0, Errors: 0, Skipped: 0, Time elapsed: 0.002 sec - in fr.xephi.authme.service.RecoveryCodeServiceTest
Running fr.xephi.authme.service.CommonServiceTest
Tests run: 5, Failures: 0, Errors: 0, Skipped: 0, Time elapsed: 0.003 sec - in fr.xephi.authme.service.CommonServiceTest
Running fr.xephi.authme.service.SessionServiceTest
Tests run: 8, Failures: 0, Errors: 0, Skipped: 0, Time elapsed: 0.012 sec - in fr.xephi.authme.service.SessionServiceTest
Running fr.xephi.authme.service.GeoIpServiceTest
Tests run: 4, Failures: 0, Errors: 0, Skipped: 0, Time elapsed: 0.015 sec - in fr.xephi.authme.service.GeoIpServiceTest
Running fr.xephi.authme.service.yaml.YamlFileResourceProviderTest
Tests run: 2, Failures: 0, Errors: 0, Skipped: 0, Time elapsed: 0.002 sec - in fr.xephi.authme.service.yaml.YamlFileResourceProviderTest
Running fr.xephi.authme.service.AntiBotServiceTest
Tests run: 9, Failures: 0, Errors: 0, Skipped: 0, Time elapsed: 0.01 sec - in fr.xephi.authme.service.AntiBotServiceTest
Running fr.xephi.authme.mail.SendMailSslTest
Tests run: 4, Failures: 0, Errors: 0, Skipped: 0, Time elapsed: 0.049 sec - in fr.xephi.authme.mail.SendMailSslTest
Running fr.xephi.authme.mail.EmailServiceTest
Tests run: 7, Failures: 0, Errors: 0, Skipped: 0, Time elapsed: 0.072 sec - in fr.xephi.authme.mail.EmailServiceTest
Running fr.xephi.authme.events.EventsConsistencyTest
Tests run: 2, Failures: 0, Errors: 0, Skipped: 0, Time elapsed: 0.014 sec - in fr.xephi.authme.events.EventsConsistencyTest
Running fr.xephi.authme.permission.DebugSectionPermissionsTest
Tests run: 2, Failures: 0, Errors: 0, Skipped: 0, Time elapsed: 0 sec - in fr.xephi.authme.permission.DebugSectionPermissionsTest
Running fr.xephi.authme.permission.PlayerPermissionTest
Tests run: 2, Failures: 0, Errors: 0, Skipped: 0, Time elapsed: 0 sec - in fr.xephi.authme.permission.PlayerPermissionTest
Running fr.xephi.authme.permission.AdminPermissionTest
Tests run: 2, Failures: 0, Errors: 0, Skipped: 0, Time elapsed: 0 sec - in fr.xephi.authme.permission.AdminPermissionTest
Running fr.xephi.authme.permission.PermissionsManagerInitializationTest
Tests run: 16, Failures: 0, Errors: 0, Skipped: 1, Time elapsed: 0.097 sec - in fr.xephi.authme.permission.PermissionsManagerInitializationTest
Running fr.xephi.authme.permission.PlayerStatePermissionTest
Tests run: 3, Failures: 0, Errors: 0, Skipped: 0, Time elapsed: 0 sec - in fr.xephi.authme.permission.PlayerStatePermissionTest
Running fr.xephi.authme.permission.PermissionConsistencyTest
Tests run: 2, Failures: 0, Errors: 0, Skipped: 0, Time elapsed: 0.013 sec - in fr.xephi.authme.permission.PermissionConsistencyTest
Running fr.xephi.authme.permission.PermissionsManagerTest
Tests run: 9, Failures: 0, Errors: 0, Skipped: 0, Time elapsed: 0.002 sec - in fr.xephi.authme.permission.PermissionsManagerTest
Running fr.xephi.authme.permission.handlers.VaultHandlerTest
Tests run: 2, Failures: 0, Errors: 0, Skipped: 0, Time elapsed: 0.002 sec - in fr.xephi.authme.permission.handlers.VaultHandlerTest
Running fr.xephi.authme.permission.PermissionsSystemTypeTest
Tests run: 2, Failures: 0, Errors: 0, Skipped: 0, Time elapsed: 0 sec - in fr.xephi.authme.permission.PermissionsSystemTypeTest
Running fr.xephi.authme.api.v3.AuthMeApiTest
Tests run: 31, Failures: 0, Errors: 0, Skipped: 0, Time elapsed: 0.036 sec - in fr.xephi.authme.api.v3.AuthMeApiTest
Running fr.xephi.authme.api.v3.AuthMePlayerImplTest
Tests run: 3, Failures: 0, Errors: 0, Skipped: 0, Time elapsed: 0 sec - in fr.xephi.authme.api.v3.AuthMePlayerImplTest
Running fr.xephi.authme.security.HashUtilsTest
Tests run: 7, Failures: 0, Errors: 0, Skipped: 0, Time elapsed: 0.003 sec - in fr.xephi.authme.security.HashUtilsTest
Running fr.xephi.authme.security.totp.GenerateTotpServiceTest
Tests run: 4, Failures: 0, Errors: 0, Skipped: 0, Time elapsed: 0.011 sec - in fr.xephi.authme.security.totp.GenerateTotpServiceTest
Running fr.xephi.authme.security.totp.TotpAuthenticatorTest
Tests run: 5, Failures: 0, Errors: 0, Skipped: 0, Time elapsed: 0.038 sec - in fr.xephi.authme.security.totp.TotpAuthenticatorTest
Running fr.xephi.authme.security.crypts.Wbb4Test
Tests run: 3, Failures: 0, Errors: 0, Skipped: 0, Time elapsed: 0.769 sec - in fr.xephi.authme.security.crypts.Wbb4Test
Running fr.xephi.authme.security.crypts.Md5Test
Tests run: 3, Failures: 0, Errors: 0, Skipped: 0, Time elapsed: 0.002 sec - in fr.xephi.authme.security.crypts.Md5Test
Running fr.xephi.authme.security.crypts.MyBBTest
Tests run: 3, Failures: 0, Errors: 0, Skipped: 0, Time elapsed: 0.004 sec - in fr.xephi.authme.security.crypts.MyBBTest
Running fr.xephi.authme.security.crypts.BCryptTest
Tests run: 4, Failures: 0, Errors: 0, Skipped: 0, Time elapsed: 0.572 sec - in fr.xephi.authme.security.crypts.BCryptTest
Running fr.xephi.authme.security.crypts.Pbkdf2Test
Tests run: 4, Failures: 0, Errors: 0, Skipped: 0, Time elapsed: 0.45 sec - in fr.xephi.authme.security.crypts.Pbkdf2Test
Running fr.xephi.authme.security.crypts.SmfTest
Tests run: 4, Failures: 0, Errors: 0, Skipped: 0, Time elapsed: 0.002 sec - in fr.xephi.authme.security.crypts.SmfTest
Running fr.xephi.authme.security.crypts.XfBCryptTest
Tests run: 4, Failures: 0, Errors: 0, Skipped: 0, Time elapsed: 1.514 sec - in fr.xephi.authme.security.crypts.XfBCryptTest
Running fr.xephi.authme.security.crypts.Md5vBTest
Tests run: 3, Failures: 0, Errors: 0, Skipped: 0, Time elapsed: 0 sec - in fr.xephi.authme.security.crypts.Md5vBTest
Running fr.xephi.authme.security.crypts.Argon2Test
Tests run: 3, Failures: 0, Errors: 0, Skipped: 3, Time elapsed: 0.033 sec - in fr.xephi.authme.security.crypts.Argon2Test
Running fr.xephi.authme.security.crypts.DoubleMd5Test
Tests run: 3, Failures: 0, Errors: 0, Skipped: 0, Time elapsed: 0.001 sec - in fr.xephi.authme.security.crypts.DoubleMd5Test
Running fr.xephi.authme.security.crypts.WordpressTest
Tests run: 3, Failures: 0, Errors: 0, Skipped: 0, Time elapsed: 0.066 sec - in fr.xephi.authme.security.crypts.WordpressTest
Running fr.xephi.authme.security.crypts.PhpBBTest
Tests run: 5, Failures: 0, Errors: 0, Skipped: 0, Time elapsed: 1.46 sec - in fr.xephi.authme.security.crypts.PhpBBTest
Running fr.xephi.authme.security.crypts.RoyalAuthTest
Tests run: 3, Failures: 0, Errors: 0, Skipped: 0, Time elapsed: 0.022 sec - in fr.xephi.authme.security.crypts.RoyalAuthTest
Running fr.xephi.authme.security.crypts.XAuthTest
Tests run: 3, Failures: 0, Errors: 0, Skipped: 0, Time elapsed: 0.005 sec - in fr.xephi.authme.security.crypts.XAuthTest
Running fr.xephi.authme.security.crypts.PhpFusionTest
Tests run: 3, Failures: 0, Errors: 0, Skipped: 0, Time elapsed: 0.002 sec - in fr.xephi.authme.security.crypts.PhpFusionTest
Running fr.xephi.authme.security.crypts.Salted2Md5Test
Tests run: 3, Failures: 0, Errors: 0, Skipped: 0, Time elapsed: 0.001 sec - in fr.xephi.authme.security.crypts.Salted2Md5Test
Running fr.xephi.authme.security.crypts.TwoFactorTest
Tests run: 3, Failures: 0, Errors: 0, Skipped: 0, Time elapsed: 0.008 sec - in fr.xephi.authme.security.crypts.TwoFactorTest
Running fr.xephi.authme.security.crypts.Ipb4Test
Tests run: 5, Failures: 0, Errors: 0, Skipped: 0, Time elapsed: 13.19 sec - in fr.xephi.authme.security.crypts.Ipb4Test
Running fr.xephi.authme.security.crypts.Wbb3Test
Tests run: 3, Failures: 0, Errors: 0, Skipped: 0, Time elapsed: 0.001 sec - in fr.xephi.authme.security.crypts.Wbb3Test
Running fr.xephi.authme.security.crypts.JoomlaTest
Tests run: 3, Failures: 0, Errors: 0, Skipped: 0, Time elapsed: 0.001 sec - in fr.xephi.authme.security.crypts.JoomlaTest
Running fr.xephi.authme.security.crypts.Sha512Test
Tests run: 3, Failures: 0, Errors: 0, Skipped: 0, Time elapsed: 0.001 sec - in fr.xephi.authme.security.crypts.Sha512Test
Running fr.xephi.authme.security.crypts.CrazyCrypt1Test
Tests run: 3, Failures: 0, Errors: 0, Skipped: 0, Time elapsed: 0.001 sec - in fr.xephi.authme.security.crypts.CrazyCrypt1Test
Running fr.xephi.authme.security.crypts.BCrypt2yTest
Tests run: 4, Failures: 0, Errors: 0, Skipped: 0, Time elapsed: 1.711 sec - in fr.xephi.authme.security.crypts.BCrypt2yTest
Running fr.xephi.authme.security.crypts.WhirlpoolTest
Tests run: 3, Failures: 0, Errors: 0, Skipped: 0, Time elapsed: 0.003 sec - in fr.xephi.authme.security.crypts.WhirlpoolTest
Running fr.xephi.authme.security.crypts.SaltedSha512Test
Tests run: 3, Failures: 0, Errors: 0, Skipped: 0, Time elapsed: 0.001 sec - in fr.xephi.authme.security.crypts.SaltedSha512Test
Running fr.xephi.authme.security.crypts.Sha256Test
Tests run: 3, Failures: 0, Errors: 0, Skipped: 0, Time elapsed: 0.001 sec - in fr.xephi.authme.security.crypts.Sha256Test
Running fr.xephi.authme.security.crypts.Pbkdf2DjangoTest
Tests run: 3, Failures: 0, Errors: 0, Skipped: 0, Time elapsed: 0.663 sec - in fr.xephi.authme.security.crypts.Pbkdf2DjangoTest
Running fr.xephi.authme.security.crypts.Sha1Test
Tests run: 3, Failures: 0, Errors: 0, Skipped: 0, Time elapsed: 0.001 sec - in fr.xephi.authme.security.crypts.Sha1Test
Running fr.xephi.authme.security.crypts.CmwCryptTest
Tests run: 3, Failures: 0, Errors: 0, Skipped: 0, Time elapsed: 0.001 sec - in fr.xephi.authme.security.crypts.CmwCryptTest
Running fr.xephi.authme.security.crypts.Ipb3Test
Tests run: 3, Failures: 0, Errors: 0, Skipped: 0, Time elapsed: 0.001 sec - in fr.xephi.authme.security.crypts.Ipb3Test
Running fr.xephi.authme.security.PasswordSecurityTest
Tests run: 8, Failures: 0, Errors: 0, Skipped: 0, Time elapsed: 0.093 sec - in fr.xephi.authme.security.PasswordSecurityTest
Running fr.xephi.authme.security.HashAlgorithmIntegrationTest
[WARNING] Cannot find argon2 library, skipping integration test
Tests run: 3, Failures: 0, Errors: 0, Skipped: 0, Time elapsed: 0.88 sec - in fr.xephi.authme.security.HashAlgorithmIntegrationTest
Running fr.xephi.authme.ClassesConsistencyTest
Tests run: 3, Failures: 0, Errors: 0, Skipped: 0, Time elapsed: 0.164 sec - in fr.xephi.authme.ClassesConsistencyTest
Running fr.xephi.authme.util.expiring.ExpiringSetTest
Tests run: 8, Failures: 0, Errors: 0, Skipped: 0, Time elapsed: 0.001 sec - in fr.xephi.authme.util.expiring.ExpiringSetTest
Running fr.xephi.authme.util.expiring.DurationTest
Tests run: 1, Failures: 0, Errors: 0, Skipped: 0, Time elapsed: 0 sec - in fr.xephi.authme.util.expiring.DurationTest
Running fr.xephi.authme.util.expiring.TimedCounterTest
Tests run: 4, Failures: 0, Errors: 0, Skipped: 0, Time elapsed: 0.001 sec - in fr.xephi.authme.util.expiring.TimedCounterTest
Running fr.xephi.authme.util.expiring.ExpiringMapTest
Tests run: 5, Failures: 0, Errors: 0, Skipped: 0, Time elapsed: 0.302 sec - in fr.xephi.authme.util.expiring.ExpiringMapTest
Running fr.xephi.authme.util.RandomStringUtilsTest
Tests run: 5, Failures: 0, Errors: 0, Skipped: 0, Time elapsed: 0.013 sec - in fr.xephi.authme.util.RandomStringUtilsTest
Running fr.xephi.authme.util.FileUtilsTest
Tests run: 13, Failures: 0, Errors: 0, Skipped: 0, Time elapsed: 0.019 sec - in fr.xephi.authme.util.FileUtilsTest
Running fr.xephi.authme.util.StringUtilsTest
Tests run: 7, Failures: 0, Errors: 0, Skipped: 0, Time elapsed: 0.004 sec - in fr.xephi.authme.util.StringUtilsTest
Running fr.xephi.authme.util.InternetProtocolUtilsTest
Tests run: 2, Failures: 0, Errors: 0, Skipped: 0, Time elapsed: 0.001 sec - in fr.xephi.authme.util.InternetProtocolUtilsTest
Running fr.xephi.authme.util.UtilsTest
Tests run: 11, Failures: 0, Errors: 0, Skipped: 0, Time elapsed: 0.004 sec - in fr.xephi.authme.util.UtilsTest
Running fr.xephi.authme.util.UuidUtilsTest
Tests run: 1, Failures: 0, Errors: 0, Skipped: 0, Time elapsed: 0.001 sec - in fr.xephi.authme.util.UuidUtilsTest
Running fr.xephi.authme.util.ExceptionUtilsTest
Tests run: 3, Failures: 0, Errors: 0, Skipped: 0, Time elapsed: 0.001 sec - in fr.xephi.authme.util.ExceptionUtilsTest
Running fr.xephi.authme.util.lazytags.TagReplacerTest
Tests run: 2, Failures: 0, Errors: 0, Skipped: 0, Time elapsed: 0.003 sec - in fr.xephi.authme.util.lazytags.TagReplacerTest
Running fr.xephi.authme.util.lazytags.TagBuilderTest
Tests run: 2, Failures: 0, Errors: 0, Skipped: 0, Time elapsed: 0 sec - in fr.xephi.authme.util.lazytags.TagBuilderTest
Running fr.xephi.authme.util.lazytags.WrappedTagReplacerTest
Tests run: 1, Failures: 0, Errors: 0, Skipped: 0, Time elapsed: 0.001 sec - in fr.xephi.authme.util.lazytags.WrappedTagReplacerTest
Running fr.xephi.authme.util.PlayerUtilsTest
Tests run: 2, Failures: 0, Errors: 0, Skipped: 0, Time elapsed: 0.001 sec - in fr.xephi.authme.util.PlayerUtilsTest
Running fr.xephi.authme.process.unregister.AsynchronousUnregisterTest
Tests run: 9, Failures: 0, Errors: 0, Skipped: 0, Time elapsed: 0.04 sec - in fr.xephi.authme.process.unregister.AsynchronousUnregisterTest
Running fr.xephi.authme.process.changepassword.AsyncChangePasswordTest
Tests run: 4, Failures: 0, Errors: 0, Skipped: 0, Time elapsed: 0.009 sec - in fr.xephi.authme.process.changepassword.AsyncChangePasswordTest
Running fr.xephi.authme.process.email.AsyncAddEmailTest
Tests run: 8, Failures: 0, Errors: 0, Skipped: 0, Time elapsed: 0.013 sec - in fr.xephi.authme.process.email.AsyncAddEmailTest
Running fr.xephi.authme.process.email.AsyncChangeEmailTest
Tests run: 10, Failures: 0, Errors: 0, Skipped: 0, Time elapsed: 0.014 sec - in fr.xephi.authme.process.email.AsyncChangeEmailTest
Running fr.xephi.authme.process.login.AsynchronousLoginTest
Tests run: 9, Failures: 0, Errors: 0, Skipped: 0, Time elapsed: 0.019 sec - in fr.xephi.authme.process.login.AsynchronousLoginTest
Running fr.xephi.authme.process.register.AsyncRegisterTest
Tests run: 5, Failures: 0, Errors: 0, Skipped: 0, Time elapsed: 0.014 sec - in fr.xephi.authme.process.register.AsyncRegisterTest
Running fr.xephi.authme.process.register.executors.PasswordRegisterExecutorTest
Tests run: 5, Failures: 0, Errors: 0, Skipped: 0, Time elapsed: 0.013 sec - in fr.xephi.authme.process.register.executors.PasswordRegisterExecutorTest
Running fr.xephi.authme.process.register.executors.PlayerAuthBuilderHelperTest
Tests run: 1, Failures: 0, Errors: 0, Skipped: 0, Time elapsed: 0 sec - in fr.xephi.authme.process.register.executors.PlayerAuthBuilderHelperTest
Running fr.xephi.authme.process.register.executors.EmailRegisterExecutorTest
Tests run: 6, Failures: 0, Errors: 0, Skipped: 0, Time elapsed: 0.006 sec - in fr.xephi.authme.process.register.executors.EmailRegisterExecutorTest
Running fr.xephi.authme.task.CleanupTaskTest
Tests run: 1, Failures: 0, Errors: 0, Skipped: 0, Time elapsed: 0.004 sec - in fr.xephi.authme.task.CleanupTaskTest
Running fr.xephi.authme.task.purge.PurgeServiceTest
Tests run: 7, Failures: 0, Errors: 0, Skipped: 0, Time elapsed: 0.024 sec - in fr.xephi.authme.task.purge.PurgeServiceTest
Running fr.xephi.authme.task.purge.PurgeTaskTest
Tests run: 4, Failures: 0, Errors: 0, Skipped: 0, Time elapsed: 0.014 sec - in fr.xephi.authme.task.purge.PurgeTaskTest
Running fr.xephi.authme.output.ConsoleLoggerFactoryTest
Tests run: 3, Failures: 0, Errors: 0, Skipped: 0, Time elapsed: 0.001 sec - in fr.xephi.authme.output.ConsoleLoggerFactoryTest
Running fr.xephi.authme.output.LogLevelTest
Tests run: 1, Failures: 0, Errors: 0, Skipped: 0, Time elapsed: 0 sec - in fr.xephi.authme.output.LogLevelTest
Running fr.xephi.authme.output.Log4JFilterTest
Tests run: 17, Failures: 0, Errors: 0, Skipped: 0, Time elapsed: 0.014 sec - in fr.xephi.authme.output.Log4JFilterTest
Running fr.xephi.authme.output.ConsoleFilterTest
Tests run: 3, Failures: 0, Errors: 0, Skipped: 0, Time elapsed: 0.017 sec - in fr.xephi.authme.output.ConsoleFilterTest
Running fr.xephi.authme.output.LogFilterHelperTest
Tests run: 1, Failures: 0, Errors: 0, Skipped: 0, Time elapsed: 0.006 sec - in fr.xephi.authme.output.LogFilterHelperTest
Running fr.xephi.authme.data.auth.PlayerAuthTest
Tests run: 3, Failures: 0, Errors: 0, Skipped: 0, Time elapsed: 0 sec - in fr.xephi.authme.data.auth.PlayerAuthTest
Running fr.xephi.authme.data.QuickCommandsProtectionManagerTest
Tests run: 2, Failures: 0, Errors: 0, Skipped: 0, Time elapsed: 0.001 sec - in fr.xephi.authme.data.QuickCommandsProtectionManagerTest
Running fr.xephi.authme.data.TempbanManagerTest
Tests run: 9, Failures: 0, Errors: 0, Skipped: 0, Time elapsed: 0.025 sec - in fr.xephi.authme.data.TempbanManagerTest
Running fr.xephi.authme.data.captcha.LoginCaptchaManagerTest
Tests run: 7, Failures: 0, Errors: 0, Skipped: 0, Time elapsed: 0.002 sec - in fr.xephi.authme.data.captcha.LoginCaptchaManagerTest
Running fr.xephi.authme.data.captcha.RegistrationCaptchaManagerTest
Tests run: 3, Failures: 0, Errors: 0, Skipped: 0, Time elapsed: 0 sec - in fr.xephi.authme.data.captcha.RegistrationCaptchaManagerTest
Running fr.xephi.authme.data.VerificationCodeManagerTest
Tests run: 6, Failures: 0, Errors: 0, Skipped: 0, Time elapsed: 0.004 sec - in fr.xephi.authme.data.VerificationCodeManagerTest
Running fr.xephi.authme.data.limbo.WalkFlySpeedRestoreTypeTest
Tests run: 7, Failures: 0, Errors: 0, Skipped: 0, Time elapsed: 0.009 sec - in fr.xephi.authme.data.limbo.WalkFlySpeedRestoreTypeTest
Running fr.xephi.authme.data.limbo.LimboServiceTest
Tests run: 7, Failures: 0, Errors: 0, Skipped: 0, Time elapsed: 0.028 sec - in fr.xephi.authme.data.limbo.LimboServiceTest
Running fr.xephi.authme.data.limbo.LimboServiceHelperTest
Tests run: 3, Failures: 0, Errors: 0, Skipped: 0, Time elapsed: 0 sec - in fr.xephi.authme.data.limbo.LimboServiceHelperTest
Running fr.xephi.authme.data.limbo.LimboPlayerTaskManagerTest
Tests run: 7, Failures: 0, Errors: 0, Skipped: 0, Time elapsed: 0.022 sec - in fr.xephi.authme.data.limbo.LimboPlayerTaskManagerTest
Running fr.xephi.authme.data.limbo.AllowFlightRestoreTypeTest
Tests run: 5, Failures: 0, Errors: 0, Skipped: 0, Time elapsed: 0.001 sec - in fr.xephi.authme.data.limbo.AllowFlightRestoreTypeTest
Running fr.xephi.authme.data.limbo.persistence.IndividualFilesPersistenceHandlerTest
Tests run: 3, Failures: 0, Errors: 0, Skipped: 0, Time elapsed: 0.03 sec - in fr.xephi.authme.data.limbo.persistence.IndividualFilesPersistenceHandlerTest
Running fr.xephi.authme.data.limbo.persistence.SegmentSizeTest
Tests run: 2, Failures: 0, Errors: 0, Skipped: 0, Time elapsed: 0 sec - in fr.xephi.authme.data.limbo.persistence.SegmentSizeTest
Running fr.xephi.authme.data.limbo.persistence.LimboPersistenceTest
Tests run: 6, Failures: 0, Errors: 0, Skipped: 0, Time elapsed: 0.018 sec - in fr.xephi.authme.data.limbo.persistence.LimboPersistenceTest
Running fr.xephi.authme.data.limbo.persistence.DistributedFilesPersistenceHandlerTest
Tests run: 4, Failures: 0, Errors: 0, Skipped: 0, Time elapsed: 0.035 sec - in fr.xephi.authme.data.limbo.persistence.DistributedFilesPersistenceHandlerTest
Running fr.xephi.authme.data.limbo.persistence.LimboPersistenceTypeTest
Tests run: 2, Failures: 0, Errors: 0, Skipped: 0, Time elapsed: 0.005 sec - in fr.xephi.authme.data.limbo.persistence.LimboPersistenceTypeTest
Running fr.xephi.authme.data.limbo.persistence.SegmentNameBuilderTest
Tests run: 8, Failures: 0, Errors: 0, Skipped: 0, Time elapsed: 0.307 sec - in fr.xephi.authme.data.limbo.persistence.SegmentNameBuilderTest
Running fr.xephi.authme.ConsoleLoggerTest
Tests run: 6, Failures: 0, Errors: 0, Skipped: 0, Time elapsed: 0.018 sec - in fr.xephi.authme.ConsoleLoggerTest
Running fr.xephi.authme.initialization.TaskCloserTest
Tests run: 3, Failures: 0, Errors: 0, Skipped: 0, Time elapsed: 0.053 sec - in fr.xephi.authme.initialization.TaskCloserTest
Running fr.xephi.authme.settings.SettingsIntegrationTest
Tests run: 3, Failures: 0, Errors: 0, Skipped: 0, Time elapsed: 0.015 sec - in fr.xephi.authme.settings.SettingsIntegrationTest
Running fr.xephi.authme.settings.SettingsWarnerTest
Tests run: 2, Failures: 0, Errors: 0, Skipped: 0, Time elapsed: 0.003 sec - in fr.xephi.authme.settings.SettingsWarnerTest
Running fr.xephi.authme.settings.commandconfig.CommandMigrationServiceTest
Tests run: 5, Failures: 0, Errors: 0, Skipped: 0, Time elapsed: 0.021 sec - in fr.xephi.authme.settings.commandconfig.CommandMigrationServiceTest
Running fr.xephi.authme.settings.commandconfig.CommandManagerTest
Tests run: 14, Failures: 0, Errors: 0, Skipped: 0, Time elapsed: 0.064 sec - in fr.xephi.authme.settings.commandconfig.CommandManagerTest
Running fr.xephi.authme.settings.commandconfig.CommandYmlConsistencyTest
Tests run: 1, Failures: 0, Errors: 0, Skipped: 0, Time elapsed: 0.001 sec - in fr.xephi.authme.settings.commandconfig.CommandYmlConsistencyTest
Running fr.xephi.authme.settings.properties.AuthMeSettingsRetrieverTest
Tests run: 1, Failures: 0, Errors: 0, Skipped: 0, Time elapsed: 0.001 sec - in fr.xephi.authme.settings.properties.AuthMeSettingsRetrieverTest
Running fr.xephi.authme.settings.properties.SettingsClassConsistencyTest
Found 12 SettingsHolder implementations
Tests run: 3, Failures: 0, Errors: 0, Skipped: 0, Time elapsed: 0.003 sec - in fr.xephi.authme.settings.properties.SettingsClassConsistencyTest
Running fr.xephi.authme.settings.SettingsTest
Tests run: 3, Failures: 0, Errors: 0, Skipped: 0, Time elapsed: 0.021 sec - in fr.xephi.authme.settings.SettingsTest
Running fr.xephi.authme.settings.SettingsConsistencyTest
Tests run: 3, Failures: 0, Errors: 0, Skipped: 0, Time elapsed: 0.004 sec - in fr.xephi.authme.settings.SettingsConsistencyTest
Running fr.xephi.authme.settings.WelcomeMessageConfigurationTest
Tests run: 3, Failures: 0, Errors: 0, Skipped: 0, Time elapsed: 0.004 sec - in fr.xephi.authme.settings.WelcomeMessageConfigurationTest
Running fr.xephi.authme.settings.SpawnLoaderTest
Tests run: 1, Failures: 0, Errors: 0, Skipped: 0, Time elapsed: 0.013 sec - in fr.xephi.authme.settings.SpawnLoaderTest
Running fr.xephi.authme.settings.SettingsMigrationServiceTest
Tests run: 3, Failures: 0, Errors: 0, Skipped: 0, Time elapsed: 0.044 sec - in fr.xephi.authme.settings.SettingsMigrationServiceTest
Running fr.xephi.authme.message.MessageFilePlaceholderTest
Tests run: 32, Failures: 0, Errors: 0, Skipped: 0, Time elapsed: 0.071 sec - in fr.xephi.authme.message.MessageFilePlaceholderTest
Running fr.xephi.authme.message.MessageKeyTest
Tests run: 2, Failures: 0, Errors: 0, Skipped: 0, Time elapsed: 0 sec - in fr.xephi.authme.message.MessageKeyTest
Running fr.xephi.authme.message.updater.OldMessageKeysMigraterTest
Tests run: 1, Failures: 0, Errors: 0, Skipped: 0, Time elapsed: 0 sec - in fr.xephi.authme.message.updater.OldMessageKeysMigraterTest
Running fr.xephi.authme.message.updater.MigraterYamlFileResourceTest
Tests run: 2, Failures: 0, Errors: 0, Skipped: 0, Time elapsed: 0 sec - in fr.xephi.authme.message.updater.MigraterYamlFileResourceTest
Running fr.xephi.authme.message.updater.MessageUpdaterTest
Tests run: 6, Failures: 0, Errors: 0, Skipped: 0, Time elapsed: 0.03 sec - in fr.xephi.authme.message.updater.MessageUpdaterTest
Running fr.xephi.authme.message.HelpMessageConsistencyTest
Tests run: 1, Failures: 0, Errors: 0, Skipped: 0, Time elapsed: 0.024 sec - in fr.xephi.authme.message.HelpMessageConsistencyTest
Running fr.xephi.authme.message.YamlTextFileCheckerTest
Tests run: 2, Failures: 0, Errors: 0, Skipped: 0, Time elapsed: 0.046 sec - in fr.xephi.authme.message.YamlTextFileCheckerTest
Running fr.xephi.authme.message.MessagePathHelperTest
Tests run: 5, Failures: 0, Errors: 0, Skipped: 0, Time elapsed: 0 sec - in fr.xephi.authme.message.MessagePathHelperTest
Running fr.xephi.authme.message.MessagesFileConsistencyTest
Tests run: 1, Failures: 0, Errors: 0, Skipped: 0, Time elapsed: 0.001 sec - in fr.xephi.authme.message.MessagesFileConsistencyTest
Running fr.xephi.authme.message.MessagesIntegrationTest
Tests run: 14, Failures: 0, Errors: 0, Skipped: 0, Time elapsed: 0.032 sec - in fr.xephi.authme.message.MessagesIntegrationTest
Running fr.xephi.authme.CodeClimateConfigTest
Tests run: 1, Failures: 0, Errors: 0, Skipped: 0, Time elapsed: 0.001 sec - in fr.xephi.authme.CodeClimateConfigTest
Running fr.xephi.authme.command.PlayerCommandTest
Tests run: 3, Failures: 0, Errors: 0, Skipped: 0, Time elapsed: 0.007 sec - in fr.xephi.authme.command.PlayerCommandTest
Running fr.xephi.authme.command.CommandMapperTest
Tests run: 15, Failures: 0, Errors: 0, Skipped: 0, Time elapsed: 0.014 sec - in fr.xephi.authme.command.CommandMapperTest
Running fr.xephi.authme.command.executable.unregister.UnregisterCommandTest
Tests run: 5, Failures: 0, Errors: 0, Skipped: 0, Time elapsed: 0.012 sec - in fr.xephi.authme.command.executable.unregister.UnregisterCommandTest
Running fr.xephi.authme.command.executable.changepassword.ChangePasswordCommandTest
Tests run: 5, Failures: 0, Errors: 0, Skipped: 0, Time elapsed: 0.002 sec - in fr.xephi.authme.command.executable.changepassword.ChangePasswordCommandTest
Running fr.xephi.authme.command.executable.verification.VerificationCommandTest
Tests run: 7, Failures: 0, Errors: 0, Skipped: 0, Time elapsed: 0.004 sec - in fr.xephi.authme.command.executable.verification.VerificationCommandTest
Running fr.xephi.authme.command.executable.email.ProcessCodeCommandTest
Tests run: 3, Failures: 0, Errors: 0, Skipped: 0, Time elapsed: 0.01 sec - in fr.xephi.authme.command.executable.email.ProcessCodeCommandTest
Running fr.xephi.authme.command.executable.email.EmailBaseCommandTest
Tests run: 1, Failures: 0, Errors: 0, Skipped: 0, Time elapsed: 0.014 sec - in fr.xephi.authme.command.executable.email.EmailBaseCommandTest
Running fr.xephi.authme.command.executable.email.ChangeEmailCommandTest
Tests run: 4, Failures: 0, Errors: 0, Skipped: 0, Time elapsed: 0.003 sec - in fr.xephi.authme.command.executable.email.ChangeEmailCommandTest
Running fr.xephi.authme.command.executable.email.EmailSetPasswordCommandTest
Tests run: 3, Failures: 0, Errors: 0, Skipped: 0, Time elapsed: 0.003 sec - in fr.xephi.authme.command.executable.email.EmailSetPasswordCommandTest
Running fr.xephi.authme.command.executable.email.RecoverEmailCommandTest
Tests run: 8, Failures: 0, Errors: 0, Skipped: 0, Time elapsed: 0.007 sec - in fr.xephi.authme.command.executable.email.RecoverEmailCommandTest
Running fr.xephi.authme.command.executable.email.AddEmailCommandTest
Tests run: 4, Failures: 0, Errors: 0, Skipped: 0, Time elapsed: 0.003 sec - in fr.xephi.authme.command.executable.email.AddEmailCommandTest
Running fr.xephi.authme.command.executable.email.ShowEmailCommandTest
Tests run: 3, Failures: 0, Errors: 0, Skipped: 0, Time elapsed: 0.003 sec - in fr.xephi.authme.command.executable.email.ShowEmailCommandTest
Running fr.xephi.authme.command.executable.totp.TotpBaseCommandTest
Tests run: 1, Failures: 0, Errors: 0, Skipped: 0, Time elapsed: 0.001 sec - in fr.xephi.authme.command.executable.totp.TotpBaseCommandTest
Running fr.xephi.authme.command.executable.totp.RemoveTotpCommandTest
Tests run: 5, Failures: 0, Errors: 0, Skipped: 0, Time elapsed: 0.005 sec - in fr.xephi.authme.command.executable.totp.RemoveTotpCommandTest
Running fr.xephi.authme.command.executable.totp.ConfirmTotpCommandTest
Tests run: 5, Failures: 0, Errors: 0, Skipped: 0, Time elapsed: 0.01 sec - in fr.xephi.authme.command.executable.totp.ConfirmTotpCommandTest
Running fr.xephi.authme.command.executable.totp.AddTotpCommandTest
Tests run: 3, Failures: 0, Errors: 0, Skipped: 0, Time elapsed: 0.001 sec - in fr.xephi.authme.command.executable.totp.AddTotpCommandTest
Running fr.xephi.authme.command.executable.login.LoginCommandTest
Tests run: 3, Failures: 0, Errors: 0, Skipped: 0, Time elapsed: 0.001 sec - in fr.xephi.authme.command.executable.login.LoginCommandTest
Running fr.xephi.authme.command.executable.logout.LogoutCommandTest
Tests run: 2, Failures: 0, Errors: 0, Skipped: 0, Time elapsed: 0.001 sec - in fr.xephi.authme.command.executable.logout.LogoutCommandTest
Running fr.xephi.authme.command.executable.HelpCommandTest
Tests run: 5, Failures: 0, Errors: 0, Skipped: 0, Time elapsed: 0.011 sec - in fr.xephi.authme.command.executable.HelpCommandTest
Running fr.xephi.authme.command.executable.authme.BackupCommandTest
Tests run: 1, Failures: 0, Errors: 0, Skipped: 0, Time elapsed: 0.004 sec - in fr.xephi.authme.command.executable.authme.BackupCommandTest
Running fr.xephi.authme.command.executable.authme.RegisterAdminCommandTest
Tests run: 5, Failures: 0, Errors: 0, Skipped: 0, Time elapsed: 0.006 sec - in fr.xephi.authme.command.executable.authme.RegisterAdminCommandTest
Running fr.xephi.authme.command.executable.authme.SetSpawnCommandTest
Tests run: 2, Failures: 0, Errors: 0, Skipped: 0, Time elapsed: 0.001 sec - in fr.xephi.authme.command.executable.authme.SetSpawnCommandTest
Running fr.xephi.authme.command.executable.authme.ForceLoginCommandTest
Tests run: 5, Failures: 0, Errors: 0, Skipped: 0, Time elapsed: 0.003 sec - in fr.xephi.authme.command.executable.authme.ForceLoginCommandTest
Running fr.xephi.authme.command.executable.authme.LastLoginCommandTest
Tests run: 4, Failures: 0, Errors: 0, Skipped: 0, Time elapsed: 0.004 sec - in fr.xephi.authme.command.executable.authme.LastLoginCommandTest
Running fr.xephi.authme.command.executable.authme.AuthMeCommandTest
Tests run: 1, Failures: 0, Errors: 0, Skipped: 0, Time elapsed: 0 sec - in fr.xephi.authme.command.executable.authme.AuthMeCommandTest
Running fr.xephi.authme.command.executable.authme.ConverterCommandTest
Tests run: 5, Failures: 0, Errors: 0, Skipped: 0, Time elapsed: 0.014 sec - in fr.xephi.authme.command.executable.authme.ConverterCommandTest
Running fr.xephi.authme.command.executable.authme.RecentPlayersCommandTest
Tests run: 2, Failures: 0, Errors: 0, Skipped: 0, Time elapsed: 0.009 sec - in fr.xephi.authme.command.executable.authme.RecentPlayersCommandTest
Running fr.xephi.authme.command.executable.authme.SetEmailCommandTest
Tests run: 6, Failures: 0, Errors: 0, Skipped: 0, Time elapsed: 0.004 sec - in fr.xephi.authme.command.executable.authme.SetEmailCommandTest
Running fr.xephi.authme.command.executable.authme.GetIpCommandTest
Tests run: 3, Failures: 0, Errors: 0, Skipped: 0, Time elapsed: 0.002 sec - in fr.xephi.authme.command.executable.authme.GetIpCommandTest
Running fr.xephi.authme.command.executable.authme.SetFirstSpawnCommandTest
Tests run: 2, Failures: 0, Errors: 0, Skipped: 0, Time elapsed: 0.001 sec - in fr.xephi.authme.command.executable.authme.SetFirstSpawnCommandTest
Running fr.xephi.authme.command.executable.authme.AccountsCommandTest
Tests run: 7, Failures: 0, Errors: 0, Skipped: 0, Time elapsed: 0.005 sec - in fr.xephi.authme.command.executable.authme.AccountsCommandTest
Running fr.xephi.authme.command.executable.authme.TotpViewStatusCommandTest
Tests run: 3, Failures: 0, Errors: 0, Skipped: 0, Time elapsed: 0.001 sec - in fr.xephi.authme.command.executable.authme.TotpViewStatusCommandTest
Running fr.xephi.authme.command.executable.authme.SwitchAntiBotCommandTest
Tests run: 4, Failures: 0, Errors: 0, Skipped: 0, Time elapsed: 0.007 sec - in fr.xephi.authme.command.executable.authme.SwitchAntiBotCommandTest
Running fr.xephi.authme.command.executable.authme.ReloadCommandTest
Tests run: 3, Failures: 0, Errors: 0, Skipped: 0, Time elapsed: 0.012 sec - in fr.xephi.authme.command.executable.authme.ReloadCommandTest
Running fr.xephi.authme.command.executable.authme.GetEmailCommandTest
Tests run: 2, Failures: 0, Errors: 0, Skipped: 0, Time elapsed: 0 sec - in fr.xephi.authme.command.executable.authme.GetEmailCommandTest
Running fr.xephi.authme.command.executable.authme.PurgeBannedPlayersCommandTest
Tests run: 1, Failures: 0, Errors: 0, Skipped: 0, Time elapsed: 0 sec - in fr.xephi.authme.command.executable.authme.PurgeBannedPlayersCommandTest
Running fr.xephi.authme.command.executable.authme.SpawnCommandTest
Tests run: 2, Failures: 0, Errors: 0, Skipped: 0, Time elapsed: 0.002 sec - in fr.xephi.authme.command.executable.authme.SpawnCommandTest
Running fr.xephi.authme.command.executable.authme.PurgePlayerCommandTest
Tests run: 3, Failures: 0, Errors: 0, Skipped: 0, Time elapsed: 0.002 sec - in fr.xephi.authme.command.executable.authme.PurgePlayerCommandTest
Running fr.xephi.authme.command.executable.authme.ChangePasswordAdminCommandTest
Tests run: 2, Failures: 0, Errors: 0, Skipped: 0, Time elapsed: 0.001 sec - in fr.xephi.authme.command.executable.authme.ChangePasswordAdminCommandTest
Running fr.xephi.authme.command.executable.authme.UpdateHelpMessagesCommandTest
Tests run: 2, Failures: 0, Errors: 0, Skipped: 0, Time elapsed: 0.01 sec - in fr.xephi.authme.command.executable.authme.UpdateHelpMessagesCommandTest
Running fr.xephi.authme.command.executable.authme.PurgeLastPositionCommandTest
Tests run: 4, Failures: 0, Errors: 0, Skipped: 0, Time elapsed: 0.003 sec - in fr.xephi.authme.command.executable.authme.PurgeLastPositionCommandTest
Running fr.xephi.authme.command.executable.authme.FirstSpawnCommandTest
Tests run: 2, Failures: 0, Errors: 0, Skipped: 0, Time elapsed: 0.001 sec - in fr.xephi.authme.command.executable.authme.FirstSpawnCommandTest
Running fr.xephi.authme.command.executable.authme.UnregisterAdminCommandTest
Tests run: 3, Failures: 0, Errors: 0, Skipped: 0, Time elapsed: 0.002 sec - in fr.xephi.authme.command.executable.authme.UnregisterAdminCommandTest
Running fr.xephi.authme.command.executable.authme.TotpDisableAdminCommandTest
Tests run: 4, Failures: 0, Errors: 0, Skipped: 0, Time elapsed: 0.003 sec - in fr.xephi.authme.command.executable.authme.TotpDisableAdminCommandTest
Running fr.xephi.authme.command.executable.authme.PurgeCommandTest
Tests run: 3, Failures: 0, Errors: 0, Skipped: 0, Time elapsed: 0.001 sec - in fr.xephi.authme.command.executable.authme.PurgeCommandTest
Running fr.xephi.authme.command.executable.authme.debug.DebugSectionUtilsTest
Tests run: 8, Failures: 0, Errors: 0, Skipped: 0, Time elapsed: 0.043 sec - in fr.xephi.authme.command.executable.authme.debug.DebugSectionUtilsTest
Running fr.xephi.authme.command.executable.authme.debug.DebugCommandTest
Tests run: 4, Failures: 0, Errors: 0, Skipped: 0, Time elapsed: 0.069 sec - in fr.xephi.authme.command.executable.authme.debug.DebugCommandTest
Running fr.xephi.authme.command.executable.authme.debug.DebugSectionConsistencyTest
Tests run: 3, Failures: 0, Errors: 0, Skipped: 0, Time elapsed: 0.001 sec - in fr.xephi.authme.command.executable.authme.debug.DebugSectionConsistencyTest
Running fr.xephi.authme.command.executable.authme.debug.MySqlDefaultChangerColumnsTest
Tests run: 3, Failures: 0, Errors: 0, Skipped: 0, Time elapsed: 0.001 sec - in fr.xephi.authme.command.executable.authme.debug.MySqlDefaultChangerColumnsTest
Running fr.xephi.authme.command.executable.authme.debug.PlayerAuthViewerTest
Tests run: 4, Failures: 0, Errors: 0, Skipped: 0, Time elapsed: 0.004 sec - in fr.xephi.authme.command.executable.authme.debug.PlayerAuthViewerTest
Running fr.xephi.authme.command.executable.authme.debug.DataStatisticsTest
Tests run: 2, Failures: 0, Errors: 0, Skipped: 0, Time elapsed: 0.039 sec - in fr.xephi.authme.command.executable.authme.debug.DataStatisticsTest
Running fr.xephi.authme.command.executable.authme.debug.HasPermissionCheckerTest
Tests run: 3, Failures: 0, Errors: 0, Skipped: 0, Time elapsed: 0.009 sec - in fr.xephi.authme.command.executable.authme.debug.HasPermissionCheckerTest
Running fr.xephi.authme.command.executable.authme.debug.MySqlDefaultChangerTest
Tests run: 3, Failures: 0, Errors: 0, Skipped: 0, Time elapsed: 0.172 sec - in fr.xephi.authme.command.executable.authme.debug.MySqlDefaultChangerTest
Running fr.xephi.authme.command.executable.register.RegisterCommandTest
Tests run: 15, Failures: 0, Errors: 0, Skipped: 0, Time elapsed: 0.015 sec - in fr.xephi.authme.command.executable.register.RegisterCommandTest
Running fr.xephi.authme.command.executable.captcha.CaptchaCommandTest
Tests run: 7, Failures: 0, Errors: 0, Skipped: 0, Time elapsed: 0.015 sec - in fr.xephi.authme.command.executable.captcha.CaptchaCommandTest
Running fr.xephi.authme.command.CommandConsistencyTest
Tests run: 1, Failures: 0, Errors: 0, Skipped: 0, Time elapsed: 0.005 sec - in fr.xephi.authme.command.CommandConsistencyTest
Running fr.xephi.authme.command.CommandHandlerTest
Tests run: 9, Failures: 0, Errors: 0, Skipped: 0, Time elapsed: 0.041 sec - in fr.xephi.authme.command.CommandHandlerTest
Running fr.xephi.authme.command.help.HelpMessagesConsistencyTest
Tests run: 3, Failures: 0, Errors: 0, Skipped: 0, Time elapsed: 0.003 sec - in fr.xephi.authme.command.help.HelpMessagesConsistencyTest
Running fr.xephi.authme.command.help.HelpMessageAndHelpSectionConsistencyTest
Tests run: 1, Failures: 0, Errors: 0, Skipped: 0, Time elapsed: 0 sec - in fr.xephi.authme.command.help.HelpMessageAndHelpSectionConsistencyTest
Running fr.xephi.authme.command.help.HelpProviderTest
Tests run: 20, Failures: 0, Errors: 0, Skipped: 0, Time elapsed: 0.034 sec - in fr.xephi.authme.command.help.HelpProviderTest
Running fr.xephi.authme.command.help.HelpMessagesServiceTest
Tests run: 7, Failures: 0, Errors: 0, Skipped: 0, Time elapsed: 0.012 sec - in fr.xephi.authme.command.help.HelpMessagesServiceTest
Running fr.xephi.authme.command.CommandInitializerTest
Tests run: 9, Failures: 0, Errors: 0, Skipped: 0, Time elapsed: 0.008 sec - in fr.xephi.authme.command.CommandInitializerTest
Running fr.xephi.authme.command.CommandUtilsTest
Tests run: 7, Failures: 0, Errors: 0, Skipped: 0, Time elapsed: 0 sec - in fr.xephi.authme.command.CommandUtilsTest
Running fr.xephi.authme.datasource.SQLiteResourceClosingTest
Note: detected no AutoCloseables for method 'invalidateCache'
Note: detected no AutoCloseables for method 'refreshCache'
Note: detected no AutoCloseables for method 'closeConnection'
Tests run: 32, Failures: 0, Errors: 0, Skipped: 0, Time elapsed: 0.118 sec - in fr.xephi.authme.datasource.SQLiteResourceClosingTest
Running fr.xephi.authme.datasource.SqlDataSourceUtilsTest
Tests run: 7, Failures: 0, Errors: 0, Skipped: 0, Time elapsed: 0.048 sec - in fr.xephi.authme.datasource.SqlDataSourceUtilsTest
Running fr.xephi.authme.datasource.mysqlextensions.WordpressExtensionResourceClosingTest
Note: detected no AutoCloseables for method 'changePassword'
Note: detected no AutoCloseables for method 'removeAuth'
Note: detected no AutoCloseables for method 'extendAuth'
Tests run: 4, Failures: 0, Errors: 0, Skipped: 0, Time elapsed: 0.005 sec - in fr.xephi.authme.datasource.mysqlextensions.WordpressExtensionResourceClosingTest
Running fr.xephi.authme.datasource.mysqlextensions.XfBcryptExtensionResourceClosingTest
Tests run: 4, Failures: 0, Errors: 0, Skipped: 0, Time elapsed: 0.006 sec - in fr.xephi.authme.datasource.mysqlextensions.XfBcryptExtensionResourceClosingTest
Running fr.xephi.authme.datasource.mysqlextensions.PhpBbExtensionResourceClosingTest
Note: detected no AutoCloseables for method 'changePassword'
Note: detected no AutoCloseables for method 'removeAuth'
Note: detected no AutoCloseables for method 'extendAuth'
Tests run: 4, Failures: 0, Errors: 0, Skipped: 0, Time elapsed: 0.004 sec - in fr.xephi.authme.datasource.mysqlextensions.PhpBbExtensionResourceClosingTest
Running fr.xephi.authme.datasource.mysqlextensions.Ipb4ExtensionResourceClosingTest
Note: detected no AutoCloseables for method 'changePassword'
Note: detected no AutoCloseables for method 'removeAuth'
Note: detected no AutoCloseables for method 'extendAuth'
Tests run: 4, Failures: 0, Errors: 0, Skipped: 0, Time elapsed: 0.003 sec - in fr.xephi.authme.datasource.mysqlextensions.Ipb4ExtensionResourceClosingTest
Running fr.xephi.authme.datasource.mysqlextensions.NoOpExtensionTest
Tests run: 1, Failures: 0, Errors: 0, Skipped: 0, Time elapsed: 0.001 sec - in fr.xephi.authme.datasource.mysqlextensions.NoOpExtensionTest
Running fr.xephi.authme.datasource.MySqlIntegrationTest
Tests run: 27, Failures: 0, Errors: 0, Skipped: 0, Time elapsed: 0.813 sec - in fr.xephi.authme.datasource.MySqlIntegrationTest
Running fr.xephi.authme.datasource.converter.AbstractDataSourceConverterTest
Tests run: 3, Failures: 0, Errors: 0, Skipped: 0, Time elapsed: 0.009 sec - in fr.xephi.authme.datasource.converter.AbstractDataSourceConverterTest
Running fr.xephi.authme.datasource.converter.LoginSecurityConverterTest
Tests run: 2, Failures: 0, Errors: 0, Skipped: 0, Time elapsed: 0.102 sec - in fr.xephi.authme.datasource.converter.LoginSecurityConverterTest
Running fr.xephi.authme.datasource.converter.CrazyLoginConverterTest
Tests run: 2, Failures: 0, Errors: 0, Skipped: 0, Time elapsed: 0.011 sec - in fr.xephi.authme.datasource.converter.CrazyLoginConverterTest
Running fr.xephi.authme.datasource.MySqlResourceClosingTest
Note: detected no AutoCloseables for method 'invalidateCache'
Note: detected no AutoCloseables for method 'refreshCache'
Note: detected no AutoCloseables for method 'closeConnection'
Tests run: 32, Failures: 0, Errors: 0, Skipped: 0, Time elapsed: 0.044 sec - in fr.xephi.authme.datasource.MySqlResourceClosingTest
Running fr.xephi.authme.datasource.SQLiteIntegrationTest
Tests run: 29, Failures: 0, Errors: 0, Skipped: 0, Time elapsed: 0.082 sec - in fr.xephi.authme.datasource.SQLiteIntegrationTest
Running fr.xephi.authme.datasource.PostgreSqlResourceClosingTest
Note: detected no AutoCloseables for method 'invalidateCache'
Note: detected no AutoCloseables for method 'refreshCache'
Note: detected no AutoCloseables for method 'closeConnection'
Tests run: 32, Failures: 0, Errors: 0, Skipped: 0, Time elapsed: 0.046 sec - in fr.xephi.authme.datasource.PostgreSqlResourceClosingTest
Running fr.xephi.authme.datasource.SqLiteMigraterIntegrationTest
Tests run: 1, Failures: 0, Errors: 0, Skipped: 0, Time elapsed: 0.927 sec - in fr.xephi.authme.datasource.SqLiteMigraterIntegrationTest
Running fr.xephi.authme.datasource.PostgreSqlIntegrationTest
Tests run: 27, Failures: 0, Errors: 0, Skipped: 0, Time elapsed: 0.214 sec - in fr.xephi.authme.datasource.PostgreSqlIntegrationTest
Running fr.xephi.authme.listener.PlayerListener111Test
Tests run: 1, Failures: 0, Errors: 0, Skipped: 0, Time elapsed: 0.013 sec - in fr.xephi.authme.listener.PlayerListener111Test
Running fr.xephi.authme.listener.ListenerServiceTest
Tests run: 10, Failures: 0, Errors: 0, Skipped: 0, Time elapsed: 0.023 sec - in fr.xephi.authme.listener.ListenerServiceTest
Running fr.xephi.authme.listener.OnJoinVerifierTest
Tests run: 28, Failures: 0, Errors: 0, Skipped: 0, Time elapsed: 0.026 sec - in fr.xephi.authme.listener.OnJoinVerifierTest
Running fr.xephi.authme.listener.BlockListenerTest
Tests run: 4, Failures: 0, Errors: 0, Skipped: 0, Time elapsed: 0.018 sec - in fr.xephi.authme.listener.BlockListenerTest
Running fr.xephi.authme.listener.ListenerConsistencyTest
Tests run: 4, Failures: 0, Errors: 0, Skipped: 0, Time elapsed: 0.004 sec - in fr.xephi.authme.listener.ListenerConsistencyTest
Running fr.xephi.authme.listener.PlayerListenerTest
Tests run: 51, Failures: 0, Errors: 0, Skipped: 0, Time elapsed: 0.198 sec - in fr.xephi.authme.listener.PlayerListenerTest
Running fr.xephi.authme.listener.EntityListenerTest
Tests run: 13, Failures: 0, Errors: 0, Skipped: 0, Time elapsed: 0.072 sec - in fr.xephi.authme.listener.EntityListenerTest
Running fr.xephi.authme.listener.PlayerListener19Test
Tests run: 1, Failures: 0, Errors: 0, Skipped: 0, Time elapsed: 0.007 sec - in fr.xephi.authme.listener.PlayerListener19Test
Running fr.xephi.authme.listener.ServerListenerTest
Tests run: 2, Failures: 0, Errors: 0, Skipped: 0, Time elapsed: 0.017 sec - in fr.xephi.authme.listener.ServerListenerTest

Results :

Tests run: 1293, Failures: 0, Errors: 0, Skipped: 4

[INFO] 
[INFO] --- jacoco-maven-plugin:0.8.5:report (report) @ authme ---
[INFO] Loading execution data file /tmp/tmptejepn1k/AuthMeReloaded/target/jacoco.exec
[INFO] Analyzed bundle 'AuthMeReloaded' with 483 classes
[INFO] ------------------------------------------------------------------------
[INFO] BUILD SUCCESS
[INFO] ------------------------------------------------------------------------
[INFO] Total time:  02:17 min
[INFO] Finished at: 2020-07-30T19:49:21Z
[INFO] ------------------------------------------------------------------------
