[INFO] Error stacktraces are turned on.
[INFO] Scanning for projects...
[INFO] 
[INFO] --------------------------< dnsjava:dnsjava >---------------------------
[INFO] Building dnsjava 2.1.8
[INFO] --------------------------------[ jar ]---------------------------------
[INFO] 
[INFO] --- maven-enforcer-plugin:1.0:enforce (enforce-maven) @ dnsjava ---
[INFO] 
[INFO] --- maven-resources-plugin:2.6:resources (default-resources) @ dnsjava ---
[INFO] Using 'UTF-8' encoding to copy filtered resources.
[INFO] Copying 1 resource to META-INF
[INFO] 
[INFO] --- maven-compiler-plugin:3.0:compile (default-compile) @ dnsjava ---
[INFO] Changes detected - recompiling the module!
[INFO] Compiling 132 source files to /tmp/tmpgpkdecmr/dnsjava/target/classes
[WARNING] /tmp/tmpgpkdecmr/dnsjava/org/xbill/DNS/spi/DNSJavaNameServiceDescriptor.java:[16,54] sun.net.spi.nameservice.NameServiceDescriptor is internal proprietary API and may be removed in a future release
[WARNING] /tmp/tmpgpkdecmr/dnsjava/org/xbill/DNS/spi/DNSJavaNameServiceDescriptor.java:[18,16] sun.net.spi.nameservice.NameService is internal proprietary API and may be removed in a future release
[WARNING] /tmp/tmpgpkdecmr/dnsjava/org/xbill/DNS/spi/DNSJavaNameServiceDescriptor.java:[21,30] sun.net.spi.nameservice.NameService is internal proprietary API and may be removed in a future release
[WARNING] /tmp/tmpgpkdecmr/dnsjava/org/xbill/DNS/spi/DNSJavaNameServiceDescriptor.java:[22,24] sun.net.spi.nameservice.NameService is internal proprietary API and may be removed in a future release
[WARNING] /tmp/tmpgpkdecmr/dnsjava/org/xbill/DNS/spi/DNSJavaNameServiceDescriptor.java:[23,39] sun.net.spi.nameservice.NameService is internal proprietary API and may be removed in a future release
[WARNING] /tmp/tmpgpkdecmr/dnsjava/org/xbill/DNS/spi/DNSJavaNameServiceDescriptor.java:[30,8] sun.net.spi.nameservice.NameService is internal proprietary API and may be removed in a future release
[INFO] 
[INFO] --- maven-bundle-plugin:2.4.0:manifest (bundle-manifest) @ dnsjava ---
in default pack? dig
in default pack? jnamed$1
in default pack? jnamed
in default pack? jnamed$2
in default pack? jnamed$3
in default pack? lookup
in default pack? update
[INFO] 
[INFO] --- maven-resources-plugin:2.6:testResources (default-testResources) @ dnsjava ---
[INFO] Using 'UTF-8' encoding to copy filtered resources.
[INFO] skip non existing resourceDirectory /tmp/tmpgpkdecmr/dnsjava/src/test/resources
[INFO] 
[INFO] --- maven-compiler-plugin:3.0:testCompile (default-testCompile) @ dnsjava ---
[INFO] Changes detected - recompiling the module!
[INFO] Compiling 62 source files to /tmp/tmpgpkdecmr/dnsjava/target/test-classes
[INFO] 
[INFO] --- maven-surefire-plugin:2.12.4:test (default-test) @ dnsjava ---
[INFO] Surefire report directory: /tmp/tmpgpkdecmr/dnsjava/target/surefire-reports

-------------------------------------------------------
 T E S T S
-------------------------------------------------------
Running org.xbill.DNS.TSIGTest
Tests run: 3, Failures: 0, Errors: 0, Skipped: 0, Time elapsed: 0.095 sec
Running org.xbill.DNS.NSRecordTest
Tests run: 3, Failures: 0, Errors: 0, Skipped: 0, Time elapsed: 0 sec
Running org.xbill.DNS.AAAARecordTest
Tests run: 7, Failures: 0, Errors: 0, Skipped: 0, Time elapsed: 0 sec
Running org.xbill.DNS.SOARecordTest
Tests run: 23, Failures: 0, Errors: 0, Skipped: 0, Time elapsed: 0.003 sec
Running org.xbill.DNS.KEYBaseTest
Tests run: 5, Failures: 0, Errors: 0, Skipped: 0, Time elapsed: 0 sec
Running org.xbill.DNS.TokenizerTest
Tests run: 20, Failures: 0, Errors: 0, Skipped: 0, Time elapsed: 0.014 sec
Running org.xbill.DNS.OptionsTest
Tests run: 7, Failures: 0, Errors: 0, Skipped: 0, Time elapsed: 0.001 sec
Running org.xbill.DNS.DNAMERecordTest
Tests run: 3, Failures: 0, Errors: 0, Skipped: 0, Time elapsed: 0.001 sec
Running org.xbill.DNS.DSRecordTest
Tests run: 14, Failures: 0, Errors: 0, Skipped: 0, Time elapsed: 0.013 sec
Running org.xbill.DNS.SerialTest
Tests run: 12, Failures: 0, Errors: 0, Skipped: 0, Time elapsed: 0.001 sec
Running org.xbill.DNS.U16NameBaseTest
Tests run: 7, Failures: 0, Errors: 0, Skipped: 0, Time elapsed: 0.001 sec
Running org.xbill.DNS.utils.base64Test
Tests run: 35, Failures: 0, Errors: 0, Skipped: 0, Time elapsed: 0.013 sec
Running org.xbill.DNS.utils.hexdumpTest
Tests run: 18, Failures: 0, Errors: 0, Skipped: 0, Time elapsed: 0.002 sec
Running org.xbill.DNS.utils.base16Test
Tests run: 9, Failures: 0, Errors: 0, Skipped: 0, Time elapsed: 0.001 sec
Running org.xbill.DNS.NameTest
currently 8, pointer to 1
current name '@', seeking to 1
Tests run: 109, Failures: 0, Errors: 0, Skipped: 0, Time elapsed: 0.021 sec
Running org.xbill.DNS.MDRecordTest
Tests run: 3, Failures: 0, Errors: 0, Skipped: 0, Time elapsed: 0 sec
Running org.xbill.DNS.ExceptionTest
Tests run: 8, Failures: 0, Errors: 0, Skipped: 0, Time elapsed: 0.003 sec
Running org.xbill.DNS.RecordTest
Tests run: 34, Failures: 0, Errors: 0, Skipped: 0, Time elapsed: 0.004 sec
Running org.xbill.DNS.HINFORecordTest
Tests run: 11, Failures: 0, Errors: 0, Skipped: 0, Time elapsed: 0 sec
Running org.xbill.DNS.DNSSECWithProviderTest
Tests run: 1, Failures: 0, Errors: 0, Skipped: 0, Time elapsed: 0.1 sec
Running org.xbill.DNS.KXRecordTest
Tests run: 2, Failures: 0, Errors: 0, Skipped: 0, Time elapsed: 0 sec
Running org.xbill.DNS.AddressTest
Tests run: 16, Failures: 0, Errors: 0, Skipped: 0, Time elapsed: 0.246 sec
Running org.xbill.DNS.DNSInputTest
Tests run: 24, Failures: 0, Errors: 0, Skipped: 0, Time elapsed: 0.002 sec
Running org.xbill.DNS.URIRecordTest
Tests run: 10, Failures: 0, Errors: 0, Skipped: 0, Time elapsed: 0 sec
Running org.xbill.DNS.DNSKEYRecordTest
Tests run: 4, Failures: 0, Errors: 0, Skipped: 0, Time elapsed: 0.001 sec
Running org.xbill.DNS.RTRecordTest
Tests run: 2, Failures: 0, Errors: 0, Skipped: 0, Time elapsed: 0 sec
Running org.xbill.DNS.TypeBitmapTest
Tests run: 3, Failures: 0, Errors: 0, Skipped: 0, Time elapsed: 0.001 sec
Running org.xbill.DNS.ReverseMapTest
Tests run: 3, Failures: 0, Errors: 0, Skipped: 0, Time elapsed: 0 sec
Running org.xbill.DNS.SetResponseTest
Tests run: 16, Failures: 0, Errors: 0, Skipped: 0, Time elapsed: 0.001 sec
Running org.xbill.DNS.SectionTest
Tests run: 4, Failures: 0, Errors: 0, Skipped: 0, Time elapsed: 0 sec
Running org.xbill.DNS.TTLTest
Tests run: 4, Failures: 0, Errors: 0, Skipped: 0, Time elapsed: 0 sec
Running org.xbill.DNS.GPOSRecordTest
Tests run: 26, Failures: 0, Errors: 0, Skipped: 0, Time elapsed: 0.005 sec
Running org.xbill.DNS.DNSOutputTest
Tests run: 19, Failures: 0, Errors: 0, Skipped: 0, Time elapsed: 0.001 sec
Running org.xbill.DNS.SingleNameBaseTest
Tests run: 5, Failures: 0, Errors: 0, Skipped: 0, Time elapsed: 0 sec
Running org.xbill.DNS.A6RecordTest
Tests run: 7, Failures: 0, Errors: 0, Skipped: 0, Time elapsed: 0.001 sec
Running org.xbill.DNS.RRsetTest
Tests run: 10, Failures: 0, Errors: 0, Skipped: 0, Time elapsed: 0.01 sec
Running org.xbill.DNS.ExtendedFlagsTest
Tests run: 2, Failures: 0, Errors: 0, Skipped: 0, Time elapsed: 0 sec
Running org.xbill.DNS.MGRecordTest
Tests run: 3, Failures: 0, Errors: 0, Skipped: 0, Time elapsed: 0 sec
Running org.xbill.DNS.MessageTest
Tests run: 3, Failures: 0, Errors: 0, Skipped: 0, Time elapsed: 0.003 sec
Running org.xbill.DNS.SingleCompressedNameBaseTest
Tests run: 2, Failures: 0, Errors: 0, Skipped: 0, Time elapsed: 0 sec
Running org.xbill.DNS.DClassTest
Tests run: 2, Failures: 0, Errors: 0, Skipped: 0, Time elapsed: 0.002 sec
Running org.xbill.DNS.KEYRecordTest
Tests run: 7, Failures: 0, Errors: 0, Skipped: 0, Time elapsed: 0.004 sec
Running org.xbill.DNS.HeaderTest
Tests run: 19, Failures: 0, Errors: 0, Skipped: 0, Time elapsed: 0.002 sec
Running org.xbill.DNS.FormattedTimeTest
Tests run: 3, Failures: 0, Errors: 0, Skipped: 0, Time elapsed: 0.001 sec
Running org.xbill.DNS.DNSSECSIG0Test
Tests run: 1, Failures: 0, Errors: 0, Skipped: 0, Time elapsed: 0.13 sec
Running org.xbill.DNS.TypeTest
Tests run: 4, Failures: 0, Errors: 0, Skipped: 0, Time elapsed: 0.002 sec
Running org.xbill.DNS.APLRecordTest
Tests run: 38, Failures: 0, Errors: 0, Skipped: 0, Time elapsed: 0.005 sec
Running org.xbill.DNS.EmptyRecordTest
Tests run: 6, Failures: 0, Errors: 0, Skipped: 0, Time elapsed: 0 sec
Running org.xbill.DNS.MRRecordTest
Tests run: 3, Failures: 0, Errors: 0, Skipped: 0, Time elapsed: 0 sec
Running org.xbill.DNS.CompressionTest
Adding www.amazon.com. at 10
Looking for www.amazon.com., found 10
Adding www.cnn.com. at 10
Looking for www.cnn.com., found 10
Tests run: 1, Failures: 0, Errors: 0, Skipped: 0, Time elapsed: 0 sec
Running org.xbill.DNS.MnemonicTest
Tests run: 9, Failures: 0, Errors: 0, Skipped: 0, Time elapsed: 0 sec
Running org.xbill.DNS.OpcodeTest
Tests run: 2, Failures: 0, Errors: 0, Skipped: 0, Time elapsed: 0 sec
Running org.xbill.DNS.RcodeTest
Tests run: 3, Failures: 0, Errors: 0, Skipped: 0, Time elapsed: 0 sec
Running org.xbill.DNS.FlagsTest
Tests run: 3, Failures: 0, Errors: 0, Skipped: 0, Time elapsed: 0 sec
Running org.xbill.DNS.MXRecordTest
Tests run: 3, Failures: 0, Errors: 0, Skipped: 0, Time elapsed: 0 sec
Running org.xbill.DNS.OPTRecordTest
Tests run: 3, Failures: 0, Errors: 0, Skipped: 0, Time elapsed: 0 sec
Running org.xbill.DNS.MFRecordTest
Tests run: 3, Failures: 0, Errors: 0, Skipped: 0, Time elapsed: 0 sec
Running org.xbill.DNS.CNAMERecordTest
Tests run: 3, Failures: 0, Errors: 0, Skipped: 0, Time elapsed: 0 sec
Running org.xbill.DNS.ARecordTest
Tests run: 7, Failures: 0, Errors: 0, Skipped: 0, Time elapsed: 0 sec
Running org.xbill.DNS.AFSDBRecordTest
Tests run: 2, Failures: 0, Errors: 0, Skipped: 0, Time elapsed: 0 sec
Running org.xbill.DNS.NSAP_PTRRecordTest
Tests run: 3, Failures: 0, Errors: 0, Skipped: 0, Time elapsed: 0 sec
Running org.xbill.DNS.MBRecordTest
Tests run: 3, Failures: 0, Errors: 0, Skipped: 0, Time elapsed: 0 sec

Results :

Tests run: 625, Failures: 0, Errors: 0, Skipped: 0

[INFO] 
[INFO] --- maven-jar-plugin:2.4:jar (default-jar) @ dnsjava ---
[INFO] Building jar: /tmp/tmpgpkdecmr/dnsjava/target/dnsjava-2.1.8.jar
[INFO] 
[INFO] --- maven-source-plugin:2.2.1:jar-no-fork (attach-sources) @ dnsjava ---
[INFO] Skipping source per configuration.
[INFO] 
[INFO] --- maven-javadoc-plugin:2.7:jar (attach-javadocs) @ dnsjava ---
[INFO] Skipping javadoc generation
[INFO] 
[INFO] --- maven-assembly-plugin:3.2.0:single (default) @ dnsjava ---
[INFO] Building jar: /tmp/tmpgpkdecmr/dnsjava/target/dnsjava-2.1.8-jar-with-dependencies.jar
[INFO] ------------------------------------------------------------------------
[INFO] BUILD SUCCESS
[INFO] ------------------------------------------------------------------------
[INFO] Total time:  9.505 s
[INFO] Finished at: 2020-07-30T16:12:51Z
[INFO] ------------------------------------------------------------------------
