[INFO] Error stacktraces are turned on.
[INFO] Scanning for projects...
[INFO] 
[INFO] --------------< com.koant.sonar.slack:cks-slack-notifier >--------------
[INFO] Building CKS Slack Notifier Plugin 2.2-SNAPSHOT
[INFO] ----------------------------[ sonar-plugin ]----------------------------
[INFO] 
[INFO] --- maven-enforcer-plugin:1.3.1:enforce (enforce-versions) @ cks-slack-notifier ---
[INFO] 
[INFO] --- sonar-packaging-maven-plugin:1.17:check (default-check) @ cks-slack-notifier ---
[INFO] 
[INFO] --- jacoco-maven-plugin:0.8.5:prepare-agent (default) @ cks-slack-notifier ---
[INFO] argLine set to -javaagent:/home/jdbl/.m2/repository/org/jacoco/org.jacoco.agent/0.8.5/org.jacoco.agent-0.8.5-runtime.jar=destfile=/tmp/tmpzciq7qww/sonar-slack-notifier-plugin/target/jacoco.exec
[INFO] 
[INFO] --- maven-resources-plugin:3.1.0:resources (default-resources) @ cks-slack-notifier ---
[INFO] Using 'UTF-8' encoding to copy filtered resources.
[INFO] skip non existing resourceDirectory /tmp/tmpzciq7qww/sonar-slack-notifier-plugin/src/main/resources
[INFO] 
[INFO] --- maven-compiler-plugin:3.8.1:compile (default-compile) @ cks-slack-notifier ---
[INFO] Changes detected - recompiling the module!
[INFO] Compiling 6 source files to /tmp/tmpzciq7qww/sonar-slack-notifier-plugin/target/classes
[INFO] 
[INFO] --- maven-resources-plugin:3.1.0:testResources (default-testResources) @ cks-slack-notifier ---
[INFO] Using 'UTF-8' encoding to copy filtered resources.
[INFO] skip non existing resourceDirectory /tmp/tmpzciq7qww/sonar-slack-notifier-plugin/src/test/resources
[INFO] 
[INFO] --- maven-compiler-plugin:3.8.1:testCompile (default-testCompile) @ cks-slack-notifier ---
[INFO] Changes detected - recompiling the module!
[INFO] Compiling 5 source files to /tmp/tmpzciq7qww/sonar-slack-notifier-plugin/target/test-classes
[INFO] 
[INFO] --- maven-surefire-plugin:2.19.1:test (default-test) @ cks-slack-notifier ---
[INFO] Surefire report directory: /tmp/tmpzciq7qww/sonar-slack-notifier-plugin/target/surefire-reports

-------------------------------------------------------
 T E S T S
-------------------------------------------------------
Running com.koant.sonar.slacknotifier.extension.task.DecimalFormattingLearningTest
Tests run: 3, Failures: 0, Errors: 0, Skipped: 0, Time elapsed: 0.126 sec - in com.koant.sonar.slacknotifier.extension.task.DecimalFormattingLearningTest
Running com.koant.sonar.slacknotifier.extension.task.SlackPostProjectAnalysisTaskTest
08:41:33.910 [main] INFO  c.k.s.s.c.c.AbstractSlackNotifyingComponent - Constructor called, project slack channel config map constructed from general settings
08:41:33.920 [main] INFO  c.k.s.s.c.c.AbstractSlackNotifyingComponent - Refreshing settings
08:41:33.920 [main] INFO  c.k.s.s.c.c.AbstractSlackNotifyingComponent - Refreshing project configs
08:41:33.947 [main] INFO  c.k.s.s.c.c.AbstractSlackNotifyingComponent - SlackNotifierProp.CONFIG=[project:key]
08:41:33.949 [main] INFO  c.k.s.s.c.c.AbstractSlackNotifyingComponent - Found project configuration [ProjectConfig{projectKey='project:key', slackChannel='#random', qgFailOnly=false}]
08:41:33.949 [main] INFO  c.k.s.s.c.c.AbstractSlackNotifyingComponent - Old configs [[]] --> new configs [[ProjectConfig{projectKey='project:key', slackChannel='#random', qgFailOnly=false}]]
08:41:33.949 [main] INFO  c.k.s.s.e.t.SlackPostProjectAnalysisTask - Analysis ScannerContext: [{}]
08:41:33.954 [main] INFO  c.k.s.s.c.c.AbstractSlackNotifyingComponent - Could not find config for project [different:key] in [{project:key=ProjectConfig{projectKey='project:key', slackChannel='#random', qgFailOnly=false}}]
08:41:33.957 [main] INFO  c.k.s.s.c.c.AbstractSlackNotifyingComponent - Constructor called, project slack channel config map constructed from general settings
08:41:33.957 [main] INFO  c.k.s.s.c.c.AbstractSlackNotifyingComponent - Refreshing settings
08:41:33.958 [main] INFO  c.k.s.s.c.c.AbstractSlackNotifyingComponent - Refreshing project configs
08:41:33.958 [main] INFO  c.k.s.s.c.c.AbstractSlackNotifyingComponent - SlackNotifierProp.CONFIG=[project:key]
08:41:33.958 [main] INFO  c.k.s.s.c.c.AbstractSlackNotifyingComponent - Found project configuration [ProjectConfig{projectKey='project:key', slackChannel='#random', qgFailOnly=false}]
08:41:33.958 [main] INFO  c.k.s.s.c.c.AbstractSlackNotifyingComponent - Old configs [[]] --> new configs [[ProjectConfig{projectKey='project:key', slackChannel='#random', qgFailOnly=false}]]
08:41:33.958 [main] INFO  c.k.s.s.e.t.SlackPostProjectAnalysisTask - Analysis ScannerContext: [{}]
08:41:33.958 [main] INFO  c.k.s.s.e.t.SlackPostProjectAnalysisTask - Slack notification will be sent: ProjectAnalysis{ceTask=CeTask{id='id', status=SUCCESS}, project=Project{uuid='uuid', key='project:key', name='Project Name'}, date=1596184893957, analysisDate=1596184893957, qualityGate=QualityGate{id='id', name='name', status=OK, conditions=[Condition{status=OK, metricKey='metric key', operator=GREATER_THAN, errorThreshold='12', warningThreshold='null', onLeakPeriod=true, value='value'}]}}
08:41:33.992 [main] INFO  c.k.s.s.c.c.AbstractSlackNotifyingComponent - Constructor called, project slack channel config map constructed from general settings
08:41:33.992 [main] INFO  c.k.s.s.c.c.AbstractSlackNotifyingComponent - Refreshing settings
08:41:33.992 [main] INFO  c.k.s.s.c.c.AbstractSlackNotifyingComponent - Refreshing project configs
08:41:33.993 [main] INFO  c.k.s.s.c.c.AbstractSlackNotifyingComponent - SlackNotifierProp.CONFIG=[project:key]
08:41:33.993 [main] INFO  c.k.s.s.c.c.AbstractSlackNotifyingComponent - Found project configuration [ProjectConfig{projectKey='project:key', slackChannel='#random', qgFailOnly=false}]
08:41:33.993 [main] INFO  c.k.s.s.c.c.AbstractSlackNotifyingComponent - Old configs [[]] --> new configs [[ProjectConfig{projectKey='project:key', slackChannel='#random', qgFailOnly=false}]]
08:41:33.993 [main] INFO  c.k.s.s.e.t.SlackPostProjectAnalysisTask - Slack notifier plugin disabled, skipping. Settings are [{CONFIG=project:key, HOOK=hook, ENABLED=false, USER=user}; project specific channel config: {project:key=ProjectConfig{projectKey='project:key', slackChannel='#random', qgFailOnly=false}}]
08:41:33.994 [main] INFO  c.k.s.s.c.c.AbstractSlackNotifyingComponent - Constructor called, project slack channel config map constructed from general settings
08:41:33.994 [main] INFO  c.k.s.s.c.c.AbstractSlackNotifyingComponent - Refreshing settings
08:41:33.994 [main] INFO  c.k.s.s.c.c.AbstractSlackNotifyingComponent - Refreshing project configs
08:41:33.994 [main] INFO  c.k.s.s.c.c.AbstractSlackNotifyingComponent - SlackNotifierProp.CONFIG=[project:key]
08:41:33.994 [main] INFO  c.k.s.s.c.c.AbstractSlackNotifyingComponent - Found project configuration [ProjectConfig{projectKey='project:key', slackChannel='#random', qgFailOnly=true}]
08:41:33.994 [main] INFO  c.k.s.s.c.c.AbstractSlackNotifyingComponent - Old configs [[]] --> new configs [[ProjectConfig{projectKey='project:key', slackChannel='#random', qgFailOnly=true}]]
08:41:33.994 [main] INFO  c.k.s.s.e.t.SlackPostProjectAnalysisTask - Analysis ScannerContext: [{}]
08:41:33.995 [main] INFO  c.k.s.s.c.c.AbstractSlackNotifyingComponent - Project [project:key] set up to send notification on failed Quality Gate, but was: OK
Tests run: 4, Failures: 0, Errors: 0, Skipped: 0, Time elapsed: 0.462 sec - in com.koant.sonar.slacknotifier.extension.task.SlackPostProjectAnalysisTaskTest
Running com.koant.sonar.slacknotifier.extension.task.ProjectAnalysisPayloadBuilderTest
08:41:34.026 [main] DEBUG org.sonar.core.i18n.DefaultI18n - Loaded 2443 properties from l10n bundles
08:41:34.042 [main] DEBUG org.sonar.core.i18n.DefaultI18n - Loaded 2443 properties from l10n bundles
08:41:34.049 [main] DEBUG org.sonar.core.i18n.DefaultI18n - Loaded 2443 properties from l10n bundles
08:41:34.056 [main] DEBUG org.sonar.core.i18n.DefaultI18n - Loaded 2443 properties from l10n bundles
08:41:34.096 [main] DEBUG org.sonar.core.i18n.DefaultI18n - Loaded 2443 properties from l10n bundles
Tests run: 5, Failures: 0, Errors: 0, Skipped: 0, Time elapsed: 0.09 sec - in com.koant.sonar.slacknotifier.extension.task.ProjectAnalysisPayloadBuilderTest

Results :

Tests run: 12, Failures: 0, Errors: 0, Skipped: 0

[INFO] 
[INFO] --- jacoco-maven-plugin:0.8.5:report (report) @ cks-slack-notifier ---
[INFO] Loading execution data file /tmp/tmpzciq7qww/sonar-slack-notifier-plugin/target/jacoco.exec
[INFO] Analyzed bundle 'CKS Slack Notifier Plugin' with 1830 classes
[INFO] ------------------------------------------------------------------------
[INFO] BUILD SUCCESS
[INFO] ------------------------------------------------------------------------
[INFO] Total time:  21.531 s
[INFO] Finished at: 2020-07-31T08:41:36Z
[INFO] ------------------------------------------------------------------------
