[INFO] Error stacktraces are turned on.
[INFO] Scanning for projects...
[WARNING] 
[WARNING] Some problems were encountered while building the effective model for org.kohsuke:file-leak-detector:jar:1.14-SNAPSHOT
[WARNING] 'build.plugins.plugin.(groupId:artifactId)' must be unique but found duplicate declaration of plugin org.apache.maven.plugins:maven-surefire-plugin @ line 115, column 15
[WARNING] 'build.plugins.plugin.version' for org.apache.maven.plugins:maven-shade-plugin is missing. @ line 77, column 15
[WARNING] 
[WARNING] It is highly recommended to fix these problems because they threaten the stability of your build.
[WARNING] 
[WARNING] For this reason, future Maven versions might no longer support building such malformed projects.
[WARNING] 
[INFO] Inspecting build with total of 1 modules...
[INFO] Installing Nexus Staging features:
[INFO]   ... total of 1 executions of maven-deploy-plugin replaced with nexus-staging-maven-plugin
[INFO] 
[INFO] -------------------< org.kohsuke:file-leak-detector >-------------------
[INFO] Building File Leak Detector 1.14-SNAPSHOT
[INFO] --------------------------------[ jar ]---------------------------------
[INFO] 
[INFO] --- jacoco-maven-plugin:0.8.5:prepare-agent (default) @ file-leak-detector ---
[INFO] argLine set to -javaagent:/home/jdbl/.m2/repository/org/jacoco/org.jacoco.agent/0.8.5/org.jacoco.agent-0.8.5-runtime.jar=destfile=/tmp/tmpkk3oszpq/file-leak-detector/target/jacoco.exec
[INFO] 
[INFO] --- maven-resources-plugin:2.6:resources (default-resources) @ file-leak-detector ---
[WARNING] Using platform encoding (UTF-8 actually) to copy filtered resources, i.e. build is platform dependent!
[INFO] skip non existing resourceDirectory /tmp/tmpkk3oszpq/file-leak-detector/src/main/resources
[INFO] 
[INFO] --- maven-compiler-plugin:3.3:compile (default-compile) @ file-leak-detector ---
[INFO] Changes detected - recompiling the module!
[WARNING] File encoding has not been set, using platform encoding UTF-8, i.e. build is platform dependent!
[INFO] Compiling 9 source files to /tmp/tmpkk3oszpq/file-leak-detector/target/classes
[INFO] /tmp/tmpkk3oszpq/file-leak-detector/src/main/java/org/kohsuke/file_leak_detector/AgentMain.java: /tmp/tmpkk3oszpq/file-leak-detector/src/main/java/org/kohsuke/file_leak_detector/AgentMain.java uses or overrides a deprecated API.
[INFO] /tmp/tmpkk3oszpq/file-leak-detector/src/main/java/org/kohsuke/file_leak_detector/AgentMain.java: Recompile with -Xlint:deprecation for details.
[INFO] /tmp/tmpkk3oszpq/file-leak-detector/src/main/java/org/kohsuke/file_leak_detector/Main.java: /tmp/tmpkk3oszpq/file-leak-detector/src/main/java/org/kohsuke/file_leak_detector/Main.java uses unchecked or unsafe operations.
[INFO] /tmp/tmpkk3oszpq/file-leak-detector/src/main/java/org/kohsuke/file_leak_detector/Main.java: Recompile with -Xlint:unchecked for details.
[INFO] 
[INFO] --- maven-resources-plugin:2.6:testResources (default-testResources) @ file-leak-detector ---
[WARNING] Using platform encoding (UTF-8 actually) to copy filtered resources, i.e. build is platform dependent!
[INFO] skip non existing resourceDirectory /tmp/tmpkk3oszpq/file-leak-detector/src/test/resources
[INFO] 
[INFO] --- maven-compiler-plugin:3.3:testCompile (default-testCompile) @ file-leak-detector ---
[INFO] Changes detected - recompiling the module!
[WARNING] File encoding has not been set, using platform encoding UTF-8, i.e. build is platform dependent!
[INFO] Compiling 6 source files to /tmp/tmpkk3oszpq/file-leak-detector/target/test-classes
[INFO] 
[INFO] --- gmaven-plugin:1.4:testCompile (default) @ file-leak-detector ---
[INFO] No sources found to compile
[INFO] 
[INFO] --- maven-surefire-plugin:2.19.1:test (default-test) @ file-leak-detector ---
[INFO] Surefire report directory: /tmp/tmpkk3oszpq/file-leak-detector/target/surefire-reports

-------------------------------------------------------
 T E S T S
-------------------------------------------------------
Running org.kohsuke.file_leak_detector.TransformerTest
Tests run: 11, Failures: 0, Errors: 0, Skipped: 0, Time elapsed: 1.083 sec - in org.kohsuke.file_leak_detector.TransformerTest

Results :

Tests run: 11, Failures: 0, Errors: 0, Skipped: 0

[INFO] 
[INFO] --- jacoco-maven-plugin:0.8.5:report (report) @ file-leak-detector ---
[INFO] Loading execution data file /tmp/tmpkk3oszpq/file-leak-detector/target/jacoco.exec
[INFO] Analyzed bundle 'File Leak Detector' with 133 classes
[INFO] ------------------------------------------------------------------------
[INFO] BUILD SUCCESS
[INFO] ------------------------------------------------------------------------
[INFO] Total time:  26.629 s
[INFO] Finished at: 2020-07-30T20:19:00Z
[INFO] ------------------------------------------------------------------------
