[INFO] Error stacktraces are turned on.
[INFO] Scanning for projects...
[INFO] 
[INFO] -----------------------< org.joda:joda-convert >------------------------
[INFO] Building Joda-Convert 2.1.1
[INFO] --------------------------------[ jar ]---------------------------------
[INFO] 
[INFO] --- maven-enforcer-plugin:3.0.0-M1:enforce (enforce-maven) @ joda-convert ---
[INFO] 
[INFO] --- jacoco-maven-plugin:0.8.1:prepare-agent (jacoco-initialize) @ joda-convert ---
[INFO] argLine set to -javaagent:/home/jdbl/.m2/repository/org/jacoco/org.jacoco.agent/0.8.1/org.jacoco.agent-0.8.1-runtime.jar=destfile=/tmp/tmp70aw9bq6/joda-convert/target/jacoco.exec
[INFO] 
[INFO] --- maven-checkstyle-plugin:2.17:checkstyle (run-checkstyle) @ joda-convert ---
[INFO] 
[INFO] --- maven-resources-plugin:3.1.0:resources (default-resources) @ joda-convert ---
[INFO] Using 'UTF-8' encoding to copy filtered resources.
[INFO] skip non existing resourceDirectory /tmp/tmp70aw9bq6/joda-convert/src/main/resources
[INFO] Copying 2 resources to META-INF
[INFO] 
[INFO] --- maven-compiler-plugin:3.7.0:compile (default-compile) @ joda-convert ---
[INFO] Changes detected - recompiling the module!
[INFO] Compiling 31 source files to /tmp/tmp70aw9bq6/joda-convert/target/classes
[INFO] 
[INFO] >>> maven-bundle-plugin:2.5.4:manifest (bundle-manifest) > process-classes @ joda-convert >>>
[INFO] 
[INFO] --- maven-enforcer-plugin:3.0.0-M1:enforce (enforce-maven) @ joda-convert ---
[INFO] 
[INFO] --- jacoco-maven-plugin:0.8.1:prepare-agent (jacoco-initialize) @ joda-convert ---
[INFO] argLine set to -javaagent:/home/jdbl/.m2/repository/org/jacoco/org.jacoco.agent/0.8.1/org.jacoco.agent-0.8.1-runtime.jar=destfile=/tmp/tmp70aw9bq6/joda-convert/target/jacoco.exec
[INFO] 
[INFO] --- maven-checkstyle-plugin:2.17:checkstyle (run-checkstyle) @ joda-convert ---
[INFO] 
[INFO] --- maven-resources-plugin:3.1.0:resources (default-resources) @ joda-convert ---
[INFO] Using 'UTF-8' encoding to copy filtered resources.
[INFO] skip non existing resourceDirectory /tmp/tmp70aw9bq6/joda-convert/src/main/resources
[INFO] Copying 2 resources to META-INF
[INFO] 
[INFO] --- maven-compiler-plugin:3.7.0:compile (default-compile) @ joda-convert ---
[INFO] Nothing to compile - all classes are up to date
[INFO] 
[INFO] <<< maven-bundle-plugin:2.5.4:manifest (bundle-manifest) < process-classes @ joda-convert <<<
[INFO] 
[INFO] 
[INFO] --- maven-bundle-plugin:2.5.4:manifest (bundle-manifest) @ joda-convert ---
[INFO] 
[INFO] --- maven-resources-plugin:3.1.0:testResources (default-testResources) @ joda-convert ---
[INFO] Using 'UTF-8' encoding to copy filtered resources.
[INFO] Copying 1 resource
[INFO] 
[INFO] --- maven-compiler-plugin:3.7.0:testCompile (default-testCompile) @ joda-convert ---
[INFO] Changes detected - recompiling the module!
[INFO] Compiling 59 source files to /tmp/tmp70aw9bq6/joda-convert/target/test-classes
[INFO] 
[INFO] --- maven-surefire-plugin:2.22.0:test (default-test) @ joda-convert ---
[INFO] Surefire report directory: /tmp/tmp70aw9bq6/joda-convert/target/surefire-reports
[INFO] 
[INFO] -------------------------------------------------------
[INFO]  T E S T S
[INFO] -------------------------------------------------------
[INFO] Running org.joda.convert.TestNumericArrayStringConverterFactory
ERROR: Invalid Renamed.ini: file:/tmp/tmp70aw9bq6/joda-convert/target/test-classes/META-INF/org/joda/convert/Renamed.ini: org.joda.convert.ClassDoesNotExist
[INFO] Tests run: 5, Failures: 0, Errors: 0, Skipped: 0, Time elapsed: 0.132 s - in org.joda.convert.TestNumericArrayStringConverterFactory
[INFO] Running org.joda.convert.TestBooleanObjectArrayStringConverterFactory
[INFO] Tests run: 1, Failures: 0, Errors: 0, Skipped: 0, Time elapsed: 0 s - in org.joda.convert.TestBooleanObjectArrayStringConverterFactory
[INFO] Running org.joda.convert.TestGuavaTypeTokenStringConverter
[INFO] Tests run: 17, Failures: 0, Errors: 0, Skipped: 0, Time elapsed: 0.025 s - in org.joda.convert.TestGuavaTypeTokenStringConverter
[INFO] Running org.joda.convert.TestNumericObjectArrayStringConverterFactory
[INFO] Tests run: 5, Failures: 0, Errors: 0, Skipped: 0, Time elapsed: 0.042 s - in org.joda.convert.TestNumericObjectArrayStringConverterFactory
[INFO] Running org.joda.convert.TestJDKStringConverters
[INFO] Tests run: 50, Failures: 0, Errors: 0, Skipped: 0, Time elapsed: 0.079 s - in org.joda.convert.TestJDKStringConverters
[INFO] Running org.joda.convert.TestCharObjectArrayStringConverterFactory
[INFO] Tests run: 1, Failures: 0, Errors: 0, Skipped: 0, Time elapsed: 0.006 s - in org.joda.convert.TestCharObjectArrayStringConverterFactory
[INFO] Running org.joda.convert.TestRenameHandler
[INFO] Tests run: 7, Failures: 0, Errors: 0, Skipped: 0, Time elapsed: 0.001 s - in org.joda.convert.TestRenameHandler
[INFO] Running org.joda.convert.TestBooleanArrayStringConverterFactory
[INFO] Tests run: 1, Failures: 0, Errors: 0, Skipped: 0, Time elapsed: 0.007 s - in org.joda.convert.TestBooleanArrayStringConverterFactory
[INFO] Running org.joda.convert.TestStringConvert
[INFO] Tests run: 90, Failures: 0, Errors: 0, Skipped: 0, Time elapsed: 0.135 s - in org.joda.convert.TestStringConvert
[INFO] Running org.joda.convert.TestStringConverterFactory
[INFO] Tests run: 6, Failures: 0, Errors: 0, Skipped: 0, Time elapsed: 0.004 s - in org.joda.convert.TestStringConverterFactory
[INFO] Running org.joda.convert.TestByteObjectArrayStringConverterFactory
[INFO] Tests run: 1, Failures: 0, Errors: 0, Skipped: 0, Time elapsed: 0.005 s - in org.joda.convert.TestByteObjectArrayStringConverterFactory
[INFO] 
[INFO] Results:
[INFO] 
[INFO] Tests run: 184, Failures: 0, Errors: 0, Skipped: 0
[INFO] 
[INFO] 
[INFO] --- maven-surefire-plugin:2.22.0:test (no-guava) @ joda-convert ---
[INFO] Surefire report directory: /tmp/tmp70aw9bq6/joda-convert/target/surefire-reports
[INFO] 
[INFO] -------------------------------------------------------
[INFO]  T E S T S
[INFO] -------------------------------------------------------
[INFO] Running org.joda.convert.TestNumericArrayStringConverterFactory
ERROR: Invalid Renamed.ini: file:/tmp/tmp70aw9bq6/joda-convert/target/test-classes/META-INF/org/joda/convert/Renamed.ini: org.joda.convert.ClassDoesNotExist
[INFO] Tests run: 5, Failures: 0, Errors: 0, Skipped: 0, Time elapsed: 0.147 s - in org.joda.convert.TestNumericArrayStringConverterFactory
[INFO] Running org.joda.convert.TestBooleanObjectArrayStringConverterFactory
[INFO] Tests run: 1, Failures: 0, Errors: 0, Skipped: 0, Time elapsed: 0.009 s - in org.joda.convert.TestBooleanObjectArrayStringConverterFactory
[INFO] Running org.joda.convert.TestNumericObjectArrayStringConverterFactory
[INFO] Tests run: 5, Failures: 0, Errors: 0, Skipped: 0, Time elapsed: 0.076 s - in org.joda.convert.TestNumericObjectArrayStringConverterFactory
[INFO] Running org.joda.convert.TestJDKStringConverters
[INFO] Tests run: 50, Failures: 0, Errors: 0, Skipped: 0, Time elapsed: 0.055 s - in org.joda.convert.TestJDKStringConverters
[INFO] Running org.joda.convert.TestCharObjectArrayStringConverterFactory
[INFO] Tests run: 1, Failures: 0, Errors: 0, Skipped: 0, Time elapsed: 0.011 s - in org.joda.convert.TestCharObjectArrayStringConverterFactory
[INFO] Running org.joda.convert.TestBooleanArrayStringConverterFactory
[INFO] Tests run: 1, Failures: 0, Errors: 0, Skipped: 0, Time elapsed: 0.007 s - in org.joda.convert.TestBooleanArrayStringConverterFactory
[INFO] Running org.joda.convert.TestStringConvert
[INFO] Tests run: 90, Failures: 0, Errors: 0, Skipped: 0, Time elapsed: 0.159 s - in org.joda.convert.TestStringConvert
[INFO] Running org.joda.convert.TestStringConverterFactory
[INFO] Tests run: 6, Failures: 0, Errors: 0, Skipped: 0, Time elapsed: 0.007 s - in org.joda.convert.TestStringConverterFactory
[INFO] Running org.joda.convert.TestByteObjectArrayStringConverterFactory
[INFO] Tests run: 1, Failures: 0, Errors: 0, Skipped: 0, Time elapsed: 0.002 s - in org.joda.convert.TestByteObjectArrayStringConverterFactory
[INFO] 
[INFO] Results:
[INFO] 
[INFO] Tests run: 160, Failures: 0, Errors: 0, Skipped: 0
[INFO] 
[INFO] 
[INFO] --- maven-jar-plugin:3.1.0:jar (default-jar) @ joda-convert ---
[INFO] Building jar: /tmp/tmp70aw9bq6/joda-convert/target/joda-convert-2.1.1.jar
[INFO] 
[INFO] --- maven-jar-plugin:3.1.0:jar (classic) @ joda-convert ---
[INFO] Building jar: /tmp/tmp70aw9bq6/joda-convert/target/joda-convert-2.1.1-classic.jar
[INFO] 
[INFO] --- maven-javadoc-plugin:3.0.0-M1:jar (attach-javadocs) @ joda-convert ---
[INFO] Skipping javadoc generation
[INFO] 
[INFO] --- maven-source-plugin:3.0.1:jar-no-fork (attach-sources) @ joda-convert ---
[INFO] Building jar: /tmp/tmp70aw9bq6/joda-convert/target/joda-convert-2.1.1-sources.jar
[INFO] 
[INFO] --- jacoco-maven-plugin:0.8.1:report (jacoco-site) @ joda-convert ---
[INFO] Loading execution data file /tmp/tmp70aw9bq6/joda-convert/target/jacoco.exec
[INFO] Analyzed bundle 'Joda-Convert' with 106 classes
[INFO] 
[INFO] --- maven-assembly-plugin:3.2.0:single (default) @ joda-convert ---
[INFO] Building jar: /tmp/tmp70aw9bq6/joda-convert/target/joda-convert-2.1.1-jar-with-dependencies.jar
[INFO] ------------------------------------------------------------------------
[INFO] BUILD SUCCESS
[INFO] ------------------------------------------------------------------------
[INFO] Total time:  17.477 s
[INFO] Finished at: 2020-07-30T18:57:57Z
[INFO] ------------------------------------------------------------------------
