[INFO] Error stacktraces are turned on.
[INFO] Scanning for projects...
[INFO] 
[INFO] -----------------< com.googlecode.jsontoken:jsontoken >-----------------
[INFO] Building jsontoken 1.2.1
[INFO] --------------------------------[ jar ]---------------------------------
[INFO] 
[INFO] --- maven-enforcer-plugin:1.0:enforce (enforce-maven) @ jsontoken ---
[INFO] 
[INFO] --- jacoco-maven-plugin:0.8.5:prepare-agent (default) @ jsontoken ---
[INFO] argLine set to -javaagent:/home/jdbl/.m2/repository/org/jacoco/org.jacoco.agent/0.8.5/org.jacoco.agent-0.8.5-runtime.jar=destfile=/tmp/tmpkyu1pa3n/jsontoken/target/jacoco.exec
[INFO] 
[INFO] --- maven-resources-plugin:2.6:resources (default-resources) @ jsontoken ---
[INFO] Using 'UTF-8' encoding to copy filtered resources.
[INFO] skip non existing resourceDirectory /tmp/tmpkyu1pa3n/jsontoken/src/main/resources
[INFO] 
[INFO] --- maven-compiler-plugin:2.3.1:compile (default-compile) @ jsontoken ---
[INFO] Compiling 35 source files to /tmp/tmpkyu1pa3n/jsontoken/target/classes
[INFO] 
[INFO] --- maven-resources-plugin:2.6:testResources (default-testResources) @ jsontoken ---
[INFO] Using 'UTF-8' encoding to copy filtered resources.
[INFO] skip non existing resourceDirectory /tmp/tmpkyu1pa3n/jsontoken/src/test/resources
[INFO] 
[INFO] --- maven-compiler-plugin:2.3.1:testCompile (default-testCompile) @ jsontoken ---
[INFO] Compiling 8 source files to /tmp/tmpkyu1pa3n/jsontoken/target/test-classes
[INFO] 
[INFO] --- maven-surefire-plugin:2.19.1:test (default-test) @ jsontoken ---
[INFO] Surefire report directory: /tmp/tmpkyu1pa3n/jsontoken/target/surefire-reports

-------------------------------------------------------
 T E S T S
-------------------------------------------------------
Running net.oauth.jsontoken.JsonTokenTest
Tests run: 19, Failures: 0, Errors: 0, Skipped: 0, Time elapsed: 1.217 sec - in net.oauth.jsontoken.JsonTokenTest
Running net.oauth.jsontoken.JsonTokenUtilTest
Tests run: 1, Failures: 0, Errors: 0, Skipped: 0, Time elapsed: 0 sec - in net.oauth.jsontoken.JsonTokenUtilTest
Running net.oauth.jsontoken.crypto.HmacSHA256VerifierTest
Tests run: 2, Failures: 0, Errors: 0, Skipped: 0, Time elapsed: 0 sec - in net.oauth.jsontoken.crypto.HmacSHA256VerifierTest
Running net.oauth.signatures.SignedTokenBuilderTest
Tests run: 1, Failures: 0, Errors: 0, Skipped: 0, Time elapsed: 0.017 sec - in net.oauth.signatures.SignedTokenBuilderTest
Running net.oauth.signatures.SignedJsonAssertionBuilderTest
Tests run: 1, Failures: 0, Errors: 0, Skipped: 0, Time elapsed: 0.015 sec - in net.oauth.signatures.SignedJsonAssertionBuilderTest

Results :

Tests run: 24, Failures: 0, Errors: 0, Skipped: 0

[INFO] 
[INFO] --- jacoco-maven-plugin:0.8.5:report (report) @ jsontoken ---
[INFO] Loading execution data file /tmp/tmpkyu1pa3n/jsontoken/target/jacoco.exec
[INFO] Analyzed bundle 'jsontoken' with 54 classes
[INFO] ------------------------------------------------------------------------
[INFO] BUILD SUCCESS
[INFO] ------------------------------------------------------------------------
[INFO] Total time:  12.876 s
[INFO] Finished at: 2020-07-30T22:22:54Z
[INFO] ------------------------------------------------------------------------
