[INFO] Error stacktraces are turned on.
[INFO] Scanning for projects...
[INFO] 
[INFO] ------------------------< joda-time:joda-time >-------------------------
[INFO] Building Joda-Time 2.10.7-SNAPSHOT
[INFO] --------------------------------[ jar ]---------------------------------
[INFO] 
[INFO] --- maven-enforcer-plugin:3.0.0-M1:enforce (enforce-maven) @ joda-time ---
[INFO] 
[INFO] --- jacoco-maven-plugin:0.8.5:prepare-agent (default) @ joda-time ---
[INFO] argLine set to -javaagent:/home/jdbl/.m2/repository/org/jacoco/org.jacoco.agent/0.8.5/org.jacoco.agent-0.8.5-runtime.jar=destfile=/tmp/tmpkv577tld/joda-time/target/jacoco.exec
[INFO] 
[INFO] --- maven-resources-plugin:3.1.0:resources (default-resources) @ joda-time ---
[INFO] Using 'UTF-8' encoding to copy filtered resources.
[INFO] Copying 2 resources to META-INF
[INFO] Copying 18 resources
[INFO] 
[INFO] --- maven-compiler-plugin:3.8.0:compile (default-compile) @ joda-time ---
[INFO] Changes detected - recompiling the module!
[INFO] Compiling 166 source files to /tmp/tmpkv577tld/joda-time/target/classes
[INFO] 
[INFO] --- exec-maven-plugin:1.4.0:java (compile-tzdb) @ joda-time ---
Writing zoneinfo files
Fixed negative save values for rule 'Morocco'
Fixed negative save values for rule 'Morocco'
Fixed negative save values for rule 'Morocco'
Fixed negative save values for rule 'Morocco'
Fixed negative save values for rule 'Morocco'
Fixed negative save values for rule 'Namibia'
Fixed negative save values for rule 'Eire'
Writing ZoneInfoMap
[INFO] 
[INFO] --- maven-resources-plugin:3.1.0:testResources (default-testResources) @ joda-time ---
[INFO] Using 'UTF-8' encoding to copy filtered resources.
[INFO] Copying 35 resources
[INFO] 
[INFO] --- maven-compiler-plugin:3.8.0:testCompile (default-testCompile) @ joda-time ---
[INFO] Changes detected - recompiling the module!
[INFO] Compiling 159 source files to /tmp/tmpkv577tld/joda-time/target/test-classes
[INFO] 
[INFO] --- maven-surefire-plugin:2.19.1:test (default-test) @ joda-time ---
[INFO] Surefire report directory: /tmp/tmpkv577tld/joda-time/target/surefire-reports

-------------------------------------------------------
 T E S T S
-------------------------------------------------------
Running org.joda.time.TestAllPackages

TestBuddhistChronology.testCalendar

TestCopticChronology.testCalendar

TestEthiopicChronology.testCalendar

TestIslamicChronology.testCalendar

Testing Gregorian chronology over 1000 iterations
100% complete (i=1000)

Testing Julian chronology over 1000 iterations
100% complete (i=1000)
Writing zoneinfo files
Writing ZoneInfoMap
Tests run: 4238, Failures: 0, Errors: 0, Skipped: 0, Time elapsed: 4.888 sec - in org.joda.time.TestAllPackages

Results :

Tests run: 4238, Failures: 0, Errors: 0, Skipped: 0

[INFO] 
[INFO] --- jacoco-maven-plugin:0.8.5:report (report) @ joda-time ---
[INFO] Loading execution data file /tmp/tmpkv577tld/joda-time/target/jacoco.exec
[INFO] Analyzed bundle 'Joda-Time' with 1943 classes
[INFO] ------------------------------------------------------------------------
[INFO] BUILD SUCCESS
[INFO] ------------------------------------------------------------------------
[INFO] Total time:  19.483 s
[INFO] Finished at: 2020-07-30T17:23:18Z
[INFO] ------------------------------------------------------------------------
