[INFO] Error stacktraces are turned on.
[INFO] Scanning for projects...
[INFO] 
[INFO] ------------------< com.spapageo.ethmmyrss:ethmmyrss >------------------
[INFO] Building ethmmyrss 0.2.5
[INFO] --------------------------------[ jar ]---------------------------------
[INFO] 
[INFO] --- jacoco-maven-plugin:0.8.5:prepare-agent (default) @ ethmmyrss ---
[INFO] argLine set to -javaagent:/home/jdbl/.m2/repository/org/jacoco/org.jacoco.agent/0.8.5/org.jacoco.agent-0.8.5-runtime.jar=destfile=/tmp/tmpv5_j8d0s/ethmmyrss/target/jacoco.exec
[INFO] 
[INFO] --- maven-resources-plugin:2.6:resources (default-resources) @ ethmmyrss ---
[INFO] Using 'UTF-8' encoding to copy filtered resources.
[INFO] Copying 14 resources
[INFO] 
[INFO] --- maven-compiler-plugin:3.7.0:compile (default-compile) @ ethmmyrss ---
[INFO] Changes detected - recompiling the module!
[INFO] Compiling 19 source files to /tmp/tmpv5_j8d0s/ethmmyrss/target/classes
[INFO] 
[INFO] --- maven-resources-plugin:2.6:testResources (default-testResources) @ ethmmyrss ---
[INFO] Using 'UTF-8' encoding to copy filtered resources.
[INFO] Copying 2 resources
[INFO] 
[INFO] --- maven-compiler-plugin:3.7.0:testCompile (default-testCompile) @ ethmmyrss ---
[INFO] Changes detected - recompiling the module!
[INFO] Compiling 4 source files to /tmp/tmpv5_j8d0s/ethmmyrss/target/test-classes
[INFO] /tmp/tmpv5_j8d0s/ethmmyrss/src/test/java/com/spapageo/thmmyrss/jdbi/AnnouncementDAOTest.java: /tmp/tmpv5_j8d0s/ethmmyrss/src/test/java/com/spapageo/thmmyrss/jdbi/AnnouncementDAOTest.java uses or overrides a deprecated API.
[INFO] /tmp/tmpv5_j8d0s/ethmmyrss/src/test/java/com/spapageo/thmmyrss/jdbi/AnnouncementDAOTest.java: Recompile with -Xlint:deprecation for details.
[INFO] 
[INFO] --- maven-surefire-plugin:2.19.1:test (default-test) @ ethmmyrss ---
[INFO] Surefire report directory: /tmp/tmpv5_j8d0s/ethmmyrss/target/surefire-reports

-------------------------------------------------------
 T E S T S
-------------------------------------------------------
Running com.spapageo.thmmyrss.client.AnnouncementFetcherTest
INFO  [2020-07-30 19:30:30,164] org.eclipse.jetty.util.log: Logging initialized @1942ms to org.eclipse.jetty.util.log.Slf4jLog
INFO  [2020-07-30 19:30:30,263] io.dropwizard.server.DefaultServerFactory: Registering jersey handler with root path prefix: /
INFO  [2020-07-30 19:30:30,265] io.dropwizard.server.DefaultServerFactory: Registering admin handler with root path prefix: /
INFO  [2020-07-30 19:30:30,268] io.dropwizard.assets.AssetsBundle: Registering AssetBundle with name: assets for path /assets/*
INFO  [2020-07-30 19:30:31,072] io.dropwizard.server.ServerFactory: Starting ThmmyRssApplication
INFO  [2020-07-30 19:30:31,190] org.eclipse.jetty.setuid.SetUIDListener: Opened application@178f3ded{HTTP/1.1,[http/1.1]}{0.0.0.0:8080}
INFO  [2020-07-30 19:30:31,193] org.eclipse.jetty.server.Server: jetty-9.4.7.v20170914
INFO  [2020-07-30 19:30:31,795] io.dropwizard.jersey.DropwizardResourceConfig: The following paths were found for the configured resources:

    GET     / (com.spapageo.ethmmyrss.resourses.IndexResource)
    GET     /service/feed/{id} (com.spapageo.ethmmyrss.resourses.FeedResource)

INFO  [2020-07-30 19:30:31,796] org.eclipse.jetty.server.handler.ContextHandler: Started i.d.j.MutableServletContextHandler@5743a94e{/,null,AVAILABLE}
INFO  [2020-07-30 19:30:31,806] org.eclipse.jetty.server.AbstractConnector: Started application@178f3ded{HTTP/1.1,[http/1.1]}{0.0.0.0:8080}
INFO  [2020-07-30 19:30:31,806] org.eclipse.jetty.server.Server: Started @3585ms
INFO  [2020-07-30 19:31:02,244] org.eclipse.jetty.server.AbstractConnector: Stopped application@178f3ded{HTTP/1.1,[http/1.1]}{0.0.0.0:8080}
INFO  [2020-07-30 19:31:02,253] org.eclipse.jetty.server.handler.ContextHandler: Stopped i.d.j.MutableServletContextHandler@5743a94e{/,null,UNAVAILABLE}
Tests run: 3, Failures: 0, Errors: 3, Skipped: 0, Time elapsed: 33.665 sec <<< FAILURE! - in com.spapageo.thmmyrss.client.AnnouncementFetcherTest
login(com.spapageo.thmmyrss.client.AnnouncementFetcherTest)  Time elapsed: 10.39 sec  <<< ERROR!
javax.ws.rs.ProcessingException: org.apache.http.conn.ConnectTimeoutException: Connect to alexander.ee.auth.gr:8083 [alexander.ee.auth.gr/155.207.33.32] failed: connect timed out
	at com.spapageo.thmmyrss.client.AnnouncementFetcherTest.login(AnnouncementFetcherTest.java:35)
Caused by: org.apache.http.conn.ConnectTimeoutException: Connect to alexander.ee.auth.gr:8083 [alexander.ee.auth.gr/155.207.33.32] failed: connect timed out
	at com.spapageo.thmmyrss.client.AnnouncementFetcherTest.login(AnnouncementFetcherTest.java:35)
Caused by: java.net.SocketTimeoutException: connect timed out
	at com.spapageo.thmmyrss.client.AnnouncementFetcherTest.login(AnnouncementFetcherTest.java:35)

lessonLogin(com.spapageo.thmmyrss.client.AnnouncementFetcherTest)  Time elapsed: 10.026 sec  <<< ERROR!
javax.ws.rs.ProcessingException: org.apache.http.conn.ConnectTimeoutException: Connect to alexander.ee.auth.gr:8083 [alexander.ee.auth.gr/155.207.33.32] failed: connect timed out
	at com.spapageo.thmmyrss.client.AnnouncementFetcherTest.lessonLogin(AnnouncementFetcherTest.java:42)
Caused by: org.apache.http.conn.ConnectTimeoutException: Connect to alexander.ee.auth.gr:8083 [alexander.ee.auth.gr/155.207.33.32] failed: connect timed out
	at com.spapageo.thmmyrss.client.AnnouncementFetcherTest.lessonLogin(AnnouncementFetcherTest.java:42)
Caused by: java.net.SocketTimeoutException: connect timed out
	at com.spapageo.thmmyrss.client.AnnouncementFetcherTest.lessonLogin(AnnouncementFetcherTest.java:42)

lessonAnnouncements(com.spapageo.thmmyrss.client.AnnouncementFetcherTest)  Time elapsed: 10.013 sec  <<< ERROR!
javax.ws.rs.ProcessingException: org.apache.http.conn.ConnectTimeoutException: Connect to alexander.ee.auth.gr:8083 [alexander.ee.auth.gr/155.207.33.32] failed: connect timed out
	at com.spapageo.thmmyrss.client.AnnouncementFetcherTest.lessonAnnouncements(AnnouncementFetcherTest.java:51)
Caused by: org.apache.http.conn.ConnectTimeoutException: Connect to alexander.ee.auth.gr:8083 [alexander.ee.auth.gr/155.207.33.32] failed: connect timed out
	at com.spapageo.thmmyrss.client.AnnouncementFetcherTest.lessonAnnouncements(AnnouncementFetcherTest.java:51)
Caused by: java.net.SocketTimeoutException: connect timed out
	at com.spapageo.thmmyrss.client.AnnouncementFetcherTest.lessonAnnouncements(AnnouncementFetcherTest.java:51)

Running com.spapageo.thmmyrss.jdbi.AnnouncementDAOTest
Tests run: 3, Failures: 0, Errors: 0, Skipped: 0, Time elapsed: 0 sec - in com.spapageo.thmmyrss.jdbi.AnnouncementDAOTest
Running com.spapageo.thmmyrss.api.FeedTest
Tests run: 1, Failures: 0, Errors: 0, Skipped: 0, Time elapsed: 0 sec - in com.spapageo.thmmyrss.api.FeedTest
Running com.spapageo.ethmmyrss.core.service.AnnouncementServiceImplTest
INFO  [2020-07-30 19:31:02,921] com.spapageo.ethmmyrss.core.service.AnnouncementServiceImpl: Starting to update the annoucements using username: username
INFO  [2020-07-30 19:31:02,923] com.spapageo.ethmmyrss.core.service.AnnouncementServiceImpl: Done
Tests run: 2, Failures: 0, Errors: 0, Skipped: 0, Time elapsed: 0.153 sec - in com.spapageo.ethmmyrss.core.service.AnnouncementServiceImplTest

Results :

Tests in error: 
  AnnouncementFetcherTest.lessonAnnouncements:51 » Processing org.apache.http.co...
  AnnouncementFetcherTest.lessonLogin:42 » Processing org.apache.http.conn.Conne...
  AnnouncementFetcherTest.login:35 » Processing org.apache.http.conn.ConnectTime...

Tests run: 9, Failures: 0, Errors: 3, Skipped: 0

[ERROR] There are test failures.

Please refer to /tmp/tmpv5_j8d0s/ethmmyrss/target/surefire-reports for the individual test results.
[INFO] 
[INFO] --- jacoco-maven-plugin:0.8.5:report (report) @ ethmmyrss ---
[INFO] Loading execution data file /tmp/tmpv5_j8d0s/ethmmyrss/target/jacoco.exec
[INFO] Analyzed bundle 'ethmmyrss' with 251 classes
[INFO] ------------------------------------------------------------------------
[INFO] BUILD SUCCESS
[INFO] ------------------------------------------------------------------------
[INFO] Total time:  43.100 s
[INFO] Finished at: 2020-07-30T19:31:03Z
[INFO] ------------------------------------------------------------------------
