[INFO] Error stacktraces are turned on.
[INFO] Scanning for projects...
[INFO] 
[INFO] ---------------< nl.topicus.mssql2monetdb:mssql2monetdb >---------------
[INFO] Building mssql2monetdb 1.11-SNAPSHOT
[INFO] --------------------------------[ jar ]---------------------------------
[INFO] 
[INFO] --- jacoco-maven-plugin:0.8.5:prepare-agent (default) @ mssql2monetdb ---
[INFO] argLine set to -javaagent:/home/jdbl/.m2/repository/org/jacoco/org.jacoco.agent/0.8.5/org.jacoco.agent-0.8.5-runtime.jar=destfile=/tmp/tmp2ba5073q/mssql2monetdb/target/jacoco.exec
[INFO] 
[INFO] --- maven-resources-plugin:2.6:resources (default-resources) @ mssql2monetdb ---
[WARNING] Using platform encoding (UTF-8 actually) to copy filtered resources, i.e. build is platform dependent!
[INFO] skip non existing resourceDirectory /tmp/tmp2ba5073q/mssql2monetdb/src/main/resources
[INFO] 
[INFO] --- maven-compiler-plugin:3.1:compile (default-compile) @ mssql2monetdb ---
[INFO] Changes detected - recompiling the module!
[WARNING] File encoding has not been set, using platform encoding UTF-8, i.e. build is platform dependent!
[INFO] Compiling 17 source files to /tmp/tmp2ba5073q/mssql2monetdb/target/classes
[INFO] 
[INFO] --- maven-resources-plugin:2.6:testResources (default-testResources) @ mssql2monetdb ---
[WARNING] Using platform encoding (UTF-8 actually) to copy filtered resources, i.e. build is platform dependent!
[INFO] skip non existing resourceDirectory /tmp/tmp2ba5073q/mssql2monetdb/src/test/resources
[INFO] 
[INFO] --- maven-compiler-plugin:3.1:testCompile (default-testCompile) @ mssql2monetdb ---
[INFO] Changes detected - recompiling the module!
[WARNING] File encoding has not been set, using platform encoding UTF-8, i.e. build is platform dependent!
[INFO] Compiling 1 source file to /tmp/tmp2ba5073q/mssql2monetdb/target/test-classes
[INFO] 
[INFO] --- maven-surefire-plugin:2.19.1:test (default-test) @ mssql2monetdb ---
[INFO] Surefire report directory: /tmp/tmp2ba5073q/mssql2monetdb/target/surefire-reports

-------------------------------------------------------
 T E S T S
-------------------------------------------------------
Running nl.topicus.mssql2monetdb.test.CopyTableTest
Tests run: 2, Failures: 0, Errors: 0, Skipped: 0, Time elapsed: 0.562 sec - in nl.topicus.mssql2monetdb.test.CopyTableTest

Results :

Tests run: 2, Failures: 0, Errors: 0, Skipped: 0

[INFO] 
[INFO] --- jacoco-maven-plugin:0.8.5:report (report) @ mssql2monetdb ---
[INFO] Loading execution data file /tmp/tmp2ba5073q/mssql2monetdb/target/jacoco.exec
[INFO] Analyzed bundle 'mssql2monetdb' with 40 classes
[INFO] ------------------------------------------------------------------------
[INFO] BUILD SUCCESS
[INFO] ------------------------------------------------------------------------
[INFO] Total time:  23.751 s
[INFO] Finished at: 2020-07-30T22:59:16Z
[INFO] ------------------------------------------------------------------------
