[INFO] Error stacktraces are turned on.
[INFO] Scanning for projects...
[INFO] 
[INFO] -----------< com.liyuncong.application:deletegithubproject >------------
[INFO] Building deletegithubproject 0.0.1-SNAPSHOT
[INFO] --------------------------------[ jar ]---------------------------------
[INFO] 
[INFO] --- jacoco-maven-plugin:0.8.5:prepare-agent (default) @ deletegithubproject ---
[INFO] argLine set to -javaagent:/home/jdbl/.m2/repository/org/jacoco/org.jacoco.agent/0.8.5/org.jacoco.agent-0.8.5-runtime.jar=destfile=/tmp/tmpc2ae8pp4/deletegithubproject/target/jacoco.exec
[INFO] 
[INFO] --- maven-resources-plugin:2.6:resources (default-resources) @ deletegithubproject ---
[INFO] Using 'UTF-8' encoding to copy filtered resources.
[INFO] Copying 1 resource
[INFO] 
[INFO] --- maven-compiler-plugin:3.1:compile (default-compile) @ deletegithubproject ---
[INFO] Changes detected - recompiling the module!
[INFO] Compiling 8 source files to /tmp/tmpc2ae8pp4/deletegithubproject/target/classes
[INFO] 
[INFO] --- maven-resources-plugin:2.6:testResources (default-testResources) @ deletegithubproject ---
[INFO] Using 'UTF-8' encoding to copy filtered resources.
[INFO] skip non existing resourceDirectory /tmp/tmpc2ae8pp4/deletegithubproject/src/test/resources
[INFO] 
[INFO] --- maven-compiler-plugin:3.1:testCompile (default-testCompile) @ deletegithubproject ---
[INFO] Changes detected - recompiling the module!
[INFO] Compiling 1 source file to /tmp/tmpc2ae8pp4/deletegithubproject/target/test-classes
[INFO] 
[INFO] --- maven-surefire-plugin:2.19.1:test (default-test) @ deletegithubproject ---
[INFO] Surefire report directory: /tmp/tmpc2ae8pp4/deletegithubproject/target/surefire-reports

-------------------------------------------------------
 T E S T S
-------------------------------------------------------
Running com.liyuncong.application.deletegithubproject.AppTest
Tests run: 1, Failures: 0, Errors: 0, Skipped: 0, Time elapsed: 0.018 sec - in com.liyuncong.application.deletegithubproject.AppTest

Results :

Tests run: 1, Failures: 0, Errors: 0, Skipped: 0

[INFO] 
[INFO] --- jacoco-maven-plugin:0.8.5:report (report) @ deletegithubproject ---
[INFO] Loading execution data file /tmp/tmpc2ae8pp4/deletegithubproject/target/jacoco.exec
[INFO] Analyzed bundle 'deletegithubproject' with 227 classes
[INFO] ------------------------------------------------------------------------
[INFO] BUILD SUCCESS
[INFO] ------------------------------------------------------------------------
[INFO] Total time:  6.375 s
[INFO] Finished at: 2020-07-30T20:27:21Z
[INFO] ------------------------------------------------------------------------
