[INFO] Error stacktraces are turned on.
[INFO] Scanning for projects...
[WARNING] 
[WARNING] Some problems were encountered while building the effective model for io.laniakia:bandcamp-api:jar:1.0.0
[WARNING] 'build.plugins.plugin.(groupId:artifactId)' must be unique but found duplicate declaration of plugin org.apache.maven.plugins:maven-gpg-plugin @ line 102, column 15
[WARNING] 
[WARNING] It is highly recommended to fix these problems because they threaten the stability of your build.
[WARNING] 
[WARNING] For this reason, future Maven versions might no longer support building such malformed projects.
[WARNING] 
[INFO] Inspecting build with total of 1 modules...
[INFO] Installing Nexus Staging features:
[INFO]   ... total of 1 executions of maven-deploy-plugin replaced with nexus-staging-maven-plugin
[INFO] 
[INFO] ----------------------< io.laniakia:bandcamp-api >----------------------
[INFO] Building bandcamp-api 1.0.0
[INFO] --------------------------------[ jar ]---------------------------------
[INFO] 
[INFO] --- jacoco-maven-plugin:0.8.5:prepare-agent (default) @ bandcamp-api ---
[INFO] argLine set to -javaagent:/home/jdbl/.m2/repository/org/jacoco/org.jacoco.agent/0.8.5/org.jacoco.agent-0.8.5-runtime.jar=destfile=/tmp/tmpdjxhj6i3/bandcamp-api/target/jacoco.exec
[INFO] 
[INFO] --- maven-resources-plugin:2.6:resources (default-resources) @ bandcamp-api ---
[WARNING] Using platform encoding (UTF-8 actually) to copy filtered resources, i.e. build is platform dependent!
[INFO] Copying 2 resources
[INFO] 
[INFO] --- maven-compiler-plugin:3.5.1:compile (default-compile) @ bandcamp-api ---
[INFO] Changes detected - recompiling the module!
[WARNING] File encoding has not been set, using platform encoding UTF-8, i.e. build is platform dependent!
[INFO] Compiling 22 source files to /tmp/tmpdjxhj6i3/bandcamp-api/target/classes
[INFO] /tmp/tmpdjxhj6i3/bandcamp-api/src/io/laniakia/core/BandcampAPI.java: /tmp/tmpdjxhj6i3/bandcamp-api/src/io/laniakia/core/BandcampAPI.java uses unchecked or unsafe operations.
[INFO] /tmp/tmpdjxhj6i3/bandcamp-api/src/io/laniakia/core/BandcampAPI.java: Recompile with -Xlint:unchecked for details.
[INFO] 
[INFO] --- maven-resources-plugin:2.6:testResources (default-testResources) @ bandcamp-api ---
[WARNING] Using platform encoding (UTF-8 actually) to copy filtered resources, i.e. build is platform dependent!
[INFO] Copying 2 resources
[INFO] 
[INFO] --- maven-compiler-plugin:3.5.1:testCompile (default-testCompile) @ bandcamp-api ---
[INFO] Changes detected - recompiling the module!
[WARNING] File encoding has not been set, using platform encoding UTF-8, i.e. build is platform dependent!
[INFO] Compiling 1 source file to /tmp/tmpdjxhj6i3/bandcamp-api/target/test-classes
[INFO] 
[INFO] --- maven-surefire-plugin:2.19.1:test (default-test) @ bandcamp-api ---
[INFO] Surefire report directory: /tmp/tmpdjxhj6i3/bandcamp-api/target/surefire-reports

-------------------------------------------------------
 T E S T S
-------------------------------------------------------
Running net.cypher.test.APITest
Tests run: 7, Failures: 0, Errors: 0, Skipped: 0, Time elapsed: 341.028 sec - in net.cypher.test.APITest

Results :

Tests run: 7, Failures: 0, Errors: 0, Skipped: 0

[INFO] 
[INFO] --- jacoco-maven-plugin:0.8.5:report (report) @ bandcamp-api ---
[INFO] Loading execution data file /tmp/tmpdjxhj6i3/bandcamp-api/target/jacoco.exec
[INFO] Analyzed bundle 'bandcamp-api' with 246 classes
[INFO] ------------------------------------------------------------------------
[INFO] BUILD SUCCESS
[INFO] ------------------------------------------------------------------------
[INFO] Total time:  05:58 min
[INFO] Finished at: 2020-07-30T22:47:59Z
[INFO] ------------------------------------------------------------------------
