[INFO] Error stacktraces are turned on.
[INFO] Scanning for projects...
[WARNING] 
[WARNING] Some problems were encountered while building the effective model for com:mmall:war:1.0-SNAPSHOT
[WARNING] 'build.plugins.plugin.version' for org.apache.maven.plugins:maven-compiler-plugin is missing. @ line 223, column 15
[WARNING] 
[WARNING] It is highly recommended to fix these problems because they threaten the stability of your build.
[WARNING] 
[WARNING] For this reason, future Maven versions might no longer support building such malformed projects.
[WARNING] 
[INFO] 
[INFO] -----------------------------< com:mmall >------------------------------
[INFO] Building mmall Maven Webapp 1.0-SNAPSHOT
[INFO] --------------------------------[ war ]---------------------------------
[INFO] 
[INFO] --- jacoco-maven-plugin:0.8.5:prepare-agent (default) @ mmall ---
[INFO] argLine set to -javaagent:/home/jdbl/.m2/repository/org/jacoco/org.jacoco.agent/0.8.5/org.jacoco.agent-0.8.5-runtime.jar=destfile=/tmp/tmppc99dzwm/AwesomeMall/target/jacoco.exec
[INFO] 
[INFO] --- maven-resources-plugin:2.6:resources (default-resources) @ mmall ---
[INFO] Using 'UTF-8' encoding to copy filtered resources.
[INFO] Copying 15 resources
[INFO] 
[INFO] --- maven-compiler-plugin:3.1:compile (default-compile) @ mmall ---
[INFO] Changes detected - recompiling the module!
[INFO] Compiling 57 source files to /tmp/tmppc99dzwm/AwesomeMall/target/classes
[WARNING] /tmp/tmppc99dzwm/AwesomeMall/src/main/java/com/mmall/service/impl/OrderServiceImpl.java: Some input files use unchecked or unsafe operations.
[WARNING] /tmp/tmppc99dzwm/AwesomeMall/src/main/java/com/mmall/service/impl/OrderServiceImpl.java: Recompile with -Xlint:unchecked for details.
[INFO] 
[INFO] --- maven-resources-plugin:2.6:testResources (default-testResources) @ mmall ---
[INFO] Using 'UTF-8' encoding to copy filtered resources.
[INFO] skip non existing resourceDirectory /tmp/tmppc99dzwm/AwesomeMall/src/test/resources
[INFO] 
[INFO] --- maven-compiler-plugin:3.1:testCompile (default-testCompile) @ mmall ---
[INFO] Changes detected - recompiling the module!
[INFO] Compiling 1 source file to /tmp/tmppc99dzwm/AwesomeMall/target/test-classes
[INFO] 
[INFO] --- maven-surefire-plugin:2.19.1:test (default-test) @ mmall ---
[INFO] Surefire report directory: /tmp/tmppc99dzwm/AwesomeMall/target/surefire-reports

-------------------------------------------------------
 T E S T S
-------------------------------------------------------
Running com.mmall.test.BigDecimalTest
0.060000000000000005
0.5800000000000001
401.49999999999994
1.2329999999999999
0.06000000000000000298372437868010820238851010799407958984375
0.06
Tests run: 3, Failures: 0, Errors: 0, Skipped: 0, Time elapsed: 0.058 sec - in com.mmall.test.BigDecimalTest

Results :

Tests run: 3, Failures: 0, Errors: 0, Skipped: 0

[INFO] 
[INFO] --- jacoco-maven-plugin:0.8.5:report (report) @ mmall ---
[INFO] Loading execution data file /tmp/tmppc99dzwm/AwesomeMall/target/jacoco.exec
[INFO] Analyzed bundle 'mmall Maven Webapp' with 644 classes
[INFO] ------------------------------------------------------------------------
[INFO] BUILD SUCCESS
[INFO] ------------------------------------------------------------------------
[INFO] Total time:  13.727 s
[INFO] Finished at: 2020-07-30T20:58:13Z
[INFO] ------------------------------------------------------------------------
