[INFO] Error stacktraces are turned on.
[INFO] Scanning for projects...
[INFO] 
[INFO] ---------------------------< me.grison:jssg >---------------------------
[INFO] Building jssg 1.0.0-SNAPSHOT
[INFO] --------------------------------[ jar ]---------------------------------
[WARNING] The artifact org.apache.commons:commons-io:jar:1.3.2 has been relocated to commons-io:commons-io:jar:1.3.2
[INFO] 
[INFO] --- jacoco-maven-plugin:0.8.5:prepare-agent (default) @ jssg ---
[INFO] argLine set to -javaagent:/home/jdbl/.m2/repository/org/jacoco/org.jacoco.agent/0.8.5/org.jacoco.agent-0.8.5-runtime.jar=destfile=/tmp/tmp6tzey2_6/jssg/target/jacoco.exec
[INFO] 
[INFO] --- addjars-maven-plugin:1.0.5:add-jars (default) @ jssg ---
[INFO] Installing /tmp/tmp6tzey2_6/jssg/libs/com.fasterxml.jackson.annotation.jar to /home/jdbl/.m2/repository/me/grison/jssg-com.fasterxml.jackson.annotation.jar/1.0.0-SNAPSHOT/jssg-com.fasterxml.jackson.annotation.jar-1.0.0-SNAPSHOT.jar
[INFO] Installing /tmp/jssg-com.fasterxml.jackson.annotation.jar6411967690510995112.pom to /home/jdbl/.m2/repository/me/grison/jssg-com.fasterxml.jackson.annotation.jar/1.0.0-SNAPSHOT/jssg-com.fasterxml.jackson.annotation.jar-1.0.0-SNAPSHOT.pom
[INFO] Installing /tmp/tmp6tzey2_6/jssg/libs/com.fasterxml.jackson.databind.jar to /home/jdbl/.m2/repository/me/grison/jssg-com.fasterxml.jackson.databind.jar/1.0.0-SNAPSHOT/jssg-com.fasterxml.jackson.databind.jar-1.0.0-SNAPSHOT.jar
[INFO] Installing /tmp/jssg-com.fasterxml.jackson.databind.jar4692721576720625555.pom to /home/jdbl/.m2/repository/me/grison/jssg-com.fasterxml.jackson.databind.jar/1.0.0-SNAPSHOT/jssg-com.fasterxml.jackson.databind.jar-1.0.0-SNAPSHOT.pom
[INFO] Installing /tmp/tmp6tzey2_6/jssg/libs/com.fasterxml.jackson.jar to /home/jdbl/.m2/repository/me/grison/jssg-com.fasterxml.jackson.jar/1.0.0-SNAPSHOT/jssg-com.fasterxml.jackson.jar-1.0.0-SNAPSHOT.jar
[INFO] Installing /tmp/jssg-com.fasterxml.jackson.jar1408202076358743268.pom to /home/jdbl/.m2/repository/me/grison/jssg-com.fasterxml.jackson.jar/1.0.0-SNAPSHOT/jssg-com.fasterxml.jackson.jar-1.0.0-SNAPSHOT.pom
[INFO] Installing /tmp/tmp6tzey2_6/jssg/libs/com.threecrickets.jygments.jar to /home/jdbl/.m2/repository/me/grison/jssg-com.threecrickets.jygments.jar/1.0.0-SNAPSHOT/jssg-com.threecrickets.jygments.jar-1.0.0-SNAPSHOT.jar
[INFO] Installing /tmp/jssg-com.threecrickets.jygments.jar5633040189055337862.pom to /home/jdbl/.m2/repository/me/grison/jssg-com.threecrickets.jygments.jar/1.0.0-SNAPSHOT/jssg-com.threecrickets.jygments.jar-1.0.0-SNAPSHOT.pom
[INFO] Installing /tmp/tmp6tzey2_6/jssg/libs/markdown4j-1.1.jar to /home/jdbl/.m2/repository/me/grison/jssg-markdown4j-1.1.jar/1.0.0-SNAPSHOT/jssg-markdown4j-1.1.jar-1.0.0-SNAPSHOT.jar
[INFO] Installing /tmp/jssg-markdown4j-1.1.jar3086540470759751187.pom to /home/jdbl/.m2/repository/me/grison/jssg-markdown4j-1.1.jar/1.0.0-SNAPSHOT/jssg-markdown4j-1.1.jar-1.0.0-SNAPSHOT.pom
[WARNING] The artifact org.apache.commons:commons-io:jar:1.3.2 has been relocated to commons-io:commons-io:jar:1.3.2
[INFO] 
[INFO] --- maven-resources-plugin:2.6:resources (default-resources) @ jssg ---
[INFO] Using 'UTF-8' encoding to copy filtered resources.
[INFO] Copying 8 resources
[INFO] 
[INFO] --- maven-compiler-plugin:3.1:compile (default-compile) @ jssg ---
[INFO] Changes detected - recompiling the module!
[INFO] Compiling 32 source files to /tmp/tmp6tzey2_6/jssg/target/classes
[INFO] 
[INFO] --- maven-resources-plugin:2.6:testResources (default-testResources) @ jssg ---
[INFO] Using 'UTF-8' encoding to copy filtered resources.
[INFO] skip non existing resourceDirectory /tmp/tmp6tzey2_6/jssg/src/test/resources
[INFO] 
[INFO] --- maven-compiler-plugin:3.1:testCompile (default-testCompile) @ jssg ---
[INFO] Changes detected - recompiling the module!
[INFO] Compiling 1 source file to /tmp/tmp6tzey2_6/jssg/target/test-classes
[INFO] 
[INFO] --- maven-surefire-plugin:2.19.1:test (default-test) @ jssg ---
[INFO] Surefire report directory: /tmp/tmp6tzey2_6/jssg/target/surefire-reports

-------------------------------------------------------
 T E S T S
-------------------------------------------------------
Running me.grison.jssg.AppTest
Tests run: 1, Failures: 0, Errors: 0, Skipped: 0, Time elapsed: 0.001 sec - in me.grison.jssg.AppTest

Results :

Tests run: 1, Failures: 0, Errors: 0, Skipped: 0

[INFO] 
[INFO] --- jacoco-maven-plugin:0.8.5:report (report) @ jssg ---
[INFO] Loading execution data file /tmp/tmp6tzey2_6/jssg/target/jacoco.exec
[INFO] Analyzed bundle 'jssg' with 222 classes
[INFO] ------------------------------------------------------------------------
[INFO] BUILD SUCCESS
[INFO] ------------------------------------------------------------------------
[INFO] Total time:  4.834 s
[INFO] Finished at: 2020-07-30T17:14:17Z
[INFO] ------------------------------------------------------------------------
