[INFO] Error stacktraces are turned on.
[INFO] Scanning for projects...
[INFO] 
[INFO] ------------------------< com.kaikoda.cah:cah >-------------------------
[INFO] Building Cards Against Humanity: Card Generator 0.0.1-SNAPSHOT
[INFO] --------------------------------[ jar ]---------------------------------
[INFO] 
[INFO] --- jacoco-maven-plugin:0.8.5:prepare-agent (default) @ cah ---
[INFO] argLine set to -javaagent:/home/jdbl/.m2/repository/org/jacoco/org.jacoco.agent/0.8.5/org.jacoco.agent-0.8.5-runtime.jar=destfile=/tmp/tmpg0zo6bi7/cards-against-humanity/target/jacoco.exec
[INFO] 
[INFO] --- maven-resources-plugin:2.6:resources (default-resources) @ cah ---
[INFO] Using 'UTF-8' encoding to copy filtered resources.
[INFO] Copying 4 resources to xsl
[INFO] Copying 9 resources to data
[INFO] Copying 5 resources to assets
[INFO] 
[INFO] --- maven-compiler-plugin:2.3.2:compile (default-compile) @ cah ---
[INFO] Compiling 5 source files to /tmp/tmpg0zo6bi7/cards-against-humanity/target/classes
[INFO] 
[INFO] --- maven-resources-plugin:2.6:testResources (default-testResources) @ cah ---
[INFO] Using 'UTF-8' encoding to copy filtered resources.
[INFO] Copying 32 resources to data
[INFO] 
[INFO] --- maven-compiler-plugin:2.3.2:testCompile (default-testCompile) @ cah ---
[INFO] Compiling 2 source files to /tmp/tmpg0zo6bi7/cards-against-humanity/target/test-classes
[INFO] 
[INFO] --- maven-surefire-plugin:2.19.1:test (default-test) @ cah ---
[INFO] Surefire report directory: /tmp/tmpg0zo6bi7/cards-against-humanity/target/surefire-reports

-------------------------------------------------------
 T E S T S
-------------------------------------------------------
Running com.kaikoda.cah.TestCardGenerator
Tests run: 17, Failures: 0, Errors: 0, Skipped: 0, Time elapsed: 2.374 sec - in com.kaikoda.cah.TestCardGenerator
Running com.kaikoda.cah.TestDeck
Tests run: 23, Failures: 0, Errors: 0, Skipped: 0, Time elapsed: 0.171 sec - in com.kaikoda.cah.TestDeck

Results :

Tests run: 40, Failures: 0, Errors: 0, Skipped: 0

[INFO] 
[INFO] --- jacoco-maven-plugin:0.8.5:report (report) @ cah ---
[INFO] Loading execution data file /tmp/tmpg0zo6bi7/cards-against-humanity/target/jacoco.exec
[INFO] Analyzed bundle 'Cards Against Humanity: Card Generator' with 220 classes
[INFO] ------------------------------------------------------------------------
[INFO] BUILD SUCCESS
[INFO] ------------------------------------------------------------------------
[INFO] Total time:  8.560 s
[INFO] Finished at: 2020-07-30T15:57:15Z
[INFO] ------------------------------------------------------------------------
