[INFO] Error stacktraces are turned on.
[INFO] Scanning for projects...
[INFO] 
[INFO] ------------------------< JavaUnser:JavaUnser >-------------------------
[INFO] Building JavaUnser 1.0-SNAPSHOT
[INFO] --------------------------------[ jar ]---------------------------------
[WARNING] The artifact org.apache.commons:commons-io:jar:1.3.2 has been relocated to commons-io:commons-io:jar:1.3.2
[INFO] 
[INFO] --- jacoco-maven-plugin:0.8.5:prepare-agent (default) @ JavaUnser ---
[INFO] argLine set to -javaagent:/home/jdbl/.m2/repository/org/jacoco/org.jacoco.agent/0.8.5/org.jacoco.agent-0.8.5-runtime.jar=destfile=/tmp/tmpugau27bv/JavaUnserializePocs/target/jacoco.exec
[INFO] 
[INFO] --- maven-resources-plugin:3.0.2:resources (default-resources) @ JavaUnser ---
[INFO] Using 'UTF-8' encoding to copy filtered resources.
[INFO] skip non existing resourceDirectory /tmp/tmpugau27bv/JavaUnserializePocs/src/main/resources
[INFO] 
[INFO] --- maven-compiler-plugin:3.8.0:compile (default-compile) @ JavaUnser ---
[INFO] Changes detected - recompiling the module!
[INFO] Compiling 7 source files to /tmp/tmpugau27bv/JavaUnserializePocs/target/classes
[WARNING] /tmp/tmpugau27bv/JavaUnserializePocs/src/main/java/JavaUnser/ShellExec.java:[3,47] com.sun.org.apache.xalan.internal.xsltc.DOM is internal proprietary API and may be removed in a future release
[WARNING] /tmp/tmpugau27bv/JavaUnserializePocs/src/main/java/JavaUnser/ShellExec.java:[4,47] com.sun.org.apache.xalan.internal.xsltc.TransletException is internal proprietary API and may be removed in a future release
[WARNING] /tmp/tmpugau27bv/JavaUnserializePocs/src/main/java/JavaUnser/ShellExec.java:[5,55] com.sun.org.apache.xalan.internal.xsltc.runtime.AbstractTranslet is internal proprietary API and may be removed in a future release
[WARNING] /tmp/tmpugau27bv/JavaUnserializePocs/src/main/java/JavaUnser/ShellExec.java:[6,43] com.sun.org.apache.xml.internal.dtm.DTMAxisIterator is internal proprietary API and may be removed in a future release
[WARNING] /tmp/tmpugau27bv/JavaUnserializePocs/src/main/java/JavaUnser/ShellExec.java:[7,50] com.sun.org.apache.xml.internal.serializer.SerializationHandler is internal proprietary API and may be removed in a future release
[WARNING] /tmp/tmpugau27bv/JavaUnserializePocs/src/main/java/JavaUnser/ShellExec.java:[11,32] com.sun.org.apache.xalan.internal.xsltc.runtime.AbstractTranslet is internal proprietary API and may be removed in a future release
[WARNING] /tmp/tmpugau27bv/JavaUnserializePocs/src/main/java/JavaUnser/ShellExec.java:[23,27] com.sun.org.apache.xalan.internal.xsltc.DOM is internal proprietary API and may be removed in a future release
[WARNING] /tmp/tmpugau27bv/JavaUnserializePocs/src/main/java/JavaUnser/ShellExec.java:[23,41] com.sun.org.apache.xml.internal.dtm.DTMAxisIterator is internal proprietary API and may be removed in a future release
[WARNING] /tmp/tmpugau27bv/JavaUnserializePocs/src/main/java/JavaUnser/ShellExec.java:[23,67] com.sun.org.apache.xml.internal.serializer.SerializationHandler is internal proprietary API and may be removed in a future release
[WARNING] /tmp/tmpugau27bv/JavaUnserializePocs/src/main/java/JavaUnser/ShellExec.java:[26,124] com.sun.org.apache.xalan.internal.xsltc.TransletException is internal proprietary API and may be removed in a future release
[WARNING] /tmp/tmpugau27bv/JavaUnserializePocs/src/main/java/JavaUnser/ShellExec.java:[26,27] com.sun.org.apache.xalan.internal.xsltc.DOM is internal proprietary API and may be removed in a future release
[WARNING] /tmp/tmpugau27bv/JavaUnserializePocs/src/main/java/JavaUnser/ShellExec.java:[26,83] com.sun.org.apache.xml.internal.serializer.SerializationHandler is internal proprietary API and may be removed in a future release
[INFO] /tmp/tmpugau27bv/JavaUnserializePocs/src/main/java/JavaUnser/CommonCollections.java: /tmp/tmpugau27bv/JavaUnserializePocs/src/main/java/JavaUnser/CommonCollections.java uses unchecked or unsafe operations.
[INFO] /tmp/tmpugau27bv/JavaUnserializePocs/src/main/java/JavaUnser/CommonCollections.java: Recompile with -Xlint:unchecked for details.
[INFO] 
[INFO] --- maven-resources-plugin:3.0.2:testResources (default-testResources) @ JavaUnser ---
[INFO] Using 'UTF-8' encoding to copy filtered resources.
[INFO] skip non existing resourceDirectory /tmp/tmpugau27bv/JavaUnserializePocs/src/test/resources
[INFO] 
[INFO] --- maven-compiler-plugin:3.8.0:testCompile (default-testCompile) @ JavaUnser ---
[INFO] Changes detected - recompiling the module!
[INFO] Compiling 1 source file to /tmp/tmpugau27bv/JavaUnserializePocs/target/test-classes
[INFO] 
[INFO] --- maven-surefire-plugin:2.19.1:test (default-test) @ JavaUnser ---
[INFO] Surefire report directory: /tmp/tmpugau27bv/JavaUnserializePocs/target/surefire-reports

-------------------------------------------------------
 T E S T S
-------------------------------------------------------
Running JavaUnser.AppTest
Tests run: 1, Failures: 0, Errors: 0, Skipped: 0, Time elapsed: 0.136 sec - in JavaUnser.AppTest

Results :

Tests run: 1, Failures: 0, Errors: 0, Skipped: 0

[INFO] 
[INFO] --- jacoco-maven-plugin:0.8.5:report (report) @ JavaUnser ---
[INFO] Loading execution data file /tmp/tmpugau27bv/JavaUnserializePocs/target/jacoco.exec
[INFO] Analyzed bundle 'JavaUnser' with 82 classes
[INFO] ------------------------------------------------------------------------
[INFO] BUILD SUCCESS
[INFO] ------------------------------------------------------------------------
[INFO] Total time:  7.070 s
[INFO] Finished at: 2020-07-30T22:21:18Z
[INFO] ------------------------------------------------------------------------
