[INFO] Error stacktraces are turned on.
[INFO] Scanning for projects...
[WARNING] 
[WARNING] Some problems were encountered while building the effective model for io.github.delirius325:jmeter.backendlistener.elasticsearch:jar:2.7.0
[WARNING] 'build.plugins.plugin.(groupId:artifactId)' must be unique but found duplicate declaration of plugin org.apache.maven.plugins:maven-surefire-plugin @ line 307, column 15
[WARNING] 
[WARNING] It is highly recommended to fix these problems because they threaten the stability of your build.
[WARNING] 
[WARNING] For this reason, future Maven versions might no longer support building such malformed projects.
[WARNING] 
[INFO] Inspecting build with total of 1 modules...
[INFO] Installing Nexus Staging features:
[INFO]   ... total of 1 executions of maven-deploy-plugin replaced with nexus-staging-maven-plugin
[INFO] 
[INFO] -----< io.github.delirius325:jmeter.backendlistener.elasticsearch >-----
[INFO] Building jmeter.backendlistener.elasticsearch 2.7.0
[INFO] --------------------------------[ jar ]---------------------------------
[INFO] 
[INFO] --- jacoco-maven-plugin:0.8.5:prepare-agent (default) @ jmeter.backendlistener.elasticsearch ---
[INFO] argLine set to -javaagent:/home/jdbl/.m2/repository/org/jacoco/org.jacoco.agent/0.8.5/org.jacoco.agent-0.8.5-runtime.jar=destfile=/tmp/tmp10u6qnjj/jmeter-elasticsearch-backend-listener/target/jacoco.exec
[INFO] 
[INFO] --- maven-resources-plugin:2.6:resources (default-resources) @ jmeter.backendlistener.elasticsearch ---
[INFO] Using 'UTF-8' encoding to copy filtered resources.
[INFO] skip non existing resourceDirectory /tmp/tmp10u6qnjj/jmeter-elasticsearch-backend-listener/src/main/resources
[INFO] 
[INFO] --- maven-compiler-plugin:3.7.0:compile (default-compile) @ jmeter.backendlistener.elasticsearch ---
[INFO] Changes detected - recompiling the module!
[INFO] Compiling 4 source files to /tmp/tmp10u6qnjj/jmeter-elasticsearch-backend-listener/target/classes
[INFO] /tmp/tmp10u6qnjj/jmeter-elasticsearch-backend-listener/src/main/java/io/github/delirius325/jmeter/backendlistener/elasticsearch/ElasticSearchMetric.java: /tmp/tmp10u6qnjj/jmeter-elasticsearch-backend-listener/src/main/java/io/github/delirius325/jmeter/backendlistener/elasticsearch/ElasticSearchMetric.java uses unchecked or unsafe operations.
[INFO] /tmp/tmp10u6qnjj/jmeter-elasticsearch-backend-listener/src/main/java/io/github/delirius325/jmeter/backendlistener/elasticsearch/ElasticSearchMetric.java: Recompile with -Xlint:unchecked for details.
[INFO] 
[INFO] --- maven-resources-plugin:2.6:testResources (default-testResources) @ jmeter.backendlistener.elasticsearch ---
[INFO] Using 'UTF-8' encoding to copy filtered resources.
[INFO] skip non existing resourceDirectory /tmp/tmp10u6qnjj/jmeter-elasticsearch-backend-listener/src/test/resources
[INFO] 
[INFO] --- maven-compiler-plugin:3.7.0:testCompile (default-testCompile) @ jmeter.backendlistener.elasticsearch ---
[INFO] Changes detected - recompiling the module!
[INFO] Compiling 2 source files to /tmp/tmp10u6qnjj/jmeter-elasticsearch-backend-listener/target/test-classes
[INFO] /tmp/tmp10u6qnjj/jmeter-elasticsearch-backend-listener/src/test/java/io/github/delirius325/jmeter/backendlistener/elasticsearch/TestElasticSearchBackendHTTPsConnection.java: /tmp/tmp10u6qnjj/jmeter-elasticsearch-backend-listener/src/test/java/io/github/delirius325/jmeter/backendlistener/elasticsearch/TestElasticSearchBackendHTTPsConnection.java uses or overrides a deprecated API.
[INFO] /tmp/tmp10u6qnjj/jmeter-elasticsearch-backend-listener/src/test/java/io/github/delirius325/jmeter/backendlistener/elasticsearch/TestElasticSearchBackendHTTPsConnection.java: Recompile with -Xlint:deprecation for details.
[INFO] 
[INFO] --- maven-surefire-plugin:2.19.1:test (default-test) @ jmeter.backendlistener.elasticsearch ---
[INFO] Surefire report directory: /tmp/tmp10u6qnjj/jmeter-elasticsearch-backend-listener/target/surefire-reports
[INFO] Using configured provider org.junit.platform.surefire.provider.JUnitPlatformProvider
[INFO] parallel='none', perCoreThreadCount=true, threadCount=0, useUnlimitedThreads=false, threadCountSuites=0, threadCountClasses=0, threadCountMethods=0, parallelOptimized=true

-------------------------------------------------------
 T E S T S
-------------------------------------------------------
Running io.github.delirius325.jmeter.backendlistener.elasticsearch.TestElasticSearchBackendHTTPsConnection
Tests run: 1, Failures: 0, Errors: 0, Skipped: 1, Time elapsed: 0.107 sec - in io.github.delirius325.jmeter.backendlistener.elasticsearch.TestElasticSearchBackendHTTPsConnection
Running io.github.delirius325.jmeter.backendlistener.elasticsearch.TestElasticSearchBackend
Tests run: 2, Failures: 0, Errors: 0, Skipped: 0, Time elapsed: 1.009 sec - in io.github.delirius325.jmeter.backendlistener.elasticsearch.TestElasticSearchBackend

Results :

Tests run: 3, Failures: 0, Errors: 0, Skipped: 1

[INFO] 
[INFO] --- jacoco-maven-plugin:0.8.5:report (report) @ jmeter.backendlistener.elasticsearch ---
[INFO] Loading execution data file /tmp/tmp10u6qnjj/jmeter-elasticsearch-backend-listener/target/jacoco.exec
[INFO] Analyzed bundle 'jmeter.backendlistener.elasticsearch' with 250 classes
[INFO] ------------------------------------------------------------------------
[INFO] BUILD SUCCESS
[INFO] ------------------------------------------------------------------------
[INFO] Total time:  02:38 min
[INFO] Finished at: 2020-07-30T20:02:23Z
[INFO] ------------------------------------------------------------------------
