[INFO] Error stacktraces are turned on.
[INFO] Scanning for projects...
[INFO] 
[INFO] ---------------------< com.amihaiemil.web:eo-yaml >---------------------
[INFO] Building eo-yaml 5.1.3-SNAPSHOT
[INFO] --------------------------------[ jar ]---------------------------------
[INFO] 
[INFO] --- jacoco-maven-plugin:0.8.5:prepare-agent (default) @ eo-yaml ---
[INFO] argLine set to -javaagent:/home/jdbl/.m2/repository/org/jacoco/org.jacoco.agent/0.8.5/org.jacoco.agent-0.8.5-runtime.jar=destfile=/tmp/tmptm4rahyx/eo-yaml/target/jacoco.exec
[INFO] 
[INFO] --- maven-resources-plugin:2.6:resources (default-resources) @ eo-yaml ---
[INFO] Using 'UTF-8' encoding to copy filtered resources.
[INFO] skip non existing resourceDirectory /tmp/tmptm4rahyx/eo-yaml/src/main/resources
[INFO] 
[INFO] --- maven-compiler-plugin:3.6.1:compile (default-compile) @ eo-yaml ---
[INFO] Changes detected - recompiling the module!
[INFO] Compiling 67 source files to /tmp/tmptm4rahyx/eo-yaml/target/classes
[INFO] /tmp/tmptm4rahyx/eo-yaml/src/main/java/com/amihaiemil/eoyaml/ReflectedYamlSequence.java: /tmp/tmptm4rahyx/eo-yaml/src/main/java/com/amihaiemil/eoyaml/ReflectedYamlSequence.java uses unchecked or unsafe operations.
[INFO] /tmp/tmptm4rahyx/eo-yaml/src/main/java/com/amihaiemil/eoyaml/ReflectedYamlSequence.java: Recompile with -Xlint:unchecked for details.
[INFO] 
[INFO] --- maven-resources-plugin:2.6:testResources (default-testResources) @ eo-yaml ---
[INFO] Using 'UTF-8' encoding to copy filtered resources.
[INFO] Copying 28 resources
[INFO] 
[INFO] --- maven-compiler-plugin:3.6.1:testCompile (default-testCompile) @ eo-yaml ---
[INFO] Changes detected - recompiling the module!
[INFO] Compiling 46 source files to /tmp/tmptm4rahyx/eo-yaml/target/test-classes
[INFO] /tmp/tmptm4rahyx/eo-yaml/src/test/java/com/amihaiemil/eoyaml/StrictYamlSequenceTest.java: Some input files use or override a deprecated API.
[INFO] /tmp/tmptm4rahyx/eo-yaml/src/test/java/com/amihaiemil/eoyaml/StrictYamlSequenceTest.java: Recompile with -Xlint:deprecation for details.
[INFO] /tmp/tmptm4rahyx/eo-yaml/src/test/java/com/amihaiemil/eoyaml/FirstCommentFoundTest.java: Some input files use unchecked or unsafe operations.
[INFO] /tmp/tmptm4rahyx/eo-yaml/src/test/java/com/amihaiemil/eoyaml/FirstCommentFoundTest.java: Recompile with -Xlint:unchecked for details.
[INFO] 
[INFO] --- maven-surefire-plugin:2.19.1:test (default-test) @ eo-yaml ---
[INFO] Surefire report directory: /tmp/tmptm4rahyx/eo-yaml/target/surefire-reports

-------------------------------------------------------
 T E S T S
-------------------------------------------------------
Running com.amihaiemil.eoyaml.ReadYamlStreamTest
Tests run: 6, Failures: 0, Errors: 0, Skipped: 0, Time elapsed: 0.518 sec - in com.amihaiemil.eoyaml.ReadYamlStreamTest
Running com.amihaiemil.eoyaml.YamlMappingPrintTest
Tests run: 10, Failures: 0, Errors: 0, Skipped: 0, Time elapsed: 0.323 sec - in com.amihaiemil.eoyaml.YamlMappingPrintTest
Running com.amihaiemil.eoyaml.extensions.MergedYamlSequenceTest
Tests run: 6, Failures: 0, Errors: 0, Skipped: 0, Time elapsed: 0.017 sec - in com.amihaiemil.eoyaml.extensions.MergedYamlSequenceTest
Running com.amihaiemil.eoyaml.extensions.MergedYamlMappingTest
Tests run: 8, Failures: 0, Errors: 0, Skipped: 0, Time elapsed: 0.014 sec - in com.amihaiemil.eoyaml.extensions.MergedYamlMappingTest
Running com.amihaiemil.eoyaml.ReadPlainScalarTest
Tests run: 14, Failures: 0, Errors: 0, Skipped: 0, Time elapsed: 0.026 sec - in com.amihaiemil.eoyaml.ReadPlainScalarTest
Running com.amihaiemil.eoyaml.BuiltFoldedBlockScalarTest
Tests run: 2, Failures: 0, Errors: 0, Skipped: 0, Time elapsed: 0.005 sec - in com.amihaiemil.eoyaml.BuiltFoldedBlockScalarTest
Running com.amihaiemil.eoyaml.YamlSequenceCommentsPrintTest
# a sequence with comments
- element1
- element2 # a plain scalar string in a sequence
- element3
# a mapping as an element of a sequence
-
  key: value
  key2: value2
# a sequence with comments
- element1
- element2 # a plain scalar string in a sequence
- element3
# a mapping as an element of a sequence
-
  key: value
  key2: value2
# a sequence with comments
- element1
- element2 # a plain scalar string in a sequence
- element3
# a mapping as an element of a sequence
-
  key: value
  key2: value2
Tests run: 3, Failures: 0, Errors: 0, Skipped: 0, Time elapsed: 0.027 sec - in com.amihaiemil.eoyaml.YamlSequenceCommentsPrintTest
Running com.amihaiemil.eoyaml.BuiltCommentTest
Tests run: 2, Failures: 0, Errors: 0, Skipped: 0, Time elapsed: 0.214 sec - in com.amihaiemil.eoyaml.BuiltCommentTest
Running com.amihaiemil.eoyaml.ReflectedYamlScalarTest
Tests run: 3, Failures: 0, Errors: 0, Skipped: 0, Time elapsed: 0 sec - in com.amihaiemil.eoyaml.ReflectedYamlScalarTest
Running com.amihaiemil.eoyaml.WellIndentedTest
Tests run: 7, Failures: 0, Errors: 0, Skipped: 0, Time elapsed: 0.096 sec - in com.amihaiemil.eoyaml.WellIndentedTest
Running com.amihaiemil.eoyaml.RtYamlStreamBuilderTest
Tests run: 5, Failures: 0, Errors: 0, Skipped: 0, Time elapsed: 0.081 sec - in com.amihaiemil.eoyaml.RtYamlStreamBuilderTest
Running com.amihaiemil.eoyaml.AllYamlLinesTest
[---
value1
..., ---
value2
..., ---
value3
...][---
value1
..., ---
value2
..., ---
value3
...]Tests run: 9, Failures: 0, Errors: 0, Skipped: 0, Time elapsed: 0.01 sec - in com.amihaiemil.eoyaml.AllYamlLinesTest
Running com.amihaiemil.eoyaml.RtYamlMappingTest
spec: 1.2architect: mihai
developers:
  - rultor
  - salikjan
  - sherif
name: "eo-yaml"Tests run: 22, Failures: 0, Errors: 0, Skipped: 0, Time elapsed: 0.037 sec - in com.amihaiemil.eoyaml.RtYamlMappingTest
Running com.amihaiemil.eoyaml.YamlIndentationTestCase
name: "eo-yaml"
contributors:
  developers:
    - amihaiemil # Elements of this sequence should be indented by 4 spaces.
    - sherif
    - rultor
Tests run: 4, Failures: 0, Errors: 0, Skipped: 0, Time elapsed: 0.021 sec - in com.amihaiemil.eoyaml.YamlIndentationTestCase
Running com.amihaiemil.eoyaml.ReadLiteralBlockScalarTest
Tests run: 7, Failures: 0, Errors: 0, Skipped: 0, Time elapsed: 0.003 sec - in com.amihaiemil.eoyaml.ReadLiteralBlockScalarTest
Running com.amihaiemil.eoyaml.SkipTest
Tests run: 6, Failures: 0, Errors: 0, Skipped: 0, Time elapsed: 0.007 sec - in com.amihaiemil.eoyaml.SkipTest
Running com.amihaiemil.eoyaml.RtYamlSequenceBuilderTest
Tests run: 4, Failures: 0, Errors: 0, Skipped: 0, Time elapsed: 0 sec - in com.amihaiemil.eoyaml.RtYamlSequenceBuilderTest
Running com.amihaiemil.eoyaml.BuiltYamlStreamTest
Tests run: 10, Failures: 0, Errors: 0, Skipped: 0, Time elapsed: 0.003 sec - in com.amihaiemil.eoyaml.BuiltYamlStreamTest
Running com.amihaiemil.eoyaml.BuiltCommentsTest
Tests run: 2, Failures: 0, Errors: 0, Skipped: 0, Time elapsed: 0.007 sec - in com.amihaiemil.eoyaml.BuiltCommentsTest
Running com.amihaiemil.eoyaml.SameIndentationLevelTestCase
Tests run: 4, Failures: 0, Errors: 0, Skipped: 0, Time elapsed: 0.003 sec - in com.amihaiemil.eoyaml.SameIndentationLevelTestCase
Running com.amihaiemil.eoyaml.RtYamlMappingBuilderTest
Tests run: 8, Failures: 0, Errors: 0, Skipped: 0, Time elapsed: 0.008 sec - in com.amihaiemil.eoyaml.RtYamlMappingBuilderTest
Running com.amihaiemil.eoyaml.FirstCommentFoundTest
Tests run: 5, Failures: 0, Errors: 0, Skipped: 0, Time elapsed: 0.004 sec - in com.amihaiemil.eoyaml.FirstCommentFoundTest
Running com.amihaiemil.eoyaml.ReflectedYamlMappingTest
Tests run: 3, Failures: 0, Errors: 0, Skipped: 0, Time elapsed: 0.009 sec - in com.amihaiemil.eoyaml.ReflectedYamlMappingTest
Running com.amihaiemil.eoyaml.BuiltLiteralBlockScalarTest
Tests run: 2, Failures: 0, Errors: 0, Skipped: 0, Time elapsed: 0 sec - in com.amihaiemil.eoyaml.BuiltLiteralBlockScalarTest
Running com.amihaiemil.eoyaml.YamlSequenceTypeCastingTestCase
Tests run: 6, Failures: 0, Errors: 0, Skipped: 0, Time elapsed: 0.042 sec - in com.amihaiemil.eoyaml.YamlSequenceTypeCastingTestCase
Running com.amihaiemil.eoyaml.YamlMappingCommentsPrintTest
# YamlMapping for test
architect: mihai
# all the contributors here
developers:
  - rultor
  - salikjan
  - sherif
name: "eo-yaml" # name of the project
# YamlMapping for test
architect: mihai
# all the contributors here
developers:
  - rultor
  - salikjan
  - sherif
name: "eo-yaml" # name of the project
# YamlMapping for test
architect: mihai
# all the contributors here
developers:
  - rultor
  - salikjan
  - sherif
name: "eo-yaml" # name of the project
Tests run: 4, Failures: 0, Errors: 0, Skipped: 0, Time elapsed: 0.013 sec - in com.amihaiemil.eoyaml.YamlMappingCommentsPrintTest
Running com.amihaiemil.eoyaml.YamlMappingTypeCastingTestCase
Tests run: 6, Failures: 0, Errors: 0, Skipped: 0, Time elapsed: 0.002 sec - in com.amihaiemil.eoyaml.YamlMappingTypeCastingTestCase
Running com.amihaiemil.eoyaml.RtYamlPrinterTest
Tests run: 1, Failures: 0, Errors: 0, Skipped: 0, Time elapsed: 0 sec - in com.amihaiemil.eoyaml.RtYamlPrinterTest
Running com.amihaiemil.eoyaml.ReadYamlMappingTest
first: somethingElse
second:
  fourth: some
  fifth: values
third: somethingfirst: somethingElse
?
  complex1: mapping1
  complex2: mapping2
:
  map: value
second: something
third:
  - singleSeq
?
  - sequence
  - key
: simpleValue[---
somethingElse
..., bchildkey1: some
bchildkey2: values, ---
something
..., - seq
- value]
first: something
?
  complex1: mapping1
  complex2: mapping2
: value
second: something>>>
first: something
?
  complex1: mapping1
  complex2: mapping2
:
  - some
  - sequence
second: something>>>
first: somethingElse
second:
  - some
  - sequence
third: something
Tests run: 42, Failures: 0, Errors: 0, Skipped: 2, Time elapsed: 0.096 sec - in com.amihaiemil.eoyaml.ReadYamlMappingTest
Running com.amihaiemil.eoyaml.YamlSequencePrintTest
- plain scalar
- |
  literal
  block
  scalar
- >
  a scalar folded
  on more lines
  for readability
-
  key: value
-
  - a sequence
  - of plain scalars
  - as childTests run: 9, Failures: 0, Errors: 0, Skipped: 0, Time elapsed: 0.003 sec - in com.amihaiemil.eoyaml.YamlSequencePrintTest
Running com.amihaiemil.eoyaml.StrictYamlMappingTest
Tests run: 15, Failures: 0, Errors: 0, Skipped: 0, Time elapsed: 0.002 sec - in com.amihaiemil.eoyaml.StrictYamlMappingTest
Running com.amihaiemil.eoyaml.RtYamlSequenceTest
Tests run: 15, Failures: 0, Errors: 0, Skipped: 0, Time elapsed: 0.003 sec - in com.amihaiemil.eoyaml.RtYamlSequenceTest
Running com.amihaiemil.eoyaml.RtYamlScalarBuilderTest
Tests run: 11, Failures: 0, Errors: 0, Skipped: 0, Time elapsed: 0.013 sec - in com.amihaiemil.eoyaml.RtYamlScalarBuilderTest
Running com.amihaiemil.eoyaml.RtYamlInputTest
first: value1
second: value2
third:
  - singleElementSequence
?
  - sequence
  - key
: scalar
?
  map: asKey
  map1: asKey2
:
  someMapping: value
---
  architect: mihai
  developers:
    - rultor
    - salikjan
    - sherif
  name: "eo-yaml"
---
  - yegor
  - paolo
  - cesar
---
  architect: felicia
  developer: sara
  name: "docker-java-api"---
  - rultor
  - salikjan
  - sherif
---
  - andrei
---
  - yegor
  - paolo
  - cesar---
  architect: mihai
  developers:
    - rultor
    - salikjan
    - sherif
  name: "eo-yaml"
---
  architect: vlad
  developers:
    - andrei
  name: "eo-json-impl"
---
  architect: felicia
  developer: sara
  name: "docker-java-api"---
  architect: mihai
  developers:
    - rultor
    - salikjan
    - sherif
  name: "eo-yaml"
---
  architect: vlad
  developers:
    - andrei
  name: "eo-json-impl"
---
  architect: felicia
  developer: sara
  name: "docker-java-api"Tests run: 19, Failures: 0, Errors: 0, Skipped: 0, Time elapsed: 0.098 sec - in com.amihaiemil.eoyaml.RtYamlInputTest
Running com.amihaiemil.eoyaml.ReadFoldedBlockScalarTest
---
>
  First Line
  Second Line
  Third Line
...Tests run: 9, Failures: 0, Errors: 0, Skipped: 0, Time elapsed: 0.001 sec - in com.amihaiemil.eoyaml.ReadFoldedBlockScalarTest
Running com.amihaiemil.eoyaml.ReflectedYamlSequenceTest
Tests run: 7, Failures: 0, Errors: 0, Skipped: 0, Time elapsed: 0.001 sec - in com.amihaiemil.eoyaml.ReflectedYamlSequenceTest
Running com.amihaiemil.eoyaml.StrictYamlSequenceTest
Tests run: 14, Failures: 0, Errors: 0, Skipped: 0, Time elapsed: 0.031 sec - in com.amihaiemil.eoyaml.StrictYamlSequenceTest
Running com.amihaiemil.eoyaml.BackwardsTest
Tests run: 5, Failures: 0, Errors: 0, Skipped: 0, Time elapsed: 0 sec - in com.amihaiemil.eoyaml.BackwardsTest
Running com.amihaiemil.eoyaml.RtYamlLineTest
Tests run: 12, Failures: 0, Errors: 0, Skipped: 0, Time elapsed: 0.001 sec - in com.amihaiemil.eoyaml.RtYamlLineTest
Running com.amihaiemil.eoyaml.ReadCommentTest
Tests run: 6, Failures: 0, Errors: 0, Skipped: 0, Time elapsed: 0.002 sec - in com.amihaiemil.eoyaml.ReadCommentTest
Running com.amihaiemil.eoyaml.YamlTest
Tests run: 7, Failures: 0, Errors: 0, Skipped: 0, Time elapsed: 0.01 sec - in com.amihaiemil.eoyaml.YamlTest
Running com.amihaiemil.eoyaml.CachedYamlLineTest
Tests run: 3, Failures: 0, Errors: 0, Skipped: 0, Time elapsed: 0 sec - in com.amihaiemil.eoyaml.CachedYamlLineTest
Running com.amihaiemil.eoyaml.PlainStringScalarTest
Tests run: 7, Failures: 0, Errors: 0, Skipped: 0, Time elapsed: 0.005 sec - in com.amihaiemil.eoyaml.PlainStringScalarTest
Running com.amihaiemil.eoyaml.StartMarkersTest
Tests run: 10, Failures: 0, Errors: 0, Skipped: 0, Time elapsed: 0.004 sec - in com.amihaiemil.eoyaml.StartMarkersTest
Running com.amihaiemil.eoyaml.ReadYamlSequenceTest
-
  beta: somethingElse
- scalar
-
  alfa:
    fourth: some
    key: value
- rultor
- 0pdd
- |
  first
  second
- another
- rultor
- 0pdd
-
  beta: somethingElse
- scalar
-
  alfa:
    fourth: some
    key: value
-
  beta: somethingElse
- scalar
-
  alfa:
    fourth: some
    key: value
-
  - rultor
  - 0pdd
- scalar
- otherScalar
- scalar0
- scalar1
-
  alfa: beta
  teta: gama
  omega: value
- scalar2
- scalar0
- scalar1
-
  alfa:
    key: value
    key2: value2
- scalar2
SCALAR
SCALAR
MAPPING
SCALAR
Tests run: 14, Failures: 0, Errors: 0, Skipped: 1, Time elapsed: 0.017 sec - in com.amihaiemil.eoyaml.ReadYamlSequenceTest

Results :

Tests run: 374, Failures: 0, Errors: 0, Skipped: 3

[INFO] 
[INFO] --- jacoco-maven-plugin:0.8.5:report (report) @ eo-yaml ---
[INFO] Loading execution data file /tmp/tmptm4rahyx/eo-yaml/target/jacoco.exec
[INFO] Analyzed bundle 'eo-yaml' with 186 classes
[INFO] ------------------------------------------------------------------------
[INFO] BUILD SUCCESS
[INFO] ------------------------------------------------------------------------
[INFO] Total time:  14.496 s
[INFO] Finished at: 2020-07-30T20:57:21Z
[INFO] ------------------------------------------------------------------------
