[INFO] Error stacktraces are turned on.
[INFO] Scanning for projects...
[INFO] Inspecting build with total of 1 modules...
[INFO] Installing Nexus Staging features:
[INFO]   ... total of 1 executions of maven-deploy-plugin replaced with nexus-staging-maven-plugin
[INFO] 
[INFO] ---------------< com.mercateo.rest:rest-hateoas-client >----------------
[INFO] Building rest-hateoas-client 0.5.2-SNAPSHOT
[INFO] --------------------------------[ jar ]---------------------------------
[INFO] 
[INFO] --- maven-enforcer-plugin:1.0:enforce (enforce-maven) @ rest-hateoas-client ---
[INFO] 
[INFO] --- license-maven-plugin:3.0:format (update.license.headers) @ rest-hateoas-client ---
[INFO] 
[INFO] --- directory-maven-plugin:0.3.1:highest-basedir (directories) @ rest-hateoas-client ---
[INFO] Highest basedir set to: /tmp/tmp_ccllibg/rest-hateoas-client
[INFO] 
[INFO] --- jacoco-maven-plugin:0.8.5:prepare-agent (prepare-agent) @ rest-hateoas-client ---
[INFO] argLine set to -javaagent:/home/jdbl/.m2/repository/org/jacoco/org.jacoco.agent/0.8.5/org.jacoco.agent-0.8.5-runtime.jar=destfile=/tmp/tmp_ccllibg/rest-hateoas-client/target/jacoco.exec,excludes=**/*Configuration.*:**/*Application.*:**/*Exception.*:**/gen/*:**/generated/*
[INFO] 
[INFO] --- jacoco-maven-plugin:0.8.5:prepare-agent (default) @ rest-hateoas-client ---
[INFO] argLine set to -javaagent:/home/jdbl/.m2/repository/org/jacoco/org.jacoco.agent/0.8.5/org.jacoco.agent-0.8.5-runtime.jar=destfile=/tmp/tmp_ccllibg/rest-hateoas-client/target/jacoco.exec,excludes=**/*Configuration.*:**/*Application.*:**/*Exception.*:**/gen/*:**/generated/*
[INFO] 
[INFO] --- maven-resources-plugin:2.6:resources (default-resources) @ rest-hateoas-client ---
[INFO] Using 'UTF-8' encoding to copy filtered resources.
[INFO] skip non existing resourceDirectory /tmp/tmp_ccllibg/rest-hateoas-client/src/main/resources
[INFO] 
[INFO] --- maven-compiler-plugin:3.5.1:compile (default-compile) @ rest-hateoas-client ---
[INFO] Compiling 16 source files to /tmp/tmp_ccllibg/rest-hateoas-client/target/classes
[INFO] /tmp/tmp_ccllibg/rest-hateoas-client/src/main/java/com/mercateo/rest/hateoas/client/impl/OngoingResponseImpl.java: /tmp/tmp_ccllibg/rest-hateoas-client/src/main/java/com/mercateo/rest/hateoas/client/impl/OngoingResponseImpl.java uses unchecked or unsafe operations.
[INFO] /tmp/tmp_ccllibg/rest-hateoas-client/src/main/java/com/mercateo/rest/hateoas/client/impl/OngoingResponseImpl.java: Recompile with -Xlint:unchecked for details.
[INFO] 
[INFO] --- maven-resources-plugin:2.6:testResources (default-testResources) @ rest-hateoas-client ---
[INFO] Using 'UTF-8' encoding to copy filtered resources.
[INFO] Copying 3 resources
[INFO] 
[INFO] --- maven-compiler-plugin:3.5.1:testCompile (default-testCompile) @ rest-hateoas-client ---
[INFO] Compiling 19 source files to /tmp/tmp_ccllibg/rest-hateoas-client/target/test-classes
[INFO] /tmp/tmp_ccllibg/rest-hateoas-client/src/test/java/com/mercateo/rest/hateoas/client/impl/ListResponseImpl0Test.java: Some input files use unchecked or unsafe operations.
[INFO] /tmp/tmp_ccllibg/rest-hateoas-client/src/test/java/com/mercateo/rest/hateoas/client/impl/ListResponseImpl0Test.java: Recompile with -Xlint:unchecked for details.
[INFO] 
[INFO] --- maven-surefire-plugin:2.19.1:test (default-test) @ rest-hateoas-client ---
[INFO] Surefire report directory: /tmp/tmp_ccllibg/rest-hateoas-client/target/surefire-reports

-------------------------------------------------------
 T E S T S
-------------------------------------------------------
Running com.mercateo.rest.hateoas.client.AuthHeaderFilter0Test
Tests run: 1, Failures: 0, Errors: 0, Skipped: 0, Time elapsed: 0.741 sec - in com.mercateo.rest.hateoas.client.AuthHeaderFilter0Test
Running com.mercateo.rest.hateoas.client.impl.OngoingResponseImpl0Test
Tests run: 25, Failures: 0, Errors: 0, Skipped: 0, Time elapsed: 0.911 sec - in com.mercateo.rest.hateoas.client.impl.OngoingResponseImpl0Test
Running com.mercateo.rest.hateoas.client.impl.ResponseBuilder0Test
Tests run: 6, Failures: 0, Errors: 0, Skipped: 0, Time elapsed: 0.823 sec - in com.mercateo.rest.hateoas.client.impl.ResponseBuilder0Test
Running com.mercateo.rest.hateoas.client.impl.sse.EventSourceWithCloseGuard0Test
Tests run: 3, Failures: 0, Errors: 0, Skipped: 0, Time elapsed: 0.083 sec - in com.mercateo.rest.hateoas.client.impl.sse.EventSourceWithCloseGuard0Test
Running com.mercateo.rest.hateoas.client.impl.sse.LastEventIdHeaderFilter0Test
Tests run: 3, Failures: 0, Errors: 0, Skipped: 0, Time elapsed: 0.014 sec - in com.mercateo.rest.hateoas.client.impl.sse.LastEventIdHeaderFilter0Test
Running com.mercateo.rest.hateoas.client.impl.ResponseImpl0Test
Tests run: 7, Failures: 0, Errors: 0, Skipped: 0, Time elapsed: 0.002 sec - in com.mercateo.rest.hateoas.client.impl.ResponseImpl0Test
Running com.mercateo.rest.hateoas.client.impl.ListResponseImpl0Test
Tests run: 4, Failures: 0, Errors: 0, Skipped: 0, Time elapsed: 0.037 sec - in com.mercateo.rest.hateoas.client.impl.ListResponseImpl0Test
Running com.mercateo.rest.hateoas.client.schema.SchemaLink0Test
Tests run: 2, Failures: 0, Errors: 0, Skipped: 0, Time elapsed: 0 sec - in com.mercateo.rest.hateoas.client.schema.SchemaLink0Test
Running com.mercateo.rest.hateoas.client.schema.ClientHyperSchema0Test
Tests run: 2, Failures: 0, Errors: 0, Skipped: 0, Time elapsed: 0 sec - in com.mercateo.rest.hateoas.client.schema.ClientHyperSchema0Test
Running com.mercateo.rest.hateoas.client.ClientStarter0Test
Tests run: 3, Failures: 0, Errors: 0, Skipped: 0, Time elapsed: 0.21 sec - in com.mercateo.rest.hateoas.client.ClientStarter0Test

Results :

Tests run: 56, Failures: 0, Errors: 0, Skipped: 0

[INFO] 
[INFO] --- jacoco-maven-plugin:0.8.5:report (report) @ rest-hateoas-client ---
[INFO] Loading execution data file /tmp/tmp_ccllibg/rest-hateoas-client/target/jacoco.exec
[INFO] Analyzed bundle 'rest-hateoas-client' with 2262 classes
[INFO] ------------------------------------------------------------------------
[INFO] BUILD SUCCESS
[INFO] ------------------------------------------------------------------------
[INFO] Total time:  34.074 s
[INFO] Finished at: 2020-07-30T22:09:53Z
[INFO] ------------------------------------------------------------------------
