[INFO] Error stacktraces are turned on.
[INFO] Scanning for projects...
[INFO] 
[INFO] ----------------------< org.urbancode:terraform >-----------------------
[INFO] Building terraform 0.7
[INFO] --------------------------------[ jar ]---------------------------------
[WARNING] Could not transfer metadata commons-logging:commons-logging/maven-metadata.xml from/to repo1Snapshots (http://repo1.maven.org/maven2): Transfer failed for http://repo1.maven.org/maven2/commons-logging/commons-logging/maven-metadata.xml 501 HTTPS Required
[WARNING] Could not transfer metadata org.apache.httpcomponents:httpclient/maven-metadata.xml from/to repo1Snapshots (http://repo1.maven.org/maven2): Transfer failed for http://repo1.maven.org/maven2/org/apache/httpcomponents/httpclient/maven-metadata.xml 501 HTTPS Required
[WARNING] Could not validate integrity of download from https://raw.github.com/UrbanCode/mvn-repo/master/releases/com/savvis/sdk/3.0.3/sdk-3.0.3.jar: Checksum validation failed, expected 66adf6b4e8442999380b13b9d369117f74b6365a but is 81b35865b195055d54662afeaaa9e128795e4328
[INFO] 
[INFO] --- jacoco-maven-plugin:0.8.5:prepare-agent (default) @ terraform ---
[INFO] argLine set to -javaagent:/home/jdbl/.m2/repository/org/jacoco/org.jacoco.agent/0.8.5/org.jacoco.agent-0.8.5-runtime.jar=destfile=/tmp/tmpb81anib9/terraform/target/jacoco.exec
[INFO] 
[INFO] --- maven-resources-plugin:2.6:resources (default-resources) @ terraform ---
[WARNING] Using platform encoding (UTF-8 actually) to copy filtered resources, i.e. build is platform dependent!
[INFO] Copying 11 resources
[INFO] 
[INFO] --- maven-compiler-plugin:2.0.2:compile (default-compile) @ terraform ---
[INFO] Compiling 128 source files to /tmp/tmpb81anib9/terraform/target/classes
[INFO] 
[INFO] --- maven-resources-plugin:2.6:testResources (default-testResources) @ terraform ---
[WARNING] Using platform encoding (UTF-8 actually) to copy filtered resources, i.e. build is platform dependent!
[INFO] skip non existing resourceDirectory /tmp/tmpb81anib9/terraform/src/test/resources
[INFO] 
[INFO] --- maven-compiler-plugin:2.0.2:testCompile (default-testCompile) @ terraform ---
[INFO] Compiling 4 source files to /tmp/tmpb81anib9/terraform/target/test-classes
[INFO] 
[INFO] --- maven-surefire-plugin:2.19.1:test (default-test) @ terraform ---
[INFO] Surefire report directory: /tmp/tmpb81anib9/terraform/target/surefire-reports

-------------------------------------------------------
 T E S T S
-------------------------------------------------------
Running org.urbancode.terraform.main.AllowedCommandsTest
Tests run: 1, Failures: 0, Errors: 0, Skipped: 0, Time elapsed: 0.086 sec - in org.urbancode.terraform.main.AllowedCommandsTest
Running org.urbancode.terraform.tasks.util.IOUtilTest
InputStream: java.lang.UNIXProcess$ProcessPipeInputStream@6babf3bf
OutputStream: com.urbancode.terraform.tasks.common.util.IOUtil$1@3059cbc
EXIT CODE: 0
Tests run: 1, Failures: 0, Errors: 0, Skipped: 0, Time elapsed: 0.082 sec - in org.urbancode.terraform.tasks.util.IOUtilTest
Running org.urbancode.terraform.tasks.util.IpAddressPoolTest
allocated 10.15.50.1
allocated 10.15.50.2
allocated 10.15.50.3
allocated 10.15.50.4
allocated 10.15.50.5
Tests run: 1, Failures: 0, Errors: 0, Skipped: 0, Time elapsed: 0.003 sec - in org.urbancode.terraform.tasks.util.IpAddressPoolTest
Running org.urbancode.terraform.tasks.util.GlobalIpPoolTest
Tests run: 1, Failures: 0, Errors: 0, Skipped: 0, Time elapsed: 0 sec - in org.urbancode.terraform.tasks.util.GlobalIpPoolTest

Results :

Tests run: 4, Failures: 0, Errors: 0, Skipped: 0

[INFO] 
[INFO] --- jacoco-maven-plugin:0.8.5:report (report) @ terraform ---
[INFO] Loading execution data file /tmp/tmpb81anib9/terraform/target/jacoco.exec
[INFO] Analyzed bundle 'terraform' with 177 classes
[INFO] ------------------------------------------------------------------------
[INFO] BUILD SUCCESS
[INFO] ------------------------------------------------------------------------
[INFO] Total time:  28.059 s
[INFO] Finished at: 2020-07-30T16:03:57Z
[INFO] ------------------------------------------------------------------------
