[INFO] Error stacktraces are turned on.
[INFO] Scanning for projects...
[INFO] 
[INFO] -----------------< edu.kit.ipd.sdq:TimeSheetGenerator >-----------------
[INFO] Building TimeSheetGenerator v0.2.2
[INFO] --------------------------------[ jar ]---------------------------------
[INFO] 
[INFO] --- buildnumber-maven-plugin:1.4:create (default) @ TimeSheetGenerator ---
[INFO] ShortRevision tag detected. The value is '7'.
[INFO] Executing: /bin/sh -c cd '/tmp/tmpeoizp4hu/TimeSheetGenerator' && 'git' 'rev-parse' '--verify' '--short=7' 'HEAD'
[INFO] Working directory: /tmp/tmpeoizp4hu/TimeSheetGenerator
[INFO] Storing buildNumber: 84ceba0 at timestamp: 1596141970266
[WARNING] Cannot get the branch information from the git repository: 
Detecting the current branch failed: fatal: ref HEAD is not a symbolic ref

[INFO] ShortRevision tag detected. The value is '7'.
[INFO] Executing: /bin/sh -c cd '/tmp/tmpeoizp4hu/TimeSheetGenerator' && 'git' 'rev-parse' '--verify' '--short=7' 'HEAD'
[INFO] Working directory: /tmp/tmpeoizp4hu/TimeSheetGenerator
[INFO] Storing buildScmBranch: UNKNOWN
[INFO] 
[INFO] --- jacoco-maven-plugin:0.8.5:prepare-agent (default) @ TimeSheetGenerator ---
[INFO] argLine set to -javaagent:/home/jdbl/.m2/repository/org/jacoco/org.jacoco.agent/0.8.5/org.jacoco.agent-0.8.5-runtime.jar=destfile=/tmp/tmpeoizp4hu/TimeSheetGenerator/target/jacoco.exec
[INFO] 
[INFO] --- maven-resources-plugin:2.6:resources (default-resources) @ TimeSheetGenerator ---
[INFO] Using 'UTF-8' encoding to copy filtered resources.
[INFO] Copying 3 resources
[INFO] Copying 1 resource
[INFO] 
[INFO] --- maven-compiler-plugin:3.8.1:compile (default-compile) @ TimeSheetGenerator ---
[INFO] Changes detected - recompiling the module!
[INFO] Compiling 40 source files to /tmp/tmpeoizp4hu/TimeSheetGenerator/target/classes
[INFO] 
[INFO] --- maven-resources-plugin:2.6:testResources (default-testResources) @ TimeSheetGenerator ---
[INFO] Using 'UTF-8' encoding to copy filtered resources.
[INFO] Copying 3 resources
[INFO] 
[INFO] --- maven-compiler-plugin:3.8.1:testCompile (default-testCompile) @ TimeSheetGenerator ---
[INFO] Changes detected - recompiling the module!
[INFO] Compiling 32 source files to /tmp/tmpeoizp4hu/TimeSheetGenerator/target/test-classes
[INFO] 
[INFO] --- maven-surefire-plugin:2.19.1:test (default-test) @ TimeSheetGenerator ---
[INFO] Surefire report directory: /tmp/tmpeoizp4hu/TimeSheetGenerator/target/surefire-reports

-------------------------------------------------------
 T E S T S
-------------------------------------------------------
Running etc.ContextStringReplacerTest
Tests run: 39, Failures: 0, Errors: 0, Skipped: 0, Time elapsed: 0.198 sec - in etc.ContextStringReplacerTest
Running checker.MiLoGCheckerValidWorkingDaysTest
Tests run: 6, Failures: 0, Errors: 0, Skipped: 0, Time elapsed: 1.812 sec - in checker.MiLoGCheckerValidWorkingDaysTest
Running checker.MiLoGCheckerRowNumExceedanceTest
Tests run: 4, Failures: 0, Errors: 0, Skipped: 0, Time elapsed: 0 sec - in checker.MiLoGCheckerRowNumExceedanceTest
Running checker.MiLoGCheckerTimeOverlapTest
Tests run: 10, Failures: 0, Errors: 0, Skipped: 0, Time elapsed: 0.002 sec - in checker.MiLoGCheckerTimeOverlapTest
Running checker.MiLoGCheckerCheckTest
Tests run: 4, Failures: 0, Errors: 0, Skipped: 0, Time elapsed: 0.091 sec - in checker.MiLoGCheckerCheckTest
Running checker.MiLoGCheckerDayPauseTimeTest
Tests run: 6, Failures: 0, Errors: 0, Skipped: 0, Time elapsed: 0.004 sec - in checker.MiLoGCheckerDayPauseTimeTest
Running checker.MiLoGCheckerDayTimeBoundsTest
Tests run: 8, Failures: 0, Errors: 0, Skipped: 0, Time elapsed: 0.006 sec - in checker.MiLoGCheckerDayTimeBoundsTest
Running checker.MiLoGCheckerDayTimeExceedanceTest
Tests run: 9, Failures: 0, Errors: 0, Skipped: 0, Time elapsed: 0.015 sec - in checker.MiLoGCheckerDayTimeExceedanceTest
Running checker.MiLoGCheckerDepartmentNameTest
Tests run: 2, Failures: 0, Errors: 0, Skipped: 0, Time elapsed: 0 sec - in checker.MiLoGCheckerDepartmentNameTest
Running checker.holiday.GermanyHolidayCheckerTest
Tests run: 5, Failures: 0, Errors: 0, Skipped: 0, Time elapsed: 0.356 sec - in checker.holiday.GermanyHolidayCheckerTest
Running checker.holiday.HolidayEqualsDateTest
Tests run: 3, Failures: 0, Errors: 0, Skipped: 0, Time elapsed: 0.005 sec - in checker.holiday.HolidayEqualsDateTest
Running checker.MiLoGCheckerTotalTimeExceedanceTest
Tests run: 19, Failures: 0, Errors: 0, Skipped: 0, Time elapsed: 0.011 sec - in checker.MiLoGCheckerTotalTimeExceedanceTest
Running i18n.DateFormatWrapperTest
Tests run: 6, Failures: 0, Errors: 0, Skipped: 0, Time elapsed: 0.001 sec - in i18n.DateFormatWrapperTest
Running i18n.ResourceHandlerTest
Tests run: 14, Failures: 0, Errors: 0, Skipped: 0, Time elapsed: 0.006 sec - in i18n.ResourceHandlerTest
Running data.EntryArithmeticTest
Tests run: 7, Failures: 0, Errors: 0, Skipped: 0, Time elapsed: 0 sec - in data.EntryArithmeticTest
Running data.TimeSpanParseTest
Tests run: 14, Failures: 0, Errors: 0, Skipped: 0, Time elapsed: 0.146 sec - in data.TimeSpanParseTest
Running data.TimeSpanArithmeticTest
Tests run: 16, Failures: 0, Errors: 0, Skipped: 0, Time elapsed: 0.004 sec - in data.TimeSpanArithmeticTest
Running data.TimeSheetArithmeticTest
Tests run: 2, Failures: 0, Errors: 0, Skipped: 0, Time elapsed: 0.001 sec - in data.TimeSheetArithmeticTest
Running data.EntryCompareToTest
Tests run: 8, Failures: 0, Errors: 0, Skipped: 0, Time elapsed: 0 sec - in data.EntryCompareToTest
Running data.TimeSpanCompareTest
Tests run: 4, Failures: 0, Errors: 0, Skipped: 0, Time elapsed: 0 sec - in data.TimeSpanCompareTest
Running data.WorkingAreaParseTest
Tests run: 13, Failures: 0, Errors: 0, Skipped: 0, Time elapsed: 0 sec - in data.WorkingAreaParseTest
Running data.TimeSheetCommonTest
Tests run: 2, Failures: 0, Errors: 0, Skipped: 0, Time elapsed: 0 sec - in data.TimeSheetCommonTest
Running data.EntryCommonTest
Tests run: 6, Failures: 0, Errors: 0, Skipped: 0, Time elapsed: 0 sec - in data.EntryCommonTest
Running data.TimeSpanCommonTest
Tests run: 14, Failures: 0, Errors: 0, Skipped: 0, Time elapsed: 0 sec - in data.TimeSpanCommonTest
Running io.LatexGeneratorPlaceholderTest
Tests run: 18, Failures: 0, Errors: 0, Skipped: 0, Time elapsed: 0.039 sec - in io.LatexGeneratorPlaceholderTest
Running io.LatexGeneratorEscapeTest
Tests run: 6, Failures: 0, Errors: 0, Skipped: 0, Time elapsed: 0.002 sec - in io.LatexGeneratorEscapeTest
Running io.LatexGeneratorTest
Tests run: 14, Failures: 0, Errors: 0, Skipped: 0, Time elapsed: 0.007 sec - in io.LatexGeneratorTest
Running parser.json.JsonMonthParserTest
Tests run: 22, Failures: 0, Errors: 0, Skipped: 0, Time elapsed: 0.103 sec - in parser.json.JsonMonthParserTest
Running parser.json.JsonMonthParserEntryTest
Tests run: 14, Failures: 0, Errors: 0, Skipped: 0, Time elapsed: 0.04 sec - in parser.json.JsonMonthParserEntryTest
Running parser.json.JsonGlobalParserTest
Tests run: 15, Failures: 0, Errors: 0, Skipped: 0, Time elapsed: 0.014 sec - in parser.json.JsonGlobalParserTest
Running parser.json.JsonHolidayParserTest
Tests run: 6, Failures: 0, Errors: 0, Skipped: 0, Time elapsed: 0.007 sec - in parser.json.JsonHolidayParserTest
Running parser.ParserJsonTest
Tests run: 4, Failures: 0, Errors: 0, Skipped: 0, Time elapsed: 0.007 sec - in parser.ParserJsonTest

Results :

Tests run: 320, Failures: 0, Errors: 0, Skipped: 0

[INFO] 
[INFO] --- jacoco-maven-plugin:0.8.5:report (report) @ TimeSheetGenerator ---
[INFO] Loading execution data file /tmp/tmpeoizp4hu/TimeSheetGenerator/target/jacoco.exec
[INFO] Analyzed bundle 'TimeSheetGenerator' with 163 classes
[INFO] ------------------------------------------------------------------------
[INFO] BUILD SUCCESS
[INFO] ------------------------------------------------------------------------
[INFO] Total time:  15.477 s
[INFO] Finished at: 2020-07-30T20:46:18Z
[INFO] ------------------------------------------------------------------------
