[INFO] Error stacktraces are turned on.
[INFO] Scanning for projects...
[INFO] 
[INFO] ------< com.github.julianps.modelmapper:modelmapper-vavr-module >-------
[INFO] Building modelmapper-vavr-module 1.0.4
[INFO] --------------------------------[ jar ]---------------------------------
[INFO] 
[INFO] --- maven-enforcer-plugin:1.0:enforce (enforce-maven) @ modelmapper-vavr-module ---
[INFO] 
[INFO] --- jacoco-maven-plugin:0.8.5:prepare-agent (default) @ modelmapper-vavr-module ---
[INFO] argLine set to -javaagent:/home/jdbl/.m2/repository/org/jacoco/org.jacoco.agent/0.8.5/org.jacoco.agent-0.8.5-runtime.jar=destfile=/tmp/tmp23o1isqm/modelmapper-module-vavr/target/jacoco.exec
[INFO] 
[INFO] --- maven-resources-plugin:2.6:resources (default-resources) @ modelmapper-vavr-module ---
[INFO] Using 'UTF-8' encoding to copy filtered resources.
[INFO] skip non existing resourceDirectory /tmp/tmp23o1isqm/modelmapper-module-vavr/src/main/resources
[INFO] 
[INFO] --- maven-compiler-plugin:3.7.0:compile (default-compile) @ modelmapper-vavr-module ---
[INFO] Changes detected - recompiling the module!
[INFO] Compiling 2 source files to /tmp/tmp23o1isqm/modelmapper-module-vavr/target/classes
[INFO] 
[INFO] --- maven-resources-plugin:2.6:testResources (default-testResources) @ modelmapper-vavr-module ---
[INFO] Using 'UTF-8' encoding to copy filtered resources.
[INFO] skip non existing resourceDirectory /tmp/tmp23o1isqm/modelmapper-module-vavr/src/test/resources
[INFO] 
[INFO] --- maven-compiler-plugin:3.7.0:testCompile (default-testCompile) @ modelmapper-vavr-module ---
[INFO] Changes detected - recompiling the module!
[INFO] Compiling 2 source files to /tmp/tmp23o1isqm/modelmapper-module-vavr/target/test-classes
[INFO] 
[INFO] --- maven-surefire-plugin:2.19.1:test (default-test) @ modelmapper-vavr-module ---
[INFO] Surefire report directory: /tmp/tmp23o1isqm/modelmapper-module-vavr/target/surefire-reports

-------------------------------------------------------
 T E S T S
-------------------------------------------------------
Running com.github.julianps.modelmapper.ValueConverterTest
Configuring TestNG with: TestNG60Configurator
Tests run: 9, Failures: 0, Errors: 0, Skipped: 0, Time elapsed: 0.677 sec - in com.github.julianps.modelmapper.ValueConverterTest

Results :

Tests run: 9, Failures: 0, Errors: 0, Skipped: 0

[INFO] 
[INFO] --- jacoco-maven-plugin:0.8.5:report (report) @ modelmapper-vavr-module ---
[INFO] Loading execution data file /tmp/tmp23o1isqm/modelmapper-module-vavr/target/jacoco.exec
[INFO] Analyzed bundle 'modelmapper-vavr-module' with 3774 classes
[INFO] ------------------------------------------------------------------------
[INFO] BUILD SUCCESS
[INFO] ------------------------------------------------------------------------
[INFO] Total time:  19.259 s
[INFO] Finished at: 2020-07-31T08:24:44Z
[INFO] ------------------------------------------------------------------------
