[INFO] Error stacktraces are turned on.
[INFO] Scanning for projects...
[INFO] Inspecting build with total of 1 modules...
[INFO] Installing Nexus Staging features:
[INFO]   ... total of 1 executions of maven-deploy-plugin replaced with nexus-staging-maven-plugin
[INFO] 
[INFO] --------------------------< org.xqdoc:xqdoc >---------------------------
[INFO] Building xqdoc 1.9.9.3-SNAPSHOT
[INFO] --------------------------------[ jar ]---------------------------------
[INFO] 
[INFO] --- jacoco-maven-plugin:0.8.5:prepare-agent (default) @ xqdoc ---
[INFO] argLine set to -javaagent:/home/jdbl/.m2/repository/org/jacoco/org.jacoco.agent/0.8.5/org.jacoco.agent-0.8.5-runtime.jar=destfile=/tmp/tmphle122_d/xqdoc/target/jacoco.exec
[INFO] 
[INFO] --- antlr4-maven-plugin:4.7.2:antlr4 (default) @ xqdoc ---
[INFO] ANTLR 4: Processing source directory /tmp/tmphle122_d/xqdoc/src/main/antlr4
[INFO] Processing grammar: org/xqdoc/XQueryLexer.g4
[INFO] Processing grammar: org/xqdoc/XQueryParser.g4
[INFO] 
[INFO] --- maven-resources-plugin:2.6:resources (default-resources) @ xqdoc ---
[INFO] Using 'UTF-8' encoding to copy filtered resources.
[INFO] Copying 1 resource
[INFO] 
[INFO] --- maven-compiler-plugin:3.1:compile (default-compile) @ xqdoc ---
[INFO] Changes detected - recompiling the module!
[INFO] Compiling 16 source files to /tmp/tmphle122_d/xqdoc/target/classes
[WARNING] /tmp/tmphle122_d/xqdoc/src/main/java/org/xqdoc/ExistDBProcessor.java: Some input files use unchecked or unsafe operations.
[WARNING] /tmp/tmphle122_d/xqdoc/src/main/java/org/xqdoc/ExistDBProcessor.java: Recompile with -Xlint:unchecked for details.
[INFO] 
[INFO] --- maven-resources-plugin:2.6:testResources (default-testResources) @ xqdoc ---
[INFO] Using 'UTF-8' encoding to copy filtered resources.
[INFO] Copying 6 resources
[INFO] 
[INFO] --- maven-compiler-plugin:3.1:testCompile (default-testCompile) @ xqdoc ---
[INFO] Changes detected - recompiling the module!
[INFO] Compiling 1 source file to /tmp/tmphle122_d/xqdoc/target/test-classes
[WARNING] /tmp/tmphle122_d/xqdoc/src/test/java/org/xqdoc/AppTest.java: /tmp/tmphle122_d/xqdoc/src/test/java/org/xqdoc/AppTest.java uses or overrides a deprecated API.
[WARNING] /tmp/tmphle122_d/xqdoc/src/test/java/org/xqdoc/AppTest.java: Recompile with -Xlint:deprecation for details.
[WARNING] /tmp/tmphle122_d/xqdoc/src/test/java/org/xqdoc/AppTest.java: /tmp/tmphle122_d/xqdoc/src/test/java/org/xqdoc/AppTest.java uses unchecked or unsafe operations.
[WARNING] /tmp/tmphle122_d/xqdoc/src/test/java/org/xqdoc/AppTest.java: Recompile with -Xlint:unchecked for details.
[INFO] 
[INFO] --- maven-surefire-plugin:2.19.1:test (default-test) @ xqdoc ---
[INFO] Surefire report directory: /tmp/tmphle122_d/xqdoc/target/surefire-reports

-------------------------------------------------------
 T E S T S
-------------------------------------------------------
Running org.xqdoc.AppTest
Tests run: 3, Failures: 0, Errors: 0, Skipped: 0, Time elapsed: 1.847 sec - in org.xqdoc.AppTest

Results :

Tests run: 3, Failures: 0, Errors: 0, Skipped: 0

[INFO] 
[INFO] --- jacoco-maven-plugin:0.8.5:report (report) @ xqdoc ---
[INFO] Loading execution data file /tmp/tmphle122_d/xqdoc/target/jacoco.exec
[INFO] Analyzed bundle 'xqdoc' with 513 classes
[INFO] ------------------------------------------------------------------------
[INFO] BUILD SUCCESS
[INFO] ------------------------------------------------------------------------
[INFO] Total time:  31.028 s
[INFO] Finished at: 2020-07-30T20:02:02Z
[INFO] ------------------------------------------------------------------------
