[INFO] Error stacktraces are turned on.
[INFO] Scanning for projects...
[INFO] 
[INFO] -----------------------< com.linq:zhihu2kindle >------------------------
[INFO] Building zhihu2kindle 1.0-SNAPSHOT
[INFO] --------------------------------[ jar ]---------------------------------
[INFO] 
[INFO] --- jacoco-maven-plugin:0.8.5:prepare-agent (default) @ zhihu2kindle ---
[INFO] argLine set to -javaagent:/home/jdbl/.m2/repository/org/jacoco/org.jacoco.agent/0.8.5/org.jacoco.agent-0.8.5-runtime.jar=destfile=/tmp/tmp223s4ze1/zhihu2kindle/target/jacoco.exec
[INFO] 
[INFO] --- maven-resources-plugin:2.6:resources (default-resources) @ zhihu2kindle ---
[INFO] Using 'UTF-8' encoding to copy filtered resources.
[INFO] Copying 2 resources
[INFO] 
[INFO] --- maven-compiler-plugin:3.1:compile (default-compile) @ zhihu2kindle ---
[INFO] Changes detected - recompiling the module!
[INFO] Compiling 8 source files to /tmp/tmp223s4ze1/zhihu2kindle/target/classes
[INFO] 
[INFO] --- maven-resources-plugin:2.6:testResources (default-testResources) @ zhihu2kindle ---
[INFO] Using 'UTF-8' encoding to copy filtered resources.
[INFO] skip non existing resourceDirectory /tmp/tmp223s4ze1/zhihu2kindle/src/test/resources
[INFO] 
[INFO] --- maven-compiler-plugin:3.1:testCompile (default-testCompile) @ zhihu2kindle ---
[INFO] Changes detected - recompiling the module!
[INFO] Compiling 1 source file to /tmp/tmp223s4ze1/zhihu2kindle/target/test-classes
[INFO] 
[INFO] --- maven-surefire-plugin:2.19.1:test (default-test) @ zhihu2kindle ---
[INFO] Surefire report directory: /tmp/tmp223s4ze1/zhihu2kindle/target/surefire-reports

-------------------------------------------------------
 T E S T S
-------------------------------------------------------
Running com.linq.AppTest
Tests run: 1, Failures: 0, Errors: 0, Skipped: 0, Time elapsed: 0.107 sec - in com.linq.AppTest

Results :

Tests run: 1, Failures: 0, Errors: 0, Skipped: 0

[INFO] 
[INFO] --- jacoco-maven-plugin:0.8.5:report (report) @ zhihu2kindle ---
[INFO] Loading execution data file /tmp/tmp223s4ze1/zhihu2kindle/target/jacoco.exec
[INFO] Analyzed bundle 'zhihu2kindle' with 193 classes
[INFO] ------------------------------------------------------------------------
[INFO] BUILD SUCCESS
[INFO] ------------------------------------------------------------------------
[INFO] Total time:  8.954 s
[INFO] Finished at: 2020-07-30T15:27:45Z
[INFO] ------------------------------------------------------------------------
