[INFO] Error stacktraces are turned on.
[INFO] Scanning for projects...
[INFO] 
[INFO] --------------< com.multichainjavaapi:MultiChainJavaAPI >---------------
[INFO] Building MultiChainJavaAPI 2.0.2-SNAPSHOT
[INFO] --------------------------------[ jar ]---------------------------------
[INFO] 
[INFO] --- jacoco-maven-plugin:0.8.5:prepare-agent (default) @ MultiChainJavaAPI ---
[INFO] argLine set to -javaagent:/home/jdbl/.m2/repository/org/jacoco/org.jacoco.agent/0.8.5/org.jacoco.agent-0.8.5-runtime.jar=destfile=/tmp/tmp2i3dcj91/MultiChainJavaAPI/target/jacoco.exec
[INFO] 
[INFO] --- maven-resources-plugin:2.6:resources (default-resources) @ MultiChainJavaAPI ---
[INFO] Using 'UTF-8' encoding to copy filtered resources.
[INFO] skip non existing resourceDirectory /tmp/tmp2i3dcj91/MultiChainJavaAPI/src/main/resources
[INFO] 
[INFO] --- maven-compiler-plugin:3.1:compile (default-compile) @ MultiChainJavaAPI ---
[INFO] Changes detected - recompiling the module!
[INFO] Compiling 97 source files to /tmp/tmp2i3dcj91/MultiChainJavaAPI/target/classes
[INFO] 
[INFO] --- maven-resources-plugin:2.6:testResources (default-testResources) @ MultiChainJavaAPI ---
[INFO] Using 'UTF-8' encoding to copy filtered resources.
[INFO] skip non existing resourceDirectory /tmp/tmp2i3dcj91/MultiChainJavaAPI/src/test/resources
[INFO] 
[INFO] --- maven-compiler-plugin:3.1:testCompile (default-testCompile) @ MultiChainJavaAPI ---
[INFO] Changes detected - recompiling the module!
[INFO] Compiling 3 source files to /tmp/tmp2i3dcj91/MultiChainJavaAPI/target/test-classes
[INFO] 
[INFO] --- maven-surefire-plugin:2.19.1:test (default-test) @ MultiChainJavaAPI ---
[INFO] Surefire report directory: /tmp/tmp2i3dcj91/MultiChainJavaAPI/target/surefire-reports

-------------------------------------------------------
 T E S T S
-------------------------------------------------------
Running multichain.object.formatters.GenericOutputFormatterTest
[11ADDRESSE01ADDRESSE01ADDRESSE01111111, 22ADDRESSE02ADDRESSE02ADDRESSE02222222, 33ADDRESSE03ADDRESSE03ADDRESSE03333333, 44ADDRESSE04ADDRESSE04ADDRESSE04444444]
class java.util.ArrayList
class java.lang.String
[Address [address=11ADDRESSE01ADDRESSE01ADDRESSE01111111, multichain.object.Address@18920ccisvalid=null, ismine=true, iswatchonly=false, isscript=false, pubkey=000011ADDRESSE01ADDRESSE01ADDRESSE01111111ADRESSE01ADDRESSE0111111, iscompressed=true], Address [address=22ADDRESSE02ADDRESSE02ADDRESSE02222222, multichain.object.Address@2807bdebisvalid=null, ismine=true, iswatchonly=false, isscript=false, pubkey=000022ADDRESSE02ADDRESSE02ADDRESSE02222222ADRESSE02ADDRESSE0222222, iscompressed=true], Address [address=33ADDRESSE03ADDRESSE03ADDRESSE03333333, multichain.object.Address@72c28d64isvalid=null, ismine=true, iswatchonly=false, isscript=false, pubkey=000033ADDRESSE03ADDRESSE03ADDRESSE03333333ADRESSE03ADDRESSE0333333, iscompressed=true], Address [address=44ADDRESSE04ADDRESSE04ADDRESSE04444444, multichain.object.Address@6492fab5isvalid=null, ismine=true, iswatchonly=false, isscript=false, pubkey=000044ADDRESSE04ADDRESSE04ADDRESSE04444444ADRESSE04ADDRESSE0444444, iscompressed=true]]
class java.util.ArrayList
class multichain.object.Address
Block [hash=00cd11ab4a7146236595c29f52a874521845cb2a417da4e938266e1a3a1f3bb2, miner=13SKg7Qw7UxPWvjDMkskyvKU7HfM9mz1KHi43E, confirmations=235, size=241, height=0, version=1, merkleroot=428c3d6b97720175dba80c893ec97407522f564af5665ecff0684cd8d74eae6e, tx= - 428c3d6b97720175dba80c893ec97407522f564af5665ecff0684cd8d74eae6e - , time=1543504235, nonce=97, bits=2000ffff, difficulty=5.96046447753906E-8, chainwork=0000000000000000000000000000000000000000000000000000000000000100, previousblockhash=null, nextblockhash=0074f303c0b50dcf4a0f8e48840c14af9dd5666f5f953b154b9d7d2549ea02f9]
class multichain.object.Block
Tests run: 3, Failures: 0, Errors: 0, Skipped: 0, Time elapsed: 0.719 sec - in multichain.object.formatters.GenericOutputFormatterTest
Running multichain.command.CommandManagerTest
Tests run: 1, Failures: 0, Errors: 0, Skipped: 0, Time elapsed: 0.001 sec - in multichain.command.CommandManagerTest

Results :

Tests run: 4, Failures: 0, Errors: 0, Skipped: 0

[INFO] 
[INFO] --- jacoco-maven-plugin:0.8.5:report (report) @ MultiChainJavaAPI ---
[INFO] Loading execution data file /tmp/tmp2i3dcj91/MultiChainJavaAPI/target/jacoco.exec
[INFO] Analyzed bundle 'MultiChainJavaAPI' with 177 classes
[INFO] ------------------------------------------------------------------------
[INFO] BUILD SUCCESS
[INFO] ------------------------------------------------------------------------
[INFO] Total time:  7.634 s
[INFO] Finished at: 2020-07-30T20:36:05Z
[INFO] ------------------------------------------------------------------------
