[INFO] Error stacktraces are turned on.
[INFO] Scanning for projects...
[INFO] Inspecting build with total of 1 modules...
[INFO] Installing Nexus Staging features:
[INFO]   ... total of 1 executions of maven-deploy-plugin replaced with nexus-staging-maven-plugin
[INFO] 
[INFO] -------------------< org.codehaus.jettison:jettison >-------------------
[INFO] Building Jettison 1.4.0
[INFO] -------------------------------[ bundle ]-------------------------------
[INFO] 
[INFO] --- maven-resources-plugin:3.1.0:resources (default-resources) @ jettison ---
[WARNING] Using platform encoding (UTF-8 actually) to copy filtered resources, i.e. build is platform dependent!
[INFO] Copying 1 resource
[INFO] 
[INFO] --- maven-compiler-plugin:3.7.0:compile (default-compile) @ jettison ---
[INFO] Changes detected - recompiling the module!
[WARNING] File encoding has not been set, using platform encoding UTF-8, i.e. build is platform dependent!
[INFO] Compiling 38 source files to /tmp/tmphz9o4dr9/jettison/target/classes
[INFO] /tmp/tmphz9o4dr9/jettison/src/main/java/org/codehaus/jettison/mapped/MappedXMLStreamReader.java: Some input files use unchecked or unsafe operations.
[INFO] /tmp/tmphz9o4dr9/jettison/src/main/java/org/codehaus/jettison/mapped/MappedXMLStreamReader.java: Recompile with -Xlint:unchecked for details.
[INFO] 
[INFO] --- maven-resources-plugin:3.1.0:testResources (default-testResources) @ jettison ---
[WARNING] Using platform encoding (UTF-8 actually) to copy filtered resources, i.e. build is platform dependent!
[INFO] skip non existing resourceDirectory /tmp/tmphz9o4dr9/jettison/src/test/resources
[INFO] 
[INFO] --- maven-compiler-plugin:3.7.0:testCompile (default-testCompile) @ jettison ---
[INFO] Changes detected - recompiling the module!
[WARNING] File encoding has not been set, using platform encoding UTF-8, i.e. build is platform dependent!
[INFO] Compiling 14 source files to /tmp/tmphz9o4dr9/jettison/target/test-classes
[INFO] /tmp/tmphz9o4dr9/jettison/src/test/java/org/codehaus/jettison/mapped/MappedXMLStreamWriterTest.java: Some input files use unchecked or unsafe operations.
[INFO] /tmp/tmphz9o4dr9/jettison/src/test/java/org/codehaus/jettison/mapped/MappedXMLStreamWriterTest.java: Recompile with -Xlint:unchecked for details.
[INFO] 
[INFO] --- maven-surefire-plugin:3.0.0-M5:test (default-test) @ jettison ---
[INFO] Surefire report directory: /tmp/tmphz9o4dr9/jettison/target/surefire-reports
[INFO] 
[INFO] -------------------------------------------------------
[INFO]  T E S T S
[INFO] -------------------------------------------------------
[INFO] Running org.codehaus.jettison.mapped.DefaultTypeConverterUnenforcedIntegerTest
[INFO] Tests run: 1, Failures: 0, Errors: 0, Skipped: 0, Time elapsed: 0.029 s - in org.codehaus.jettison.mapped.DefaultTypeConverterUnenforcedIntegerTest
[INFO] Running org.codehaus.jettison.mapped.DefaultTypeConverterEnforcedIntegerTest
[INFO] Tests run: 1, Failures: 0, Errors: 0, Skipped: 0, Time elapsed: 0 s - in org.codehaus.jettison.mapped.DefaultTypeConverterEnforcedIntegerTest
[INFO] Running org.codehaus.jettison.mapped.MappedDOMTest
[INFO] Tests run: 4, Failures: 0, Errors: 0, Skipped: 0, Time elapsed: 0.129 s - in org.codehaus.jettison.mapped.MappedDOMTest
[INFO] Running org.codehaus.jettison.mapped.MappedXMLStreamReaderTest
[INFO] Tests run: 28, Failures: 0, Errors: 0, Skipped: 0, Time elapsed: 0.04 s - in org.codehaus.jettison.mapped.MappedXMLStreamReaderTest
[INFO] Running org.codehaus.jettison.mapped.BootstrapTypeConverterTest
[INFO] Tests run: 1, Failures: 0, Errors: 0, Skipped: 0, Time elapsed: 0.001 s - in org.codehaus.jettison.mapped.BootstrapTypeConverterTest
[INFO] Running org.codehaus.jettison.mapped.MappedXMLStreamWriterTest
[INFO] Tests run: 43, Failures: 0, Errors: 0, Skipped: 0, Time elapsed: 0.014 s - in org.codehaus.jettison.mapped.MappedXMLStreamWriterTest
[INFO] Running org.codehaus.jettison.json.JSONObjectTest
[INFO] Tests run: 13, Failures: 0, Errors: 0, Skipped: 0, Time elapsed: 0 s - in org.codehaus.jettison.json.JSONObjectTest
[INFO] Running org.codehaus.jettison.json.JSONArrayTest
["a string with / character",{"key":"http://example.com/foo"}]
[INFO] Tests run: 4, Failures: 0, Errors: 0, Skipped: 0, Time elapsed: 0.001 s - in org.codehaus.jettison.json.JSONArrayTest
[INFO] Running org.codehaus.jettison.badgerfish.BadgerFishDOMTest
[INFO] Tests run: 7, Failures: 0, Errors: 0, Skipped: 0, Time elapsed: 0.026 s - in org.codehaus.jettison.badgerfish.BadgerFishDOMTest
[INFO] Running org.codehaus.jettison.badgerfish.BadgerFishXMLInputFactoryTest
[INFO] Tests run: 1, Failures: 0, Errors: 0, Skipped: 0, Time elapsed: 0.001 s - in org.codehaus.jettison.badgerfish.BadgerFishXMLInputFactoryTest
[INFO] Running org.codehaus.jettison.badgerfish.RoundTripTest
[INFO] Tests run: 2, Failures: 0, Errors: 0, Skipped: 0, Time elapsed: 0.026 s - in org.codehaus.jettison.badgerfish.RoundTripTest
[INFO] Running org.codehaus.jettison.badgerfish.BadgerFishXMLStreamWriterTest
{"Ratings":{"Rating":[{"@id":"100","@value":"3"},{"@id":"200","@value":"4"},{"@id":"300","@value":"5"}]}}
[INFO] Tests run: 8, Failures: 0, Errors: 0, Skipped: 0, Time elapsed: 0.005 s - in org.codehaus.jettison.badgerfish.BadgerFishXMLStreamWriterTest
[INFO] Running org.codehaus.jettison.badgerfish.BadgerFishXMLStreamReaderTest
[INFO] Tests run: 8, Failures: 0, Errors: 0, Skipped: 0, Time elapsed: 0.01 s - in org.codehaus.jettison.badgerfish.BadgerFishXMLStreamReaderTest
[INFO] 
[INFO] Results:
[INFO] 
[INFO] Tests run: 121, Failures: 0, Errors: 0, Skipped: 0
[INFO] 
[INFO] 
[INFO] --- maven-bundle-plugin:1.0.0:bundle (default-bundle) @ jettison ---
[INFO] 
[INFO] --- maven-assembly-plugin:3.2.0:single (default) @ jettison ---
[INFO] Building jar: /tmp/tmphz9o4dr9/jettison/target/jettison-1.4.0-jar-with-dependencies.jar
[INFO] ------------------------------------------------------------------------
[INFO] BUILD SUCCESS
[INFO] ------------------------------------------------------------------------
[INFO] Total time:  5.980 s
[INFO] Finished at: 2020-07-30T17:21:59Z
[INFO] ------------------------------------------------------------------------
