[INFO] Error stacktraces are turned on.
[INFO] Scanning for projects...
[WARNING] The POM for org.jenkins-ci.tools:maven-hpi-plugin:jar:3.3 is missing, no dependency information available
[WARNING] Failed to build parent project for org.jenkins-ci.plugins:Office-365-Connector:hpi:4.13.1-SNAPSHOT
[INFO] 
[INFO] ------------< org.jenkins-ci.plugins:Office-365-Connector >-------------
[INFO] Building Office 365 Connector 4.13.1-SNAPSHOT
[INFO] --------------------------------[ hpi ]---------------------------------
[INFO] 
[INFO] --- maven-hpi-plugin:3.5:validate (default-validate) @ Office-365-Connector ---
[INFO] 
[INFO] --- maven-enforcer-plugin:3.0.0-M2:display-info (display-info) @ Office-365-Connector ---
[INFO] Maven Version: 3.6.3
[INFO] JDK Version: 1.8.0_262 normalized as: 1.8.0-262
[INFO] OS Info: Arch: amd64 Family: unix Name: linux Version: 4.15.0-109-generic
[INFO] 
[INFO] --- maven-enforcer-plugin:3.0.0-M2:enforce (display-info) @ Office-365-Connector ---
[WARNING] Invalid bytecodeVersion for module-info.class: expected 52, but was 53
[INFO] Ignoring requireUpperBoundDeps in com.google.guava:guava
[INFO] 
[INFO] --- jacoco-maven-plugin:0.8.5:prepare-agent (default) @ Office-365-Connector ---
[INFO] argLine set to -javaagent:/home/jdbl/.m2/repository/org/jacoco/org.jacoco.agent/0.8.5/org.jacoco.agent-0.8.5-runtime.jar=destfile=/tmp/tmp0s2z2uc0/office-365-connector-plugin/target/jacoco.exec -Xmx768M -Djava.awt.headless=true
[INFO] 
[INFO] --- maven-localizer-plugin:1.26:generate (default) @ Office-365-Connector ---
[INFO] 
[INFO] --- maven-resources-plugin:3.1.0:resources (default-resources) @ Office-365-Connector ---
[INFO] Using 'UTF-8' encoding to copy filtered resources.
[INFO] Copying 16 resources
[INFO] 
[INFO] --- maven-compiler-plugin:3.8.0:compile (default-compile) @ Office-365-Connector ---
[INFO] Changes detected - recompiling the module!
[INFO] Compiling 21 source files to /tmp/tmp0s2z2uc0/office-365-connector-plugin/target/classes
[INFO] /tmp/tmp0s2z2uc0/office-365-connector-plugin/src/main/java/jenkins/plugins/office365connector/FactsBuilder.java: Some input files use unchecked or unsafe operations.
[INFO] /tmp/tmp0s2z2uc0/office-365-connector-plugin/src/main/java/jenkins/plugins/office365connector/FactsBuilder.java: Recompile with -Xlint:unchecked for details.
[INFO] 
[INFO] --- access-modifier-checker:1.16:enforce (default-enforce) @ Office-365-Connector ---
[INFO] 
[INFO] --- animal-sniffer-maven-plugin:1.17:check (check) @ Office-365-Connector ---
[INFO] Signature checking is skipped.
[INFO] 
[INFO] --- maven-hpi-plugin:3.5:insert-test (default-insert-test) @ Office-365-Connector ---
[INFO] 
[INFO] --- gmaven-plugin:1.5-jenkins-3:generateTestStubs (test-in-groovy) @ Office-365-Connector ---
[INFO] No sources found for Java stub generation
[INFO] 
[INFO] --- maven-antrun-plugin:1.3:run (createTempDir) @ Office-365-Connector ---
[INFO] Executing tasks
    [mkdir] Created dir: /tmp/tmp0s2z2uc0/office-365-connector-plugin/target/tmp
[INFO] Executed tasks
[INFO] 
[INFO] --- maven-resources-plugin:3.1.0:testResources (default-testResources) @ Office-365-Connector ---
[INFO] Using 'UTF-8' encoding to copy filtered resources.
[INFO] Copying 9 resources
[INFO] 
[INFO] --- maven-compiler-plugin:3.8.0:testCompile (default-testCompile) @ Office-365-Connector ---
[INFO] Changes detected - recompiling the module!
[INFO] Compiling 40 source files to /tmp/tmp0s2z2uc0/office-365-connector-plugin/target/test-classes
[INFO] /tmp/tmp0s2z2uc0/office-365-connector-plugin/src/test/java/jenkins/plugins/office365connector/workflow/AbstractTest.java: Some input files use unchecked or unsafe operations.
[INFO] /tmp/tmp0s2z2uc0/office-365-connector-plugin/src/test/java/jenkins/plugins/office365connector/workflow/AbstractTest.java: Recompile with -Xlint:unchecked for details.
[INFO] 
[INFO] --- maven-hpi-plugin:3.5:test-hpl (default-test-hpl) @ Office-365-Connector ---
[INFO] Generating /tmp/tmp0s2z2uc0/office-365-connector-plugin/target/test-classes/the.hpl
[INFO] 
[INFO] --- maven-hpi-plugin:3.5:resolve-test-dependencies (default-resolve-test-dependencies) @ Office-365-Connector ---
[INFO] 
[INFO] --- gmaven-plugin:1.5-jenkins-3:testCompile (test-in-groovy) @ Office-365-Connector ---
[INFO] No sources found to compile
[INFO] 
[INFO] --- maven-surefire-plugin:2.19.1:test (default-test) @ Office-365-Connector ---
[INFO] Surefire report directory: /tmp/tmp0s2z2uc0/office-365-connector-plugin/target/surefire-reports

-------------------------------------------------------
 T E S T S
-------------------------------------------------------
Running jenkins.plugins.office365connector.ActionableBuilderTest
Tests run: 7, Failures: 0, Errors: 0, Skipped: 0, Time elapsed: 5.771 sec - in jenkins.plugins.office365connector.ActionableBuilderTest
Running jenkins.plugins.office365connector.CardBuilderTest
Tests run: 30, Failures: 0, Errors: 0, Skipped: 0, Time elapsed: 3.206 sec - in jenkins.plugins.office365connector.CardBuilderTest
Running jenkins.plugins.office365connector.DecisionMakerTest
Tests run: 34, Failures: 0, Errors: 0, Skipped: 0, Time elapsed: 3.041 sec - in jenkins.plugins.office365connector.DecisionMakerTest
Running jenkins.plugins.office365connector.FactsBuilderTest
Tests run: 12, Failures: 0, Errors: 0, Skipped: 0, Time elapsed: 3.133 sec - in jenkins.plugins.office365connector.FactsBuilderTest
Running jenkins.plugins.office365connector.HttpWorkerTest
Tests run: 1, Failures: 0, Errors: 0, Skipped: 0, Time elapsed: 1.395 sec - in jenkins.plugins.office365connector.HttpWorkerTest
Running jenkins.plugins.office365connector.WebhookDescriptorImplTest
Tests run: 3, Failures: 0, Errors: 0, Skipped: 0, Time elapsed: 0.101 sec - in jenkins.plugins.office365connector.WebhookDescriptorImplTest
Running jenkins.plugins.office365connector.WebhookTest
Tests run: 16, Failures: 0, Errors: 0, Skipped: 0, Time elapsed: 0.022 sec - in jenkins.plugins.office365connector.WebhookTest
Running jenkins.plugins.office365connector.model.CardTest
Tests run: 4, Failures: 0, Errors: 0, Skipped: 0, Time elapsed: 0.003 sec - in jenkins.plugins.office365connector.model.CardTest
Running jenkins.plugins.office365connector.model.FactDefinitionTest
Tests run: 4, Failures: 0, Errors: 0, Skipped: 0, Time elapsed: 0.002 sec - in jenkins.plugins.office365connector.model.FactDefinitionTest
Running jenkins.plugins.office365connector.model.FactTest
Tests run: 2, Failures: 0, Errors: 0, Skipped: 0, Time elapsed: 0.002 sec - in jenkins.plugins.office365connector.model.FactTest
Running jenkins.plugins.office365connector.model.MacroTest
Tests run: 3, Failures: 0, Errors: 0, Skipped: 0, Time elapsed: 0 sec - in jenkins.plugins.office365connector.model.MacroTest
Running jenkins.plugins.office365connector.model.PotentialActionTest
Tests run: 5, Failures: 0, Errors: 0, Skipped: 0, Time elapsed: 0 sec - in jenkins.plugins.office365connector.model.PotentialActionTest
Running jenkins.plugins.office365connector.model.SectionTest
Tests run: 4, Failures: 0, Errors: 0, Skipped: 0, Time elapsed: 0.006 sec - in jenkins.plugins.office365connector.model.SectionTest
Running jenkins.plugins.office365connector.utils.FormUtilsTest
Tests run: 7, Failures: 0, Errors: 0, Skipped: 0, Time elapsed: 0.008 sec - in jenkins.plugins.office365connector.utils.FormUtilsTest
Running jenkins.plugins.office365connector.workflow.ExecutionTest
Tests run: 1, Failures: 0, Errors: 0, Skipped: 0, Time elapsed: 2.306 sec - in jenkins.plugins.office365connector.workflow.ExecutionTest
Running jenkins.plugins.office365connector.workflow.Office365ConnectorBuildListenerTest
Tests run: 2, Failures: 0, Errors: 0, Skipped: 0, Time elapsed: 2.233 sec - in jenkins.plugins.office365connector.workflow.Office365ConnectorBuildListenerTest
Running jenkins.plugins.office365connector.workflow.Office365ConnectorSendStepTest
Tests run: 15, Failures: 0, Errors: 0, Skipped: 0, Time elapsed: 0.478 sec - in jenkins.plugins.office365connector.workflow.Office365ConnectorSendStepTest
Running jenkins.plugins.office365connector.workflow.Office365ConnectorWebhookNotifierTest
Tests run: 8, Failures: 0, Errors: 0, Skipped: 0, Time elapsed: 1.995 sec - in jenkins.plugins.office365connector.workflow.Office365ConnectorWebhookNotifierTest
Running jenkins.plugins.office365connector.workflow.StepParametersTest
Tests run: 5, Failures: 0, Errors: 0, Skipped: 0, Time elapsed: 0.001 sec - in jenkins.plugins.office365connector.workflow.StepParametersTest
Running jenkins.plugins.office365connector.workflow.WebhookJobPropertyDescriptorTest
Tests run: 11, Failures: 0, Errors: 0, Skipped: 0, Time elapsed: 3.315 sec - in jenkins.plugins.office365connector.workflow.WebhookJobPropertyDescriptorTest
Running jenkins.plugins.office365connector.workflow.WebhookJobPropertyTest
Tests run: 2, Failures: 0, Errors: 0, Skipped: 0, Time elapsed: 2.541 sec - in jenkins.plugins.office365connector.workflow.WebhookJobPropertyTest

Results :

Tests run: 176, Failures: 0, Errors: 0, Skipped: 0

[INFO] 
[INFO] --- jacoco-maven-plugin:0.8.5:report (report) @ Office-365-Connector ---
[INFO] Loading execution data file /tmp/tmp0s2z2uc0/office-365-connector-plugin/target/jacoco.exec
[INFO] Analyzed bundle 'Office 365 Connector' with 329 classes
[WARNING] Classes in bundle 'Office 365 Connector' do no match with execution data. For report generation the same class files must be used as at runtime.
[WARNING] Execution data for class jenkins/plugins/office365connector/Office365ConnectorWebhookNotifier does not match.
[WARNING] Execution data for class jenkins/plugins/office365connector/workflow/Office365ConnectorBuildListener does not match.
[INFO] ------------------------------------------------------------------------
[INFO] BUILD SUCCESS
[INFO] ------------------------------------------------------------------------
[INFO] Total time:  04:40 min
[INFO] Finished at: 2020-07-30T20:50:00Z
[INFO] ------------------------------------------------------------------------
