[INFO] Error stacktraces are turned on.
[INFO] Scanning for projects...
[INFO] 
[INFO] ---------< org.codehaus.sonar-plugins:ebcdic-ascii-converter >----------
[INFO] Building EBCDIC to ASCII converter 0.2-SNAPSHOT
[INFO] --------------------------------[ jar ]---------------------------------
[INFO] 
[INFO] --- buildnumber-maven-plugin:1.1:create (default) @ ebcdic-ascii-converter ---
[INFO] Checking for local modifications: skipped.
[INFO] Updating project files from SCM: skipped.
[INFO] Executing: /bin/sh -c cd /tmp/tmpsbepnqca/ebcdic-to-ascii-converter && git rev-parse --verify HEAD
[INFO] Working directory: /tmp/tmpsbepnqca/ebcdic-to-ascii-converter
[INFO] Storing buildNumber: 0e3a8262d71bcba204af2ec1abffeadd6010692e at timestamp: 1596146745754
[INFO] Executing: /bin/sh -c cd /tmp/tmpsbepnqca/ebcdic-to-ascii-converter && git rev-parse --verify HEAD
[INFO] Working directory: /tmp/tmpsbepnqca/ebcdic-to-ascii-converter
[INFO] Storing buildScmBranch: UNKNOWN
[INFO] 
[INFO] --- maven-enforcer-plugin:1.1:enforce (enforce) @ ebcdic-ascii-converter ---
[INFO] 
[INFO] --- maven-license-plugin:1.9.0:check (enforce-license-headers) @ ebcdic-ascii-converter ---
[INFO] Checking licenses...
[INFO] 
[INFO] --- jacoco-maven-plugin:0.8.5:prepare-agent (default) @ ebcdic-ascii-converter ---
[INFO] argLine set to -javaagent:/home/jdbl/.m2/repository/org/jacoco/org.jacoco.agent/0.8.5/org.jacoco.agent-0.8.5-runtime.jar=destfile=/tmp/tmpsbepnqca/ebcdic-to-ascii-converter/target/jacoco.exec
[INFO] 
[INFO] --- maven-resources-plugin:2.5:resources (default-resources) @ ebcdic-ascii-converter ---
[debug] execute contextualize
[INFO] Using 'UTF-8' encoding to copy filtered resources.
[INFO] skip non existing resourceDirectory /tmp/tmpsbepnqca/ebcdic-to-ascii-converter/src/main/resources
[INFO] 
[INFO] --- maven-compiler-plugin:2.5.1:compile (default-compile) @ ebcdic-ascii-converter ---
[INFO] Compiling 3 source files to /tmp/tmpsbepnqca/ebcdic-to-ascii-converter/target/classes
[INFO] 
[INFO] --- maven-resources-plugin:2.5:testResources (default-testResources) @ ebcdic-ascii-converter ---
[debug] execute contextualize
[INFO] Using 'UTF-8' encoding to copy filtered resources.
[INFO] Copying 2 resources
[INFO] 
[INFO] --- maven-compiler-plugin:2.5.1:testCompile (default-testCompile) @ ebcdic-ascii-converter ---
[INFO] Compiling 2 source files to /tmp/tmpsbepnqca/ebcdic-to-ascii-converter/target/test-classes
[INFO] 
[INFO] --- maven-surefire-plugin:2.19.1:test (default-test) @ ebcdic-ascii-converter ---
[INFO] Surefire report directory: /tmp/tmpsbepnqca/ebcdic-to-ascii-converter/target/surefire-reports

-------------------------------------------------------
 T E S T S
-------------------------------------------------------
Running com.sonarsource.cobol.ebcdic.MainTest
Tests run: 1, Failures: 0, Errors: 0, Skipped: 0, Time elapsed: 0.116 sec - in com.sonarsource.cobol.ebcdic.MainTest
Running com.sonarsource.cobol.ebcdic.FileConverterTest
Tests run: 7, Failures: 0, Errors: 0, Skipped: 0, Time elapsed: 0.003 sec - in com.sonarsource.cobol.ebcdic.FileConverterTest

Results :

Tests run: 8, Failures: 0, Errors: 0, Skipped: 0

[INFO] 
[INFO] --- jacoco-maven-plugin:0.8.5:report (report) @ ebcdic-ascii-converter ---
[INFO] Loading execution data file /tmp/tmpsbepnqca/ebcdic-to-ascii-converter/target/jacoco.exec
[INFO] Analyzed bundle 'EBCDIC to ASCII converter' with 103 classes
[INFO] ------------------------------------------------------------------------
[INFO] BUILD SUCCESS
[INFO] ------------------------------------------------------------------------
[INFO] Total time:  15.471 s
[INFO] Finished at: 2020-07-30T22:05:51Z
[INFO] ------------------------------------------------------------------------
