[INFO] Error stacktraces are turned on.
[INFO] Scanning for projects...
[INFO] 
[INFO] ---------------------< com.outjected:simple-email >---------------------
[INFO] Building simple-email 2.2
[INFO] --------------------------------[ jar ]---------------------------------
[INFO] 
[INFO] --- jacoco-maven-plugin:0.8.5:prepare-agent (default) @ simple-email ---
[INFO] argLine set to -javaagent:/home/jdbl/.m2/repository/org/jacoco/org.jacoco.agent/0.8.5/org.jacoco.agent-0.8.5-runtime.jar=destfile=/tmp/tmprvt5j9z3/simple-email/target/jacoco.exec
[INFO] 
[INFO] --- maven-resources-plugin:2.6:resources (default-resources) @ simple-email ---
[INFO] Using 'UTF-8' encoding to copy filtered resources.
[INFO] skip non existing resourceDirectory /tmp/tmprvt5j9z3/simple-email/src/main/resources
[INFO] 
[INFO] --- maven-compiler-plugin:3.8.1:compile (default-compile) @ simple-email ---
[INFO] Changes detected - recompiling the module!
[INFO] Compiling 41 source files to /tmp/tmprvt5j9z3/simple-email/target/classes
[INFO] 
[INFO] --- maven-resources-plugin:2.6:testResources (default-testResources) @ simple-email ---
[INFO] Using 'UTF-8' encoding to copy filtered resources.
[INFO] Copying 7 resources
[INFO] 
[INFO] --- maven-compiler-plugin:3.8.1:testCompile (default-testCompile) @ simple-email ---
[INFO] Changes detected - recompiling the module!
[INFO] Compiling 9 source files to /tmp/tmprvt5j9z3/simple-email/target/test-classes
[INFO] 
[INFO] --- maven-surefire-plugin:2.19.1:test (default-test) @ simple-email ---
[INFO] Surefire report directory: /tmp/tmprvt5j9z3/simple-email/target/surefire-reports

-------------------------------------------------------
 T E S T S
-------------------------------------------------------
Running com.outjected.email.VelocityMailMessageTest
48 [main] INFO org.subethamail.smtp.server.SMTPServer - SMTP server *:25252 starting
60 [org.subethamail.smtp.server.ServerThread *:25252] INFO org.subethamail.smtp.server.ServerThread - SMTP server *:25252 started
2829 [main] INFO org.subethamail.smtp.server.SMTPServer - SMTP server *:25252 stopping
2831 [org.subethamail.smtp.server.ServerThread *:25252] INFO org.subethamail.smtp.server.ServerThread - SMTP server *:25252 stopped
2952 [main] INFO org.subethamail.smtp.server.SMTPServer - SMTP server *:25252 starting
2954 [org.subethamail.smtp.server.ServerThread *:25252] INFO org.subethamail.smtp.server.ServerThread - SMTP server *:25252 started
4086 [main] INFO org.subethamail.smtp.server.SMTPServer - SMTP server *:25252 stopping
4086 [org.subethamail.smtp.server.ServerThread *:25252] INFO org.subethamail.smtp.server.ServerThread - SMTP server *:25252 stopped
4192 [main] INFO org.subethamail.smtp.server.SMTPServer - SMTP server *:25254 starting
4192 [org.subethamail.smtp.server.ServerThread *:25254] INFO org.subethamail.smtp.server.ServerThread - SMTP server *:25254 started
4206 [main] INFO org.subethamail.smtp.server.SMTPServer - SMTP server *:25254 stopping
4206 [org.subethamail.smtp.server.ServerThread *:25254] INFO org.subethamail.smtp.server.ServerThread - SMTP server *:25254 stopped
4307 [main] INFO org.subethamail.smtp.server.SMTPServer - SMTP server *:25252 starting
4308 [org.subethamail.smtp.server.ServerThread *:25252] INFO org.subethamail.smtp.server.ServerThread - SMTP server *:25252 started
4336 [main] INFO org.subethamail.smtp.server.SMTPServer - SMTP server *:25252 stopping
4337 [org.subethamail.smtp.server.ServerThread *:25252] INFO org.subethamail.smtp.server.ServerThread - SMTP server *:25252 stopped
4443 [main] INFO org.subethamail.smtp.server.SMTPServer - SMTP server *:25252 starting
4443 [org.subethamail.smtp.server.ServerThread *:25252] INFO org.subethamail.smtp.server.ServerThread - SMTP server *:25252 started
4487 [main] INFO org.subethamail.smtp.server.SMTPServer - SMTP server *:25252 stopping
4488 [org.subethamail.smtp.server.ServerThread *:25252] INFO org.subethamail.smtp.server.ServerThread - SMTP server *:25252 stopped
4590 [main] INFO org.subethamail.smtp.server.SMTPServer - SMTP server *:25252 starting
4590 [org.subethamail.smtp.server.ServerThread *:25252] INFO org.subethamail.smtp.server.ServerThread - SMTP server *:25252 started
5711 [main] INFO org.subethamail.smtp.server.SMTPServer - SMTP server *:25252 stopping
5711 [org.subethamail.smtp.server.ServerThread *:25252] INFO org.subethamail.smtp.server.ServerThread - SMTP server *:25252 stopped
Tests run: 6, Failures: 0, Errors: 0, Skipped: 0, Time elapsed: 5.919 sec - in com.outjected.email.VelocityMailMessageTest
Running com.outjected.email.InternetAddressTest
Tests run: 13, Failures: 0, Errors: 0, Skipped: 0, Time elapsed: 0 sec - in com.outjected.email.InternetAddressTest
Running com.outjected.email.MailUtilityTest
Tests run: 1, Failures: 0, Errors: 0, Skipped: 0, Time elapsed: 0 sec - in com.outjected.email.MailUtilityTest
Running com.outjected.email.MailMessageTest
5836 [main] INFO org.subethamail.smtp.server.SMTPServer - SMTP server *:25252 starting
5841 [org.subethamail.smtp.server.ServerThread *:25252] INFO org.subethamail.smtp.server.ServerThread - SMTP server *:25252 started
5861 [main] INFO org.subethamail.smtp.server.SMTPServer - SMTP server *:25252 stopping
5862 [org.subethamail.smtp.server.ServerThread *:25252] INFO org.subethamail.smtp.server.ServerThread - SMTP server *:25252 stopped
5968 [main] INFO org.subethamail.smtp.server.SMTPServer - SMTP server *:25252 starting
5969 [org.subethamail.smtp.server.ServerThread *:25252] INFO org.subethamail.smtp.server.ServerThread - SMTP server *:25252 started
5979 [main] INFO org.subethamail.smtp.server.SMTPServer - SMTP server *:25252 stopping
5980 [org.subethamail.smtp.server.ServerThread *:25252] INFO org.subethamail.smtp.server.ServerThread - SMTP server *:25252 stopped
6081 [main] INFO org.subethamail.smtp.server.SMTPServer - SMTP server *:25252 starting
6082 [org.subethamail.smtp.server.ServerThread *:25252] INFO org.subethamail.smtp.server.ServerThread - SMTP server *:25252 started
7195 [main] INFO org.subethamail.smtp.server.SMTPServer - SMTP server *:25252 stopping
7196 [org.subethamail.smtp.server.ServerThread *:25252] INFO org.subethamail.smtp.server.ServerThread - SMTP server *:25252 stopped
7302 [main] INFO org.subethamail.smtp.server.SMTPServer - SMTP server *:25252 starting
7302 [org.subethamail.smtp.server.ServerThread *:25252] INFO org.subethamail.smtp.server.ServerThread - SMTP server *:25252 started
9307 [main] INFO org.subethamail.smtp.server.SMTPServer - SMTP server *:25252 stopping
9307 [org.subethamail.smtp.server.ServerThread *:25252] INFO org.subethamail.smtp.server.ServerThread - SMTP server *:25252 stopped
9410 [main] INFO org.subethamail.smtp.server.SMTPServer - SMTP server *:25252 starting
9411 [org.subethamail.smtp.server.ServerThread *:25252] INFO org.subethamail.smtp.server.ServerThread - SMTP server *:25252 started
13182 [main] INFO org.subethamail.smtp.server.SMTPServer - SMTP server *:25252 stopping
13182 [org.subethamail.smtp.server.ServerThread *:25252] INFO org.subethamail.smtp.server.ServerThread - SMTP server *:25252 stopped
13286 [main] INFO org.subethamail.smtp.server.SMTPServer - SMTP server *:25252 starting
13286 [org.subethamail.smtp.server.ServerThread *:25252] INFO org.subethamail.smtp.server.ServerThread - SMTP server *:25252 started
13295 [main] INFO org.subethamail.smtp.server.SMTPServer - SMTP server *:25252 stopping
13295 [org.subethamail.smtp.server.ServerThread *:25252] INFO org.subethamail.smtp.server.ServerThread - SMTP server *:25252 stopped
13399 [main] INFO org.subethamail.smtp.server.SMTPServer - SMTP server *:25253 starting
13399 [org.subethamail.smtp.server.ServerThread *:25253] INFO org.subethamail.smtp.server.ServerThread - SMTP server *:25253 started
13402 [main] INFO org.subethamail.smtp.server.SMTPServer - SMTP server *:25253 stopping
13403 [org.subethamail.smtp.server.ServerThread *:25253] INFO org.subethamail.smtp.server.ServerThread - SMTP server *:25253 stopped
13504 [main] INFO org.subethamail.smtp.server.SMTPServer - SMTP server *:25253 starting
13504 [main] INFO org.subethamail.smtp.server.SMTPServer - SMTP server *:25253 stopping
13505 [org.subethamail.smtp.server.ServerThread *:25253] INFO org.subethamail.smtp.server.ServerThread - SMTP server *:25253 started
13505 [org.subethamail.smtp.server.ServerThread *:25253] INFO org.subethamail.smtp.server.ServerThread - SMTP server *:25253 stopped
13605 [main] INFO org.subethamail.smtp.server.SMTPServer - SMTP server *:25252 starting
13606 [org.subethamail.smtp.server.ServerThread *:25252] INFO org.subethamail.smtp.server.ServerThread - SMTP server *:25252 started
13611 [main] INFO org.subethamail.smtp.server.SMTPServer - SMTP server *:25252 stopping
13611 [org.subethamail.smtp.server.ServerThread *:25252] INFO org.subethamail.smtp.server.ServerThread - SMTP server *:25252 stopped
13713 [main] INFO org.subethamail.smtp.server.SMTPServer - SMTP server *:25252 starting
13713 [org.subethamail.smtp.server.ServerThread *:25252] INFO org.subethamail.smtp.server.ServerThread - SMTP server *:25252 started
13718 [main] INFO org.subethamail.smtp.server.SMTPServer - SMTP server *:25252 stopping
13718 [org.subethamail.smtp.server.ServerThread *:25252] INFO org.subethamail.smtp.server.ServerThread - SMTP server *:25252 stopped
13820 [main] INFO org.subethamail.smtp.server.SMTPServer - SMTP server *:25252 starting
13820 [org.subethamail.smtp.server.ServerThread *:25252] INFO org.subethamail.smtp.server.ServerThread - SMTP server *:25252 started
13827 [main] INFO org.subethamail.smtp.server.SMTPServer - SMTP server *:25252 stopping
13827 [org.subethamail.smtp.server.ServerThread *:25252] INFO org.subethamail.smtp.server.ServerThread - SMTP server *:25252 stopped
Tests run: 11, Failures: 0, Errors: 0, Skipped: 0, Time elapsed: 8.094 sec - in com.outjected.email.MailMessageTest

Results :

Tests run: 31, Failures: 0, Errors: 0, Skipped: 0

[INFO] 
[INFO] --- jacoco-maven-plugin:0.8.5:report (report) @ simple-email ---
[INFO] Loading execution data file /tmp/tmprvt5j9z3/simple-email/target/jacoco.exec
[INFO] Analyzed bundle 'simple-email' with 269 classes
[INFO] ------------------------------------------------------------------------
[INFO] BUILD SUCCESS
[INFO] ------------------------------------------------------------------------
[INFO] Total time:  23.750 s
[INFO] Finished at: 2020-07-30T22:51:28Z
[INFO] ------------------------------------------------------------------------
