[INFO] Error stacktraces are turned on.
[INFO] Scanning for projects...
[INFO] 
[INFO] ------------------< com.github.oohira:intercom-java >-------------------
[INFO] Building intercom-java 0.0.5-SNAPSHOT
[INFO] --------------------------------[ jar ]---------------------------------
[INFO] 
[INFO] --- maven-enforcer-plugin:1.0:enforce (enforce-maven) @ intercom-java ---
[INFO] 
[INFO] --- jacoco-maven-plugin:0.8.5:prepare-agent (default) @ intercom-java ---
[INFO] argLine set to -javaagent:/home/jdbl/.m2/repository/org/jacoco/org.jacoco.agent/0.8.5/org.jacoco.agent-0.8.5-runtime.jar=destfile=/tmp/tmpy6aynlvt/intercom-java/target/jacoco.exec
[INFO] 
[INFO] --- maven-resources-plugin:2.6:resources (default-resources) @ intercom-java ---
[INFO] Using 'UTF-8' encoding to copy filtered resources.
[INFO] skip non existing resourceDirectory /tmp/tmpy6aynlvt/intercom-java/src/main/resources
[INFO] 
[INFO] --- maven-compiler-plugin:3.1:compile (default-compile) @ intercom-java ---
[INFO] Changes detected - recompiling the module!
[INFO] Compiling 13 source files to /tmp/tmpy6aynlvt/intercom-java/target/classes
[INFO] 
[INFO] --- maven-resources-plugin:2.6:testResources (default-testResources) @ intercom-java ---
[INFO] Using 'UTF-8' encoding to copy filtered resources.
[INFO] skip non existing resourceDirectory /tmp/tmpy6aynlvt/intercom-java/src/test/resources
[INFO] 
[INFO] --- maven-compiler-plugin:3.1:testCompile (default-testCompile) @ intercom-java ---
[INFO] Changes detected - recompiling the module!
[INFO] Compiling 9 source files to /tmp/tmpy6aynlvt/intercom-java/target/test-classes
[WARNING] /tmp/tmpy6aynlvt/intercom-java/src/test/java/com/github/oohira/intercom/model/EventTest.java: /tmp/tmpy6aynlvt/intercom-java/src/test/java/com/github/oohira/intercom/model/EventTest.java uses unchecked or unsafe operations.
[WARNING] /tmp/tmpy6aynlvt/intercom-java/src/test/java/com/github/oohira/intercom/model/EventTest.java: Recompile with -Xlint:unchecked for details.
[INFO] 
[INFO] --- maven-surefire-plugin:2.19.1:test (default-test) @ intercom-java ---
[INFO] Surefire report directory: /tmp/tmpy6aynlvt/intercom-java/target/surefire-reports

-------------------------------------------------------
 T E S T S
-------------------------------------------------------
Running com.github.oohira.intercom.model.EventTest
Tests run: 6, Failures: 0, Errors: 0, Skipped: 0, Time elapsed: 0.456 sec - in com.github.oohira.intercom.model.EventTest
Running com.github.oohira.intercom.model.TagTest
Tests run: 6, Failures: 0, Errors: 0, Skipped: 0, Time elapsed: 0 sec - in com.github.oohira.intercom.model.TagTest
Running com.github.oohira.intercom.model.ImpressionTest
Tests run: 6, Failures: 0, Errors: 0, Skipped: 0, Time elapsed: 0.008 sec - in com.github.oohira.intercom.model.ImpressionTest
Running com.github.oohira.intercom.model.UserTest
Tests run: 6, Failures: 0, Errors: 0, Skipped: 0, Time elapsed: 0.021 sec - in com.github.oohira.intercom.model.UserTest
Running com.github.oohira.intercom.model.CompanyTest
Tests run: 6, Failures: 0, Errors: 0, Skipped: 0, Time elapsed: 0.003 sec - in com.github.oohira.intercom.model.CompanyTest
Running com.github.oohira.intercom.model.ErrorResponseTest
Tests run: 2, Failures: 0, Errors: 0, Skipped: 0, Time elapsed: 0.003 sec - in com.github.oohira.intercom.model.ErrorResponseTest
Running com.github.oohira.intercom.model.UserCollectionTest
Tests run: 3, Failures: 0, Errors: 0, Skipped: 0, Time elapsed: 0.004 sec - in com.github.oohira.intercom.model.UserCollectionTest
Running com.github.oohira.intercom.model.NoteTest
Tests run: 6, Failures: 0, Errors: 0, Skipped: 0, Time elapsed: 0.017 sec - in com.github.oohira.intercom.model.NoteTest
Running com.github.oohira.intercom.IntercomTest
Tests run: 1, Failures: 0, Errors: 0, Skipped: 1, Time elapsed: 0 sec - in com.github.oohira.intercom.IntercomTest

Results :

Tests run: 42, Failures: 0, Errors: 0, Skipped: 1

[INFO] 
[INFO] --- jacoco-maven-plugin:0.8.5:report (report) @ intercom-java ---
[INFO] Loading execution data file /tmp/tmpy6aynlvt/intercom-java/target/jacoco.exec
[INFO] Analyzed bundle 'intercom-java' with 91 classes
[INFO] ------------------------------------------------------------------------
[INFO] BUILD SUCCESS
[INFO] ------------------------------------------------------------------------
[INFO] Total time:  10.808 s
[INFO] Finished at: 2020-07-30T20:03:25Z
[INFO] ------------------------------------------------------------------------
