[INFO] Error stacktraces are turned on.
[INFO] Scanning for projects...
[INFO] 
[INFO] -------------< com.microsoft.azure:cosmosdb.kafka.connect >-------------
[INFO] Building cosmosdb.kafka.connect 1.0-SNAPSHOT
[INFO] --------------------------------[ jar ]---------------------------------
[INFO] 
[INFO] >>> spotbugs-maven-plugin:4.0.0:check (validate) > :spotbugs @ cosmosdb.kafka.connect >>>
[INFO] 
[INFO] --- spotbugs-maven-plugin:4.0.0:spotbugs (spotbugs) @ cosmosdb.kafka.connect ---
[INFO] Fork Value is true
[INFO] Done SpotBugs Analysis....
[INFO] 
[INFO] <<< spotbugs-maven-plugin:4.0.0:check (validate) < :spotbugs @ cosmosdb.kafka.connect <<<
[INFO] 
[INFO] 
[INFO] --- spotbugs-maven-plugin:4.0.0:check (validate) @ cosmosdb.kafka.connect ---
[INFO] BugInstance size is 13
[INFO] Error size is 0
[INFO] Total bugs: 13
[ERROR] org.apache.commons.collections4.MapUtils.getBoolean(Map, Object) has Boolean return type and returns explicit null [org.apache.commons.collections4.MapUtils] At MapUtils.java:[line 170] NP_BOOLEAN_RETURN_NULL
[ERROR] org.apache.commons.collections4.bidimap.TreeBidiMap.equals(Object) is unusual [org.apache.commons.collections4.bidimap.TreeBidiMap] At TreeBidiMap.java:[line 479] EQ_UNUSUAL
[ERROR] org.apache.commons.collections4.bidimap.TreeBidiMap$Inverse.equals(Object) is unusual [org.apache.commons.collections4.bidimap.TreeBidiMap$Inverse] At TreeBidiMap.java:[line 2252] EQ_UNUSUAL
[ERROR] Inconsistent synchronization of org.apache.commons.collections4.bidimap.UnmodifiableBidiMap.inverse; locked 80% of time [org.apache.commons.collections4.bidimap.UnmodifiableBidiMap, org.apache.commons.collections4.bidimap.UnmodifiableBidiMap, org.apache.commons.collections4.bidimap.UnmodifiableBidiMap, org.apache.commons.collections4.bidimap.UnmodifiableBidiMap, org.apache.commons.collections4.bidimap.UnmodifiableBidiMap] Unsynchronized access at UnmodifiableBidiMap.java:[line 133]Synchronized access at UnmodifiableBidiMap.java:[line 131]Synchronized access at UnmodifiableBidiMap.java:[line 135]Synchronized access at UnmodifiableBidiMap.java:[line 132]Synchronized access at UnmodifiableBidiMap.java:[line 133] IS2_INCONSISTENT_SYNC
[ERROR] org.apache.commons.collections4.iterators.ObjectArrayIterator.getArray() may expose internal representation by returning ObjectArrayIterator.array [org.apache.commons.collections4.iterators.ObjectArrayIterator] At ObjectArrayIterator.java:[line 149] EI_EXPOSE_REP
[ERROR] new org.apache.commons.collections4.iterators.ObjectArrayIterator(Object[], int, int) may expose internal representation by storing an externally mutable object into ObjectArrayIterator.array [org.apache.commons.collections4.iterators.ObjectArrayIterator] At ObjectArrayIterator.java:[line 96] EI_EXPOSE_REP2
[ERROR] new org.apache.commons.collections4.keyvalue.MultiKey(Object[], boolean) may expose internal representation by storing an externally mutable object into MultiKey.keys [org.apache.commons.collections4.keyvalue.MultiKey] At MultiKey.java:[line 167] EI_EXPOSE_REP2
[ERROR] org.apache.commons.collections4.map.AbstractLinkedMap$LinkEntry doesn't override AbstractHashedMap$HashEntry.equals(Object) [org.apache.commons.collections4.map.AbstractLinkedMap$LinkEntry] At AbstractLinkedMap.java:[line 1] EQ_DOESNT_OVERRIDE_EQUALS
[ERROR] Unread field: org.apache.commons.collections4.map.AbstractReferenceMap$ReferenceBaseIterator.currentValue [org.apache.commons.collections4.map.AbstractReferenceMap$ReferenceBaseIterator] At AbstractReferenceMap.java:[line 823] URF_UNREAD_FIELD
[ERROR] Switch statement found in org.apache.commons.collections4.map.Flat3Map.convertToMap() where one case falls through to the next case [org.apache.commons.collections4.map.Flat3Map, org.apache.commons.collections4.map.Flat3Map, org.apache.commons.collections4.map.Flat3Map] At Flat3Map.java:[lines 415-417]Another occurrence at Flat3Map.java:[lines 417-419]Another occurrence at Flat3Map.java:[lines 419-421] SF_SWITCH_FALLTHROUGH
[ERROR] Switch statement found in org.apache.commons.collections4.map.Flat3Map.hashCode() where one case falls through to the next case [org.apache.commons.collections4.map.Flat3Map, org.apache.commons.collections4.map.Flat3Map, org.apache.commons.collections4.map.Flat3Map] At Flat3Map.java:[lines 1238-1240]Another occurrence at Flat3Map.java:[lines 1240-1242]Another occurrence at Flat3Map.java:[lines 1242-1244] SF_SWITCH_FALLTHROUGH
[ERROR] Switch statement found in org.apache.commons.collections4.map.Flat3Map.toString() where one case falls through to the next case [org.apache.commons.collections4.map.Flat3Map, org.apache.commons.collections4.map.Flat3Map] At Flat3Map.java:[lines 1271-1273]Another occurrence at Flat3Map.java:[lines 1276-1278] SF_SWITCH_FALLTHROUGH
[ERROR] Potentially ambiguous invocation of either an outer or inherited method java.util.AbstractMap.keySet() in org.apache.commons.collections4.trie.AbstractPatriciaTrie$PrefixRangeMap.clear() [org.apache.commons.collections4.trie.AbstractPatriciaTrie$PrefixRangeMap] At AbstractPatriciaTrie.java:[line 2264] IA_AMBIGUOUS_INVOCATION_OF_INHERITED_OR_OUTER_METHOD
[INFO] 


To see bug detail using the Spotbugs GUI, use the following command "mvn spotbugs:gui"



[INFO] ------------------------------------------------------------------------
[INFO] BUILD FAILURE
[INFO] ------------------------------------------------------------------------
[INFO] Total time:  48.510 s
[INFO] Finished at: 2020-08-03T11:02:50Z
[INFO] ------------------------------------------------------------------------
[ERROR] Failed to execute goal com.github.spotbugs:spotbugs-maven-plugin:4.0.0:check (validate) on project cosmosdb.kafka.connect: failed with 13 bugs and 0 errors -> [Help 1]
org.apache.maven.lifecycle.LifecycleExecutionException: Failed to execute goal com.github.spotbugs:spotbugs-maven-plugin:4.0.0:check (validate) on project cosmosdb.kafka.connect: failed with 13 bugs and 0 errors 
    at org.apache.maven.lifecycle.internal.MojoExecutor.execute (MojoExecutor.java:215)
    at org.apache.maven.lifecycle.internal.MojoExecutor.execute (MojoExecutor.java:156)
    at org.apache.maven.lifecycle.internal.MojoExecutor.execute (MojoExecutor.java:148)
    at org.apache.maven.lifecycle.internal.LifecycleModuleBuilder.buildProject (LifecycleModuleBuilder.java:117)
    at org.apache.maven.lifecycle.internal.LifecycleModuleBuilder.buildProject (LifecycleModuleBuilder.java:81)
    at org.apache.maven.lifecycle.internal.builder.singlethreaded.SingleThreadedBuilder.build (SingleThreadedBuilder.java:56)
    at org.apache.maven.lifecycle.internal.LifecycleStarter.execute (LifecycleStarter.java:128)
    at org.apache.maven.DefaultMaven.doExecute (DefaultMaven.java:305)
    at org.apache.maven.DefaultMaven.doExecute (DefaultMaven.java:192)
    at org.apache.maven.DefaultMaven.execute (DefaultMaven.java:105)
    at org.apache.maven.cli.MavenCli.execute (MavenCli.java:957)
    at org.apache.maven.cli.MavenCli.doMain (MavenCli.java:289)
    at org.apache.maven.cli.MavenCli.main (MavenCli.java:193)
    at sun.reflect.NativeMethodAccessorImpl.invoke0 (Native Method)
    at sun.reflect.NativeMethodAccessorImpl.invoke (NativeMethodAccessorImpl.java:62)
    at sun.reflect.DelegatingMethodAccessorImpl.invoke (DelegatingMethodAccessorImpl.java:43)
    at java.lang.reflect.Method.invoke (Method.java:498)
    at org.codehaus.plexus.classworlds.launcher.Launcher.launchEnhanced (Launcher.java:282)
    at org.codehaus.plexus.classworlds.launcher.Launcher.launch (Launcher.java:225)
    at org.codehaus.plexus.classworlds.launcher.Launcher.mainWithExitCode (Launcher.java:406)
    at org.codehaus.plexus.classworlds.launcher.Launcher.main (Launcher.java:347)
Caused by: org.apache.maven.plugin.MojoExecutionException: failed with 13 bugs and 0 errors 
    at sun.reflect.NativeConstructorAccessorImpl.newInstance0 (Native Method)
    at sun.reflect.NativeConstructorAccessorImpl.newInstance (NativeConstructorAccessorImpl.java:62)
    at sun.reflect.DelegatingConstructorAccessorImpl.newInstance (DelegatingConstructorAccessorImpl.java:45)
    at java.lang.reflect.Constructor.newInstance (Constructor.java:423)
    at org.codehaus.groovy.reflection.CachedConstructor.invoke (CachedConstructor.java:72)
    at org.codehaus.groovy.reflection.CachedConstructor.doConstructorInvoke (CachedConstructor.java:59)
    at org.codehaus.groovy.runtime.callsite.ConstructorSite$ConstructorSiteNoUnwrap.callConstructor (ConstructorSite.java:84)
    at org.codehaus.groovy.runtime.callsite.CallSiteArray.defaultCallConstructor (CallSiteArray.java:59)
    at org.codehaus.groovy.runtime.callsite.AbstractCallSite.callConstructor (AbstractCallSite.java:263)
    at org.codehaus.groovy.runtime.callsite.AbstractCallSite.callConstructor (AbstractCallSite.java:277)
    at org.codehaus.mojo.spotbugs.SpotbugsViolationCheckMojo.execute (SpotbugsViolationCheckMojo.groovy:542)
    at org.apache.maven.plugin.DefaultBuildPluginManager.executeMojo (DefaultBuildPluginManager.java:137)
    at org.apache.maven.lifecycle.internal.MojoExecutor.execute (MojoExecutor.java:210)
    at org.apache.maven.lifecycle.internal.MojoExecutor.execute (MojoExecutor.java:156)
    at org.apache.maven.lifecycle.internal.MojoExecutor.execute (MojoExecutor.java:148)
    at org.apache.maven.lifecycle.internal.LifecycleModuleBuilder.buildProject (LifecycleModuleBuilder.java:117)
    at org.apache.maven.lifecycle.internal.LifecycleModuleBuilder.buildProject (LifecycleModuleBuilder.java:81)
    at org.apache.maven.lifecycle.internal.builder.singlethreaded.SingleThreadedBuilder.build (SingleThreadedBuilder.java:56)
    at org.apache.maven.lifecycle.internal.LifecycleStarter.execute (LifecycleStarter.java:128)
    at org.apache.maven.DefaultMaven.doExecute (DefaultMaven.java:305)
    at org.apache.maven.DefaultMaven.doExecute (DefaultMaven.java:192)
    at org.apache.maven.DefaultMaven.execute (DefaultMaven.java:105)
    at org.apache.maven.cli.MavenCli.execute (MavenCli.java:957)
    at org.apache.maven.cli.MavenCli.doMain (MavenCli.java:289)
    at org.apache.maven.cli.MavenCli.main (MavenCli.java:193)
    at sun.reflect.NativeMethodAccessorImpl.invoke0 (Native Method)
    at sun.reflect.NativeMethodAccessorImpl.invoke (NativeMethodAccessorImpl.java:62)
    at sun.reflect.DelegatingMethodAccessorImpl.invoke (DelegatingMethodAccessorImpl.java:43)
    at java.lang.reflect.Method.invoke (Method.java:498)
    at org.codehaus.plexus.classworlds.launcher.Launcher.launchEnhanced (Launcher.java:282)
    at org.codehaus.plexus.classworlds.launcher.Launcher.launch (Launcher.java:225)
    at org.codehaus.plexus.classworlds.launcher.Launcher.mainWithExitCode (Launcher.java:406)
    at org.codehaus.plexus.classworlds.launcher.Launcher.main (Launcher.java:347)
[ERROR] 
[ERROR] Re-run Maven using the -X switch to enable full debug logging.
[ERROR] 
[ERROR] For more information about the errors and possible solutions, please read the following articles:
[ERROR] [Help 1] http://cwiki.apache.org/confluence/display/MAVEN/MojoExecutionException
[INFO] Build failures were ignored.
