[INFO] Error stacktraces are turned on.
[INFO] Scanning for projects...
[INFO] 
[INFO] --------------< com.aerse.maven:fingerprint-maven-plugin >--------------
[INFO] Building fingerprint-plugin 3.6-SNAPSHOT
[INFO] ----------------------------[ maven-plugin ]----------------------------
[INFO] 
[INFO] --- jacoco-maven-plugin:0.8.5:prepare-agent (default) @ fingerprint-maven-plugin ---
[INFO] argLine set to -javaagent:/home/jdbl/.m2/repository/org/jacoco/org.jacoco.agent/0.8.5/org.jacoco.agent-0.8.5-runtime.jar=destfile=/tmp/tmpnpmzlc0z/fingerprint-maven-plugin/target/jacoco.exec
[INFO] 
[INFO] --- maven-resources-plugin:2.6:resources (default-resources) @ fingerprint-maven-plugin ---
[INFO] Using 'UTF-8' encoding to copy filtered resources.
[INFO] skip non existing resourceDirectory /tmp/tmpnpmzlc0z/fingerprint-maven-plugin/src/main/resources
[INFO] 
[INFO] --- maven-compiler-plugin:3.1:compile (default-compile) @ fingerprint-maven-plugin ---
[INFO] Changes detected - recompiling the module!
[INFO] Compiling 3 source files to /tmp/tmpnpmzlc0z/fingerprint-maven-plugin/target/classes
[WARNING] /tmp/tmpnpmzlc0z/fingerprint-maven-plugin/src/main/java/com/st/maven/fingerprint/FingerprintMojo.java: /tmp/tmpnpmzlc0z/fingerprint-maven-plugin/src/main/java/com/st/maven/fingerprint/FingerprintMojo.java uses or overrides a deprecated API.
[WARNING] /tmp/tmpnpmzlc0z/fingerprint-maven-plugin/src/main/java/com/st/maven/fingerprint/FingerprintMojo.java: Recompile with -Xlint:deprecation for details.
[INFO] 
[INFO] --- maven-plugin-plugin:3.2:descriptor (default-descriptor) @ fingerprint-maven-plugin ---
[INFO] Using 'UTF-8' encoding to read mojo metadata.
[INFO] Applying mojo extractor for language: java-annotations
[INFO] Mojo extractor for language: java-annotations found 1 mojo descriptors.
[INFO] 
[INFO] --- maven-plugin-plugin:3.2:descriptor (mojo-descriptor) @ fingerprint-maven-plugin ---
[INFO] Using 'UTF-8' encoding to read mojo metadata.
[INFO] Applying mojo extractor for language: java-annotations
[INFO] Mojo extractor for language: java-annotations found 1 mojo descriptors.
[INFO] 
[INFO] --- maven-resources-plugin:2.6:testResources (default-testResources) @ fingerprint-maven-plugin ---
[INFO] Using 'UTF-8' encoding to copy filtered resources.
[INFO] Copying 2 resources
[INFO] 
[INFO] --- maven-compiler-plugin:3.1:testCompile (default-testCompile) @ fingerprint-maven-plugin ---
[INFO] Changes detected - recompiling the module!
[INFO] Compiling 1 source file to /tmp/tmpnpmzlc0z/fingerprint-maven-plugin/target/test-classes
[INFO] 
[INFO] --- maven-surefire-plugin:2.19.1:test (default-test) @ fingerprint-maven-plugin ---
[INFO] Surefire report directory: /tmp/tmpnpmzlc0z/fingerprint-maven-plugin/target/surefire-reports

-------------------------------------------------------
 T E S T S
-------------------------------------------------------
Running com.st.maven.fingerprint.FingerprintMojoTest
Tests run: 6, Failures: 0, Errors: 0, Skipped: 0, Time elapsed: 0.253 sec - in com.st.maven.fingerprint.FingerprintMojoTest

Results :

Tests run: 6, Failures: 0, Errors: 0, Skipped: 0

[INFO] 
[INFO] --- jacoco-maven-plugin:0.8.5:report (report) @ fingerprint-maven-plugin ---
[INFO] Loading execution data file /tmp/tmpnpmzlc0z/fingerprint-maven-plugin/target/jacoco.exec
[INFO] Analyzed bundle 'fingerprint-plugin' with 359 classes
[INFO] ------------------------------------------------------------------------
[INFO] BUILD SUCCESS
[INFO] ------------------------------------------------------------------------
[INFO] Total time:  14.644 s
[INFO] Finished at: 2020-07-30T20:42:19Z
[INFO] ------------------------------------------------------------------------
