[INFO] Error stacktraces are turned on.
[INFO] Scanning for projects...
[INFO] 
[INFO] ----------< com.github.jhonnymertz:java-wkhtmltopdf-wrapper >-----------
[INFO] Building Java WkHtmlToPdf Wrapper 1.1.12-RELEASE
[INFO] --------------------------------[ jar ]---------------------------------
[INFO] 
[INFO] --- jacoco-maven-plugin:0.8.5:prepare-agent (default) @ java-wkhtmltopdf-wrapper ---
[INFO] argLine set to -javaagent:/home/jdbl/.m2/repository/org/jacoco/org.jacoco.agent/0.8.5/org.jacoco.agent-0.8.5-runtime.jar=destfile=/tmp/tmp2vnj84lg/java-wkhtmltopdf-wrapper/target/jacoco.exec
[INFO] 
[INFO] --- maven-resources-plugin:2.6:resources (default-resources) @ java-wkhtmltopdf-wrapper ---
[INFO] Using 'UTF-8' encoding to copy filtered resources.
[INFO] skip non existing resourceDirectory /tmp/tmp2vnj84lg/java-wkhtmltopdf-wrapper/src/main/resources
[INFO] 
[INFO] --- maven-compiler-plugin:3.1:compile (default-compile) @ java-wkhtmltopdf-wrapper ---
[INFO] Changes detected - recompiling the module!
[INFO] Compiling 12 source files to /tmp/tmp2vnj84lg/java-wkhtmltopdf-wrapper/target/classes
[INFO] 
[INFO] --- maven-resources-plugin:2.6:testResources (default-testResources) @ java-wkhtmltopdf-wrapper ---
[INFO] Using 'UTF-8' encoding to copy filtered resources.
[INFO] Copying 1 resource
[INFO] 
[INFO] --- maven-compiler-plugin:3.1:testCompile (default-testCompile) @ java-wkhtmltopdf-wrapper ---
[INFO] Changes detected - recompiling the module!
[INFO] Compiling 3 source files to /tmp/tmp2vnj84lg/java-wkhtmltopdf-wrapper/target/test-classes
[WARNING] /tmp/tmp2vnj84lg/java-wkhtmltopdf-wrapper/src/test/java/com/github/jhonnymertz/wkhtmltopdf/wrapper/integration/PdfIntegrationTests.java: /tmp/tmp2vnj84lg/java-wkhtmltopdf-wrapper/src/test/java/com/github/jhonnymertz/wkhtmltopdf/wrapper/integration/PdfIntegrationTests.java uses or overrides a deprecated API.
[WARNING] /tmp/tmp2vnj84lg/java-wkhtmltopdf-wrapper/src/test/java/com/github/jhonnymertz/wkhtmltopdf/wrapper/integration/PdfIntegrationTests.java: Recompile with -Xlint:deprecation for details.
[INFO] 
[INFO] --- maven-surefire-plugin:2.19.1:test (default-test) @ java-wkhtmltopdf-wrapper ---
[INFO] Surefire report directory: /tmp/tmp2vnj84lg/java-wkhtmltopdf-wrapper/target/surefire-reports

-------------------------------------------------------
 T E S T S
-------------------------------------------------------
Running com.github.jhonnymertz.wkhtmltopdf.wrapper.unit.XvfbConfigTests
2020-07-30 21:01:30:072 +0000 [main] INFO com.github.jhonnymertz.wkhtmltopdf.wrapper.Pdf - Initialized with {xvfbConfig={command='xvfb-run', params=}, wkhtmltopdfCommand='wkhtmltopdf'}
2020-07-30 21:01:30:073 +0000 [main] DEBUG com.github.jhonnymertz.wkhtmltopdf.wrapper.Pdf - Command generated: [xvfb-run, wkhtmltopdf, -]
2020-07-30 21:01:30:122 +0000 [main] INFO com.github.jhonnymertz.wkhtmltopdf.wrapper.Pdf - Initialized with {xvfbConfig={command='xvfb-run', params= --test-param --test-param2 test-value}, wkhtmltopdfCommand='wkhtmltopdf'}
2020-07-30 21:01:30:137 +0000 [main] DEBUG com.github.jhonnymertz.wkhtmltopdf.wrapper.Pdf - Command generated: [xvfb-run, --test-param, --test-param2, test-value, wkhtmltopdf, http://www.google.com, -]
Tests run: 2, Failures: 0, Errors: 0, Skipped: 0, Time elapsed: 0.499 sec - in com.github.jhonnymertz.wkhtmltopdf.wrapper.unit.XvfbConfigTests
Running com.github.jhonnymertz.wkhtmltopdf.wrapper.unit.PdfTests
2020-07-30 21:01:30:140 +0000 [main] INFO com.github.jhonnymertz.wkhtmltopdf.wrapper.Pdf - Initialized with {xvfbConfig=null, wkhtmltopdfCommand='wkhtmltopdf'}
2020-07-30 21:01:30:140 +0000 [main] INFO com.github.jhonnymertz.wkhtmltopdf.wrapper.Pdf - Initialized with {xvfbConfig={command='xvfb-run', params=}, wkhtmltopdfCommand='wkhtmltopdf'}
2020-07-30 21:01:30:141 +0000 [main] DEBUG com.github.jhonnymertz.wkhtmltopdf.wrapper.Pdf - Command generated: [xvfb-run, wkhtmltopdf, -]
2020-07-30 21:01:30:141 +0000 [main] DEBUG com.github.jhonnymertz.wkhtmltopdf.wrapper.Pdf - Cleaning up temporary files...
2020-07-30 21:01:30:155 +0000 [main] DEBUG com.github.jhonnymertz.wkhtmltopdf.wrapper.Pdf - 0 temporary files removed.
2020-07-30 21:01:30:158 +0000 [main] INFO com.github.jhonnymertz.wkhtmltopdf.wrapper.Pdf - Initialized with {xvfbConfig=null, wkhtmltopdfCommand='wkhtmltopdf'}
2020-07-30 21:01:30:190 +0000 [main] DEBUG com.github.jhonnymertz.wkhtmltopdf.wrapper.Pdf - Command generated: [wkhtmltopdf, /tmp/java-wkhtmltopdf-wrappere7414d0c-af79-4db2-8215-b3bd10488bb21896911554871574104.html, -]
2020-07-30 21:01:30:196 +0000 [main] DEBUG com.github.jhonnymertz.wkhtmltopdf.wrapper.Pdf - Command generated: [wkhtmltopdf, /tmp/java-wkhtmltopdf-wrapperdbb41b3c-71e9-4d3b-bea9-257d951146216634377829107472854.html, -]
2020-07-30 21:01:30:198 +0000 [main] DEBUG com.github.jhonnymertz.wkhtmltopdf.wrapper.Pdf - Cleaning up temporary files...
2020-07-30 21:01:30:206 +0000 [main] DEBUG com.github.jhonnymertz.wkhtmltopdf.wrapper.Pdf - 1 temporary files removed.
2020-07-30 21:01:30:207 +0000 [main] INFO com.github.jhonnymertz.wkhtmltopdf.wrapper.Pdf - Initialized with {xvfbConfig=null, wkhtmltopdfCommand='wkhtmltopdf'}
2020-07-30 21:01:30:207 +0000 [main] DEBUG com.github.jhonnymertz.wkhtmltopdf.wrapper.Pdf - Command generated: [wkhtmltopdf, http://www.google.com, /tmp/java-wkhtmltopdf-wrapper9f420e89-833a-434b-b11f-b273f47488614145389181133174999.html, test.html, -]
2020-07-30 21:01:30:213 +0000 [main] DEBUG com.github.jhonnymertz.wkhtmltopdf.wrapper.Pdf - Command generated: [wkhtmltopdf, http://www.google.com, /tmp/java-wkhtmltopdf-wrapperf32d8bb2-8623-4d8e-acb0-20921656d01b5804553583027976820.html, test.html, -]
2020-07-30 21:01:30:213 +0000 [main] DEBUG com.github.jhonnymertz.wkhtmltopdf.wrapper.Pdf - Cleaning up temporary files...
2020-07-30 21:01:30:220 +0000 [main] DEBUG com.github.jhonnymertz.wkhtmltopdf.wrapper.Pdf - 1 temporary files removed.
2020-07-30 21:01:30:224 +0000 [main] INFO com.github.jhonnymertz.wkhtmltopdf.wrapper.Pdf - Initialized with {xvfbConfig=null, wkhtmltopdfCommand='wkhtmltopdf'}
2020-07-30 21:01:30:226 +0000 [main] DEBUG com.github.jhonnymertz.wkhtmltopdf.wrapper.Pdf - Cleaning up temporary files...
2020-07-30 21:01:30:226 +0000 [main] DEBUG com.github.jhonnymertz.wkhtmltopdf.wrapper.Pdf - 0 temporary files removed.
2020-07-30 21:01:30:233 +0000 [main] INFO com.github.jhonnymertz.wkhtmltopdf.wrapper.Pdf - Initialized with {xvfbConfig=null, wkhtmltopdfCommand='wkhtmltopdf'}
2020-07-30 21:01:30:234 +0000 [main] DEBUG com.github.jhonnymertz.wkhtmltopdf.wrapper.Pdf - Command generated: [wkhtmltopdf, /tmp/java-wkhtmltopdf-wrapper3b6ef3aa-dd19-4be9-a566-007d7fc556b88256444724221095388.html, -]
2020-07-30 21:01:30:234 +0000 [main] DEBUG com.github.jhonnymertz.wkhtmltopdf.wrapper.Pdf - Cleaning up temporary files...
2020-07-30 21:01:30:241 +0000 [main] DEBUG com.github.jhonnymertz.wkhtmltopdf.wrapper.Pdf - 1 temporary files removed.
2020-07-30 21:01:30:245 +0000 [main] DEBUG com.github.jhonnymertz.wkhtmltopdf.wrapper.Pdf - Cleaning up temporary files...
2020-07-30 21:01:30:245 +0000 [main] DEBUG com.github.jhonnymertz.wkhtmltopdf.wrapper.Pdf - 0 temporary files removed.
2020-07-30 21:01:30:247 +0000 [main] INFO com.github.jhonnymertz.wkhtmltopdf.wrapper.Pdf - Initialized with {xvfbConfig=null, wkhtmltopdfCommand='wkhtmltopdf'}
2020-07-30 21:01:30:248 +0000 [main] DEBUG com.github.jhonnymertz.wkhtmltopdf.wrapper.Pdf - Command generated: [wkhtmltopdf, /tmp/java-wkhtmltopdf-wrappera98a979d-b52a-4268-a2d4-293426b813435829227709668211880.html, -]
2020-07-30 21:01:30:249 +0000 [main] DEBUG com.github.jhonnymertz.wkhtmltopdf.wrapper.Pdf - Cleaning up temporary files...
2020-07-30 21:01:30:256 +0000 [main] DEBUG com.github.jhonnymertz.wkhtmltopdf.wrapper.Pdf - 1 temporary files removed.
2020-07-30 21:01:30:257 +0000 [main] INFO com.github.jhonnymertz.wkhtmltopdf.wrapper.Pdf - Initialized with {xvfbConfig=null, wkhtmltopdfCommand='wkhtmltopdf'}
2020-07-30 21:01:30:257 +0000 [main] DEBUG com.github.jhonnymertz.wkhtmltopdf.wrapper.Pdf - Command generated: [wkhtmltopdf, --enable-javascript, --html-header, file:///example.html, http://www.google.com, -]
2020-07-30 21:01:30:257 +0000 [main] DEBUG com.github.jhonnymertz.wkhtmltopdf.wrapper.Pdf - Cleaning up temporary files...
2020-07-30 21:01:30:261 +0000 [main] DEBUG com.github.jhonnymertz.wkhtmltopdf.wrapper.Pdf - 0 temporary files removed.
2020-07-30 21:01:30:262 +0000 [main] INFO com.github.jhonnymertz.wkhtmltopdf.wrapper.Pdf - Initialized with {xvfbConfig=null, wkhtmltopdfCommand='wkhtmltopdf'}
2020-07-30 21:01:30:262 +0000 [main] DEBUG com.github.jhonnymertz.wkhtmltopdf.wrapper.Pdf - Command generated: [wkhtmltopdf, toc, --test-param, --test-param2, test-value, http://www.google.com, -]
2020-07-30 21:01:30:263 +0000 [main] DEBUG com.github.jhonnymertz.wkhtmltopdf.wrapper.Pdf - Cleaning up temporary files...
2020-07-30 21:01:30:266 +0000 [main] DEBUG com.github.jhonnymertz.wkhtmltopdf.wrapper.Pdf - 0 temporary files removed.
Tests run: 8, Failures: 0, Errors: 0, Skipped: 0, Time elapsed: 0.107 sec - in com.github.jhonnymertz.wkhtmltopdf.wrapper.unit.PdfTests

Results :

Tests run: 10, Failures: 0, Errors: 0, Skipped: 0

[INFO] 
[INFO] --- jacoco-maven-plugin:0.8.5:report (report) @ java-wkhtmltopdf-wrapper ---
[INFO] Loading execution data file /tmp/tmp2vnj84lg/java-wkhtmltopdf-wrapper/target/jacoco.exec
[INFO] Analyzed bundle 'Java WkHtmlToPdf Wrapper' with 258 classes
[INFO] ------------------------------------------------------------------------
[INFO] BUILD SUCCESS
[INFO] ------------------------------------------------------------------------
[INFO] Total time:  12.276 s
[INFO] Finished at: 2020-07-30T21:01:32Z
[INFO] ------------------------------------------------------------------------
