[INFO] Error stacktraces are turned on.
[INFO] Scanning for projects...
[INFO] 
[INFO] -----------------------< gmbh.dtap:refine-java >------------------------
[INFO] Building An OpenRefine Java Client Library 0.2.0-SNAPSHOT
[INFO] --------------------------------[ jar ]---------------------------------
[INFO] 
[INFO] --- jacoco-maven-plugin:0.8.5:prepare-agent (default) @ refine-java ---
[INFO] argLine set to -javaagent:/home/jdbl/.m2/repository/org/jacoco/org.jacoco.agent/0.8.5/org.jacoco.agent-0.8.5-runtime.jar=destfile=/tmp/tmpkjl9z_rr/refine-java/target/jacoco.exec
[INFO] 
[INFO] --- maven-resources-plugin:2.6:resources (default-resources) @ refine-java ---
[INFO] Using 'UTF-8' encoding to copy filtered resources.
[INFO] skip non existing resourceDirectory /tmp/tmpkjl9z_rr/refine-java/src/main/resources
[INFO] 
[INFO] --- maven-compiler-plugin:3.7.0:compile (default-compile) @ refine-java ---
[INFO] Changes detected - recompiling the module!
[INFO] Compiling 30 source files to /tmp/tmpkjl9z_rr/refine-java/target/classes
[INFO] 
[INFO] --- maven-resources-plugin:2.6:testResources (default-testResources) @ refine-java ---
[INFO] Using 'UTF-8' encoding to copy filtered resources.
[INFO] Copying 10 resources
[INFO] 
[INFO] --- maven-compiler-plugin:3.7.0:testCompile (default-testCompile) @ refine-java ---
[INFO] Changes detected - recompiling the module!
[INFO] Compiling 9 source files to /tmp/tmpkjl9z_rr/refine-java/target/test-classes
[INFO] 
[INFO] --- maven-surefire-plugin:2.19.1:test (default-test) @ refine-java ---
[INFO] Surefire report directory: /tmp/tmpkjl9z_rr/refine-java/target/surefire-reports

-------------------------------------------------------
 T E S T S
-------------------------------------------------------
Running gmbh.dtap.refine.client.util.HttpParserTest
Tests run: 4, Failures: 0, Errors: 0, Skipped: 0, Time elapsed: 0.792 sec - in gmbh.dtap.refine.client.util.HttpParserTest
Running gmbh.dtap.refine.client.util.JsonParserTest
Tests run: 3, Failures: 0, Errors: 0, Skipped: 0, Time elapsed: 0.531 sec - in gmbh.dtap.refine.client.util.JsonParserTest
Running gmbh.dtap.refine.client.command.GetVersionCommandTest
Tests run: 7, Failures: 0, Errors: 0, Skipped: 0, Time elapsed: 0.105 sec - in gmbh.dtap.refine.client.command.GetVersionCommandTest
Running gmbh.dtap.refine.client.command.ApplyOperationsCommandTest
Tests run: 3, Failures: 0, Errors: 0, Skipped: 0, Time elapsed: 0.017 sec - in gmbh.dtap.refine.client.command.ApplyOperationsCommandTest
Running gmbh.dtap.refine.client.command.DeleteProjectCommandTest
Tests run: 3, Failures: 0, Errors: 0, Skipped: 0, Time elapsed: 0.006 sec - in gmbh.dtap.refine.client.command.DeleteProjectCommandTest
Running gmbh.dtap.refine.client.command.CreateProjectCommandTest
Tests run: 1, Failures: 0, Errors: 0, Skipped: 0, Time elapsed: 0.082 sec - in gmbh.dtap.refine.client.command.CreateProjectCommandTest
Running gmbh.dtap.refine.client.command.ExpressionPreviewCommandTest
Tests run: 3, Failures: 0, Errors: 0, Skipped: 0, Time elapsed: 0.024 sec - in gmbh.dtap.refine.client.command.ExpressionPreviewCommandTest
Running gmbh.dtap.refine.client.RefineResponseTest
Tests run: 2, Failures: 0, Errors: 0, Skipped: 0, Time elapsed: 0.001 sec - in gmbh.dtap.refine.client.RefineResponseTest

Results :

Tests run: 26, Failures: 0, Errors: 0, Skipped: 0

[INFO] 
[INFO] --- jacoco-maven-plugin:0.8.5:report (report) @ refine-java ---
[INFO] Loading execution data file /tmp/tmpkjl9z_rr/refine-java/target/jacoco.exec
[INFO] Analyzed bundle 'An OpenRefine Java Client Library' with 54 classes
[INFO] ------------------------------------------------------------------------
[INFO] BUILD SUCCESS
[INFO] ------------------------------------------------------------------------
[INFO] Total time:  11.694 s
[INFO] Finished at: 2020-07-30T19:59:45Z
[INFO] ------------------------------------------------------------------------
