[INFO] Error stacktraces are turned on.
[INFO] Scanning for projects...
[WARNING] 
[WARNING] Some problems were encountered while building the effective model for com.patreon:patreon:jar:0.4.2
[WARNING] 'build.plugins.plugin.(groupId:artifactId)' must be unique but found duplicate declaration of plugin org.apache.maven.plugins:maven-compiler-plugin @ line 56, column 15
[WARNING] 
[WARNING] It is highly recommended to fix these problems because they threaten the stability of your build.
[WARNING] 
[WARNING] For this reason, future Maven versions might no longer support building such malformed projects.
[WARNING] 
[INFO] 
[INFO] ------------------------< com.patreon:patreon >-------------------------
[INFO] Building com.patreon:patreon 0.4.2
[INFO] --------------------------------[ jar ]---------------------------------
[INFO] 
[INFO] --- jacoco-maven-plugin:0.8.5:prepare-agent (default) @ patreon ---
[INFO] argLine set to -javaagent:/home/jdbl/.m2/repository/org/jacoco/org.jacoco.agent/0.8.5/org.jacoco.agent-0.8.5-runtime.jar=destfile=/tmp/tmp7kgooty3/patreon-java/target/jacoco.exec
[INFO] 
[INFO] --- maven-resources-plugin:2.6:resources (default-resources) @ patreon ---
[WARNING] File encoding has not been set, using platform encoding UTF-8, i.e. build is platform dependent!
[WARNING] Using platform encoding (UTF-8 actually) to copy filtered resources, i.e. build is platform dependent!
[INFO] Copying 1 resource
[INFO] Copying 1 resource
[INFO] 
[INFO] --- maven-compiler-plugin:3.7.0:compile (default-compile) @ patreon ---
[INFO] Changes detected - recompiling the module!
[WARNING] File encoding has not been set, using platform encoding UTF-8, i.e. build is platform dependent!
[INFO] Compiling 11 source files to /tmp/tmp7kgooty3/patreon-java/target/classes
[INFO] 
[INFO] --- maven-resources-plugin:2.6:testResources (default-testResources) @ patreon ---
[WARNING] Using platform encoding (UTF-8 actually) to copy filtered resources, i.e. build is platform dependent!
[INFO] Copying 9 resources
[INFO] 
[INFO] --- maven-compiler-plugin:3.7.0:testCompile (default-testCompile) @ patreon ---
[INFO] Changes detected - recompiling the module!
[WARNING] File encoding has not been set, using platform encoding UTF-8, i.e. build is platform dependent!
[INFO] Compiling 2 source files to /tmp/tmp7kgooty3/patreon-java/target/test-classes
[INFO] 
[INFO] --- maven-surefire-plugin:2.19.1:test (default-test) @ patreon ---
[INFO] Surefire report directory: /tmp/tmp7kgooty3/patreon-java/target/surefire-reports

-------------------------------------------------------
 T E S T S
-------------------------------------------------------
Running com.patreon.PatreonAPITest
Tests run: 6, Failures: 0, Errors: 0, Skipped: 0, Time elapsed: 1.56 sec - in com.patreon.PatreonAPITest
Running com.patreon.PatreonOAuthTest
Tests run: 3, Failures: 0, Errors: 0, Skipped: 0, Time elapsed: 3.139 sec - in com.patreon.PatreonOAuthTest

Results :

Tests run: 9, Failures: 0, Errors: 0, Skipped: 0

[INFO] 
[INFO] --- jacoco-maven-plugin:0.8.5:report (report) @ patreon ---
[INFO] Loading execution data file /tmp/tmp7kgooty3/patreon-java/target/jacoco.exec
[INFO] Analyzed bundle 'com.patreon:patreon' with 243 classes
[WARNING] Classes in bundle 'com.patreon:patreon' do no match with execution data. For report generation the same class files must be used as at runtime.
[WARNING] Execution data for class org/jsoup/helper/HttpConnection$Request does not match.
[WARNING] Execution data for class org/jsoup/helper/HttpConnection does not match.
[WARNING] Execution data for class org/jsoup/helper/HttpConnection$Base does not match.
[WARNING] Execution data for class org/jsoup/helper/HttpConnection$Response does not match.
[WARNING] Execution data for class org/jsoup/nodes/Node does not match.
[WARNING] Execution data for class org/jsoup/helper/HttpConnection$KeyVal does not match.
[WARNING] Execution data for class org/jsoup/Jsoup does not match.
[WARNING] Execution data for class org/jsoup/nodes/Element does not match.
[INFO] ------------------------------------------------------------------------
[INFO] BUILD SUCCESS
[INFO] ------------------------------------------------------------------------
[INFO] Total time:  12.052 s
[INFO] Finished at: 2020-07-30T15:52:12Z
[INFO] ------------------------------------------------------------------------
