[INFO] Error stacktraces are turned on.
[INFO] Scanning for projects...
[WARNING] The POM for org.jenkins-ci.tools:maven-hpi-plugin:jar:3.11 is missing, no dependency information available
[WARNING] Failed to build parent project for org.jenkins-ci.plugins:windows-azure-storage:hpi:1.1.6-SNAPSHOT
[INFO] 
[INFO] ------------< org.jenkins-ci.plugins:windows-azure-storage >------------
[INFO] Building Windows Azure Storage plugin 1.1.6-SNAPSHOT
[INFO] --------------------------------[ hpi ]---------------------------------
[INFO] 
[INFO] --- maven-hpi-plugin:3.11:validate (default-validate) @ windows-azure-storage ---
[INFO] 
[INFO] --- maven-enforcer-plugin:3.0.0-M3:display-info (display-info) @ windows-azure-storage ---
[INFO] Maven Version: 3.6.3
[INFO] JDK Version: 1.8.0_262 normalized as: 1.8.0-262
[INFO] OS Info: Arch: amd64 Family: unix Name: linux Version: 4.15.0-109-generic
[INFO] 
[INFO] --- maven-enforcer-plugin:3.0.0-M3:enforce (display-info) @ windows-azure-storage ---
[INFO] artifact junit:junit-dep: checking for updates from repo.jenkins-ci.org
[INFO] artifact junit:junit-dep: checking for updates from central
[INFO] artifact junit:junit: checking for updates from repo.jenkins-ci.org
[INFO] artifact junit:junit: checking for updates from central
[INFO] Adding ignore: module-info
[INFO] 
[INFO] --- maven-checkstyle-plugin:2.17:check (validate) @ windows-azure-storage ---
[INFO] Starting audit...
Audit done.
[INFO] 
[INFO] --- jacoco-maven-plugin:0.8.5:prepare-agent (default) @ windows-azure-storage ---
[INFO] argLine set to -javaagent:/home/jdbl/.m2/repository/org/jacoco/org.jacoco.agent/0.8.5/org.jacoco.agent-0.8.5-runtime.jar=destfile=/tmp/tmpvjftlujj/windows-azure-storage-plugin/target/jacoco.exec -Xms768M -Xmx768M -Djava.awt.headless=true -XX:+HeapDumpOnOutOfMemoryError -XX:+TieredCompilation -XX:TieredStopAtLevel=1
[INFO] 
[INFO] --- maven-localizer-plugin:1.26:generate (default) @ windows-azure-storage ---
[INFO] 
[INFO] --- maven-resources-plugin:3.1.0:resources (default-resources) @ windows-azure-storage ---
[INFO] Using 'UTF-8' encoding to copy filtered resources.
[INFO] Copying 30 resources
[INFO] 
[INFO] --- maven-compiler-plugin:3.8.1:compile (default-compile) @ windows-azure-storage ---
[INFO] Changes detected - recompiling the module!
[INFO] Compiling 32 source files to /tmp/tmpvjftlujj/windows-azure-storage-plugin/target/classes
[INFO] /tmp/tmpvjftlujj/windows-azure-storage-plugin/src/main/java/com/microsoftopentechnologies/windowsazurestorage/WAStoragePublisher.java: Some input files use or override a deprecated API.
[INFO] /tmp/tmpvjftlujj/windows-azure-storage-plugin/src/main/java/com/microsoftopentechnologies/windowsazurestorage/WAStoragePublisher.java: Recompile with -Xlint:deprecation for details.
[INFO] 
[INFO] --- access-modifier-checker:1.16:enforce (default-enforce) @ windows-azure-storage ---
[INFO] 
[INFO] --- maven-hpi-plugin:3.11:insert-test (default-insert-test) @ windows-azure-storage ---
[INFO] 
[INFO] --- gmaven-plugin:1.5-jenkins-3:generateTestStubs (test-in-groovy) @ windows-azure-storage ---
[INFO] No sources found for Java stub generation
[INFO] 
[INFO] --- maven-antrun-plugin:1.8:run (createTempDir) @ windows-azure-storage ---
[INFO] Executing tasks

main:
    [mkdir] Created dir: /tmp/tmpvjftlujj/windows-azure-storage-plugin/target/tmp
[INFO] Executed tasks
[INFO] 
[INFO] --- maven-resources-plugin:3.1.0:testResources (default-testResources) @ windows-azure-storage ---
[INFO] Using 'UTF-8' encoding to copy filtered resources.
[INFO] Copying 2 resources
[INFO] 
[INFO] --- maven-compiler-plugin:3.8.1:testCompile (default-testCompile) @ windows-azure-storage ---
[INFO] Changes detected - recompiling the module!
[INFO] Compiling 15 source files to /tmp/tmpvjftlujj/windows-azure-storage-plugin/target/test-classes
[INFO] /tmp/tmpvjftlujj/windows-azure-storage-plugin/src/test/java/com/microsoftopentechnologies/windowsazurestorage/helper/AzureStorageAccountTest.java: /tmp/tmpvjftlujj/windows-azure-storage-plugin/src/test/java/com/microsoftopentechnologies/windowsazurestorage/helper/AzureStorageAccountTest.java uses or overrides a deprecated API.
[INFO] /tmp/tmpvjftlujj/windows-azure-storage-plugin/src/test/java/com/microsoftopentechnologies/windowsazurestorage/helper/AzureStorageAccountTest.java: Recompile with -Xlint:deprecation for details.
[INFO] 
[INFO] --- maven-hpi-plugin:3.11:test-hpl (default-test-hpl) @ windows-azure-storage ---
[INFO] Generating /tmp/tmpvjftlujj/windows-azure-storage-plugin/target/test-classes/the.hpl
[INFO] 
[INFO] --- maven-hpi-plugin:3.11:resolve-test-dependencies (default-resolve-test-dependencies) @ windows-azure-storage ---
[INFO] 
[INFO] --- gmaven-plugin:1.5-jenkins-3:testCompile (test-in-groovy) @ windows-azure-storage ---
[INFO] No sources found to compile
[INFO] 
[INFO] --- maven-surefire-plugin:2.19.1:test (default-test) @ windows-azure-storage ---
[INFO] Surefire report directory: /tmp/tmpvjftlujj/windows-azure-storage-plugin/target/surefire-reports

-------------------------------------------------------
 T E S T S
-------------------------------------------------------
Running com.microsoftopentechnologies.windowsazurestorage.AzureBlobPropertiesTest
Tests run: 4, Failures: 0, Errors: 0, Skipped: 0, Time elapsed: 0.783 sec - in com.microsoftopentechnologies.windowsazurestorage.AzureBlobPropertiesTest
Running com.microsoftopentechnologies.windowsazurestorage.ConfigAsCodeTest
Tests run: 2, Failures: 0, Errors: 0, Skipped: 0, Time elapsed: 20.085 sec - in com.microsoftopentechnologies.windowsazurestorage.ConfigAsCodeTest
Running com.microsoftopentechnologies.windowsazurestorage.WindowsAzureStorageTest
Tests run: 5, Failures: 0, Errors: 0, Skipped: 0, Time elapsed: 0.115 sec - in com.microsoftopentechnologies.windowsazurestorage.WindowsAzureStorageTest
Running com.microsoftopentechnologies.windowsazurestorage.beans.StorageAccountInfoTest
Tests run: 6, Failures: 0, Errors: 0, Skipped: 0, Time elapsed: 0.006 sec - in com.microsoftopentechnologies.windowsazurestorage.beans.StorageAccountInfoTest
Running com.microsoftopentechnologies.windowsazurestorage.helper.AzureStorageAccountTest
Tests run: 7, Failures: 0, Errors: 0, Skipped: 0, Time elapsed: 3.356 sec - in com.microsoftopentechnologies.windowsazurestorage.helper.AzureStorageAccountTest
Running com.microsoftopentechnologies.windowsazurestorage.helper.AzureUtilsTest
Tests run: 4, Failures: 0, Errors: 0, Skipped: 0, Time elapsed: 0.006 sec - in com.microsoftopentechnologies.windowsazurestorage.helper.AzureUtilsTest
Running com.microsoftopentechnologies.windowsazurestorage.helper.CredentialMigrationTest
Tests run: 2, Failures: 0, Errors: 0, Skipped: 0, Time elapsed: 2.48 sec - in com.microsoftopentechnologies.windowsazurestorage.helper.CredentialMigrationTest
Running com.microsoftopentechnologies.windowsazurestorage.helper.CredentialRenameTest
Tests run: 1, Failures: 0, Errors: 0, Skipped: 0, Time elapsed: 1.871 sec - in com.microsoftopentechnologies.windowsazurestorage.helper.CredentialRenameTest
Running com.microsoftopentechnologies.windowsazurestorage.helper.UtilsTest
Tests run: 13, Failures: 0, Errors: 0, Skipped: 0, Time elapsed: 3.003 sec - in com.microsoftopentechnologies.windowsazurestorage.helper.UtilsTest

Results :

Tests run: 44, Failures: 0, Errors: 0, Skipped: 0

[INFO] 
[INFO] --- animal-sniffer-maven-plugin:1.18:check (check) @ windows-azure-storage ---
[INFO] Signature checking is skipped.
[INFO] 
[INFO] --- jacoco-maven-plugin:0.8.5:report (report) @ windows-azure-storage ---
[INFO] Loading execution data file /tmp/tmpvjftlujj/windows-azure-storage-plugin/target/jacoco.exec
[INFO] Analyzed bundle 'Windows Azure Storage plugin' with 289 classes
[INFO] ------------------------------------------------------------------------
[INFO] BUILD SUCCESS
[INFO] ------------------------------------------------------------------------
[INFO] Total time:  05:58 min
[INFO] Finished at: 2020-07-30T21:21:08Z
[INFO] ------------------------------------------------------------------------
