[INFO] Error stacktraces are turned on.
[INFO] Scanning for projects...
[INFO] 
[INFO] ---------------------< edu.rice.mschurr:lightning >---------------------
[INFO] Building lightning 0.0.2
[INFO] -------------------------------[ bundle ]-------------------------------
[INFO] 
[INFO] --- jacoco-maven-plugin:0.8.5:prepare-agent (default) @ lightning ---
[INFO] argLine set to -javaagent:/home/jdbl/.m2/repository/org/jacoco/org.jacoco.agent/0.8.5/org.jacoco.agent-0.8.5-runtime.jar=destfile=/tmp/tmpbr9orapp/lightning/target/jacoco.exec
[INFO] 
[INFO] --- maven-resources-plugin:3.1.0:resources (default-resources) @ lightning ---
[INFO] Using 'UTF-8' encoding to copy filtered resources.
[INFO] Copying 16 resources
[INFO] Copying 1 resource
[INFO] 
[INFO] --- maven-compiler-plugin:3.2:compile (default-compile) @ lightning ---
[INFO] Changes detected - recompiling the module!
[INFO] Compiling 198 source files to /tmp/tmpbr9orapp/lightning/target/classes
[INFO] 
[INFO] --- maven-resources-plugin:3.1.0:testResources (default-testResources) @ lightning ---
[INFO] Using 'UTF-8' encoding to copy filtered resources.
[INFO] skip non existing resourceDirectory /tmp/tmpbr9orapp/lightning/src/test/resources
[INFO] 
[INFO] --- maven-compiler-plugin:3.2:testCompile (default-testCompile) @ lightning ---
[INFO] Changes detected - recompiling the module!
[INFO] Compiling 11 source files to /tmp/tmpbr9orapp/lightning/target/test-classes
[INFO] 
[INFO] --- maven-surefire-plugin:2.19.1:test (default-test) @ lightning ---
[INFO] Surefire report directory: /tmp/tmpbr9orapp/lightning/target/surefire-reports

-------------------------------------------------------
 T E S T S
-------------------------------------------------------
Running com.augustl.pathtravelagent.PathTravelAgentTest
Tests run: 19, Failures: 0, Errors: 0, Skipped: 0, Time elapsed: 0.499 sec - in com.augustl.pathtravelagent.PathTravelAgentTest
Running com.augustl.pathtravelagent.HttpExampleTest
Tests run: 1, Failures: 0, Errors: 0, Skipped: 0, Time elapsed: 0 sec - in com.augustl.pathtravelagent.HttpExampleTest
Running lightning.routing.FilterMapperTest
SLF4J: Class path contains multiple SLF4J bindings.
SLF4J: Found binding in [file:/tmp/tmpbr9orapp/lightning/target/classes/org/slf4j/impl/StaticLoggerBinder.class]
SLF4J: Found binding in [jar:file:/home/jdbl/.m2/repository/ch/qos/logback/logback-classic/1.1.3/logback-classic-1.1.3.jar!/org/slf4j/impl/StaticLoggerBinder.class]
SLF4J: See http://www.slf4j.org/codes.html#multiple_bindings for an explanation.
SLF4J: Actual binding is of type [org.slf4j.impl.SimpleLoggerFactory]
[Filter[handler=ABCDEFG, priority=NORMAL, type=AFTER, segments=[*]], Filter[handler=ABCDEFG, priority=NORMAL, type=AFTER, segments=[a]], Filter[handler=ABCDEFG, priority=NORMAL, type=AFTER, segments=[:a]]]
Tests run: 16, Failures: 0, Errors: 0, Skipped: 0, Time elapsed: 0.127 sec - in lightning.routing.FilterMapperTest
Running lightning.routing.ExceptionMapperTest
Tests run: 1, Failures: 0, Errors: 0, Skipped: 0, Time elapsed: 0.003 sec - in lightning.routing.ExceptionMapperTest
Running lightning.routing.RouteMapperTest
Tests run: 3, Failures: 0, Errors: 0, Skipped: 0, Time elapsed: 0.468 sec - in lightning.routing.RouteMapperTest
Running lightning.util.MimeMatcherTest
Tests run: 1, Failures: 0, Errors: 0, Skipped: 0, Time elapsed: 0.011 sec - in lightning.util.MimeMatcherTest
Running lightning.util.MimeTypeTest
Tests run: 48, Failures: 0, Errors: 0, Skipped: 0, Time elapsed: 0.02 sec - in lightning.util.MimeTypeTest

Results :

Tests run: 89, Failures: 0, Errors: 0, Skipped: 0

[INFO] 
[INFO] --- jacoco-maven-plugin:0.8.5:report (report) @ lightning ---
[INFO] Loading execution data file /tmp/tmpbr9orapp/lightning/target/jacoco.exec
[INFO] Analyzed bundle 'lightning' with 2715 classes
[INFO] ------------------------------------------------------------------------
[INFO] BUILD SUCCESS
[INFO] ------------------------------------------------------------------------
[INFO] Total time:  21.819 s
[INFO] Finished at: 2020-07-30T22:25:45Z
[INFO] ------------------------------------------------------------------------
