[INFO] Error stacktraces are turned on.
[INFO] Scanning for projects...
[WARNING] 
[WARNING] Some problems were encountered while building the effective model for commons-cli:commons-cli:jar:1.2
[WARNING] 'build.plugins.plugin.version' for org.apache.maven.plugins:maven-idea-plugin is missing. @ org.apache.commons:commons-parent:11, /home/jdbl/.m2/repository/org/apache/commons/commons-parent/11/commons-parent-11.pom, line 255, column 15
[WARNING] The expression ${pom.version} is deprecated. Please use ${project.version} instead.
[WARNING] 
[WARNING] It is highly recommended to fix these problems because they threaten the stability of your build.
[WARNING] 
[WARNING] For this reason, future Maven versions might no longer support building such malformed projects.
[WARNING] 
[INFO] 
[INFO] ----------------------< commons-cli:commons-cli >-----------------------
[INFO] Building Commons CLI 1.2
[INFO] --------------------------------[ jar ]---------------------------------
[INFO] 
[INFO] --- maven-antrun-plugin:1.1:run (javadoc.resources) @ commons-cli ---
[INFO] Executing tasks
     [copy] Copying 2 files to /tmp/tmpd8vmg4hr/commons-cli/target/apidocs/META-INF
[INFO] Executed tasks
[INFO] 
[INFO] --- maven-resources-plugin:2.6:resources (default-resources) @ commons-cli ---
[WARNING] Using platform encoding (UTF-8 actually) to copy filtered resources, i.e. build is platform dependent!
[INFO] Copying 2 resources to META-INF
[INFO] 
[INFO] --- maven-compiler-plugin:2.0.2:compile (default-compile) @ commons-cli ---
[INFO] Compiling 20 source files to /tmp/tmpd8vmg4hr/commons-cli/target/classes
[INFO] 
[INFO] --- maven-bundle-plugin:1.4.0:manifest (bundle-manifest) @ commons-cli ---
[INFO] 
[INFO] --- maven-resources-plugin:2.6:testResources (default-testResources) @ commons-cli ---
[WARNING] Using platform encoding (UTF-8 actually) to copy filtered resources, i.e. build is platform dependent!
[INFO] skip non existing resourceDirectory /tmp/tmpd8vmg4hr/commons-cli/src/test/resources
[INFO] 
[INFO] --- maven-compiler-plugin:2.0.2:testCompile (default-testCompile) @ commons-cli ---
[INFO] Compiling 24 source files to /tmp/tmpd8vmg4hr/commons-cli/target/test-classes
[INFO] 
[INFO] --- maven-surefire-plugin:2.4.3:test (default-test) @ commons-cli ---
[INFO] Surefire report directory: /tmp/tmpd8vmg4hr/commons-cli/target/surefire-reports

-------------------------------------------------------
 T E S T S
-------------------------------------------------------
Running org.apache.commons.cli.PosixParserTest
Tests run: 25, Failures: 0, Errors: 0, Skipped: 0, Time elapsed: 0.072 sec
Running org.apache.commons.cli.BugsTest
Tests run: 12, Failures: 0, Errors: 0, Skipped: 0, Time elapsed: 0.023 sec
Running org.apache.commons.cli.ValueTest
Tests run: 16, Failures: 0, Errors: 0, Skipped: 0, Time elapsed: 0.014 sec
Running org.apache.commons.cli.bug.BugCLI13Test
Tests run: 1, Failures: 0, Errors: 0, Skipped: 0, Time elapsed: 0.002 sec
Running org.apache.commons.cli.bug.BugCLI18Test
Tests run: 1, Failures: 0, Errors: 0, Skipped: 0, Time elapsed: 0.002 sec
Running org.apache.commons.cli.OptionTest
Tests run: 6, Failures: 0, Errors: 0, Skipped: 0, Time elapsed: 0.023 sec
Running org.apache.commons.cli.ValuesTest
Tests run: 7, Failures: 0, Errors: 0, Skipped: 0, Time elapsed: 0.011 sec
Running org.apache.commons.cli.UtilTest
Tests run: 2, Failures: 0, Errors: 0, Skipped: 0, Time elapsed: 0.002 sec
Running org.apache.commons.cli.OptionsTest
Tests run: 9, Failures: 0, Errors: 0, Skipped: 0, Time elapsed: 0.021 sec
Running org.apache.commons.cli.HelpFormatterTest
Tests run: 16, Failures: 0, Errors: 0, Skipped: 0, Time elapsed: 0.02 sec
Running org.apache.commons.cli.OptionBuilderTest
Tests run: 9, Failures: 0, Errors: 0, Skipped: 0, Time elapsed: 0.003 sec
Running org.apache.commons.cli.GnuParserTest
Tests run: 19, Failures: 0, Errors: 0, Skipped: 0, Time elapsed: 0.005 sec
Running org.apache.commons.cli.bug.BugCLI148Test
Tests run: 2, Failures: 0, Errors: 0, Skipped: 0, Time elapsed: 0.002 sec
Running org.apache.commons.cli.BasicParserTest
Tests run: 19, Failures: 0, Errors: 0, Skipped: 0, Time elapsed: 0.116 sec
Running org.apache.commons.cli.bug.BugCLI162Test
usage: app
 -h,--help   This is
             a
             looooon
             g
             descrip
             tion
usage: org.apache.commons.cli.bug.BugCLI162Test
 -2,--jdbc2sfmd <arg>        Converts the JDBC file in the first argument
                             to an SMFD file specified in the second
                             argument.
 -a,--paramNames <arg>       Parameter XML names; default names are
                             param1, param2, etc. Example: -a "pname1
                             pname2"
 -b,--jdbc <arg>             Writes a JDBC binding node file for the given
                             SQL
 -c,--url <arg>              Connection URL
 -d,--driver <arg>           JDBC driver class name
 -e,--description <arg>      SFMD description. A default description is
                             used if omited. Example: -e "Runs such and
                             such"
 -f,--sfmd <arg>             Writes a SFMD file for the given SQL
 -g,--printTiming            Prints timing information
 -h,--help                   Prints help and quits
 -i,--interactive            Runs in interactive mode, reading and writing
                             from the console, 'go' or '/' sends a
                             statement
 -j,--node <arg>             Writes a JDBC node file for the given SQL
                             (internal debugging)
 -l,--columnNames <arg>      Column XML names; default names column
                             labels. Example: -l "cname1 cname2"
 -m,--printMetaData          Prints metadata information
 -n,--info                   Prints driver information and properties. If
                             -c is not specified, all drivers on the
                             classpath are displayed.
 -o,--paramModes <arg>       Parameters modes (1=IN, 2=INOUT, 4=OUT,
                             0=Unknown). -o and -O are mutually exclusive.
                             Example for 2 parameters, OUT and IN: -o "4
                             1"
 -O,--paramModeNames <arg>   Parameters mode names (IN, INOUT, OUT,
                             Unknown). -o and -O are mutually exclusive.
                             Example for 2 parameters, OUT and IN: -O "OUT
                             IN"
 -p,--password <arg>         The database password for the user specified
                             with the -u option. You can obfuscate the
                             password with
                             org.mortbay.jetty.security.Password, see
                             http://docs.codehaus.org/display/JETTY/Securi
                             ng+Passwords
 -s,--sql <arg>              Runs SQL or {cuasll stored_praogcee:d
ure(?, ?)} or
       org.apache.comm 
                                 { ? =ocnasl.lc lfiu.nbcutgi.oBnu(g?
, ?)}
 -t,--printStack             Prints stack traces on errors
    --trim <arg>             Trims leading and trailing spaces from all
                             column values. Column XML names can be
                             optionally specified to set which columns to
                             trim.
 -u,--user <arg>             A database user name
 -w,--outfile <arg>          Writes the SQL output to the given file
 -y,--paramTypes <arg>       Parameter types from java.sql . T y p e s .C L-Iy1 6a2nTde
                             -Y are mutually exclusive. Example: -y "-10
                             12"
 -Y,--paramTypeNames <arg>   Parameter java.sql.Types names. -y and -Y are
                             mutually exclusive. Example: -Y "CURSOR
                             VARCHAR"
Tests run: 4, Failures: 0, Errors: 0, Skipped: 0, Time elapsed: 0.004 sec
Running org.apache.commons.cli.OptionGroupTest
st
Header
-x,--extralongarg
 This description is
 Long.
Footer

Tests run: 12, Failures: 0, Errors: 0, Skipped: 0, Time elapsed: 0.026 sec
Running org.apache.commons.cli.CommandLineTest
Tests run: 1, Failures: 0, Errors: 0, Skipped: 0, Time elapsed: 0.001 sec
Running org.apache.commons.cli.PatternOptionBuilderTest
Exception found converting i to desired type: java.lang.IllegalAccessException; Unable to create an instance of: java.util.Calendar
Exception found converting n to desired type: Unable to find the class: System.DateTime
Exception found converting x to desired type: For input string: "3,5"
Exception found converting v to desired type: Unable to parse the URL: foo://commons.apache.org
Exception found converting d to desired type: Unable to find the class: System.DateTime
Tests run: 9, Failures: 0, Errors: 0, Skipped: 0, Time elapsed: 0.095 sec
Running org.apache.commons.cli.ApplicationTest
usage: man [-c|-f|-k|-w|-tZT device] [-adlhu7V] [-Mpath]
           [-Ppager] [-Slist] [-msystem] [-pstring]
           [-Llocale] [-eextension] [section] page ...
 -7,--ascii                display ASCII translation or
                           certain latin1 chars.
 -a,--all                  find all matching manual pages.
 -c,--catman               used by catman to reformat out of
                           date cat pages.
 -d,--debug                emit debugging messages.
 -D,--default              reset all options to their
                           default values.
 -e,--extension            limit search to extension type
                           'extension'.
 -f,--whatis               equivalent to whatis.
 -h,--help                 show this usage message.
 -k,--apropos              equivalent to apropos.
 -l,--local-file           interpret 'page' argument(s) as
                           local filename(s)
 -L,--locale <arg>         define the locale for this
                           particular man search.
 -M,--manpath <arg>        set search path for manual pages
                           to 'path'.
 -m,--systems <arg>        search for man pages from other
                           unix system(s).
 -P,--pager <arg>          use program 'pager' to display
                           output.
 -p,--preprocessor <arg>   string indicates which
                           preprocessor to run.
                           e - [n]eqn  p - pic     t - tbl
                           g - grap    r - refer   v -
                           vgrind
 -r,--prompt <arg>         provide 'less' pager with prompt.
 -S,--sections <arg>       use colon separated section list.
 -t,--troff                use troff format pages.
 -T,--troff-device <arg>   use groff with selected device.
 -u,--update               force a cache consistency check.
 -V,--version              show version.
 -w,--location             print physical location of man
                           page(s).
 -Z,--ditroff              use groff with selected device.
Tests run: 4, Failures: 0, Errors: 0, Skipped: 0, Time elapsed: 0.003 sec
Running org.apache.commons.cli.bug.BugCLI133Test
Tests run: 1, Failures: 0, Errors: 0, Skipped: 0, Time elapsed: 0.001 sec
Running org.apache.commons.cli.bug.BugCLI71Test
Tests run: 4, Failures: 0, Errors: 0, Skipped: 0, Time elapsed: 0.002 sec
Running org.apache.commons.cli.ParseRequiredTest
Tests run: 5, Failures: 0, Errors: 0, Skipped: 0, Time elapsed: 0.022 sec
Running org.apache.commons.cli.ArgumentIsOptionTest
Tests run: 3, Failures: 0, Errors: 0, Skipped: 0, Time elapsed: 0.001 sec

Results :

Tests run: 187, Failures: 0, Errors: 0, Skipped: 0

[INFO] 
[INFO] --- maven-jar-plugin:2.2:jar (default-jar) @ commons-cli ---
[INFO] Building jar: /tmp/tmpd8vmg4hr/commons-cli/target/commons-cli-1.2.jar
[INFO] 
[INFO] --- maven-assembly-plugin:3.2.0:single (default) @ commons-cli ---
[INFO] Building jar: /tmp/tmpd8vmg4hr/commons-cli/target/commons-cli-1.2-jar-with-dependencies.jar
[INFO] ------------------------------------------------------------------------
[INFO] BUILD SUCCESS
[INFO] ------------------------------------------------------------------------
[INFO] Total time:  12.747 s
[INFO] Finished at: 2020-07-30T15:07:50Z
[INFO] ------------------------------------------------------------------------
