[INFO] Error stacktraces are turned on.
[INFO] Scanning for projects...
[INFO] 
[INFO] -------------< org.sonarsource.parent:sonar-delphi-plugin >-------------
[INFO] Building Sonar Delphi Plugin 0.3.4-SNAPSHOT
[INFO] ----------------------------[ sonar-plugin ]----------------------------
[INFO] 
[INFO] --- buildnumber-maven-plugin:1.3:create (default) @ sonar-delphi-plugin ---
[INFO] Executing: /bin/sh -c cd /tmp/tmpbmvgikcx/sonar-delphi && git rev-parse --verify HEAD
[INFO] Working directory: /tmp/tmpbmvgikcx/sonar-delphi
[INFO] Storing buildNumber: 7085d06c140108bfcc8784a62b063a75da44ea48 at timestamp: 1596453726507
[WARNING] Cannot get the branch information from the git repository: 
Detecting the current branch failed: fatal: ref HEAD is not a symbolic ref

[INFO] Executing: /bin/sh -c cd /tmp/tmpbmvgikcx/sonar-delphi && git rev-parse --verify HEAD
[INFO] Working directory: /tmp/tmpbmvgikcx/sonar-delphi
[INFO] Storing buildScmBranch: UNKNOWN
[INFO] 
[INFO] --- maven-enforcer-plugin:1.3.1:enforce (enforce) @ sonar-delphi-plugin ---
[INFO] 
[INFO] --- maven-license-plugin:1.10.b1:check (enforce-license-headers) @ sonar-delphi-plugin ---
[INFO] Checking licenses...
[INFO] 
[INFO] --- sonar-packaging-maven-plugin:1.15:check (default-check) @ sonar-delphi-plugin ---
[INFO] 
[INFO] --- jacoco-maven-plugin:0.8.5:prepare-agent (default) @ sonar-delphi-plugin ---
[INFO] argLine set to -javaagent:/home/jdbl/.m2/repository/org/jacoco/org.jacoco.agent/0.8.5/org.jacoco.agent-0.8.5-runtime.jar=destfile=/tmp/tmpbmvgikcx/sonar-delphi/target/jacoco.exec
[INFO] 
[INFO] --- antlr3-maven-plugin:3.5.2:antlr (default) @ sonar-delphi-plugin ---
[INFO] ANTLR: Processing source directory /tmp/tmpbmvgikcx/sonar-delphi/src/main/antlr3
ANTLR Parser Generator  Version 3.5.2
Output file /tmp/tmpbmvgikcx/sonar-delphi/target/generated-sources/antlr3/org/sonar/plugins/delphi/antlr/DelphiParser.java does not exist: must build /tmp/tmpbmvgikcx/sonar-delphi/src/main/antlr3/org/sonar/plugins/delphi/antlr/Delphi.g
org/sonar/plugins/delphi/antlr/Delphi.g
[INFO] 
[INFO] --- maven-resources-plugin:2.7:resources (default-resources) @ sonar-delphi-plugin ---
[INFO] Using 'UTF-8' encoding to copy filtered resources.
[INFO] Copying 4 resources
[INFO] 
[INFO] --- maven-compiler-plugin:3.2:compile (default-compile) @ sonar-delphi-plugin ---
[INFO] Changes detected - recompiling the module!
[INFO] Compiling 179 source files to /tmp/tmpbmvgikcx/sonar-delphi/target/classes
[INFO] /tmp/tmpbmvgikcx/sonar-delphi/src/main/java/org/sonar/plugins/delphi/pmd/xml/DelphiRulesUtils.java: Some input files use or override a deprecated API.
[INFO] /tmp/tmpbmvgikcx/sonar-delphi/src/main/java/org/sonar/plugins/delphi/pmd/xml/DelphiRulesUtils.java: Recompile with -Xlint:deprecation for details.
[INFO] -------------------------------------------------------------
[ERROR] COMPILATION ERROR : 
[INFO] -------------------------------------------------------------
[ERROR] /tmp/tmpbmvgikcx/sonar-delphi/src/main/java/org/sonar/plugins/delphi/pmd/xml/DelphiPmdXmlReportParser.java:[94,37] no suitable method found for as(java.lang.Class<org.sonar.api.issue.Issuable>,org.sonar.api.batch.fs.InputFile)
    method org.sonar.api.component.Perspectives.<P>as(java.lang.Class<P>,org.sonar.api.component.Component) is not applicable
      (cannot infer type-variable(s) P
        (argument mismatch; org.sonar.api.batch.fs.InputFile cannot be converted to org.sonar.api.component.Component))
    method org.sonar.api.component.ResourcePerspectives.<P>as(java.lang.Class<P>,org.sonar.api.resources.Resource) is not applicable
      (cannot infer type-variable(s) P
        (argument mismatch; org.sonar.api.batch.fs.InputFile cannot be converted to org.sonar.api.resources.Resource))
[ERROR] /tmp/tmpbmvgikcx/sonar-delphi/src/main/java/org/sonar/plugins/delphi/metrics/DeadCodeMetrics.java:[117,39] no suitable method found for as(java.lang.Class<org.sonar.api.issue.Issuable>,org.sonar.api.batch.fs.InputFile)
    method org.sonar.api.component.Perspectives.<P>as(java.lang.Class<P>,org.sonar.api.component.Component) is not applicable
      (cannot infer type-variable(s) P
        (argument mismatch; org.sonar.api.batch.fs.InputFile cannot be converted to org.sonar.api.component.Component))
    method org.sonar.api.component.ResourcePerspectives.<P>as(java.lang.Class<P>,org.sonar.api.resources.Resource) is not applicable
      (cannot infer type-variable(s) P
        (argument mismatch; org.sonar.api.batch.fs.InputFile cannot be converted to org.sonar.api.resources.Resource))
[ERROR] /tmp/tmpbmvgikcx/sonar-delphi/src/main/java/org/sonar/plugins/delphi/metrics/DeadCodeMetrics.java:[162,41] no suitable method found for as(java.lang.Class<org.sonar.api.issue.Issuable>,org.sonar.api.batch.fs.InputFile)
    method org.sonar.api.component.Perspectives.<P>as(java.lang.Class<P>,org.sonar.api.component.Component) is not applicable
      (cannot infer type-variable(s) P
        (argument mismatch; org.sonar.api.batch.fs.InputFile cannot be converted to org.sonar.api.component.Component))
    method org.sonar.api.component.ResourcePerspectives.<P>as(java.lang.Class<P>,org.sonar.api.resources.Resource) is not applicable
      (cannot infer type-variable(s) P
        (argument mismatch; org.sonar.api.batch.fs.InputFile cannot be converted to org.sonar.api.resources.Resource))
[ERROR] /tmp/tmpbmvgikcx/sonar-delphi/src/main/java/org/sonar/plugins/delphi/metrics/ComplexityMetrics.java:[269,39] no suitable method found for as(java.lang.Class<org.sonar.api.issue.Issuable>,org.sonar.api.batch.fs.InputFile)
    method org.sonar.api.component.Perspectives.<P>as(java.lang.Class<P>,org.sonar.api.component.Component) is not applicable
      (cannot infer type-variable(s) P
        (argument mismatch; org.sonar.api.batch.fs.InputFile cannot be converted to org.sonar.api.component.Component))
    method org.sonar.api.component.ResourcePerspectives.<P>as(java.lang.Class<P>,org.sonar.api.resources.Resource) is not applicable
      (cannot infer type-variable(s) P
        (argument mismatch; org.sonar.api.batch.fs.InputFile cannot be converted to org.sonar.api.resources.Resource))
[INFO] 4 errors 
[INFO] -------------------------------------------------------------
[INFO] ------------------------------------------------------------------------
[INFO] BUILD FAILURE
[INFO] ------------------------------------------------------------------------
[INFO] Total time:  42.157 s
[INFO] Finished at: 2020-08-03T11:22:22Z
[INFO] ------------------------------------------------------------------------
[ERROR] Failed to execute goal org.apache.maven.plugins:maven-compiler-plugin:3.2:compile (default-compile) on project sonar-delphi-plugin: Compilation failure: Compilation failure: 
[ERROR] /tmp/tmpbmvgikcx/sonar-delphi/src/main/java/org/sonar/plugins/delphi/pmd/xml/DelphiPmdXmlReportParser.java:[94,37] no suitable method found for as(java.lang.Class<org.sonar.api.issue.Issuable>,org.sonar.api.batch.fs.InputFile)
[ERROR]     method org.sonar.api.component.Perspectives.<P>as(java.lang.Class<P>,org.sonar.api.component.Component) is not applicable
[ERROR]       (cannot infer type-variable(s) P
[ERROR]         (argument mismatch; org.sonar.api.batch.fs.InputFile cannot be converted to org.sonar.api.component.Component))
[ERROR]     method org.sonar.api.component.ResourcePerspectives.<P>as(java.lang.Class<P>,org.sonar.api.resources.Resource) is not applicable
[ERROR]       (cannot infer type-variable(s) P
[ERROR]         (argument mismatch; org.sonar.api.batch.fs.InputFile cannot be converted to org.sonar.api.resources.Resource))
[ERROR] /tmp/tmpbmvgikcx/sonar-delphi/src/main/java/org/sonar/plugins/delphi/metrics/DeadCodeMetrics.java:[117,39] no suitable method found for as(java.lang.Class<org.sonar.api.issue.Issuable>,org.sonar.api.batch.fs.InputFile)
[ERROR]     method org.sonar.api.component.Perspectives.<P>as(java.lang.Class<P>,org.sonar.api.component.Component) is not applicable
[ERROR]       (cannot infer type-variable(s) P
[ERROR]         (argument mismatch; org.sonar.api.batch.fs.InputFile cannot be converted to org.sonar.api.component.Component))
[ERROR]     method org.sonar.api.component.ResourcePerspectives.<P>as(java.lang.Class<P>,org.sonar.api.resources.Resource) is not applicable
[ERROR]       (cannot infer type-variable(s) P
[ERROR]         (argument mismatch; org.sonar.api.batch.fs.InputFile cannot be converted to org.sonar.api.resources.Resource))
[ERROR] /tmp/tmpbmvgikcx/sonar-delphi/src/main/java/org/sonar/plugins/delphi/metrics/DeadCodeMetrics.java:[162,41] no suitable method found for as(java.lang.Class<org.sonar.api.issue.Issuable>,org.sonar.api.batch.fs.InputFile)
[ERROR]     method org.sonar.api.component.Perspectives.<P>as(java.lang.Class<P>,org.sonar.api.component.Component) is not applicable
[ERROR]       (cannot infer type-variable(s) P
[ERROR]         (argument mismatch; org.sonar.api.batch.fs.InputFile cannot be converted to org.sonar.api.component.Component))
[ERROR]     method org.sonar.api.component.ResourcePerspectives.<P>as(java.lang.Class<P>,org.sonar.api.resources.Resource) is not applicable
[ERROR]       (cannot infer type-variable(s) P
[ERROR]         (argument mismatch; org.sonar.api.batch.fs.InputFile cannot be converted to org.sonar.api.resources.Resource))
[ERROR] /tmp/tmpbmvgikcx/sonar-delphi/src/main/java/org/sonar/plugins/delphi/metrics/ComplexityMetrics.java:[269,39] no suitable method found for as(java.lang.Class<org.sonar.api.issue.Issuable>,org.sonar.api.batch.fs.InputFile)
[ERROR]     method org.sonar.api.component.Perspectives.<P>as(java.lang.Class<P>,org.sonar.api.component.Component) is not applicable
[ERROR]       (cannot infer type-variable(s) P
[ERROR]         (argument mismatch; org.sonar.api.batch.fs.InputFile cannot be converted to org.sonar.api.component.Component))
[ERROR]     method org.sonar.api.component.ResourcePerspectives.<P>as(java.lang.Class<P>,org.sonar.api.resources.Resource) is not applicable
[ERROR]       (cannot infer type-variable(s) P
[ERROR]         (argument mismatch; org.sonar.api.batch.fs.InputFile cannot be converted to org.sonar.api.resources.Resource))
[ERROR] -> [Help 1]
org.apache.maven.lifecycle.LifecycleExecutionException: Failed to execute goal org.apache.maven.plugins:maven-compiler-plugin:3.2:compile (default-compile) on project sonar-delphi-plugin: Compilation failure
    at org.apache.maven.lifecycle.internal.MojoExecutor.execute (MojoExecutor.java:215)
    at org.apache.maven.lifecycle.internal.MojoExecutor.execute (MojoExecutor.java:156)
    at org.apache.maven.lifecycle.internal.MojoExecutor.execute (MojoExecutor.java:148)
    at org.apache.maven.lifecycle.internal.LifecycleModuleBuilder.buildProject (LifecycleModuleBuilder.java:117)
    at org.apache.maven.lifecycle.internal.LifecycleModuleBuilder.buildProject (LifecycleModuleBuilder.java:81)
    at org.apache.maven.lifecycle.internal.builder.singlethreaded.SingleThreadedBuilder.build (SingleThreadedBuilder.java:56)
    at org.apache.maven.lifecycle.internal.LifecycleStarter.execute (LifecycleStarter.java:128)
    at org.apache.maven.DefaultMaven.doExecute (DefaultMaven.java:305)
    at org.apache.maven.DefaultMaven.doExecute (DefaultMaven.java:192)
    at org.apache.maven.DefaultMaven.execute (DefaultMaven.java:105)
    at org.apache.maven.cli.MavenCli.execute (MavenCli.java:957)
    at org.apache.maven.cli.MavenCli.doMain (MavenCli.java:289)
    at org.apache.maven.cli.MavenCli.main (MavenCli.java:193)
    at sun.reflect.NativeMethodAccessorImpl.invoke0 (Native Method)
    at sun.reflect.NativeMethodAccessorImpl.invoke (NativeMethodAccessorImpl.java:62)
    at sun.reflect.DelegatingMethodAccessorImpl.invoke (DelegatingMethodAccessorImpl.java:43)
    at java.lang.reflect.Method.invoke (Method.java:498)
    at org.codehaus.plexus.classworlds.launcher.Launcher.launchEnhanced (Launcher.java:282)
    at org.codehaus.plexus.classworlds.launcher.Launcher.launch (Launcher.java:225)
    at org.codehaus.plexus.classworlds.launcher.Launcher.mainWithExitCode (Launcher.java:406)
    at org.codehaus.plexus.classworlds.launcher.Launcher.main (Launcher.java:347)
Caused by: org.apache.maven.plugin.compiler.CompilationFailureException: Compilation failure
    at org.apache.maven.plugin.compiler.AbstractCompilerMojo.execute (AbstractCompilerMojo.java:909)
    at org.apache.maven.plugin.compiler.CompilerMojo.execute (CompilerMojo.java:129)
    at org.apache.maven.plugin.DefaultBuildPluginManager.executeMojo (DefaultBuildPluginManager.java:137)
    at org.apache.maven.lifecycle.internal.MojoExecutor.execute (MojoExecutor.java:210)
    at org.apache.maven.lifecycle.internal.MojoExecutor.execute (MojoExecutor.java:156)
    at org.apache.maven.lifecycle.internal.MojoExecutor.execute (MojoExecutor.java:148)
    at org.apache.maven.lifecycle.internal.LifecycleModuleBuilder.buildProject (LifecycleModuleBuilder.java:117)
    at org.apache.maven.lifecycle.internal.LifecycleModuleBuilder.buildProject (LifecycleModuleBuilder.java:81)
    at org.apache.maven.lifecycle.internal.builder.singlethreaded.SingleThreadedBuilder.build (SingleThreadedBuilder.java:56)
    at org.apache.maven.lifecycle.internal.LifecycleStarter.execute (LifecycleStarter.java:128)
    at org.apache.maven.DefaultMaven.doExecute (DefaultMaven.java:305)
    at org.apache.maven.DefaultMaven.doExecute (DefaultMaven.java:192)
    at org.apache.maven.DefaultMaven.execute (DefaultMaven.java:105)
    at org.apache.maven.cli.MavenCli.execute (MavenCli.java:957)
    at org.apache.maven.cli.MavenCli.doMain (MavenCli.java:289)
    at org.apache.maven.cli.MavenCli.main (MavenCli.java:193)
    at sun.reflect.NativeMethodAccessorImpl.invoke0 (Native Method)
    at sun.reflect.NativeMethodAccessorImpl.invoke (NativeMethodAccessorImpl.java:62)
    at sun.reflect.DelegatingMethodAccessorImpl.invoke (DelegatingMethodAccessorImpl.java:43)
    at java.lang.reflect.Method.invoke (Method.java:498)
    at org.codehaus.plexus.classworlds.launcher.Launcher.launchEnhanced (Launcher.java:282)
    at org.codehaus.plexus.classworlds.launcher.Launcher.launch (Launcher.java:225)
    at org.codehaus.plexus.classworlds.launcher.Launcher.mainWithExitCode (Launcher.java:406)
    at org.codehaus.plexus.classworlds.launcher.Launcher.main (Launcher.java:347)
[ERROR] 
[ERROR] Re-run Maven using the -X switch to enable full debug logging.
[ERROR] 
[ERROR] For more information about the errors and possible solutions, please read the following articles:
[ERROR] [Help 1] http://cwiki.apache.org/confluence/display/MAVEN/MojoFailureException
[INFO] Build failures were ignored.
