[INFO] Error stacktraces are turned on.
[INFO] Scanning for projects...
[INFO] 
[INFO] --------------< com.github.trecloux:yeoman-maven-plugin >---------------
[INFO] Building Yeoman Maven Plugin 0.6-SNAPSHOT
[INFO] ----------------------------[ maven-plugin ]----------------------------
[INFO] 
[INFO] --- maven-enforcer-plugin:1.0:enforce (enforce-maven) @ yeoman-maven-plugin ---
[INFO] 
[INFO] --- jacoco-maven-plugin:0.8.5:prepare-agent (default) @ yeoman-maven-plugin ---
[INFO] argLine set to -javaagent:/home/jdbl/.m2/repository/org/jacoco/org.jacoco.agent/0.8.5/org.jacoco.agent-0.8.5-runtime.jar=destfile=/tmp/tmpsk2fvjfv/yeoman-maven-plugin/target/jacoco.exec
[INFO] 
[INFO] --- maven-plugin-plugin:3.4:helpmojo (help-goal) @ yeoman-maven-plugin ---
[INFO] Using 'UTF-8' encoding to read mojo metadata.
[INFO] Mojo extractor with id: java-javadoc found 0 mojo descriptors.
[INFO] Mojo extractor with id: java-annotations found 0 mojo descriptors.
[INFO] 
[INFO] --- maven-resources-plugin:2.6:resources (default-resources) @ yeoman-maven-plugin ---
[INFO] Using 'UTF-8' encoding to copy filtered resources.
[INFO] skip non existing resourceDirectory /tmp/tmpsk2fvjfv/yeoman-maven-plugin/src/main/resources
[INFO] 
[INFO] --- maven-compiler-plugin:3.1:compile (default-compile) @ yeoman-maven-plugin ---
[INFO] Changes detected - recompiling the module!
[INFO] Compiling 2 source files to /tmp/tmpsk2fvjfv/yeoman-maven-plugin/target/classes
[INFO] 
[INFO] --- maven-plugin-plugin:3.4:descriptor (default-descriptor) @ yeoman-maven-plugin ---
[INFO] Using 'UTF-8' encoding to read mojo metadata.
[INFO] Mojo extractor with id: java-javadoc found 0 mojo descriptors.
[INFO] Mojo extractor with id: java-annotations found 2 mojo descriptors.
[INFO] 
[INFO] --- maven-plugin-plugin:3.4:descriptor (mojo-descriptor) @ yeoman-maven-plugin ---
[INFO] Using 'UTF-8' encoding to read mojo metadata.
[INFO] Mojo extractor with id: java-javadoc found 0 mojo descriptors.
[INFO] Mojo extractor with id: java-annotations found 2 mojo descriptors.
[INFO] 
[INFO] --- maven-resources-plugin:2.6:testResources (default-testResources) @ yeoman-maven-plugin ---
[INFO] Using 'UTF-8' encoding to copy filtered resources.
[INFO] Copying 3 resources
[INFO] 
[INFO] --- maven-compiler-plugin:3.1:testCompile (default-testCompile) @ yeoman-maven-plugin ---
[INFO] Changes detected - recompiling the module!
[INFO] Compiling 1 source file to /tmp/tmpsk2fvjfv/yeoman-maven-plugin/target/test-classes
[WARNING] /tmp/tmpsk2fvjfv/yeoman-maven-plugin/src/test/java/com/github/trecloux/yeoman/YeomanMojoTest.java: /tmp/tmpsk2fvjfv/yeoman-maven-plugin/src/test/java/com/github/trecloux/yeoman/YeomanMojoTest.java uses or overrides a deprecated API.
[WARNING] /tmp/tmpsk2fvjfv/yeoman-maven-plugin/src/test/java/com/github/trecloux/yeoman/YeomanMojoTest.java: Recompile with -Xlint:deprecation for details.
[INFO] 
[INFO] --- maven-surefire-plugin:2.19.1:test (default-test) @ yeoman-maven-plugin ---
[INFO] Surefire report directory: /tmp/tmpsk2fvjfv/yeoman-maven-plugin/target/surefire-reports

-------------------------------------------------------
 T E S T S
-------------------------------------------------------
Running com.github.trecloux.yeoman.YeomanMojoTest
[INFO] node version :
[INFO] npm version :
[INFO] --------------------------------------
[INFO]          NPM-CACHE ARG1
[INFO] --------------------------------------
[INFO] bower-art version :
[INFO] --------------------------------------
[INFO]          BOWER-ART ARG2
[INFO] --------------------------------------
[INFO] grunt version :
[INFO] --------------------------------------
[INFO]          GRUNT ARG3
[INFO] --------------------------------------
[INFO] --------------------------------------
[INFO]          GRUNT ARG4
[INFO] --------------------------------------
[info] Skipping 'npm install' Execution
[info] bower version :
[info] --------------------------------------
[info]          BOWER INSTALL --NO-COLOR
[info] --------------------------------------
[info] grunt version :
[info] --------------------------------------
[info]          GRUNT TEST --NO-COLOR
[info] --------------------------------------
[info] --------------------------------------
[info]          GRUNT BUILD --NO-COLOR
[info] --------------------------------------
[info] node version :
[info] npm version :
[info] --------------------------------------
[info]          NPM INSTALL
[info] --------------------------------------
[info] bower version :
[info] --------------------------------------
[info]          BOWER INSTALL --NO-COLOR
[info] --------------------------------------
[info] grunt version :
[info] --------------------------------------
[info]          GRUNT TEST --NO-COLOR
[info] --------------------------------------
[info] node version :
[info] npm version :
[info] --------------------------------------
[info]          NPM INSTALL
[info] --------------------------------------
[info] bower version :
[info] --------------------------------------
[info]          BOWER INSTALL --NO-COLOR
[info] --------------------------------------
[info] grunt version :
[info] --------------------------------------
[info]          GRUNT BUILD --NO-COLOR
[info] --------------------------------------
[INFO] node version :
[INFO] npm version :
[INFO] --------------------------------------
[INFO]          NPM ARG1
[INFO] --------------------------------------
[INFO] bower-art version :
[INFO] --------------------------------------
[INFO]          BOWER-ART ARG2
[INFO] --------------------------------------
[INFO] grunt version :
[INFO] --------------------------------------
[INFO]          GRUNT ARG3
[INFO] --------------------------------------
[INFO] --------------------------------------
[INFO]          GRUNT ARG4
[INFO] --------------------------------------
[info] node version :
[info] npm version :
[info] --------------------------------------
[info]          NPM INSTALL
[info] --------------------------------------
[info] Skipping 'bower install' Execution
[info] grunt version :
[info] --------------------------------------
[info]          GRUNT TEST --NO-COLOR
[info] --------------------------------------
[info] --------------------------------------
[info]          GRUNT BUILD --NO-COLOR
[info] --------------------------------------
[info] node version :
[info] npm version :
[info] --------------------------------------
[info]          NPM INSTALL
[info] --------------------------------------
[info] bower version :
[info] --------------------------------------
[info]          BOWER INSTALL --NO-COLOR
[info] --------------------------------------
[info] grunt version :
[info] --------------------------------------
[info]          GRUNT ARG3
[info] --------------------------------------
[info] --------------------------------------
[info]          GRUNT ARG4
[info] --------------------------------------
[info] node version :
[info] npm version :
[info] --------------------------------------
[info]          NPM INSTALL
[info] --------------------------------------
[info] bower version :
[info] --------------------------------------
[info]          BOWER INSTALL --NO-COLOR
[info] --------------------------------------
[info] grunt version :
[info] --------------------------------------
[info]          GRUNT TEST --NO-COLOR
[info] --------------------------------------
[info] --------------------------------------
[info]          GRUNT BUILD --NO-COLOR
[info] --------------------------------------
Tests run: 8, Failures: 0, Errors: 0, Skipped: 0, Time elapsed: 2.668 sec - in com.github.trecloux.yeoman.YeomanMojoTest

Results :

Tests run: 8, Failures: 0, Errors: 0, Skipped: 0

[INFO] 
[INFO] --- jacoco-maven-plugin:0.8.5:report (report) @ yeoman-maven-plugin ---
[INFO] Loading execution data file /tmp/tmpsk2fvjfv/yeoman-maven-plugin/target/jacoco.exec
[INFO] Analyzed bundle 'Yeoman Maven Plugin' with 31 classes
[INFO] ------------------------------------------------------------------------
[INFO] BUILD SUCCESS
[INFO] ------------------------------------------------------------------------
[INFO] Total time:  13.437 s
[INFO] Finished at: 2020-07-30T20:45:32Z
[INFO] ------------------------------------------------------------------------
