[INFO] Error stacktraces are turned on.
[INFO] Scanning for projects...
[INFO] 
[INFO] --------------------------< org.jperf:jperf >---------------------------
[INFO] Building jperf 2.0.3
[INFO] --------------------------------[ jar ]---------------------------------
[INFO] 
[INFO] --- jacoco-maven-plugin:0.8.5:prepare-agent (default) @ jperf ---
[INFO] argLine set to -javaagent:/home/jdbl/.m2/repository/org/jacoco/org.jacoco.agent/0.8.5/org.jacoco.agent-0.8.5-runtime.jar=destfile=/tmp/tmplnh292cs/jperf/target/jacoco.exec
[INFO] 
[INFO] --- maven-resources-plugin:2.6:resources (default-resources) @ jperf ---
[WARNING] Using platform encoding (UTF-8 actually) to copy filtered resources, i.e. build is platform dependent!
[INFO] skip non existing resourceDirectory /tmp/tmplnh292cs/jperf/src/main/resources
[INFO] 
[INFO] --- maven-compiler-plugin:3.1:compile (default-compile) @ jperf ---
[INFO] Changes detected - recompiling the module!
[WARNING] File encoding has not been set, using platform encoding UTF-8, i.e. build is platform dependent!
[INFO] Compiling 14 source files to /tmp/tmplnh292cs/jperf/target/classes
[WARNING] /tmp/tmplnh292cs/jperf/src/main/java/org/jperf/JPerf.java: Some input files use or override a deprecated API.
[WARNING] /tmp/tmplnh292cs/jperf/src/main/java/org/jperf/JPerf.java: Recompile with -Xlint:deprecation for details.
[INFO] 
[INFO] --- maven-resources-plugin:2.6:testResources (default-testResources) @ jperf ---
[WARNING] Using platform encoding (UTF-8 actually) to copy filtered resources, i.e. build is platform dependent!
[INFO] skip non existing resourceDirectory /tmp/tmplnh292cs/jperf/src/test/resources
[INFO] 
[INFO] --- maven-compiler-plugin:3.1:testCompile (default-testCompile) @ jperf ---
[INFO] Changes detected - recompiling the module!
[WARNING] File encoding has not been set, using platform encoding UTF-8, i.e. build is platform dependent!
[INFO] Compiling 1 source file to /tmp/tmplnh292cs/jperf/target/test-classes
[WARNING] /tmp/tmplnh292cs/jperf/src/test/java/org/jperf/test/Test.java: /tmp/tmplnh292cs/jperf/src/test/java/org/jperf/test/Test.java uses or overrides a deprecated API.
[WARNING] /tmp/tmplnh292cs/jperf/src/test/java/org/jperf/test/Test.java: Recompile with -Xlint:deprecation for details.
[INFO] 
[INFO] --- maven-surefire-plugin:2.19.1:test (default-test) @ jperf ---
[INFO] Surefire report directory: /tmp/tmplnh292cs/jperf/target/surefire-reports

-------------------------------------------------------
 T E S T S
-------------------------------------------------------
Running org.jperf.test.Test
Threads,Samples,Duration,Throughput
1,12043818,100,120438176
2,1760528,100,17605280
3,1552445,100,15524451
4,1299487,100,12994870
5,1237702,100,12377020
6,1273911,100,12739110
7,1257818,100,12578180
8,1227522,100,12275220
Running on Jul 30, 2020 7:37:08 PM with config: PerfTestConfig{minThreads=1, maxThreads=8, threadIncrement=1, durationPerThread=100, durationTotal=0}
Threads: 1: Samples: 11,992,070; Duration: 100; Throughput: 119,920,704
Threads: 2: Samples: 1,455,138; Duration: 101; Throughput: 14,407,307
Threads: 3: Samples: 1,384,197; Duration: 100; Throughput: 13,841,970
Threads: 4: Samples: 1,270,106; Duration: 101; Throughput: 12,575,307
Threads: 5: Samples: 1,655,492; Duration: 104; Throughput: 15,918,192
Threads: 6: Samples: 1,534,956; Duration: 100; Throughput: 15,349,560
Threads: 7: Samples: 1,759,546; Duration: 100; Throughput: 17,595,460
Threads: 8: Samples: 1,716,249; Duration: 100; Throughput: 17,162,490
Tests run: 2, Failures: 0, Errors: 0, Skipped: 0, Time elapsed: 1.757 sec - in org.jperf.test.Test

Results :

Tests run: 2, Failures: 0, Errors: 0, Skipped: 0

[INFO] 
[INFO] --- jacoco-maven-plugin:0.8.5:report (report) @ jperf ---
[INFO] Loading execution data file /tmp/tmplnh292cs/jperf/target/jacoco.exec
[INFO] Analyzed bundle 'jperf' with 30 classes
[INFO] ------------------------------------------------------------------------
[INFO] BUILD SUCCESS
[INFO] ------------------------------------------------------------------------
[INFO] Total time:  4.859 s
[INFO] Finished at: 2020-07-30T19:37:09Z
[INFO] ------------------------------------------------------------------------
