[INFO] Error stacktraces are turned on.
[INFO] Scanning for projects...
[INFO] 
[INFO] ----------------< com.github.is.jingxuan1990:whitebox >-----------------
[INFO] Building whitebox 0.0.1-SNAPSHOT
[INFO] --------------------------------[ jar ]---------------------------------
[INFO] 
[INFO] --- jacoco-maven-plugin:0.8.5:prepare-agent (default) @ whitebox ---
[INFO] argLine set to -javaagent:/home/jdbl/.m2/repository/org/jacoco/org.jacoco.agent/0.8.5/org.jacoco.agent-0.8.5-runtime.jar=destfile=/tmp/tmpw3sllwfs/whitebox_java/target/jacoco.exec
[INFO] 
[INFO] --- maven-resources-plugin:2.6:resources (default-resources) @ whitebox ---
[INFO] Using 'UTF-8' encoding to copy filtered resources.
[INFO] Copying 0 resource
[INFO] Copying 2 resources
[INFO] 
[INFO] --- maven-compiler-plugin:2.3.2:compile (default-compile) @ whitebox ---
[INFO] Compiling 14 source files to /tmp/tmpw3sllwfs/whitebox_java/target/classes
[INFO] 
[INFO] --- maven-resources-plugin:2.6:testResources (default-testResources) @ whitebox ---
[INFO] Using 'UTF-8' encoding to copy filtered resources.
[INFO] Copying 0 resource
[INFO] 
[INFO] --- maven-compiler-plugin:2.3.2:testCompile (default-testCompile) @ whitebox ---
[INFO] Compiling 1 source file to /tmp/tmpw3sllwfs/whitebox_java/target/test-classes
[INFO] 
[INFO] --- maven-surefire-plugin:2.19.1:test (default-test) @ whitebox ---
[INFO] Surefire report directory: /tmp/tmpw3sllwfs/whitebox_java/target/surefire-reports

-------------------------------------------------------
 T E S T S
-------------------------------------------------------
Running com.github.is.jingxuan1990.SecurityCipherTest
加密内容的大小为：6.904296875KB
第一次加密耗时：167毫秒。
加密耗时：174毫秒。
解密耗时：76毫秒。

加密耗时：129毫秒。
解密耗时：77毫秒。

加密耗时：68毫秒。
解密耗时：98毫秒。

加密耗时：164毫秒。
解密耗时：78毫秒。

加密耗时：110毫秒。
解密耗时：78毫秒。

加密耗时：92毫秒。
解密耗时：140毫秒。

加密耗时：84毫秒。
解密耗时：70毫秒。

加密耗时：73毫秒。
解密耗时：74毫秒。

加密耗时：82毫秒。
解密耗时：87毫秒。

加密耗时：82毫秒。
解密耗时：89毫秒。

加密平均耗时：105毫秒
解密平均耗时：86毫秒
Tests run: 3, Failures: 0, Errors: 0, Skipped: 0, Time elapsed: 2.838 sec - in com.github.is.jingxuan1990.SecurityCipherTest

Results :

Tests run: 3, Failures: 0, Errors: 0, Skipped: 0

[INFO] 
[INFO] --- jacoco-maven-plugin:0.8.5:report (report) @ whitebox ---
[INFO] Loading execution data file /tmp/tmpw3sllwfs/whitebox_java/target/jacoco.exec
[INFO] Analyzed bundle 'whitebox' with 95 classes
[INFO] ------------------------------------------------------------------------
[INFO] BUILD SUCCESS
[INFO] ------------------------------------------------------------------------
[INFO] Total time:  13.223 s
[INFO] Finished at: 2020-07-30T20:00:12Z
[INFO] ------------------------------------------------------------------------
