[INFO] Error stacktraces are turned on.
[INFO] Scanning for projects...
[INFO] Inspecting build with total of 1 modules...
[INFO] Installing Nexus Staging features:
[INFO]   ... total of 1 executions of maven-deploy-plugin replaced with nexus-staging-maven-plugin
[INFO] 
[INFO] -----< no.finn.retriable-kafka-consumer:retriable-kafka-consumer >------
[INFO] Building Retriable Kafka Consumer 1.55-SNAPSHOT
[INFO] --------------------------------[ jar ]---------------------------------
[INFO] 
[INFO] --- jacoco-maven-plugin:0.8.5:prepare-agent (default) @ retriable-kafka-consumer ---
[INFO] argLine set to -javaagent:/home/jdbl/.m2/repository/org/jacoco/org.jacoco.agent/0.8.5/org.jacoco.agent-0.8.5-runtime.jar=destfile=/tmp/tmp9gmd1vn5/retriable-kafka-consumer/target/jacoco.exec
[INFO] 
[INFO] --- maven-resources-plugin:2.6:resources (default-resources) @ retriable-kafka-consumer ---
[WARNING] File encoding has not been set, using platform encoding UTF-8, i.e. build is platform dependent!
[WARNING] Using platform encoding (UTF-8 actually) to copy filtered resources, i.e. build is platform dependent!
[INFO] Copying 1 resource
[INFO] 
[INFO] --- maven-compiler-plugin:3.8.1:compile (default-compile) @ retriable-kafka-consumer ---
[INFO] Changes detected - recompiling the module!
[WARNING] File encoding has not been set, using platform encoding UTF-8, i.e. build is platform dependent!
[INFO] Compiling 10 source files to /tmp/tmp9gmd1vn5/retriable-kafka-consumer/target/classes
[INFO] 
[INFO] --- kotlin-maven-plugin:1.3.21:compile (compile) @ retriable-kafka-consumer ---
[WARNING] No sources found skipping Kotlin compile
[INFO] 
[INFO] --- maven-compiler-plugin:3.8.1:compile (compile) @ retriable-kafka-consumer ---
[INFO] Changes detected - recompiling the module!
[WARNING] File encoding has not been set, using platform encoding UTF-8, i.e. build is platform dependent!
[INFO] Compiling 10 source files to /tmp/tmp9gmd1vn5/retriable-kafka-consumer/target/classes
[INFO] 
[INFO] --- maven-resources-plugin:2.6:testResources (default-testResources) @ retriable-kafka-consumer ---
[WARNING] Using platform encoding (UTF-8 actually) to copy filtered resources, i.e. build is platform dependent!
[INFO] skip non existing resourceDirectory /tmp/tmp9gmd1vn5/retriable-kafka-consumer/src/test/resources
[INFO] 
[INFO] --- maven-compiler-plugin:3.8.1:testCompile (default-testCompile) @ retriable-kafka-consumer ---
[INFO] Changes detected - recompiling the module!
[WARNING] File encoding has not been set, using platform encoding UTF-8, i.e. build is platform dependent!
[INFO] Compiling 8 source files to /tmp/tmp9gmd1vn5/retriable-kafka-consumer/target/test-classes
[INFO] 
[INFO] --- kotlin-maven-plugin:1.3.21:test-compile (test-compile) @ retriable-kafka-consumer ---
[INFO] 
[INFO] --- maven-compiler-plugin:3.8.1:testCompile (testCompile) @ retriable-kafka-consumer ---
[INFO] Changes detected - recompiling the module!
[WARNING] File encoding has not been set, using platform encoding UTF-8, i.e. build is platform dependent!
[INFO] Compiling 8 source files to /tmp/tmp9gmd1vn5/retriable-kafka-consumer/target/test-classes
[INFO] 
[INFO] --- maven-surefire-plugin:2.19.1:test (default-test) @ retriable-kafka-consumer ---
[INFO] Surefire report directory: /tmp/tmp9gmd1vn5/retriable-kafka-consumer/target/surefire-reports

-------------------------------------------------------
 T E S T S
-------------------------------------------------------
Running no.finn.retriableconsumer.RestartableRetryProducerTest
SLF4J: Failed to load class "org.slf4j.impl.StaticLoggerBinder".
SLF4J: Defaulting to no-operation (NOP) logger implementation
SLF4J: See http://www.slf4j.org/codes.html#StaticLoggerBinder for further details.
Tests run: 6, Failures: 0, Errors: 0, Skipped: 0, Time elapsed: 1.116 sec - in no.finn.retriableconsumer.RestartableRetryProducerTest
Running no.finn.retriableconsumer.TestUtilTest
Tests run: 6, Failures: 0, Errors: 0, Skipped: 0, Time elapsed: 4.263 sec - in no.finn.retriableconsumer.TestUtilTest
Running no.finn.retriableconsumer.RestartableKafkaConsumerTest
Tests run: 4, Failures: 0, Errors: 0, Skipped: 0, Time elapsed: 0.144 sec - in no.finn.retriableconsumer.RestartableKafkaConsumerTest
Running no.finn.retriableconsumer.ReliableKafkaConsumerPoolTest
Tests run: 1, Failures: 0, Errors: 0, Skipped: 0, Time elapsed: 0.038 sec - in no.finn.retriableconsumer.ReliableKafkaConsumerPoolTest
Running no.finn.retriableconsumer.RestartableMonitorTest
Tests run: 4, Failures: 0, Errors: 0, Skipped: 0, Time elapsed: 0.008 sec - in no.finn.retriableconsumer.RestartableMonitorTest
Running no.finn.retriableconsumer.PoolBuilderTest
Tests run: 3, Failures: 0, Errors: 0, Skipped: 0, Time elapsed: 0.004 sec - in no.finn.retriableconsumer.PoolBuilderTest
Running KafkaIntegrationTest
Tests run: 2, Failures: 0, Errors: 0, Skipped: 0, Time elapsed: 0.076 sec - in KafkaIntegrationTest

Results :

Tests run: 26, Failures: 0, Errors: 0, Skipped: 0

[INFO] 
[INFO] --- jacoco-maven-plugin:0.8.5:report (report) @ retriable-kafka-consumer ---
[INFO] Loading execution data file /tmp/tmp9gmd1vn5/retriable-kafka-consumer/target/jacoco.exec
[INFO] Analyzed bundle 'Retriable Kafka Consumer' with 252 classes
[INFO] ------------------------------------------------------------------------
[INFO] BUILD SUCCESS
[INFO] ------------------------------------------------------------------------
[INFO] Total time:  01:02 min
[INFO] Finished at: 2020-07-30T20:52:46Z
[INFO] ------------------------------------------------------------------------
