[INFO] Error stacktraces are turned on.
[INFO] Scanning for projects...
[INFO] 
[INFO] ---------------< com.github.cschoell:junit-dynamicsuite >---------------
[INFO] Building JUnit Dynamic Suite 0.2.6-SNAPSHOT
[INFO] --------------------------------[ jar ]---------------------------------
[INFO] 
[INFO] --- maven-enforcer-plugin:1.2:enforce (enforce-maven) @ junit-dynamicsuite ---
[INFO] 
[INFO] --- build-helper-maven-plugin:1.7:regex-property (regex-property) @ junit-dynamicsuite ---
[INFO] Setting property 'projectBaseVersion' to '0.2.6'.
[INFO] 
[INFO] --- jacoco-maven-plugin:0.8.5:prepare-agent (default) @ junit-dynamicsuite ---
[INFO] argLine set to -javaagent:/home/jdbl/.m2/repository/org/jacoco/org.jacoco.agent/0.8.5/org.jacoco.agent-0.8.5-runtime.jar=destfile=/tmp/tmp1xh6tmxq/Junit-DynamicSuite/target/jacoco.exec
[INFO] 
[INFO] --- maven-resources-plugin:2.6:resources (default-resources) @ junit-dynamicsuite ---
[INFO] Using 'UTF-8' encoding to copy filtered resources.
[INFO] skip non existing resourceDirectory /tmp/tmp1xh6tmxq/Junit-DynamicSuite/src/main/resources
[INFO] 
[INFO] --- maven-compiler-plugin:3.8.0:compile (default-compile) @ junit-dynamicsuite ---
[INFO] Changes detected - recompiling the module!
[INFO] Compiling 17 source files to /tmp/tmp1xh6tmxq/Junit-DynamicSuite/target/classes
[INFO] /tmp/tmp1xh6tmxq/Junit-DynamicSuite/src/main/java/org/junit/extensions/dynamicsuite/engine/ScannerFactory.java: /tmp/tmp1xh6tmxq/Junit-DynamicSuite/src/main/java/org/junit/extensions/dynamicsuite/engine/ScannerFactory.java uses unchecked or unsafe operations.
[INFO] /tmp/tmp1xh6tmxq/Junit-DynamicSuite/src/main/java/org/junit/extensions/dynamicsuite/engine/ScannerFactory.java: Recompile with -Xlint:unchecked for details.
[INFO] 
[INFO] --- maven-resources-plugin:2.6:testResources (default-testResources) @ junit-dynamicsuite ---
[INFO] Using 'UTF-8' encoding to copy filtered resources.
[INFO] Copying 4 resources
[INFO] 
[INFO] --- maven-compiler-plugin:3.8.0:testCompile (default-testCompile) @ junit-dynamicsuite ---
[INFO] Changes detected - recompiling the module!
[INFO] Compiling 16 source files to /tmp/tmp1xh6tmxq/Junit-DynamicSuite/target/test-classes
[INFO] /tmp/tmp1xh6tmxq/Junit-DynamicSuite/src/test/java/org/junit/extensions/dynamicsuite/MultiDirSuite.java: Some input files use unchecked or unsafe operations.
[INFO] /tmp/tmp1xh6tmxq/Junit-DynamicSuite/src/test/java/org/junit/extensions/dynamicsuite/MultiDirSuite.java: Recompile with -Xlint:unchecked for details.
[INFO] 
[INFO] --- maven-surefire-plugin:2.19.1:test (default-test) @ junit-dynamicsuite ---
[INFO] Surefire report directory: /tmp/tmp1xh6tmxq/Junit-DynamicSuite/target/surefire-reports

-------------------------------------------------------
 T E S T S
-------------------------------------------------------
Running org.junit.extensions.dynamicsuite.engine.ScannerFactoryTest
Tests run: 2, Failures: 0, Errors: 0, Skipped: 0, Time elapsed: 0.37 sec - in org.junit.extensions.dynamicsuite.engine.ScannerFactoryTest
Running org.junit.extensions.dynamicsuite.engine.ExtractClassNameTest
Tests run: 4, Failures: 0, Errors: 0, Skipped: 0, Time elapsed: 0 sec - in org.junit.extensions.dynamicsuite.engine.ExtractClassNameTest
Running org.junit.extensions.dynamicsuite.engine.ClassPathScannerTest
Tests run: 3, Failures: 0, Errors: 0, Skipped: 0, Time elapsed: 0.192 sec - in org.junit.extensions.dynamicsuite.engine.ClassPathScannerTest
Running org.junit.extensions.dynamicsuite.engine.DirectoryScannerTest
Tests run: 2, Failures: 0, Errors: 0, Skipped: 0, Time elapsed: 0.05 sec - in org.junit.extensions.dynamicsuite.engine.DirectoryScannerTest
Running org.junit.extensions.dynamicsuite.ClassPathSuite
testName
Tests run: 15, Failures: 0, Errors: 0, Skipped: 1, Time elapsed: 0.814 sec - in org.junit.extensions.dynamicsuite.ClassPathSuite
Running org.junit.extensions.dynamicsuite.MultiDirSuite
Tests run: 3, Failures: 0, Errors: 0, Skipped: 0, Time elapsed: 0.006 sec - in org.junit.extensions.dynamicsuite.MultiDirSuite
Running org.junit.extensions.dynamicsuite.DynamicTestSuite
testName
Tests run: 15, Failures: 0, Errors: 0, Skipped: 1, Time elapsed: 0.33 sec - in org.junit.extensions.dynamicsuite.DynamicTestSuite
Running org.junit.extensions.dynamicsuite.IntegrationSuite
Tests run: 3, Failures: 0, Errors: 0, Skipped: 0, Time elapsed: 0.009 sec - in org.junit.extensions.dynamicsuite.IntegrationSuite
Running org.junit.extensions.dynamicsuite.resources.IgnoreNonClassFilesTest
Tests run: 1, Failures: 0, Errors: 0, Skipped: 0, Time elapsed: 0 sec - in org.junit.extensions.dynamicsuite.resources.IgnoreNonClassFilesTest
Running org.junit.extensions.dynamicsuite.tests.AppTest
Tests run: 1, Failures: 0, Errors: 0, Skipped: 0, Time elapsed: 0 sec - in org.junit.extensions.dynamicsuite.tests.AppTest
Running org.junit.extensions.dynamicsuite.tests.MyJUnit3Test
testName
Tests run: 1, Failures: 0, Errors: 0, Skipped: 0, Time elapsed: 0 sec - in org.junit.extensions.dynamicsuite.tests.MyJUnit3Test
Running org.junit.extensions.dynamicsuite.tests.IgnoredTest
Tests run: 1, Failures: 0, Errors: 0, Skipped: 1, Time elapsed: 0 sec - in org.junit.extensions.dynamicsuite.tests.IgnoredTest

Results :

Tests run: 49, Failures: 0, Errors: 0, Skipped: 1

[INFO] 
[INFO] --- jacoco-maven-plugin:0.8.5:report (report) @ junit-dynamicsuite ---
[INFO] Loading execution data file /tmp/tmp1xh6tmxq/Junit-DynamicSuite/target/jacoco.exec
[INFO] Analyzed bundle 'JUnit Dynamic Suite' with 253 classes
[INFO] ------------------------------------------------------------------------
[INFO] BUILD SUCCESS
[INFO] ------------------------------------------------------------------------
[INFO] Total time:  19.329 s
[INFO] Finished at: 2020-07-30T22:55:59Z
[INFO] ------------------------------------------------------------------------
