[INFO] Error stacktraces are turned on.
[INFO] Scanning for projects...
[INFO] 
[INFO] ----------------< com.pearson.StatsPoller:StatsPoller >-----------------
[INFO] Building StatsPoller 2.5-beta
[INFO] --------------------------------[ jar ]---------------------------------
[INFO] 
[INFO] --- jacoco-maven-plugin:0.8.5:prepare-agent (default) @ StatsPoller ---
[INFO] argLine set to -javaagent:/home/jdbl/.m2/repository/org/jacoco/org.jacoco.agent/0.8.5/org.jacoco.agent-0.8.5-runtime.jar=destfile=/tmp/tmpc16qspu1/StatsPoller/target/jacoco.exec
[INFO] 
[INFO] --- templating-maven-plugin:1.0.0:filter-sources (generate-verion-class) @ StatsPoller ---
[INFO] Coping files with filtering to temporary directory.
[INFO] Using 'UTF-8' encoding to copy filtered resources.
[INFO] Copying 1 resource
[INFO] Copied 1 files to output directory: /tmp/tmpc16qspu1/StatsPoller/target/generated-sources/java-templates
[INFO] Source directory: /tmp/tmpc16qspu1/StatsPoller/target/generated-sources/java-templates added.
[INFO] 
[INFO] --- maven-resources-plugin:2.6:resources (default-resources) @ StatsPoller ---
[INFO] Using 'UTF-8' encoding to copy filtered resources.
[INFO] skip non existing resourceDirectory /tmp/tmpc16qspu1/StatsPoller/src/main/resources
[INFO] 
[INFO] --- maven-compiler-plugin:3.8.1:compile (default-compile) @ StatsPoller ---
[INFO] Changes detected - recompiling the module!
[INFO] Compiling 113 source files to /tmp/tmpc16qspu1/StatsPoller/target/classes
[INFO] /tmp/tmpc16qspu1/StatsPoller/src/main/java/com/pearson/statspoller/utilities/time_utils/DateAndTime.java: /tmp/tmpc16qspu1/StatsPoller/src/main/java/com/pearson/statspoller/utilities/time_utils/DateAndTime.java uses or overrides a deprecated API.
[INFO] /tmp/tmpc16qspu1/StatsPoller/src/main/java/com/pearson/statspoller/utilities/time_utils/DateAndTime.java: Recompile with -Xlint:deprecation for details.
[INFO] /tmp/tmpc16qspu1/StatsPoller/src/main/java/com/pearson/statspoller/metric_formats/graphite/GraphiteMetric.java: Some input files use unchecked or unsafe operations.
[INFO] /tmp/tmpc16qspu1/StatsPoller/src/main/java/com/pearson/statspoller/metric_formats/graphite/GraphiteMetric.java: Recompile with -Xlint:unchecked for details.
[INFO] 
[INFO] --- maven-resources-plugin:2.6:testResources (default-testResources) @ StatsPoller ---
[INFO] Using 'UTF-8' encoding to copy filtered resources.
[INFO] skip non existing resourceDirectory /tmp/tmpc16qspu1/StatsPoller/src/test/resources
[INFO] 
[INFO] --- maven-compiler-plugin:3.8.1:testCompile (default-testCompile) @ StatsPoller ---
[INFO] Changes detected - recompiling the module!
[INFO] Compiling 2 source files to /tmp/tmpc16qspu1/StatsPoller/target/test-classes
[INFO] 
[INFO] --- maven-surefire-plugin:2.19.1:test (default-test) @ StatsPoller ---
[INFO] Surefire report directory: /tmp/tmpc16qspu1/StatsPoller/target/surefire-reports

-------------------------------------------------------
 T E S T S
-------------------------------------------------------
Running com.pearson.statspoller.internal_metric_collectors.linux.FileSystem.FileSystemCollectorTest

Tests run: 1, Failures: 0, Errors: 0, Skipped: 0, Time elapsed: 0.282 sec - in com.pearson.statspoller.internal_metric_collectors.linux.FileSystem.FileSystemCollectorTest
Running com.pearson.statspoller.internal_metric_collectors.cadvisor.CAdvisorMetricCollectorTest
2017-06-19T16:32:29.339029365Z
2017-06-19T16:32:29.339029365Z
Tests run: 3, Failures: 0, Errors: 0, Skipped: 0, Time elapsed: 0.223 sec - in com.pearson.statspoller.internal_metric_collectors.cadvisor.CAdvisorMetricCollectorTest

Results :

Tests run: 4, Failures: 0, Errors: 0, Skipped: 0

[INFO] 
[INFO] --- jacoco-maven-plugin:0.8.5:report (report) @ StatsPoller ---
[INFO] Loading execution data file /tmp/tmpc16qspu1/StatsPoller/target/jacoco.exec
[INFO] Analyzed bundle 'StatsPoller' with 353 classes
[INFO] ------------------------------------------------------------------------
[INFO] BUILD SUCCESS
[INFO] ------------------------------------------------------------------------
[INFO] Total time:  21.314 s
[INFO] Finished at: 2020-07-30T20:36:01Z
[INFO] ------------------------------------------------------------------------
