[INFO] Error stacktraces are turned on.
[INFO] Scanning for projects...
[INFO] Inspecting build with total of 1 modules...
[INFO] Installing Nexus Staging features:
[INFO]   ... total of 1 executions of maven-deploy-plugin replaced with nexus-staging-maven-plugin
[INFO] 
[INFO] ----------------< com.offbynull.portmapper:portmapper >-----------------
[INFO] Building com.offbynull.portmapper:portmapper 2.0.6-SNAPSHOT
[INFO] --------------------------------[ jar ]---------------------------------
[INFO] 
[INFO] --- jacoco-maven-plugin:0.8.5:prepare-agent (default) @ portmapper ---
[INFO] argLine set to -javaagent:/home/jdbl/.m2/repository/org/jacoco/org.jacoco.agent/0.8.5/org.jacoco.agent-0.8.5-runtime.jar=destfile=/tmp/tmp_w3w275s/portmapper/target/jacoco.exec
[INFO] 
[INFO] --- maven-checkstyle-plugin:2.17:check (default) @ portmapper ---
[INFO] Starting audit...
Audit done.
[INFO] 
[INFO] >>> maven-pmd-plugin:3.6:check (default) > :pmd @ portmapper >>>
[INFO] 
[INFO] --- maven-pmd-plugin:3.6:pmd (pmd) @ portmapper ---
[WARNING] Unable to locate Source XRef to link to - DISABLED
[INFO] 
[INFO] <<< maven-pmd-plugin:3.6:check (default) < :pmd @ portmapper <<<
[INFO] 
[INFO] 
[INFO] --- maven-pmd-plugin:3.6:check (default) @ portmapper ---
[INFO] 
[INFO] 
[INFO] --- maven-resources-plugin:2.6:resources (default-resources) @ portmapper ---
[INFO] Using 'UTF-8' encoding to copy filtered resources.
[INFO] skip non existing resourceDirectory /tmp/tmp_w3w275s/portmapper/src/main/resources
[INFO] 
[INFO] --- maven-compiler-plugin:3.1:compile (default-compile) @ portmapper ---
[INFO] Changes detected - recompiling the module!
[INFO] Compiling 155 source files to /tmp/tmp_w3w275s/portmapper/target/classes
[INFO] 
[INFO] --- maven-resources-plugin:2.6:testResources (default-testResources) @ portmapper ---
[INFO] Using 'UTF-8' encoding to copy filtered resources.
[INFO] skip non existing resourceDirectory /tmp/tmp_w3w275s/portmapper/src/test/resources
[INFO] 
[INFO] --- maven-compiler-plugin:3.1:testCompile (default-testCompile) @ portmapper ---
[INFO] Changes detected - recompiling the module!
[INFO] Compiling 48 source files to /tmp/tmp_w3w275s/portmapper/target/test-classes
[WARNING] /tmp/tmp_w3w275s/portmapper/src/test/java/com/offbynull/portmapper/testtools/UdpTestUtils.java: /tmp/tmp_w3w275s/portmapper/src/test/java/com/offbynull/portmapper/testtools/UdpTestUtils.java uses or overrides a deprecated API.
[WARNING] /tmp/tmp_w3w275s/portmapper/src/test/java/com/offbynull/portmapper/testtools/UdpTestUtils.java: Recompile with -Xlint:deprecation for details.
[INFO] 
[INFO] --- maven-surefire-plugin:2.19.1:test (default-test) @ portmapper ---
[INFO] Surefire report directory: /tmp/tmp_w3w275s/portmapper/target/surefire-reports

-------------------------------------------------------
 T E S T S
-------------------------------------------------------
Running com.offbynull.portmapper.PortMapperFactoryIntegrationTest
Tests run: 1, Failures: 0, Errors: 0, Skipped: 1, Time elapsed: 0.242 sec - in com.offbynull.portmapper.PortMapperFactoryIntegrationTest
Running com.offbynull.portmapper.mappers.pcp.PcpPortMapperIntegrationTest
Tests run: 1, Failures: 0, Errors: 0, Skipped: 1, Time elapsed: 0 sec - in com.offbynull.portmapper.mappers.pcp.PcpPortMapperIntegrationTest
Running com.offbynull.portmapper.mappers.pcp.externalmessages.PeerPcpRequestTest
Tests run: 10, Failures: 0, Errors: 0, Skipped: 0, Time elapsed: 0.432 sec - in com.offbynull.portmapper.mappers.pcp.externalmessages.PeerPcpRequestTest
Running com.offbynull.portmapper.mappers.pcp.externalmessages.MapPcpRequestTest
Tests run: 8, Failures: 0, Errors: 0, Skipped: 0, Time elapsed: 0 sec - in com.offbynull.portmapper.mappers.pcp.externalmessages.MapPcpRequestTest
Running com.offbynull.portmapper.mappers.pcp.externalmessages.FilterPcpOptionTest
Tests run: 7, Failures: 0, Errors: 0, Skipped: 0, Time elapsed: 0 sec - in com.offbynull.portmapper.mappers.pcp.externalmessages.FilterPcpOptionTest
Running com.offbynull.portmapper.mappers.pcp.externalmessages.MapPcpResponseTest
Tests run: 9, Failures: 0, Errors: 0, Skipped: 0, Time elapsed: 0.01 sec - in com.offbynull.portmapper.mappers.pcp.externalmessages.MapPcpResponseTest
Running com.offbynull.portmapper.mappers.pcp.externalmessages.PeerPcpResponseTest
Tests run: 11, Failures: 0, Errors: 0, Skipped: 0, Time elapsed: 0.013 sec - in com.offbynull.portmapper.mappers.pcp.externalmessages.PeerPcpResponseTest
Running com.offbynull.portmapper.mappers.pcp.externalmessages.AnnouncePcpResponseTest
Tests run: 5, Failures: 0, Errors: 0, Skipped: 0, Time elapsed: 0.016 sec - in com.offbynull.portmapper.mappers.pcp.externalmessages.AnnouncePcpResponseTest
Running com.offbynull.portmapper.mappers.pcp.externalmessages.ThirdPartyPcpOptionTest
Tests run: 5, Failures: 0, Errors: 0, Skipped: 0, Time elapsed: 0.006 sec - in com.offbynull.portmapper.mappers.pcp.externalmessages.ThirdPartyPcpOptionTest
Running com.offbynull.portmapper.mappers.pcp.externalmessages.AnnouncePcpRequestTest
Tests run: 6, Failures: 0, Errors: 0, Skipped: 0, Time elapsed: 0.023 sec - in com.offbynull.portmapper.mappers.pcp.externalmessages.AnnouncePcpRequestTest
Running com.offbynull.portmapper.mappers.pcp.externalmessages.PreferFailurePcpOptionTest
Tests run: 4, Failures: 0, Errors: 0, Skipped: 0, Time elapsed: 0.042 sec - in com.offbynull.portmapper.mappers.pcp.externalmessages.PreferFailurePcpOptionTest
Running com.offbynull.portmapper.mappers.pcp.externalmessages.UnknownPcpOptionTest
Tests run: 4, Failures: 0, Errors: 0, Skipped: 0, Time elapsed: 0.001 sec - in com.offbynull.portmapper.mappers.pcp.externalmessages.UnknownPcpOptionTest
Running com.offbynull.portmapper.mappers.natpmp.NatPmpPortMapperIntegrationTest
Tests run: 1, Failures: 0, Errors: 0, Skipped: 1, Time elapsed: 0.001 sec - in com.offbynull.portmapper.mappers.natpmp.NatPmpPortMapperIntegrationTest
Running com.offbynull.portmapper.mappers.natpmp.externalmessages.UdpMappingNatPmpResponseTest
Tests run: 6, Failures: 0, Errors: 0, Skipped: 0, Time elapsed: 0.027 sec - in com.offbynull.portmapper.mappers.natpmp.externalmessages.UdpMappingNatPmpResponseTest
Running com.offbynull.portmapper.mappers.natpmp.externalmessages.TcpMappingNatPmpRequestTest
Tests run: 5, Failures: 0, Errors: 0, Skipped: 0, Time elapsed: 0.018 sec - in com.offbynull.portmapper.mappers.natpmp.externalmessages.TcpMappingNatPmpRequestTest
Running com.offbynull.portmapper.mappers.natpmp.externalmessages.UdpMappingNatPmpRequestTest
Tests run: 5, Failures: 0, Errors: 0, Skipped: 0, Time elapsed: 0.009 sec - in com.offbynull.portmapper.mappers.natpmp.externalmessages.UdpMappingNatPmpRequestTest
Running com.offbynull.portmapper.mappers.natpmp.externalmessages.ExternalAddressNatPmpRequestTest
Tests run: 4, Failures: 0, Errors: 0, Skipped: 0, Time elapsed: 0.027 sec - in com.offbynull.portmapper.mappers.natpmp.externalmessages.ExternalAddressNatPmpRequestTest
Running com.offbynull.portmapper.mappers.natpmp.externalmessages.TcpMappingNatPmpResponseTest
Tests run: 6, Failures: 0, Errors: 0, Skipped: 0, Time elapsed: 0.001 sec - in com.offbynull.portmapper.mappers.natpmp.externalmessages.TcpMappingNatPmpResponseTest
Running com.offbynull.portmapper.mappers.natpmp.externalmessages.ExternalAddressNatPmpResponseTest
Tests run: 5, Failures: 0, Errors: 0, Skipped: 0, Time elapsed: 0.01 sec - in com.offbynull.portmapper.mappers.natpmp.externalmessages.ExternalAddressNatPmpResponseTest
Running com.offbynull.portmapper.mappers.upnpigd.externalmessages.AddPortMappingUpnpIgdResponseTest
Tests run: 2, Failures: 0, Errors: 0, Skipped: 0, Time elapsed: 0.153 sec - in com.offbynull.portmapper.mappers.upnpigd.externalmessages.AddPortMappingUpnpIgdResponseTest
Running com.offbynull.portmapper.mappers.upnpigd.externalmessages.DeletePortMappingUpnpIgdRequestTest
Tests run: 4, Failures: 0, Errors: 0, Skipped: 0, Time elapsed: 0.318 sec - in com.offbynull.portmapper.mappers.upnpigd.externalmessages.DeletePortMappingUpnpIgdRequestTest
Running com.offbynull.portmapper.mappers.upnpigd.externalmessages.ServiceDescriptionUpnpIgdResponseTest
Tests run: 5, Failures: 0, Errors: 0, Skipped: 0, Time elapsed: 0.092 sec - in com.offbynull.portmapper.mappers.upnpigd.externalmessages.ServiceDescriptionUpnpIgdResponseTest
Running com.offbynull.portmapper.mappers.upnpigd.externalmessages.DeletePinholeUpnpIgdRequestTest
Tests run: 1, Failures: 0, Errors: 0, Skipped: 0, Time elapsed: 0.025 sec - in com.offbynull.portmapper.mappers.upnpigd.externalmessages.DeletePinholeUpnpIgdRequestTest
Running com.offbynull.portmapper.mappers.upnpigd.externalmessages.RootUpnpIgdResponseTest
Tests run: 5, Failures: 0, Errors: 0, Skipped: 0, Time elapsed: 0.08 sec - in com.offbynull.portmapper.mappers.upnpigd.externalmessages.RootUpnpIgdResponseTest
Running com.offbynull.portmapper.mappers.upnpigd.externalmessages.RootUpnpIgdRequestTest
Tests run: 1, Failures: 0, Errors: 0, Skipped: 0, Time elapsed: 0.024 sec - in com.offbynull.portmapper.mappers.upnpigd.externalmessages.RootUpnpIgdRequestTest
Running com.offbynull.portmapper.mappers.upnpigd.externalmessages.GetSpecificPortMappingEntryUpnpIgdRequestTest
Tests run: 4, Failures: 0, Errors: 0, Skipped: 0, Time elapsed: 0 sec - in com.offbynull.portmapper.mappers.upnpigd.externalmessages.GetSpecificPortMappingEntryUpnpIgdRequestTest
Running com.offbynull.portmapper.mappers.upnpigd.externalmessages.AddPinholeUpnpIgdRequestTest
Tests run: 6, Failures: 0, Errors: 0, Skipped: 0, Time elapsed: 0 sec - in com.offbynull.portmapper.mappers.upnpigd.externalmessages.AddPinholeUpnpIgdRequestTest
Running com.offbynull.portmapper.mappers.upnpigd.externalmessages.ServiceDiscoveryUpnpIgdRequestTest
Tests run: 5, Failures: 0, Errors: 0, Skipped: 0, Time elapsed: 0 sec - in com.offbynull.portmapper.mappers.upnpigd.externalmessages.ServiceDiscoveryUpnpIgdRequestTest
Running com.offbynull.portmapper.mappers.upnpigd.externalmessages.DeletePortMappingUpnpIgdResponseTest
Tests run: 2, Failures: 0, Errors: 0, Skipped: 0, Time elapsed: 0 sec - in com.offbynull.portmapper.mappers.upnpigd.externalmessages.DeletePortMappingUpnpIgdResponseTest
Running com.offbynull.portmapper.mappers.upnpigd.externalmessages.AddPortMappingUpnpIgdRequestTest
Tests run: 6, Failures: 0, Errors: 0, Skipped: 0, Time elapsed: 0 sec - in com.offbynull.portmapper.mappers.upnpigd.externalmessages.AddPortMappingUpnpIgdRequestTest
Running com.offbynull.portmapper.mappers.upnpigd.externalmessages.GetExternalIpAddressUpnpIgdResponseTest
Tests run: 4, Failures: 0, Errors: 0, Skipped: 0, Time elapsed: 0.026 sec - in com.offbynull.portmapper.mappers.upnpigd.externalmessages.GetExternalIpAddressUpnpIgdResponseTest
Running com.offbynull.portmapper.mappers.upnpigd.externalmessages.ServiceDescriptionUpnpIgdRequestTest
Tests run: 1, Failures: 0, Errors: 0, Skipped: 0, Time elapsed: 0.01 sec - in com.offbynull.portmapper.mappers.upnpigd.externalmessages.ServiceDescriptionUpnpIgdRequestTest
Running com.offbynull.portmapper.mappers.upnpigd.externalmessages.ServiceDiscoveryUpnpIgdResponseTest
Tests run: 6, Failures: 0, Errors: 0, Skipped: 0, Time elapsed: 0.011 sec - in com.offbynull.portmapper.mappers.upnpigd.externalmessages.ServiceDiscoveryUpnpIgdResponseTest
Running com.offbynull.portmapper.mappers.upnpigd.externalmessages.UpdatePinholeUpnpIgdRequestTest
Tests run: 2, Failures: 0, Errors: 0, Skipped: 0, Time elapsed: 0.018 sec - in com.offbynull.portmapper.mappers.upnpigd.externalmessages.UpdatePinholeUpnpIgdRequestTest
Running com.offbynull.portmapper.mappers.upnpigd.externalmessages.DeletePinholeUpnpIgdResponseTest
Tests run: 2, Failures: 0, Errors: 0, Skipped: 0, Time elapsed: 0.007 sec - in com.offbynull.portmapper.mappers.upnpigd.externalmessages.DeletePinholeUpnpIgdResponseTest
Running com.offbynull.portmapper.mappers.upnpigd.externalmessages.UpdatePinholeUpnpIgdResponseTest
Tests run: 2, Failures: 0, Errors: 0, Skipped: 0, Time elapsed: 0.014 sec - in com.offbynull.portmapper.mappers.upnpigd.externalmessages.UpdatePinholeUpnpIgdResponseTest
Running com.offbynull.portmapper.mappers.upnpigd.externalmessages.AddPinholeUpnpIgdResponseTest
Tests run: 3, Failures: 0, Errors: 0, Skipped: 0, Time elapsed: 0 sec - in com.offbynull.portmapper.mappers.upnpigd.externalmessages.AddPinholeUpnpIgdResponseTest
Running com.offbynull.portmapper.mappers.upnpigd.externalmessages.GetExternalIpAddressUpnpIgdRequestTest
Tests run: 1, Failures: 0, Errors: 0, Skipped: 0, Time elapsed: 0.006 sec - in com.offbynull.portmapper.mappers.upnpigd.externalmessages.GetExternalIpAddressUpnpIgdRequestTest
Running com.offbynull.portmapper.mappers.upnpigd.externalmessages.GetSpecificPortMappingEntryUpnpIgdResponseTest
Tests run: 3, Failures: 0, Errors: 0, Skipped: 0, Time elapsed: 0.009 sec - in com.offbynull.portmapper.mappers.upnpigd.externalmessages.GetSpecificPortMappingEntryUpnpIgdResponseTest
Running com.offbynull.portmapper.mappers.upnpigd.UpnpIgdPortMapperIntegrationTest
Tests run: 1, Failures: 0, Errors: 0, Skipped: 1, Time elapsed: 0 sec - in com.offbynull.portmapper.mappers.upnpigd.UpnpIgdPortMapperIntegrationTest
Running com.offbynull.portmapper.gateways.process.ProcessGatewayTest
Tests run: 1, Failures: 0, Errors: 0, Skipped: 1, Time elapsed: 0.001 sec - in com.offbynull.portmapper.gateways.process.ProcessGatewayTest
Running com.offbynull.portmapper.gateways.network.NetworkGatewayTest
Tests run: 2, Failures: 0, Errors: 0, Skipped: 0, Time elapsed: 2.111 sec - in com.offbynull.portmapper.gateways.network.NetworkGatewayTest
Running com.offbynull.portmapper.helpers.ByteBufferUtilsTest
Tests run: 5, Failures: 0, Errors: 0, Skipped: 0, Time elapsed: 0 sec - in com.offbynull.portmapper.helpers.ByteBufferUtilsTest
Running com.offbynull.portmapper.helpers.NetworkUtilsTest
Tests run: 8, Failures: 0, Errors: 0, Skipped: 0, Time elapsed: 0.002 sec - in com.offbynull.portmapper.helpers.NetworkUtilsTest
Running com.offbynull.portmapper.helpers.TextUtilsTest
Tests run: 37, Failures: 0, Errors: 0, Skipped: 0, Time elapsed: 0.018 sec - in com.offbynull.portmapper.helpers.TextUtilsTest

Results :

Tests run: 222, Failures: 0, Errors: 0, Skipped: 5

[INFO] 
[INFO] --- jacoco-maven-plugin:0.8.5:report (report) @ portmapper ---
[INFO] Loading execution data file /tmp/tmp_w3w275s/portmapper/target/jacoco.exec
[INFO] Analyzed bundle 'com.offbynull.portmapper:portmapper' with 276 classes
[INFO] ------------------------------------------------------------------------
[INFO] BUILD SUCCESS
[INFO] ------------------------------------------------------------------------
[INFO] Total time:  38.091 s
[INFO] Finished at: 2020-07-30T22:35:17Z
[INFO] ------------------------------------------------------------------------
