[INFO] Error stacktraces are turned on.
[INFO] Scanning for projects...
[INFO] 
[INFO] ----------------------< org.zkoss:zkgooglecharts >----------------------
[INFO] Building ZK Google Charts 0.3.1-SNAPSHOT
[INFO] --------------------------------[ jar ]---------------------------------
[INFO] 
[INFO] --- jacoco-maven-plugin:0.8.5:prepare-agent (default) @ zkgooglecharts ---
[INFO] argLine set to -javaagent:/home/jdbl/.m2/repository/org/jacoco/org.jacoco.agent/0.8.5/org.jacoco.agent-0.8.5-runtime.jar=destfile=/tmp/tmp3vgbkau_/zkgooglecharts/target/jacoco.exec
[INFO] 
[INFO] --- maven-resources-plugin:2.6:resources (default-resources) @ zkgooglecharts ---
[INFO] Using 'UTF-8' encoding to copy filtered resources.
[INFO] Copying 8 resources
[INFO] 
[INFO] --- maven-compiler-plugin:2.3.2:compile (default-compile) @ zkgooglecharts ---
[INFO] Compiling 15 source files to /tmp/tmp3vgbkau_/zkgooglecharts/target/classes
[INFO] 
[INFO] --- maven-resources-plugin:2.6:testResources (default-testResources) @ zkgooglecharts ---
[INFO] Using 'UTF-8' encoding to copy filtered resources.
[INFO] Copying 1 resource
[INFO] 
[INFO] --- maven-compiler-plugin:2.3.2:testCompile (default-testCompile) @ zkgooglecharts ---
[INFO] Compiling 3 source files to /tmp/tmp3vgbkau_/zkgooglecharts/target/classes
[INFO] 
[INFO] --- maven-surefire-plugin:2.19.1:test (default-test) @ zkgooglecharts ---
[INFO] Surefire report directory: /tmp/tmp3vgbkau_/zkgooglecharts/target/surefire-reports

-------------------------------------------------------
 T E S T S
-------------------------------------------------------
Running org.zkoss.google.charts.DataTableManipulationTest
Tests run: 13, Failures: 0, Errors: 0, Skipped: 0, Time elapsed: 0.244 sec - in org.zkoss.google.charts.DataTableManipulationTest
Running org.zkoss.google.charts.DataTableSerializationTest
Tests run: 1, Failures: 0, Errors: 0, Skipped: 0, Time elapsed: 0.054 sec - in org.zkoss.google.charts.DataTableSerializationTest

Results :

Tests run: 14, Failures: 0, Errors: 0, Skipped: 0

[INFO] 
[INFO] --- jacoco-maven-plugin:0.8.5:report (report) @ zkgooglecharts ---
[INFO] Loading execution data file /tmp/tmp3vgbkau_/zkgooglecharts/target/jacoco.exec
[INFO] Analyzed bundle 'ZK Google Charts' with 58 classes
[INFO] ------------------------------------------------------------------------
[INFO] BUILD SUCCESS
[INFO] ------------------------------------------------------------------------
[INFO] Total time:  39.987 s
[INFO] Finished at: 2020-07-30T23:14:07Z
[INFO] ------------------------------------------------------------------------
