[INFO] Error stacktraces are turned on.
[INFO] Scanning for projects...
[INFO] 
[INFO] ------------------< org.simondean.vertx:vertx-async >-------------------
[INFO] Building vertx-async 0.1.8-SNAPSHOT
[INFO] --------------------------------[ jar ]---------------------------------
[INFO] 
[INFO] --- jacoco-maven-plugin:0.8.5:prepare-agent (default) @ vertx-async ---
[INFO] argLine set to -javaagent:/home/jdbl/.m2/repository/org/jacoco/org.jacoco.agent/0.8.5/org.jacoco.agent-0.8.5-runtime.jar=destfile=/tmp/tmpwh0cqgl2/vertx-async/target/jacoco.exec
[INFO] 
[INFO] --- maven-resources-plugin:2.6:resources (default-resources) @ vertx-async ---
[INFO] Using 'UTF-8' encoding to copy filtered resources.
[INFO] Copying 2 resources
[INFO] 
[INFO] --- maven-compiler-plugin:3.0:compile (default-compile) @ vertx-async ---
[INFO] Changes detected - recompiling the module!
[INFO] Compiling 26 source files to /tmp/tmpwh0cqgl2/vertx-async/target/classes
[WARNING] /tmp/tmpwh0cqgl2/vertx-async/src/main/java/org/simondean/vertx/async/internal/IterableBuilderImpl.java: Some input files use unchecked or unsafe operations.
[WARNING] /tmp/tmpwh0cqgl2/vertx-async/src/main/java/org/simondean/vertx/async/internal/IterableBuilderImpl.java: Recompile with -Xlint:unchecked for details.
[INFO] 
[INFO] --- maven-resources-plugin:2.6:copy-resources (copy-mod-to-target) @ vertx-async ---
[INFO] Using 'UTF-8' encoding to copy filtered resources.
[INFO] Copying 828 resources
[INFO] 
[INFO] --- maven-dependency-plugin:2.7:copy-dependencies (copy-mod-dependencies-to-target) @ vertx-async ---
[INFO] 
[INFO] --- maven-dependency-plugin:2.7:copy-dependencies (copy-mod-dependencies-to-target-dependencies) @ vertx-async ---
[INFO] 
[INFO] --- maven-resources-plugin:2.6:testResources (default-testResources) @ vertx-async ---
[INFO] Using 'UTF-8' encoding to copy filtered resources.
[INFO] skip non existing resourceDirectory /tmp/tmpwh0cqgl2/vertx-async/src/test/resources
[INFO] 
[INFO] --- maven-compiler-plugin:3.0:testCompile (default-testCompile) @ vertx-async ---
[INFO] Changes detected - recompiling the module!
[INFO] Compiling 26 source files to /tmp/tmpwh0cqgl2/vertx-async/target/test-classes
[INFO] 
[INFO] --- maven-surefire-plugin:2.19.1:test (default-test) @ vertx-async ---
[INFO] Surefire report directory: /tmp/tmpwh0cqgl2/vertx-async/target/surefire-reports

-------------------------------------------------------
 T E S T S
-------------------------------------------------------
Running org.simondean.vertx.async.unit.WaterfallTest
Tests run: 6, Failures: 0, Errors: 0, Skipped: 0, Time elapsed: 0.191 sec - in org.simondean.vertx.async.unit.WaterfallTest
Running org.simondean.vertx.async.unit.RetryExampleTest
Tests run: 2, Failures: 0, Errors: 0, Skipped: 0, Time elapsed: 0 sec - in org.simondean.vertx.async.unit.RetryExampleTest
Running org.simondean.vertx.async.unit.AsyncTest
Tests run: 5, Failures: 0, Errors: 0, Skipped: 0, Time elapsed: 0 sec - in org.simondean.vertx.async.unit.AsyncTest
Running org.simondean.vertx.async.unit.WaterfallExampleTest
Tests run: 2, Failures: 0, Errors: 0, Skipped: 0, Time elapsed: 0 sec - in org.simondean.vertx.async.unit.WaterfallExampleTest
Running org.simondean.vertx.async.unit.SeriesExampleTest
Tests run: 2, Failures: 0, Errors: 0, Skipped: 0, Time elapsed: 0.014 sec - in org.simondean.vertx.async.unit.SeriesExampleTest
Running org.simondean.vertx.async.unit.ForeverExampleTest
Tests run: 1, Failures: 0, Errors: 0, Skipped: 0, Time elapsed: 0.002 sec - in org.simondean.vertx.async.unit.ForeverExampleTest
Running org.simondean.vertx.async.unit.EachTest
Tests run: 5, Failures: 0, Errors: 0, Skipped: 0, Time elapsed: 0.004 sec - in org.simondean.vertx.async.unit.EachTest
Running org.simondean.vertx.async.unit.RetryTest
Tests run: 4, Failures: 0, Errors: 0, Skipped: 0, Time elapsed: 0 sec - in org.simondean.vertx.async.unit.RetryTest
Running org.simondean.vertx.async.unit.EachExampleTest
Tests run: 2, Failures: 0, Errors: 0, Skipped: 0, Time elapsed: 0 sec - in org.simondean.vertx.async.unit.EachExampleTest
Running org.simondean.vertx.async.unit.SeriesTest
Tests run: 5, Failures: 0, Errors: 0, Skipped: 0, Time elapsed: 0.002 sec - in org.simondean.vertx.async.unit.SeriesTest
Running org.simondean.vertx.async.unit.ForeverTest
Tests run: 1, Failures: 0, Errors: 0, Skipped: 0, Time elapsed: 0 sec - in org.simondean.vertx.async.unit.ForeverTest

Results :

Tests run: 35, Failures: 0, Errors: 0, Skipped: 0

[INFO] 
[INFO] >>> maven-surefire-report-plugin:2.14:report-only (generate-test-report) > [surefire]validate @ vertx-async >>>
[INFO] 
[INFO] <<< maven-surefire-report-plugin:2.14:report-only (generate-test-report) < [surefire]validate @ vertx-async <<<
[INFO] 
[INFO] 
[INFO] --- maven-surefire-report-plugin:2.14:report-only (generate-test-report) @ vertx-async ---
[WARNING] Unable to locate Test Source XRef to link to - DISABLED
[INFO] 
[INFO] --- jacoco-maven-plugin:0.8.5:report (report) @ vertx-async ---
[INFO] Loading execution data file /tmp/tmpwh0cqgl2/vertx-async/target/jacoco.exec
[INFO] Analyzed bundle 'vertx-async' with 713 classes
[INFO] ------------------------------------------------------------------------
[INFO] BUILD SUCCESS
[INFO] ------------------------------------------------------------------------
[INFO] Total time:  16.934 s
[INFO] Finished at: 2020-07-31T08:35:29Z
[INFO] ------------------------------------------------------------------------
