[INFO] Error stacktraces are turned on.
[INFO] Scanning for projects...
[INFO] Inspecting build with total of 1 modules...
[INFO] Installing Nexus Staging features:
[INFO]   ... total of 1 executions of maven-deploy-plugin replaced with nexus-staging-maven-plugin
[INFO] 
[INFO] ----------------------< com.jwplayer:jwplatform >-----------------------
[INFO] Building JWPlatform-Java 0.3.1
[INFO] --------------------------------[ jar ]---------------------------------
[INFO] 
[INFO] --- jacoco-maven-plugin:0.8.5:prepare-agent (default) @ jwplatform ---
[INFO] argLine set to -javaagent:/home/jdbl/.m2/repository/org/jacoco/org.jacoco.agent/0.8.5/org.jacoco.agent-0.8.5-runtime.jar=destfile=/tmp/tmp6t740vqr/jwplatform-java/target/jacoco.exec
[INFO] 
[INFO] --- maven-resources-plugin:2.6:resources (default-resources) @ jwplatform ---
[INFO] Using 'UTF-8' encoding to copy filtered resources.
[INFO] skip non existing resourceDirectory /tmp/tmp6t740vqr/jwplatform-java/src/main/resources
[INFO] 
[INFO] --- maven-compiler-plugin:3.1:compile (default-compile) @ jwplatform ---
[INFO] Changes detected - recompiling the module!
[INFO] Compiling 34 source files to /tmp/tmp6t740vqr/jwplatform-java/target/classes
[INFO] 
[INFO] --- maven-resources-plugin:2.6:testResources (default-testResources) @ jwplatform ---
[INFO] Using 'UTF-8' encoding to copy filtered resources.
[INFO] skip non existing resourceDirectory /tmp/tmp6t740vqr/jwplatform-java/src/test/resources
[INFO] 
[INFO] --- maven-compiler-plugin:3.1:testCompile (default-testCompile) @ jwplatform ---
[INFO] Changes detected - recompiling the module!
[INFO] Compiling 2 source files to /tmp/tmp6t740vqr/jwplatform-java/target/test-classes
[WARNING] /tmp/tmp6t740vqr/jwplatform-java/src/test/java/com/jwplayer/jwplatform/TestJWPlatformClient.java: Some input files use unchecked or unsafe operations.
[WARNING] /tmp/tmp6t740vqr/jwplatform-java/src/test/java/com/jwplayer/jwplatform/TestJWPlatformClient.java: Recompile with -Xlint:unchecked for details.
[INFO] 
[INFO] --- maven-surefire-plugin:2.19.1:test (default-test) @ jwplatform ---
[INFO] Surefire report directory: /tmp/tmp6t740vqr/jwplatform-java/target/surefire-reports

-------------------------------------------------------
 T E S T S
-------------------------------------------------------
Running com.jwplayer.jwplatform.exception.TestJWPlatformClientExceptions
Detected late test-suite preparation of already initiated test-class com.jwplayer.jwplatform.exception.TestJWPlatformClientExceptions
Tests run: 31, Failures: 0, Errors: 0, Skipped: 0, Time elapsed: 2.772 sec - in com.jwplayer.jwplatform.exception.TestJWPlatformClientExceptions
Running com.jwplayer.jwplatform.TestJWPlatformClient
Tests run: 8, Failures: 0, Errors: 0, Skipped: 0, Time elapsed: 1.176 sec - in com.jwplayer.jwplatform.TestJWPlatformClient

Results :

Tests run: 39, Failures: 0, Errors: 0, Skipped: 0

[INFO] 
[INFO] --- jacoco-maven-plugin:0.8.5:report (report) @ jwplatform ---
[INFO] Loading execution data file /tmp/tmp6t740vqr/jwplatform-java/target/jacoco.exec
[INFO] Analyzed bundle 'JWPlatform-Java' with 279 classes
[INFO] ------------------------------------------------------------------------
[INFO] BUILD SUCCESS
[INFO] ------------------------------------------------------------------------
[INFO] Total time:  27.501 s
[INFO] Finished at: 2020-07-30T21:11:19Z
[INFO] ------------------------------------------------------------------------
