[INFO] Error stacktraces are turned on.
[INFO] Scanning for projects...
[WARNING] 
[WARNING] Some problems were encountered while building the effective model for pl.zankowski:ib-product-parser:jar:1.0
[WARNING] 'build.plugins.plugin.version' for org.apache.maven.plugins:maven-compiler-plugin is missing. @ line 30, column 15
[WARNING] 
[WARNING] It is highly recommended to fix these problems because they threaten the stability of your build.
[WARNING] 
[WARNING] For this reason, future Maven versions might no longer support building such malformed projects.
[WARNING] 
[INFO] 
[INFO] -------------------< pl.zankowski:ib-product-parser >-------------------
[INFO] Building ib-product-parser 1.0
[INFO] --------------------------------[ jar ]---------------------------------
[INFO] 
[INFO] --- jacoco-maven-plugin:0.8.5:prepare-agent (default) @ ib-product-parser ---
[INFO] argLine set to -javaagent:/home/jdbl/.m2/repository/org/jacoco/org.jacoco.agent/0.8.5/org.jacoco.agent-0.8.5-runtime.jar=destfile=/tmp/tmpfur6o0q9/ib-product-parser/target/jacoco.exec
[INFO] 
[INFO] --- maven-resources-plugin:2.6:resources (default-resources) @ ib-product-parser ---
[WARNING] Using platform encoding (UTF-8 actually) to copy filtered resources, i.e. build is platform dependent!
[INFO] skip non existing resourceDirectory /tmp/tmpfur6o0q9/ib-product-parser/src/main/resources
[INFO] 
[INFO] --- maven-compiler-plugin:3.1:compile (default-compile) @ ib-product-parser ---
[INFO] Changes detected - recompiling the module!
[WARNING] File encoding has not been set, using platform encoding UTF-8, i.e. build is platform dependent!
[INFO] Compiling 14 source files to /tmp/tmpfur6o0q9/ib-product-parser/target/classes
[INFO] 
[INFO] --- maven-resources-plugin:2.6:testResources (default-testResources) @ ib-product-parser ---
[WARNING] Using platform encoding (UTF-8 actually) to copy filtered resources, i.e. build is platform dependent!
[INFO] skip non existing resourceDirectory /tmp/tmpfur6o0q9/ib-product-parser/src/test/resources
[INFO] 
[INFO] --- maven-compiler-plugin:3.1:testCompile (default-testCompile) @ ib-product-parser ---
[INFO] Changes detected - recompiling the module!
[WARNING] File encoding has not been set, using platform encoding UTF-8, i.e. build is platform dependent!
[INFO] Compiling 4 source files to /tmp/tmpfur6o0q9/ib-product-parser/target/test-classes
[INFO] 
[INFO] --- maven-surefire-plugin:2.19.1:test (default-test) @ ib-product-parser ---
[INFO] Surefire report directory: /tmp/tmpfur6o0q9/ib-product-parser/target/surefire-reports

-------------------------------------------------------
 T E S T S
-------------------------------------------------------
Running pl.zankowski.ibpp.IBProductParserTest
Tests run: 1, Failures: 0, Errors: 0, Skipped: 0, Time elapsed: 0.193 sec - in pl.zankowski.ibpp.IBProductParserTest
Running pl.zankowski.ibpp.cli.CommandLineParserTest
Tests run: 10, Failures: 0, Errors: 0, Skipped: 0, Time elapsed: 0.011 sec - in pl.zankowski.ibpp.cli.CommandLineParserTest
Running pl.zankowski.ibpp.io.FileWriterTest
Saved testFile.txt file.
Tests run: 1, Failures: 0, Errors: 0, Skipped: 0, Time elapsed: 0.005 sec - in pl.zankowski.ibpp.io.FileWriterTest
Running pl.zankowski.ibpp.formatter.SimpleFormatterTest
Tests run: 2, Failures: 0, Errors: 0, Skipped: 0, Time elapsed: 0.004 sec - in pl.zankowski.ibpp.formatter.SimpleFormatterTest

Results :

Tests run: 14, Failures: 0, Errors: 0, Skipped: 0

[INFO] 
[INFO] --- jacoco-maven-plugin:0.8.5:report (report) @ ib-product-parser ---
[INFO] Loading execution data file /tmp/tmpfur6o0q9/ib-product-parser/target/jacoco.exec
[INFO] Analyzed bundle 'ib-product-parser' with 1003 classes
[INFO] ------------------------------------------------------------------------
[INFO] BUILD SUCCESS
[INFO] ------------------------------------------------------------------------
[INFO] Total time:  7.677 s
[INFO] Finished at: 2020-07-30T20:17:02Z
[INFO] ------------------------------------------------------------------------
