[INFO] Error stacktraces are turned on.
[INFO] Scanning for projects...
[INFO] 
[INFO] -------------------------< hljunlp:laozhongyi >-------------------------
[INFO] Building laozhongyi 0.0.1-SNAPSHOT
[INFO] --------------------------------[ jar ]---------------------------------
[INFO] 
[INFO] --- maven-enforcer-plugin:1.0:enforce (enforce-ban-circular-dependencies) @ laozhongyi ---
[INFO] 
[INFO] --- jacoco-maven-plugin:0.8.5:prepare-agent (default) @ laozhongyi ---
[INFO] argLine set to -javaagent:/home/jdbl/.m2/repository/org/jacoco/org.jacoco.agent/0.8.5/org.jacoco.agent-0.8.5-runtime.jar=destfile=/tmp/tmpex5a7g1q/laozhongyi/target/jacoco.exec
[INFO] 
[INFO] --- maven-resources-plugin:2.6:resources (default-resources) @ laozhongyi ---
[INFO] Using 'UTF-8' encoding to copy filtered resources.
[INFO] skip non existing resourceDirectory /tmp/tmpex5a7g1q/laozhongyi/src/main/resources
[INFO] 
[INFO] --- maven-compiler-plugin:3.1:compile (default-compile) @ laozhongyi ---
[INFO] Changes detected - recompiling the module!
[INFO] Compiling 15 source files to /tmp/tmpex5a7g1q/laozhongyi/target/classes
[INFO] 
[INFO] --- maven-resources-plugin:2.6:testResources (default-testResources) @ laozhongyi ---
[INFO] Using 'UTF-8' encoding to copy filtered resources.
[INFO] skip non existing resourceDirectory /tmp/tmpex5a7g1q/laozhongyi/src/test/resources
[INFO] 
[INFO] --- maven-compiler-plugin:3.1:testCompile (default-testCompile) @ laozhongyi ---
[INFO] Changes detected - recompiling the module!
[INFO] Compiling 1 source file to /tmp/tmpex5a7g1q/laozhongyi/target/test-classes
[INFO] 
[INFO] --- maven-surefire-plugin:2.19.1:test (default-test) @ laozhongyi ---
[INFO] Surefire report directory: /tmp/tmpex5a7g1q/laozhongyi/target/surefire-reports

-------------------------------------------------------
 T E S T S
-------------------------------------------------------
Running com.hljunlp.laozhongyi.strategy.StrategyTest
TraiditionalSimulatedAnnealingStrategy chooseSuitableIndex: max result is 0.49
TraiditionalSimulatedAnnealingStrategy chooseSuitableIndex prob is 0.99004984
1
SimulatedAnnealingStrategy iterationEnd mT:0.9
TraiditionalSimulatedAnnealingStrategy chooseSuitableIndex: max result is 0.49
TraiditionalSimulatedAnnealingStrategy chooseSuitableIndex prob is 0.9889504
1
SimulatedAnnealingStrategy iterationEnd mT:0.80999994
TraiditionalSimulatedAnnealingStrategy chooseSuitableIndex: max result is 0.49
TraiditionalSimulatedAnnealingStrategy chooseSuitableIndex prob is 0.9877302
1
SimulatedAnnealingStrategy iterationEnd mT:0.7289999
TraiditionalSimulatedAnnealingStrategy chooseSuitableIndex: max result is 0.49
TraiditionalSimulatedAnnealingStrategy chooseSuitableIndex prob is 0.9863762
1
SimulatedAnnealingStrategy iterationEnd mT:0.6560999
TraiditionalSimulatedAnnealingStrategy chooseSuitableIndex: max result is 0.49
TraiditionalSimulatedAnnealingStrategy chooseSuitableIndex prob is 0.984874
1
SimulatedAnnealingStrategy iterationEnd mT:0.5904899
TraiditionalSimulatedAnnealingStrategy chooseSuitableIndex: max result is 0.49
TraiditionalSimulatedAnnealingStrategy chooseSuitableIndex prob is 0.9832075
0
SimulatedAnnealingStrategy iterationEnd mT:0.5314409
TraiditionalSimulatedAnnealingStrategy chooseSuitableIndex: max result is 0.49
TraiditionalSimulatedAnnealingStrategy chooseSuitableIndex prob is 0.9813592
1
SimulatedAnnealingStrategy iterationEnd mT:0.47829682
TraiditionalSimulatedAnnealingStrategy chooseSuitableIndex: max result is 0.49
TraiditionalSimulatedAnnealingStrategy chooseSuitableIndex prob is 0.97930956
1
SimulatedAnnealingStrategy iterationEnd mT:0.43046713
TraiditionalSimulatedAnnealingStrategy chooseSuitableIndex: max result is 0.49
TraiditionalSimulatedAnnealingStrategy chooseSuitableIndex prob is 0.9770372
1
SimulatedAnnealingStrategy iterationEnd mT:0.38742042
TraiditionalSimulatedAnnealingStrategy chooseSuitableIndex: max result is 0.49
TraiditionalSimulatedAnnealingStrategy chooseSuitableIndex prob is 0.97451854
1
SimulatedAnnealingStrategy iterationEnd mT:0.34867835
TraiditionalSimulatedAnnealingStrategy chooseSuitableIndex: max result is 0.49
TraiditionalSimulatedAnnealingStrategy chooseSuitableIndex prob is 0.97172767
1
SimulatedAnnealingStrategy iterationEnd mT:0.3138105
TraiditionalSimulatedAnnealingStrategy chooseSuitableIndex: max result is 0.49
TraiditionalSimulatedAnnealingStrategy chooseSuitableIndex prob is 0.96863604
1
SimulatedAnnealingStrategy iterationEnd mT:0.28242943
TraiditionalSimulatedAnnealingStrategy chooseSuitableIndex: max result is 0.49
TraiditionalSimulatedAnnealingStrategy chooseSuitableIndex prob is 0.96521246
1
SimulatedAnnealingStrategy iterationEnd mT:0.25418648
TraiditionalSimulatedAnnealingStrategy chooseSuitableIndex: max result is 0.49
TraiditionalSimulatedAnnealingStrategy chooseSuitableIndex prob is 0.9614227
1
SimulatedAnnealingStrategy iterationEnd mT:0.22876783
TraiditionalSimulatedAnnealingStrategy chooseSuitableIndex: max result is 0.49
TraiditionalSimulatedAnnealingStrategy chooseSuitableIndex prob is 0.9572292
1
SimulatedAnnealingStrategy iterationEnd mT:0.20589104
TraiditionalSimulatedAnnealingStrategy chooseSuitableIndex: max result is 0.49
TraiditionalSimulatedAnnealingStrategy chooseSuitableIndex prob is 0.9525913
1
SimulatedAnnealingStrategy iterationEnd mT:0.18530193
TraiditionalSimulatedAnnealingStrategy chooseSuitableIndex: max result is 0.49
TraiditionalSimulatedAnnealingStrategy chooseSuitableIndex prob is 0.9474644
1
SimulatedAnnealingStrategy iterationEnd mT:0.16677174
TraiditionalSimulatedAnnealingStrategy chooseSuitableIndex: max result is 0.49
TraiditionalSimulatedAnnealingStrategy chooseSuitableIndex prob is 0.9418002
1
SimulatedAnnealingStrategy iterationEnd mT:0.15009457
TraiditionalSimulatedAnnealingStrategy chooseSuitableIndex: max result is 0.49
TraiditionalSimulatedAnnealingStrategy chooseSuitableIndex prob is 0.93554634
1
SimulatedAnnealingStrategy iterationEnd mT:0.1350851
TraiditionalSimulatedAnnealingStrategy chooseSuitableIndex: max result is 0.49
TraiditionalSimulatedAnnealingStrategy chooseSuitableIndex prob is 0.9286463
1
SimulatedAnnealingStrategy iterationEnd mT:0.12157659
TraiditionalSimulatedAnnealingStrategy chooseSuitableIndex: max result is 0.49
TraiditionalSimulatedAnnealingStrategy chooseSuitableIndex prob is 0.9210393
1
SimulatedAnnealingStrategy iterationEnd mT:0.10941893
TraiditionalSimulatedAnnealingStrategy chooseSuitableIndex: max result is 0.49
TraiditionalSimulatedAnnealingStrategy chooseSuitableIndex prob is 0.91266006
1
SimulatedAnnealingStrategy iterationEnd mT:0.098477036
TraiditionalSimulatedAnnealingStrategy chooseSuitableIndex: max result is 0.49
TraiditionalSimulatedAnnealingStrategy chooseSuitableIndex prob is 0.9034392
1
SimulatedAnnealingStrategy iterationEnd mT:0.08862933
TraiditionalSimulatedAnnealingStrategy chooseSuitableIndex: max result is 0.49
TraiditionalSimulatedAnnealingStrategy chooseSuitableIndex prob is 0.8933031
1
SimulatedAnnealingStrategy iterationEnd mT:0.07976639
TraiditionalSimulatedAnnealingStrategy chooseSuitableIndex: max result is 0.49
TraiditionalSimulatedAnnealingStrategy chooseSuitableIndex prob is 0.882174
1
SimulatedAnnealingStrategy iterationEnd mT:0.07178975
TraiditionalSimulatedAnnealingStrategy chooseSuitableIndex: max result is 0.49
TraiditionalSimulatedAnnealingStrategy chooseSuitableIndex prob is 0.8699709
1
SimulatedAnnealingStrategy iterationEnd mT:0.06461077
TraiditionalSimulatedAnnealingStrategy chooseSuitableIndex: max result is 0.49
TraiditionalSimulatedAnnealingStrategy chooseSuitableIndex prob is 0.85660976
1
SimulatedAnnealingStrategy iterationEnd mT:0.05814969
TraiditionalSimulatedAnnealingStrategy chooseSuitableIndex: max result is 0.49
TraiditionalSimulatedAnnealingStrategy chooseSuitableIndex prob is 0.8420046
1
SimulatedAnnealingStrategy iterationEnd mT:0.052334722
TraiditionalSimulatedAnnealingStrategy chooseSuitableIndex: max result is 0.49
TraiditionalSimulatedAnnealingStrategy chooseSuitableIndex prob is 0.8260685
1
SimulatedAnnealingStrategy iterationEnd mT:0.047101248
TraiditionalSimulatedAnnealingStrategy chooseSuitableIndex: max result is 0.49
TraiditionalSimulatedAnnealingStrategy chooseSuitableIndex prob is 0.8087153
0
SimulatedAnnealingStrategy iterationEnd mT:0.04239112
TraiditionalSimulatedAnnealingStrategy chooseSuitableIndex: max result is 0.49
TraiditionalSimulatedAnnealingStrategy chooseSuitableIndex prob is 0.7898611
1
SimulatedAnnealingStrategy iterationEnd mT:0.03815201
TraiditionalSimulatedAnnealingStrategy chooseSuitableIndex: max result is 0.49
TraiditionalSimulatedAnnealingStrategy chooseSuitableIndex prob is 0.76942706
1
SimulatedAnnealingStrategy iterationEnd mT:0.03433681
TraiditionalSimulatedAnnealingStrategy chooseSuitableIndex: max result is 0.49
TraiditionalSimulatedAnnealingStrategy chooseSuitableIndex prob is 0.747342
1
SimulatedAnnealingStrategy iterationEnd mT:0.030903127
TraiditionalSimulatedAnnealingStrategy chooseSuitableIndex: max result is 0.49
TraiditionalSimulatedAnnealingStrategy chooseSuitableIndex prob is 0.72354573
1
SimulatedAnnealingStrategy iterationEnd mT:0.027812814
TraiditionalSimulatedAnnealingStrategy chooseSuitableIndex: max result is 0.49
TraiditionalSimulatedAnnealingStrategy chooseSuitableIndex prob is 0.69799304
1
SimulatedAnnealingStrategy iterationEnd mT:0.025031533
TraiditionalSimulatedAnnealingStrategy chooseSuitableIndex: max result is 0.49
TraiditionalSimulatedAnnealingStrategy chooseSuitableIndex prob is 0.6706582
1
SimulatedAnnealingStrategy iterationEnd mT:0.022528378
TraiditionalSimulatedAnnealingStrategy chooseSuitableIndex: max result is 0.49
TraiditionalSimulatedAnnealingStrategy chooseSuitableIndex prob is 0.64153975
1
SimulatedAnnealingStrategy iterationEnd mT:0.02027554
TraiditionalSimulatedAnnealingStrategy chooseSuitableIndex: max result is 0.49
TraiditionalSimulatedAnnealingStrategy chooseSuitableIndex prob is 0.6106663
1
SimulatedAnnealingStrategy iterationEnd mT:0.018247986
TraiditionalSimulatedAnnealingStrategy chooseSuitableIndex: max result is 0.49
TraiditionalSimulatedAnnealingStrategy chooseSuitableIndex prob is 0.5781019
0
SimulatedAnnealingStrategy iterationEnd mT:0.016423186
TraiditionalSimulatedAnnealingStrategy chooseSuitableIndex: max result is 0.49
TraiditionalSimulatedAnnealingStrategy chooseSuitableIndex prob is 0.5439518
1
SimulatedAnnealingStrategy iterationEnd mT:0.014780867
TraiditionalSimulatedAnnealingStrategy chooseSuitableIndex: max result is 0.49
TraiditionalSimulatedAnnealingStrategy chooseSuitableIndex prob is 0.508368
0
SimulatedAnnealingStrategy iterationEnd mT:0.01330278
TraiditionalSimulatedAnnealingStrategy chooseSuitableIndex: max result is 0.49
TraiditionalSimulatedAnnealingStrategy chooseSuitableIndex prob is 0.4715539
1
SimulatedAnnealingStrategy iterationEnd mT:0.011972502
TraiditionalSimulatedAnnealingStrategy chooseSuitableIndex: max result is 0.49
TraiditionalSimulatedAnnealingStrategy chooseSuitableIndex prob is 0.43376756
0
SimulatedAnnealingStrategy iterationEnd mT:0.010775251
TraiditionalSimulatedAnnealingStrategy chooseSuitableIndex: max result is 0.49
TraiditionalSimulatedAnnealingStrategy chooseSuitableIndex prob is 0.39532316
1
SimulatedAnnealingStrategy iterationEnd mT:0.009697726
TraiditionalSimulatedAnnealingStrategy chooseSuitableIndex: max result is 0.49
TraiditionalSimulatedAnnealingStrategy chooseSuitableIndex prob is 0.35659
0
SimulatedAnnealingStrategy iterationEnd mT:0.008727953
TraiditionalSimulatedAnnealingStrategy chooseSuitableIndex: max result is 0.49
TraiditionalSimulatedAnnealingStrategy chooseSuitableIndex prob is 0.31798756
0
SimulatedAnnealingStrategy iterationEnd mT:0.007855157
TraiditionalSimulatedAnnealingStrategy chooseSuitableIndex: max result is 0.49
TraiditionalSimulatedAnnealingStrategy chooseSuitableIndex prob is 0.279977
0
SimulatedAnnealingStrategy iterationEnd mT:0.0070696413
TraiditionalSimulatedAnnealingStrategy chooseSuitableIndex: max result is 0.49
TraiditionalSimulatedAnnealingStrategy chooseSuitableIndex prob is 0.24304768
0
SimulatedAnnealingStrategy iterationEnd mT:0.006362677
TraiditionalSimulatedAnnealingStrategy chooseSuitableIndex: max result is 0.49
TraiditionalSimulatedAnnealingStrategy chooseSuitableIndex prob is 0.20769928
0
SimulatedAnnealingStrategy iterationEnd mT:0.005726409
TraiditionalSimulatedAnnealingStrategy chooseSuitableIndex: max result is 0.49
TraiditionalSimulatedAnnealingStrategy chooseSuitableIndex prob is 0.17441924
0
SimulatedAnnealingStrategy iterationEnd mT:0.005153768
TraiditionalSimulatedAnnealingStrategy chooseSuitableIndex: max result is 0.49
TraiditionalSimulatedAnnealingStrategy chooseSuitableIndex prob is 0.14365712
0
SimulatedAnnealingStrategy iterationEnd mT:0.004638391
TraiditionalSimulatedAnnealingStrategy chooseSuitableIndex: max result is 0.49
TraiditionalSimulatedAnnealingStrategy chooseSuitableIndex prob is 0.11579686
1
SimulatedAnnealingStrategy iterationEnd mT:0.004174552
TraiditionalSimulatedAnnealingStrategy chooseSuitableIndex: max result is 0.49
TraiditionalSimulatedAnnealingStrategy chooseSuitableIndex prob is 0.091130346
1
SimulatedAnnealingStrategy iterationEnd mT:0.0037570966
TraiditionalSimulatedAnnealingStrategy chooseSuitableIndex: max result is 0.49
TraiditionalSimulatedAnnealingStrategy chooseSuitableIndex prob is 0.069834486
0
SimulatedAnnealingStrategy iterationEnd mT:0.0033813869
TraiditionalSimulatedAnnealingStrategy chooseSuitableIndex: max result is 0.49
TraiditionalSimulatedAnnealingStrategy chooseSuitableIndex prob is 0.05195571
0
SimulatedAnnealingStrategy iterationEnd mT:0.003043248
TraiditionalSimulatedAnnealingStrategy chooseSuitableIndex: max result is 0.49
TraiditionalSimulatedAnnealingStrategy chooseSuitableIndex prob is 0.03740467
0
SimulatedAnnealingStrategy iterationEnd mT:0.0027389233
TraiditionalSimulatedAnnealingStrategy chooseSuitableIndex: max result is 0.49
TraiditionalSimulatedAnnealingStrategy chooseSuitableIndex prob is 0.02596343
0
SimulatedAnnealingStrategy iterationEnd mT:0.0024650309
TraiditionalSimulatedAnnealingStrategy chooseSuitableIndex: max result is 0.49
TraiditionalSimulatedAnnealingStrategy chooseSuitableIndex prob is 0.017305337
0
SimulatedAnnealingStrategy iterationEnd mT:0.0022185277
TraiditionalSimulatedAnnealingStrategy chooseSuitableIndex: max result is 0.49
TraiditionalSimulatedAnnealingStrategy chooseSuitableIndex prob is 0.011026105
0
SimulatedAnnealingStrategy iterationEnd mT:0.0019966748
TraiditionalSimulatedAnnealingStrategy chooseSuitableIndex: max result is 0.49
TraiditionalSimulatedAnnealingStrategy chooseSuitableIndex prob is 0.006682105
0
SimulatedAnnealingStrategy iterationEnd mT:0.0017970073
TraiditionalSimulatedAnnealingStrategy chooseSuitableIndex: max result is 0.49
TraiditionalSimulatedAnnealingStrategy chooseSuitableIndex prob is 0.0038303365
0
SimulatedAnnealingStrategy iterationEnd mT:0.0016173065
TraiditionalSimulatedAnnealingStrategy chooseSuitableIndex: max result is 0.49
TraiditionalSimulatedAnnealingStrategy chooseSuitableIndex prob is 0.0020639906
0
SimulatedAnnealingStrategy iterationEnd mT:0.0014555758
TraiditionalSimulatedAnnealingStrategy chooseSuitableIndex: max result is 0.49
TraiditionalSimulatedAnnealingStrategy chooseSuitableIndex prob is 0.0010383455
0
SimulatedAnnealingStrategy iterationEnd mT:0.0013100182
TraiditionalSimulatedAnnealingStrategy chooseSuitableIndex: max result is 0.49
TraiditionalSimulatedAnnealingStrategy chooseSuitableIndex prob is 4.8397644E-4
0
SimulatedAnnealingStrategy iterationEnd mT:0.0011790164
TraiditionalSimulatedAnnealingStrategy chooseSuitableIndex: max result is 0.49
TraiditionalSimulatedAnnealingStrategy chooseSuitableIndex prob is 2.0723898E-4
0
SimulatedAnnealingStrategy iterationEnd mT:0.0010611147
TraiditionalSimulatedAnnealingStrategy chooseSuitableIndex: max result is 0.49
TraiditionalSimulatedAnnealingStrategy chooseSuitableIndex prob is 8.075887E-5
0
SimulatedAnnealingStrategy iterationEnd mT:0.0010611147
TraiditionalSimulatedAnnealingStrategy chooseSuitableIndex: max result is 0.49
TraiditionalSimulatedAnnealingStrategy chooseSuitableIndex prob is 8.075887E-5
0
SimulatedAnnealingStrategy iterationEnd mT:0.0010611147
TraiditionalSimulatedAnnealingStrategy chooseSuitableIndex: max result is 0.49
TraiditionalSimulatedAnnealingStrategy chooseSuitableIndex prob is 8.075887E-5
0
SimulatedAnnealingStrategy iterationEnd mT:0.0010611147
TraiditionalSimulatedAnnealingStrategy chooseSuitableIndex: max result is 0.49
TraiditionalSimulatedAnnealingStrategy chooseSuitableIndex prob is 8.075887E-5
0
SimulatedAnnealingStrategy iterationEnd mT:0.0010611147
TraiditionalSimulatedAnnealingStrategy chooseSuitableIndex: max result is 0.49
TraiditionalSimulatedAnnealingStrategy chooseSuitableIndex prob is 8.075887E-5
0
SimulatedAnnealingStrategy iterationEnd mT:0.0010611147
TraiditionalSimulatedAnnealingStrategy chooseSuitableIndex: max result is 0.49
TraiditionalSimulatedAnnealingStrategy chooseSuitableIndex prob is 8.075887E-5
0
SimulatedAnnealingStrategy iterationEnd mT:0.0010611147
TraiditionalSimulatedAnnealingStrategy chooseSuitableIndex: max result is 0.49
TraiditionalSimulatedAnnealingStrategy chooseSuitableIndex prob is 8.075887E-5
0
SimulatedAnnealingStrategy iterationEnd mT:0.0010611147
TraiditionalSimulatedAnnealingStrategy chooseSuitableIndex: max result is 0.49
TraiditionalSimulatedAnnealingStrategy chooseSuitableIndex prob is 8.075887E-5
0
SimulatedAnnealingStrategy iterationEnd mT:0.0010611147
TraiditionalSimulatedAnnealingStrategy chooseSuitableIndex: max result is 0.49
TraiditionalSimulatedAnnealingStrategy chooseSuitableIndex prob is 8.075887E-5
0
SimulatedAnnealingStrategy iterationEnd mT:0.0010611147
TraiditionalSimulatedAnnealingStrategy chooseSuitableIndex: max result is 0.49
TraiditionalSimulatedAnnealingStrategy chooseSuitableIndex prob is 8.075887E-5
0
SimulatedAnnealingStrategy iterationEnd mT:0.0010611147
TraiditionalSimulatedAnnealingStrategy chooseSuitableIndex: max result is 0.49
TraiditionalSimulatedAnnealingStrategy chooseSuitableIndex prob is 8.075887E-5
0
SimulatedAnnealingStrategy iterationEnd mT:0.0010611147
TraiditionalSimulatedAnnealingStrategy chooseSuitableIndex: max result is 0.49
TraiditionalSimulatedAnnealingStrategy chooseSuitableIndex prob is 8.075887E-5
0
SimulatedAnnealingStrategy iterationEnd mT:0.0010611147
TraiditionalSimulatedAnnealingStrategy chooseSuitableIndex: max result is 0.49
TraiditionalSimulatedAnnealingStrategy chooseSuitableIndex prob is 8.075887E-5
0
SimulatedAnnealingStrategy iterationEnd mT:0.0010611147
TraiditionalSimulatedAnnealingStrategy chooseSuitableIndex: max result is 0.49
TraiditionalSimulatedAnnealingStrategy chooseSuitableIndex prob is 8.075887E-5
0
SimulatedAnnealingStrategy iterationEnd mT:0.0010611147
TraiditionalSimulatedAnnealingStrategy chooseSuitableIndex: max result is 0.49
TraiditionalSimulatedAnnealingStrategy chooseSuitableIndex prob is 8.075887E-5
0
SimulatedAnnealingStrategy iterationEnd mT:0.0010611147
TraiditionalSimulatedAnnealingStrategy chooseSuitableIndex: max result is 0.49
TraiditionalSimulatedAnnealingStrategy chooseSuitableIndex prob is 8.075887E-5
0
SimulatedAnnealingStrategy iterationEnd mT:0.0010611147
TraiditionalSimulatedAnnealingStrategy chooseSuitableIndex: max result is 0.49
TraiditionalSimulatedAnnealingStrategy chooseSuitableIndex prob is 8.075887E-5
0
SimulatedAnnealingStrategy iterationEnd mT:0.0010611147
TraiditionalSimulatedAnnealingStrategy chooseSuitableIndex: max result is 0.49
TraiditionalSimulatedAnnealingStrategy chooseSuitableIndex prob is 8.075887E-5
0
SimulatedAnnealingStrategy iterationEnd mT:0.0010611147
TraiditionalSimulatedAnnealingStrategy chooseSuitableIndex: max result is 0.49
TraiditionalSimulatedAnnealingStrategy chooseSuitableIndex prob is 8.075887E-5
0
SimulatedAnnealingStrategy iterationEnd mT:0.0010611147
TraiditionalSimulatedAnnealingStrategy chooseSuitableIndex: max result is 0.49
TraiditionalSimulatedAnnealingStrategy chooseSuitableIndex prob is 8.075887E-5
0
SimulatedAnnealingStrategy iterationEnd mT:0.0010611147
TraiditionalSimulatedAnnealingStrategy chooseSuitableIndex: max result is 0.49
TraiditionalSimulatedAnnealingStrategy chooseSuitableIndex prob is 8.075887E-5
0
SimulatedAnnealingStrategy iterationEnd mT:0.0010611147
TraiditionalSimulatedAnnealingStrategy chooseSuitableIndex: max result is 0.49
TraiditionalSimulatedAnnealingStrategy chooseSuitableIndex prob is 8.075887E-5
0
SimulatedAnnealingStrategy iterationEnd mT:0.0010611147
TraiditionalSimulatedAnnealingStrategy chooseSuitableIndex: max result is 0.49
TraiditionalSimulatedAnnealingStrategy chooseSuitableIndex prob is 8.075887E-5
0
SimulatedAnnealingStrategy iterationEnd mT:0.0010611147
TraiditionalSimulatedAnnealingStrategy chooseSuitableIndex: max result is 0.49
TraiditionalSimulatedAnnealingStrategy chooseSuitableIndex prob is 8.075887E-5
0
SimulatedAnnealingStrategy iterationEnd mT:0.0010611147
TraiditionalSimulatedAnnealingStrategy chooseSuitableIndex: max result is 0.49
TraiditionalSimulatedAnnealingStrategy chooseSuitableIndex prob is 8.075887E-5
0
SimulatedAnnealingStrategy iterationEnd mT:0.0010611147
TraiditionalSimulatedAnnealingStrategy chooseSuitableIndex: max result is 0.49
TraiditionalSimulatedAnnealingStrategy chooseSuitableIndex prob is 8.075887E-5
0
SimulatedAnnealingStrategy iterationEnd mT:0.0010611147
TraiditionalSimulatedAnnealingStrategy chooseSuitableIndex: max result is 0.49
TraiditionalSimulatedAnnealingStrategy chooseSuitableIndex prob is 8.075887E-5
0
SimulatedAnnealingStrategy iterationEnd mT:0.0010611147
TraiditionalSimulatedAnnealingStrategy chooseSuitableIndex: max result is 0.49
TraiditionalSimulatedAnnealingStrategy chooseSuitableIndex prob is 8.075887E-5
0
SimulatedAnnealingStrategy iterationEnd mT:0.0010611147
TraiditionalSimulatedAnnealingStrategy chooseSuitableIndex: max result is 0.49
TraiditionalSimulatedAnnealingStrategy chooseSuitableIndex prob is 8.075887E-5
0
SimulatedAnnealingStrategy iterationEnd mT:0.0010611147
TraiditionalSimulatedAnnealingStrategy chooseSuitableIndex: max result is 0.49
TraiditionalSimulatedAnnealingStrategy chooseSuitableIndex prob is 8.075887E-5
0
SimulatedAnnealingStrategy iterationEnd mT:0.0010611147
TraiditionalSimulatedAnnealingStrategy chooseSuitableIndex: max result is 0.49
TraiditionalSimulatedAnnealingStrategy chooseSuitableIndex prob is 8.075887E-5
0
SimulatedAnnealingStrategy iterationEnd mT:0.0010611147
TraiditionalSimulatedAnnealingStrategy chooseSuitableIndex: max result is 0.49
TraiditionalSimulatedAnnealingStrategy chooseSuitableIndex prob is 8.075887E-5
0
SimulatedAnnealingStrategy iterationEnd mT:0.0010611147
TraiditionalSimulatedAnnealingStrategy chooseSuitableIndex: max result is 0.49
TraiditionalSimulatedAnnealingStrategy chooseSuitableIndex prob is 8.075887E-5
0
SimulatedAnnealingStrategy iterationEnd mT:0.0010611147
TraiditionalSimulatedAnnealingStrategy chooseSuitableIndex: max result is 0.49
TraiditionalSimulatedAnnealingStrategy chooseSuitableIndex prob is 8.075887E-5
0
SimulatedAnnealingStrategy iterationEnd mT:0.0010611147
TraiditionalSimulatedAnnealingStrategy chooseSuitableIndex: max result is 0.49
TraiditionalSimulatedAnnealingStrategy chooseSuitableIndex prob is 8.075887E-5
0
SimulatedAnnealingStrategy iterationEnd mT:0.0010611147
Tests run: 1, Failures: 0, Errors: 0, Skipped: 0, Time elapsed: 0.613 sec - in com.hljunlp.laozhongyi.strategy.StrategyTest

Results :

Tests run: 1, Failures: 0, Errors: 0, Skipped: 0

[INFO] 
[INFO] --- jacoco-maven-plugin:0.8.5:report (report) @ laozhongyi ---
[INFO] Loading execution data file /tmp/tmpex5a7g1q/laozhongyi/target/jacoco.exec
[INFO] Analyzed bundle 'laozhongyi' with 39 classes
[INFO] ------------------------------------------------------------------------
[INFO] BUILD SUCCESS
[INFO] ------------------------------------------------------------------------
[INFO] Total time:  14.781 s
[INFO] Finished at: 2020-07-30T23:08:46Z
[INFO] ------------------------------------------------------------------------
