[INFO] Error stacktraces are turned on.
[INFO] Scanning for projects...
[INFO] 
[INFO] -------------------------< com.hhu:Netty-UDP >--------------------------
[INFO] Building Netty-UDP 1.0-SNAPSHOT
[INFO] --------------------------------[ jar ]---------------------------------
[INFO] 
[INFO] --- jacoco-maven-plugin:0.8.5:prepare-agent (default) @ Netty-UDP ---
[INFO] argLine set to -javaagent:/home/jdbl/.m2/repository/org/jacoco/org.jacoco.agent/0.8.5/org.jacoco.agent-0.8.5-runtime.jar=destfile=/tmp/tmpx_izfad7/Netty-UDP/target/jacoco.exec
[INFO] 
[INFO] --- maven-resources-plugin:3.0.2:resources (default-resources) @ Netty-UDP ---
[INFO] Using 'UTF-8' encoding to copy filtered resources.
[INFO] skip non existing resourceDirectory /tmp/tmpx_izfad7/Netty-UDP/src/main/resources
[INFO] 
[INFO] --- maven-compiler-plugin:3.8.0:compile (default-compile) @ Netty-UDP ---
[INFO] Changes detected - recompiling the module!
[INFO] Compiling 10 source files to /tmp/tmpx_izfad7/Netty-UDP/target/classes
[INFO] 
[INFO] --- maven-resources-plugin:3.0.2:testResources (default-testResources) @ Netty-UDP ---
[INFO] Using 'UTF-8' encoding to copy filtered resources.
[INFO] skip non existing resourceDirectory /tmp/tmpx_izfad7/Netty-UDP/src/test/resources
[INFO] 
[INFO] --- maven-compiler-plugin:3.8.0:testCompile (default-testCompile) @ Netty-UDP ---
[INFO] Changes detected - recompiling the module!
[INFO] Compiling 1 source file to /tmp/tmpx_izfad7/Netty-UDP/target/test-classes
[INFO] 
[INFO] --- maven-surefire-plugin:2.19.1:test (default-test) @ Netty-UDP ---
[INFO] Surefire report directory: /tmp/tmpx_izfad7/Netty-UDP/target/surefire-reports

-------------------------------------------------------
 T E S T S
-------------------------------------------------------
Running com.hhu.AppTest
Tests run: 1, Failures: 0, Errors: 0, Skipped: 0, Time elapsed: 0.025 sec - in com.hhu.AppTest

Results :

Tests run: 1, Failures: 0, Errors: 0, Skipped: 0

[INFO] 
[INFO] --- jacoco-maven-plugin:0.8.5:report (report) @ Netty-UDP ---
[INFO] Loading execution data file /tmp/tmpx_izfad7/Netty-UDP/target/jacoco.exec
[INFO] Analyzed bundle 'Netty-UDP' with 208 classes
[INFO] ------------------------------------------------------------------------
[INFO] BUILD SUCCESS
[INFO] ------------------------------------------------------------------------
[INFO] Total time:  17.961 s
[INFO] Finished at: 2020-08-03T11:03:26Z
[INFO] ------------------------------------------------------------------------
