[INFO] Error stacktraces are turned on.
[INFO] Scanning for projects...
[INFO] Inspecting build with total of 1 modules...
[INFO] Installing Nexus Staging features:
[INFO]   ... total of 1 executions of maven-deploy-plugin replaced with nexus-staging-maven-plugin
[INFO] 
[INFO] -----------------< co.aurasphere.botmill:botmill-core >-----------------
[INFO] Building BotMill Core 1.0.3-SNAPSHOT
[INFO] --------------------------------[ jar ]---------------------------------
[INFO] 
[INFO] --- jacoco-maven-plugin:0.8.5:prepare-agent (default) @ botmill-core ---
[INFO] argLine set to -javaagent:/home/jdbl/.m2/repository/org/jacoco/org.jacoco.agent/0.8.5/org.jacoco.agent-0.8.5-runtime.jar=destfile=/tmp/tmpd1fxxdl8/botmill-core/target/jacoco.exec
[INFO] 
[INFO] --- maven-resources-plugin:2.6:resources (default-resources) @ botmill-core ---
[WARNING] Using platform encoding (UTF-8 actually) to copy filtered resources, i.e. build is platform dependent!
[INFO] Copying 2 resources
[INFO] 
[INFO] --- maven-compiler-plugin:3.6.0:compile (default-compile) @ botmill-core ---
[INFO] Changes detected - recompiling the module!
[WARNING] File encoding has not been set, using platform encoding UTF-8, i.e. build is platform dependent!
[INFO] Compiling 32 source files to /tmp/tmpd1fxxdl8/botmill-core/target/classes
[INFO] 
[INFO] --- maven-resources-plugin:2.6:testResources (default-testResources) @ botmill-core ---
[WARNING] Using platform encoding (UTF-8 actually) to copy filtered resources, i.e. build is platform dependent!
[INFO] Copying 3 resources
[INFO] 
[INFO] --- maven-compiler-plugin:3.6.0:testCompile (default-testCompile) @ botmill-core ---
[INFO] Changes detected - recompiling the module!
[WARNING] File encoding has not been set, using platform encoding UTF-8, i.e. build is platform dependent!
[INFO] Compiling 4 source files to /tmp/tmpd1fxxdl8/botmill-core/target/test-classes
[INFO] 
[INFO] --- maven-surefire-plugin:2.19.1:test (default-test) @ botmill-core ---
[INFO] Surefire report directory: /tmp/tmpd1fxxdl8/botmill-core/target/surefire-reports

-------------------------------------------------------
 T E S T S
-------------------------------------------------------
Running co.aurasphere.botmill.core.test.DataAdapterTest
Tests run: 2, Failures: 0, Errors: 0, Skipped: 2, Time elapsed: 0.212 sec - in co.aurasphere.botmill.core.test.DataAdapterTest
Running co.aurasphere.botmill.core.base.EncryptionTest
SLF4J: Class path contains multiple SLF4J bindings.
SLF4J: Found binding in [file:/tmp/tmpd1fxxdl8/botmill-core/target/classes/org/slf4j/impl/StaticLoggerBinder.class]
SLF4J: Found binding in [jar:file:/home/jdbl/.m2/repository/ch/qos/logback/logback-classic/1.0.13/logback-classic-1.0.13.jar!/org/slf4j/impl/StaticLoggerBinder.class]
SLF4J: See http://www.slf4j.org/codes.html#multiple_bindings for an explanation.
botmill
5e08def0-e15e-4cba-be45-e54e370e4bc6
drop-create
botmill
5e08def0-e15e-4cba-be45-e54e370e4bc6
Tests run: 2, Failures: 0, Errors: 0, Skipped: 0, Time elapsed: 0.773 sec - in co.aurasphere.botmill.core.base.EncryptionTest

Results :

Tests run: 4, Failures: 0, Errors: 0, Skipped: 2

[INFO] 
[INFO] --- jacoco-maven-plugin:0.8.5:report (report) @ botmill-core ---
[INFO] Loading execution data file /tmp/tmpd1fxxdl8/botmill-core/target/jacoco.exec
[INFO] Analyzed bundle 'BotMill Core' with 2313 classes
[INFO] ------------------------------------------------------------------------
[INFO] BUILD SUCCESS
[INFO] ------------------------------------------------------------------------
[INFO] Total time:  25.915 s
[INFO] Finished at: 2020-07-30T21:40:54Z
[INFO] ------------------------------------------------------------------------
