[INFO] Error stacktraces are turned on.
[INFO] Scanning for projects...
[WARNING] 
[WARNING] Some problems were encountered while building the effective model for com.github.hyleung:ratpack-zipkin:jar:2.3.2-SNAPSHOT
[WARNING] 'build.plugins.plugin.(groupId:artifactId)' must be unique but found duplicate declaration of plugin org.apache.maven.plugins:maven-surefire-plugin @ line 90, column 15
[WARNING] 
[WARNING] It is highly recommended to fix these problems because they threaten the stability of your build.
[WARNING] 
[WARNING] For this reason, future Maven versions might no longer support building such malformed projects.
[WARNING] 
[INFO] 
[INFO] -----------------< com.github.hyleung:ratpack-zipkin >------------------
[INFO] Building ratpack-zipkin 2.3.2-SNAPSHOT
[INFO] --------------------------------[ jar ]---------------------------------
[INFO] 
[INFO] --- jacoco-maven-plugin:0.8.5:prepare-agent (default) @ ratpack-zipkin ---
[INFO] argLine set to -javaagent:/home/jdbl/.m2/repository/org/jacoco/org.jacoco.agent/0.8.5/org.jacoco.agent-0.8.5-runtime.jar=destfile=/tmp/tmpujhxdga7/ratpack-zipkin/target/jacoco.exec
[INFO] 
[INFO] --- maven-resources-plugin:2.6:resources (default-resources) @ ratpack-zipkin ---
[INFO] Using 'UTF-8' encoding to copy filtered resources.
[INFO] skip non existing resourceDirectory /tmp/tmpujhxdga7/ratpack-zipkin/src/main/resources
[INFO] 
[INFO] --- maven-compiler-plugin:3.1:compile (default-compile) @ ratpack-zipkin ---
[INFO] Changes detected - recompiling the module!
[INFO] Compiling 12 source files to /tmp/tmpujhxdga7/ratpack-zipkin/target/classes
[WARNING] /tmp/tmpujhxdga7/ratpack-zipkin/src/main/java/ratpack/zipkin/TracedParallelBatch.java: /tmp/tmpujhxdga7/ratpack-zipkin/src/main/java/ratpack/zipkin/TracedParallelBatch.java uses or overrides a deprecated API.
[WARNING] /tmp/tmpujhxdga7/ratpack-zipkin/src/main/java/ratpack/zipkin/TracedParallelBatch.java: Recompile with -Xlint:deprecation for details.
[WARNING] /tmp/tmpujhxdga7/ratpack-zipkin/src/main/java/ratpack/zipkin/TracedParallelBatch.java: /tmp/tmpujhxdga7/ratpack-zipkin/src/main/java/ratpack/zipkin/TracedParallelBatch.java uses unchecked or unsafe operations.
[WARNING] /tmp/tmpujhxdga7/ratpack-zipkin/src/main/java/ratpack/zipkin/TracedParallelBatch.java: Recompile with -Xlint:unchecked for details.
[INFO] 
[INFO] --- maven-resources-plugin:2.6:testResources (default-testResources) @ ratpack-zipkin ---
[INFO] Using 'UTF-8' encoding to copy filtered resources.
[INFO] skip non existing resourceDirectory /tmp/tmpujhxdga7/ratpack-zipkin/src/test/resources
[INFO] 
[INFO] --- maven-compiler-plugin:3.1:testCompile (default-testCompile) @ ratpack-zipkin ---
[INFO] Changes detected - recompiling the module!
[INFO] Compiling 2 source files to /tmp/tmpujhxdga7/ratpack-zipkin/target/test-classes
[INFO] 
[INFO] --- gmavenplus-plugin:1.6:compileTests (default) @ ratpack-zipkin ---
[INFO] Using Groovy 2.4.9 to perform compileTests.
[INFO] Compiled 151 files.
[INFO] 
[INFO] --- maven-surefire-plugin:2.19.1:test (default-test) @ ratpack-zipkin ---
[INFO] Surefire report directory: /tmp/tmpujhxdga7/ratpack-zipkin/target/surefire-reports

-------------------------------------------------------
 T E S T S
-------------------------------------------------------
Running ratpack.zipkin.TracedParallelBatchSpec
Tests run: 1, Failures: 0, Errors: 0, Skipped: 0, Time elapsed: 1.072 sec - in ratpack.zipkin.TracedParallelBatchSpec
Running ratpack.zipkin.LocalTracingSpec
Tests run: 1, Failures: 0, Errors: 0, Skipped: 0, Time elapsed: 0 sec - in ratpack.zipkin.LocalTracingSpec
Running ratpack.zipkin.internal.RatpackCurrentTraceContextSpec
Tests run: 5, Failures: 0, Errors: 0, Skipped: 0, Time elapsed: 0.022 sec - in ratpack.zipkin.internal.RatpackCurrentTraceContextSpec
Running ratpack.zipkin.internal.ZipkinHttpClientImplSpec
Jul 31, 2020 8:53:18 AM okhttp3.mockwebserver.MockWebServer$2 execute
INFO: MockWebServer[52795] starting to accept connections
Jul 31, 2020 8:53:18 AM okhttp3.mockwebserver.MockWebServer$3 processOneRequest
INFO: MockWebServer[52795] received request: GET / HTTP/1.1 and responded: HTTP/1.1 200 OK
Jul 31, 2020 8:53:19 AM okhttp3.mockwebserver.MockWebServer$2 acceptConnections
INFO: MockWebServer[52795] done accepting connections: Socket closed
Jul 31, 2020 8:53:19 AM okhttp3.mockwebserver.MockWebServer$2 execute
INFO: MockWebServer[50493] starting to accept connections
Jul 31, 2020 8:53:19 AM okhttp3.mockwebserver.MockWebServer$3 processOneRequest
INFO: MockWebServer[50493] received request: POST / HTTP/1.1 and responded: HTTP/1.1 200 OK
Jul 31, 2020 8:53:19 AM okhttp3.mockwebserver.MockWebServer$2 acceptConnections
INFO: MockWebServer[50493] done accepting connections: Socket closed
Jul 31, 2020 8:53:19 AM okhttp3.mockwebserver.MockWebServer$2 execute
INFO: MockWebServer[54183] starting to accept connections
Jul 31, 2020 8:53:19 AM okhttp3.mockwebserver.MockWebServer$3 processOneRequest
INFO: MockWebServer[54183] received request: PUT / HTTP/1.1 and responded: HTTP/1.1 200 OK
Jul 31, 2020 8:53:19 AM okhttp3.mockwebserver.MockWebServer$2 acceptConnections
INFO: MockWebServer[54183] done accepting connections: Socket closed
Jul 31, 2020 8:53:19 AM okhttp3.mockwebserver.MockWebServer$2 execute
INFO: MockWebServer[48811] starting to accept connections
Jul 31, 2020 8:53:19 AM okhttp3.mockwebserver.MockWebServer$3 processOneRequest
INFO: MockWebServer[48811] received request: PATCH / HTTP/1.1 and responded: HTTP/1.1 200 OK
Jul 31, 2020 8:53:19 AM okhttp3.mockwebserver.MockWebServer$2 acceptConnections
INFO: MockWebServer[48811] done accepting connections: Socket closed
Jul 31, 2020 8:53:19 AM okhttp3.mockwebserver.MockWebServer$2 execute
INFO: MockWebServer[51291] starting to accept connections
Jul 31, 2020 8:53:19 AM okhttp3.mockwebserver.MockWebServer$3 processOneRequest
INFO: MockWebServer[51291] received request: DELETE / HTTP/1.1 and responded: HTTP/1.1 200 OK
Jul 31, 2020 8:53:19 AM okhttp3.mockwebserver.MockWebServer$2 acceptConnections
INFO: MockWebServer[51291] done accepting connections: Socket closed
Jul 31, 2020 8:53:19 AM okhttp3.mockwebserver.MockWebServer$2 execute
INFO: MockWebServer[36885] starting to accept connections
Jul 31, 2020 8:53:19 AM okhttp3.mockwebserver.MockWebServer$3 processOneRequest
INFO: MockWebServer[36885] received request: HEAD / HTTP/1.1 and responded: HTTP/1.1 200 OK
Jul 31, 2020 8:53:19 AM okhttp3.mockwebserver.MockWebServer$2 acceptConnections
INFO: MockWebServer[36885] done accepting connections: Socket closed
Jul 31, 2020 8:53:19 AM okhttp3.mockwebserver.MockWebServer$2 execute
INFO: MockWebServer[43573] starting to accept connections
Jul 31, 2020 8:53:19 AM okhttp3.mockwebserver.MockWebServer$3 processOneRequest
INFO: MockWebServer[43573] received request: OPTIONS / HTTP/1.1 and responded: HTTP/1.1 200 OK
Jul 31, 2020 8:53:19 AM okhttp3.mockwebserver.MockWebServer$2 acceptConnections
INFO: MockWebServer[43573] done accepting connections: Socket closed
Jul 31, 2020 8:53:19 AM okhttp3.mockwebserver.MockWebServer$2 execute
INFO: MockWebServer[42959] starting to accept connections
Jul 31, 2020 8:53:19 AM okhttp3.mockwebserver.MockWebServer$3 processOneRequest
INFO: MockWebServer[42959] received request: GET / HTTP/1.1 and responded: HTTP/1.1 200 OK
Jul 31, 2020 8:53:19 AM okhttp3.mockwebserver.MockWebServer$2 acceptConnections
INFO: MockWebServer[42959] done accepting connections: Socket closed
Jul 31, 2020 8:53:19 AM okhttp3.mockwebserver.MockWebServer$2 execute
INFO: MockWebServer[40861] starting to accept connections
Jul 31, 2020 8:53:19 AM okhttp3.mockwebserver.MockWebServer$3 processOneRequest
INFO: MockWebServer[40861] received request: GET / HTTP/1.1 and responded: HTTP/1.1 200 OK
Jul 31, 2020 8:53:19 AM okhttp3.mockwebserver.MockWebServer$2 acceptConnections
INFO: MockWebServer[40861] done accepting connections: Socket closed
Jul 31, 2020 8:53:19 AM okhttp3.mockwebserver.MockWebServer$2 execute
INFO: MockWebServer[34599] starting to accept connections
Jul 31, 2020 8:53:19 AM okhttp3.mockwebserver.MockWebServer$3 processOneRequest
INFO: MockWebServer[34599] received request: GET / HTTP/1.1 and responded: HTTP/1.1 202 OK
Jul 31, 2020 8:53:19 AM okhttp3.mockwebserver.MockWebServer$2 acceptConnections
INFO: MockWebServer[34599] done accepting connections: Socket closed
Jul 31, 2020 8:53:19 AM okhttp3.mockwebserver.MockWebServer$2 execute
INFO: MockWebServer[59921] starting to accept connections
Jul 31, 2020 8:53:19 AM okhttp3.mockwebserver.MockWebServer$3 processOneRequest
INFO: MockWebServer[59921] received request: GET / HTTP/1.1 and responded: HTTP/1.1 202 OK
Jul 31, 2020 8:53:19 AM okhttp3.mockwebserver.MockWebServer$2 acceptConnections
INFO: MockWebServer[59921] done accepting connections: Socket closed
Jul 31, 2020 8:53:19 AM okhttp3.mockwebserver.MockWebServer$2 execute
INFO: MockWebServer[56367] starting to accept connections
Jul 31, 2020 8:53:19 AM okhttp3.mockwebserver.MockWebServer$3 processOneRequest
INFO: MockWebServer[56367] received request: GET / HTTP/1.1 and responded: HTTP/1.1 203 OK
Jul 31, 2020 8:53:19 AM okhttp3.mockwebserver.MockWebServer$2 acceptConnections
INFO: MockWebServer[56367] done accepting connections: Socket closed
Jul 31, 2020 8:53:19 AM okhttp3.mockwebserver.MockWebServer$2 execute
INFO: MockWebServer[37185] starting to accept connections
Jul 31, 2020 8:53:19 AM okhttp3.mockwebserver.MockWebServer$3 processOneRequest
INFO: MockWebServer[37185] received request: GET / HTTP/1.1 and responded: HTTP/1.1 204 OK
Jul 31, 2020 8:53:19 AM okhttp3.mockwebserver.MockWebServer$2 acceptConnections
INFO: MockWebServer[37185] done accepting connections: Socket closed
Jul 31, 2020 8:53:19 AM okhttp3.mockwebserver.MockWebServer$2 execute
INFO: MockWebServer[38629] starting to accept connections
Jul 31, 2020 8:53:19 AM okhttp3.mockwebserver.MockWebServer$3 processOneRequest
INFO: MockWebServer[38629] received request: GET / HTTP/1.1 and responded: HTTP/1.1 205 OK
Jul 31, 2020 8:53:19 AM okhttp3.mockwebserver.MockWebServer$2 acceptConnections
INFO: MockWebServer[38629] done accepting connections: Socket closed
Jul 31, 2020 8:53:19 AM okhttp3.mockwebserver.MockWebServer$2 execute
INFO: MockWebServer[59375] starting to accept connections
Jul 31, 2020 8:53:19 AM okhttp3.mockwebserver.MockWebServer$3 processOneRequest
INFO: MockWebServer[59375] received request: GET / HTTP/1.1 and responded: HTTP/1.1 206 OK
Jul 31, 2020 8:53:19 AM okhttp3.mockwebserver.MockWebServer$2 acceptConnections
INFO: MockWebServer[59375] done accepting connections: Socket closed
Jul 31, 2020 8:53:19 AM okhttp3.mockwebserver.MockWebServer$2 execute
INFO: MockWebServer[33345] starting to accept connections
Jul 31, 2020 8:53:19 AM okhttp3.mockwebserver.MockWebServer$3 processOneRequest
INFO: MockWebServer[33345] received request: POST / HTTP/1.1 and responded: HTTP/1.1 400 Client Error
Jul 31, 2020 8:53:19 AM okhttp3.mockwebserver.MockWebServer$2 acceptConnections
INFO: MockWebServer[33345] done accepting connections: Socket closed
Jul 31, 2020 8:53:19 AM okhttp3.mockwebserver.MockWebServer$2 execute
INFO: MockWebServer[49943] starting to accept connections
Jul 31, 2020 8:53:19 AM okhttp3.mockwebserver.MockWebServer$3 processOneRequest
INFO: MockWebServer[49943] received request: POST / HTTP/1.1 and responded: HTTP/1.1 401 Client Error
Jul 31, 2020 8:53:19 AM okhttp3.mockwebserver.MockWebServer$2 acceptConnections
INFO: MockWebServer[49943] done accepting connections: Socket closed
Jul 31, 2020 8:53:19 AM okhttp3.mockwebserver.MockWebServer$2 execute
INFO: MockWebServer[35405] starting to accept connections
Jul 31, 2020 8:53:19 AM okhttp3.mockwebserver.MockWebServer$3 processOneRequest
INFO: MockWebServer[35405] received request: POST / HTTP/1.1 and responded: HTTP/1.1 402 Client Error
Jul 31, 2020 8:53:19 AM okhttp3.mockwebserver.MockWebServer$2 acceptConnections
INFO: MockWebServer[35405] done accepting connections: Socket closed
Jul 31, 2020 8:53:19 AM okhttp3.mockwebserver.MockWebServer$2 execute
INFO: MockWebServer[33295] starting to accept connections
Jul 31, 2020 8:53:19 AM okhttp3.mockwebserver.MockWebServer$3 processOneRequest
INFO: MockWebServer[33295] received request: POST / HTTP/1.1 and responded: HTTP/1.1 403 Client Error
Jul 31, 2020 8:53:19 AM okhttp3.mockwebserver.MockWebServer$2 acceptConnections
INFO: MockWebServer[33295] done accepting connections: Socket closed
Jul 31, 2020 8:53:19 AM okhttp3.mockwebserver.MockWebServer$2 execute
INFO: MockWebServer[34569] starting to accept connections
Jul 31, 2020 8:53:19 AM okhttp3.mockwebserver.MockWebServer$3 processOneRequest
INFO: MockWebServer[34569] received request: POST / HTTP/1.1 and responded: HTTP/1.1 404 Client Error
Jul 31, 2020 8:53:19 AM okhttp3.mockwebserver.MockWebServer$2 acceptConnections
INFO: MockWebServer[34569] done accepting connections: Socket closed
Jul 31, 2020 8:53:19 AM okhttp3.mockwebserver.MockWebServer$2 execute
INFO: MockWebServer[55113] starting to accept connections
Jul 31, 2020 8:53:19 AM okhttp3.mockwebserver.MockWebServer$3 processOneRequest
INFO: MockWebServer[55113] received request: POST / HTTP/1.1 and responded: HTTP/1.1 405 Client Error
Jul 31, 2020 8:53:19 AM okhttp3.mockwebserver.MockWebServer$2 acceptConnections
INFO: MockWebServer[55113] done accepting connections: Socket closed
Jul 31, 2020 8:53:19 AM okhttp3.mockwebserver.MockWebServer$2 execute
INFO: MockWebServer[38839] starting to accept connections
Jul 31, 2020 8:53:19 AM okhttp3.mockwebserver.MockWebServer$3 processOneRequest
INFO: MockWebServer[38839] received request: POST / HTTP/1.1 and responded: HTTP/1.1 406 Client Error
Jul 31, 2020 8:53:19 AM okhttp3.mockwebserver.MockWebServer$2 acceptConnections
INFO: MockWebServer[38839] done accepting connections: Socket closed
Jul 31, 2020 8:53:19 AM okhttp3.mockwebserver.MockWebServer$2 execute
INFO: MockWebServer[33457] starting to accept connections
Jul 31, 2020 8:53:19 AM okhttp3.mockwebserver.MockWebServer$3 processOneRequest
INFO: MockWebServer[33457] received request: POST / HTTP/1.1 and responded: HTTP/1.1 407 Client Error
Jul 31, 2020 8:53:19 AM okhttp3.mockwebserver.MockWebServer$2 acceptConnections
INFO: MockWebServer[33457] done accepting connections: Socket closed
Jul 31, 2020 8:53:19 AM okhttp3.mockwebserver.MockWebServer$2 execute
INFO: MockWebServer[51271] starting to accept connections
Jul 31, 2020 8:53:19 AM okhttp3.mockwebserver.MockWebServer$3 processOneRequest
INFO: MockWebServer[51271] received request: POST / HTTP/1.1 and responded: HTTP/1.1 408 Client Error
Jul 31, 2020 8:53:19 AM okhttp3.mockwebserver.MockWebServer$2 acceptConnections
INFO: MockWebServer[51271] done accepting connections: Socket closed
Jul 31, 2020 8:53:19 AM okhttp3.mockwebserver.MockWebServer$2 execute
INFO: MockWebServer[36417] starting to accept connections
Jul 31, 2020 8:53:19 AM okhttp3.mockwebserver.MockWebServer$3 processOneRequest
INFO: MockWebServer[36417] received request: POST / HTTP/1.1 and responded: HTTP/1.1 409 Client Error
Jul 31, 2020 8:53:19 AM okhttp3.mockwebserver.MockWebServer$2 acceptConnections
INFO: MockWebServer[36417] done accepting connections: Socket closed
Jul 31, 2020 8:53:19 AM okhttp3.mockwebserver.MockWebServer$2 execute
INFO: MockWebServer[39355] starting to accept connections
Jul 31, 2020 8:53:19 AM okhttp3.mockwebserver.MockWebServer$3 processOneRequest
INFO: MockWebServer[39355] received request: POST / HTTP/1.1 and responded: HTTP/1.1 410 Client Error
Jul 31, 2020 8:53:19 AM okhttp3.mockwebserver.MockWebServer$2 acceptConnections
INFO: MockWebServer[39355] done accepting connections: Socket closed
Jul 31, 2020 8:53:19 AM okhttp3.mockwebserver.MockWebServer$2 execute
INFO: MockWebServer[58991] starting to accept connections
Jul 31, 2020 8:53:19 AM okhttp3.mockwebserver.MockWebServer$3 processOneRequest
INFO: MockWebServer[58991] received request: GET / HTTP/1.1 and responded: HTTP/1.1 500 Server Error
Jul 31, 2020 8:53:19 AM okhttp3.mockwebserver.MockWebServer$2 acceptConnections
INFO: MockWebServer[58991] done accepting connections: Socket closed
Jul 31, 2020 8:53:19 AM okhttp3.mockwebserver.MockWebServer$2 execute
INFO: MockWebServer[38983] starting to accept connections
Jul 31, 2020 8:53:19 AM okhttp3.mockwebserver.MockWebServer$3 processOneRequest
INFO: MockWebServer[38983] received request: GET / HTTP/1.1 and responded: HTTP/1.1 501 Server Error
Jul 31, 2020 8:53:19 AM okhttp3.mockwebserver.MockWebServer$2 acceptConnections
INFO: MockWebServer[38983] done accepting connections: Socket closed
Jul 31, 2020 8:53:19 AM okhttp3.mockwebserver.MockWebServer$2 execute
INFO: MockWebServer[50731] starting to accept connections
Jul 31, 2020 8:53:19 AM okhttp3.mockwebserver.MockWebServer$3 processOneRequest
INFO: MockWebServer[50731] received request: GET / HTTP/1.1 and responded: HTTP/1.1 502 Server Error
Jul 31, 2020 8:53:19 AM okhttp3.mockwebserver.MockWebServer$2 acceptConnections
INFO: MockWebServer[50731] done accepting connections: Socket closed
Jul 31, 2020 8:53:19 AM okhttp3.mockwebserver.MockWebServer$2 execute
INFO: MockWebServer[45771] starting to accept connections
Jul 31, 2020 8:53:19 AM okhttp3.mockwebserver.MockWebServer$3 processOneRequest
INFO: MockWebServer[45771] received request: GET / HTTP/1.1 and responded: HTTP/1.1 503 Server Error
Jul 31, 2020 8:53:19 AM okhttp3.mockwebserver.MockWebServer$2 acceptConnections
INFO: MockWebServer[45771] done accepting connections: Socket closed
Jul 31, 2020 8:53:19 AM okhttp3.mockwebserver.MockWebServer$2 execute
INFO: MockWebServer[33533] starting to accept connections
Jul 31, 2020 8:53:19 AM okhttp3.mockwebserver.MockWebServer$3 processOneRequest
INFO: MockWebServer[33533] received request: GET / HTTP/1.1 and responded: HTTP/1.1 504 Server Error
Jul 31, 2020 8:53:19 AM okhttp3.mockwebserver.MockWebServer$2 acceptConnections
INFO: MockWebServer[33533] done accepting connections: Socket closed
Jul 31, 2020 8:53:19 AM okhttp3.mockwebserver.MockWebServer$2 execute
INFO: MockWebServer[60549] starting to accept connections
Jul 31, 2020 8:53:19 AM okhttp3.mockwebserver.MockWebServer$3 processOneRequest
INFO: MockWebServer[60549] received request: GET / HTTP/1.1 and responded: HTTP/1.1 505 Server Error
Jul 31, 2020 8:53:19 AM okhttp3.mockwebserver.MockWebServer$2 acceptConnections
INFO: MockWebServer[60549] done accepting connections: Socket closed
Jul 31, 2020 8:53:19 AM okhttp3.mockwebserver.MockWebServer$2 execute
INFO: MockWebServer[50083] starting to accept connections
Jul 31, 2020 8:53:20 AM okhttp3.mockwebserver.MockWebServer$3 processOneRequest
INFO: MockWebServer[50083] received request: GET / HTTP/1.1 and responded: HTTP/1.1 506 Server Error
Jul 31, 2020 8:53:20 AM okhttp3.mockwebserver.MockWebServer$2 acceptConnections
INFO: MockWebServer[50083] done accepting connections: Socket closed
Jul 31, 2020 8:53:20 AM okhttp3.mockwebserver.MockWebServer$2 execute
INFO: MockWebServer[46879] starting to accept connections
Jul 31, 2020 8:53:20 AM okhttp3.mockwebserver.MockWebServer$3 processOneRequest
INFO: MockWebServer[46879] received request: GET / HTTP/1.1 and responded: HTTP/1.1 200 OK
Jul 31, 2020 8:53:20 AM okhttp3.mockwebserver.MockWebServer$2 acceptConnections
INFO: MockWebServer[46879] done accepting connections: Socket closed
Tests run: 12, Failures: 0, Errors: 0, Skipped: 0, Time elapsed: 1.801 sec - in ratpack.zipkin.internal.ZipkinHttpClientImplSpec
Running ratpack.zipkin.ServerTracingModuleSpec
Jul 31, 2020 8:53:22 AM okhttp3.mockwebserver.MockWebServer$2 execute
INFO: MockWebServer[44263] starting to accept connections
Jul 31, 2020 8:53:22 AM okhttp3.mockwebserver.MockWebServer$3 processOneRequest
INFO: MockWebServer[44263] received request: GET / HTTP/1.1 and responded: HTTP/1.1 200 OK
Jul 31, 2020 8:53:22 AM okhttp3.mockwebserver.MockWebServer$2 acceptConnections
INFO: MockWebServer[44263] done accepting connections: Socket closed
Tests run: 23, Failures: 0, Errors: 0, Skipped: 0, Time elapsed: 2.745 sec - in ratpack.zipkin.ServerTracingModuleSpec
Running brave.http.ITZipkinHttpClientImpl
Jul 31, 2020 8:53:22 AM okhttp3.mockwebserver.MockWebServer$2 execute
INFO: MockWebServer[36375] starting to accept connections
Jul 31, 2020 8:53:22 AM okhttp3.mockwebserver.MockWebServer$3 processOneRequest
INFO: MockWebServer[36375] received request: GET /foo HTTP/1.1 and responded: HTTP/1.1 200 OK
Jul 31, 2020 8:53:22 AM okhttp3.mockwebserver.MockWebServer$2 acceptConnections
INFO: MockWebServer[36375] done accepting connections: Socket closed
Jul 31, 2020 8:53:22 AM okhttp3.mockwebserver.MockWebServer$2 execute
INFO: MockWebServer[45649] starting to accept connections
Jul 31, 2020 8:53:22 AM okhttp3.mockwebserver.MockWebServer$3 processOneRequest
INFO: MockWebServer[45649] received request: GET /foo HTTP/1.1 and responded: HTTP/1.1 302 Redirection
Jul 31, 2020 8:53:22 AM okhttp3.mockwebserver.MockWebServer$3 processOneRequest
INFO: MockWebServer[45649] received request: GET /bar HTTP/1.1 and responded: HTTP/1.1 404 Client Error
Jul 31, 2020 8:53:22 AM okhttp3.mockwebserver.MockWebServer$2 acceptConnections
INFO: MockWebServer[45649] done accepting connections: Socket closed
Jul 31, 2020 8:53:23 AM okhttp3.mockwebserver.MockWebServer$2 execute
INFO: MockWebServer[46045] starting to accept connections
Jul 31, 2020 8:53:23 AM okhttp3.mockwebserver.MockWebServer$3 processOneRequest
INFO: MockWebServer[46045] received request: GET /foo HTTP/1.1 and responded: HTTP/1.1 200 OK
Jul 31, 2020 8:53:23 AM okhttp3.mockwebserver.MockWebServer$2 acceptConnections
INFO: MockWebServer[46045] done accepting connections: Socket closed
Jul 31, 2020 8:53:23 AM okhttp3.mockwebserver.MockWebServer$2 execute
INFO: MockWebServer[53539] starting to accept connections
Jul 31, 2020 8:53:23 AM okhttp3.mockwebserver.MockWebServer$3 processOneRequest
INFO: MockWebServer[53539] received request: GET /items/1 HTTP/1.1 and responded: HTTP/1.1 200 OK
Jul 31, 2020 8:53:23 AM okhttp3.mockwebserver.MockWebServer$3 processOneRequest
INFO: MockWebServer[53539] received request: GET /items/2 HTTP/1.1 and responded: HTTP/1.1 200 OK
Jul 31, 2020 8:53:23 AM okhttp3.mockwebserver.MockWebServer$2 acceptConnections
INFO: MockWebServer[53539] done accepting connections: Socket closed
Jul 31, 2020 8:53:23 AM okhttp3.mockwebserver.MockWebServer$2 execute
INFO: MockWebServer[42799] starting to accept connections
Jul 31, 2020 8:53:23 AM okhttp3.mockwebserver.MockWebServer$3 processOneRequest
INFO: MockWebServer[42799] received request: GET /foo HTTP/1.1 and responded: HTTP/1.1 200 OK
Jul 31, 2020 8:53:23 AM okhttp3.mockwebserver.MockWebServer$2 acceptConnections
INFO: MockWebServer[42799] done accepting connections: Socket closed
Jul 31, 2020 8:53:23 AM okhttp3.mockwebserver.MockWebServer$2 execute
INFO: MockWebServer[53865] starting to accept connections
Jul 31, 2020 8:53:23 AM okhttp3.mockwebserver.MockWebServer$3 processOneRequest
INFO: MockWebServer[53865] received request: GET /foo HTTP/1.1 and responded: HTTP/1.1 200 OK
Jul 31, 2020 8:53:23 AM okhttp3.mockwebserver.MockWebServer$2 acceptConnections
INFO: MockWebServer[53865] done accepting connections: Socket closed
Jul 31, 2020 8:53:23 AM okhttp3.mockwebserver.MockWebServer$2 execute
INFO: MockWebServer[54475] starting to accept connections
Jul 31, 2020 8:53:23 AM okhttp3.mockwebserver.MockWebServer$3 processOneRequest
INFO: MockWebServer[54475] received request: GET /foo HTTP/1.1 and responded: HTTP/1.1 200 OK
Jul 31, 2020 8:53:23 AM okhttp3.mockwebserver.MockWebServer$2 acceptConnections
INFO: MockWebServer[54475] done accepting connections: Socket closed
Jul 31, 2020 8:53:23 AM okhttp3.mockwebserver.MockWebServer$2 execute
INFO: MockWebServer[50113] starting to accept connections
Jul 31, 2020 8:53:23 AM okhttp3.mockwebserver.MockWebServer$3 processOneRequest
INFO: MockWebServer[50113] received request: GET /foo?z=2&yAA=1 HTTP/1.1 and responded: HTTP/1.1 200 OK
Jul 31, 2020 8:53:23 AM okhttp3.mockwebserver.MockWebServer$2 acceptConnections
INFO: MockWebServer[50113] done accepting connections: Socket closed
Jul 31, 2020 8:53:23 AM okhttp3.mockwebserver.MockWebServer$2 execute
INFO: MockWebServer[37991] starting to accept connections
Jul 31, 2020 8:53:23 AM okhttp3.mockwebserver.MockWebServer$2 acceptConnections
INFO: MockWebServer[37991] done accepting connections: Socket closed
Jul 31, 2020 8:53:23 AM okhttp3.mockwebserver.MockWebServer$2 execute
INFO: MockWebServer[37343] starting to accept connections
Jul 31, 2020 8:53:23 AM okhttp3.mockwebserver.MockWebServer$3 processOneRequest
INFO: MockWebServer[37343] received request: GET /foo HTTP/1.1 and responded: HTTP/1.1 200 OK
Jul 31, 2020 8:53:23 AM okhttp3.mockwebserver.MockWebServer$2 acceptConnections
INFO: MockWebServer[37343] done accepting connections: Socket closed
Jul 31, 2020 8:53:23 AM okhttp3.mockwebserver.MockWebServer$2 execute
INFO: MockWebServer[54333] starting to accept connections
Jul 31, 2020 8:53:23 AM okhttp3.mockwebserver.MockWebServer$3 processOneRequest
INFO: MockWebServer[54333] received request: GET /foo HTTP/1.1 and responded: HTTP/1.1 200 OK
Jul 31, 2020 8:53:23 AM okhttp3.mockwebserver.MockWebServer$2 acceptConnections
INFO: MockWebServer[54333] done accepting connections: Socket closed
Jul 31, 2020 8:53:24 AM okhttp3.mockwebserver.MockWebServer$2 execute
INFO: MockWebServer[53869] starting to accept connections
Jul 31, 2020 8:53:24 AM okhttp3.mockwebserver.MockWebServer$3 processOneRequest
INFO: MockWebServer[53869] received request: POST /post HTTP/1.1 and responded: HTTP/1.1 200 OK
Jul 31, 2020 8:53:24 AM okhttp3.mockwebserver.MockWebServer$2 acceptConnections
INFO: MockWebServer[53869] done accepting connections: Socket closed
Jul 31, 2020 8:53:24 AM okhttp3.mockwebserver.MockWebServer$2 execute
INFO: MockWebServer[36391] starting to accept connections
Jul 31, 2020 8:53:24 AM okhttp3.mockwebserver.MockWebServer$2 acceptConnections
INFO: MockWebServer[36391] done accepting connections: Socket closed
Jul 31, 2020 8:53:24 AM okhttp3.mockwebserver.MockWebServer$2 execute
INFO: MockWebServer[55197] starting to accept connections
Jul 31, 2020 8:53:24 AM okhttp3.mockwebserver.MockWebServer$3 processOneRequest
INFO: MockWebServer[55197] received request: GET /foo?z=2&yAA=1 HTTP/1.1 and responded: HTTP/1.1 200 OK
Jul 31, 2020 8:53:24 AM okhttp3.mockwebserver.MockWebServer$2 acceptConnections
INFO: MockWebServer[55197] done accepting connections: Socket closed
Jul 31, 2020 8:53:24 AM okhttp3.mockwebserver.MockWebServer$2 execute
INFO: MockWebServer[51439] starting to accept connections
Jul 31, 2020 8:53:24 AM okhttp3.mockwebserver.MockWebServer$3 processOneRequest
INFO: MockWebServer[51439] received request: GET /foo HTTP/1.1 and responded: HTTP/1.1 400 Client Error
Jul 31, 2020 8:53:24 AM okhttp3.mockwebserver.MockWebServer$2 acceptConnections
INFO: MockWebServer[51439] done accepting connections: Socket closed
Jul 31, 2020 8:53:24 AM okhttp3.mockwebserver.MockWebServer$2 execute
INFO: MockWebServer[45283] starting to accept connections
Jul 31, 2020 8:53:24 AM okhttp3.mockwebserver.MockWebServer$3 processOneRequest
INFO: MockWebServer[45283] received request: GET /foo HTTP/1.1 and responded: HTTP/1.1 200 OK
Jul 31, 2020 8:53:24 AM okhttp3.mockwebserver.MockWebServer$2 acceptConnections
INFO: MockWebServer[45283] done accepting connections: Socket closed
Jul 31, 2020 8:53:24 AM okhttp3.mockwebserver.MockWebServer$2 execute
INFO: MockWebServer[35451] starting to accept connections
Jul 31, 2020 8:53:24 AM okhttp3.mockwebserver.MockWebServer$3 processOneRequest
INFO: MockWebServer[35451] received request: GET /foo HTTP/1.1 and responded: HTTP/1.1 200 OK
Jul 31, 2020 8:53:24 AM okhttp3.mockwebserver.MockWebServer$2 acceptConnections
INFO: MockWebServer[35451] done accepting connections: Socket closed
Tests run: 17, Failures: 0, Errors: 0, Skipped: 0, Time elapsed: 1.874 sec - in brave.http.ITZipkinHttpClientImpl
Running brave.http.ITServerTracingModule
Tests run: 24, Failures: 0, Errors: 0, Skipped: 1, Time elapsed: 3.286 sec - in brave.http.ITServerTracingModule

Results :

Tests run: 83, Failures: 0, Errors: 0, Skipped: 1

[INFO] 
[INFO] --- jacoco-maven-plugin:0.8.5:report (report) @ ratpack-zipkin ---
[INFO] Loading execution data file /tmp/tmpujhxdga7/ratpack-zipkin/target/jacoco.exec
[INFO] Analyzed bundle 'ratpack-zipkin' with 3786 classes
[INFO] ------------------------------------------------------------------------
[INFO] BUILD SUCCESS
[INFO] ------------------------------------------------------------------------
[INFO] Total time:  01:00 min
[INFO] Finished at: 2020-07-31T08:53:32Z
[INFO] ------------------------------------------------------------------------
