[INFO] Error stacktraces are turned on.
[INFO] Scanning for projects...
[INFO] Inspecting build with total of 1 modules...
[INFO] Installing Nexus Staging features:
[INFO]   ... total of 1 executions of maven-deploy-plugin replaced with nexus-staging-maven-plugin
[INFO] 
[INFO] ------------------< io.prowave:chargify-webhook-java >------------------
[INFO] Building Chargify Webhook Parser 1.1.5
[INFO] --------------------------------[ jar ]---------------------------------
[INFO] 
[INFO] --- jacoco-maven-plugin:0.8.5:prepare-agent (default) @ chargify-webhook-java ---
[INFO] argLine set to -javaagent:/home/jdbl/.m2/repository/org/jacoco/org.jacoco.agent/0.8.5/org.jacoco.agent-0.8.5-runtime.jar=destfile=/tmp/tmpig29vvgz/chargify-webhook-java/target/jacoco.exec
[INFO] 
[INFO] --- maven-resources-plugin:2.6:resources (default-resources) @ chargify-webhook-java ---
[INFO] Using 'UTF-8' encoding to copy filtered resources.
[INFO] skip non existing resourceDirectory /tmp/tmpig29vvgz/chargify-webhook-java/src/main/resources
[INFO] 
[INFO] --- maven-compiler-plugin:3.8.0:compile (default-compile) @ chargify-webhook-java ---
[INFO] Changes detected - recompiling the module!
[INFO] Compiling 41 source files to /tmp/tmpig29vvgz/chargify-webhook-java/target/classes
[INFO] 
[INFO] --- maven-resources-plugin:2.6:testResources (default-testResources) @ chargify-webhook-java ---
[INFO] Using 'UTF-8' encoding to copy filtered resources.
[INFO] Copying 16 resources
[INFO] 
[INFO] --- maven-compiler-plugin:3.8.0:testCompile (default-testCompile) @ chargify-webhook-java ---
[INFO] Changes detected - recompiling the module!
[INFO] Compiling 1 source file to /tmp/tmpig29vvgz/chargify-webhook-java/target/test-classes
[INFO] /tmp/tmpig29vvgz/chargify-webhook-java/src/test/java/io/prowave/chargify/webhook/ChargifyConvertProcessorTest.java: /tmp/tmpig29vvgz/chargify-webhook-java/src/test/java/io/prowave/chargify/webhook/ChargifyConvertProcessorTest.java uses or overrides a deprecated API.
[INFO] /tmp/tmpig29vvgz/chargify-webhook-java/src/test/java/io/prowave/chargify/webhook/ChargifyConvertProcessorTest.java: Recompile with -Xlint:deprecation for details.
[INFO] 
[INFO] --- maven-surefire-plugin:2.19.1:test (default-test) @ chargify-webhook-java ---
[INFO] Surefire report directory: /tmp/tmpig29vvgz/chargify-webhook-java/target/surefire-reports

-------------------------------------------------------
 T E S T S
-------------------------------------------------------
Running io.prowave.chargify.webhook.ChargifyConvertProcessorTest
SLF4J: Failed to load class "org.slf4j.impl.StaticLoggerBinder".
SLF4J: Defaulting to no-operation (NOP) logger implementation
SLF4J: See http://www.slf4j.org/codes.html#StaticLoggerBinder for further details.
Tests run: 15, Failures: 0, Errors: 0, Skipped: 0, Time elapsed: 2.48 sec - in io.prowave.chargify.webhook.ChargifyConvertProcessorTest

Results :

Tests run: 15, Failures: 0, Errors: 0, Skipped: 0

[INFO] 
[INFO] --- jacoco-maven-plugin:0.8.5:report (report) @ chargify-webhook-java ---
[INFO] Loading execution data file /tmp/tmpig29vvgz/chargify-webhook-java/target/jacoco.exec
[INFO] Analyzed bundle 'Chargify Webhook Parser' with 285 classes
[INFO] ------------------------------------------------------------------------
[INFO] BUILD SUCCESS
[INFO] ------------------------------------------------------------------------
[INFO] Total time:  21.189 s
[INFO] Finished at: 2020-07-30T21:30:10Z
[INFO] ------------------------------------------------------------------------
