[INFO] Error stacktraces are turned on.
[INFO] Scanning for projects...
[INFO] 
[INFO] ------------------< com.github.fzakaria:space-saving >------------------
[INFO] Building space-saving 1.0-SNAPSHOT
[INFO] --------------------------------[ jar ]---------------------------------
[INFO] 
[INFO] --- jacoco-maven-plugin:0.8.5:prepare-agent (default) @ space-saving ---
[INFO] argLine set to -javaagent:/home/jdbl/.m2/repository/org/jacoco/org.jacoco.agent/0.8.5/org.jacoco.agent-0.8.5-runtime.jar=destfile=/tmp/tmptrpsafir/space-saving/target/jacoco.exec
[INFO] 
[INFO] --- maven-resources-plugin:2.6:resources (default-resources) @ space-saving ---
[WARNING] Using platform encoding (UTF-8 actually) to copy filtered resources, i.e. build is platform dependent!
[INFO] Copying 1 resource
[INFO] 
[INFO] --- maven-compiler-plugin:3.1:compile (default-compile) @ space-saving ---
[INFO] Changes detected - recompiling the module!
[WARNING] File encoding has not been set, using platform encoding UTF-8, i.e. build is platform dependent!
[INFO] Compiling 4 source files to /tmp/tmptrpsafir/space-saving/target/classes
[WARNING] /tmp/tmptrpsafir/space-saving/src/main/java/com/github/fzakaria/collection/DoubleLinkedList.java: /tmp/tmptrpsafir/space-saving/src/main/java/com/github/fzakaria/collection/DoubleLinkedList.java uses unchecked or unsafe operations.
[WARNING] /tmp/tmptrpsafir/space-saving/src/main/java/com/github/fzakaria/collection/DoubleLinkedList.java: Recompile with -Xlint:unchecked for details.
[INFO] 
[INFO] --- maven-resources-plugin:2.6:testResources (default-testResources) @ space-saving ---
[WARNING] Using platform encoding (UTF-8 actually) to copy filtered resources, i.e. build is platform dependent!
[INFO] skip non existing resourceDirectory /tmp/tmptrpsafir/space-saving/src/test/resources
[INFO] 
[INFO] --- maven-compiler-plugin:3.1:testCompile (default-testCompile) @ space-saving ---
[INFO] Changes detected - recompiling the module!
[WARNING] File encoding has not been set, using platform encoding UTF-8, i.e. build is platform dependent!
[INFO] Compiling 2 source files to /tmp/tmptrpsafir/space-saving/target/test-classes
[WARNING] /tmp/tmptrpsafir/space-saving/src/test/java/com/github/fzakaria/collection/DoubleLinkedListTest.java: /tmp/tmptrpsafir/space-saving/src/test/java/com/github/fzakaria/collection/DoubleLinkedListTest.java uses unchecked or unsafe operations.
[WARNING] /tmp/tmptrpsafir/space-saving/src/test/java/com/github/fzakaria/collection/DoubleLinkedListTest.java: Recompile with -Xlint:unchecked for details.
[INFO] 
[INFO] --- maven-surefire-plugin:2.19.1:test (default-test) @ space-saving ---
[INFO] Surefire report directory: /tmp/tmptrpsafir/space-saving/target/surefire-reports

-------------------------------------------------------
 T E S T S
-------------------------------------------------------
Running com.github.fzakaria.topk.spacesaving.StreamSummaryTest
Tests run: 3, Failures: 0, Errors: 0, Skipped: 0, Time elapsed: 0.305 sec - in com.github.fzakaria.topk.spacesaving.StreamSummaryTest
Running com.github.fzakaria.collection.DoubleLinkedListTest
1
2
3
4
5
6
7
Tests run: 6, Failures: 0, Errors: 0, Skipped: 0, Time elapsed: 0.003 sec - in com.github.fzakaria.collection.DoubleLinkedListTest

Results :

Tests run: 9, Failures: 0, Errors: 0, Skipped: 0

[INFO] 
[INFO] --- jacoco-maven-plugin:0.8.5:report (report) @ space-saving ---
[INFO] Loading execution data file /tmp/tmptrpsafir/space-saving/target/jacoco.exec
[INFO] Analyzed bundle 'space-saving' with 961 classes
[INFO] ------------------------------------------------------------------------
[INFO] BUILD SUCCESS
[INFO] ------------------------------------------------------------------------
[INFO] Total time:  13.387 s
[INFO] Finished at: 2020-07-31T09:08:40Z
[INFO] ------------------------------------------------------------------------
