[INFO] Error stacktraces are turned on.
[INFO] Scanning for projects...
[INFO] 
[INFO] --------------------------< org.jsoup:jsoup >---------------------------
[INFO] Building jsoup 1.8.2
[INFO] --------------------------------[ jar ]---------------------------------
[INFO] 
[INFO] --- maven-resources-plugin:2.4:resources (default-resources) @ jsoup ---
[INFO] Using 'UTF-8' encoding to copy filtered resources.
[INFO] Copying 2 resources
[INFO] 
[INFO] --- maven-compiler-plugin:2.0.2:compile (default-compile) @ jsoup ---
[INFO] Compiling 54 source files to /tmp/tmpcmegcu4p/jsoup/target/classes
[INFO] 
[INFO] --- animal-sniffer-maven-plugin:1.9:check (animal-sniffer) @ jsoup ---
[INFO] Signature checking is skipped.
[INFO] 
[INFO] --- maven-bundle-plugin:2.1.0:manifest (bundle-manifest) @ jsoup ---
[WARNING] Warning in manifest for org.jsoup:jsoup:jar:1.8.2 : Superfluous export-package instructions: [org]
[INFO] 
[INFO] --- maven-resources-plugin:2.4:testResources (default-testResources) @ jsoup ---
[INFO] Using 'UTF-8' encoding to copy filtered resources.
[INFO] Copying 14 resources
[INFO] 
[INFO] --- maven-compiler-plugin:2.0.2:testCompile (default-testCompile) @ jsoup ---
[INFO] Compiling 28 source files to /tmp/tmpcmegcu4p/jsoup/target/test-classes
[INFO] 
[INFO] --- maven-surefire-plugin:2.12.4:test (default-test) @ jsoup ---
[INFO] Surefire report directory: /tmp/tmpcmegcu4p/jsoup/target/surefire-reports

-------------------------------------------------------
 T E S T S
-------------------------------------------------------
Running org.jsoup.safety.CleanerTest
Tests run: 28, Failures: 0, Errors: 0, Skipped: 0, Time elapsed: 0.268 sec
Running org.jsoup.select.CssTest
Tests run: 17, Failures: 0, Errors: 0, Skipped: 0, Time elapsed: 1.007 sec
Running org.jsoup.select.SelectorTest
Tests run: 49, Failures: 0, Errors: 0, Skipped: 0, Time elapsed: 0.072 sec
Running org.jsoup.select.ElementsTest
Tests run: 29, Failures: 0, Errors: 0, Skipped: 0, Time elapsed: 0.018 sec
Running org.jsoup.select.QueryParserTest
Tests run: 2, Failures: 0, Errors: 0, Skipped: 0, Time elapsed: 0 sec
Running org.jsoup.integration.UrlConnectTest
Tests run: 1, Failures: 0, Errors: 0, Skipped: 1, Time elapsed: 0.002 sec
Running org.jsoup.integration.ParseTest
Tests run: 11, Failures: 0, Errors: 0, Skipped: 0, Time elapsed: 0.278 sec
Running org.jsoup.nodes.ElementTest
Tests run: 61, Failures: 0, Errors: 0, Skipped: 0, Time elapsed: 0.07 sec
Running org.jsoup.nodes.EntitiesTest
Tests run: 8, Failures: 0, Errors: 0, Skipped: 0, Time elapsed: 0.024 sec
Running org.jsoup.nodes.FormElementTest
Tests run: 8, Failures: 0, Errors: 0, Skipped: 0, Time elapsed: 0.028 sec
Running org.jsoup.nodes.DocumentTypeTest
Tests run: 4, Failures: 0, Errors: 0, Skipped: 0, Time elapsed: 0.001 sec
Running org.jsoup.nodes.AttributeTest
Tests run: 2, Failures: 0, Errors: 0, Skipped: 0, Time elapsed: 0.001 sec
Running org.jsoup.nodes.TextNodeTest
Tests run: 5, Failures: 0, Errors: 0, Skipped: 0, Time elapsed: 0 sec
Running org.jsoup.nodes.DocumentTest
Tests run: 25, Failures: 0, Errors: 0, Skipped: 1, Time elapsed: 0.035 sec
Running org.jsoup.nodes.AttributesTest
Tests run: 1, Failures: 0, Errors: 0, Skipped: 0, Time elapsed: 0.001 sec
Running org.jsoup.nodes.NodeTest
Tests run: 22, Failures: 0, Errors: 0, Skipped: 0, Time elapsed: 0.018 sec
Running org.jsoup.helper.HttpConnectionTest
Tests run: 16, Failures: 0, Errors: 0, Skipped: 0, Time elapsed: 0.001 sec
Running org.jsoup.helper.StringUtilTest
Tests run: 7, Failures: 0, Errors: 0, Skipped: 0, Time elapsed: 0.049 sec
Running org.jsoup.helper.W3CDomTest
Tests run: 2, Failures: 0, Errors: 0, Skipped: 0, Time elapsed: 0.194 sec
Running org.jsoup.helper.DataUtilTest
Tests run: 10, Failures: 0, Errors: 0, Skipped: 0, Time elapsed: 0.009 sec
Running org.jsoup.parser.AttributeParseTest
Tests run: 6, Failures: 0, Errors: 0, Skipped: 0, Time elapsed: 0.01 sec
Running org.jsoup.parser.TagTest
Tests run: 9, Failures: 0, Errors: 0, Skipped: 0, Time elapsed: 0.001 sec
Running org.jsoup.parser.TokenQueueTest
Tests run: 6, Failures: 0, Errors: 0, Skipped: 0, Time elapsed: 0.001 sec
Running org.jsoup.parser.XmlTreeBuilderTest
Tests run: 10, Failures: 0, Errors: 0, Skipped: 1, Time elapsed: 0.003 sec
Running org.jsoup.parser.CharacterReaderTest
Tests run: 19, Failures: 0, Errors: 0, Skipped: 0, Time elapsed: 0.011 sec
Running org.jsoup.parser.HtmlParserTest
Tests run: 94, Failures: 0, Errors: 0, Skipped: 0, Time elapsed: 0.158 sec

Results :

Tests run: 452, Failures: 0, Errors: 0, Skipped: 3

[INFO] 
[INFO] --- maven-jar-plugin:2.2:jar (default-jar) @ jsoup ---
[INFO] Building jar: /tmp/tmpcmegcu4p/jsoup/target/jsoup-1.8.2.jar
[INFO] 
[INFO] --- maven-assembly-plugin:3.2.0:single (default) @ jsoup ---
[INFO] Building jar: /tmp/tmpcmegcu4p/jsoup/target/jsoup-1.8.2-jar-with-dependencies.jar
[INFO] ------------------------------------------------------------------------
[INFO] BUILD SUCCESS
[INFO] ------------------------------------------------------------------------
[INFO] Total time:  17.952 s
[INFO] Finished at: 2020-07-30T15:41:30Z
[INFO] ------------------------------------------------------------------------
