[INFO] Error stacktraces are turned on.
[INFO] Scanning for projects...
[WARNING] 
[WARNING] Some problems were encountered while building the effective model for org.reflections:reflections:jar:0.9.12-SNAPSHOT
[WARNING] 'build.plugins.plugin.version' for org.apache.maven.plugins:maven-compiler-plugin is missing. @ line 206, column 15
[WARNING] 
[WARNING] It is highly recommended to fix these problems because they threaten the stability of your build.
[WARNING] 
[WARNING] For this reason, future Maven versions might no longer support building such malformed projects.
[WARNING] 
[INFO] 
[INFO] --------------------< org.reflections:reflections >---------------------
[INFO] Building Reflections 0.9.12-SNAPSHOT
[INFO] --------------------------------[ jar ]---------------------------------
[INFO] 
[INFO] --- maven-resources-plugin:2.6:resources (default-resources) @ reflections ---
[WARNING] Using platform encoding (UTF-8 actually) to copy filtered resources, i.e. build is platform dependent!
[INFO] skip non existing resourceDirectory /tmp/tmpkpn8imwv/reflections/src/main/resources
[INFO] 
[INFO] --- maven-compiler-plugin:3.1:compile (default-compile) @ reflections ---
[INFO] Changes detected - recompiling the module!
[WARNING] File encoding has not been set, using platform encoding UTF-8, i.e. build is platform dependent!
[INFO] Compiling 35 source files to /tmp/tmpkpn8imwv/reflections/target/classes
[WARNING] /tmp/tmpkpn8imwv/reflections/src/main/java/org/reflections/util/ClasspathHelper.java: /tmp/tmpkpn8imwv/reflections/src/main/java/org/reflections/util/ClasspathHelper.java uses or overrides a deprecated API.
[WARNING] /tmp/tmpkpn8imwv/reflections/src/main/java/org/reflections/util/ClasspathHelper.java: Recompile with -Xlint:deprecation for details.
[WARNING] /tmp/tmpkpn8imwv/reflections/src/main/java/org/reflections/util/Utils.java: Some input files use unchecked or unsafe operations.
[WARNING] /tmp/tmpkpn8imwv/reflections/src/main/java/org/reflections/util/Utils.java: Recompile with -Xlint:unchecked for details.
[INFO] 
[INFO] --- maven-resources-plugin:2.6:testResources (default-testResources) @ reflections ---
[WARNING] Using platform encoding (UTF-8 actually) to copy filtered resources, i.e. build is platform dependent!
[INFO] Copying 4 resources
[INFO] 
[INFO] --- maven-compiler-plugin:3.1:testCompile (default-testCompile) @ reflections ---
[INFO] Changes detected - recompiling the module!
[WARNING] File encoding has not been set, using platform encoding UTF-8, i.e. build is platform dependent!
[INFO] Compiling 12 source files to /tmp/tmpkpn8imwv/reflections/target/test-classes
[WARNING] /tmp/tmpkpn8imwv/reflections/src/test/java/org/reflections/ReflectionsTest.java: Some input files use or override a deprecated API.
[WARNING] /tmp/tmpkpn8imwv/reflections/src/test/java/org/reflections/ReflectionsTest.java: Recompile with -Xlint:deprecation for details.
[INFO] 
[INFO] --- maven-surefire-plugin:2.12.4:test (default-test) @ reflections ---
[INFO] Surefire report directory: /tmp/tmpkpn8imwv/reflections/target/surefire-reports

-------------------------------------------------------
 T E S T S
-------------------------------------------------------
Running org.reflections.ReflectionsParallelTest
[main] INFO org.reflections.Reflections - Reflections took 109 ms to scan 1 urls, producing 50 keys and 94 values [using 36 cores]
[main] INFO org.reflections.Reflections - Reflections took 18 ms to scan 1 urls, producing 2 keys and 2 values 
[main] INFO org.reflections.Reflections - Reflections took 8 ms to scan 1 urls, producing 15 keys and 31 values 
Tests run: 11, Failures: 0, Errors: 0, Skipped: 0, Time elapsed: 0.3 sec
Running org.reflections.ClasspathHelperTest
Tests run: 1, Failures: 0, Errors: 0, Skipped: 0, Time elapsed: 0 sec
Running org.reflections.VfsTest
Tests run: 6, Failures: 0, Errors: 0, Skipped: 0, Time elapsed: 0.045 sec
Running org.reflections.ReflectionUtilsTest
[main] INFO org.reflections.Reflections - Reflections took 12 ms to scan 1 urls, producing 1 keys and 2 values 
Tests run: 5, Failures: 0, Errors: 0, Skipped: 0, Time elapsed: 0.03 sec
Running org.reflections.ReflectionsTest
[main] INFO org.reflections.Reflections - Reflections took 23 ms to scan 1 urls, producing 50 keys and 94 values 
[main] INFO org.reflections.Reflections - Reflections took 3 ms to scan 1 urls, producing 2 keys and 2 values 
[main] INFO org.reflections.Reflections - Reflections took 5 ms to scan 1 urls, producing 15 keys and 31 values 
Tests run: 11, Failures: 0, Errors: 0, Skipped: 0, Time elapsed: 0.038 sec
Running org.reflections.ReflectionsCollectTest
[main] INFO org.reflections.Reflections - Reflections took 8 ms to scan 1 urls, producing 37 keys and 68 values 
[main] INFO org.reflections.Reflections - Reflections successfully saved in /tmp/tmpkpn8imwv/reflections/target/test-classes/META-INF/reflections/testModel-reflections.xml using XmlSerializer
[main] INFO org.reflections.Reflections - Reflections took 4 ms to scan 1 urls, producing 12 keys and 24 values 
[main] INFO org.reflections.Reflections - Reflections successfully saved in /tmp/tmpkpn8imwv/reflections/target/test-classes/META-INF/reflections/testModel-reflections.json using JsonSerializer
[main] INFO org.reflections.Reflections - Reflections took 45 ms to collect 1 url, producing 38 keys and 70 values
[main] INFO org.reflections.Reflections - Reflections took 9 ms to collect 1 url, producing 12 keys and 24 values
[main] INFO org.reflections.Reflections - Reflections took 4 ms to scan 1 urls, producing 4 keys and 4 values 
[main] INFO org.reflections.Reflections - Reflections took 5 ms to scan 1 urls, producing 15 keys and 31 values 
Tests run: 11, Failures: 0, Errors: 0, Skipped: 0, Time elapsed: 0.159 sec
Running org.reflections.ReflectionsThreadSafenessTest
[pool-1-thread-2] INFO org.reflections.Reflections - Reflections took 35 ms to scan 1 urls, producing 14 keys and 34 values 
[pool-1-thread-1] INFO org.reflections.Reflections - Reflections took 35 ms to scan 1 urls, producing 14 keys and 34 values 
Tests run: 1, Failures: 0, Errors: 0, Skipped: 0, Time elapsed: 0.038 sec
Running org.reflections.JavaCodeSerializerTest
[main] INFO org.reflections.Reflections - Reflections took 4 ms to scan 1 urls, producing 22 keys and 28 values 
[main] INFO org.reflections.Reflections - Reflections successfully saved in /tmp/tmpkpn8imwv/reflections/src/test/java/org/reflections/MyTestModelStore.java using JavaCodeSerializer
Tests run: 1, Failures: 0, Errors: 0, Skipped: 0, Time elapsed: 0.019 sec
Running org.reflections.FilterBuilderTest
Tests run: 17, Failures: 0, Errors: 0, Skipped: 0, Time elapsed: 0.005 sec
Running org.reflections.ReflectionsExpandSupertypesTest
[main] INFO org.reflections.Reflections - Reflections took 3 ms to scan 1 urls, producing 1 keys and 2 values 
[main] INFO org.reflections.Reflections - Reflections took 3 ms to scan 1 urls, producing 1 keys and 2 values 
Tests run: 2, Failures: 0, Errors: 0, Skipped: 0, Time elapsed: 0.009 sec

Results :

Tests run: 66, Failures: 0, Errors: 0, Skipped: 0

[INFO] 
[INFO] --- maven-jar-plugin:2.4:jar (default-jar) @ reflections ---
[INFO] Building jar: /tmp/tmpkpn8imwv/reflections/target/reflections-0.9.12-SNAPSHOT.jar
[INFO] 
[INFO] --- maven-assembly-plugin:3.2.0:single (default) @ reflections ---
[INFO] Building jar: /tmp/tmpkpn8imwv/reflections/target/reflections-0.9.12-SNAPSHOT-jar-with-dependencies.jar
[INFO] ------------------------------------------------------------------------
[INFO] BUILD SUCCESS
[INFO] ------------------------------------------------------------------------
[INFO] Total time:  8.175 s
[INFO] Finished at: 2020-07-30T18:55:08Z
[INFO] ------------------------------------------------------------------------
