[INFO] Error stacktraces are turned on.
[INFO] Scanning for projects...
[INFO] 
[INFO] ----------------------------< jline:jline >-----------------------------
[INFO] Building JLine 2.6
[INFO] --------------------------------[ jar ]---------------------------------
[INFO] 
[INFO] --- maven-enforcer-plugin:1.0:enforce (enforce-maven) @ jline ---
[INFO] 
[INFO] --- maven-resources-plugin:2.6:resources (default-resources) @ jline ---
[INFO] Using 'UTF-8' encoding to copy filtered resources.
[INFO] Copying 1 resource
[INFO] skip non existing resourceDirectory /tmp/tmp1tuj31_g/jline2/src/main/filtered-resources
[INFO] 
[INFO] --- maven-compiler-plugin:2.3.2:compile (default-compile) @ jline ---
[INFO] Compiling 35 source files to /tmp/tmp1tuj31_g/jline2/target/classes
[INFO] 
[INFO] --- animal-sniffer-maven-plugin:1.6:check (default) @ jline ---
[INFO] Checking unresolved references to org.codehaus.mojo.signature:java15:1.0
[INFO] 
[INFO] --- maven-bundle-plugin:2.1.0:manifest (default) @ jline ---
[INFO] 
[INFO] --- maven-resources-plugin:2.6:testResources (default-testResources) @ jline ---
[INFO] Using 'UTF-8' encoding to copy filtered resources.
[INFO] Copying 3 resources
[INFO] skip non existing resourceDirectory /tmp/tmp1tuj31_g/jline2/src/test/filtered-resources
[INFO] 
[INFO] --- maven-compiler-plugin:2.3.2:testCompile (default-testCompile) @ jline ---
[INFO] Compiling 12 source files to /tmp/tmp1tuj31_g/jline2/target/test-classes
[INFO] 
[INFO] --- maven-surefire-plugin:2.8.1:test (default-test) @ jline ---
[INFO] Surefire report directory: /tmp/tmp1tuj31_g/jline2/target/surefire-reports

-------------------------------------------------------
 T E S T S
-------------------------------------------------------
Running jline.console.ConsoleReaderTest
Tests run: 17, Failures: 0, Errors: 0, Skipped: 0, Time elapsed: 0.227 sec
Running jline.console.completer.StringsCompleterTest
Tests run: 1, Failures: 0, Errors: 0, Skipped: 0, Time elapsed: 0.005 sec
Running jline.console.completer.ArgumentCompleterTest
Tests run: 1, Failures: 0, Errors: 0, Skipped: 0, Time elapsed: 0.006 sec
Running jline.console.completer.NullCompleterTest
Tests run: 1, Failures: 0, Errors: 0, Skipped: 0, Time elapsed: 0.003 sec
Running jline.console.history.MemoryHistoryTest
Tests run: 3, Failures: 0, Errors: 0, Skipped: 0, Time elapsed: 0.002 sec
Running jline.console.history.HistoryTest
Tests run: 1, Failures: 0, Errors: 0, Skipped: 0, Time elapsed: 0.078 sec
Running jline.console.EditLineTest
Tests run: 9, Failures: 0, Errors: 0, Skipped: 0, Time elapsed: 0.022 sec
Running jline.TerminalFactoryTest
Tests run: 2, Failures: 0, Errors: 0, Skipped: 0, Time elapsed: 0.002 sec
Running jline.readline.KeyMapTest
Tests run: 1, Failures: 0, Errors: 0, Skipped: 0, Time elapsed: 0 sec
Running jline.internal.TerminalLineSettingsTest
Tests run: 7, Failures: 0, Errors: 0, Skipped: 0, Time elapsed: 0.002 sec

Results :

Tests run: 43, Failures: 0, Errors: 0, Skipped: 0

[INFO] 
[INFO] --- maven-jar-plugin:2.3.1:jar (default-jar) @ jline ---
[INFO] Building jar: /tmp/tmp1tuj31_g/jline2/target/jline-2.6.jar
[INFO] 
[INFO] --- maven-source-plugin:2.1.2:jar-no-fork (attach-sources) @ jline ---
[INFO] jline already added, skipping
[INFO] jline/console already added, skipping
[INFO] jline/console/completer already added, skipping
[INFO] Building jar: /tmp/tmp1tuj31_g/jline2/target/jline-2.6-sources.jar
[INFO] jline already added, skipping
[INFO] jline/console already added, skipping
[INFO] jline/console/completer already added, skipping
[INFO] 
[INFO] --- maven-jar-plugin:2.3.1:test-jar (default) @ jline ---
[INFO] Building jar: /tmp/tmp1tuj31_g/jline2/target/jline-2.6-tests.jar
[INFO] 
[INFO] --- maven-shade-plugin:1.4:shade (default) @ jline ---
[INFO] Including org.fusesource.jansi:jansi:jar:1.8 in the shaded jar.
[INFO] Replacing original artifact with shaded artifact.
[INFO] Replacing /tmp/tmp1tuj31_g/jline2/target/jline-2.6.jar with /tmp/tmp1tuj31_g/jline2/target/jline-2.6-shaded.jar
[INFO] 
[INFO] --- maven-assembly-plugin:3.2.0:single (default) @ jline ---
[INFO] Building jar: /tmp/tmp1tuj31_g/jline2/target/jline-2.6-jar-with-dependencies.jar
[INFO] ------------------------------------------------------------------------
[INFO] BUILD SUCCESS
[INFO] ------------------------------------------------------------------------
[INFO] Total time:  9.530 s
[INFO] Finished at: 2020-07-30T16:35:40Z
[INFO] ------------------------------------------------------------------------
