[INFO] Error stacktraces are turned on.
[INFO] Scanning for projects...
[INFO] 
[INFO] -------------------------< com.cegeka:tetherj >-------------------------
[INFO] Building tetherj 1.3.2-SNAPSHOT
[INFO] --------------------------------[ jar ]---------------------------------
[INFO] 
[INFO] --- jacoco-maven-plugin:0.8.5:prepare-agent (default) @ tetherj ---
[INFO] argLine set to -javaagent:/home/jdbl/.m2/repository/org/jacoco/org.jacoco.agent/0.8.5/org.jacoco.agent-0.8.5-runtime.jar=destfile=/tmp/tmp7v8vlli4/cgk-tetherj/target/jacoco.exec
[INFO] 
[INFO] --- maven-resources-plugin:2.6:resources (default-resources) @ tetherj ---
[INFO] Using 'UTF-8' encoding to copy filtered resources.
[INFO] skip non existing resourceDirectory /tmp/tmp7v8vlli4/cgk-tetherj/src/main/resources
[INFO] 
[INFO] --- maven-compiler-plugin:3.3:compile (default-compile) @ tetherj ---
[INFO] Changes detected - recompiling the module!
[INFO] Compiling 84 source files to /tmp/tmp7v8vlli4/cgk-tetherj/target/classes
[INFO] /tmp/tmp7v8vlli4/cgk-tetherj/src/main/java/org/ethereum/crypto/ECKey.java: /tmp/tmp7v8vlli4/cgk-tetherj/src/main/java/org/ethereum/crypto/ECKey.java uses or overrides a deprecated API.
[INFO] /tmp/tmp7v8vlli4/cgk-tetherj/src/main/java/org/ethereum/crypto/ECKey.java: Recompile with -Xlint:deprecation for details.
[INFO] 
[INFO] --- maven-resources-plugin:2.6:testResources (default-testResources) @ tetherj ---
[INFO] Using 'UTF-8' encoding to copy filtered resources.
[INFO] skip non existing resourceDirectory /tmp/tmp7v8vlli4/cgk-tetherj/src/test/resources
[INFO] 
[INFO] --- maven-compiler-plugin:3.3:testCompile (default-testCompile) @ tetherj ---
[INFO] Changes detected - recompiling the module!
[INFO] Compiling 3 source files to /tmp/tmp7v8vlli4/cgk-tetherj/target/test-classes
[INFO] 
[INFO] --- maven-surefire-plugin:2.19.1:test (default-test) @ tetherj ---
[INFO] Surefire report directory: /tmp/tmp7v8vlli4/cgk-tetherj/target/surefire-reports

-------------------------------------------------------
 T E S T S
-------------------------------------------------------
Running tetherj.TestContracts
ERROR StatusLogger No log4j2 configuration file found. Using default configuration: logging only errors to the console.
Tests run: 1, Failures: 0, Errors: 0, Skipped: 0, Time elapsed: 5.04 sec - in tetherj.TestContracts
Running tetherj.TestWallets
Tests run: 3, Failures: 0, Errors: 0, Skipped: 0, Time elapsed: 9.386 sec - in tetherj.TestWallets
Running tetherj.TestTransactions
Tests run: 1, Failures: 0, Errors: 0, Skipped: 0, Time elapsed: 2.581 sec - in tetherj.TestTransactions

Results :

Tests run: 5, Failures: 0, Errors: 0, Skipped: 0

[INFO] 
[INFO] --- jacoco-maven-plugin:0.8.5:report (report) @ tetherj ---
[INFO] Loading execution data file /tmp/tmp7v8vlli4/cgk-tetherj/target/jacoco.exec
[INFO] Analyzed bundle 'tetherj' with 363 classes
[INFO] ------------------------------------------------------------------------
[INFO] BUILD SUCCESS
[INFO] ------------------------------------------------------------------------
[INFO] Total time:  42.229 s
[INFO] Finished at: 2020-07-30T23:05:17Z
[INFO] ------------------------------------------------------------------------
