[INFO] Error stacktraces are turned on.
[INFO] Scanning for projects...
[INFO] 
[INFO] --------------------------< whomm:canal2kudu >--------------------------
[INFO] Building canal2kudu 0.0.1-SNAPSHOT
[INFO] --------------------------------[ jar ]---------------------------------
[INFO] 
[INFO] --- jacoco-maven-plugin:0.8.5:prepare-agent (default) @ canal2kudu ---
[INFO] argLine set to -javaagent:/home/jdbl/.m2/repository/org/jacoco/org.jacoco.agent/0.8.5/org.jacoco.agent-0.8.5-runtime.jar=destfile=/tmp/tmppmbhzy7v/canal2kudu/target/jacoco.exec
[INFO] 
[INFO] --- maven-resources-plugin:2.6:resources (default-resources) @ canal2kudu ---
[INFO] Using 'UTF-8' encoding to copy filtered resources.
[INFO] skip non existing resourceDirectory /tmp/tmppmbhzy7v/canal2kudu/src/main/resources
[INFO] 
[INFO] --- maven-compiler-plugin:3.1:compile (default-compile) @ canal2kudu ---
[INFO] Changes detected - recompiling the module!
[INFO] Compiling 5 source files to /tmp/tmppmbhzy7v/canal2kudu/target/classes
[INFO] 
[INFO] --- maven-resources-plugin:2.6:testResources (default-testResources) @ canal2kudu ---
[INFO] Using 'UTF-8' encoding to copy filtered resources.
[INFO] skip non existing resourceDirectory /tmp/tmppmbhzy7v/canal2kudu/src/test/resources
[INFO] 
[INFO] --- maven-compiler-plugin:3.1:testCompile (default-testCompile) @ canal2kudu ---
[INFO] Changes detected - recompiling the module!
[INFO] Compiling 1 source file to /tmp/tmppmbhzy7v/canal2kudu/target/test-classes
[INFO] 
[INFO] --- maven-surefire-plugin:2.19.1:test (default-test) @ canal2kudu ---
[INFO] Surefire report directory: /tmp/tmppmbhzy7v/canal2kudu/target/surefire-reports

-------------------------------------------------------
 T E S T S
-------------------------------------------------------
Running whomm.canal2kudu.AppTest
Tests run: 1, Failures: 0, Errors: 0, Skipped: 0, Time elapsed: 0.002 sec - in whomm.canal2kudu.AppTest

Results :

Tests run: 1, Failures: 0, Errors: 0, Skipped: 0

[INFO] 
[INFO] --- jacoco-maven-plugin:0.8.5:report (report) @ canal2kudu ---
[INFO] Loading execution data file /tmp/tmppmbhzy7v/canal2kudu/target/jacoco.exec
[INFO] Analyzed bundle 'canal2kudu' with 189 classes
[INFO] ------------------------------------------------------------------------
[INFO] BUILD SUCCESS
[INFO] ------------------------------------------------------------------------
[INFO] Total time:  9.025 s
[INFO] Finished at: 2020-07-31T07:40:49Z
[INFO] ------------------------------------------------------------------------
