[INFO] Error stacktraces are turned on.
[INFO] Scanning for projects...
[WARNING] The project com.puppetlabs.puppetdb:com.puppetlabs.puppetdb.javaclient:bundle:0.1.7-SNAPSHOT uses prerequisites which is only intended for maven-plugin projects but not for non maven-plugin projects. For such purposes you should use the maven-enforcer-plugin. See https://maven.apache.org/enforcer/enforcer-rules/requireMavenVersion.html
[INFO] 
[INFO] -----< com.puppetlabs.puppetdb:com.puppetlabs.puppetdb.javaclient >-----
[INFO] Building Java Client for the PuppetDB API 0.1.7-SNAPSHOT
[INFO] -------------------------------[ bundle ]-------------------------------
[INFO] 
[INFO] --- jacoco-maven-plugin:0.8.5:prepare-agent (default) @ com.puppetlabs.puppetdb.javaclient ---
[INFO] argLine set to -javaagent:/home/jdbl/.m2/repository/org/jacoco/org.jacoco.agent/0.8.5/org.jacoco.agent-0.8.5-runtime.jar=destfile=/tmp/tmpzf7ouqno/puppetdb-javaclient/target/jacoco.exec
[INFO] 
[INFO] --- maven-resources-plugin:3.1.0:resources (default-resources) @ com.puppetlabs.puppetdb.javaclient ---
[INFO] Using 'UTF-8' encoding to copy filtered resources.
[INFO] skip non existing resourceDirectory /tmp/tmpzf7ouqno/puppetdb-javaclient/src/main/resources
[INFO] 
[INFO] --- maven-compiler-plugin:3.1:compile (default-compile) @ com.puppetlabs.puppetdb.javaclient ---
[INFO] Changes detected - recompiling the module!
[INFO] Compiling 32 source files to /tmp/tmpzf7ouqno/puppetdb-javaclient/target/classes
[WARNING] /tmp/tmpzf7ouqno/puppetdb-javaclient/src/main/java/com/puppetlabs/puppetdb/javaclient/query/Query.java: /tmp/tmpzf7ouqno/puppetdb-javaclient/src/main/java/com/puppetlabs/puppetdb/javaclient/query/Query.java uses unchecked or unsafe operations.
[WARNING] /tmp/tmpzf7ouqno/puppetdb-javaclient/src/main/java/com/puppetlabs/puppetdb/javaclient/query/Query.java: Recompile with -Xlint:unchecked for details.
[INFO] 
[INFO] --- maven-resources-plugin:3.1.0:testResources (default-testResources) @ com.puppetlabs.puppetdb.javaclient ---
[INFO] Using 'UTF-8' encoding to copy filtered resources.
[INFO] Copying 1 resource
[INFO] 
[INFO] --- maven-compiler-plugin:3.1:testCompile (default-testCompile) @ com.puppetlabs.puppetdb.javaclient ---
[INFO] Changes detected - recompiling the module!
[INFO] Compiling 5 source files to /tmp/tmpzf7ouqno/puppetdb-javaclient/target/test-classes
[INFO] 
[INFO] --- maven-surefire-plugin:2.19.1:test (default-test) @ com.puppetlabs.puppetdb.javaclient ---
[INFO] Surefire report directory: /tmp/tmpzf7ouqno/puppetdb-javaclient/target/surefire-reports

-------------------------------------------------------
 T E S T S
-------------------------------------------------------
Running com.puppetlabs.puppetdb.javaclient.test.APIMockTest
Tests run: 7, Failures: 0, Errors: 0, Skipped: 0, Time elapsed: 0.511 sec - in com.puppetlabs.puppetdb.javaclient.test.APIMockTest
Running com.puppetlabs.puppetdb.javaclient.test.ExpressionTest
Tests run: 7, Failures: 0, Errors: 0, Skipped: 0, Time elapsed: 0.001 sec - in com.puppetlabs.puppetdb.javaclient.test.ExpressionTest

Results :

Tests run: 14, Failures: 0, Errors: 0, Skipped: 0

[INFO] 
[INFO] --- jacoco-maven-plugin:0.8.5:report (report) @ com.puppetlabs.puppetdb.javaclient ---
[INFO] Loading execution data file /tmp/tmpzf7ouqno/puppetdb-javaclient/target/jacoco.exec
[INFO] Analyzed bundle 'Java Client for the PuppetDB API' with 85 classes
[INFO] ------------------------------------------------------------------------
[INFO] BUILD SUCCESS
[INFO] ------------------------------------------------------------------------
[INFO] Total time:  13.613 s
[INFO] Finished at: 2020-07-30T21:42:20Z
[INFO] ------------------------------------------------------------------------
