[INFO] Error stacktraces are turned on.
[INFO] Scanning for projects...
[INFO] 
[INFO] -----------------------< org.apdplat:superword >------------------------
[INFO] Building superword 1.0
[INFO] --------------------------------[ war ]---------------------------------
[WARNING] Could not validate integrity of download from file:///tmp/tmp233tjoae/superword/lib/com/qq/connect/1.0/connect-1.0.pom: Checksum validation failed, no checksums available
[WARNING] Could not validate integrity of download from file:///tmp/tmp233tjoae/superword/lib/com/qq/connect/1.0/connect-1.0.jar: Checksum validation failed, no checksums available
[INFO] 
[INFO] --- jacoco-maven-plugin:0.8.5:prepare-agent (default) @ superword ---
[INFO] argLine set to -javaagent:/home/jdbl/.m2/repository/org/jacoco/org.jacoco.agent/0.8.5/org.jacoco.agent-0.8.5-runtime.jar=destfile=/tmp/tmp233tjoae/superword/target/jacoco.exec
[INFO] 
[INFO] --- maven-resources-plugin:2.6:resources (default-resources) @ superword ---
[INFO] Using 'UTF-8' encoding to copy filtered resources.
[INFO] Copying 323 resources
[INFO] 
[INFO] --- maven-compiler-plugin:3.0:compile (default-compile) @ superword ---
[INFO] Changes detected - recompiling the module!
[INFO] Compiling 91 source files to /tmp/tmp233tjoae/superword/target/classes
[WARNING] /tmp/tmp233tjoae/superword/src/main/java/org/apdplat/superword/rule/CharTransformRule.java: Some input files use unchecked or unsafe operations.
[WARNING] /tmp/tmp233tjoae/superword/src/main/java/org/apdplat/superword/rule/CharTransformRule.java: Recompile with -Xlint:unchecked for details.
[INFO] 
[INFO] --- maven-resources-plugin:2.6:testResources (default-testResources) @ superword ---
[INFO] Using 'UTF-8' encoding to copy filtered resources.
[INFO] skip non existing resourceDirectory /tmp/tmp233tjoae/superword/src/test/resources
[INFO] 
[INFO] --- maven-compiler-plugin:3.0:testCompile (default-testCompile) @ superword ---
[INFO] Changes detected - recompiling the module!
[INFO] Compiling 2 source files to /tmp/tmp233tjoae/superword/target/test-classes
[INFO] 
[INFO] --- maven-surefire-plugin:2.19.1:test (default-test) @ superword ---
[INFO] Surefire report directory: /tmp/tmp233tjoae/superword/target/surefire-reports

-------------------------------------------------------
 T E S T S
-------------------------------------------------------
Running org.apdplat.superword.rule.CompoundWordTest
Tests run: 1, Failures: 0, Errors: 0, Skipped: 0, Time elapsed: 0.075 sec - in org.apdplat.superword.rule.CompoundWordTest
Running org.apdplat.superword.rule.WordVectorTest
Tests run: 1, Failures: 0, Errors: 0, Skipped: 0, Time elapsed: 0.2 sec - in org.apdplat.superword.rule.WordVectorTest

Results :

Tests run: 2, Failures: 0, Errors: 0, Skipped: 0

[INFO] 
[INFO] --- jacoco-maven-plugin:0.8.5:report (report) @ superword ---
[INFO] Loading execution data file /tmp/tmp233tjoae/superword/target/jacoco.exec
[INFO] Analyzed bundle 'superword' with 342 classes
[INFO] ------------------------------------------------------------------------
[INFO] BUILD SUCCESS
[INFO] ------------------------------------------------------------------------
[INFO] Total time:  28.633 s
[INFO] Finished at: 2020-07-30T21:58:19Z
[INFO] ------------------------------------------------------------------------
