[INFO] Error stacktraces are turned on.
[INFO] Scanning for projects...
[INFO] 
[INFO] ----------< com.ibm.wex.relevancyprofiler:relevancy-profiler >----------
[INFO] Building wex-engine-relevancy-profiler 1.0-SNAPSHOT
[INFO] --------------------------------[ jar ]---------------------------------
[INFO] 
[INFO] --- jacoco-maven-plugin:0.8.5:prepare-agent (default) @ relevancy-profiler ---
[INFO] argLine set to -javaagent:/home/jdbl/.m2/repository/org/jacoco/org.jacoco.agent/0.8.5/org.jacoco.agent-0.8.5-runtime.jar=destfile=/tmp/tmp246ut7m2/wex-engine-relevancy-profiler/target/jacoco.exec
[INFO] 
[INFO] --- maven-resources-plugin:2.6:resources (default-resources) @ relevancy-profiler ---
[INFO] Using 'UTF-8' encoding to copy filtered resources.
[INFO] skip non existing resourceDirectory /tmp/tmp246ut7m2/wex-engine-relevancy-profiler/src/main/resources
[INFO] 
[INFO] --- maven-compiler-plugin:3.3:compile (default-compile) @ relevancy-profiler ---
[INFO] Changes detected - recompiling the module!
[INFO] Compiling 29 source files to /tmp/tmp246ut7m2/wex-engine-relevancy-profiler/target/classes
[INFO] 
[INFO] --- maven-resources-plugin:2.6:testResources (default-testResources) @ relevancy-profiler ---
[INFO] Using 'UTF-8' encoding to copy filtered resources.
[INFO] skip non existing resourceDirectory /tmp/tmp246ut7m2/wex-engine-relevancy-profiler/src/test/resources
[INFO] 
[INFO] --- maven-compiler-plugin:3.3:testCompile (default-testCompile) @ relevancy-profiler ---
[INFO] Changes detected - recompiling the module!
[INFO] Compiling 16 source files to /tmp/tmp246ut7m2/wex-engine-relevancy-profiler/target/test-classes
[INFO] 
[INFO] --- maven-surefire-plugin:2.19.1:test (default-test) @ relevancy-profiler ---
[INFO] Surefire report directory: /tmp/tmp246ut7m2/wex-engine-relevancy-profiler/target/surefire-reports

-------------------------------------------------------
 T E S T S
-------------------------------------------------------
Running com.ibm.wex.relevancyprofiler.PercentageExpectedDocumentsWithinRankTest
Tests run: 9, Failures: 0, Errors: 0, Skipped: 0, Time elapsed: 8.101 sec - in com.ibm.wex.relevancyprofiler.PercentageExpectedDocumentsWithinRankTest
Running com.ibm.wex.relevancyprofiler.PercentageDocumentsNotFoundTest
Tests run: 4, Failures: 0, Errors: 0, Skipped: 0, Time elapsed: 3.003 sec - in com.ibm.wex.relevancyprofiler.PercentageDocumentsNotFoundTest
Running com.ibm.wex.relevancyprofiler.AverageRankOfExpectedResultsTest
Tests run: 3, Failures: 0, Errors: 0, Skipped: 0, Time elapsed: 2.004 sec - in com.ibm.wex.relevancyprofiler.AverageRankOfExpectedResultsTest
Running com.ibm.wex.relevancyprofiler.ProfilingSessionTest
Tests run: 8, Failures: 0, Errors: 0, Skipped: 0, Time elapsed: 3.016 sec - in com.ibm.wex.relevancyprofiler.ProfilingSessionTest
Running com.ibm.wex.relevancyprofiler.MedianRankOfExpectedResultsTest
Tests run: 5, Failures: 0, Errors: 0, Skipped: 0, Time elapsed: 4.006 sec - in com.ibm.wex.relevancyprofiler.MedianRankOfExpectedResultsTest
Running com.ibm.wex.relevancyprofiler.PrecisionTest
Tests run: 5, Failures: 0, Errors: 0, Skipped: 0, Time elapsed: 4.011 sec - in com.ibm.wex.relevancyprofiler.PrecisionTest
Running com.ibm.wex.relevancyprofiler.RecallTest
Tests run: 4, Failures: 0, Errors: 0, Skipped: 0, Time elapsed: 3.005 sec - in com.ibm.wex.relevancyprofiler.RecallTest
Running com.ibm.wex.relevancyprofiler.VelocityQueryTest
Tests run: 19, Failures: 0, Errors: 0, Skipped: 0, Time elapsed: 0.025 sec - in com.ibm.wex.relevancyprofiler.VelocityQueryTest
Running com.ibm.wex.relevancyprofiler.AverageRankOfTopExpectedTest
Tests run: 5, Failures: 0, Errors: 0, Skipped: 0, Time elapsed: 4.027 sec - in com.ibm.wex.relevancyprofiler.AverageRankOfTopExpectedTest
Running com.ibm.wex.relevancyprofiler.MeanAveragePrecisionOfExpectedResultsTest
Tests run: 3, Failures: 0, Errors: 0, Skipped: 0, Time elapsed: 2.006 sec - in com.ibm.wex.relevancyprofiler.MeanAveragePrecisionOfExpectedResultsTest
Running com.ibm.wex.relevancyprofiler.NormalizedDiscountedCumulativeGainOfExpectedResultsTest
Tests run: 3, Failures: 0, Errors: 0, Skipped: 0, Time elapsed: 2.004 sec - in com.ibm.wex.relevancyprofiler.NormalizedDiscountedCumulativeGainOfExpectedResultsTest
Running com.ibm.wex.relevancyprofiler.MeanReciprocalRankOfExpectedResultsTest
Tests run: 3, Failures: 0, Errors: 0, Skipped: 0, Time elapsed: 2.002 sec - in com.ibm.wex.relevancyprofiler.MeanReciprocalRankOfExpectedResultsTest
Running com.ibm.wex.relevancyprofiler.PercentageTopDocumentsWithinRankTest
Tests run: 9, Failures: 0, Errors: 0, Skipped: 0, Time elapsed: 8.014 sec - in com.ibm.wex.relevancyprofiler.PercentageTopDocumentsWithinRankTest

Results :

Tests run: 80, Failures: 0, Errors: 0, Skipped: 0

[INFO] 
[INFO] --- jacoco-maven-plugin:0.8.5:report (report) @ relevancy-profiler ---
[INFO] Loading execution data file /tmp/tmp246ut7m2/wex-engine-relevancy-profiler/target/jacoco.exec
[INFO] Analyzed bundle 'wex-engine-relevancy-profiler' with 43 classes
[INFO] ------------------------------------------------------------------------
[INFO] BUILD SUCCESS
[INFO] ------------------------------------------------------------------------
[INFO] Total time:  50.596 s
[INFO] Finished at: 2020-07-30T15:52:31Z
[INFO] ------------------------------------------------------------------------
