[INFO] Error stacktraces are turned on.
[INFO] Scanning for projects...
[INFO] 
[INFO] ---------------< org.ortis.mochimo:mochimo-farm-manager >---------------
[INFO] Building farm_manager 0.5
[INFO] --------------------------------[ jar ]---------------------------------
[INFO] 
[INFO] --- jacoco-maven-plugin:0.8.5:prepare-agent (default) @ mochimo-farm-manager ---
[INFO] argLine set to -javaagent:/home/jdbl/.m2/repository/org/jacoco/org.jacoco.agent/0.8.5/org.jacoco.agent-0.8.5-runtime.jar=destfile=/tmp/tmpvu8xgemo/mochimo-farm-manager/target/jacoco.exec
[INFO] 
[INFO] --- maven-resources-plugin:2.6:resources (default-resources) @ mochimo-farm-manager ---
[INFO] Using 'UTF-8' encoding to copy filtered resources.
[INFO] Copying 1 resource
[INFO] 
[INFO] --- maven-compiler-plugin:3.1:compile (default-compile) @ mochimo-farm-manager ---
[INFO] Changes detected - recompiling the module!
[INFO] Compiling 45 source files to /tmp/tmpvu8xgemo/mochimo-farm-manager/target/classes
[INFO] 
[INFO] --- maven-resources-plugin:2.6:testResources (default-testResources) @ mochimo-farm-manager ---
[INFO] Using 'UTF-8' encoding to copy filtered resources.
[INFO] Copying 1 resource
[INFO] 
[INFO] --- maven-compiler-plugin:3.1:testCompile (default-testCompile) @ mochimo-farm-manager ---
[INFO] Changes detected - recompiling the module!
[INFO] Compiling 2 source files to /tmp/tmpvu8xgemo/mochimo-farm-manager/target/test-classes
[INFO] 
[INFO] --- maven-surefire-plugin:2.19.1:test (default-test) @ mochimo-farm-manager ---
[INFO] Surefire report directory: /tmp/tmpvu8xgemo/mochimo-farm-manager/target/surefire-reports

-------------------------------------------------------
 T E S T S
-------------------------------------------------------
Running org.ortis.mochimo.farm_manager.EncryptionTest
Tests run: 1, Failures: 0, Errors: 0, Skipped: 0, Time elapsed: 0.404 sec - in org.ortis.mochimo.farm_manager.EncryptionTest

Results :

Tests run: 1, Failures: 0, Errors: 0, Skipped: 0

[INFO] 
[INFO] --- jacoco-maven-plugin:0.8.5:report (report) @ mochimo-farm-manager ---
[INFO] Loading execution data file /tmp/tmpvu8xgemo/mochimo-farm-manager/target/jacoco.exec
[INFO] Analyzed bundle 'farm_manager' with 280 classes
[INFO] ------------------------------------------------------------------------
[INFO] BUILD SUCCESS
[INFO] ------------------------------------------------------------------------
[INFO] Total time:  4.337 s
[INFO] Finished at: 2020-07-30T17:12:25Z
[INFO] ------------------------------------------------------------------------
