[INFO] Error stacktraces are turned on.
[INFO] Scanning for projects...
[INFO] 
[INFO] ------------------< com.patreon.euphrates:euphrates >-------------------
[INFO] Building euphrates 1.0
[INFO] --------------------------------[ jar ]---------------------------------
[INFO] 
[INFO] --- git-commit-id-plugin:2.2.5:revision (get-the-git-infos) @ euphrates ---
[INFO] 
[INFO] --- git-commit-id-plugin:2.2.5:validateRevision (validate-the-git-infos) @ euphrates ---
[INFO] 
[INFO] --- jacoco-maven-plugin:0.8.5:prepare-agent (default) @ euphrates ---
[INFO] argLine set to -javaagent:/home/jdbl/.m2/repository/org/jacoco/org.jacoco.agent/0.8.5/org.jacoco.agent-0.8.5-runtime.jar=destfile=/tmp/tmp90badyab/euphrates/target/jacoco.exec
[INFO] 
[INFO] --- maven-resources-plugin:2.6:resources (default-resources) @ euphrates ---
[INFO] Using 'UTF-8' encoding to copy filtered resources.
[INFO] Copying 1 resource
[INFO] 
[INFO] --- maven-compiler-plugin:3.5.1:compile (default-compile) @ euphrates ---
[INFO] Changes detected - recompiling the module!
[INFO] Compiling 11 source files to /tmp/tmp90badyab/euphrates/target/classes
[INFO] 
[INFO] --- maven-resources-plugin:2.6:testResources (default-testResources) @ euphrates ---
[INFO] Using 'UTF-8' encoding to copy filtered resources.
[INFO] skip non existing resourceDirectory /tmp/tmp90badyab/euphrates/src/test/resources
[INFO] 
[INFO] --- maven-compiler-plugin:3.5.1:testCompile (default-testCompile) @ euphrates ---
[INFO] Changes detected - recompiling the module!
[INFO] Compiling 1 source file to /tmp/tmp90badyab/euphrates/target/test-classes
[INFO] 
[INFO] --- maven-surefire-plugin:2.19.1:test (default-test) @ euphrates ---
[INFO] Surefire report directory: /tmp/tmp90badyab/euphrates/target/surefire-reports

-------------------------------------------------------
 T E S T S
-------------------------------------------------------
Running com.patreon.euphrates.ScrubbingInputStreamTest
Tests run: 4, Failures: 0, Errors: 0, Skipped: 0, Time elapsed: 0.276 sec - in com.patreon.euphrates.ScrubbingInputStreamTest

Results :

Tests run: 4, Failures: 0, Errors: 0, Skipped: 0

[INFO] 
[INFO] --- jacoco-maven-plugin:0.8.5:report (report) @ euphrates ---
[INFO] Loading execution data file /tmp/tmp90badyab/euphrates/target/jacoco.exec
[INFO] Analyzed bundle 'euphrates' with 312 classes
[INFO] ------------------------------------------------------------------------
[INFO] BUILD SUCCESS
[INFO] ------------------------------------------------------------------------
[INFO] Total time:  56.686 s
[INFO] Finished at: 2020-07-30T20:03:10Z
[INFO] ------------------------------------------------------------------------
