[INFO] Error stacktraces are turned on.
[INFO] Scanning for projects...
[WARNING] 
[WARNING] Some problems were encountered while building the effective model for net.glowstone:glowstone:jar:2018.10.0-SNAPSHOT
[WARNING] 'build.plugins.plugin.(groupId:artifactId)' must be unique but found duplicate declaration of plugin org.apache.maven.plugins:maven-surefire-plugin @ line 356, column 15
[WARNING] 
[WARNING] It is highly recommended to fix these problems because they threaten the stability of your build.
[WARNING] 
[WARNING] For this reason, future Maven versions might no longer support building such malformed projects.
[WARNING] 
[INFO] 
[INFO] ----------------------< net.glowstone:glowstone >-----------------------
[INFO] Building Glowstone 2018.10.0-SNAPSHOT
[INFO] --------------------------------[ jar ]---------------------------------
[INFO] 
[INFO] --- scriptus:0.3.2:describe (default) @ glowstone ---
[INFO] Set property "describe" to "5e0ad72"
[INFO] 
[INFO] --- jacoco-maven-plugin:0.8.5:prepare-agent (default) @ glowstone ---
[INFO] argLine set to -javaagent:/home/jdbl/.m2/repository/org/jacoco/org.jacoco.agent/0.8.5/org.jacoco.agent-0.8.5-runtime.jar=destfile=/tmp/tmp6sqd71ww/Glowstone/target/jacoco.exec
[INFO] 
[INFO] --- kotlin-maven-plugin:1.3.61:compile (compile) @ glowstone ---
[WARNING] No sources found skipping Kotlin compile
[INFO] 
[INFO] --- maven-resources-plugin:3.1.0:resources (default-resources) @ glowstone ---
[INFO] Using 'UTF-8' encoding to copy filtered resources.
[INFO] Copying 56 resources
[INFO] 
[INFO] --- maven-compiler-plugin:3.8.1:compile (default-compile) @ glowstone ---
[INFO] Changes detected - recompiling the module!
[INFO] Compiling 1101 source files to /tmp/tmp6sqd71ww/Glowstone/target/classes
[INFO] /tmp/tmp6sqd71ww/Glowstone/src/main/java/net/glowstone/GlowServer.java: Some input files use or override a deprecated API.
[INFO] /tmp/tmp6sqd71ww/Glowstone/src/main/java/net/glowstone/GlowServer.java: Recompile with -Xlint:deprecation for details.
[INFO] /tmp/tmp6sqd71ww/Glowstone/src/main/java/net/glowstone/util/config/ServerConfig.java: Some input files use unchecked or unsafe operations.
[INFO] /tmp/tmp6sqd71ww/Glowstone/src/main/java/net/glowstone/util/config/ServerConfig.java: Recompile with -Xlint:unchecked for details.
[INFO] 
[INFO] --- maven-checkstyle-plugin:3.1.1:check (default) @ glowstone ---
[INFO] You have 0 Checkstyle violations.
[INFO] 
[INFO] --- animal-sniffer-maven-plugin:1.18:check (default) @ glowstone ---
[INFO] Signature checking is skipped.
[INFO] 
[INFO] --- maven-resources-plugin:3.1.0:testResources (default-testResources) @ glowstone ---
[INFO] Using 'UTF-8' encoding to copy filtered resources.
[INFO] Copying 3 resources
[INFO] 
[INFO] --- maven-compiler-plugin:3.8.1:testCompile (default-testCompile) @ glowstone ---
[INFO] Changes detected - recompiling the module!
[INFO] Compiling 201 source files to /tmp/tmp6sqd71ww/Glowstone/target/test-classes
[INFO] /tmp/tmp6sqd71ww/Glowstone/src/test/java/net/glowstone/testutils/ServerShim.java: Some input files use or override a deprecated API.
[INFO] /tmp/tmp6sqd71ww/Glowstone/src/test/java/net/glowstone/testutils/ServerShim.java: Recompile with -Xlint:deprecation for details.
[INFO] 
[INFO] --- maven-surefire-plugin:2.19.1:test (default-test) @ glowstone ---
[INFO] Surefire report directory: /tmp/tmp6sqd71ww/Glowstone/target/surefire-reports

-------------------------------------------------------
 T E S T S
-------------------------------------------------------
Running net.glowstone.net.QueryTest
Tests run: 4, Failures: 0, Errors: 0, Skipped: 0, Time elapsed: 13.328 sec - in net.glowstone.net.QueryTest
Running net.glowstone.net.handler.play.player.UseItemHandlerTest
Tests run: 1, Failures: 0, Errors: 0, Skipped: 0, Time elapsed: 1.739 sec - in net.glowstone.net.handler.play.player.UseItemHandlerTest
Running net.glowstone.entity.projectile.GlowSpectralArrowTest
Tests run: 1, Failures: 0, Errors: 0, Skipped: 0, Time elapsed: 0.119 sec - in net.glowstone.entity.projectile.GlowSpectralArrowTest
Running net.glowstone.entity.projectile.GlowWitherSkullTest
Tests run: 1, Failures: 0, Errors: 0, Skipped: 0, Time elapsed: 0.004 sec - in net.glowstone.entity.projectile.GlowWitherSkullTest
Running net.glowstone.entity.projectile.GlowSplashPotionTest
Tests run: 1, Failures: 0, Errors: 0, Skipped: 0, Time elapsed: 0.004 sec - in net.glowstone.entity.projectile.GlowSplashPotionTest
Running net.glowstone.entity.projectile.GlowFireballTest
Tests run: 1, Failures: 0, Errors: 0, Skipped: 0, Time elapsed: 0.004 sec - in net.glowstone.entity.projectile.GlowFireballTest
Running net.glowstone.entity.projectile.GlowEggTest
Tests run: 1, Failures: 0, Errors: 0, Skipped: 0, Time elapsed: 0.005 sec - in net.glowstone.entity.projectile.GlowEggTest
Running net.glowstone.entity.projectile.GlowSnowballTest
Tests run: 1, Failures: 0, Errors: 0, Skipped: 0, Time elapsed: 0.004 sec - in net.glowstone.entity.projectile.GlowSnowballTest
Running net.glowstone.entity.projectile.GlowArrowTest
Tests run: 1, Failures: 0, Errors: 0, Skipped: 0, Time elapsed: 0.003 sec - in net.glowstone.entity.projectile.GlowArrowTest
Running net.glowstone.entity.projectile.GlowThrownExpBottleTest
Tests run: 1, Failures: 0, Errors: 0, Skipped: 0, Time elapsed: 0.004 sec - in net.glowstone.entity.projectile.GlowThrownExpBottleTest
Running net.glowstone.entity.projectile.GlowEnderPearlTest
Tests run: 1, Failures: 0, Errors: 0, Skipped: 0, Time elapsed: 0 sec - in net.glowstone.entity.projectile.GlowEnderPearlTest
Running net.glowstone.entity.projectile.GlowTippedArrowTest
Tests run: 1, Failures: 0, Errors: 0, Skipped: 0, Time elapsed: 0 sec - in net.glowstone.entity.projectile.GlowTippedArrowTest
Running net.glowstone.entity.projectile.GlowLingeringPotionTest
Tests run: 1, Failures: 0, Errors: 0, Skipped: 0, Time elapsed: 0.003 sec - in net.glowstone.entity.projectile.GlowLingeringPotionTest
Running net.glowstone.entity.passive.GlowCowTest
Tests run: 24, Failures: 0, Errors: 0, Skipped: 0, Time elapsed: 0.381 sec - in net.glowstone.entity.passive.GlowCowTest
Running net.glowstone.entity.passive.GlowWolfTest
Jul 30, 2020 5:24:06 PM net.glowstone.entity.passive.GlowWolf entityInteract
INFO: InteractEntityMessage(id=1, action=0, targetX=0.0, targetY=0.0, targetZ=0.0, hand=0)
Jul 30, 2020 5:24:06 PM net.glowstone.entity.passive.GlowWolf entityInteract
INFO: InteractEntityMessage(id=1, action=0, targetX=0.0, targetY=0.0, targetZ=0.0, hand=0)
Jul 30, 2020 5:24:06 PM net.glowstone.entity.passive.GlowWolf entityInteract
INFO: InteractEntityMessage(id=1, action=0, targetX=0.0, targetY=0.0, targetZ=0.0, hand=0)
Jul 30, 2020 5:24:06 PM net.glowstone.entity.passive.GlowWolf entityInteract
INFO: InteractEntityMessage(id=1, action=0, targetX=0.0, targetY=0.0, targetZ=0.0, hand=0)
Jul 30, 2020 5:24:06 PM net.glowstone.entity.passive.GlowWolf entityInteract
INFO: InteractEntityMessage(id=1, action=0, targetX=0.0, targetY=0.0, targetZ=0.0, hand=0)
Jul 30, 2020 5:24:06 PM net.glowstone.entity.passive.GlowWolf entityInteract
INFO: InteractEntityMessage(id=1, action=0, targetX=0.0, targetY=0.0, targetZ=0.0, hand=0)
Jul 30, 2020 5:24:06 PM net.glowstone.entity.passive.GlowWolf entityInteract
INFO: InteractEntityMessage(id=1, action=0, targetX=0.0, targetY=0.0, targetZ=0.0, hand=0)
Jul 30, 2020 5:24:06 PM net.glowstone.entity.passive.GlowWolf entityInteract
INFO: InteractEntityMessage(id=1, action=0, targetX=0.0, targetY=0.0, targetZ=0.0, hand=0)
Jul 30, 2020 5:24:06 PM net.glowstone.entity.passive.GlowWolf entityInteract
INFO: InteractEntityMessage(id=1, action=0, targetX=0.0, targetY=0.0, targetZ=0.0, hand=0)
Jul 30, 2020 5:24:06 PM net.glowstone.entity.passive.GlowWolf entityInteract
INFO: InteractEntityMessage(id=1, action=0, targetX=0.0, targetY=0.0, targetZ=0.0, hand=0)
Jul 30, 2020 5:24:06 PM net.glowstone.entity.passive.GlowWolf entityInteract
INFO: InteractEntityMessage(id=1, action=0, targetX=0.0, targetY=0.0, targetZ=0.0, hand=0)
Jul 30, 2020 5:24:06 PM net.glowstone.entity.passive.GlowWolf entityInteract
INFO: InteractEntityMessage(id=1, action=0, targetX=0.0, targetY=0.0, targetZ=0.0, hand=0)
Jul 30, 2020 5:24:06 PM net.glowstone.entity.passive.GlowWolf entityInteract
INFO: InteractEntityMessage(id=1, action=0, targetX=0.0, targetY=0.0, targetZ=0.0, hand=0)
Jul 30, 2020 5:24:06 PM net.glowstone.entity.passive.GlowWolf entityInteract
INFO: InteractEntityMessage(id=1, action=0, targetX=0.0, targetY=0.0, targetZ=0.0, hand=0)
Jul 30, 2020 5:24:06 PM net.glowstone.entity.passive.GlowWolf entityInteract
INFO: InteractEntityMessage(id=1, action=0, targetX=0.0, targetY=0.0, targetZ=0.0, hand=0)
Jul 30, 2020 5:24:06 PM net.glowstone.entity.passive.GlowWolf entityInteract
INFO: InteractEntityMessage(id=1, action=0, targetX=0.0, targetY=0.0, targetZ=0.0, hand=0)
Jul 30, 2020 5:24:06 PM net.glowstone.entity.passive.GlowWolf entityInteract
INFO: InteractEntityMessage(id=1, action=0, targetX=0.0, targetY=0.0, targetZ=0.0, hand=0)
Jul 30, 2020 5:24:06 PM net.glowstone.entity.passive.GlowWolf entityInteract
INFO: InteractEntityMessage(id=1, action=0, targetX=0.0, targetY=0.0, targetZ=0.0, hand=0)
Jul 30, 2020 5:24:06 PM net.glowstone.entity.passive.GlowWolf entityInteract
INFO: InteractEntityMessage(id=1, action=0, targetX=0.0, targetY=0.0, targetZ=0.0, hand=0)
Jul 30, 2020 5:24:06 PM net.glowstone.entity.passive.GlowWolf entityInteract
INFO: InteractEntityMessage(id=1, action=0, targetX=0.0, targetY=0.0, targetZ=0.0, hand=0)
Jul 30, 2020 5:24:06 PM net.glowstone.entity.passive.GlowWolf entityInteract
INFO: InteractEntityMessage(id=1, action=0, targetX=0.0, targetY=0.0, targetZ=0.0, hand=0)
Jul 30, 2020 5:24:06 PM net.glowstone.entity.passive.GlowWolf entityInteract
INFO: InteractEntityMessage(id=1, action=0, targetX=0.0, targetY=0.0, targetZ=0.0, hand=0)
Jul 30, 2020 5:24:06 PM net.glowstone.entity.passive.GlowWolf entityInteract
INFO: InteractEntityMessage(id=1, action=0, targetX=0.0, targetY=0.0, targetZ=0.0, hand=0)
Jul 30, 2020 5:24:06 PM net.glowstone.entity.passive.GlowWolf entityInteract
INFO: InteractEntityMessage(id=1, action=0, targetX=0.0, targetY=0.0, targetZ=0.0, hand=0)
Jul 30, 2020 5:24:06 PM net.glowstone.entity.passive.GlowWolf entityInteract
INFO: InteractEntityMessage(id=1, action=0, targetX=0.0, targetY=0.0, targetZ=0.0, hand=0)
Jul 30, 2020 5:24:06 PM net.glowstone.entity.passive.GlowWolf entityInteract
INFO: InteractEntityMessage(id=1, action=0, targetX=0.0, targetY=0.0, targetZ=0.0, hand=0)
Jul 30, 2020 5:24:06 PM net.glowstone.entity.passive.GlowWolf entityInteract
INFO: InteractEntityMessage(id=1, action=0, targetX=0.0, targetY=0.0, targetZ=0.0, hand=0)
Jul 30, 2020 5:24:06 PM net.glowstone.entity.passive.GlowWolf entityInteract
INFO: InteractEntityMessage(id=1, action=0, targetX=0.0, targetY=0.0, targetZ=0.0, hand=0)
Jul 30, 2020 5:24:06 PM net.glowstone.entity.passive.GlowWolf entityInteract
INFO: InteractEntityMessage(id=1, action=0, targetX=0.0, targetY=0.0, targetZ=0.0, hand=0)
Jul 30, 2020 5:24:06 PM net.glowstone.entity.passive.GlowWolf entityInteract
INFO: InteractEntityMessage(id=1, action=0, targetX=0.0, targetY=0.0, targetZ=0.0, hand=0)
Jul 30, 2020 5:24:06 PM net.glowstone.entity.passive.GlowWolf entityInteract
INFO: InteractEntityMessage(id=1, action=0, targetX=0.0, targetY=0.0, targetZ=0.0, hand=0)
Jul 30, 2020 5:24:06 PM net.glowstone.entity.passive.GlowWolf entityInteract
INFO: InteractEntityMessage(id=1, action=0, targetX=0.0, targetY=0.0, targetZ=0.0, hand=0)
Jul 30, 2020 5:24:06 PM net.glowstone.entity.passive.GlowWolf entityInteract
INFO: InteractEntityMessage(id=1, action=0, targetX=0.0, targetY=0.0, targetZ=0.0, hand=0)
Jul 30, 2020 5:24:06 PM net.glowstone.entity.passive.GlowWolf entityInteract
INFO: InteractEntityMessage(id=0, action=0, targetX=0.0, targetY=0.0, targetZ=0.0, hand=0)
Jul 30, 2020 5:24:06 PM net.glowstone.entity.passive.GlowWolf entityInteract
INFO: InteractEntityMessage(id=0, action=0, targetX=0.0, targetY=0.0, targetZ=0.0, hand=0)
Tests run: 24, Failures: 0, Errors: 0, Skipped: 0, Time elapsed: 0.241 sec - in net.glowstone.entity.passive.GlowWolfTest
Running net.glowstone.entity.passive.GlowMuleTest
Tests run: 29, Failures: 0, Errors: 0, Skipped: 0, Time elapsed: 0.216 sec - in net.glowstone.entity.passive.GlowMuleTest
Running net.glowstone.entity.passive.GlowMooshroomTest
Tests run: 24, Failures: 0, Errors: 0, Skipped: 0, Time elapsed: 0.171 sec - in net.glowstone.entity.passive.GlowMooshroomTest
Running net.glowstone.entity.passive.GlowFishingHookTest
Tests run: 4, Failures: 0, Errors: 0, Skipped: 0, Time elapsed: 2.872 sec - in net.glowstone.entity.passive.GlowFishingHookTest
Running net.glowstone.entity.passive.GlowZombieHorseTest
Tests run: 29, Failures: 0, Errors: 0, Skipped: 0, Time elapsed: 0.232 sec - in net.glowstone.entity.passive.GlowZombieHorseTest
Running net.glowstone.entity.passive.GlowPigTest
Tests run: 24, Failures: 0, Errors: 0, Skipped: 0, Time elapsed: 0.165 sec - in net.glowstone.entity.passive.GlowPigTest
Running net.glowstone.entity.passive.GlowParrotTest
Tests run: 24, Failures: 0, Errors: 0, Skipped: 0, Time elapsed: 0.154 sec - in net.glowstone.entity.passive.GlowParrotTest
Running net.glowstone.entity.passive.GlowPolarBearTest
Tests run: 24, Failures: 0, Errors: 0, Skipped: 0, Time elapsed: 0.164 sec - in net.glowstone.entity.passive.GlowPolarBearTest
Running net.glowstone.entity.passive.GlowRabbitTest
Tests run: 24, Failures: 0, Errors: 0, Skipped: 0, Time elapsed: 0.192 sec - in net.glowstone.entity.passive.GlowRabbitTest
Running net.glowstone.entity.passive.GlowBatTest
Tests run: 3, Failures: 0, Errors: 0, Skipped: 0, Time elapsed: 0.007 sec - in net.glowstone.entity.passive.GlowBatTest
Running net.glowstone.entity.passive.GlowOcelotTest
Tests run: 24, Failures: 0, Errors: 0, Skipped: 0, Time elapsed: 0.204 sec - in net.glowstone.entity.passive.GlowOcelotTest
Running net.glowstone.entity.passive.GlowDonkeyTest
Tests run: 29, Failures: 0, Errors: 0, Skipped: 0, Time elapsed: 0.2 sec - in net.glowstone.entity.passive.GlowDonkeyTest
Running net.glowstone.entity.passive.GlowVillagerTest
Tests run: 20, Failures: 0, Errors: 0, Skipped: 0, Time elapsed: 0.19 sec - in net.glowstone.entity.passive.GlowVillagerTest
Running net.glowstone.entity.passive.GlowLlamaTest
Tests run: 29, Failures: 0, Errors: 0, Skipped: 0, Time elapsed: 0.163 sec - in net.glowstone.entity.passive.GlowLlamaTest
Running net.glowstone.entity.passive.GlowChickenTest
Tests run: 24, Failures: 0, Errors: 0, Skipped: 0, Time elapsed: 0.204 sec - in net.glowstone.entity.passive.GlowChickenTest
Running net.glowstone.entity.passive.GlowSheepTest
Tests run: 24, Failures: 0, Errors: 0, Skipped: 0, Time elapsed: 0.179 sec - in net.glowstone.entity.passive.GlowSheepTest
Running net.glowstone.entity.passive.GlowSkeletonHorseTest
Tests run: 29, Failures: 0, Errors: 0, Skipped: 0, Time elapsed: 0.175 sec - in net.glowstone.entity.passive.GlowSkeletonHorseTest
Running net.glowstone.entity.passive.GlowSquidTest
Tests run: 1, Failures: 0, Errors: 0, Skipped: 0, Time elapsed: 0.003 sec - in net.glowstone.entity.passive.GlowSquidTest
Running net.glowstone.entity.passive.GlowFireworkTest
Tests run: 1, Failures: 0, Errors: 0, Skipped: 0, Time elapsed: 0.005 sec - in net.glowstone.entity.passive.GlowFireworkTest
Running net.glowstone.entity.passive.GlowHorseTest
Tests run: 29, Failures: 0, Errors: 0, Skipped: 0, Time elapsed: 0.222 sec - in net.glowstone.entity.passive.GlowHorseTest
Running net.glowstone.entity.GlowTntPrimedTest
Tests run: 1, Failures: 0, Errors: 0, Skipped: 0, Time elapsed: 0.002 sec - in net.glowstone.entity.GlowTntPrimedTest
Running net.glowstone.entity.GlowLightningStrikeTest
Tests run: 1, Failures: 0, Errors: 0, Skipped: 0, Time elapsed: 0.003 sec - in net.glowstone.entity.GlowLightningStrikeTest
Running net.glowstone.entity.objects.GlowExperienceOrbTest
Tests run: 1, Failures: 0, Errors: 0, Skipped: 0, Time elapsed: 0.002 sec - in net.glowstone.entity.objects.GlowExperienceOrbTest
Running net.glowstone.entity.objects.GlowMinecartTest
Tests run: 7, Failures: 0, Errors: 0, Skipped: 0, Time elapsed: 0.023 sec - in net.glowstone.entity.objects.GlowMinecartTest
Running net.glowstone.entity.objects.GlowFallingBlockTest
Tests run: 1, Failures: 0, Errors: 0, Skipped: 0, Time elapsed: 0.001 sec - in net.glowstone.entity.objects.GlowFallingBlockTest
Running net.glowstone.entity.objects.GlowBoatTest
Tests run: 1, Failures: 0, Errors: 0, Skipped: 0, Time elapsed: 0.001 sec - in net.glowstone.entity.objects.GlowBoatTest
Running net.glowstone.entity.objects.GlowArmorStandTest
Tests run: 1, Failures: 0, Errors: 0, Skipped: 0, Time elapsed: 0.004 sec - in net.glowstone.entity.objects.GlowArmorStandTest
Running net.glowstone.entity.objects.GlowPaintingTest
Tests run: 1, Failures: 0, Errors: 0, Skipped: 0, Time elapsed: 0.005 sec - in net.glowstone.entity.objects.GlowPaintingTest
Running net.glowstone.entity.objects.GlowLeashHitchTest
Tests run: 1, Failures: 0, Errors: 0, Skipped: 0, Time elapsed: 0.005 sec - in net.glowstone.entity.objects.GlowLeashHitchTest
Running net.glowstone.entity.objects.GlowEvokerFangsTest
Tests run: 1, Failures: 0, Errors: 0, Skipped: 0, Time elapsed: 0.002 sec - in net.glowstone.entity.objects.GlowEvokerFangsTest
Running net.glowstone.entity.objects.GlowItemTest
Tests run: 1, Failures: 0, Errors: 0, Skipped: 0, Time elapsed: 0.003 sec - in net.glowstone.entity.objects.GlowItemTest
Running net.glowstone.entity.objects.GlowItemFrameTest
Tests run: 1, Failures: 0, Errors: 0, Skipped: 0, Time elapsed: 0.002 sec - in net.glowstone.entity.objects.GlowItemFrameTest
Running net.glowstone.entity.objects.GlowEnderCrystalTest
Tests run: 1, Failures: 0, Errors: 0, Skipped: 0, Time elapsed: 0.002 sec - in net.glowstone.entity.objects.GlowEnderCrystalTest
Running net.glowstone.entity.GlowAreaEffectCloudTest
Tests run: 1, Failures: 0, Errors: 0, Skipped: 0, Time elapsed: 0.003 sec - in net.glowstone.entity.GlowAreaEffectCloudTest
Running net.glowstone.entity.GlowPlayerTest
Tests run: 31, Failures: 0, Errors: 0, Skipped: 0, Time elapsed: 4.815 sec - in net.glowstone.entity.GlowPlayerTest
Running net.glowstone.entity.monster.GlowVexTest
Tests run: 1, Failures: 0, Errors: 0, Skipped: 0, Time elapsed: 0.003 sec - in net.glowstone.entity.monster.GlowVexTest
Running net.glowstone.entity.monster.GlowEndermanTest
Tests run: 1, Failures: 0, Errors: 0, Skipped: 0, Time elapsed: 0.002 sec - in net.glowstone.entity.monster.GlowEndermanTest
Running net.glowstone.entity.monster.complex.GlowEnderDragonTest
Tests run: 2, Failures: 0, Errors: 0, Skipped: 0, Time elapsed: 0.041 sec - in net.glowstone.entity.monster.complex.GlowEnderDragonTest
Running net.glowstone.entity.monster.complex.GlowEnderDragonPartTest
Tests run: 1, Failures: 0, Errors: 0, Skipped: 0, Time elapsed: 0.003 sec - in net.glowstone.entity.monster.complex.GlowEnderDragonPartTest
Running net.glowstone.entity.monster.GlowPigZombieTest
Tests run: 1, Failures: 0, Errors: 0, Skipped: 0, Time elapsed: 0.002 sec - in net.glowstone.entity.monster.GlowPigZombieTest
Running net.glowstone.entity.monster.GlowZombieTest
Tests run: 1, Failures: 0, Errors: 0, Skipped: 0, Time elapsed: 0.002 sec - in net.glowstone.entity.monster.GlowZombieTest
Running net.glowstone.entity.monster.GlowCaveSpiderTest
Tests run: 1, Failures: 0, Errors: 0, Skipped: 0, Time elapsed: 0.003 sec - in net.glowstone.entity.monster.GlowCaveSpiderTest
Running net.glowstone.entity.monster.GlowCreeperTest
Tests run: 1, Failures: 0, Errors: 0, Skipped: 0, Time elapsed: 0.003 sec - in net.glowstone.entity.monster.GlowCreeperTest
Running net.glowstone.entity.monster.GlowGuardianTest
Tests run: 3, Failures: 0, Errors: 0, Skipped: 0, Time elapsed: 0.018 sec - in net.glowstone.entity.monster.GlowGuardianTest
Running net.glowstone.entity.monster.GlowWitherSkeletonTest
Tests run: 1, Failures: 0, Errors: 0, Skipped: 0, Time elapsed: 0.001 sec - in net.glowstone.entity.monster.GlowWitherSkeletonTest
Running net.glowstone.entity.monster.GlowWitherTest
Tests run: 2, Failures: 0, Errors: 0, Skipped: 0, Time elapsed: 0.004 sec - in net.glowstone.entity.monster.GlowWitherTest
Running net.glowstone.entity.monster.GlowGhastTest
Tests run: 1, Failures: 0, Errors: 0, Skipped: 0, Time elapsed: 0.001 sec - in net.glowstone.entity.monster.GlowGhastTest
Running net.glowstone.entity.monster.GlowWitchTest
Tests run: 1, Failures: 0, Errors: 0, Skipped: 0, Time elapsed: 0.001 sec - in net.glowstone.entity.monster.GlowWitchTest
Running net.glowstone.entity.monster.GlowIronGolemTest
Tests run: 1, Failures: 0, Errors: 0, Skipped: 0, Time elapsed: 0.001 sec - in net.glowstone.entity.monster.GlowIronGolemTest
Running net.glowstone.entity.monster.GlowStrayTest
Tests run: 1, Failures: 0, Errors: 0, Skipped: 0, Time elapsed: 0.001 sec - in net.glowstone.entity.monster.GlowStrayTest
Running net.glowstone.entity.monster.GlowBlazeTest
Tests run: 3, Failures: 0, Errors: 0, Skipped: 0, Time elapsed: 0.003 sec - in net.glowstone.entity.monster.GlowBlazeTest
Running net.glowstone.entity.monster.GlowZombieVillagerTest
Tests run: 1, Failures: 0, Errors: 0, Skipped: 0, Time elapsed: 0.002 sec - in net.glowstone.entity.monster.GlowZombieVillagerTest
Running net.glowstone.entity.monster.GlowSilverfishTest
Tests run: 1, Failures: 0, Errors: 0, Skipped: 0, Time elapsed: 0.001 sec - in net.glowstone.entity.monster.GlowSilverfishTest
Running net.glowstone.entity.monster.GlowEndermiteTest
Tests run: 1, Failures: 0, Errors: 0, Skipped: 0, Time elapsed: 0.001 sec - in net.glowstone.entity.monster.GlowEndermiteTest
Running net.glowstone.entity.monster.GlowHuskTest
Tests run: 1, Failures: 0, Errors: 0, Skipped: 0, Time elapsed: 0.002 sec - in net.glowstone.entity.monster.GlowHuskTest
Running net.glowstone.entity.monster.GlowEvokerTest
Tests run: 1, Failures: 0, Errors: 0, Skipped: 0, Time elapsed: 0.003 sec - in net.glowstone.entity.monster.GlowEvokerTest
Running net.glowstone.entity.monster.GlowSpiderTest
Tests run: 1, Failures: 0, Errors: 0, Skipped: 0, Time elapsed: 0.002 sec - in net.glowstone.entity.monster.GlowSpiderTest
Running net.glowstone.entity.monster.GlowSnowmanTest
Tests run: 3, Failures: 0, Errors: 0, Skipped: 0, Time elapsed: 0.004 sec - in net.glowstone.entity.monster.GlowSnowmanTest
Running net.glowstone.entity.monster.GlowVindicatorTest
Tests run: 1, Failures: 0, Errors: 0, Skipped: 0, Time elapsed: 0.001 sec - in net.glowstone.entity.monster.GlowVindicatorTest
Running net.glowstone.entity.monster.GlowMagmaCubeTest
Tests run: 1, Failures: 0, Errors: 0, Skipped: 0, Time elapsed: 0.002 sec - in net.glowstone.entity.monster.GlowMagmaCubeTest
Running net.glowstone.entity.monster.GlowGiantTest
Tests run: 1, Failures: 0, Errors: 0, Skipped: 0, Time elapsed: 0.001 sec - in net.glowstone.entity.monster.GlowGiantTest
Running net.glowstone.entity.monster.GlowSkeletonTest
Tests run: 1, Failures: 0, Errors: 0, Skipped: 0, Time elapsed: 0.001 sec - in net.glowstone.entity.monster.GlowSkeletonTest
Running net.glowstone.entity.monster.GlowElderGuardianTest
Tests run: 3, Failures: 0, Errors: 0, Skipped: 0, Time elapsed: 0.006 sec - in net.glowstone.entity.monster.GlowElderGuardianTest
Running net.glowstone.entity.monster.GlowShulkerTest
Tests run: 1, Failures: 0, Errors: 0, Skipped: 0, Time elapsed: 0.001 sec - in net.glowstone.entity.monster.GlowShulkerTest
Running net.glowstone.entity.monster.GlowSlimeTest
Tests run: 1, Failures: 0, Errors: 0, Skipped: 0, Time elapsed: 0.001 sec - in net.glowstone.entity.monster.GlowSlimeTest
Running net.glowstone.util.CompatibilityBundleTest
Tests run: 1, Failures: 0, Errors: 0, Skipped: 0, Time elapsed: 0.016 sec - in net.glowstone.util.CompatibilityBundleTest
Running net.glowstone.util.TickUtilTest
Tests run: 4, Failures: 0, Errors: 0, Skipped: 0, Time elapsed: 0.001 sec - in net.glowstone.util.TickUtilTest
Running net.glowstone.command.glowstone.ColorCommandTest
Tests run: 2, Failures: 0, Errors: 0, Skipped: 0, Time elapsed: 1.113 sec - in net.glowstone.command.glowstone.ColorCommandTest
Running net.glowstone.command.glowstone.GlowstoneCommandTest
Tests run: 2, Failures: 0, Errors: 0, Skipped: 0, Time elapsed: 1.22 sec - in net.glowstone.command.glowstone.GlowstoneCommandTest
Running net.glowstone.command.minecraft.SpawnPointCommandTest
Tests run: 17, Failures: 0, Errors: 0, Skipped: 0, Time elapsed: 2.533 sec - in net.glowstone.command.minecraft.SpawnPointCommandTest
Running net.glowstone.command.minecraft.PardonCommandTest
Tests run: 2, Failures: 0, Errors: 0, Skipped: 0, Time elapsed: 1.171 sec - in net.glowstone.command.minecraft.PardonCommandTest
Running net.glowstone.command.minecraft.WorldBorderCommandTest
Tests run: 2, Failures: 0, Errors: 0, Skipped: 0, Time elapsed: 1.254 sec - in net.glowstone.command.minecraft.WorldBorderCommandTest
Running net.glowstone.command.minecraft.TestForBlocksCommandTest
Tests run: 7, Failures: 0, Errors: 0, Skipped: 0, Time elapsed: 3.055 sec - in net.glowstone.command.minecraft.TestForBlocksCommandTest
Running net.glowstone.command.minecraft.TellCommandTest
Tests run: 2, Failures: 0, Errors: 0, Skipped: 0, Time elapsed: 1.141 sec - in net.glowstone.command.minecraft.TellCommandTest
Running net.glowstone.command.minecraft.FunctionCommandTest
Tests run: 2, Failures: 0, Errors: 0, Skipped: 0, Time elapsed: 1.176 sec - in net.glowstone.command.minecraft.FunctionCommandTest
Running net.glowstone.command.minecraft.KickCommandTest
Tests run: 2, Failures: 0, Errors: 0, Skipped: 0, Time elapsed: 1.22 sec - in net.glowstone.command.minecraft.KickCommandTest
Running net.glowstone.command.minecraft.SummonCommandTest
Tests run: 2, Failures: 0, Errors: 0, Skipped: 0, Time elapsed: 0.889 sec - in net.glowstone.command.minecraft.SummonCommandTest
Running net.glowstone.command.minecraft.SaveOnCommandTest
Tests run: 2, Failures: 0, Errors: 0, Skipped: 0, Time elapsed: 0.925 sec - in net.glowstone.command.minecraft.SaveOnCommandTest
Running net.glowstone.command.minecraft.SaveAllCommandTest
Tests run: 2, Failures: 0, Errors: 0, Skipped: 0, Time elapsed: 0.88 sec - in net.glowstone.command.minecraft.SaveAllCommandTest
Running net.glowstone.command.minecraft.DifficultyCommandTest
Tests run: 2, Failures: 0, Errors: 0, Skipped: 0, Time elapsed: 1.016 sec - in net.glowstone.command.minecraft.DifficultyCommandTest
Running net.glowstone.command.minecraft.MeCommandTest
Tests run: 2, Failures: 0, Errors: 0, Skipped: 0, Time elapsed: 0.91 sec - in net.glowstone.command.minecraft.MeCommandTest
Running net.glowstone.command.minecraft.SayCommandTest
Tests run: 2, Failures: 0, Errors: 0, Skipped: 0, Time elapsed: 0.991 sec - in net.glowstone.command.minecraft.SayCommandTest
Running net.glowstone.command.minecraft.XpCommandTest
Tests run: 2, Failures: 0, Errors: 0, Skipped: 0, Time elapsed: 0.99 sec - in net.glowstone.command.minecraft.XpCommandTest
Running net.glowstone.command.minecraft.BanListCommandTest
Tests run: 2, Failures: 0, Errors: 0, Skipped: 0, Time elapsed: 0.956 sec - in net.glowstone.command.minecraft.BanListCommandTest
Running net.glowstone.command.minecraft.GameRuleCommandTest
Tests run: 2, Failures: 0, Errors: 0, Skipped: 0, Time elapsed: 1.192 sec - in net.glowstone.command.minecraft.GameRuleCommandTest
Running net.glowstone.command.minecraft.KillCommandTest
Tests run: 2, Failures: 0, Errors: 0, Skipped: 0, Time elapsed: 1.12 sec - in net.glowstone.command.minecraft.KillCommandTest
Running net.glowstone.command.minecraft.TestForBlockCommandTest
Tests run: 2, Failures: 0, Errors: 0, Skipped: 0, Time elapsed: 0.976 sec - in net.glowstone.command.minecraft.TestForBlockCommandTest
Running net.glowstone.command.minecraft.TellrawCommandTest
Tests run: 2, Failures: 0, Errors: 0, Skipped: 0, Time elapsed: 1.172 sec - in net.glowstone.command.minecraft.TellrawCommandTest
Running net.glowstone.command.minecraft.PlaySoundCommandTest
Tests run: 22, Failures: 0, Errors: 0, Skipped: 0, Time elapsed: 3.394 sec - in net.glowstone.command.minecraft.PlaySoundCommandTest
Running net.glowstone.command.minecraft.GameModeCommandTest
Tests run: 2, Failures: 0, Errors: 0, Skipped: 0, Time elapsed: 1.211 sec - in net.glowstone.command.minecraft.GameModeCommandTest
Running net.glowstone.command.minecraft.DeopCommandTest
Tests run: 2, Failures: 0, Errors: 0, Skipped: 0, Time elapsed: 0.995 sec - in net.glowstone.command.minecraft.DeopCommandTest
Running net.glowstone.command.minecraft.WhitelistCommandTest
Tests run: 2, Failures: 0, Errors: 0, Skipped: 0, Time elapsed: 1.039 sec - in net.glowstone.command.minecraft.WhitelistCommandTest
Running net.glowstone.command.minecraft.EnchantCommandTest
Tests run: 2, Failures: 0, Errors: 0, Skipped: 0, Time elapsed: 1.037 sec - in net.glowstone.command.minecraft.EnchantCommandTest
Running net.glowstone.command.minecraft.TimeCommandTest
Tests run: 2, Failures: 0, Errors: 0, Skipped: 0, Time elapsed: 1.168 sec - in net.glowstone.command.minecraft.TimeCommandTest
Running net.glowstone.command.minecraft.PardonIpCommandTest
Tests run: 2, Failures: 0, Errors: 0, Skipped: 0, Time elapsed: 1.361 sec - in net.glowstone.command.minecraft.PardonIpCommandTest
Running net.glowstone.command.minecraft.TitleCommandTest
Tests run: 2, Failures: 0, Errors: 0, Skipped: 0, Time elapsed: 1.239 sec - in net.glowstone.command.minecraft.TitleCommandTest
Running net.glowstone.command.minecraft.OpCommandTest
Tests run: 2, Failures: 0, Errors: 0, Skipped: 0, Time elapsed: 1.186 sec - in net.glowstone.command.minecraft.OpCommandTest
Running net.glowstone.command.minecraft.TeleportCommandTest
Tests run: 2, Failures: 0, Errors: 0, Skipped: 0, Time elapsed: 1.343 sec - in net.glowstone.command.minecraft.TeleportCommandTest
Running net.glowstone.command.minecraft.TestForCommandTest
Tests run: 2, Failures: 0, Errors: 0, Skipped: 0, Time elapsed: 1.263 sec - in net.glowstone.command.minecraft.TestForCommandTest
Running net.glowstone.command.minecraft.ListCommandTest
Tests run: 2, Failures: 0, Errors: 0, Skipped: 0, Time elapsed: 1.347 sec - in net.glowstone.command.minecraft.ListCommandTest
Running net.glowstone.command.minecraft.TpCommandTest
Tests run: 2, Failures: 0, Errors: 0, Skipped: 0, Time elapsed: 1.147 sec - in net.glowstone.command.minecraft.TpCommandTest
Running net.glowstone.command.minecraft.ToggleDownfallCommandTest
Tests run: 5, Failures: 0, Errors: 0, Skipped: 0, Time elapsed: 1.799 sec - in net.glowstone.command.minecraft.ToggleDownfallCommandTest
Running net.glowstone.command.minecraft.SetBlockCommandTest
Tests run: 2, Failures: 0, Errors: 0, Skipped: 0, Time elapsed: 1.39 sec - in net.glowstone.command.minecraft.SetBlockCommandTest
Running net.glowstone.command.minecraft.SeedCommandTest
Tests run: 2, Failures: 0, Errors: 0, Skipped: 0, Time elapsed: 1.224 sec - in net.glowstone.command.minecraft.SeedCommandTest
Running net.glowstone.command.minecraft.ClearCommandTest
Tests run: 7, Failures: 0, Errors: 0, Skipped: 0, Time elapsed: 3.701 sec - in net.glowstone.command.minecraft.ClearCommandTest
Running net.glowstone.command.minecraft.SaveOffCommandTest
Tests run: 2, Failures: 0, Errors: 0, Skipped: 0, Time elapsed: 1.177 sec - in net.glowstone.command.minecraft.SaveOffCommandTest
Running net.glowstone.command.minecraft.SetIdleTimeoutCommandTest
Tests run: 8, Failures: 0, Errors: 0, Skipped: 0, Time elapsed: 1.789 sec - in net.glowstone.command.minecraft.SetIdleTimeoutCommandTest
Running net.glowstone.command.minecraft.StopCommandTest
Tests run: 2, Failures: 0, Errors: 0, Skipped: 0, Time elapsed: 2.744 sec - in net.glowstone.command.minecraft.StopCommandTest
Running net.glowstone.command.minecraft.WeatherCommandTest
Tests run: 2, Failures: 0, Errors: 0, Skipped: 0, Time elapsed: 1.087 sec - in net.glowstone.command.minecraft.WeatherCommandTest
Running net.glowstone.command.minecraft.CloneCommandTest
Tests run: 2, Failures: 0, Errors: 0, Skipped: 0, Time elapsed: 1.241 sec - in net.glowstone.command.minecraft.CloneCommandTest
Running net.glowstone.command.minecraft.DefaultGameModeCommandTest
Tests run: 2, Failures: 0, Errors: 0, Skipped: 0, Time elapsed: 1.026 sec - in net.glowstone.command.minecraft.DefaultGameModeCommandTest
Running net.glowstone.command.minecraft.GiveCommandTest
Tests run: 2, Failures: 0, Errors: 0, Skipped: 0, Time elapsed: 1.003 sec - in net.glowstone.command.minecraft.GiveCommandTest
Running net.glowstone.command.minecraft.BanIpCommandTest
Tests run: 2, Failures: 0, Errors: 0, Skipped: 0, Time elapsed: 1.164 sec - in net.glowstone.command.minecraft.BanIpCommandTest
Running net.glowstone.command.minecraft.BanCommandTest
Tests run: 2, Failures: 0, Errors: 0, Skipped: 0, Time elapsed: 1.198 sec - in net.glowstone.command.minecraft.BanCommandTest
Running net.glowstone.command.minecraft.EffectCommandTest
Tests run: 2, Failures: 0, Errors: 0, Skipped: 0, Time elapsed: 1.1 sec - in net.glowstone.command.minecraft.EffectCommandTest
Running net.glowstone.command.minecraft.SetWorldSpawnCommandTest
Tests run: 13, Failures: 0, Errors: 0, Skipped: 0, Time elapsed: 2.974 sec - in net.glowstone.command.minecraft.SetWorldSpawnCommandTest

Results :

Tests run: 718, Failures: 0, Errors: 0, Skipped: 0

[INFO] 
[INFO] --- jacoco-maven-plugin:0.8.5:report (report) @ glowstone ---
[INFO] Loading execution data file /tmp/tmp6sqd71ww/Glowstone/target/jacoco.exec
[INFO] Analyzed bundle 'Glowstone' with 1397 classes
[WARNING] Classes in bundle 'Glowstone' do no match with execution data. For report generation the same class files must be used as at runtime.
[WARNING] Execution data for class net/glowstone/net/GlowNetworkServer does not match.
[WARNING] Execution data for class net/glowstone/net/query/QueryServer does not match.
[WARNING] Execution data for class net/glowstone/net/GlowDatagramServer does not match.
[WARNING] Execution data for class net/glowstone/command/CommandUtils does not match.
[INFO] ------------------------------------------------------------------------
[INFO] BUILD SUCCESS
[INFO] ------------------------------------------------------------------------
[INFO] Total time:  02:35 min
[INFO] Finished at: 2020-07-30T17:25:28Z
[INFO] ------------------------------------------------------------------------
