[INFO] Error stacktraces are turned on.
[INFO] Scanning for projects...
[WARNING] 
[WARNING] Some problems were encountered while building the effective model for org.openjdk:jdk-backports-monitor:jar:0.1-SNAPSHOT
[WARNING] 'build.plugins.plugin.version' for com.mycila.maven-license-plugin:maven-license-plugin is missing. @ line 71, column 15
[WARNING] 'build.plugins.plugin.version' for org.apache.maven.plugins:maven-compiler-plugin is missing. @ line 11, column 15
[WARNING] 'build.plugins.plugin.version' for org.apache.maven.plugins:maven-shade-plugin is missing. @ line 50, column 15
[WARNING] 'build.plugins.plugin.version' for org.apache.maven.plugins:maven-source-plugin is missing. @ line 20, column 15
[WARNING] 'build.plugins.plugin.version' for org.apache.maven.plugins:maven-javadoc-plugin is missing. @ line 33, column 15
[WARNING] 
[WARNING] It is highly recommended to fix these problems because they threaten the stability of your build.
[WARNING] 
[WARNING] For this reason, future Maven versions might no longer support building such malformed projects.
[WARNING] 
[INFO] 
[INFO] -----------------< org.openjdk:jdk-backports-monitor >------------------
[INFO] Building JDK Backports Monitor 0.1-SNAPSHOT
[INFO] --------------------------------[ jar ]---------------------------------
[INFO] 
[INFO] --- jacoco-maven-plugin:0.8.5:prepare-agent (default) @ jdk-backports-monitor ---
[INFO] argLine set to -javaagent:/home/jdbl/.m2/repository/org/jacoco/org.jacoco.agent/0.8.5/org.jacoco.agent-0.8.5-runtime.jar=destfile=/tmp/tmpm1e78938/jdk-backports-monitor/target/jacoco.exec
[INFO] 
[INFO] --- maven-license-plugin:1.10.b1:format (default) @ jdk-backports-monitor ---
[INFO] Updating license headers...
[INFO] 
[INFO] --- maven-resources-plugin:2.6:resources (default-resources) @ jdk-backports-monitor ---
[INFO] Using 'UTF-8' encoding to copy filtered resources.
[INFO] skip non existing resourceDirectory /tmp/tmpm1e78938/jdk-backports-monitor/src/main/resources
[INFO] 
[INFO] --- maven-compiler-plugin:3.1:compile (default-compile) @ jdk-backports-monitor ---
[INFO] Changes detected - recompiling the module!
[INFO] Compiling 32 source files to /tmp/tmpm1e78938/jdk-backports-monitor/target/classes
[WARNING] /tmp/tmpm1e78938/jdk-backports-monitor/src/main/java/org/openjdk/backports/jira/Connect.java: /tmp/tmpm1e78938/jdk-backports-monitor/src/main/java/org/openjdk/backports/jira/Connect.java uses or overrides a deprecated API.
[WARNING] /tmp/tmpm1e78938/jdk-backports-monitor/src/main/java/org/openjdk/backports/jira/Connect.java: Recompile with -Xlint:deprecation for details.
[INFO] 
[INFO] --- maven-resources-plugin:2.6:testResources (default-testResources) @ jdk-backports-monitor ---
[INFO] Using 'UTF-8' encoding to copy filtered resources.
[INFO] skip non existing resourceDirectory /tmp/tmpm1e78938/jdk-backports-monitor/src/test/resources
[INFO] 
[INFO] --- maven-compiler-plugin:3.1:testCompile (default-testCompile) @ jdk-backports-monitor ---
[INFO] Changes detected - recompiling the module!
[INFO] Compiling 2 source files to /tmp/tmpm1e78938/jdk-backports-monitor/target/test-classes
[INFO] 
[INFO] --- maven-surefire-plugin:2.19.1:test (default-test) @ jdk-backports-monitor ---
[INFO] Surefire report directory: /tmp/tmpm1e78938/jdk-backports-monitor/target/surefire-reports

-------------------------------------------------------
 T E S T S
-------------------------------------------------------
Running org.openjdk.backports.ParserTest
Tests run: 5, Failures: 0, Errors: 0, Skipped: 0, Time elapsed: 0.265 sec - in org.openjdk.backports.ParserTest
Running org.openjdk.backports.VersionsTest
Tests run: 6, Failures: 0, Errors: 0, Skipped: 0, Time elapsed: 0.009 sec - in org.openjdk.backports.VersionsTest

Results :

Tests run: 11, Failures: 0, Errors: 0, Skipped: 0

[INFO] 
[INFO] --- jacoco-maven-plugin:0.8.5:report (report) @ jdk-backports-monitor ---
[INFO] Loading execution data file /tmp/tmpm1e78938/jdk-backports-monitor/target/jacoco.exec
[INFO] Analyzed bundle 'JDK Backports Monitor' with 79 classes
[INFO] ------------------------------------------------------------------------
[INFO] BUILD SUCCESS
[INFO] ------------------------------------------------------------------------
[INFO] Total time:  01:15 min
[INFO] Finished at: 2020-07-30T21:00:10Z
[INFO] ------------------------------------------------------------------------
