[INFO] Error stacktraces are turned on.
[INFO] Scanning for projects...
[WARNING] 
[WARNING] Some problems were encountered while building the effective model for com.github.imaginary11:bionic-utils:jar:1.0.2-RELEASE
[WARNING] 'dependencies.dependency.(groupId:artifactId:type:classifier)' must be unique: com.alibaba:fastjson:jar -> duplicate declaration of version ${fastjson.version} @ line 62, column 17
[WARNING] 'build.plugins.plugin.version' for org.apache.maven.plugins:maven-source-plugin is missing. @ line 107, column 15
[WARNING] 
[WARNING] It is highly recommended to fix these problems because they threaten the stability of your build.
[WARNING] 
[WARNING] For this reason, future Maven versions might no longer support building such malformed projects.
[WARNING] 
[INFO] 
[INFO] ----------------< com.github.imaginary11:bionic-utils >-----------------
[INFO] Building bionic-utils 1.0.2-RELEASE
[INFO] --------------------------------[ jar ]---------------------------------
[INFO] 
[INFO] --- maven-enforcer-plugin:1.0:enforce (enforce-maven) @ bionic-utils ---
[INFO] 
[INFO] --- jacoco-maven-plugin:0.8.5:prepare-agent (default) @ bionic-utils ---
[INFO] argLine set to -javaagent:/home/jdbl/.m2/repository/org/jacoco/org.jacoco.agent/0.8.5/org.jacoco.agent-0.8.5-runtime.jar=destfile=/tmp/tmp5w15advb/bionic-utils/target/jacoco.exec
[INFO] 
[INFO] --- maven-resources-plugin:2.6:resources (default-resources) @ bionic-utils ---
[INFO] Using 'UTF-8' encoding to copy filtered resources.
[INFO] skip non existing resourceDirectory /tmp/tmp5w15advb/bionic-utils/src/main/resources
[INFO] 
[INFO] --- maven-compiler-plugin:2.3.2:compile (default-compile) @ bionic-utils ---
[INFO] Compiling 27 source files to /tmp/tmp5w15advb/bionic-utils/target/classes
[INFO] 
[INFO] --- maven-resources-plugin:2.6:testResources (default-testResources) @ bionic-utils ---
[INFO] Using 'UTF-8' encoding to copy filtered resources.
[INFO] skip non existing resourceDirectory /tmp/tmp5w15advb/bionic-utils/src/test/resources
[INFO] 
[INFO] --- maven-compiler-plugin:2.3.2:testCompile (default-testCompile) @ bionic-utils ---
[INFO] Compiling 8 source files to /tmp/tmp5w15advb/bionic-utils/target/test-classes
[INFO] 
[INFO] --- maven-surefire-plugin:2.19.1:test (default-test) @ bionic-utils ---
[INFO] Surefire report directory: /tmp/tmp5w15advb/bionic-utils/target/surefire-reports

-------------------------------------------------------
 T E S T S
-------------------------------------------------------
Running com.github.imaginary11.bionicutils.JWTTest
Tests run: 1, Failures: 0, Errors: 0, Skipped: 0, Time elapsed: 0.668 sec - in com.github.imaginary11.bionicutils.JWTTest
Running com.github.imaginary11.bionicutils.CollectionUtilTest
a[4, 5, 6]
b[1, 2, 3]
[IdName(id=1, name=A), IdName(id=3, name=B), IdName(id=5, name=C)]
[IdName(id=5, name=C), IdName(id=3, name=B), IdName(id=1, name=A)]
Tests run: 3, Failures: 0, Errors: 0, Skipped: 0, Time elapsed: 0.28 sec - in com.github.imaginary11.bionicutils.CollectionUtilTest
Running com.github.imaginary11.bionicutils.AESTest
Tests run: 1, Failures: 0, Errors: 0, Skipped: 0, Time elapsed: 0.085 sec - in com.github.imaginary11.bionicutils.AESTest
Running com.github.imaginary11.bionicutils.RelationTest
Tests run: 1, Failures: 0, Errors: 0, Skipped: 0, Time elapsed: 0.019 sec - in com.github.imaginary11.bionicutils.RelationTest
Running com.github.imaginary11.bionicutils.RegxTest
false
Tests run: 1, Failures: 0, Errors: 0, Skipped: 0, Time elapsed: 0 sec - in com.github.imaginary11.bionicutils.RegxTest
Running com.github.imaginary11.bionicutils.NetUtilTest
Tests run: 1, Failures: 0, Errors: 0, Skipped: 0, Time elapsed: 6.194 sec - in com.github.imaginary11.bionicutils.NetUtilTest

Results :

Tests run: 8, Failures: 0, Errors: 0, Skipped: 0

[INFO] 
[INFO] --- jacoco-maven-plugin:0.8.5:report (report) @ bionic-utils ---
[INFO] Loading execution data file /tmp/tmp5w15advb/bionic-utils/target/jacoco.exec
[INFO] Analyzed bundle 'bionic-utils' with 262 classes
[INFO] ------------------------------------------------------------------------
[INFO] BUILD SUCCESS
[INFO] ------------------------------------------------------------------------
[INFO] Total time:  21.233 s
[INFO] Finished at: 2020-07-30T20:45:06Z
[INFO] ------------------------------------------------------------------------
