[INFO] Error stacktraces are turned on.
[INFO] Scanning for projects...
[INFO] 
[INFO] -----------------------< com.lambdaworks:scrypt >-----------------------
[INFO] Building scrypt 1.4.0
[INFO] --------------------------------[ jar ]---------------------------------
[INFO] 
[INFO] --- maven-resources-plugin:2.5:resources (default-resources) @ scrypt ---
[debug] execute contextualize
[INFO] Using 'UTF-8' encoding to copy filtered resources.
[INFO] Copying 3 resources
[INFO] 
[INFO] --- maven-compiler-plugin:2.3.2:compile (default-compile) @ scrypt ---
[INFO] Compiling 11 source files to /tmp/tmpq2nuy87l/scrypt/target/classes
[INFO] 
[INFO] --- maven-resources-plugin:2.5:testResources (default-testResources) @ scrypt ---
[debug] execute contextualize
[INFO] Using 'UTF-8' encoding to copy filtered resources.
[INFO] Copying 5 resources
[INFO] 
[INFO] --- maven-compiler-plugin:2.3.2:testCompile (default-testCompile) @ scrypt ---
[INFO] Compiling 8 source files to /tmp/tmpq2nuy87l/scrypt/target/test-classes
[INFO] 
[INFO] --- maven-surefire-plugin:2.10:test (default-test) @ scrypt ---
[INFO] Surefire report directory: /tmp/tmpq2nuy87l/scrypt/target/surefire-reports

-------------------------------------------------------
 T E S T S
-------------------------------------------------------
Running com.lambdaworks.jni.test.LibraryLoadersTest
Tests run: 3, Failures: 0, Errors: 0, Skipped: 0, Time elapsed: 0.03 sec
Running com.lambdaworks.jni.test.JarLibraryLoaderTest
OpenJDK 64-Bit Server VM warning: You have loaded library /tmp/scrypt4243293266340901043lib which might have disabled stack guard. The VM will try to fix the stack guard now.
It's highly recommended that you fix the library with 'execstack -c <libfile>', or link it with '-z noexecstack'.
Tests run: 6, Failures: 0, Errors: 0, Skipped: 0, Time elapsed: 0.046 sec
Running com.lambdaworks.jni.test.PlatformTest
Tests run: 3, Failures: 0, Errors: 0, Skipped: 0, Time elapsed: 0 sec
Running com.lambdaworks.crypto.test.SCryptUtilTest
Tests run: 3, Failures: 0, Errors: 0, Skipped: 0, Time elapsed: 2.804 sec
Running com.lambdaworks.crypto.test.SCryptTest
Tests run: 4, Failures: 0, Errors: 0, Skipped: 0, Time elapsed: 14.794 sec
Running com.lambdaworks.crypto.test.PBKDFTest
Tests run: 3, Failures: 0, Errors: 0, Skipped: 0, Time elapsed: 19.029 sec

Results :

Tests run: 22, Failures: 0, Errors: 0, Skipped: 0

[INFO] 
[INFO] --- maven-jar-plugin:2.4:jar (default-jar) @ scrypt ---
[INFO] Building jar: /tmp/tmpq2nuy87l/scrypt/target/scrypt-1.4.0.jar
[INFO] 
[INFO] --- maven-assembly-plugin:3.2.0:single (default) @ scrypt ---
[INFO] Building jar: /tmp/tmpq2nuy87l/scrypt/target/scrypt-1.4.0-jar-with-dependencies.jar
[INFO] ------------------------------------------------------------------------
[INFO] BUILD SUCCESS
[INFO] ------------------------------------------------------------------------
[INFO] Total time:  43.185 s
[INFO] Finished at: 2020-07-30T17:10:36Z
[INFO] ------------------------------------------------------------------------
