[INFO] Error stacktraces are turned on.
[INFO] Scanning for projects...
[INFO] 
[INFO] --------------------< org.jpasecurity:jpasecurity >---------------------
[INFO] Building JPA Security 1.0.0-SNAPSHOT
[INFO] --------------------------------[ jar ]---------------------------------
[INFO] 
[INFO] --- jacoco-maven-plugin:0.8.5:prepare-agent (default) @ jpasecurity ---
[INFO] argLine set to -javaagent:/home/jdbl/.m2/repository/org/jacoco/org.jacoco.agent/0.8.5/org.jacoco.agent-0.8.5-runtime.jar=destfile=/tmp/tmpvp5lmqnq/jpasecurity/target/jacoco.exec
[INFO] 
[INFO] --- javacc-maven-plugin:2.6:jjtree-javacc (default) @ jpasecurity ---
[WARNING] File encoding for grammars has not been configured, using platform default encoding, i.e. build is platform dependent!
Java Compiler Compiler Version 5.0 (Tree Builder)
(type "jjtree" with no arguments for help)
Reading from file /tmp/tmpvp5lmqnq/jpasecurity/src/main/jjtree/org/jpasecurity/jpql/JPQL.jjt . . .
File "Node.java" does not exist.  Will create one.
File "SimpleNode.java" does not exist.  Will create one.
File "JpqlStatement.java" does not exist.  Will create one.
File "JpqlAccessRule.java" does not exist.  Will create one.
File "JpqlCreate.java" does not exist.  Will create one.
File "JpqlRead.java" does not exist.  Will create one.
File "JpqlUpdate.java" does not exist.  Will create one.
File "JpqlDelete.java" does not exist.  Will create one.
File "JpqlSelect.java" does not exist.  Will create one.
File "JpqlFrom.java" does not exist.  Will create one.
File "JpqlIdentificationVariableDeclaration.java" does not exist.  Will create one.
File "JpqlFromItem.java" does not exist.  Will create one.
File "JpqlInnerJoin.java" does not exist.  Will create one.
File "JpqlOuterJoin.java" does not exist.  Will create one.
File "JpqlOuterFetchJoin.java" does not exist.  Will create one.
File "JpqlInnerFetchJoin.java" does not exist.  Will create one.
File "JpqlWith.java" does not exist.  Will create one.
File "JpqlCollectionValuedPath.java" does not exist.  Will create one.
File "JpqlInCollection.java" does not exist.  Will create one.
File "JpqlPath.java" does not exist.  Will create one.
File "JpqlKey.java" does not exist.  Will create one.
File "JpqlValue.java" does not exist.  Will create one.
File "JpqlEntry.java" does not exist.  Will create one.
File "JpqlSetClause.java" does not exist.  Will create one.
File "JpqlUpdateItem.java" does not exist.  Will create one.
File "JpqlEquals.java" does not exist.  Will create one.
File "JpqlUpdateValue.java" does not exist.  Will create one.
File "JpqlType.java" does not exist.  Will create one.
File "JpqlNoDbIsAccessible.java" does not exist.  Will create one.
File "JpqlNoCacheQueryOptimize.java" does not exist.  Will create one.
File "JpqlNoCacheIsAccessible.java" does not exist.  Will create one.
File "JpqlHint.java" does not exist.  Will create one.
File "JpqlSelectClause.java" does not exist.  Will create one.
File "JpqlSelectExpressions.java" does not exist.  Will create one.
File "JpqlSelectExpression.java" does not exist.  Will create one.
File "JpqlConstructor.java" does not exist.  Will create one.
File "JpqlClassName.java" does not exist.  Will create one.
File "JpqlConstructorParameter.java" does not exist.  Will create one.
File "JpqlNegative.java" does not exist.  Will create one.
File "JpqlDistinct.java" does not exist.  Will create one.
File "JpqlAggregatePath.java" does not exist.  Will create one.
File "JpqlDistinctPath.java" does not exist.  Will create one.
File "JpqlCount.java" does not exist.  Will create one.
File "JpqlAverage.java" does not exist.  Will create one.
File "JpqlMaximum.java" does not exist.  Will create one.
File "JpqlMinimum.java" does not exist.  Will create one.
File "JpqlSum.java" does not exist.  Will create one.
File "JpqlWhere.java" does not exist.  Will create one.
File "JpqlGroupBy.java" does not exist.  Will create one.
File "JpqlHaving.java" does not exist.  Will create one.
File "JpqlBrackets.java" does not exist.  Will create one.
File "JpqlSubselect.java" does not exist.  Will create one.
File "JpqlOr.java" does not exist.  Will create one.
File "JpqlAnd.java" does not exist.  Will create one.
File "JpqlNot.java" does not exist.  Will create one.
File "JpqlBetween.java" does not exist.  Will create one.
File "JpqlIn.java" does not exist.  Will create one.
File "JpqlLike.java" does not exist.  Will create one.
File "JpqlIsNull.java" does not exist.  Will create one.
File "JpqlIsEmpty.java" does not exist.  Will create one.
File "JpqlMemberOf.java" does not exist.  Will create one.
File "JpqlExists.java" does not exist.  Will create one.
File "JpqlAny.java" does not exist.  Will create one.
File "JpqlAll.java" does not exist.  Will create one.
File "JpqlNotEquals.java" does not exist.  Will create one.
File "JpqlGreaterThan.java" does not exist.  Will create one.
File "JpqlGreaterOrEquals.java" does not exist.  Will create one.
File "JpqlLessThan.java" does not exist.  Will create one.
File "JpqlLessOrEquals.java" does not exist.  Will create one.
File "JpqlAdd.java" does not exist.  Will create one.
File "JpqlSubtract.java" does not exist.  Will create one.
File "JpqlMultiply.java" does not exist.  Will create one.
File "JpqlDivide.java" does not exist.  Will create one.
File "JpqlConcat.java" does not exist.  Will create one.
File "JpqlSubstring.java" does not exist.  Will create one.
File "JpqlTrim.java" does not exist.  Will create one.
File "JpqlLower.java" does not exist.  Will create one.
File "JpqlUpper.java" does not exist.  Will create one.
File "JpqlTrimLeading.java" does not exist.  Will create one.
File "JpqlTrimTrailing.java" does not exist.  Will create one.
File "JpqlTrimBoth.java" does not exist.  Will create one.
File "JpqlCase.java" does not exist.  Will create one.
File "JpqlWhen.java" does not exist.  Will create one.
File "JpqlCoalesce.java" does not exist.  Will create one.
File "JpqlNullif.java" does not exist.  Will create one.
File "JpqlLength.java" does not exist.  Will create one.
File "JpqlLocate.java" does not exist.  Will create one.
File "JpqlAbs.java" does not exist.  Will create one.
File "JpqlSqrt.java" does not exist.  Will create one.
File "JpqlMod.java" does not exist.  Will create one.
File "JpqlSize.java" does not exist.  Will create one.
File "JpqlIndex.java" does not exist.  Will create one.
File "JpqlCurrentDate.java" does not exist.  Will create one.
File "JpqlCurrentTime.java" does not exist.  Will create one.
File "JpqlCurrentTimestamp.java" does not exist.  Will create one.
File "JpqlOrderBy.java" does not exist.  Will create one.
File "JpqlOrderByItem.java" does not exist.  Will create one.
File "JpqlAscending.java" does not exist.  Will create one.
File "JpqlDescending.java" does not exist.  Will create one.
File "JpqlAbstractSchemaName.java" does not exist.  Will create one.
File "JpqlIdentificationVariable.java" does not exist.  Will create one.
File "JpqlIntegerLiteral.java" does not exist.  Will create one.
File "JpqlDecimalLiteral.java" does not exist.  Will create one.
File "JpqlBooleanLiteral.java" does not exist.  Will create one.
File "JpqlStringLiteral.java" does not exist.  Will create one.
File "JpqlNamedInputParameter.java" does not exist.  Will create one.
File "JpqlPositionalInputParameter.java" does not exist.  Will create one.
File "JpqlPatternValue.java" does not exist.  Will create one.
File "JpqlEscapeCharacter.java" does not exist.  Will create one.
File "JpqlTrimCharacter.java" does not exist.  Will create one.
File "JpqlTreat.java" does not exist.  Will create one.
File "JpqlParserTreeConstants.java" does not exist.  Will create one.
File "JpqlParserVisitor.java" does not exist.  Will create one.
File "JJTJpqlParserState.java" does not exist.  Will create one.
Annotated grammar generated successfully in /tmp/tmpvp5lmqnq/jpasecurity/target/javacc-1596124005141/node/JPQL.jj
Java Compiler Compiler Version 5.0 (Parser Generator)
(type "javacc" with no arguments for help)
Reading from file /tmp/tmpvp5lmqnq/jpasecurity/target/javacc-1596124005141/node/JPQL.jj . . .
File "TokenMgrError.java" does not exist.  Will create one.
File "ParseException.java" does not exist.  Will create one.
File "Token.java" does not exist.  Will create one.
File "JavaCharStream.java" does not exist.  Will create one.
Parser generated successfully.
[INFO] Processed 1 grammar
[INFO] 
[INFO] --- maven-antrun-plugin:1.6:run (process-generated-sources) @ jpasecurity ---
[INFO] Executing tasks

main:
[INFO] Executed tasks
[INFO] 
[INFO] --- maven-resources-plugin:2.6:resources (default-resources) @ jpasecurity ---
[INFO] Using 'UTF-8' encoding to copy filtered resources.
[INFO] Copying 6 resources
[INFO] 
[INFO] --- maven-compiler-plugin:3.1:compile (default-compile) @ jpasecurity ---
[INFO] Changes detected - recompiling the module!
[INFO] Compiling 241 source files to /tmp/tmpvp5lmqnq/jpasecurity/target/classes
[WARNING] /tmp/tmpvp5lmqnq/jpasecurity/src/main/java/org/jpasecurity/util/AbstractAnnotationParser.java: Some input files use unchecked or unsafe operations.
[WARNING] /tmp/tmpvp5lmqnq/jpasecurity/src/main/java/org/jpasecurity/util/AbstractAnnotationParser.java: Recompile with -Xlint:unchecked for details.
[INFO] 
[INFO] --- maven-checkstyle-plugin:2.17:checkstyle (compile) @ jpasecurity ---
[INFO] Starting audit...
Audit done.
[WARNING] Unable to locate Source XRef to link to - DISABLED
[INFO] 
[INFO] --- maven-resources-plugin:2.6:testResources (default-testResources) @ jpasecurity ---
[INFO] Using 'UTF-8' encoding to copy filtered resources.
[INFO] Copying 16 resources
[INFO] 
[INFO] --- maven-compiler-plugin:3.1:testCompile (default-testCompile) @ jpasecurity ---
[INFO] Changes detected - recompiling the module!
[INFO] Compiling 153 source files to /tmp/tmpvp5lmqnq/jpasecurity/target/test-classes
[WARNING] /tmp/tmpvp5lmqnq/jpasecurity/src/test/java/org/jpasecurity/model/client/ProcessInstanceProcessTaskInstance.java: Some input files use or override a deprecated API.
[WARNING] /tmp/tmpvp5lmqnq/jpasecurity/src/test/java/org/jpasecurity/model/client/ProcessInstanceProcessTaskInstance.java: Recompile with -Xlint:deprecation for details.
[WARNING] /tmp/tmpvp5lmqnq/jpasecurity/src/test/java/org/jpasecurity/security/EntityFilterTest.java: Some input files use unchecked or unsafe operations.
[WARNING] /tmp/tmpvp5lmqnq/jpasecurity/src/test/java/org/jpasecurity/security/EntityFilterTest.java: Recompile with -Xlint:unchecked for details.
[INFO] 
[INFO] --- maven-surefire-plugin:2.19.1:test (default-test) @ jpasecurity ---
[INFO] Surefire report directory: /tmp/tmpvp5lmqnq/jpasecurity/target/surefire-reports

-------------------------------------------------------
 T E S T S
-------------------------------------------------------
Running org.jpasecurity.security.EntityFilterTest
Tests run: 14, Failures: 0, Errors: 0, Skipped: 0, Time elapsed: 2.393 sec - in org.jpasecurity.security.EntityFilterTest
Running org.jpasecurity.security.JpaEntityFilterTest
Tests run: 1, Failures: 0, Errors: 0, Skipped: 0, Time elapsed: 0.012 sec - in org.jpasecurity.security.JpaEntityFilterTest
Running org.jpasecurity.security.rules.AccessRulesCompilerTest
Tests run: 2, Failures: 0, Errors: 0, Skipped: 0, Time elapsed: 0.055 sec - in org.jpasecurity.security.rules.AccessRulesCompilerTest
Running org.jpasecurity.security.rules.AccessRulesParserTest
Tests run: 1, Failures: 0, Errors: 0, Skipped: 0, Time elapsed: 0.186 sec - in org.jpasecurity.security.rules.AccessRulesParserTest
Running org.jpasecurity.security.authentication.DefaultSecurityContextTest
Tests run: 2, Failures: 0, Errors: 0, Skipped: 0, Time elapsed: 0.002 sec - in org.jpasecurity.security.authentication.DefaultSecurityContextTest
Running org.jpasecurity.security.authentication.AutodetectingSecurityContextTest
Tests run: 3, Failures: 0, Errors: 0, Skipped: 0, Time elapsed: 0.211 sec - in org.jpasecurity.security.authentication.AutodetectingSecurityContextTest
Running org.jpasecurity.security.JpaInheritenceEntityFilterTest
Tests run: 5, Failures: 0, Errors: 0, Skipped: 2, Time elapsed: 0.132 sec - in org.jpasecurity.security.JpaInheritenceEntityFilterTest
Running org.jpasecurity.util.ReflectionUtilsTest
Tests run: 1, Failures: 0, Errors: 0, Skipped: 0, Time elapsed: 0.004 sec - in org.jpasecurity.util.ReflectionUtilsTest
Running org.jpasecurity.spring.authentication.SpringSecurityContextTest
Tests run: 1, Failures: 0, Errors: 0, Skipped: 0, Time elapsed: 0.041 sec - in org.jpasecurity.spring.authentication.SpringSecurityContextTest
Running org.jpasecurity.spring.contacts.SpringContactsTest
Tests run: 1, Failures: 0, Errors: 0, Skipped: 1, Time elapsed: 0 sec - in org.jpasecurity.spring.contacts.SpringContactsTest
Running org.jpasecurity.acl.AclSyntaxTest
Tests run: 1, Failures: 0, Errors: 0, Skipped: 1, Time elapsed: 0 sec - in org.jpasecurity.acl.AclSyntaxTest
Running org.jpasecurity.tags.UpdatingTagTest
Tests run: 10, Failures: 0, Errors: 0, Skipped: 0, Time elapsed: 0.061 sec - in org.jpasecurity.tags.UpdatingTagTest
Running org.jpasecurity.tags.CreationTagTest
Tests run: 8, Failures: 0, Errors: 0, Skipped: 0, Time elapsed: 0.01 sec - in org.jpasecurity.tags.CreationTagTest
Running org.jpasecurity.tags.ReadingTagTest
Tests run: 10, Failures: 0, Errors: 0, Skipped: 0, Time elapsed: 0.001 sec - in org.jpasecurity.tags.ReadingTagTest
Running org.jpasecurity.tags.DeletionTagTest
Tests run: 10, Failures: 0, Errors: 0, Skipped: 0, Time elapsed: 0.01 sec - in org.jpasecurity.tags.DeletionTagTest
Running org.jpasecurity.jpql.compiler.AclValueIteratorTest
Tests run: 1, Failures: 0, Errors: 0, Skipped: 0, Time elapsed: 0.069 sec - in org.jpasecurity.jpql.compiler.AclValueIteratorTest
Running org.jpasecurity.jpql.compiler.JpqlCompilerTest
Tests run: 5, Failures: 0, Errors: 0, Skipped: 0, Time elapsed: 0.041 sec - in org.jpasecurity.jpql.compiler.JpqlCompilerTest
Running org.jpasecurity.jpql.compiler.QueryEvaluatorTest
Tests run: 25, Failures: 0, Errors: 0, Skipped: 0, Time elapsed: 0.188 sec - in org.jpasecurity.jpql.compiler.QueryEvaluatorTest
Running org.jpasecurity.jpql.compiler.EntityManagerEvaluatorTest
Tests run: 8, Failures: 0, Errors: 0, Skipped: 0, Time elapsed: 0.392 sec - in org.jpasecurity.jpql.compiler.EntityManagerEvaluatorTest
Running org.jpasecurity.jpql.compiler.NotEqualsTest
Jul 30, 2020 3:47:18 PM org.jpasecurity.persistence.SecurePersistenceProvider createEntityManagerFactory
INFO: Creating EntityManagerFactory
Tests run: 1, Failures: 0, Errors: 0, Skipped: 0, Time elapsed: 4.421 sec - in org.jpasecurity.jpql.compiler.NotEqualsTest
Running org.jpasecurity.jpql.compiler.ValueIteratorTest
Tests run: 19, Failures: 0, Errors: 0, Skipped: 0, Time elapsed: 0.027 sec - in org.jpasecurity.jpql.compiler.ValueIteratorTest
Running org.jpasecurity.jpql.parser.ToJpqlStringVisitorTest
Tests run: 1, Failures: 0, Errors: 0, Skipped: 0, Time elapsed: 0.012 sec - in org.jpasecurity.jpql.parser.ToJpqlStringVisitorTest
Running org.jpasecurity.jpql.parser.ToStringVisitorTest
Tests run: 20, Failures: 0, Errors: 0, Skipped: 2, Time elapsed: 0.107 sec - in org.jpasecurity.jpql.parser.ToStringVisitorTest
Running org.jpasecurity.xml.AbstractXmlParserTest
Tests run: 2, Failures: 0, Errors: 0, Skipped: 0, Time elapsed: 0.032 sec - in org.jpasecurity.xml.AbstractXmlParserTest
Running org.jpasecurity.persistence.SecureQueryTest
Tests run: 7, Failures: 0, Errors: 0, Skipped: 0, Time elapsed: 0.004 sec - in org.jpasecurity.persistence.SecureQueryTest
Running org.jpasecurity.persistence.XmlParserTest
Tests run: 6, Failures: 0, Errors: 0, Skipped: 0, Time elapsed: 0.117 sec - in org.jpasecurity.persistence.XmlParserTest
Running org.jpasecurity.persistence.ConstructorUsageTest
Tests run: 1, Failures: 0, Errors: 0, Skipped: 1, Time elapsed: 0 sec - in org.jpasecurity.persistence.ConstructorUsageTest
Running org.jpasecurity.persistence.SecurePersistenceProviderTest
Jul 30, 2020 3:47:23 PM org.jpasecurity.persistence.SecurePersistenceProvider createEntityManagerFactory
INFO: Creating EntityManagerFactory
Jul 30, 2020 3:47:23 PM org.jpasecurity.persistence.SecurePersistenceProvider createEntityManagerFactory
INFO: Creating EntityManagerFactory
Jul 30, 2020 3:47:23 PM org.jpasecurity.persistence.SecurePersistenceProvider createEntityManagerFactory
INFO: Creating EntityManagerFactory
Jul 30, 2020 3:47:23 PM org.jpasecurity.persistence.SecurePersistenceProvider createEntityManagerFactory
INFO: Creating EntityManagerFactory
Jul 30, 2020 3:47:23 PM org.jpasecurity.persistence.SecurePersistenceProvider createEntityManagerFactory
INFO: Creating EntityManagerFactory
Jul 30, 2020 3:47:23 PM org.jpasecurity.persistence.SecurePersistenceProvider createEntityManagerFactory
WARNING: Could not find any persistence.xml nor the javax.persistence.provider property
Tests run: 5, Failures: 0, Errors: 0, Skipped: 0, Time elapsed: 1.049 sec - in org.jpasecurity.persistence.SecurePersistenceProviderTest
Running org.jpasecurity.persistence.NamedQueryParserTest
Jul 30, 2020 3:47:23 PM org.jpasecurity.persistence.SecurePersistenceProvider createEntityManagerFactory
INFO: Creating EntityManagerFactory
Jul 30, 2020 3:47:24 PM org.jpasecurity.persistence.SecurePersistenceProvider createEntityManagerFactory
INFO: Creating EntityManagerFactory
Jul 30, 2020 3:47:24 PM org.jpasecurity.persistence.SecurePersistenceProvider createEntityManagerFactory
INFO: Creating EntityManagerFactory
Tests run: 3, Failures: 0, Errors: 0, Skipped: 0, Time elapsed: 0.855 sec - in org.jpasecurity.persistence.NamedQueryParserTest

Results :

Tests run: 174, Failures: 0, Errors: 0, Skipped: 7

[INFO] 
[INFO] --- jacoco-maven-plugin:0.8.5:report (report) @ jpasecurity ---
[INFO] Loading execution data file /tmp/tmpvp5lmqnq/jpasecurity/target/jacoco.exec
[INFO] Analyzed bundle 'JPA Security' with 1273 classes
[INFO] ------------------------------------------------------------------------
[INFO] BUILD SUCCESS
[INFO] ------------------------------------------------------------------------
[INFO] Total time:  51.686 s
[INFO] Finished at: 2020-07-30T15:47:28Z
[INFO] ------------------------------------------------------------------------
