[INFO] Error stacktraces are turned on.
[INFO] Scanning for projects...
[INFO] 
[INFO] -------------------------------< DS:DS >--------------------------------
[INFO] Building DS 1.0-SNAPSHOT
[INFO] --------------------------------[ jar ]---------------------------------
[INFO] 
[INFO] --- jacoco-maven-plugin:0.8.5:prepare-agent (default) @ DS ---
[INFO] argLine set to -javaagent:/home/jdbl/.m2/repository/org/jacoco/org.jacoco.agent/0.8.5/org.jacoco.agent-0.8.5-runtime.jar=destfile=/tmp/tmpwsvzeec0/distributed-system/target/jacoco.exec
[INFO] 
[INFO] --- maven-resources-plugin:2.6:resources (default-resources) @ DS ---
[WARNING] Using platform encoding (UTF-8 actually) to copy filtered resources, i.e. build is platform dependent!
[INFO] Copying 1 resource
[INFO] 
[INFO] --- maven-compiler-plugin:3.1:compile (default-compile) @ DS ---
[INFO] Changes detected - recompiling the module!
[WARNING] File encoding has not been set, using platform encoding UTF-8, i.e. build is platform dependent!
[INFO] Compiling 23 source files to /tmp/tmpwsvzeec0/distributed-system/target/classes
[INFO] 
[INFO] --- maven-resources-plugin:2.6:testResources (default-testResources) @ DS ---
[WARNING] Using platform encoding (UTF-8 actually) to copy filtered resources, i.e. build is platform dependent!
[INFO] skip non existing resourceDirectory /tmp/tmpwsvzeec0/distributed-system/src/test/resources
[INFO] 
[INFO] --- maven-compiler-plugin:3.1:testCompile (default-testCompile) @ DS ---
[INFO] Changes detected - recompiling the module!
[WARNING] File encoding has not been set, using platform encoding UTF-8, i.e. build is platform dependent!
[INFO] Compiling 9 source files to /tmp/tmpwsvzeec0/distributed-system/target/test-classes
[WARNING] /tmp/tmpwsvzeec0/distributed-system/src/test/java/cluster/NodeTest.java: /tmp/tmpwsvzeec0/distributed-system/src/test/java/cluster/NodeTest.java uses unchecked or unsafe operations.
[WARNING] /tmp/tmpwsvzeec0/distributed-system/src/test/java/cluster/NodeTest.java: Recompile with -Xlint:unchecked for details.
[INFO] 
[INFO] --- maven-surefire-plugin:2.19.1:test (default-test) @ DS ---
[INFO] Surefire report directory: /tmp/tmpwsvzeec0/distributed-system/target/surefire-reports

-------------------------------------------------------
 T E S T S
-------------------------------------------------------
Running utils.StaticUtilsTest
Tests run: 1, Failures: 0, Errors: 0, Skipped: 0, Time elapsed: 0.323 sec - in utils.StaticUtilsTest
Running utils.ObserveTest
Tests run: 2, Failures: 0, Errors: 0, Skipped: 0, Time elapsed: 0.926 sec - in utils.ObserveTest
Running utils.ObservableListTest
Tests run: 4, Failures: 0, Errors: 0, Skipped: 0, Time elapsed: 0.002 sec - in utils.ObservableListTest
Running cluster.MembershipHandlerTest
******** The test for zookeeper is a placeholder *********
Tests run: 1, Failures: 0, Errors: 0, Skipped: 0, Time elapsed: 0.001 sec - in cluster.MembershipHandlerTest
Running cluster.NodeTest
log4j:WARN No appenders could be found for logger (org.apache.zookeeper.ZooKeeper).
log4j:WARN Please initialize the log4j system properly.
log4j:WARN See http://logging.apache.org/log4j/1.2/faq.html#noconfig for more info.
Tests run: 1, Failures: 0, Errors: 0, Skipped: 0, Time elapsed: 0.193 sec - in cluster.NodeTest
Running zookeeperserver.ZookeeperServerTest
******** The test for zookeeper is a placeholder *********
Tests run: 1, Failures: 0, Errors: 0, Skipped: 0, Time elapsed: 0.001 sec - in zookeeperserver.ZookeeperServerTest
Running filesystem.FileSystemThreadPoolTest
******** The test for zookeeper is a placeholder *********
Tests run: 1, Failures: 0, Errors: 0, Skipped: 0, Time elapsed: 0 sec - in filesystem.FileSystemThreadPoolTest
Running filesystem.scheduler.RandomSchedulerTest
Tests run: 2, Failures: 0, Errors: 0, Skipped: 0, Time elapsed: 0 sec - in filesystem.scheduler.RandomSchedulerTest
Running filesystem.serializablemodels.FileStorageDataModelTest
Tests run: 2, Failures: 0, Errors: 0, Skipped: 0, Time elapsed: 0.004 sec - in filesystem.serializablemodels.FileStorageDataModelTest

Results :

Tests run: 15, Failures: 0, Errors: 0, Skipped: 0

[INFO] 
[INFO] --- jacoco-maven-plugin:0.8.5:report (report) @ DS ---
[INFO] Loading execution data file /tmp/tmpwsvzeec0/distributed-system/target/jacoco.exec
[INFO] Analyzed bundle 'DS' with 258 classes
[INFO] ------------------------------------------------------------------------
[INFO] BUILD SUCCESS
[INFO] ------------------------------------------------------------------------
[INFO] Total time:  23.032 s
[INFO] Finished at: 2020-07-30T22:58:47Z
[INFO] ------------------------------------------------------------------------
