[INFO] Error stacktraces are turned on.
[INFO] Scanning for projects...
[WARNING] 
[WARNING] Some problems were encountered while building the effective model for commons-net:commons-net:jar:2.2
[WARNING] 'build.plugins.plugin.version' for org.apache.maven.plugins:maven-idea-plugin is missing. @ org.apache.commons:commons-parent:17, /home/jdbl/.m2/repository/org/apache/commons/commons-parent/17/commons-parent-17.pom, line 317, column 15
[WARNING] 
[WARNING] It is highly recommended to fix these problems because they threaten the stability of your build.
[WARNING] 
[WARNING] For this reason, future Maven versions might no longer support building such malformed projects.
[WARNING] 
[INFO] 
[INFO] ----------------------< commons-net:commons-net >-----------------------
[INFO] Building Commons Net 2.2
[INFO] --------------------------------[ jar ]---------------------------------
[INFO] 
[INFO] --- maven-antrun-plugin:1.3:run (javadoc.resources) @ commons-net ---
[INFO] Executing tasks
     [copy] Copying 2 files to /tmp/tmpox0r1xls/commons-net/target/apidocs/META-INF
[INFO] Executed tasks
[INFO] 
[INFO] --- maven-remote-resources-plugin:1.0:process (default) @ commons-net ---
[INFO] Setting property: classpath.resource.loader.class => 'org.codehaus.plexus.velocity.ContextClassLoaderResourceLoader'.
[INFO] Setting property: velocimacro.messages.on => 'false'.
[INFO] Setting property: resource.loader => 'classpath'.
[INFO] Setting property: resource.manager.logwhenfound => 'false'.
[INFO] 
[INFO] --- maven-resources-plugin:2.4.1:resources (default-resources) @ commons-net ---
[INFO] Using 'iso-8859-1' encoding to copy filtered resources.
[INFO] Copying 2 resources to META-INF
[INFO] 
[INFO] --- maven-compiler-plugin:2.1:compile (default-compile) @ commons-net ---
[INFO] Compiling 132 source files to /tmp/tmpox0r1xls/commons-net/target/classes
[INFO] 
[INFO] --- maven-bundle-plugin:1.4.3:manifest (bundle-manifest) @ commons-net ---
[INFO] 
[INFO] --- maven-resources-plugin:2.4.1:testResources (default-testResources) @ commons-net ---
[INFO] Using 'iso-8859-1' encoding to copy filtered resources.
[INFO] Copying 33 resources
[INFO] 
[INFO] --- maven-compiler-plugin:2.1:testCompile (default-testCompile) @ commons-net ---
[INFO] Compiling 42 source files to /tmp/tmpox0r1xls/commons-net/target/test-classes
[INFO] 
[INFO] --- maven-surefire-plugin:2.5:test (default-test) @ commons-net ---
[INFO] Surefire report directory: /tmp/tmpox0r1xls/commons-net/target/surefire-reports

-------------------------------------------------------
 T E S T S
-------------------------------------------------------
Running org.apache.commons.net.ftp.parser.NTFTPEntryParserTest
Tests run: 11, Failures: 0, Errors: 0, Skipped: 0, Time elapsed: 0.079 sec
Running org.apache.commons.net.tftp.TFTPServerPathTest
Tests run: 3, Failures: 0, Errors: 0, Skipped: 0, Time elapsed: 0.04 sec
Running org.apache.commons.net.ftp.parser.FTPTimestampParserImplTest
Tests run: 12, Failures: 0, Errors: 0, Skipped: 0, Time elapsed: 0.025 sec
Running org.apache.commons.net.ftp.parser.FTPConfigEntryParserTest
Tests run: 2, Failures: 0, Errors: 0, Skipped: 0, Time elapsed: 0.003 sec
Running org.apache.commons.net.telnet.WindowSizeOptionHandlerTest
Tests run: 6, Failures: 0, Errors: 0, Skipped: 0, Time elapsed: 0.004 sec
Running org.apache.commons.net.ftp.TestConnectTimeout
Tests run: 1, Failures: 0, Errors: 0, Skipped: 0, Time elapsed: 1.049 sec
Running org.apache.commons.net.ftp.FTPClientConfigTest
Tests run: 6, Failures: 0, Errors: 0, Skipped: 0, Time elapsed: 0.018 sec
Running org.apache.commons.net.ftp.parser.NetwareFTPEntryParserTest
Tests run: 4, Failures: 0, Errors: 0, Skipped: 0, Time elapsed: 0.004 sec
Running org.apache.commons.net.ftp.parser.OS2FTPEntryParserTest
Tests run: 4, Failures: 0, Errors: 0, Skipped: 0, Time elapsed: 0.004 sec
Running org.apache.commons.net.telnet.TelnetOptionTest
Tests run: 2, Failures: 0, Errors: 0, Skipped: 0, Time elapsed: 0.002 sec
Running org.apache.commons.net.ftp.parser.DefaultFTPFileEntryParserFactoryTest
Tests run: 1, Failures: 0, Errors: 0, Skipped: 0, Time elapsed: 0.004 sec
Running org.apache.commons.net.ftp.parser.UnixFTPEntryParserTest
Tests run: 14, Failures: 0, Errors: 0, Skipped: 0, Time elapsed: 0.042 sec
Running org.apache.commons.net.ftp.parser.OS400FTPEntryParserTest
Tests run: 6, Failures: 0, Errors: 0, Skipped: 0, Time elapsed: 0.006 sec
Running org.apache.commons.net.tftp.TFTPTest
Tests run: 6, Failures: 0, Errors: 0, Skipped: 0, Time elapsed: 10.409 sec
Running org.apache.commons.net.telnet.InvalidTelnetOptionExceptionTest
Tests run: 1, Failures: 0, Errors: 0, Skipped: 0, Time elapsed: 0.001 sec
Running org.apache.commons.net.ftp.parser.VMSFTPEntryParserTest
Tests run: 6, Failures: 0, Errors: 0, Skipped: 0, Time elapsed: 0.006 sec
Running org.apache.commons.net.ftp.parser.MVSFTPEntryParserTest
Tests run: 7, Failures: 0, Errors: 0, Skipped: 0, Time elapsed: 0.003 sec
Running org.apache.commons.net.ftp.parser.EnterpriseUnixFTPEntryParserTest
Tests run: 4, Failures: 0, Errors: 0, Skipped: 0, Time elapsed: 0.002 sec
Running org.apache.commons.net.SubnetUtilsTest
Tests run: 5, Failures: 0, Errors: 0, Skipped: 0, Time elapsed: 0.003 sec
Running org.apache.commons.net.telnet.TelnetClientTest
Tests run: 8, Failures: 0, Errors: 0, Skipped: 0, Time elapsed: 43.537 sec
Running org.apache.commons.net.io.DotTerminatedMessageReaderTest
Tests run: 4, Failures: 0, Errors: 0, Skipped: 0, Time elapsed: 0.004 sec
Running org.apache.commons.net.ftp.FTPCommandTest
Tests run: 1, Failures: 0, Errors: 0, Skipped: 0, Time elapsed: 0.002 sec
Running org.apache.commons.net.time.TimeTCPClientTest
Tests run: 2, Failures: 0, Errors: 0, Skipped: 0, Time elapsed: 1.005 sec
Running org.apache.commons.net.ntp.TimeStampTest
Tests run: 3, Failures: 0, Errors: 0, Skipped: 0, Time elapsed: 0.002 sec
Running org.apache.commons.net.telnet.EchoOptionHandlerTest
Tests run: 5, Failures: 0, Errors: 0, Skipped: 0, Time elapsed: 0.001 sec
Running org.apache.commons.net.telnet.SuppressGAOptionHandlerTest
Tests run: 5, Failures: 0, Errors: 0, Skipped: 0, Time elapsed: 0.002 sec
Running org.apache.commons.net.telnet.TerminalTypeOptionHandlerTest
Tests run: 5, Failures: 0, Errors: 0, Skipped: 0, Time elapsed: 0.002 sec
Running org.apache.commons.net.telnet.SimpleOptionHandlerTest
Tests run: 5, Failures: 0, Errors: 0, Skipped: 0, Time elapsed: 0.001 sec

Results :

Tests run: 139, Failures: 0, Errors: 0, Skipped: 0

[INFO] 
[INFO] --- maven-jar-plugin:2.3:jar (default-jar) @ commons-net ---
[INFO] Building jar: /tmp/tmpox0r1xls/commons-net/target/commons-net-2.2.jar
[INFO] 
[INFO] --- maven-antrun-plugin:1.3:run (default) @ commons-net ---
[INFO] Executing tasks
      [jar] Building jar: /tmp/tmpox0r1xls/commons-net/target/commons-net-ftp-2.2.jar
[INFO] Executed tasks
[INFO] 
[INFO] --- build-helper-maven-plugin:1.2:attach-artifact (attach-artifacts) @ commons-net ---
[INFO] 
[INFO] --- maven-assembly-plugin:3.2.0:single (default) @ commons-net ---
[INFO] Building jar: /tmp/tmpox0r1xls/commons-net/target/commons-net-2.2-jar-with-dependencies.jar
[INFO] ------------------------------------------------------------------------
[INFO] BUILD SUCCESS
[INFO] ------------------------------------------------------------------------
[INFO] Total time:  01:04 min
[INFO] Finished at: 2020-07-30T19:23:40Z
[INFO] ------------------------------------------------------------------------
