[INFO] Error stacktraces are turned on.
[INFO] Scanning for projects...
[INFO] 
[INFO] ---------------------< com.github.cwdtom:gateway >----------------------
[INFO] Building gateway 3.1.2
[INFO] --------------------------------[ jar ]---------------------------------
[INFO] 
[INFO] --- jacoco-maven-plugin:0.8.5:prepare-agent (default) @ gateway ---
[INFO] argLine set to -javaagent:/home/jdbl/.m2/repository/org/jacoco/org.jacoco.agent/0.8.5/org.jacoco.agent-0.8.5-runtime.jar=destfile=/tmp/tmptvdarved/gateway/target/jacoco.exec
[INFO] 
[INFO] --- maven-resources-plugin:2.6:resources (default-resources) @ gateway ---
[INFO] Using 'UTF-8' encoding to copy filtered resources.
[INFO] Copying 1 resource
[INFO] 
[INFO] --- maven-compiler-plugin:3.7.0:compile (default-compile) @ gateway ---
[INFO] Changes detected - recompiling the module!
[INFO] Compiling 39 source files to /tmp/tmptvdarved/gateway/target/classes
[INFO] 
[INFO] --- maven-resources-plugin:2.6:testResources (default-testResources) @ gateway ---
[INFO] Using 'UTF-8' encoding to copy filtered resources.
[INFO] skip non existing resourceDirectory /tmp/tmptvdarved/gateway/src/test/resources
[INFO] 
[INFO] --- maven-compiler-plugin:3.7.0:testCompile (default-testCompile) @ gateway ---
[INFO] Changes detected - recompiling the module!
[INFO] Compiling 2 source files to /tmp/tmptvdarved/gateway/target/test-classes
[INFO] 
[INFO] --- maven-surefire-plugin:2.19.1:test (default-test) @ gateway ---
[INFO] Surefire report directory: /tmp/tmptvdarved/gateway/target/surefire-reports

-------------------------------------------------------
 T E S T S
-------------------------------------------------------
Running com.github.cwdtom.gateway.UtilsTest
Tests run: 1, Failures: 0, Errors: 0, Skipped: 0, Time elapsed: 0.06 sec - in com.github.cwdtom.gateway.UtilsTest
Running com.github.cwdtom.gateway.LoadBalanceTest
21:51:04,335 |-INFO in ch.qos.logback.classic.LoggerContext[default] - Could NOT find resource [logback-test.xml]
21:51:04,335 |-INFO in ch.qos.logback.classic.LoggerContext[default] - Could NOT find resource [logback.groovy]
21:51:04,336 |-INFO in ch.qos.logback.classic.LoggerContext[default] - Found resource [logback.xml] at [file:/tmp/tmptvdarved/gateway/target/classes/logback.xml]
21:51:04,420 |-INFO in ch.qos.logback.classic.joran.action.ConfigurationAction - debug attribute not set
21:51:04,421 |-INFO in ch.qos.logback.core.joran.action.AppenderAction - About to instantiate appender of type [ch.qos.logback.core.rolling.RollingFileAppender]
21:51:04,431 |-INFO in ch.qos.logback.core.joran.action.AppenderAction - Naming appender as [INFO-FILE]
21:51:04,438 |-INFO in ch.qos.logback.core.joran.action.NestedComplexPropertyIA - Assuming default type [ch.qos.logback.classic.encoder.PatternLayoutEncoder] for [encoder] property
21:51:04,499 |-INFO in c.q.l.core.rolling.TimeBasedRollingPolicy@1677984391 - No compression will be used
21:51:04,501 |-INFO in c.q.l.core.rolling.TimeBasedRollingPolicy@1677984391 - Will use the pattern /tmp/tmptvdarved/gateway/logs/gateway-info-%d{yyyy-MM-dd}.%i.log for the active file
21:51:04,504 |-INFO in ch.qos.logback.core.rolling.SizeAndTimeBasedFNATP@110844f6 - The date pattern is 'yyyy-MM-dd' from file name pattern '/tmp/tmptvdarved/gateway/logs/gateway-info-%d{yyyy-MM-dd}.%i.log'.
21:51:04,504 |-INFO in ch.qos.logback.core.rolling.SizeAndTimeBasedFNATP@110844f6 - Roll-over at midnight.
21:51:04,507 |-INFO in ch.qos.logback.core.rolling.SizeAndTimeBasedFNATP@110844f6 - Setting initial period to Thu Jul 30 21:51:04 UTC 2020
21:51:04,507 |-WARN in ch.qos.logback.core.rolling.SizeAndTimeBasedFNATP@110844f6 - SizeAndTimeBasedFNATP is deprecated. Use SizeAndTimeBasedRollingPolicy instead
21:51:04,507 |-WARN in ch.qos.logback.core.rolling.SizeAndTimeBasedFNATP@110844f6 - For more information see http://logback.qos.ch/manual/appenders.html#SizeAndTimeBasedRollingPolicy
21:51:04,510 |-INFO in ch.qos.logback.core.rolling.RollingFileAppender[INFO-FILE] - Active log file name: /tmp/tmptvdarved/gateway/logs/gateway-info-2020-07-30.0.log
21:51:04,511 |-INFO in ch.qos.logback.core.rolling.RollingFileAppender[INFO-FILE] - File property is set to [null]
21:51:04,512 |-INFO in ch.qos.logback.core.joran.action.AppenderAction - About to instantiate appender of type [ch.qos.logback.core.rolling.RollingFileAppender]
21:51:04,512 |-INFO in ch.qos.logback.core.joran.action.AppenderAction - Naming appender as [ERROR-FILE]
21:51:04,512 |-INFO in ch.qos.logback.core.joran.action.NestedComplexPropertyIA - Assuming default type [ch.qos.logback.classic.encoder.PatternLayoutEncoder] for [encoder] property
21:51:04,514 |-INFO in c.q.l.core.rolling.TimeBasedRollingPolicy@1871312485 - No compression will be used
21:51:04,514 |-INFO in c.q.l.core.rolling.TimeBasedRollingPolicy@1871312485 - Will use the pattern /tmp/tmptvdarved/gateway/logs/gateway-error-%d{yyyy-MM-dd}.%i.log for the active file
21:51:04,514 |-INFO in ch.qos.logback.core.rolling.SizeAndTimeBasedFNATP@df1cff6 - The date pattern is 'yyyy-MM-dd' from file name pattern '/tmp/tmptvdarved/gateway/logs/gateway-error-%d{yyyy-MM-dd}.%i.log'.
21:51:04,514 |-INFO in ch.qos.logback.core.rolling.SizeAndTimeBasedFNATP@df1cff6 - Roll-over at midnight.
21:51:04,514 |-INFO in ch.qos.logback.core.rolling.SizeAndTimeBasedFNATP@df1cff6 - Setting initial period to Thu Jul 30 21:51:04 UTC 2020
21:51:04,515 |-WARN in ch.qos.logback.core.rolling.SizeAndTimeBasedFNATP@df1cff6 - SizeAndTimeBasedFNATP is deprecated. Use SizeAndTimeBasedRollingPolicy instead
21:51:04,515 |-WARN in ch.qos.logback.core.rolling.SizeAndTimeBasedFNATP@df1cff6 - For more information see http://logback.qos.ch/manual/appenders.html#SizeAndTimeBasedRollingPolicy
21:51:04,516 |-INFO in ch.qos.logback.core.rolling.RollingFileAppender[ERROR-FILE] - Active log file name: /tmp/tmptvdarved/gateway/logs/gateway-error-2020-07-30.0.log
21:51:04,516 |-INFO in ch.qos.logback.core.rolling.RollingFileAppender[ERROR-FILE] - File property is set to [null]
21:51:04,516 |-INFO in ch.qos.logback.core.joran.action.AppenderAction - About to instantiate appender of type [ch.qos.logback.core.ConsoleAppender]
21:51:04,518 |-INFO in ch.qos.logback.core.joran.action.AppenderAction - Naming appender as [STDOUT]
21:51:04,518 |-INFO in ch.qos.logback.core.joran.action.NestedComplexPropertyIA - Assuming default type [ch.qos.logback.classic.encoder.PatternLayoutEncoder] for [encoder] property
21:51:04,520 |-INFO in ch.qos.logback.classic.joran.action.RootLoggerAction - Setting level of ROOT logger to INFO
21:51:04,520 |-INFO in ch.qos.logback.core.joran.action.AppenderRefAction - Attaching appender named [INFO-FILE] to Logger[ROOT]
21:51:04,521 |-INFO in ch.qos.logback.core.joran.action.AppenderRefAction - Attaching appender named [STDOUT] to Logger[ROOT]
21:51:04,521 |-INFO in ch.qos.logback.core.joran.action.AppenderRefAction - Attaching appender named [ERROR-FILE] to Logger[ROOT]
21:51:04,522 |-INFO in ch.qos.logback.classic.joran.action.LoggerAction - Setting level of logger [com.github.cwdtom] to WARN
21:51:04,522 |-INFO in ch.qos.logback.classic.joran.action.LoggerAction - Setting additivity of logger [com.github.cwdtom] to false
21:51:04,522 |-INFO in ch.qos.logback.core.joran.action.AppenderRefAction - Attaching appender named [ERROR-FILE] to Logger[com.github.cwdtom]
21:51:04,522 |-INFO in ch.qos.logback.core.joran.action.AppenderRefAction - Attaching appender named [STDOUT] to Logger[com.github.cwdtom]
21:51:04,522 |-INFO in ch.qos.logback.classic.joran.action.LoggerAction - Setting level of logger [com.github.cwdtom] to INFO
21:51:04,522 |-INFO in ch.qos.logback.classic.joran.action.LoggerAction - Setting additivity of logger [com.github.cwdtom] to false
21:51:04,522 |-INFO in ch.qos.logback.core.joran.action.AppenderRefAction - Attaching appender named [INFO-FILE] to Logger[com.github.cwdtom]
21:51:04,522 |-INFO in ch.qos.logback.core.joran.action.AppenderRefAction - Attaching appender named [STDOUT] to Logger[com.github.cwdtom]
21:51:04,522 |-INFO in ch.qos.logback.classic.joran.action.ConfigurationAction - End of configuration.
21:51:04,523 |-INFO in ch.qos.logback.classic.joran.JoranConfigurator@4925f4f5 - Registering current configuration as safe fallback point

21:51:04.528 [main] INFO  c.g.c.g.e.lb.ConsistentHash - ConsistentHash load completed.
21:51:04.531 [main] INFO  c.g.c.g.e.lb.RandomLoadBalance - RandomLoadBalance load completed.
21:51:04.532 [main] INFO  c.g.c.g.e.lb.LeastActiveLoadBalance - LeastActiveLoadBalance load completed.
21:51:04.534 [main] INFO  c.g.c.g.e.lb.ConsistentHash - ConsistentHash load completed.
21:51:04.534 [main] INFO  c.g.c.g.e.lb.RandomLoadBalance - RandomLoadBalance load completed.
21:51:04.534 [main] INFO  c.g.c.g.e.lb.LeastActiveLoadBalance - LeastActiveLoadBalance load completed.
21:51:04.535 [main] INFO  c.g.c.g.e.lb.ConsistentHash - ConsistentHash load completed.
21:51:04.535 [main] INFO  c.g.c.g.e.lb.RandomLoadBalance - RandomLoadBalance load completed.
21:51:04.535 [main] INFO  c.g.c.g.e.lb.LeastActiveLoadBalance - LeastActiveLoadBalance load completed.
21:51:04.535 [main] INFO  c.g.c.g.e.lb.ConsistentHash - ConsistentHash load completed.
21:51:04.536 [main] INFO  c.g.c.g.e.lb.RandomLoadBalance - RandomLoadBalance load completed.
21:51:04.536 [main] INFO  c.g.c.g.e.lb.LeastActiveLoadBalance - LeastActiveLoadBalance load completed.
Tests run: 4, Failures: 0, Errors: 0, Skipped: 0, Time elapsed: 0.263 sec - in com.github.cwdtom.gateway.LoadBalanceTest

Results :

Tests run: 5, Failures: 0, Errors: 0, Skipped: 0

[INFO] 
[INFO] --- jacoco-maven-plugin:0.8.5:report (report) @ gateway ---
[INFO] Loading execution data file /tmp/tmptvdarved/gateway/target/jacoco.exec
[INFO] Analyzed bundle 'gateway' with 160 classes
[INFO] ------------------------------------------------------------------------
[INFO] BUILD SUCCESS
[INFO] ------------------------------------------------------------------------
[INFO] Total time:  25.429 s
[INFO] Finished at: 2020-07-30T21:51:05Z
[INFO] ------------------------------------------------------------------------
