[INFO] Error stacktraces are turned on.
[INFO] Scanning for projects...
[INFO] Inspecting build with total of 1 modules...
[INFO] Installing Nexus Staging features:
[INFO]   ... total of 1 executions of maven-deploy-plugin replaced with nexus-staging-maven-plugin
[INFO] 
[INFO] ----------< io.dropwizard-bundles:dropwizard-version-bundle >-----------
[INFO] Building dropwizard-version-bundle 1.3.5-1-SNAPSHOT
[INFO] --------------------------------[ jar ]---------------------------------
[INFO] 
[INFO] --- maven-enforcer-plugin:1.4.1:enforce (enforce-versions) @ dropwizard-version-bundle ---
[INFO] 
[INFO] --- jacoco-maven-plugin:0.8.5:prepare-agent (default) @ dropwizard-version-bundle ---
[INFO] argLine set to -javaagent:/home/jdbl/.m2/repository/org/jacoco/org.jacoco.agent/0.8.5/org.jacoco.agent-0.8.5-runtime.jar=destfile=/tmp/tmpjnm8voby/dropwizard-version-bundle/target/jacoco.exec
[INFO] 
[INFO] --- maven-resources-plugin:2.6:resources (default-resources) @ dropwizard-version-bundle ---
[INFO] Using 'UTF-8' encoding to copy filtered resources.
[INFO] skip non existing resourceDirectory /tmp/tmpjnm8voby/dropwizard-version-bundle/src/main/resources
[INFO] 
[INFO] --- maven-compiler-plugin:3.7.0:compile (default-compile) @ dropwizard-version-bundle ---
[INFO] Changes detected - recompiling the module!
[INFO] Compiling 4 source files to /tmp/tmpjnm8voby/dropwizard-version-bundle/target/classes
[INFO] 
[INFO] --- maven-checkstyle-plugin:2.17:check (default) @ dropwizard-version-bundle ---
[INFO] 
[INFO] --- maven-resources-plugin:2.6:testResources (default-testResources) @ dropwizard-version-bundle ---
[INFO] Using 'UTF-8' encoding to copy filtered resources.
[INFO] skip non existing resourceDirectory /tmp/tmpjnm8voby/dropwizard-version-bundle/src/test/resources
[INFO] 
[INFO] --- maven-compiler-plugin:3.7.0:testCompile (default-testCompile) @ dropwizard-version-bundle ---
[INFO] Changes detected - recompiling the module!
[INFO] Compiling 1 source file to /tmp/tmpjnm8voby/dropwizard-version-bundle/target/test-classes
[INFO] 
[INFO] --- maven-surefire-plugin:2.19.1:test (default-test) @ dropwizard-version-bundle ---
[INFO] Surefire report directory: /tmp/tmpjnm8voby/dropwizard-version-bundle/target/surefire-reports

-------------------------------------------------------
 T E S T S
-------------------------------------------------------
Running io.dropwizard.bundles.version.VersionServletTest
SLF4J: Class path contains multiple SLF4J bindings.
SLF4J: Found binding in [file:/tmp/tmpjnm8voby/dropwizard-version-bundle/target/classes/org/slf4j/impl/StaticLoggerBinder.class]
SLF4J: Found binding in [jar:file:/home/jdbl/.m2/repository/ch/qos/logback/logback-classic/1.2.3/logback-classic-1.2.3.jar!/org/slf4j/impl/StaticLoggerBinder.class]
SLF4J: See http://www.slf4j.org/codes.html#multiple_bindings for an explanation.
SLF4J: Actual binding is of type [org.slf4j.impl.SimpleLoggerFactory]
2020-07-30 22:47:05.620:INFO::main: Logging initialized @3936ms to org.eclipse.jetty.util.log.StdErrLog
2020-07-30 22:47:06.954:INFO:oejs.Server:main: jetty-9.4.11.v20180605; built: 2018-06-05T18:24:03.829Z; git: d5fc0523cfa96bfebfbda19606cad384d772f04c; jvm 1.8.0_262-b10
2020-07-30 22:47:07.111:INFO:oejs.session:main: DefaultSessionIdManager workerName=node0
2020-07-30 22:47:07.112:INFO:oejs.session:main: No SessionScavenger set, using defaults
2020-07-30 22:47:07.116:INFO:oejs.session:main: node0 Scavenging every 660000ms
2020-07-30 22:47:07.134:INFO:oejsh.ContextHandler:main: Started o.e.j.s.ServletContextHandler@5c14c284{/,null,AVAILABLE}
2020-07-30 22:47:07.137:INFO:oejs.AbstractConnector:main: Started LocalConnector@7432cb37{HTTP/1.1,[http/1.1]}
2020-07-30 22:47:07.137:INFO:oejs.Server:main: Started @5453ms
2020-07-30 22:47:07.721:INFO:oejs.AbstractConnector:main: Stopped LocalConnector@7432cb37{HTTP/1.1,[http/1.1]}
2020-07-30 22:47:07.721:INFO:oejs.session:main: node0 Stopped scavenging
2020-07-30 22:47:07.728:INFO:oejsh.ContextHandler:main: Stopped o.e.j.s.ServletContextHandler@5c14c284{/,null,UNAVAILABLE}
2020-07-30 22:47:07.750:INFO:oejs.Server:main: jetty-9.4.11.v20180605; built: 2018-06-05T18:24:03.829Z; git: d5fc0523cfa96bfebfbda19606cad384d772f04c; jvm 1.8.0_262-b10
2020-07-30 22:47:07.783:INFO:oejs.session:main: DefaultSessionIdManager workerName=node0
2020-07-30 22:47:07.784:INFO:oejs.session:main: No SessionScavenger set, using defaults
2020-07-30 22:47:07.798:INFO:oejs.session:main: node0 Scavenging every 660000ms
2020-07-30 22:47:07.809:INFO:oejsh.ContextHandler:main: Started o.e.j.s.ServletContextHandler@75abbb61{/,null,AVAILABLE}
2020-07-30 22:47:07.809:INFO:oejs.AbstractConnector:main: Started LocalConnector@740610a2{HTTP/1.1,[http/1.1]}
2020-07-30 22:47:07.809:INFO:oejs.Server:main: Started @6125ms
2020-07-30 22:47:07.825:INFO:oejs.AbstractConnector:main: Stopped LocalConnector@740610a2{HTTP/1.1,[http/1.1]}
2020-07-30 22:47:07.825:INFO:oejs.session:main: node0 Stopped scavenging
2020-07-30 22:47:07.825:INFO:oejsh.ContextHandler:main: Stopped o.e.j.s.ServletContextHandler@75abbb61{/,null,UNAVAILABLE}
2020-07-30 22:47:07.835:INFO:oejs.Server:main: jetty-9.4.11.v20180605; built: 2018-06-05T18:24:03.829Z; git: d5fc0523cfa96bfebfbda19606cad384d772f04c; jvm 1.8.0_262-b10
2020-07-30 22:47:07.869:INFO:oejs.session:main: DefaultSessionIdManager workerName=node0
2020-07-30 22:47:07.869:INFO:oejs.session:main: No SessionScavenger set, using defaults
2020-07-30 22:47:07.869:INFO:oejs.session:main: node0 Scavenging every 600000ms
2020-07-30 22:47:07.873:INFO:oejsh.ContextHandler:main: Started o.e.j.s.ServletContextHandler@3b68a50c{/,null,AVAILABLE}
2020-07-30 22:47:07.873:INFO:oejs.AbstractConnector:main: Started LocalConnector@27c68ccb{HTTP/1.1,[http/1.1]}
2020-07-30 22:47:07.874:INFO:oejs.Server:main: Started @6190ms
2020-07-30 22:47:07.909:INFO:oejs.AbstractConnector:main: Stopped LocalConnector@27c68ccb{HTTP/1.1,[http/1.1]}
2020-07-30 22:47:07.910:INFO:oejs.session:main: node0 Stopped scavenging
2020-07-30 22:47:07.914:INFO:oejsh.ContextHandler:main: Stopped o.e.j.s.ServletContextHandler@3b68a50c{/,null,UNAVAILABLE}
2020-07-30 22:47:07.932:INFO:oejs.Server:main: jetty-9.4.11.v20180605; built: 2018-06-05T18:24:03.829Z; git: d5fc0523cfa96bfebfbda19606cad384d772f04c; jvm 1.8.0_262-b10
2020-07-30 22:47:07.966:INFO:oejs.session:main: DefaultSessionIdManager workerName=node0
2020-07-30 22:47:07.966:INFO:oejs.session:main: No SessionScavenger set, using defaults
2020-07-30 22:47:07.966:INFO:oejs.session:main: node0 Scavenging every 660000ms
2020-07-30 22:47:07.967:INFO:oejsh.ContextHandler:main: Started o.e.j.s.ServletContextHandler@7f3aa737{/,null,AVAILABLE}
2020-07-30 22:47:07.967:INFO:oejs.AbstractConnector:main: Started LocalConnector@1428d63{HTTP/1.1,[http/1.1]}
2020-07-30 22:47:07.967:INFO:oejs.Server:main: Started @6284ms
2020-07-30 22:47:07.997:INFO:oejs.AbstractConnector:main: Stopped LocalConnector@1428d63{HTTP/1.1,[http/1.1]}
2020-07-30 22:47:08.001:INFO:oejs.session:main: node0 Stopped scavenging
2020-07-30 22:47:08.002:INFO:oejsh.ContextHandler:main: Stopped o.e.j.s.ServletContextHandler@7f3aa737{/,null,UNAVAILABLE}
2020-07-30 22:47:08.007:INFO:oejs.Server:main: jetty-9.4.11.v20180605; built: 2018-06-05T18:24:03.829Z; git: d5fc0523cfa96bfebfbda19606cad384d772f04c; jvm 1.8.0_262-b10
2020-07-30 22:47:08.041:INFO:oejs.session:main: DefaultSessionIdManager workerName=node0
2020-07-30 22:47:08.041:INFO:oejs.session:main: No SessionScavenger set, using defaults
2020-07-30 22:47:08.041:INFO:oejs.session:main: node0 Scavenging every 600000ms
2020-07-30 22:47:08.050:INFO:oejsh.ContextHandler:main: Started o.e.j.s.ServletContextHandler@2e6066e1{/,null,AVAILABLE}
2020-07-30 22:47:08.050:INFO:oejs.AbstractConnector:main: Started LocalConnector@2338c3f9{HTTP/1.1,[http/1.1]}
2020-07-30 22:47:08.050:INFO:oejs.Server:main: Started @6366ms
2020-07-30 22:47:08.081:INFO:oejs.AbstractConnector:main: Stopped LocalConnector@2338c3f9{HTTP/1.1,[http/1.1]}
2020-07-30 22:47:08.084:INFO:oejs.session:main: node0 Stopped scavenging
2020-07-30 22:47:08.084:INFO:oejsh.ContextHandler:main: Stopped o.e.j.s.ServletContextHandler@2e6066e1{/,null,UNAVAILABLE}
2020-07-30 22:47:08.099:INFO:oejs.Server:main: jetty-9.4.11.v20180605; built: 2018-06-05T18:24:03.829Z; git: d5fc0523cfa96bfebfbda19606cad384d772f04c; jvm 1.8.0_262-b10
2020-07-30 22:47:08.129:INFO:oejs.session:main: DefaultSessionIdManager workerName=node0
2020-07-30 22:47:08.129:INFO:oejs.session:main: No SessionScavenger set, using defaults
2020-07-30 22:47:08.129:INFO:oejs.session:main: node0 Scavenging every 600000ms
2020-07-30 22:47:08.133:INFO:oejsh.ContextHandler:main: Started o.e.j.s.ServletContextHandler@834944{/,null,AVAILABLE}
2020-07-30 22:47:08.134:INFO:oejs.AbstractConnector:main: Started LocalConnector@6f014f27{HTTP/1.1,[http/1.1]}
2020-07-30 22:47:08.135:INFO:oejs.Server:main: Started @6451ms
2020-07-30 22:47:08.153:INFO:oejs.AbstractConnector:main: Stopped LocalConnector@6f014f27{HTTP/1.1,[http/1.1]}
2020-07-30 22:47:08.153:INFO:oejs.session:main: node0 Stopped scavenging
2020-07-30 22:47:08.153:INFO:oejsh.ContextHandler:main: Stopped o.e.j.s.ServletContextHandler@834944{/,null,UNAVAILABLE}
Tests run: 6, Failures: 0, Errors: 0, Skipped: 0, Time elapsed: 4.957 sec - in io.dropwizard.bundles.version.VersionServletTest

Results :

Tests run: 6, Failures: 0, Errors: 0, Skipped: 0

[INFO] 
[INFO] --- jacoco-maven-plugin:0.8.5:report (report) @ dropwizard-version-bundle ---
[INFO] Loading execution data file /tmp/tmpjnm8voby/dropwizard-version-bundle/target/jacoco.exec
[INFO] Analyzed bundle 'dropwizard-version-bundle' with 2507 classes
[INFO] ------------------------------------------------------------------------
[INFO] BUILD SUCCESS
[INFO] ------------------------------------------------------------------------
[INFO] Total time:  40.999 s
[INFO] Finished at: 2020-07-30T22:47:13Z
[INFO] ------------------------------------------------------------------------
