[INFO] Error stacktraces are turned on.
[INFO] Scanning for projects...
[INFO] 
[INFO] --------------< in.drifted.planisphere:planisphere-core >---------------
[INFO] Building planisphere-core 1.0.0
[INFO] --------------------------------[ jar ]---------------------------------
[INFO] 
[INFO] --- jacoco-maven-plugin:0.8.5:prepare-agent (default) @ planisphere-core ---
[INFO] argLine set to -javaagent:/home/jdbl/.m2/repository/org/jacoco/org.jacoco.agent/0.8.5/org.jacoco.agent-0.8.5-runtime.jar=destfile=/tmp/tmp5eht31cu/planisphere-core/target/jacoco.exec
[INFO] 
[INFO] --- maven-resources-plugin:2.6:resources (default-resources) @ planisphere-core ---
[INFO] Using 'UTF-8' encoding to copy filtered resources.
[INFO] Copying 68 resources
[INFO] 
[INFO] --- maven-compiler-plugin:3.1:compile (default-compile) @ planisphere-core ---
[INFO] Changes detected - recompiling the module!
[INFO] Compiling 27 source files to /tmp/tmp5eht31cu/planisphere-core/target/classes
[WARNING] /tmp/tmp5eht31cu/planisphere-core/src/main/java/in/drifted/planisphere/renderer/svg/SvgRenderer.java: Some input files use unchecked or unsafe operations.
[WARNING] /tmp/tmp5eht31cu/planisphere-core/src/main/java/in/drifted/planisphere/renderer/svg/SvgRenderer.java: Recompile with -Xlint:unchecked for details.
[INFO] 
[INFO] --- maven-resources-plugin:2.6:testResources (default-testResources) @ planisphere-core ---
[INFO] Using 'UTF-8' encoding to copy filtered resources.
[INFO] skip non existing resourceDirectory /tmp/tmp5eht31cu/planisphere-core/src/test/resources
[INFO] 
[INFO] --- maven-compiler-plugin:3.1:testCompile (default-testCompile) @ planisphere-core ---
[INFO] Changes detected - recompiling the module!
[INFO] Compiling 2 source files to /tmp/tmp5eht31cu/planisphere-core/target/test-classes
[INFO] 
[INFO] --- maven-surefire-plugin:2.19.1:test (default-test) @ planisphere-core ---
[INFO] Surefire report directory: /tmp/tmp5eht31cu/planisphere-core/target/surefire-reports

-------------------------------------------------------
 T E S T S
-------------------------------------------------------
Running in.drifted.planisphere.test.CardinalPointLabelTest
Tests run: 6, Failures: 0, Errors: 0, Skipped: 0, Time elapsed: 1.461 sec - in in.drifted.planisphere.test.CardinalPointLabelTest

Results :

Tests run: 6, Failures: 0, Errors: 0, Skipped: 0

[INFO] 
[INFO] --- jacoco-maven-plugin:0.8.5:report (report) @ planisphere-core ---
[INFO] Loading execution data file /tmp/tmp5eht31cu/planisphere-core/target/jacoco.exec
[INFO] Analyzed bundle 'planisphere-core' with 1640 classes
[INFO] ------------------------------------------------------------------------
[INFO] BUILD SUCCESS
[INFO] ------------------------------------------------------------------------
[INFO] Total time:  8.432 s
[INFO] Finished at: 2020-07-30T16:09:40Z
[INFO] ------------------------------------------------------------------------
