[INFO] Error stacktraces are turned on.
[INFO] Scanning for projects...
[INFO] 
[INFO] ------------------< com.googlecode.httpliar:httpliar >------------------
[INFO] Building httpliar 1.0.4-SNAPSHOT
[INFO] --------------------------------[ jar ]---------------------------------
[INFO] 
[INFO] --- maven-enforcer-plugin:1.0:enforce (enforce-maven) @ httpliar ---
[INFO] 
[INFO] --- jacoco-maven-plugin:0.8.5:prepare-agent (default) @ httpliar ---
[INFO] argLine set to -javaagent:/home/jdbl/.m2/repository/org/jacoco/org.jacoco.agent/0.8.5/org.jacoco.agent-0.8.5-runtime.jar=destfile=/tmp/tmpmbwdrrjn/httpliar/target/jacoco.exec
[INFO] 
[INFO] --- maven-resources-plugin:2.6:resources (default-resources) @ httpliar ---
[INFO] Using 'UTF-8' encoding to copy filtered resources.
[INFO] Copying 3 resources
[INFO] 
[INFO] --- maven-compiler-plugin:2.3.2:compile (default-compile) @ httpliar ---
[INFO] Compiling 24 source files to /tmp/tmpmbwdrrjn/httpliar/target/classes
[INFO] 
[INFO] --- maven-resources-plugin:2.6:testResources (default-testResources) @ httpliar ---
[INFO] Using 'UTF-8' encoding to copy filtered resources.
[INFO] skip non existing resourceDirectory /tmp/tmpmbwdrrjn/httpliar/src/test/resources
[INFO] 
[INFO] --- maven-compiler-plugin:2.3.2:testCompile (default-testCompile) @ httpliar ---
[INFO] Compiling 1 source file to /tmp/tmpmbwdrrjn/httpliar/target/test-classes
[INFO] 
[INFO] --- maven-surefire-plugin:2.19.1:test (default-test) @ httpliar ---
[INFO] Surefire report directory: /tmp/tmpmbwdrrjn/httpliar/target/surefire-reports

-------------------------------------------------------
 T E S T S
-------------------------------------------------------
Running com.googlecode.httpliar.AppTest
Tests run: 1, Failures: 0, Errors: 0, Skipped: 0, Time elapsed: 0.004 sec - in com.googlecode.httpliar.AppTest

Results :

Tests run: 1, Failures: 0, Errors: 0, Skipped: 0

[INFO] 
[INFO] --- jacoco-maven-plugin:0.8.5:report (report) @ httpliar ---
[INFO] Loading execution data file /tmp/tmpmbwdrrjn/httpliar/target/jacoco.exec
[INFO] Analyzed bundle 'httpliar' with 234 classes
[INFO] ------------------------------------------------------------------------
[INFO] BUILD SUCCESS
[INFO] ------------------------------------------------------------------------
[INFO] Total time:  9.511 s
[INFO] Finished at: 2020-07-30T22:07:37Z
[INFO] ------------------------------------------------------------------------
