[INFO] Error stacktraces are turned on.
[INFO] Scanning for projects...
[WARNING] 
[WARNING] Some problems were encountered while building the effective model for com.alexholmes:hdfs-slurper:jar:0.1.8
[WARNING] Reporting configuration should be done in <reporting> section, not in maven-site-plugin <configuration> as reportPlugins parameter. @ line 119, column 24
[WARNING] 
[WARNING] It is highly recommended to fix these problems because they threaten the stability of your build.
[WARNING] 
[WARNING] For this reason, future Maven versions might no longer support building such malformed projects.
[WARNING] 
[INFO] 
[INFO] --------------------< com.alexholmes:hdfs-slurper >---------------------
[INFO] Building HDFS File Slurper 0.1.8
[INFO] --------------------------------[ jar ]---------------------------------
[INFO] 
[INFO] --- jacoco-maven-plugin:0.8.5:prepare-agent (default) @ hdfs-slurper ---
[INFO] argLine set to -javaagent:/home/jdbl/.m2/repository/org/jacoco/org.jacoco.agent/0.8.5/org.jacoco.agent-0.8.5-runtime.jar=destfile=/tmp/tmpk1ojh8vi/hdfs-file-slurper/target/jacoco.exec
[INFO] 
[INFO] --- maven-resources-plugin:2.6:resources (default-resources) @ hdfs-slurper ---
[INFO] Using 'UTF-8' encoding to copy filtered resources.
[INFO] skip non existing resourceDirectory /tmp/tmpk1ojh8vi/hdfs-file-slurper/src/main/resources
[INFO] 
[INFO] --- maven-compiler-plugin:2.0.2:compile (default-compile) @ hdfs-slurper ---
[INFO] Compiling 6 source files to /tmp/tmpk1ojh8vi/hdfs-file-slurper/target/classes
[INFO] 
[INFO] --- maven-resources-plugin:2.6:testResources (default-testResources) @ hdfs-slurper ---
[INFO] Using 'UTF-8' encoding to copy filtered resources.
[INFO] skip non existing resourceDirectory /tmp/tmpk1ojh8vi/hdfs-file-slurper/src/test/resources
[INFO] 
[INFO] --- maven-compiler-plugin:2.0.2:testCompile (default-testCompile) @ hdfs-slurper ---
[INFO] Compiling 2 source files to /tmp/tmpk1ojh8vi/hdfs-file-slurper/target/test-classes
[INFO] 
[INFO] --- maven-surefire-plugin:2.19.1:test (default-test) @ hdfs-slurper ---
[INFO] Surefire report directory: /tmp/tmpk1ojh8vi/hdfs-file-slurper/target/surefire-reports

-------------------------------------------------------
 T E S T S
-------------------------------------------------------
Running com.alexholmes.hdfsslurper.ConfiguratorTest
20/07/30 23:11:46 WARN util.NativeCodeLoader: Unable to load native-hadoop library for your platform... using builtin-java classes where applicable
Tests run: 6, Failures: 0, Errors: 0, Skipped: 0, Time elapsed: 1.244 sec - in com.alexholmes.hdfsslurper.ConfiguratorTest
Running com.alexholmes.hdfsslurper.WorkerThreadTest
NN = file:///
Tests run: 1, Failures: 0, Errors: 0, Skipped: 0, Time elapsed: 0 sec - in com.alexholmes.hdfsslurper.WorkerThreadTest

Results :

Tests run: 7, Failures: 0, Errors: 0, Skipped: 0

[INFO] 
[INFO] --- jacoco-maven-plugin:0.8.5:report (report) @ hdfs-slurper ---
[INFO] Loading execution data file /tmp/tmpk1ojh8vi/hdfs-file-slurper/target/jacoco.exec
[INFO] Analyzed bundle 'HDFS File Slurper' with 113 classes
[INFO] ------------------------------------------------------------------------
[INFO] BUILD SUCCESS
[INFO] ------------------------------------------------------------------------
[INFO] Total time:  02:13 min
[INFO] Finished at: 2020-07-30T23:11:48Z
[INFO] ------------------------------------------------------------------------
