[INFO] Error stacktraces are turned on.
[INFO] Scanning for projects...
[INFO] 
[INFO] -----------------------------< com.fc:df >------------------------------
[INFO] Building df Maven Webapp 1.0-SNAPSHOT
[INFO] --------------------------------[ war ]---------------------------------
[INFO] 
[INFO] --- jacoco-maven-plugin:0.8.5:prepare-agent (default) @ df ---
[INFO] argLine set to -javaagent:/home/jdbl/.m2/repository/org/jacoco/org.jacoco.agent/0.8.5/org.jacoco.agent-0.8.5-runtime.jar=destfile=/tmp/tmp2cbnbpoz/forum/target/jacoco.exec
[INFO] 
[INFO] --- maven-resources-plugin:2.6:resources (default-resources) @ df ---
[INFO] Using 'UTF-8' encoding to copy filtered resources.
[INFO] Copying 10 resources
[INFO] 
[INFO] --- maven-compiler-plugin:3.1:compile (default-compile) @ df ---
[INFO] Changes detected - recompiling the module!
[INFO] Compiling 32 source files to /tmp/tmp2cbnbpoz/forum/target/classes
[INFO] 
[INFO] --- maven-resources-plugin:2.6:testResources (default-testResources) @ df ---
[INFO] Using 'UTF-8' encoding to copy filtered resources.
[INFO] skip non existing resourceDirectory /tmp/tmp2cbnbpoz/forum/src/test/resources
[INFO] 
[INFO] --- maven-compiler-plugin:3.1:testCompile (default-testCompile) @ df ---
[INFO] Changes detected - recompiling the module!
[INFO] Compiling 1 source file to /tmp/tmp2cbnbpoz/forum/target/test-classes
[INFO] 
[INFO] --- maven-surefire-plugin:2.19.1:test (default-test) @ df ---
[INFO] Surefire report directory: /tmp/tmp2cbnbpoz/forum/target/surefire-reports

-------------------------------------------------------
 T E S T S
-------------------------------------------------------
Running com.fc.mapper.UserMapperTest
test ok
Tests run: 1, Failures: 0, Errors: 0, Skipped: 0, Time elapsed: 1.842 sec - in com.fc.mapper.UserMapperTest

Results :

Tests run: 1, Failures: 0, Errors: 0, Skipped: 0

[INFO] 
[INFO] --- jacoco-maven-plugin:0.8.5:report (report) @ df ---
[INFO] Loading execution data file /tmp/tmp2cbnbpoz/forum/target/jacoco.exec
[INFO] Analyzed bundle 'df Maven Webapp' with 1844 classes
[INFO] ------------------------------------------------------------------------
[INFO] BUILD SUCCESS
[INFO] ------------------------------------------------------------------------
[INFO] Total time:  14.599 s
[INFO] Finished at: 2020-08-03T11:19:50Z
[INFO] ------------------------------------------------------------------------
