[INFO] Error stacktraces are turned on.
[INFO] Scanning for projects...
[INFO] 
[INFO] --------------------< top.dddclub.payroll:payroll >---------------------
[INFO] Building payroll 1.0-SNAPSHOT
[INFO] --------------------------------[ jar ]---------------------------------
[INFO] 
[INFO] --- jacoco-maven-plugin:0.8.5:prepare-agent (default) @ payroll ---
[INFO] argLine set to -javaagent:/home/jdbl/.m2/repository/org/jacoco/org.jacoco.agent/0.8.5/org.jacoco.agent-0.8.5-runtime.jar=destfile=/tmp/tmpvjhhjalp/payroll-ddd/target/jacoco.exec
[INFO] 
[INFO] --- maven-resources-plugin:2.6:resources (default-resources) @ payroll ---
[WARNING] Using platform encoding (UTF-8 actually) to copy filtered resources, i.e. build is platform dependent!
[INFO] Copying 5 resources
[INFO] 
[INFO] --- maven-compiler-plugin:3.1:compile (default-compile) @ payroll ---
[INFO] Changes detected - recompiling the module!
[WARNING] File encoding has not been set, using platform encoding UTF-8, i.e. build is platform dependent!
[INFO] Compiling 37 source files to /tmp/tmpvjhhjalp/payroll-ddd/target/classes
[INFO] 
[INFO] --- maven-resources-plugin:2.6:testResources (default-testResources) @ payroll ---
[WARNING] Using platform encoding (UTF-8 actually) to copy filtered resources, i.e. build is platform dependent!
[INFO] Copying 1 resource
[INFO] 
[INFO] --- maven-compiler-plugin:3.1:testCompile (default-testCompile) @ payroll ---
[INFO] Changes detected - recompiling the module!
[WARNING] File encoding has not been set, using platform encoding UTF-8, i.e. build is platform dependent!
[INFO] Compiling 13 source files to /tmp/tmpvjhhjalp/payroll-ddd/target/test-classes
[INFO] 
[INFO] --- maven-surefire-plugin:2.19.1:test (default-test) @ payroll ---
[INFO] Surefire report directory: /tmp/tmpvjhhjalp/payroll-ddd/target/surefire-reports

-------------------------------------------------------
 T E S T S
-------------------------------------------------------
Running top.dddclub.payroll.payrollcontext.domain.PeriodTest
Tests run: 2, Failures: 0, Errors: 0, Skipped: 0, Time elapsed: 0.816 sec - in top.dddclub.payroll.payrollcontext.domain.PeriodTest
Running top.dddclub.payroll.payrollcontext.domain.hourlyemployee.TimeCardServiceTest
Tests run: 1, Failures: 0, Errors: 0, Skipped: 0, Time elapsed: 0.936 sec - in top.dddclub.payroll.payrollcontext.domain.hourlyemployee.TimeCardServiceTest
Running top.dddclub.payroll.payrollcontext.domain.hourlyemployee.HourlyEmployeeTest
Tests run: 4, Failures: 0, Errors: 0, Skipped: 0, Time elapsed: 0.034 sec - in top.dddclub.payroll.payrollcontext.domain.hourlyemployee.HourlyEmployeeTest
Running top.dddclub.payroll.payrollcontext.domain.hourlyemployee.HourlyEmployeePayrollCalculatorTest
Tests run: 3, Failures: 0, Errors: 0, Skipped: 0, Time elapsed: 0.014 sec - in top.dddclub.payroll.payrollcontext.domain.hourlyemployee.HourlyEmployeePayrollCalculatorTest
Running top.dddclub.payroll.payrollcontext.domain.hourlyemployee.SubmitTimeCardTest
Tests run: 4, Failures: 0, Errors: 0, Skipped: 0, Time elapsed: 0.008 sec - in top.dddclub.payroll.payrollcontext.domain.hourlyemployee.SubmitTimeCardTest
Running top.dddclub.payroll.payrollcontext.domain.salariedemployee.SalariedEmployeeTest
Tests run: 6, Failures: 0, Errors: 0, Skipped: 0, Time elapsed: 0.044 sec - in top.dddclub.payroll.payrollcontext.domain.salariedemployee.SalariedEmployeeTest
Running top.dddclub.payroll.payrollcontext.domain.salariedemployee.SalariedEmployeePayrollCalculatorTest
Tests run: 3, Failures: 0, Errors: 0, Skipped: 0, Time elapsed: 0.131 sec - in top.dddclub.payroll.payrollcontext.domain.salariedemployee.SalariedEmployeePayrollCalculatorTest
Running top.dddclub.payroll.employeecontext.domain.EmployeeIdTest
Tests run: 1, Failures: 0, Errors: 0, Skipped: 0, Time elapsed: 0.057 sec - in top.dddclub.payroll.employeecontext.domain.EmployeeIdTest

Results :

Tests run: 24, Failures: 0, Errors: 0, Skipped: 0

[INFO] 
[INFO] --- jacoco-maven-plugin:0.8.5:report (report) @ payroll ---
[INFO] Loading execution data file /tmp/tmpvjhhjalp/payroll-ddd/target/jacoco.exec
[INFO] Analyzed bundle 'payroll' with 1020 classes
[INFO] ------------------------------------------------------------------------
[INFO] BUILD SUCCESS
[INFO] ------------------------------------------------------------------------
[INFO] Total time:  20.355 s
[INFO] Finished at: 2020-07-30T21:29:53Z
[INFO] ------------------------------------------------------------------------
