[INFO] Error stacktraces are turned on.
[INFO] Scanning for projects...
[WARNING] The project ru.complits.examples:java-react-redux-isomorphic-example:jar:0.0.1-SNAPSHOT uses prerequisites which is only intended for maven-plugin projects but not for non maven-plugin projects. For such purposes you should use the maven-enforcer-plugin. See https://maven.apache.org/enforcer/enforcer-rules/requireMavenVersion.html
[INFO] 
[INFO] ------< ru.complits.examples:java-react-redux-isomorphic-example >------
[INFO] Building java-react-redux-isomorphic-example 0.0.1-SNAPSHOT
[INFO] --------------------------------[ jar ]---------------------------------
[INFO] 
[INFO] --- jacoco-maven-plugin:0.8.5:prepare-agent (default) @ java-react-redux-isomorphic-example ---
[INFO] argLine set to -javaagent:/home/jdbl/.m2/repository/org/jacoco/org.jacoco.agent/0.8.5/org.jacoco.agent-0.8.5-runtime.jar=destfile=/tmp/tmpmn2m15d2/java-examples/react-redux-isomorphic-example/target/jacoco.exec
[INFO] 
[INFO] --- frontend-maven-plugin:1.4:install-node-and-npm (nodeInstall) @ java-react-redux-isomorphic-example ---
[INFO] testFailureIgnore property is ignored in non test phases
[INFO] Installing node version v6.9.5
[INFO] Downloading https://nodejs.org/dist/v6.9.5/node-v6.9.5-linux-x64.tar.gz to /home/jdbl/.m2/repository/com/github/eirslett/node/6.9.5/node-6.9.5-linux-x64.tar.gz
[INFO] No proxies configured
[INFO] No proxy was configured, downloading directly
[INFO] Unpacking /home/jdbl/.m2/repository/com/github/eirslett/node/6.9.5/node-6.9.5-linux-x64.tar.gz into /tmp/tmpmn2m15d2/java-examples/react-redux-isomorphic-example/src/main/frontend/node/tmp
[INFO] Copying node binary from /tmp/tmpmn2m15d2/java-examples/react-redux-isomorphic-example/src/main/frontend/node/tmp/node-v6.9.5-linux-x64/bin/node to /tmp/tmpmn2m15d2/java-examples/react-redux-isomorphic-example/src/main/frontend/node/node
[INFO] Installed node locally.
[INFO] Installing npm version 4.1.2
[INFO] Downloading http://registry.npmjs.org/npm/-/npm-4.1.2.tgz to /home/jdbl/.m2/repository/com/github/eirslett/npm/4.1.2/npm-4.1.2.tar.gz
[INFO] No proxies configured
[INFO] No proxy was configured, downloading directly
[INFO] Unpacking /home/jdbl/.m2/repository/com/github/eirslett/npm/4.1.2/npm-4.1.2.tar.gz into /tmp/tmpmn2m15d2/java-examples/react-redux-isomorphic-example/src/main/frontend/node/node_modules
[INFO] Installed npm locally.
[INFO] 
[INFO] --- frontend-maven-plugin:1.4:npm (npmInstall) @ java-react-redux-isomorphic-example ---
[INFO] testFailureIgnore property is ignored in non test phases
[INFO] Running 'npm install' in /tmp/tmpmn2m15d2/java-examples/react-redux-isomorphic-example/src/main/frontend
[WARNING] npm WARN deprecated prop-types@15.5.6: There are known issues in prop-types < 15.5.7. Please update your prop-types dependency to use ^15.5.7 or higher.
[WARNING] npm WARN deprecated extract-text-webpack-plugin@2.1.0: Deprecated. Please use https://github.com/webpack-contrib/mini-css-extract-plugin
[WARNING] npm WARN deprecated babel-preset-es2015@6.24.1: 🙌  Thanks for using Babel: we recommend using babel-preset-env now: please read https://babeljs.io/env to update!
[WARNING] npm WARN deprecated browserslist@1.7.7: Browserslist 2 could fail on reading Browserslist >3.0 config used in other tools.
[WARNING] npm WARN deprecated chokidar@1.7.0: Chokidar 2 will break on node v14+. Upgrade to chokidar 3 with 15x less dependencies.
[WARNING] npm WARN deprecated core-js@2.6.11: core-js@<3 is no longer maintained and not recommended for usage due to the number of issues. Please, upgrade your dependencies to the actual version of core-js@3.
[WARNING] npm WARN deprecated urix@0.1.0: Please see https://github.com/lydell/urix#deprecated
[WARNING] npm WARN deprecated resolve-url@0.2.1: https://github.com/lydell/resolve-url#deprecated
[WARNING] npm WARN deprecated circular-json@0.3.3: CircularJSON is in maintenance only, flatted is its successor.
[WARNING] npm WARN deprecated request@2.88.2: request has been deprecated, see https://github.com/request/request/issues/3142
[WARNING] npm WARN deprecated har-validator@5.1.5: this library is no longer supported
[WARNING] npm WARN deprecated core-js@1.2.7: core-js@<3 is no longer maintained and not recommended for usage due to the number of issues. Please, upgrade your dependencies to the actual version of core-js@3.
[WARNING] npm WARN deprecated chokidar@2.1.8: Chokidar 2 will break on node v14+. Upgrade to chokidar 3 with 15x less dependencies.
[WARNING] npm WARN prefer global node-gyp@3.8.0 should be installed with -g
[INFO] 
[INFO] > node-sass@4.5.2 install /tmp/tmpmn2m15d2/java-examples/react-redux-isomorphic-example/src/main/frontend/node_modules/node-sass
[INFO] > node scripts/install.js
[INFO] 
[INFO] Downloading binary from https://github.com/sass/node-sass/releases/download/v4.5.2/linux-x64-48_binding.node
[INFO] Download complete
[INFO] Binary saved to /tmp/tmpmn2m15d2/java-examples/react-redux-isomorphic-example/src/main/frontend/node_modules/node-sass/vendor/linux-x64-48/binding.node
[INFO] Caching binary to /home/jdbl/.npm/node-sass/4.5.2/linux-x64-48_binding.node
[INFO] 
[INFO] > core-js@2.6.11 postinstall /tmp/tmpmn2m15d2/java-examples/react-redux-isomorphic-example/src/main/frontend/node_modules/core-js
[INFO] > node -e "try{require('./postinstall')}catch(e){}"
[INFO] 
[INFO] 
[INFO] > node-sass@4.5.2 postinstall /tmp/tmpmn2m15d2/java-examples/react-redux-isomorphic-example/src/main/frontend/node_modules/node-sass
[INFO] > node scripts/build.js
[INFO] 
[INFO] Binary found at /tmp/tmpmn2m15d2/java-examples/react-redux-isomorphic-example/src/main/frontend/node_modules/node-sass/vendor/linux-x64-48/binding.node
[INFO] Testing binary
[INFO] Binary is fine
[INFO] java-react-redux-isomorphic-example@1.0.0 /tmp/tmpmn2m15d2/java-examples/react-redux-isomorphic-example/src/main/frontend
[INFO] ├─┬ autoprefixer@6.7.7 
[INFO] │ ├─┬ browserslist@1.7.7 
[INFO] │ │ └── electron-to-chromium@1.3.514 
[INFO] │ ├── caniuse-db@1.0.30001109 
[INFO] │ ├── normalize-range@0.1.2 
[INFO] │ ├── num2fraction@1.2.2 
[INFO] │ ├─┬ postcss@5.2.18 
[INFO] │ │ └── js-base64@2.6.3 
[INFO] │ └── postcss-value-parser@3.3.1 
[INFO] ├─┬ babel-cli@6.24.1 
[INFO] │ ├─┬ babel-core@6.26.3 
[INFO] │ │ ├─┬ babel-generator@6.26.1 
[INFO] │ │ │ ├─┬ detect-indent@4.0.0 
[INFO] │ │ │ │ └── repeating@2.0.1 
[INFO] │ │ │ ├── jsesc@1.3.0 
[INFO] │ │ │ ├── source-map@0.5.7 
[INFO] │ │ │ └── trim-right@1.0.1 
[INFO] │ │ ├── babel-helpers@6.24.1 
[INFO] │ │ ├── babel-messages@6.23.0 
[INFO] │ │ ├── json5@0.5.1 
[INFO] │ │ ├── private@0.1.8 
[INFO] │ │ └── source-map@0.5.7 
[INFO] │ ├─┬ babel-register@6.26.0 
[INFO] │ │ ├─┬ home-or-tmp@2.0.0 
[INFO] │ │ │ └── os-tmpdir@1.0.2 
[INFO] │ │ └── source-map-support@0.4.18 
[INFO] │ ├─┬ babel-runtime@6.26.0 
[INFO] │ │ └── regenerator-runtime@0.11.1 
[INFO] │ ├─┬ chokidar@1.7.0 
[INFO] │ │ ├─┬ anymatch@1.3.2 
[INFO] │ │ │ └─┬ normalize-path@2.1.1 
[INFO] │ │ │   └── remove-trailing-separator@1.1.0 
[INFO] │ │ ├── async-each@1.0.3 
[INFO] │ │ ├── glob-parent@2.0.0 
[INFO] │ │ ├── inherits@2.0.4 
[INFO] │ │ ├─┬ is-binary-path@1.0.1 
[WARNING] npm WARN optional SKIPPING OPTIONAL DEPENDENCY: fsevents@^1.0.0 (node_modules/chokidar/node_modules/fsevents):
[INFO] │ │ │ └── binary-extensions@1.13.1 
[WARNING] npm WARN notsup SKIPPING OPTIONAL DEPENDENCY: Unsupported platform for fsevents@1.2.13: wanted {"os":"darwin","arch":"any"} (current: {"os":"linux","arch":"x64"})
[INFO] │ │ ├─┬ is-glob@2.0.1 
[INFO] │ │ │ └── is-extglob@1.0.0 
[INFO] │ │ └─┬ readdirp@2.2.1 
[WARNING] npm WARN optional SKIPPING OPTIONAL DEPENDENCY: fsevents@~2.1.2 (node_modules/watchpack/node_modules/chokidar/node_modules/fsevents):
[WARNING] npm WARN notsup SKIPPING OPTIONAL DEPENDENCY: Unsupported platform for fsevents@2.1.3: wanted {"os":"darwin","arch":"any"} (current: {"os":"linux","arch":"x64"})
[WARNING] npm WARN optional SKIPPING OPTIONAL DEPENDENCY: fsevents@^1.2.7 (node_modules/watchpack-chokidar2/node_modules/chokidar/node_modules/fsevents):
[WARNING] npm WARN notsup SKIPPING OPTIONAL DEPENDENCY: Unsupported platform for fsevents@1.2.13: wanted {"os":"darwin","arch":"any"} (current: {"os":"linux","arch":"x64"})
[INFO] │ │   └─┬ micromatch@3.1.10 
[INFO] │ │     ├── arr-diff@4.0.0 
[INFO] │ │     ├── array-unique@0.3.2 
[INFO] │ │     ├─┬ braces@2.3.2 
[INFO] │ │     │ ├── extend-shallow@2.0.1 
[INFO] │ │     │ ├─┬ fill-range@4.0.0 
[INFO] │ │     │ │ ├── extend-shallow@2.0.1 
[INFO] │ │     │ │ ├─┬ is-number@3.0.0 
[INFO] │ │     │ │ │ └── kind-of@3.2.2 
[INFO] │ │     │ │ ├── repeat-string@1.6.1 
[INFO] │ │     │ │ └─┬ to-regex-range@2.1.1 
[INFO] │ │     │ │   └── is-number@3.0.0 
[INFO] │ │     │ ├── isobject@3.0.1 
[INFO] │ │     │ ├─┬ snapdragon-node@2.1.1 
[INFO] │ │     │ │ ├─┬ define-property@1.0.0 
[INFO] │ │     │ │ │ └─┬ is-descriptor@1.0.2 
[INFO] │ │     │ │ │   ├── is-accessor-descriptor@1.0.0 
[INFO] │ │     │ │ │   ├── is-data-descriptor@1.0.0 
[INFO] │ │     │ │ │   └── kind-of@6.0.3 
[INFO] │ │     │ │ ├── isobject@3.0.1 
[INFO] │ │     │ │ └── snapdragon-util@3.0.1 
[INFO] │ │     │ └── split-string@3.1.0 
[INFO] │ │     ├─┬ define-property@2.0.2 
[INFO] │ │     │ ├─┬ is-descriptor@1.0.2 
[INFO] │ │     │ │ ├── is-accessor-descriptor@1.0.0 
[INFO] │ │     │ │ ├── is-data-descriptor@1.0.0 
[INFO] │ │     │ │ └── kind-of@6.0.3 
[INFO] │ │     │ └── isobject@3.0.1 
[INFO] │ │     ├─┬ extend-shallow@3.0.2 
[INFO] │ │     │ ├── assign-symbols@1.0.0 
[INFO] │ │     │ └── is-extendable@1.0.1 
[INFO] │ │     ├─┬ extglob@2.0.4 
[INFO] │ │     │ ├─┬ define-property@1.0.0 
[INFO] │ │     │ │ └─┬ is-descriptor@1.0.2 
[INFO] │ │     │ │   ├── is-accessor-descriptor@1.0.0 
[INFO] │ │     │ │   └── is-data-descriptor@1.0.0 
[INFO] │ │     │ ├─┬ expand-brackets@2.1.4 
[INFO] │ │     │ │ ├─┬ define-property@0.2.5 
[INFO] │ │     │ │ │ └─┬ is-descriptor@0.1.6 
[INFO] │ │     │ │ │   ├─┬ is-accessor-descriptor@0.1.6 
[INFO] │ │     │ │ │   │ └── kind-of@3.2.2 
[INFO] │ │     │ │ │   ├─┬ is-data-descriptor@0.1.4 
[INFO] │ │     │ │ │   │ └── kind-of@3.2.2 
[INFO] │ │     │ │ │   └── kind-of@5.1.0 
[INFO] │ │     │ │ ├── extend-shallow@2.0.1 
[INFO] │ │     │ │ └── posix-character-classes@0.1.1 
[INFO] │ │     │ └── extend-shallow@2.0.1 
[INFO] │ │     ├─┬ fragment-cache@0.2.1 
[INFO] │ │     │ └── map-cache@0.2.2 
[INFO] │ │     ├── kind-of@6.0.3 
[INFO] │ │     ├─┬ nanomatch@1.2.13 
[INFO] │ │     │ ├── arr-diff@4.0.0 
[INFO] │ │     │ ├── array-unique@0.3.2 
[INFO] │ │     │ └── kind-of@6.0.3 
[INFO] │ │     ├─┬ object.pick@1.3.0 
[INFO] │ │     │ └── isobject@3.0.1 
[INFO] │ │     ├─┬ regex-not@1.0.2 
[INFO] │ │     │ └─┬ safe-regex@1.1.0 
[INFO] │ │     │   └── ret@0.1.15 
[INFO] │ │     ├─┬ snapdragon@0.8.2 
[INFO] │ │     │ ├─┬ base@0.11.2 
[INFO] │ │     │ │ ├─┬ cache-base@1.0.1 
[INFO] │ │     │ │ │ ├─┬ collection-visit@1.0.0 
[INFO] │ │     │ │ │ │ ├── map-visit@1.0.0 
[INFO] │ │     │ │ │ │ └─┬ object-visit@1.0.1 
[INFO] │ │     │ │ │ │   └── isobject@3.0.1 
[INFO] │ │     │ │ │ ├── get-value@2.0.6 
[INFO] │ │     │ │ │ ├─┬ has-value@1.0.0 
[INFO] │ │     │ │ │ │ ├─┬ has-values@1.0.0 
[INFO] │ │     │ │ │ │ │ ├─┬ is-number@3.0.0 
[INFO] │ │     │ │ │ │ │ │ └── kind-of@3.2.2 
[INFO] │ │     │ │ │ │ │ └── kind-of@4.0.0 
[INFO] │ │     │ │ │ │ └── isobject@3.0.1 
[INFO] │ │     │ │ │ ├── isobject@3.0.1 
[INFO] │ │     │ │ │ ├─┬ set-value@2.0.1 
[INFO] │ │     │ │ │ │ └── extend-shallow@2.0.1 
[INFO] │ │     │ │ │ ├── to-object-path@0.3.0 
[INFO] │ │     │ │ │ ├── union-value@1.0.1 
[INFO] │ │     │ │ │ └─┬ unset-value@1.0.0 
[INFO] │ │     │ │ │   ├─┬ has-value@0.3.1 
[INFO] │ │     │ │ │   │ ├── has-values@0.1.4 
[INFO] │ │     │ │ │   │ └── isobject@2.1.0 
[INFO] │ │     │ │ │   └── isobject@3.0.1 
[INFO] │ │     │ │ ├─┬ class-utils@0.3.6 
[INFO] │ │     │ │ │ ├── arr-union@3.1.0 
[INFO] │ │     │ │ │ ├── define-property@0.2.5 
[INFO] │ │     │ │ │ ├── isobject@3.0.1 
[INFO] │ │     │ │ │ └─┬ static-extend@0.1.2 
[INFO] │ │     │ │ │   ├── define-property@0.2.5 
[INFO] │ │     │ │ │   └─┬ object-copy@0.1.0 
[INFO] │ │     │ │ │     ├── copy-descriptor@0.1.1 
[INFO] │ │     │ │ │     └── define-property@0.2.5 
[INFO] │ │     │ │ ├─┬ define-property@1.0.0 
[INFO] │ │     │ │ │ └─┬ is-descriptor@1.0.2 
[INFO] │ │     │ │ │   ├── is-accessor-descriptor@1.0.0 
[INFO] │ │     │ │ │   ├── is-data-descriptor@1.0.0 
[INFO] │ │     │ │ │   └── kind-of@6.0.3 
[INFO] │ │     │ │ ├── isobject@3.0.1 
[INFO] │ │     │ │ ├─┬ mixin-deep@1.3.2 
[INFO] │ │     │ │ │ └── is-extendable@1.0.1 
[INFO] │ │     │ │ └── pascalcase@0.1.1 
[INFO] │ │     │ ├─┬ define-property@0.2.5 
[INFO] │ │     │ │ └─┬ is-descriptor@0.1.6 
[INFO] │ │     │ │   ├── is-accessor-descriptor@0.1.6 
[INFO] │ │     │ │   ├── is-data-descriptor@0.1.4 
[INFO] │ │     │ │   └── kind-of@5.1.0 
[INFO] │ │     │ ├── extend-shallow@2.0.1 
[INFO] │ │     │ ├─┬ source-map-resolve@0.5.3 
[INFO] │ │     │ │ ├── atob@2.1.2 
[INFO] │ │     │ │ ├── decode-uri-component@0.2.0 
[INFO] │ │     │ │ ├── resolve-url@0.2.1 
[INFO] │ │     │ │ ├── source-map-url@0.4.0 
[INFO] │ │     │ │ └── urix@0.1.0 
[INFO] │ │     │ └── use@3.1.1 
[INFO] │ │     └── to-regex@3.0.2 
[INFO] │ ├── commander@2.20.3 
[INFO] │ ├─┬ convert-source-map@1.7.0 
[INFO] │ │ └── safe-buffer@5.1.2 
[INFO] │ ├── fs-readdir-recursive@1.1.0 
[INFO] │ ├─┬ glob@7.1.6 
[INFO] │ │ ├── fs.realpath@1.0.0 
[INFO] │ │ ├─┬ inflight@1.0.6 
[INFO] │ │ │ └── wrappy@1.0.2 
[INFO] │ │ └── once@1.4.0 
[INFO] │ ├── lodash@4.17.19 
[INFO] │ ├── output-file-sync@1.1.2 
[INFO] │ ├── path-is-absolute@1.0.1 
[INFO] │ ├── slash@1.0.0 
[INFO] │ └─┬ v8flags@2.1.1 
[INFO] │   └── user-home@1.1.1 
[INFO] ├─┬ babel-eslint@7.2.1 
[INFO] │ ├─┬ babel-code-frame@6.26.0 
[INFO] │ │ └── js-tokens@3.0.2 
[INFO] │ ├── babel-traverse@6.26.0 
[INFO] │ ├─┬ babel-types@6.26.0 
[INFO] │ │ └── to-fast-properties@1.0.3 
[INFO] │ └── babylon@6.18.0 
[INFO] ├─┬ babel-loader@6.4.1 
[INFO] │ ├─┬ find-cache-dir@0.1.1 
[INFO] │ │ ├── commondir@1.0.1 
[INFO] │ │ └─┬ pkg-dir@1.0.0 
[INFO] │ │   └─┬ find-up@1.1.2 
[INFO] │ │     └── path-exists@2.1.0 
[INFO] │ ├─┬ loader-utils@0.2.17 
[INFO] │ │ ├── big.js@3.2.0 
[INFO] │ │ └── emojis-list@2.1.0 
[INFO] │ ├─┬ mkdirp@0.5.5 
[INFO] │ │ └── minimist@1.2.5 
[INFO] │ └── object-assign@4.1.1 
[INFO] ├── babel-plugin-syntax-dynamic-import@6.18.0 
[INFO] ├─┬ babel-polyfill@6.23.0 
[INFO] │ ├── core-js@2.6.11 
[INFO] │ └── regenerator-runtime@0.10.5 
[INFO] ├─┬ babel-preset-es2015@6.24.1 
[INFO] │ ├── babel-plugin-check-es2015-constants@6.22.0 
[INFO] │ ├── babel-plugin-transform-es2015-arrow-functions@6.22.0 
[INFO] │ ├── babel-plugin-transform-es2015-block-scoped-functions@6.22.0 
[INFO] │ ├── babel-plugin-transform-es2015-block-scoping@6.26.0 
[INFO] │ ├─┬ babel-plugin-transform-es2015-classes@6.24.1 
[INFO] │ │ ├── babel-helper-define-map@6.26.0 
[INFO] │ │ ├── babel-helper-function-name@6.24.1 
[INFO] │ │ ├── babel-helper-optimise-call-expression@6.24.1 
[INFO] │ │ └── babel-helper-replace-supers@6.24.1 
[INFO] │ ├── babel-plugin-transform-es2015-computed-properties@6.24.1 
[INFO] │ ├── babel-plugin-transform-es2015-destructuring@6.23.0 
[INFO] │ ├── babel-plugin-transform-es2015-duplicate-keys@6.24.1 
[INFO] │ ├── babel-plugin-transform-es2015-for-of@6.23.0 
[INFO] │ ├── babel-plugin-transform-es2015-function-name@6.24.1 
[INFO] │ ├── babel-plugin-transform-es2015-literals@6.22.0 
[INFO] │ ├── babel-plugin-transform-es2015-modules-amd@6.24.1 
[INFO] │ ├─┬ babel-plugin-transform-es2015-modules-commonjs@6.26.2 
[INFO] │ │ └── babel-plugin-transform-strict-mode@6.24.1 
[INFO] │ ├─┬ babel-plugin-transform-es2015-modules-systemjs@6.24.1 
[INFO] │ │ └── babel-helper-hoist-variables@6.24.1 
[INFO] │ ├── babel-plugin-transform-es2015-modules-umd@6.24.1 
[INFO] │ ├── babel-plugin-transform-es2015-object-super@6.24.1 
[INFO] │ ├─┬ babel-plugin-transform-es2015-parameters@6.24.1 
[INFO] │ │ ├── babel-helper-call-delegate@6.24.1 
[INFO] │ │ └── babel-helper-get-function-arity@6.24.1 
[INFO] │ ├── babel-plugin-transform-es2015-shorthand-properties@6.24.1 
[INFO] │ ├── babel-plugin-transform-es2015-spread@6.22.0 
[INFO] │ ├─┬ babel-plugin-transform-es2015-sticky-regex@6.24.1 
[INFO] │ │ └── babel-helper-regex@6.26.0 
[INFO] │ ├── babel-plugin-transform-es2015-template-literals@6.22.0 
[INFO] │ ├── babel-plugin-transform-es2015-typeof-symbol@6.23.0 
[INFO] │ ├─┬ babel-plugin-transform-es2015-unicode-regex@6.24.1 
[INFO] │ │ └─┬ regexpu-core@2.0.0 
[INFO] │ │   ├── regenerate@1.4.1 
[INFO] │ │   ├── regjsgen@0.2.0 
[INFO] │ │   └─┬ regjsparser@0.1.5 
[INFO] │ │     └── jsesc@0.5.0 
[INFO] │ └─┬ babel-plugin-transform-regenerator@6.26.0 
[INFO] │   └── regenerator-transform@0.10.1 
[INFO] ├─┬ babel-preset-react@6.24.1 
[INFO] │ ├── babel-plugin-syntax-jsx@6.18.0 
[INFO] │ ├── babel-plugin-transform-react-display-name@6.25.0 
[INFO] │ ├─┬ babel-plugin-transform-react-jsx@6.24.1 
[INFO] │ │ └── babel-helper-builder-react-jsx@6.26.0 
[INFO] │ ├── babel-plugin-transform-react-jsx-self@6.22.0 
[INFO] │ ├── babel-plugin-transform-react-jsx-source@6.22.0 
[INFO] │ └─┬ babel-preset-flow@6.23.0 
[INFO] │   └─┬ babel-plugin-transform-flow-strip-types@6.22.0 
[INFO] │     └── babel-plugin-syntax-flow@6.18.0 
[INFO] ├─┬ babel-preset-stage-1@6.24.1 
[INFO] │ ├─┬ babel-plugin-transform-class-constructor-call@6.24.1 
[INFO] │ │ └── babel-plugin-syntax-class-constructor-call@6.18.0 
[INFO] │ ├─┬ babel-plugin-transform-export-extensions@6.22.0 
[INFO] │ │ └── babel-plugin-syntax-export-extensions@6.13.0 
[INFO] │ └─┬ babel-preset-stage-2@6.24.1 
[INFO] │   ├─┬ babel-plugin-transform-class-properties@6.24.1 
[INFO] │   │ └── babel-plugin-syntax-class-properties@6.13.0 
[INFO] │   ├─┬ babel-plugin-transform-decorators@6.24.1 
[INFO] │   │ ├─┬ babel-helper-explode-class@6.24.1 
[INFO] │   │ │ └── babel-helper-bindify-decorators@6.24.1 
[INFO] │   │ └── babel-plugin-syntax-decorators@6.13.0 
[INFO] │   └─┬ babel-preset-stage-3@6.24.1 
[INFO] │     ├── babel-plugin-syntax-trailing-function-commas@6.22.0 
[INFO] │     ├─┬ babel-plugin-transform-async-generator-functions@6.24.1 
[INFO] │     │ ├── babel-helper-remap-async-to-generator@6.24.1 
[INFO] │     │ └── babel-plugin-syntax-async-generators@6.13.0 
[INFO] │     ├─┬ babel-plugin-transform-async-to-generator@6.24.1 
[INFO] │     │ └── babel-plugin-syntax-async-functions@6.13.0 
[INFO] │     ├─┬ babel-plugin-transform-exponentiation-operator@6.24.1 
[INFO] │     │ ├─┬ babel-helper-builder-binary-assignment-operator-visitor@6.24.1 
[INFO] │     │ │ └── babel-helper-explode-assignable-expression@6.24.1 
[INFO] │     │ └── babel-plugin-syntax-exponentiation-operator@6.13.0 
[INFO] │     └─┬ babel-plugin-transform-object-rest-spread@6.26.0 
[INFO] │       └── babel-plugin-syntax-object-rest-spread@6.13.0 
[INFO] ├─┬ concurrently@3.4.0 
[INFO] │ ├─┬ chalk@0.5.1 
[INFO] │ │ ├── ansi-styles@1.1.0 
[INFO] │ │ ├── escape-string-regexp@1.0.5 
[INFO] │ │ ├─┬ has-ansi@0.1.0 
[INFO] │ │ │ └── ansi-regex@0.2.1 
[INFO] │ │ ├── strip-ansi@0.3.0 
[INFO] │ │ └── supports-color@0.2.0 
[INFO] │ ├── commander@2.6.0 
[INFO] │ ├── date-fns@1.30.1 
[INFO] │ ├── rx@2.3.24 
[INFO] │ ├── spawn-command@0.0.2-1 
[INFO] │ ├─┬ supports-color@3.2.3 
[INFO] │ │ └── has-flag@1.0.0 
[INFO] │ └── tree-kill@1.2.2 
[INFO] ├─┬ copy-webpack-plugin@4.0.1 
[INFO] │ ├── bluebird@2.11.0 
[INFO] │ ├─┬ fs-extra@0.26.7 
[INFO] │ │ ├── jsonfile@2.4.0 
[INFO] │ │ ├── klaw@1.3.1 
[INFO] │ │ └── rimraf@2.7.1 
[INFO] │ ├── glob@6.0.4 
[INFO] │ ├─┬ is-glob@3.1.0 
[INFO] │ │ └── is-extglob@2.1.1 
[INFO] │ ├─┬ minimatch@3.0.4 
[INFO] │ │ └─┬ brace-expansion@1.1.11 
[INFO] │ │   ├── balanced-match@1.0.0 
[INFO] │ │   └── concat-map@0.0.1 
[INFO] │ └── node-dir@0.1.17 
[INFO] ├─┬ cross-env@4.0.0 
[INFO] │ ├─┬ cross-spawn@5.1.0 
[INFO] │ │ ├─┬ lru-cache@4.1.5 
[INFO] │ │ │ ├── pseudomap@1.0.2 
[INFO] │ │ │ └── yallist@2.1.2 
[INFO] │ │ ├─┬ shebang-command@1.2.0 
[INFO] │ │ │ └── shebang-regex@1.0.0 
[INFO] │ │ └─┬ which@1.3.1 
[INFO] │ │   └── isexe@2.0.0 
[INFO] │ └── is-windows@1.0.2 
[INFO] ├─┬ css-loader@0.28.0 
[INFO] │ ├─┬ css-selector-tokenizer@0.7.3 
[INFO] │ │ ├── cssesc@3.0.0 
[INFO] │ │ └── fastparse@1.1.2 
[INFO] │ ├─┬ cssnano@3.10.0 
[INFO] │ │ ├── decamelize@1.2.0 
[INFO] │ │ ├── defined@1.0.0 
[INFO] │ │ ├─┬ postcss-calc@5.3.1 
[INFO] │ │ │ ├── postcss-message-helpers@2.0.0 
[INFO] │ │ │ └─┬ reduce-css-calc@1.3.0 
[INFO] │ │ │   ├── balanced-match@0.4.2 
[INFO] │ │ │   ├── math-expression-evaluator@1.2.22 
[INFO] │ │ │   └── reduce-function-call@1.0.3 
[INFO] │ │ ├─┬ postcss-colormin@2.2.2 
[INFO] │ │ │ └─┬ colormin@1.1.2 
[INFO] │ │ │   ├─┬ color@0.11.4 
[INFO] │ │ │   │ ├── clone@1.0.4 
[INFO] │ │ │   │ ├─┬ color-convert@1.9.3 
[INFO] │ │ │   │ │ └── color-name@1.1.3 
[INFO] │ │ │   │ └── color-string@0.3.0 
[INFO] │ │ │   └── css-color-names@0.0.4 
[INFO] │ │ ├── postcss-convert-values@2.6.1 
[INFO] │ │ ├── postcss-discard-comments@2.0.4 
[INFO] │ │ ├── postcss-discard-duplicates@2.1.0 
[INFO] │ │ ├── postcss-discard-empty@2.1.0 
[INFO] │ │ ├── postcss-discard-overridden@0.1.1 
[INFO] │ │ ├─┬ postcss-discard-unused@2.2.3 
[INFO] │ │ │ └── uniqs@2.0.0 
[INFO] │ │ ├── postcss-filter-plugins@2.0.3 
[INFO] │ │ ├── postcss-merge-idents@2.1.7 
[INFO] │ │ ├── postcss-merge-longhand@2.0.2 
[INFO] │ │ ├─┬ postcss-merge-rules@2.1.2 
[INFO] │ │ │ ├─┬ caniuse-api@1.6.1 
[INFO] │ │ │ │ ├── lodash.memoize@4.1.2 
[INFO] │ │ │ │ └── lodash.uniq@4.5.0 
[INFO] │ │ │ ├─┬ postcss-selector-parser@2.2.3 
[INFO] │ │ │ │ ├── flatten@1.0.3 
[INFO] │ │ │ │ ├── indexes-of@1.0.1 
[INFO] │ │ │ │ └── uniq@1.0.1 
[INFO] │ │ │ └── vendors@1.0.4 
[INFO] │ │ ├── postcss-minify-font-values@1.0.5 
[INFO] │ │ ├── postcss-minify-gradients@1.0.5 
[INFO] │ │ ├─┬ postcss-minify-params@1.2.2 
[INFO] │ │ │ └── alphanum-sort@1.0.2 
[INFO] │ │ ├── postcss-minify-selectors@2.1.1 
[INFO] │ │ ├── postcss-normalize-charset@1.1.1 
[INFO] │ │ ├─┬ postcss-normalize-url@3.0.8 
[INFO] │ │ │ ├── is-absolute-url@2.1.0 
[INFO] │ │ │ └─┬ normalize-url@1.9.1 
[INFO] │ │ │   ├── prepend-http@1.0.4 
[INFO] │ │ │   └─┬ sort-keys@1.1.2 
[INFO] │ │ │     └── is-plain-obj@1.1.0 
[INFO] │ │ ├── postcss-ordered-values@2.2.3 
[INFO] │ │ ├── postcss-reduce-idents@2.4.0 
[INFO] │ │ ├── postcss-reduce-initial@1.0.1 
[INFO] │ │ ├── postcss-reduce-transforms@1.0.4 
[INFO] │ │ ├─┬ postcss-svgo@2.1.6 
[INFO] │ │ │ ├─┬ is-svg@2.1.0 
[INFO] │ │ │ │ └── html-comment-regex@1.1.2 
[INFO] │ │ │ └─┬ svgo@0.7.2 
[INFO] │ │ │   ├─┬ coa@1.0.4 
[INFO] │ │ │   │ └── q@1.5.1 
[INFO] │ │ │   ├── colors@1.1.2 
[INFO] │ │ │   ├─┬ csso@2.3.2 
[INFO] │ │ │   │ └── clap@1.2.3 
[INFO] │ │ │   ├── sax@1.2.4 
[INFO] │ │ │   └── whet.extend@0.9.9 
[INFO] │ │ ├── postcss-unique-selectors@2.0.2 
[INFO] │ │ └── postcss-zindex@2.2.0 
[INFO] │ ├─┬ loader-utils@1.4.0 
[INFO] │ │ ├── big.js@5.2.2 
[INFO] │ │ ├── emojis-list@3.0.0 
[INFO] │ │ └── json5@1.0.1 
[INFO] │ ├── lodash.camelcase@4.3.0 
[INFO] │ ├─┬ postcss-modules-extract-imports@1.2.1 
[INFO] │ │ └─┬ postcss@6.0.23 
[INFO] │ │   ├─┬ chalk@2.4.2 
[INFO] │ │   │ └── ansi-styles@3.2.1 
[INFO] │ │   ├── source-map@0.6.1 
[INFO] │ │   └─┬ supports-color@5.5.0 
[INFO] │ │     └── has-flag@3.0.0 
[INFO] │ ├─┬ postcss-modules-local-by-default@1.2.0 
[INFO] │ │ └─┬ postcss@6.0.23 
[INFO] │ │   ├─┬ chalk@2.4.2 
[INFO] │ │   │ └── ansi-styles@3.2.1 
[INFO] │ │   ├── source-map@0.6.1 
[INFO] │ │   └─┬ supports-color@5.5.0 
[INFO] │ │     └── has-flag@3.0.0 
[INFO] │ ├─┬ postcss-modules-scope@1.1.0 
[INFO] │ │ └─┬ postcss@6.0.23 
[INFO] │ │   ├─┬ chalk@2.4.2 
[INFO] │ │   │ └── ansi-styles@3.2.1 
[INFO] │ │   ├── source-map@0.6.1 
[INFO] │ │   └─┬ supports-color@5.5.0 
[INFO] │ │     └── has-flag@3.0.0 
[INFO] │ ├─┬ postcss-modules-values@1.3.0 
[INFO] │ │ ├── icss-replace-symbols@1.1.0 
[INFO] │ │ └─┬ postcss@6.0.23 
[INFO] │ │   ├─┬ chalk@2.4.2 
[INFO] │ │   │ └── ansi-styles@3.2.1 
[INFO] │ │   ├── source-map@0.6.1 
[INFO] │ │   └─┬ supports-color@5.5.0 
[INFO] │ │     └── has-flag@3.0.0 
[INFO] │ └── source-list-map@0.1.8 
[INFO] ├── es6-promise@4.1.0 
[INFO] ├─┬ eslint@3.19.0 
[INFO] │ ├─┬ chalk@1.1.3 
[INFO] │ │ ├── ansi-styles@2.2.1 
[INFO] │ │ ├── has-ansi@2.0.0 
[INFO] │ │ └── supports-color@2.0.0 
[INFO] │ ├─┬ concat-stream@1.6.2 
[INFO] │ │ ├── buffer-from@1.1.1 
[INFO] │ │ └── typedarray@0.0.6 
[INFO] │ ├─┬ debug@2.6.9 
[INFO] │ │ └── ms@2.0.0 
[INFO] │ ├── doctrine@2.1.0 
[INFO] │ ├─┬ escope@3.6.0 
[INFO] │ │ ├─┬ es6-map@0.1.5 
[INFO] │ │ │ ├─┬ d@1.0.1 
[INFO] │ │ │ │ └── type@1.2.0 
[INFO] │ │ │ ├─┬ es5-ext@0.10.53 
[INFO] │ │ │ │ └── next-tick@1.0.0 
[INFO] │ │ │ ├── es6-iterator@2.0.3 
[INFO] │ │ │ ├─┬ es6-set@0.1.5 
[INFO] │ │ │ │ └── es6-symbol@3.1.1 
[INFO] │ │ │ ├─┬ es6-symbol@3.1.3 
[INFO] │ │ │ │ └─┬ ext@1.4.0 
[INFO] │ │ │ │   └── type@2.0.0 
[INFO] │ │ │ └── event-emitter@0.3.5 
[INFO] │ │ ├── es6-weak-map@2.0.3 
[INFO] │ │ └── esrecurse@4.2.1 
[INFO] │ ├─┬ espree@3.5.4 
[INFO] │ │ ├── acorn@5.7.4 
[INFO] │ │ └─┬ acorn-jsx@3.0.1 
[INFO] │ │   └── acorn@3.3.0 
[INFO] │ ├─┬ esquery@1.3.1 
[INFO] │ │ └── estraverse@5.1.0 
[INFO] │ ├── estraverse@4.3.0 
[INFO] │ ├── esutils@2.0.3 
[INFO] │ ├─┬ file-entry-cache@2.0.0 
[INFO] │ │ └─┬ flat-cache@1.3.4 
[INFO] │ │   ├── circular-json@0.3.3 
[INFO] │ │   ├── rimraf@2.6.3 
[INFO] │ │   └── write@0.2.1 
[INFO] │ ├── globals@9.18.0 
[INFO] │ ├── ignore@3.3.10 
[INFO] │ ├── imurmurhash@0.1.4 
[INFO] │ ├─┬ inquirer@0.12.0 
[INFO] │ │ ├── ansi-escapes@1.4.0 
[INFO] │ │ ├── ansi-regex@2.1.1 
[INFO] │ │ ├─┬ cli-cursor@1.0.2 
[INFO] │ │ │ └─┬ restore-cursor@1.0.1 
[INFO] │ │ │   ├── exit-hook@1.1.1 
[INFO] │ │ │   └── onetime@1.1.0 
[INFO] │ │ ├── cli-width@2.2.1 
[INFO] │ │ ├── figures@1.7.0 
[INFO] │ │ ├─┬ readline2@1.0.1 
[INFO] │ │ │ ├── code-point-at@1.1.0 
[INFO] │ │ │ ├─┬ is-fullwidth-code-point@1.0.0 
[INFO] │ │ │ │ └── number-is-nan@1.0.1 
[INFO] │ │ │ └── mute-stream@0.0.5 
[INFO] │ │ ├── run-async@0.1.0 
[INFO] │ │ ├── rx-lite@3.1.2 
[INFO] │ │ ├── string-width@1.0.2 
[INFO] │ │ └── through@2.3.8 
[INFO] │ ├─┬ is-my-json-valid@2.20.5 
[INFO] │ │ ├─┬ generate-function@2.3.1 
[INFO] │ │ │ └── is-property@1.0.2 
[INFO] │ │ ├── generate-object-property@1.2.0 
[INFO] │ │ ├── is-my-ip-valid@1.0.0 
[INFO] │ │ ├── jsonpointer@4.1.0 
[INFO] │ │ └── xtend@4.0.2 
[INFO] │ ├── is-resolvable@1.1.0 
[INFO] │ ├─┬ js-yaml@3.7.0 
[INFO] │ │ ├─┬ argparse@1.0.10 
[INFO] │ │ │ └── sprintf-js@1.0.3 
[INFO] │ │ └── esprima@2.7.3 
[INFO] │ ├─┬ json-stable-stringify@1.0.1 
[INFO] │ │ └── jsonify@0.0.0 
[INFO] │ ├─┬ levn@0.3.0 
[INFO] │ │ ├── prelude-ls@1.1.2 
[INFO] │ │ └── type-check@0.3.2 
[INFO] │ ├── natural-compare@1.4.0 
[INFO] │ ├─┬ optionator@0.8.3 
[INFO] │ │ ├── deep-is@0.1.3 
[INFO] │ │ ├── fast-levenshtein@2.0.6 
[INFO] │ │ └── word-wrap@1.2.3 
[INFO] │ ├── path-is-inside@1.0.2 
[INFO] │ ├── pluralize@1.2.1 
[INFO] │ ├── progress@1.1.8 
[INFO] │ ├─┬ require-uncached@1.0.3 
[INFO] │ │ ├─┬ caller-path@0.1.0 
[INFO] │ │ │ └── callsites@0.2.0 
[INFO] │ │ └── resolve-from@1.0.1 
[INFO] │ ├─┬ shelljs@0.7.8 
[INFO] │ │ └─┬ rechoir@0.6.2 
[INFO] │ │   └─┬ resolve@1.17.0 
[INFO] │ │     └── path-parse@1.0.6 
[INFO] │ ├── strip-bom@3.0.0 
[INFO] │ ├── strip-json-comments@2.0.1 
[INFO] │ ├─┬ table@3.8.3 
[INFO] │ │ ├── slice-ansi@0.0.4 
[INFO] │ │ └─┬ string-width@2.1.1 
[INFO] │ │   ├── is-fullwidth-code-point@2.0.0 
[INFO] │ │   └─┬ strip-ansi@4.0.0 
[INFO] │ │     └── ansi-regex@3.0.0 
[INFO] │ ├── text-table@0.2.0 
[INFO] │ └─┬ user-home@2.0.0 
[INFO] │   └── os-homedir@1.0.2 
[INFO] ├─┬ eslint-plugin-react@6.10.3 
[INFO] │ ├─┬ array.prototype.find@2.1.1 
[INFO] │ │ ├── define-properties@1.1.3 
[INFO] │ │ └─┬ es-abstract@1.17.6 
[INFO] │ │   ├─┬ es-to-primitive@1.2.1 
[INFO] │ │   │ ├── is-date-object@1.0.2 
[INFO] │ │   │ └── is-symbol@1.0.3 
[INFO] │ │   ├── is-callable@1.2.0 
[INFO] │ │   ├── is-regex@1.1.0 
[INFO] │ │   ├── object-inspect@1.8.0 
[INFO] │ │   ├── string.prototype.trimend@1.0.1 
[INFO] │ │   └── string.prototype.trimstart@1.0.1 
[INFO] │ ├─┬ doctrine@1.5.0 
[INFO] │ │ └── isarray@1.0.0 
[INFO] │ ├─┬ has@1.0.3 
[INFO] │ │ └── function-bind@1.1.1 
[INFO] │ ├── jsx-ast-utils@1.4.1 
[INFO] │ └─┬ object.assign@4.1.0 
[INFO] │   ├── has-symbols@1.0.1 
[INFO] │   └── object-keys@1.1.1 
[INFO] ├─┬ extract-text-webpack-plugin@2.1.0 
[INFO] │ ├─┬ ajv@4.11.8 
[INFO] │ │ └── co@4.6.0 
[INFO] │ ├── async@2.6.3 
[INFO] │ ├─┬ loader-utils@1.4.0 
[INFO] │ │ ├── big.js@5.2.2 
[INFO] │ │ ├── emojis-list@3.0.0 
[INFO] │ │ └── json5@1.0.1 
[INFO] │ └── webpack-sources@0.1.5 
[INFO] ├─┬ file-loader@0.11.1 
[INFO] │ └─┬ loader-utils@1.4.0 
[INFO] │   ├── big.js@5.2.2 
[INFO] │   ├── emojis-list@3.0.0 
[INFO] │   └── json5@1.0.1 
[INFO] ├─┬ history@3.2.1 
[INFO] │ ├── invariant@2.2.4 
[INFO] │ ├── loose-envify@1.4.0 
[INFO] │ ├─┬ query-string@4.3.4 
[INFO] │ │ └── strict-uri-encode@1.1.0 
[INFO] │ └── warning@3.0.0 
[INFO] ├─┬ imports-loader@0.7.1 
[INFO] │ └─┬ loader-utils@1.4.0 
[INFO] │   ├── big.js@5.2.2 
[INFO] │   ├── emojis-list@3.0.0 
[INFO] │   └── json5@1.0.1 
[INFO] ├─┬ less@2.7.2 
[INFO] │ ├─┬ errno@0.1.7 
[INFO] │ │ └── prr@1.0.1 
[INFO] │ ├── graceful-fs@4.2.4 
[INFO] │ ├── image-size@0.5.5 
[INFO] │ ├── mime@1.6.0 
[INFO] │ ├─┬ promise@7.3.1 
[INFO] │ │ └── asap@2.0.6 
[INFO] │ └─┬ request@2.88.2 
[INFO] │   ├── aws-sign2@0.7.0 
[INFO] │   ├── aws4@1.10.0 
[INFO] │   ├── caseless@0.12.0 
[INFO] │   ├─┬ combined-stream@1.0.8 
[INFO] │   │ └── delayed-stream@1.0.0 
[INFO] │   ├── forever-agent@0.6.1 
[INFO] │   ├─┬ har-validator@5.1.5 
[INFO] │   │ ├─┬ ajv@6.12.3 
[INFO] │   │ │ ├── fast-deep-equal@3.1.3 
[INFO] │   │ │ ├── fast-json-stable-stringify@2.1.0 
[INFO] │   │ │ ├── json-schema-traverse@0.4.1 
[INFO] │   │ │ └── uri-js@4.2.2 
[INFO] │   │ └── har-schema@2.0.0 
[INFO] │   ├─┬ http-signature@1.2.0 
[INFO] │   │ ├── assert-plus@1.0.0 
[INFO] │   │ ├─┬ jsprim@1.4.1 
[INFO] │   │ │ ├── extsprintf@1.3.0 
[INFO] │   │ │ ├── json-schema@0.2.3 
[INFO] │   │ │ └── verror@1.10.0 
[INFO] │   │ └─┬ sshpk@1.16.1 
[INFO] │   │   ├── asn1@0.2.4 
[INFO] │   │   ├── bcrypt-pbkdf@1.0.2 
[INFO] │   │   ├── dashdash@1.14.1 
[INFO] │   │   ├── ecc-jsbn@0.1.2 
[INFO] │   │   ├── getpass@0.1.7 
[INFO] │   │   ├── jsbn@0.1.1 
[INFO] │   │   ├── safer-buffer@2.1.2 
[INFO] │   │   └── tweetnacl@0.14.5 
[INFO] │   ├── is-typedarray@1.0.0 
[INFO] │   ├── isstream@0.1.2 
[INFO] │   ├── json-stringify-safe@5.0.1 
[INFO] │   ├─┬ mime-types@2.1.27 
[INFO] │   │ └── mime-db@1.44.0 
[INFO] │   ├── oauth-sign@0.9.0 
[INFO] │   ├── performance-now@2.1.0 
[INFO] │   ├─┬ tough-cookie@2.5.0 
[INFO] │   │ ├── psl@1.8.0 
[INFO] │   │ └── punycode@2.1.1 
[INFO] │   ├── tunnel-agent@0.6.0 
[INFO] │   └── uuid@3.4.0 
[INFO] ├─┬ less-loader@4.0.3 
[INFO] │ ├── clone@2.1.2 
[INFO] │ ├─┬ loader-utils@1.4.0 
[INFO] │ │ ├── big.js@5.2.2 
[INFO] │ │ ├── emojis-list@3.0.0 
[INFO] │ │ └── json5@1.0.1 
[INFO] │ └── pify@2.3.0 
[INFO] ├─┬ milligram@1.3.0 
[INFO] │ └── normalize.css@5.0.0 
[INFO] ├─┬ node-sass@4.5.2 
[INFO] │ ├── async-foreach@0.1.3 
[INFO] │ ├── cross-spawn@3.0.1 
[INFO] │ ├─┬ gaze@1.1.3 
[INFO] │ │ └── globule@1.3.2 
[INFO] │ ├── get-stdin@4.0.1 
[INFO] │ ├── in-publish@2.0.1 
[INFO] │ ├── lodash.assign@4.2.0 
[INFO] │ ├── lodash.clonedeep@4.5.0 
[INFO] │ ├── lodash.mergewith@4.6.2 
[INFO] │ ├─┬ meow@3.7.0 
[INFO] │ │ ├─┬ camelcase-keys@2.1.0 
[INFO] │ │ │ └── camelcase@2.1.1 
[INFO] │ │ ├─┬ loud-rejection@1.6.0 
[INFO] │ │ │ ├─┬ currently-unhandled@0.4.1 
[INFO] │ │ │ │ └── array-find-index@1.0.2 
[INFO] │ │ │ └── signal-exit@3.0.3 
[INFO] │ │ ├── map-obj@1.0.1 
[INFO] │ │ ├─┬ normalize-package-data@2.5.0 
[INFO] │ │ │ ├── hosted-git-info@2.8.8 
[INFO] │ │ │ ├── semver@5.7.1 
[INFO] │ │ │ └─┬ validate-npm-package-license@3.0.4 
[INFO] │ │ │   ├─┬ spdx-correct@3.1.1 
[INFO] │ │ │   │ └── spdx-license-ids@3.0.5 
[INFO] │ │ │   └─┬ spdx-expression-parse@3.0.1 
[INFO] │ │ │     └── spdx-exceptions@2.3.0 
[INFO] │ │ ├─┬ read-pkg-up@1.0.1 
[INFO] │ │ │ └─┬ read-pkg@1.1.0 
[INFO] │ │ │   ├─┬ load-json-file@1.1.0 
[INFO] │ │ │   │ └─┬ strip-bom@2.0.0 
[INFO] │ │ │   │   └── is-utf8@0.2.1 
[INFO] │ │ │   └── path-type@1.1.0 
[INFO] │ │ ├─┬ redent@1.0.0 
[INFO] │ │ │ ├── indent-string@2.1.0 
[INFO] │ │ │ └── strip-indent@1.0.1 
[INFO] │ │ └── trim-newlines@1.0.0 
[INFO] │ ├── nan@2.14.1 
[INFO] │ ├─┬ node-gyp@3.8.0 
[INFO] │ │ ├── fstream@1.0.12 
[INFO] │ │ ├─┬ nopt@3.0.6 
[INFO] │ │ │ └── abbrev@1.1.1 
[INFO] │ │ ├── osenv@0.1.5 
[INFO] │ │ ├── semver@5.3.0 
[INFO] │ │ └─┬ tar@2.2.2 
[INFO] │ │   └── block-stream@0.0.9 
[INFO] │ ├─┬ npmlog@4.1.2 
[INFO] │ │ ├─┬ are-we-there-yet@1.1.5 
[INFO] │ │ │ └── delegates@1.0.0 
[INFO] │ │ ├── console-control-strings@1.1.0 
[INFO] │ │ ├─┬ gauge@2.7.4 
[INFO] │ │ │ ├── aproba@1.2.0 
[INFO] │ │ │ ├── has-unicode@2.0.1 
[INFO] │ │ │ └── wide-align@1.1.3 
[INFO] │ │ └── set-blocking@2.0.0 
[INFO] │ ├─┬ sass-graph@2.2.6 
[INFO] │ │ ├─┬ scss-tokenizer@0.2.3 
[INFO] │ │ │ └── source-map@0.4.4 
[INFO] │ │ └─┬ yargs@7.1.1 
[INFO] │ │   ├── camelcase@3.0.0 
[INFO] │ │   └─┬ yargs-parser@5.0.0-security.0 
[INFO] │ │     └── camelcase@3.0.0 
[INFO] │ └── stdout-stream@1.4.1 
[INFO] ├─┬ nodemon@1.11.0 
[INFO] │ ├── es6-promise@3.3.1 
[INFO] │ ├── ignore-by-default@1.0.1 
[INFO] │ ├─┬ lodash.defaults@3.1.2 
[INFO] │ │ ├─┬ lodash.assign@3.2.0 
[INFO] │ │ │ ├─┬ lodash._baseassign@3.2.0 
[INFO] │ │ │ │ └── lodash._basecopy@3.0.1 
[INFO] │ │ │ ├─┬ lodash._createassigner@3.1.1 
[INFO] │ │ │ │ ├── lodash._bindcallback@3.0.1 
[INFO] │ │ │ │ └── lodash._isiterateecall@3.0.9 
[INFO] │ │ │ └─┬ lodash.keys@3.1.2 
[INFO] │ │ │   ├── lodash._getnative@3.9.1 
[INFO] │ │ │   ├── lodash.isarguments@3.1.0 
[INFO] │ │ │   └── lodash.isarray@3.0.4 
[INFO] │ │ └── lodash.restparam@3.6.1 
[INFO] │ ├─┬ ps-tree@1.2.0 
[INFO] │ │ └─┬ event-stream@3.3.4 
[INFO] │ │   ├── duplexer@0.1.1 
[INFO] │ │   ├── from@0.1.7 
[INFO] │ │   ├── map-stream@0.1.0 
[INFO] │ │   ├── pause-stream@0.0.11 
[INFO] │ │   ├── split@0.3.3 
[INFO] │ │   └── stream-combiner@0.0.4 
[INFO] │ ├─┬ touch@1.0.0 
[INFO] │ │ └── nopt@1.0.10 
[INFO] │ ├── undefsafe@0.0.3 
[INFO] │ └─┬ update-notifier@0.5.0 
[INFO] │   ├─┬ configstore@1.4.0 
[INFO] │   │ ├── uuid@2.0.3 
[INFO] │   │ ├─┬ write-file-atomic@1.3.4 
[INFO] │   │ │ └── slide@1.1.6 
[INFO] │   │ └── xdg-basedir@2.0.0 
[INFO] │   ├── is-npm@1.0.0 
[INFO] │   ├─┬ latest-version@1.0.1 
[INFO] │   │ └─┬ package-json@1.2.0 
[INFO] │   │   ├─┬ got@3.3.1 
[INFO] │   │   │ ├─┬ duplexify@3.7.1 
[INFO] │   │   │ │ ├── end-of-stream@1.4.4 
[INFO] │   │   │ │ └── stream-shift@1.0.1 
[INFO] │   │   │ ├── infinity-agent@2.0.3 
[INFO] │   │   │ ├── is-redirect@1.0.0 
[INFO] │   │   │ ├── lowercase-keys@1.0.1 
[INFO] │   │   │ ├── nested-error-stacks@1.0.2 
[INFO] │   │   │ ├── object-assign@3.0.0 
[INFO] │   │   │ ├── read-all-stream@3.1.0 
[INFO] │   │   │ └── timed-out@2.0.0 
[INFO] │   │   └─┬ registry-url@3.1.0 
[INFO] │   │     └─┬ rc@1.2.8 
[INFO] │   │       ├── deep-extend@0.6.0 
[INFO] │   │       └── ini@1.3.5 
[INFO] │   ├─┬ repeating@1.1.3 
[INFO] │   │ └── is-finite@1.1.0 
[INFO] │   ├── semver-diff@2.1.0 
[INFO] │   └── string-length@1.0.1 
[INFO] ├── normalize.css@6.0.0 
[INFO] ├─┬ postcss-loader@1.3.3 
[INFO] │ ├─┬ loader-utils@1.4.0 
[INFO] │ │ ├── big.js@5.2.2 
[INFO] │ │ ├── emojis-list@3.0.0 
[INFO] │ │ └── json5@1.0.1 
[INFO] │ └─┬ postcss-load-config@1.2.0 
[INFO] │   ├─┬ cosmiconfig@2.2.2 
[INFO] │   │ ├── is-directory@0.3.1 
[INFO] │   │ ├─┬ parse-json@2.2.0 
[INFO] │   │ │ └─┬ error-ex@1.3.2 
[INFO] │   │ │   └── is-arrayish@0.2.1 
[INFO] │   │ └── require-from-string@1.2.1 
[INFO] │   ├── postcss-load-options@1.2.0 
[INFO] │   └── postcss-load-plugins@2.3.0 
[INFO] ├─┬ prop-types@15.5.6 
[INFO] │ └─┬ fbjs@0.8.17 
[INFO] │   ├── core-js@1.2.7 
[INFO] │   ├─┬ isomorphic-fetch@2.2.1 
[INFO] │   │ ├─┬ node-fetch@1.7.3 
[INFO] │   │ │ ├─┬ encoding@0.1.13 
[INFO] │   │ │ │ └── iconv-lite@0.6.2 
[INFO] │   │ │ └── is-stream@1.1.0 
[INFO] │   │ └── whatwg-fetch@3.2.0 
[INFO] │   ├── setimmediate@1.0.5 
[INFO] │   └── ua-parser-js@0.7.21 
[INFO] ├── react@15.5.3 
[INFO] ├── react-dom@15.5.3 
[INFO] ├─┬ react-hot-loader@3.0.0-beta.6 
[INFO] │ ├── babel-template@6.26.0 
[INFO] │ ├─┬ global@4.4.0 
[INFO] │ │ ├─┬ min-document@2.19.0 
[INFO] │ │ │ └── dom-walk@0.1.2 
[INFO] │ │ └── process@0.11.10 
[INFO] │ ├── react-deep-force-update@2.1.3 
[INFO] │ ├── react-proxy@3.0.0-alpha.1 
[INFO] │ ├─┬ redbox-react@1.6.0 
[INFO] │ │ ├─┬ error-stack-parser@1.3.6 
[INFO] │ │ │ └── stackframe@0.3.1 
[INFO] │ │ └── sourcemapped-stacktrace@1.1.11 
[INFO] │ └─┬ source-map@0.4.4 
[INFO] │   └── amdefine@1.0.1 
[INFO] ├─┬ react-redux@5.0.4 
[INFO] │ ├── create-react-class@15.6.3 
[INFO] │ ├── hoist-non-react-statics@1.2.0 
[INFO] │ └── lodash-es@4.17.15 
[INFO] ├── react-router@3.0.2 
[INFO] ├── react-router-redux@4.0.8 
[INFO] ├─┬ redux@3.6.0 
[INFO] │ └── symbol-observable@1.2.0 
[INFO] ├─┬ redux-logger@3.0.1 
[INFO] │ └── deep-diff@0.3.4 
[INFO] ├── redux-thunk@2.2.0 
[INFO] ├─┬ sass-loader@6.0.3 
[INFO] │ ├─┬ clone-deep@0.2.4 
[INFO] │ │ ├─┬ for-own@0.1.5 
[INFO] │ │ │ └── for-in@1.0.2 
[INFO] │ │ ├─┬ is-plain-object@2.0.4 
[INFO] │ │ │ └── isobject@3.0.1 
[INFO] │ │ ├─┬ kind-of@3.2.2 
[INFO] │ │ │ └── is-buffer@1.1.6 
[INFO] │ │ ├── lazy-cache@1.0.4 
[INFO] │ │ └─┬ shallow-clone@0.1.2 
[INFO] │ │   ├── is-extendable@0.1.1 
[INFO] │ │   ├── kind-of@2.0.1 
[INFO] │ │   ├── lazy-cache@0.2.7 
[INFO] │ │   └─┬ mixin-object@2.0.1 
[INFO] │ │     └── for-in@0.1.8 
[INFO] │ ├─┬ loader-utils@1.4.0 
[INFO] │ │ ├── big.js@5.2.2 
[INFO] │ │ ├── emojis-list@3.0.0 
[INFO] │ │ └── json5@1.0.1 
[INFO] │ └── lodash.tail@4.1.1 
[INFO] ├── source-map@0.5.6 
[INFO] ├─┬ style-loader@0.16.1 
[INFO] │ └─┬ loader-utils@1.4.0 
[INFO] │   ├── big.js@5.2.2 
[INFO] │   ├── emojis-list@3.0.0 
[INFO] │   └── json5@1.0.1 
[INFO] ├─┬ superagent@3.5.2 
[INFO] │ ├── component-emitter@1.3.0 
[INFO] │ ├── cookiejar@2.1.2 
[INFO] │ ├── extend@3.0.2 
[INFO] │ ├─┬ form-data@2.3.3 
[INFO] │ │ └── asynckit@0.4.0 
[INFO] │ ├── formidable@1.2.2 
[INFO] │ ├── methods@1.1.2 
[INFO] │ ├── qs@6.5.2 
[INFO] │ └─┬ readable-stream@2.3.7 
[INFO] │   ├── core-util-is@1.0.2 
[INFO] │   ├── process-nextick-args@2.0.1 
[INFO] │   ├── string_decoder@1.1.1 
[INFO] │   └── util-deprecate@1.0.2 
[INFO] ├── unminified-webpack-plugin@1.2.0 
[INFO] ├─┬ webpack@2.3.3 
[INFO] │ ├── acorn@4.0.13 
[INFO] │ ├─┬ acorn-dynamic-import@2.0.2 
[INFO] │ │ └── acorn@4.0.13 
[INFO] │ ├── ajv-keywords@1.5.1 
[INFO] │ ├── enhanced-resolve@3.4.1 
[INFO] │ ├── interpret@1.4.0 
[INFO] │ ├── json-loader@0.5.7 
[INFO] │ ├── loader-runner@2.4.0 
[INFO] │ ├── memory-fs@0.4.1 
[INFO] │ ├─┬ node-libs-browser@2.2.1 
[INFO] │ │ ├─┬ assert@1.5.0 
[INFO] │ │ │ └─┬ util@0.10.3 
[INFO] │ │ │   └── inherits@2.0.1 
[INFO] │ │ ├─┬ browserify-zlib@0.2.0 
[INFO] │ │ │ └── pako@1.0.11 
[INFO] │ │ ├─┬ buffer@4.9.2 
[INFO] │ │ │ ├── base64-js@1.3.1 
[INFO] │ │ │ └── ieee754@1.1.13 
[INFO] │ │ ├── console-browserify@1.2.0 
[INFO] │ │ ├── constants-browserify@1.0.0 
[INFO] │ │ ├─┬ crypto-browserify@3.12.0 
[INFO] │ │ │ ├─┬ browserify-cipher@1.0.1 
[INFO] │ │ │ │ ├─┬ browserify-aes@1.2.0 
[INFO] │ │ │ │ │ └── buffer-xor@1.0.3 
[INFO] │ │ │ │ ├─┬ browserify-des@1.0.2 
[INFO] │ │ │ │ │ └── des.js@1.0.1 
[INFO] │ │ │ │ └── evp_bytestokey@1.0.3 
[INFO] │ │ │ ├─┬ browserify-sign@4.2.0 
[INFO] │ │ │ │ ├── bn.js@5.1.2 
[INFO] │ │ │ │ ├─┬ browserify-rsa@4.0.1 
[INFO] │ │ │ │ │ └── bn.js@4.11.9 
[INFO] │ │ │ │ ├─┬ elliptic@6.5.3 
[INFO] │ │ │ │ │ ├── bn.js@4.11.9 
[INFO] │ │ │ │ │ ├── brorand@1.1.0 
[INFO] │ │ │ │ │ ├── hash.js@1.1.7 
[INFO] │ │ │ │ │ ├── hmac-drbg@1.0.1 
[INFO] │ │ │ │ │ └── minimalistic-crypto-utils@1.0.1 
[INFO] │ │ │ │ ├─┬ parse-asn1@5.1.5 
[INFO] │ │ │ │ │ └─┬ asn1.js@4.10.1 
[INFO] │ │ │ │ │   └── bn.js@4.11.9 
[INFO] │ │ │ │ ├── readable-stream@3.6.0 
[INFO] │ │ │ │ └── safe-buffer@5.2.1 
[INFO] │ │ │ ├─┬ create-ecdh@4.0.3 
[INFO] │ │ │ │ └── bn.js@4.11.9 
[INFO] │ │ │ ├─┬ create-hash@1.2.0 
[INFO] │ │ │ │ ├── cipher-base@1.0.4 
[INFO] │ │ │ │ ├─┬ md5.js@1.3.5 
[INFO] │ │ │ │ │ └─┬ hash-base@3.1.0 
[INFO] │ │ │ │ │   ├── readable-stream@3.6.0 
[INFO] │ │ │ │ │   └── safe-buffer@5.2.1 
[INFO] │ │ │ │ ├── ripemd160@2.0.2 
[INFO] │ │ │ │ └── sha.js@2.4.11 
[INFO] │ │ │ ├── create-hmac@1.1.7 
[INFO] │ │ │ ├─┬ diffie-hellman@5.0.3 
[INFO] │ │ │ │ ├── bn.js@4.11.9 
[INFO] │ │ │ │ └─┬ miller-rabin@4.0.1 
[INFO] │ │ │ │   └── bn.js@4.11.9 
[INFO] │ │ │ ├── pbkdf2@3.1.1 
[INFO] │ │ │ ├─┬ public-encrypt@4.0.3 
[INFO] │ │ │ │ └── bn.js@4.11.9 
[INFO] │ │ │ ├── randombytes@2.1.0 
[INFO] │ │ │ └── randomfill@1.0.4 
[INFO] │ │ ├── domain-browser@1.2.0 
[INFO] │ │ ├── events@3.2.0 
[INFO] │ │ ├── https-browserify@1.0.0 
[INFO] │ │ ├── os-browserify@0.3.0 
[INFO] │ │ ├── path-browserify@0.0.1 
[INFO] │ │ ├── punycode@1.4.1 
[INFO] │ │ ├── querystring-es3@0.2.1 
[INFO] │ │ ├── stream-browserify@2.0.2 
[INFO] │ │ ├─┬ stream-http@2.8.3 
[INFO] │ │ │ ├── builtin-status-codes@3.0.0 
[INFO] │ │ │ └── to-arraybuffer@1.0.1 
[INFO] │ │ ├── timers-browserify@2.0.11 
[INFO] │ │ ├── tty-browserify@0.0.0 
[INFO] │ │ ├─┬ url@0.11.0 
[INFO] │ │ │ ├── punycode@1.3.2 
[INFO] │ │ │ └── querystring@0.2.0 
[INFO] │ │ ├─┬ util@0.11.1 
[INFO] │ │ │ └── inherits@2.0.3 
[INFO] │ │ └── vm-browserify@1.1.2 
[INFO] │ ├── tapable@0.2.9 
[INFO] │ ├─┬ uglify-js@2.8.29 
[INFO] │ │ ├── uglify-to-browserify@1.0.2 
[INFO] │ │ └─┬ yargs@3.10.0 
[INFO] │ │   ├── camelcase@1.2.1 
[INFO] │ │   ├─┬ cliui@2.1.0 
[INFO] │ │   │ ├─┬ center-align@0.1.3 
[INFO] │ │   │ │ └─┬ align-text@0.1.4 
[INFO] │ │   │ │   └── longest@1.0.1 
[INFO] │ │   │ ├── right-align@0.1.3 
[INFO] │ │   │ └── wordwrap@0.0.2 
[INFO] │ │   └── window-size@0.1.0 
[INFO] │ ├─┬ watchpack@1.7.4 
[INFO] │ │ ├─┬ chokidar@3.4.1 
[INFO] │ │ │ ├─┬ anymatch@3.1.1 
[INFO] │ │ │ │ └── picomatch@2.2.2 
[INFO] │ │ │ ├─┬ braces@3.0.2 
[INFO] │ │ │ │ └─┬ fill-range@7.0.1 
[INFO] │ │ │ │   └─┬ to-regex-range@5.0.1 
[INFO] │ │ │ │     └── is-number@7.0.0 
[INFO] │ │ │ ├── glob-parent@5.1.1 
[INFO] │ │ │ ├─┬ is-binary-path@2.1.0 
[INFO] │ │ │ │ └── binary-extensions@2.1.0 
[INFO] │ │ │ ├─┬ is-glob@4.0.1 
[INFO] │ │ │ │ └── is-extglob@2.1.1 
[INFO] │ │ │ ├── normalize-path@3.0.0 
[INFO] │ │ │ └── readdirp@3.4.0 
[INFO] │ │ ├── neo-async@2.6.2 
[INFO] │ │ └─┬ watchpack-chokidar2@2.0.0 
[INFO] │ │   └─┬ chokidar@2.1.8 
[INFO] │ │     ├─┬ anymatch@2.0.0 
[INFO] │ │     │ ├─┬ micromatch@3.1.10 
[INFO] │ │     │ │ ├── arr-diff@4.0.0 
[INFO] │ │     │ │ ├─┬ extglob@2.0.4 
[INFO] │ │     │ │ │ ├─┬ define-property@1.0.0 
[INFO] │ │     │ │ │ │ └─┬ is-descriptor@1.0.2 
[INFO] │ │     │ │ │ │   ├── is-accessor-descriptor@1.0.0 
[INFO] │ │     │ │ │ │   └── is-data-descriptor@1.0.0 
[INFO] │ │     │ │ │ ├─┬ expand-brackets@2.1.4 
[INFO] │ │     │ │ │ │ ├─┬ define-property@0.2.5 
[INFO] │ │     │ │ │ │ │ └─┬ is-descriptor@0.1.6 
[INFO] │ │     │ │ │ │ │   ├─┬ is-accessor-descriptor@0.1.6 
[INFO] │ │     │ │ │ │ │   │ └── kind-of@3.2.2 
[INFO] │ │     │ │ │ │ │   ├─┬ is-data-descriptor@0.1.4 
[INFO] │ │     │ │ │ │ │   │ └── kind-of@3.2.2 
[INFO] │ │     │ │ │ │ │   └── kind-of@5.1.0 
[INFO] │ │     │ │ │ │ └── extend-shallow@2.0.1 
[INFO] │ │     │ │ │ └── extend-shallow@2.0.1 
[INFO] │ │     │ │ └── kind-of@6.0.3 
[INFO] │ │     │ └── normalize-path@2.1.1 
[INFO] │ │     ├─┬ braces@2.3.2 
[INFO] │ │     │ ├── array-unique@0.3.2 
[INFO] │ │     │ ├── extend-shallow@2.0.1 
[INFO] │ │     │ ├─┬ fill-range@4.0.0 
[INFO] │ │     │ │ ├── extend-shallow@2.0.1 
[INFO] │ │     │ │ └─┬ is-number@3.0.0 
[INFO] │ │     │ │   └── kind-of@3.2.2 
[INFO] │ │     │ └── isobject@3.0.1 
[INFO] │ │     ├─┬ glob-parent@3.1.0 
[INFO] │ │     │ ├── is-glob@3.1.0 
[INFO] │ │     │ └── path-dirname@1.0.2 
[INFO] │ │     ├─┬ is-glob@4.0.1 
[INFO] │ │     │ └── is-extglob@2.1.1 
[INFO] │ │     ├── normalize-path@3.0.0 
[INFO] │ │     └── upath@1.2.0 
[INFO] │ ├─┬ webpack-sources@0.2.3 
[INFO] │ │ └── source-list-map@1.1.2 
[INFO] │ └─┬ yargs@6.6.0 
[INFO] │   ├── camelcase@3.0.0 
[INFO] │   ├─┬ cliui@3.2.0 
[INFO] │   │ └── wrap-ansi@2.1.0 
[INFO] │   ├── get-caller-file@1.0.3 
[INFO] │   ├─┬ os-locale@1.4.0 
[INFO] │   │ └─┬ lcid@1.0.0 
[INFO] │   │   └── invert-kv@1.0.0 
[INFO] │   ├── require-directory@2.1.1 
[INFO] │   ├── require-main-filename@1.0.1 
[INFO] │   ├── which-module@1.0.0 
[INFO] │   ├── y18n@3.2.1 
[INFO] │   └── yargs-parser@4.2.1 
[INFO] └─┬ webpack-dev-server@2.4.2 
[INFO]   ├── ansi-html@0.0.7 
[INFO]   ├─┬ compression@1.7.4 
[INFO]   │ ├─┬ accepts@1.3.7 
[INFO]   │ │ └── negotiator@0.6.2 
[INFO]   │ ├── bytes@3.0.0 
[INFO]   │ ├── compressible@2.0.18 
[INFO]   │ ├── on-headers@1.0.2 
[INFO]   │ └── vary@1.1.2 
[INFO]   ├── connect-history-api-fallback@1.6.0 
[INFO]   ├─┬ express@4.17.1 
[INFO]   │ ├── array-flatten@1.1.1 
[INFO]   │ ├─┬ body-parser@1.19.0 
[INFO]   │ │ ├── bytes@3.1.0 
[INFO]   │ │ ├─┬ http-errors@1.7.2 
[INFO]   │ │ │ ├── inherits@2.0.3 
[INFO]   │ │ │ └── toidentifier@1.0.0 
[INFO]   │ │ ├── iconv-lite@0.4.24 
[INFO]   │ │ ├── qs@6.7.0 
[INFO]   │ │ └─┬ raw-body@2.4.0 
[INFO]   │ │   ├── bytes@3.1.0 
[INFO]   │ │   └── iconv-lite@0.4.24 
[INFO]   │ ├── content-disposition@0.5.3 
[INFO]   │ ├── content-type@1.0.4 
[INFO]   │ ├── cookie@0.4.0 
[INFO]   │ ├── cookie-signature@1.0.6 
[INFO]   │ ├── depd@1.1.2 
[INFO]   │ ├── encodeurl@1.0.2 
[INFO]   │ ├── escape-html@1.0.3 
[INFO]   │ ├── etag@1.8.1 
[INFO]   │ ├─┬ finalhandler@1.1.2 
[INFO]   │ │ └── unpipe@1.0.0 
[INFO]   │ ├── fresh@0.5.2 
[INFO]   │ ├── merge-descriptors@1.0.1 
[INFO]   │ ├─┬ on-finished@2.3.0 
[INFO]   │ │ └── ee-first@1.1.1 
[INFO]   │ ├── parseurl@1.3.3 
[INFO]   │ ├── path-to-regexp@0.1.7 
[INFO]   │ ├─┬ proxy-addr@2.0.6 
[INFO]   │ │ ├── forwarded@0.1.2 
[INFO]   │ │ └── ipaddr.js@1.9.1 
[INFO]   │ ├── qs@6.7.0 
[INFO]   │ ├── range-parser@1.2.1 
[INFO]   │ ├─┬ send@0.17.1 
[INFO]   │ │ ├── destroy@1.0.4 
[INFO]   │ │ └── ms@2.1.1 
[INFO]   │ ├── serve-static@1.14.1 
[INFO]   │ ├── setprototypeof@1.1.1 
[INFO]   │ ├── statuses@1.5.0 
[INFO]   │ ├─┬ type-is@1.6.18 
[INFO]   │ │ └── media-typer@0.3.0 
[INFO]   │ └── utils-merge@1.0.1 
[INFO]   ├── html-entities@1.3.1 
[INFO]   ├─┬ http-proxy-middleware@0.17.4 
[INFO]   │ ├─┬ http-proxy@1.18.1 
[INFO]   │ │ ├── eventemitter3@4.0.4 
[INFO]   │ │ ├── follow-redirects@1.12.1 
[INFO]   │ │ └── requires-port@1.0.0 
[INFO]   │ ├─┬ is-glob@3.1.0 
[INFO]   │ │ └── is-extglob@2.1.1 
[INFO]   │ └─┬ micromatch@2.3.11 
[INFO]   │   ├─┬ arr-diff@2.0.0 
[INFO]   │   │ └── arr-flatten@1.1.0 
[INFO]   │   ├── array-unique@0.2.1 
[INFO]   │   ├─┬ braces@1.8.5 
[INFO]   │   │ ├─┬ expand-range@1.8.2 
[INFO]   │   │ │ └─┬ fill-range@2.2.4 
[INFO]   │   │ │   ├── is-number@2.1.0 
[INFO]   │   │ │   ├── isobject@2.1.0 
[INFO]   │   │ │   └─┬ randomatic@3.1.1 
[INFO]   │   │ │     ├── is-number@4.0.0 
[INFO]   │   │ │     ├── kind-of@6.0.3 
[INFO]   │   │ │     └── math-random@1.0.4 
[INFO]   │   │ ├── preserve@0.2.0 
[INFO]   │   │ └── repeat-element@1.1.3 
[INFO]   │   ├─┬ expand-brackets@0.1.5 
[INFO]   │   │ └── is-posix-bracket@0.1.1 
[INFO]   │   ├── extglob@0.3.2 
[INFO]   │   ├── filename-regex@2.0.1 
[INFO]   │   ├── object.omit@2.0.1 
[INFO]   │   ├─┬ parse-glob@3.0.4 
[INFO]   │   │ ├── glob-base@0.3.0 
[INFO]   │   │ └── is-dotfile@1.0.3 
[INFO]   │   └─┬ regex-cache@0.4.4 
[INFO]   │     └─┬ is-equal-shallow@0.1.3 
[INFO]   │       └── is-primitive@2.0.0 
[INFO]   ├─┬ opn@4.0.2 
[INFO]   │ └─┬ pinkie-promise@2.0.1 
[INFO]   │   └── pinkie@2.0.4 
[INFO]   ├─┬ portfinder@1.0.28 
[INFO]   │ └─┬ debug@3.2.6 
[INFO]   │   └── ms@2.1.2 
[INFO]   ├─┬ serve-index@1.9.1 
[INFO]   │ ├── batch@0.6.1 
[INFO]   │ └─┬ http-errors@1.6.3 
[INFO]   │   ├── inherits@2.0.3 
[INFO]   │   └── setprototypeof@1.1.0 
[INFO]   ├─┬ sockjs@0.3.18 
[INFO]   │ ├─┬ faye-websocket@0.10.0 
[INFO]   │ │ └─┬ websocket-driver@0.7.4 
[INFO]   │ │   ├── http-parser-js@0.5.2 
[INFO]   │ │   └── websocket-extensions@0.1.4 
[INFO]   │ └── uuid@2.0.3 
[INFO]   ├─┬ sockjs-client@1.1.2 
[INFO]   │ ├─┬ eventsource@0.1.6 
[INFO]   │ │ └── original@1.0.2 
[INFO]   │ ├── faye-websocket@0.11.3 
[INFO]   │ ├── json3@3.3.3 
[INFO]   │ └─┬ url-parse@1.4.7 
[INFO]   │   └── querystringify@2.1.1 
[INFO]   ├─┬ spdy@3.4.7 
[INFO]   │ ├── handle-thing@1.2.5 
[INFO]   │ ├── http-deceiver@1.2.7 
[INFO]   │ ├── select-hose@2.0.0 
[INFO]   │ └─┬ spdy-transport@2.1.1 
[INFO]   │   ├── detect-node@2.0.4 
[INFO]   │   ├── hpack.js@2.1.6 
[INFO]   │   ├── obuf@1.1.2 
[INFO]   │   └─┬ wbuf@1.7.3 
[INFO]   │     └── minimalistic-assert@1.0.1 
[INFO]   ├── strip-ansi@3.0.1 
[INFO]   ├─┬ webpack-dev-middleware@1.12.2 
[INFO]   │ └── time-stamp@2.2.0 
[INFO]   └─┬ yargs@6.6.0 
[INFO]     ├── camelcase@3.0.0 
[INFO]     └── yargs-parser@4.2.1 
[INFO] 
[INFO] 
[INFO] --- frontend-maven-plugin:1.4:webpack (webpackBuild) @ java-react-redux-isomorphic-example ---
[INFO] testFailureIgnore property is ignored in non test phases
[INFO] Running 'webpack.js ' in /tmp/tmpmn2m15d2/java-examples/react-redux-isomorphic-example/src/main/frontend
[INFO] Hash: ba8980c0a888928c5730
[INFO] Version: webpack 2.3.3
[INFO] Time: 6060ms
[INFO]         Asset     Size  Chunks                    Chunk Names
[INFO]       main.js  1.41 MB       0  [emitted]  [big]  main
[INFO]     server.js  1.37 MB       1  [emitted]  [big]  server
[INFO]      main.css  24.6 kB       0  [emitted]         main
[INFO]   main.js.map  1.68 MB       0  [emitted]         main
[INFO]  main.css.map  45.6 kB       0  [emitted]         main
[INFO] server.js.map  1.63 MB       1  [emitted]         server
[INFO]    [1] ./~/process/browser.js 5.42 kB {0} {1} [built]
[INFO]   [11] ./~/react/react.js 56 bytes {0} {1} [built]
[INFO]  [107] ./~/react-redux/es/index.js 194 bytes {0} {1} [built]
[INFO]  [165] ./~/react-router/es/index.js 1.46 kB {0} {1} [built]
[INFO]  [259] ./~/babel-polyfill/lib/index.js 833 bytes {0} {1} [built]
[INFO]  [260] ./~/es6-promise/dist/es6-promise.js 28.5 kB {0} {1} [built]
[INFO]  [630] ./src/main.jsx 1.56 kB {0} [built]
[INFO]  [631] ./src/server.jsx 2.12 kB {1} [built]
[INFO]  [632] ./src/containers/app.jsx 820 bytes {0} [built]
[INFO]  [633] ./~/normalize.css/normalize.css 41 bytes {0} [built]
[INFO]  [634] ./styles/index.less 41 bytes {0} [built]
[INFO]  [635] ./~/milligram/src/milligram.sass 41 bytes {0} [built]
[INFO]  [636] ./~/react-dom/index.js 59 bytes {0} [built]
[INFO]  [648] multi es6-promise babel-polyfill ./src/main.jsx 52 bytes {0} [built]
[INFO]  [649] multi es6-promise babel-polyfill ./src/server.jsx 52 bytes {1} [built]
[INFO]     + 640 hidden modules
[INFO] Child extract-text-webpack-plugin:
[INFO]        [0] ./~/css-loader/lib/css-base.js 2.19 kB {0} [built]
[INFO]        [1] ./~/base64-js/index.js 3.94 kB {0} [built]
[INFO]        [2] ./~/buffer/index.js 48.6 kB {0} [built]
[INFO]        [3] ./~/css-loader?sourceMap&sourceComments&?-autoprefixer&&importLoaders=1!./~/postcss-loader?{"plugins":[null]}!./~/normalize.css/normalize.css 18.3 kB {0} [built]
[INFO]        [4] ./~/ieee754/index.js 2.06 kB {0} [built]
[INFO]        [5] ./~/isarray/index.js 132 bytes {0} [built]
[INFO]        [6] (webpack)/buildin/global.js 509 bytes {0} [built]
[INFO] Child extract-text-webpack-plugin:
[INFO]        [0] ./~/css-loader/lib/css-base.js 2.19 kB {0} [built]
[INFO]        [1] ./~/base64-js/index.js 3.94 kB {0} [built]
[INFO]        [2] ./~/buffer/index.js 48.6 kB {0} [built]
[INFO]        [3] ./~/css-loader?sourceMap&sourceComments&?-autoprefixer&&importLoaders=1!./~/postcss-loader?{"plugins":[null]}!./~/less-loader/dist?sourceMap&sourceComments!./styles/index.less 3.85 kB {0} [built]
[INFO]        [4] ./~/ieee754/index.js 2.06 kB {0} [built]
[INFO]        [5] ./~/isarray/index.js 132 bytes {0} [built]
[INFO]        [6] (webpack)/buildin/global.js 509 bytes {0} [built]
[INFO] Child extract-text-webpack-plugin:
[INFO]        [0] ./~/css-loader/lib/css-base.js 2.19 kB {0} [built]
[INFO]        [1] ./~/base64-js/index.js 3.94 kB {0} [built]
[INFO]        [2] ./~/buffer/index.js 48.6 kB {0} [built]
[INFO]        [3] ./~/css-loader?sourceMap&sourceComments&?-autoprefixer&&importLoaders=1!./~/postcss-loader?{"plugins":[null]}!./~/sass-loader/lib/loader.js?sourceMap&sourceComments!./~/milligram/src/milligram.sass 51.3 kB {0} [built]
[INFO]        [4] ./~/ieee754/index.js 2.06 kB {0} [built]
[INFO]        [5] ./~/isarray/index.js 132 bytes {0} [built]
[INFO]        [6] (webpack)/buildin/global.js 509 bytes {0} [built]
[INFO] Refreshing files after webpack: /tmp/tmpmn2m15d2/java-examples/react-redux-isomorphic-example/src/main/resources/webapp/static/assets
[INFO] 
[INFO] --- maven-resources-plugin:3.0.2:resources (default-resources) @ java-react-redux-isomorphic-example ---
[INFO] Using 'UTF-8' encoding to copy filtered resources.
[INFO] Copying 1 resource
[INFO] Copying 14 resources
[INFO] 
[INFO] --- maven-compiler-plugin:3.6.1:compile (default-compile) @ java-react-redux-isomorphic-example ---
[INFO] Changes detected - recompiling the module!
[INFO] Compiling 14 source files to /tmp/tmpmn2m15d2/java-examples/react-redux-isomorphic-example/target/classes
[INFO] 
[INFO] --- maven-resources-plugin:3.0.2:testResources (default-testResources) @ java-react-redux-isomorphic-example ---
[INFO] Using 'UTF-8' encoding to copy filtered resources.
[INFO] skip non existing resourceDirectory /tmp/tmpmn2m15d2/java-examples/react-redux-isomorphic-example/src/test/resources
[INFO] 
[INFO] --- maven-compiler-plugin:3.6.1:testCompile (default-testCompile) @ java-react-redux-isomorphic-example ---
[INFO] Changes detected - recompiling the module!
[INFO] Compiling 1 source file to /tmp/tmpmn2m15d2/java-examples/react-redux-isomorphic-example/target/test-classes
[INFO] 
[INFO] --- maven-surefire-plugin:2.19.1:test (default-test) @ java-react-redux-isomorphic-example ---
[INFO] Surefire report directory: /tmp/tmpmn2m15d2/java-examples/react-redux-isomorphic-example/target/surefire-reports

-------------------------------------------------------
 T E S T S
-------------------------------------------------------
Running ru.complits.examples.rrie.tests.IncrementResourceTest
22:21:32.087 [main] INFO  org.jboss.weld.Version - WELD-000900: 2.4.3 (Final)
22:21:32.233 [main] INFO  org.jboss.weld.Bootstrap - WELD-000101: Transactional services not available. Injection of @Inject UserTransaction not available. Transactional observers will be invoked synchronously.
Tests run: 4, Failures: 0, Errors: 0, Skipped: 0, Time elapsed: 2.635 sec - in ru.complits.examples.rrie.tests.IncrementResourceTest

Results :

Tests run: 4, Failures: 0, Errors: 0, Skipped: 0

[INFO] 
[INFO] --- jacoco-maven-plugin:0.8.5:report (report) @ java-react-redux-isomorphic-example ---
[INFO] Loading execution data file /tmp/tmpmn2m15d2/java-examples/react-redux-isomorphic-example/target/jacoco.exec
[INFO] Analyzed bundle 'java-react-redux-isomorphic-example' with 250 classes
[INFO] ------------------------------------------------------------------------
[INFO] BUILD SUCCESS
[INFO] ------------------------------------------------------------------------
[INFO] Total time:  10:12 min
[INFO] Finished at: 2020-07-30T22:21:34Z
[INFO] ------------------------------------------------------------------------
