[INFO] Error stacktraces are turned on.
[INFO] Scanning for projects...
[WARNING] 
[WARNING] Some problems were encountered while building the effective model for org.mocksy:mocksy-server:jar:0.8
[WARNING] 'build.plugins.plugin.version' for org.apache.maven.plugins:maven-compiler-plugin is missing. @ line 65, column 15
[WARNING] 'build.plugins.plugin.version' for org.apache.maven.plugins:maven-source-plugin is missing. @ line 96, column 15
[WARNING] 
[WARNING] It is highly recommended to fix these problems because they threaten the stability of your build.
[WARNING] 
[WARNING] For this reason, future Maven versions might no longer support building such malformed projects.
[WARNING] 
[INFO] 
[INFO] ----------------------< org.mocksy:mocksy-server >----------------------
[INFO] Building Mocksy Server 0.8
[INFO] --------------------------------[ jar ]---------------------------------
[WARNING] The artifact xerces:xerces:jar:2.4.0 has been relocated to xerces:xercesImpl:jar:2.4.0
[INFO] 
[INFO] --- jacoco-maven-plugin:0.8.5:prepare-agent (default) @ mocksy-server ---
[INFO] argLine set to -javaagent:/home/jdbl/.m2/repository/org/jacoco/org.jacoco.agent/0.8.5/org.jacoco.agent-0.8.5-runtime.jar=destfile=/tmp/tmpgoikqdh0/mocksy/mocksy-server/target/jacoco.exec
[INFO] 
[INFO] --- maven-resources-plugin:2.6:resources (default-resources) @ mocksy-server ---
[WARNING] Using platform encoding (UTF-8 actually) to copy filtered resources, i.e. build is platform dependent!
[INFO] Copying 2 resources
[INFO] 
[INFO] --- maven-compiler-plugin:3.1:compile (default-compile) @ mocksy-server ---
[INFO] Changes detected - recompiling the module!
[WARNING] File encoding has not been set, using platform encoding UTF-8, i.e. build is platform dependent!
[INFO] Compiling 32 source files to /tmp/tmpgoikqdh0/mocksy/mocksy-server/target/classes
[WARNING] /tmp/tmpgoikqdh0/mocksy/mocksy-server/src/main/java/org/mocksy/Response.java: Some input files use unchecked or unsafe operations.
[WARNING] /tmp/tmpgoikqdh0/mocksy/mocksy-server/src/main/java/org/mocksy/Response.java: Recompile with -Xlint:unchecked for details.
[INFO] 
[INFO] --- maven-resources-plugin:2.6:testResources (default-testResources) @ mocksy-server ---
[WARNING] Using platform encoding (UTF-8 actually) to copy filtered resources, i.e. build is platform dependent!
[INFO] skip non existing resourceDirectory /tmp/tmpgoikqdh0/mocksy/mocksy-server/src/test/resources
[INFO] 
[INFO] --- maven-compiler-plugin:3.1:testCompile (default-testCompile) @ mocksy-server ---
[INFO] Changes detected - recompiling the module!
[WARNING] File encoding has not been set, using platform encoding UTF-8, i.e. build is platform dependent!
[INFO] Compiling 7 source files to /tmp/tmpgoikqdh0/mocksy/mocksy-server/target/test-classes
[WARNING] /tmp/tmpgoikqdh0/mocksy/mocksy-server/src/test/java/org/mocksy/server/http/MockHttpServletRequest.java: /tmp/tmpgoikqdh0/mocksy/mocksy-server/src/test/java/org/mocksy/server/http/MockHttpServletRequest.java uses or overrides a deprecated API.
[WARNING] /tmp/tmpgoikqdh0/mocksy/mocksy-server/src/test/java/org/mocksy/server/http/MockHttpServletRequest.java: Recompile with -Xlint:deprecation for details.
[INFO] 
[INFO] --- maven-surefire-plugin:2.19.1:test (default-test) @ mocksy-server ---
[INFO] Surefire report directory: /tmp/tmpgoikqdh0/mocksy/mocksy-server/target/surefire-reports

-------------------------------------------------------
 T E S T S
-------------------------------------------------------
Running org.mocksy.config.RulesetFactoryTest
Tests run: 6, Failures: 0, Errors: 0, Skipped: 0, Time elapsed: 0.086 sec - in org.mocksy.config.RulesetFactoryTest
Running org.mocksy.rules.DefaultRuleTest
Tests run: 5, Failures: 0, Errors: 0, Skipped: 0, Time elapsed: 0.007 sec - in org.mocksy.rules.DefaultRuleTest
Running org.mocksy.rules.ProxyTest
2020-07-30 23:02:53.889::INFO:  Logging to STDERR via org.mortbay.log.StdErrLog
2020-07-30 23:02:53.948::INFO:  jetty-6.1.5
2020-07-30 23:02:53.144::INFO:  NO JSP Support for /, did not find org.apache.jasper.servlet.JspServlet
2020-07-30 23:02:53.187::INFO:  Started SelectChannelConnector@0.0.0.0:11112
Jul 30, 2020 11:02:54 PM org.mocksy.server.http.RequestServlet respond
INFO: Matched simple
2020-07-30 23:02:54.634::INFO:  jetty-6.1.5
2020-07-30 23:02:54.652::INFO:  NO JSP Support for /, did not find org.apache.jasper.servlet.JspServlet
2020-07-30 23:02:54.661::INFO:  Started SelectChannelConnector@0.0.0.0:11112
Jul 30, 2020 11:02:54 PM org.mocksy.server.http.RequestServlet respond
INFO: Matched error
2020-07-30 23:02:54.776::INFO:  jetty-6.1.5
2020-07-30 23:02:54.788::INFO:  NO JSP Support for /, did not find org.apache.jasper.servlet.JspServlet
2020-07-30 23:02:54.795::INFO:  Started SelectChannelConnector@0.0.0.0:11112
Jul 30, 2020 11:02:54 PM org.mocksy.server.http.RequestServlet respond
INFO: Matched header
2020-07-30 23:02:54.904::INFO:  jetty-6.1.5
2020-07-30 23:02:54.913::INFO:  NO JSP Support for /, did not find org.apache.jasper.servlet.JspServlet
2020-07-30 23:02:54.919::INFO:  Started SelectChannelConnector@0.0.0.0:11112
Tests run: 4, Failures: 0, Errors: 0, Skipped: 0, Time elapsed: 1.269 sec - in org.mocksy.rules.ProxyTest
Running org.mocksy.rules.MatcherTest
Tests run: 7, Failures: 0, Errors: 0, Skipped: 0, Time elapsed: 0.05 sec - in org.mocksy.rules.MatcherTest
Running org.mocksy.filter.InterpolatingInputStreamTest
Tests run: 14, Failures: 0, Errors: 0, Skipped: 0, Time elapsed: 0.005 sec - in org.mocksy.filter.InterpolatingInputStreamTest

Results :

Tests run: 36, Failures: 0, Errors: 0, Skipped: 0

[INFO] 
[INFO] --- jacoco-maven-plugin:0.8.5:report (report) @ mocksy-server ---
[INFO] Loading execution data file /tmp/tmpgoikqdh0/mocksy/mocksy-server/target/jacoco.exec
[INFO] Analyzed bundle 'Mocksy Server' with 50 classes
[INFO] ------------------------------------------------------------------------
[INFO] BUILD SUCCESS
[INFO] ------------------------------------------------------------------------
[INFO] Total time:  14.221 s
[INFO] Finished at: 2020-07-30T23:02:55Z
[INFO] ------------------------------------------------------------------------
