[INFO] Error stacktraces are turned on.
[INFO] Scanning for projects...
[INFO] 
[INFO] -----------------------< EddyAlbert:bomberblind >-----------------------
[INFO] Building bomberblind 0.1
[INFO] --------------------------------[ jar ]---------------------------------
[INFO] 
[INFO] --- jacoco-maven-plugin:0.8.5:prepare-agent (default) @ bomberblind ---
[INFO] argLine set to -javaagent:/home/jdbl/.m2/repository/org/jacoco/org.jacoco.agent/0.8.5/org.jacoco.agent-0.8.5-runtime.jar=destfile=/tmp/tmpba70vj0t/bomberblind/target/jacoco.exec
[INFO] 
[INFO] --- maven-resources-plugin:2.6:resources (default-resources) @ bomberblind ---
[INFO] Using 'UTF-8' encoding to copy filtered resources.
[INFO] Copying 634 resources
[INFO] 
[INFO] --- maven-compiler-plugin:3.5.1:compile (default-compile) @ bomberblind ---
[INFO] Changes detected - recompiling the module!
[INFO] Compiling 72 source files to /tmp/tmpba70vj0t/bomberblind/target/classes
[INFO] 
[INFO] --- maven-resources-plugin:2.6:testResources (default-testResources) @ bomberblind ---
[INFO] Using 'UTF-8' encoding to copy filtered resources.
[INFO] Copying 10 resources
[INFO] 
[INFO] --- maven-compiler-plugin:3.5.1:testCompile (default-testCompile) @ bomberblind ---
[INFO] Changes detected - recompiling the module!
[INFO] Compiling 72 source files to /tmp/tmpba70vj0t/bomberblind/target/test-classes
[INFO] 
[INFO] --- maven-surefire-plugin:2.19.1:test (default-test) @ bomberblind ---
[INFO] Surefire report directory: /tmp/tmpba70vj0t/bomberblind/target/surefire-reports

-------------------------------------------------------
 T E S T S
-------------------------------------------------------
Running images.ImagesLoaderTest
Tests run: 3, Failures: 0, Errors: 0, Skipped: 0, Time elapsed: 0.537 sec - in images.ImagesLoaderTest
Running sprite.settled.BonusRollerTest
Tests run: 1, Failures: 0, Errors: 0, Skipped: 0, Time elapsed: 0.01 sec - in sprite.settled.BonusRollerTest
Running sprite.settled.BonusFlameTest
Tests run: 1, Failures: 0, Errors: 0, Skipped: 0, Time elapsed: 0 sec - in sprite.settled.BonusFlameTest
Running sprite.settled.LoopedSettledTest
Tests run: 10, Failures: 0, Errors: 0, Skipped: 0, Time elapsed: 0.194 sec - in sprite.settled.LoopedSettledTest
Running sprite.settled.BombTest
Tests run: 2, Failures: 0, Errors: 0, Skipped: 0, Time elapsed: 0 sec - in sprite.settled.BombTest
Running sprite.settled.FlameTest
Tests run: 1, Failures: 0, Errors: 0, Skipped: 0, Time elapsed: 0 sec - in sprite.settled.FlameTest
Running sprite.settled.BonusTest
Tests run: 6, Failures: 0, Errors: 0, Skipped: 0, Time elapsed: 0.013 sec - in sprite.settled.BonusTest
Running sprite.settled.BonusHeartTest
Tests run: 1, Failures: 0, Errors: 0, Skipped: 0, Time elapsed: 0 sec - in sprite.settled.BonusHeartTest
Running sprite.settled.FlameEndTest
Tests run: 1, Failures: 0, Errors: 0, Skipped: 0, Time elapsed: 0 sec - in sprite.settled.FlameEndTest
Running sprite.settled.BonusBombTest
Tests run: 1, Failures: 0, Errors: 0, Skipped: 0, Time elapsed: 0 sec - in sprite.settled.BonusBombTest
Running sprite.settled.BonusBundleTest
Tests run: 5, Failures: 0, Errors: 0, Skipped: 0, Time elapsed: 0.001 sec - in sprite.settled.BonusBundleTest
Running sprite.settled.BonusTypeTest
Tests run: 1, Failures: 0, Errors: 0, Skipped: 0, Time elapsed: 0.003 sec - in sprite.settled.BonusTypeTest
Running sprite.settled.TimedSettledTest
Tests run: 3, Failures: 0, Errors: 0, Skipped: 0, Time elapsed: 0.036 sec - in sprite.settled.TimedSettledTest
Running sprite.nomad.BomberTest
Tests run: 14, Failures: 0, Errors: 0, Skipped: 0, Time elapsed: 0.025 sec - in sprite.nomad.BomberTest
Running sprite.nomad.RedSpearSoldierTest
Tests run: 1, Failures: 0, Errors: 0, Skipped: 0, Time elapsed: 0 sec - in sprite.nomad.RedSpearSoldierTest
Running sprite.nomad.BlueBomberTest
Tests run: 1, Failures: 0, Errors: 0, Skipped: 0, Time elapsed: 0 sec - in sprite.nomad.BlueBomberTest
Running sprite.nomad.GreenSoldierTest
Tests run: 1, Failures: 0, Errors: 0, Skipped: 0, Time elapsed: 0 sec - in sprite.nomad.GreenSoldierTest
Running sprite.nomad.NomadTest
Tests run: 16, Failures: 0, Errors: 0, Skipped: 0, Time elapsed: 0.032 sec - in sprite.nomad.NomadTest
Running sprite.nomad.BreakingEnemyTest
Tests run: 13, Failures: 0, Errors: 0, Skipped: 0, Time elapsed: 0.003 sec - in sprite.nomad.BreakingEnemyTest
Running sprite.nomad.WalkingEnemyTest
Tests run: 8, Failures: 0, Errors: 0, Skipped: 0, Time elapsed: 0.002 sec - in sprite.nomad.WalkingEnemyTest
Running sprite.nomad.ZoraTest
Tests run: 1, Failures: 0, Errors: 0, Skipped: 0, Time elapsed: 0 sec - in sprite.nomad.ZoraTest
Running sprite.nomad.EnemyTypeTest
Tests run: 1, Failures: 0, Errors: 0, Skipped: 0, Time elapsed: 0.001 sec - in sprite.nomad.EnemyTypeTest
Running sprite.nomad.ExploringEnemyTest
Tests run: 13, Failures: 0, Errors: 0, Skipped: 0, Time elapsed: 0.002 sec - in sprite.nomad.ExploringEnemyTest
Running sprite.nomad.WhiteBirdTest
Tests run: 1, Failures: 0, Errors: 0, Skipped: 0, Time elapsed: 0.028 sec - in sprite.nomad.WhiteBirdTest
Running sprite.nomad.FlyingNomadTest
Tests run: 18, Failures: 0, Errors: 0, Skipped: 0, Time elapsed: 0.005 sec - in sprite.nomad.FlyingNomadTest
Running sprite.SpriteActionTest
Tests run: 1, Failures: 0, Errors: 0, Skipped: 0, Time elapsed: 0 sec - in sprite.SpriteActionTest
Running sprite.SpriteTest
Tests run: 3, Failures: 0, Errors: 0, Skipped: 0, Time elapsed: 0.003 sec - in sprite.SpriteTest
Running sprite.SpriteTypeTest
Tests run: 1, Failures: 0, Errors: 0, Skipped: 0, Time elapsed: 0.002 sec - in sprite.SpriteTypeTest
Running utils.Tuple2Test
Tests run: 2, Failures: 0, Errors: 0, Skipped: 0, Time elapsed: 0.001 sec - in utils.Tuple2Test
Running utils.Tuple3Test
Tests run: 1, Failures: 0, Errors: 0, Skipped: 0, Time elapsed: 0.001 sec - in utils.Tuple3Test
Running utils.TimerTest
Tests run: 3, Failures: 0, Errors: 0, Skipped: 0, Time elapsed: 0.002 sec - in utils.TimerTest
Running utils.ToolsTest
Tests run: 15, Failures: 0, Errors: 0, Skipped: 0, Time elapsed: 0.009 sec - in utils.ToolsTest
Running utils.DirectionTest
Tests run: 5, Failures: 0, Errors: 0, Skipped: 0, Time elapsed: 0.002 sec - in utils.DirectionTest
Running map.MapPointStatusTest
Tests run: 6, Failures: 0, Errors: 0, Skipped: 0, Time elapsed: 0.002 sec - in map.MapPointStatusTest
Running map.zelda.ZeldaMapSettingTest
Tests run: 1, Failures: 0, Errors: 0, Skipped: 0, Time elapsed: 0.003 sec - in map.zelda.ZeldaMapSettingTest
Running map.zelda.ZeldaMapPropertiesTest
Tests run: 8, Failures: 0, Errors: 0, Skipped: 0, Time elapsed: 0.005 sec - in map.zelda.ZeldaMapPropertiesTest
Running map.zelda.ZeldaMapTest
Tests run: 1, Failures: 0, Errors: 0, Skipped: 0, Time elapsed: 0.008 sec - in map.zelda.ZeldaMapTest
Running map.MapPatternTest
Tests run: 1, Failures: 0, Errors: 0, Skipped: 0, Time elapsed: 0 sec - in map.MapPatternTest
Running map.ctrl.PatternMethodsTest
Tests run: 11, Failures: 0, Errors: 0, Skipped: 0, Time elapsed: 0.188 sec - in map.ctrl.PatternMethodsTest
Running map.ctrl.NomadMethodsTest
Tests run: 7, Failures: 0, Errors: 0, Skipped: 0, Time elapsed: 0.69 sec - in map.ctrl.NomadMethodsTest
Running map.ctrl.SingleMethodsTest
Tests run: 8, Failures: 0, Errors: 0, Skipped: 0, Time elapsed: 0.002 sec - in map.ctrl.SingleMethodsTest
Running map.ctrl.GenerationMethodsTest
Tests run: 11, Failures: 0, Errors: 0, Skipped: 0, Time elapsed: 0.022 sec - in map.ctrl.GenerationMethodsTest
Running map.MapPointTest
Tests run: 13, Failures: 0, Errors: 0, Skipped: 0, Time elapsed: 0.021 sec - in map.MapPointTest
Running glue.CukeRunnerTest
None of the features at [classpath:features] matched the filters: [@UnitTest]

0 Scenarios
0 Steps
0m0.000s

Tests run: 0, Failures: 0, Errors: 0, Skipped: 0, Time elapsed: 0.262 sec - in glue.CukeRunnerTest
Running spriteList.SpritesPropertiesTest
Tests run: 6, Failures: 0, Errors: 0, Skipped: 0, Time elapsed: 0.003 sec - in spriteList.SpritesPropertiesTest
Running spriteList.SpritesSettingTest
Tests run: 1, Failures: 0, Errors: 0, Skipped: 0, Time elapsed: 0 sec - in spriteList.SpritesSettingTest
Running spriteList.ctrl.AddingMethodsTest
Tests run: 16, Failures: 0, Errors: 0, Skipped: 0, Time elapsed: 0.004 sec - in spriteList.ctrl.AddingMethodsTest
Running spriteList.ctrl.SpriteActionMethodsTest
Tests run: 4, Failures: 0, Errors: 0, Skipped: 0, Time elapsed: 0.002 sec - in spriteList.ctrl.SpriteActionMethodsTest

Results :

Tests run: 249, Failures: 0, Errors: 0, Skipped: 0

[INFO] 
[INFO] --- jacoco-maven-plugin:0.8.5:report (report) @ bomberblind ---
[INFO] Loading execution data file /tmp/tmpba70vj0t/bomberblind/target/jacoco.exec
[INFO] Analyzed bundle 'bomberblind' with 1031 classes
[INFO] ------------------------------------------------------------------------
[INFO] BUILD SUCCESS
[INFO] ------------------------------------------------------------------------
[INFO] Total time:  9.786 s
[INFO] Finished at: 2020-07-31T07:51:01Z
[INFO] ------------------------------------------------------------------------
