[INFO] Error stacktraces are turned on.
[INFO] Scanning for projects...
[INFO] Inspecting build with total of 1 modules...
[INFO] Installing Nexus Staging features:
[INFO]   ... total of 1 executions of maven-deploy-plugin replaced with nexus-staging-maven-plugin
[INFO] 
[INFO] -------------------------< io.magentys:cherry >-------------------------
[INFO] Building cherry 1.0.8-SNAPSHOT
[INFO] --------------------------------[ jar ]---------------------------------
[INFO] 
[INFO] --- jacoco-maven-plugin:0.8.5:prepare-agent (default) @ cherry ---
[INFO] argLine set to -javaagent:/home/jdbl/.m2/repository/org/jacoco/org.jacoco.agent/0.8.5/org.jacoco.agent-0.8.5-runtime.jar=destfile=/tmp/tmp17l6ojfd/cherry/target/jacoco.exec
[INFO] 
[INFO] --- maven-resources-plugin:2.6:resources (default-resources) @ cherry ---
[INFO] Using 'UTF-8' encoding to copy filtered resources.
[INFO] skip non existing resourceDirectory /tmp/tmp17l6ojfd/cherry/src/main/resources
[INFO] 
[INFO] --- maven-compiler-plugin:3.1:compile (default-compile) @ cherry ---
[INFO] Changes detected - recompiling the module!
[INFO] Compiling 22 source files to /tmp/tmp17l6ojfd/cherry/target/classes
[WARNING] /tmp/tmp17l6ojfd/cherry/src/main/java/io/magentys/CoreMemory.java: Some input files use unchecked or unsafe operations.
[WARNING] /tmp/tmp17l6ojfd/cherry/src/main/java/io/magentys/CoreMemory.java: Recompile with -Xlint:unchecked for details.
[INFO] 
[INFO] --- maven-resources-plugin:2.6:testResources (default-testResources) @ cherry ---
[INFO] Using 'UTF-8' encoding to copy filtered resources.
[INFO] skip non existing resourceDirectory /tmp/tmp17l6ojfd/cherry/src/test/resources
[INFO] 
[INFO] --- maven-compiler-plugin:3.1:testCompile (default-testCompile) @ cherry ---
[INFO] Changes detected - recompiling the module!
[INFO] Compiling 7 source files to /tmp/tmp17l6ojfd/cherry/target/test-classes
[WARNING] /tmp/tmp17l6ojfd/cherry/src/test/java/io/magentys/AgentVerifierTest.java: /tmp/tmp17l6ojfd/cherry/src/test/java/io/magentys/AgentVerifierTest.java uses unchecked or unsafe operations.
[WARNING] /tmp/tmp17l6ojfd/cherry/src/test/java/io/magentys/AgentVerifierTest.java: Recompile with -Xlint:unchecked for details.
[INFO] 
[INFO] --- maven-surefire-plugin:2.19.1:test (default-test) @ cherry ---
[INFO] Surefire report directory: /tmp/tmp17l6ojfd/cherry/target/surefire-reports

-------------------------------------------------------
 T E S T S
-------------------------------------------------------
Running io.magentys.screens.ScreenFactoryTest
Tests run: 1, Failures: 0, Errors: 0, Skipped: 0, Time elapsed: 0.664 sec - in io.magentys.screens.ScreenFactoryTest
Running io.magentys.NarratorTest
agent[immaculate] - 30/07/2020 20:26:57 [INFO]:	Print this before
agent[immaculate] - 30/07/2020 20:26:57 [INFO]:	print before
agent[immaculate] - 30/07/2020 20:26:57 [INFO]:	hello world
agent[immaculate] - 30/07/2020 20:26:57 [INFO]:	hello world!
agent[immaculate] - 30/07/2020 20:26:57 [INFO]:	print after
agent[immaculate] - 30/07/2020 20:26:57 [INFO]:	Print this before
agent[immaculate] - 30/07/2020 20:26:57 [INFO]:	print before
agent[immaculate] - 30/07/2020 20:26:57 [INFO]:	hello world
agent[immaculate] - 30/07/2020 20:26:57 [INFO]:	hello world!
agent[immaculate] - 30/07/2020 20:26:57 [INFO]:	print after
Tests run: 1, Failures: 0, Errors: 0, Skipped: 0, Time elapsed: 0.055 sec - in io.magentys.NarratorTest
Running io.magentys.CoreMemoryTest
Tests run: 5, Failures: 0, Errors: 0, Skipped: 0, Time elapsed: 0.003 sec - in io.magentys.CoreMemoryTest
Running io.magentys.AgentVerifierTest
Tests run: 1, Failures: 0, Errors: 0, Skipped: 0, Time elapsed: 0 sec - in io.magentys.AgentVerifierTest
Running io.magentys.SugarsTest
Tests run: 1, Failures: 0, Errors: 0, Skipped: 0, Time elapsed: 0 sec - in io.magentys.SugarsTest
Running io.magentys.AgentProviderTest
Tests run: 4, Failures: 0, Errors: 0, Skipped: 0, Time elapsed: 0.003 sec - in io.magentys.AgentProviderTest
Running io.magentys.AgentTest
null
important Document
Tests run: 6, Failures: 0, Errors: 0, Skipped: 0, Time elapsed: 0.017 sec - in io.magentys.AgentTest

Results :

Tests run: 19, Failures: 0, Errors: 0, Skipped: 0

[INFO] 
[INFO] --- jacoco-maven-plugin:0.8.5:report (report) @ cherry ---
[INFO] Loading execution data file /tmp/tmp17l6ojfd/cherry/target/jacoco.exec
[INFO] Analyzed bundle 'cherry' with 270 classes
[INFO] ------------------------------------------------------------------------
[INFO] BUILD SUCCESS
[INFO] ------------------------------------------------------------------------
[INFO] Total time:  17.941 s
[INFO] Finished at: 2020-07-30T20:26:58Z
[INFO] ------------------------------------------------------------------------
