[INFO] Error stacktraces are turned on.
[INFO] Scanning for projects...
[INFO] 
[INFO] --------------------< com.smockin:smockin-express >---------------------
[INFO] Building smockin-express 1.0.3
[INFO] --------------------------------[ jar ]---------------------------------
[INFO] 
[INFO] --- properties-maven-plugin:1.0.0:set-system-properties (default) @ smockin-express ---
[INFO] Set 1 system property
[INFO] 
[INFO] --- jacoco-maven-plugin:0.8.5:prepare-agent (default) @ smockin-express ---
[INFO] argLine set to -javaagent:/home/jdbl/.m2/repository/org/jacoco/org.jacoco.agent/0.8.5/org.jacoco.agent-0.8.5-runtime.jar=destfile=/tmp/tmp_htngziw/smockin-express/target/jacoco.exec
[INFO] 
[INFO] --- maven-resources-plugin:2.6:resources (default-resources) @ smockin-express ---
[INFO] Using 'UTF-8' encoding to copy filtered resources.
[INFO] Copying 2 resources
[INFO] 
[INFO] --- maven-compiler-plugin:2.5.1:compile (default-compile) @ smockin-express ---
[INFO] Compiling 27 source files to /tmp/tmp_htngziw/smockin-express/target/classes
[INFO] 
[INFO] --- maven-resources-plugin:2.6:testResources (default-testResources) @ smockin-express ---
[INFO] Using 'UTF-8' encoding to copy filtered resources.
[INFO] Copying 2 resources
[INFO] 
[INFO] --- maven-compiler-plugin:2.5.1:testCompile (default-testCompile) @ smockin-express ---
[INFO] Compiling 1 source file to /tmp/tmp_htngziw/smockin-express/target/test-classes
[INFO] 
[INFO] --- maven-surefire-plugin:2.19.1:test (default-test) @ smockin-express ---
[INFO] Surefire report directory: /tmp/tmp_htngziw/smockin-express/target/surefire-reports

-------------------------------------------------------
 T E S T S
-------------------------------------------------------
Running com.smockin.SmockinExpressDemoTest
SLF4J: Failed to load class "org.slf4j.impl.StaticLoggerBinder".
SLF4J: Defaulting to no-operation (NOP) logger implementation
SLF4J: See http://www.slf4j.org/codes.html#StaticLoggerBinder for further details.
Tests run: 3, Failures: 0, Errors: 0, Skipped: 0, Time elapsed: 7.537 sec - in com.smockin.SmockinExpressDemoTest

Results :

Tests run: 3, Failures: 0, Errors: 0, Skipped: 0

[INFO] 
[INFO] --- jacoco-maven-plugin:0.8.5:report (report) @ smockin-express ---
[INFO] Loading execution data file /tmp/tmp_htngziw/smockin-express/target/jacoco.exec
[INFO] Analyzed bundle 'smockin-express' with 266 classes
[INFO] ------------------------------------------------------------------------
[INFO] BUILD SUCCESS
[INFO] ------------------------------------------------------------------------
[INFO] Total time:  21.000 s
[INFO] Finished at: 2020-07-30T22:02:07Z
[INFO] ------------------------------------------------------------------------
