[INFO] Error stacktraces are turned on.
[INFO] Scanning for projects...
[INFO] 
[INFO] -------------------< hr.com.vgv.verano:verano-http >--------------------
[INFO] Building verano-http 1.0-SNAPSHOT
[INFO] --------------------------------[ jar ]---------------------------------
[INFO] 
[INFO] --- maven-enforcer-plugin:1.4.1:enforce (enforce-maven) @ verano-http ---
[INFO] 
[INFO] --- buildnumber-maven-plugin:1.4:create (jcabi-build-number) @ verano-http ---
[INFO] ShortRevision tag detected. The value is '7'.
[INFO] Executing: /bin/sh -c cd '/tmp/tmpsh6ck655/verano-http' && 'git' 'rev-parse' '--verify' '--short=7' 'HEAD'
[INFO] Working directory: /tmp/tmpsh6ck655/verano-http
[INFO] Storing buildNumber: 6bf608f at timestamp: 2020-07-30T22:34:14
[WARNING] Cannot get the branch information from the git repository: 
Detecting the current branch failed: fatal: ref HEAD is not a symbolic ref

[INFO] ShortRevision tag detected. The value is '7'.
[INFO] Executing: /bin/sh -c cd '/tmp/tmpsh6ck655/verano-http' && 'git' 'rev-parse' '--verify' '--short=7' 'HEAD'
[INFO] Working directory: /tmp/tmpsh6ck655/verano-http
[INFO] Storing buildScmBranch: UNKNOWN
[INFO] 
[INFO] --- buildnumber-maven-plugin:1.4:create-timestamp (jcabi-build-number) @ verano-http ---
[INFO] 
[INFO] --- jacoco-maven-plugin:0.8.5:prepare-agent (default) @ verano-http ---
[INFO] argLine set to -javaagent:/home/jdbl/.m2/repository/org/jacoco/org.jacoco.agent/0.8.5/org.jacoco.agent-0.8.5-runtime.jar=destfile=/tmp/tmpsh6ck655/verano-http/target/jacoco.exec
[INFO] 
[INFO] --- maven-resources-plugin:3.0.1:resources (default-resources) @ verano-http ---
[INFO] Using 'UTF-8' encoding to copy filtered resources.
[INFO] skip non existing resourceDirectory /tmp/tmpsh6ck655/verano-http/src/main/resources
[INFO] 
[INFO] --- maven-compiler-plugin:3.7.0:compile (default-compile) @ verano-http ---
[INFO] Changes detected - recompiling the module!
[INFO] Compiling 77 source files to /tmp/tmpsh6ck655/verano-http/target/classes
[INFO] 
[INFO] --- maven-resources-plugin:3.0.1:testResources (default-testResources) @ verano-http ---
[INFO] Using 'UTF-8' encoding to copy filtered resources.
[INFO] skip non existing resourceDirectory /tmp/tmpsh6ck655/verano-http/src/test/resources
[INFO] 
[INFO] --- maven-compiler-plugin:3.7.0:testCompile (default-testCompile) @ verano-http ---
[INFO] Changes detected - recompiling the module!
[INFO] Compiling 61 source files to /tmp/tmpsh6ck655/verano-http/target/test-classes
[INFO] 
[INFO] --- maven-surefire-plugin:2.19.1:test (default-test) @ verano-http ---
[INFO] Surefire report directory: /tmp/tmpsh6ck655/verano-http/target/surefire-reports
[INFO] parallel='suites', perCoreThreadCount=true, threadCount=4, useUnlimitedThreads=false, threadCountSuites=0, threadCountClasses=0, threadCountMethods=0, parallelOptimized=true

-------------------------------------------------------
 T E S T S
-------------------------------------------------------
Running hr.com.vgv.verano.http.parts.HeaderOfTest
Tests run: 1, Failures: 0, Errors: 0, Skipped: 0, Time elapsed: 0.245 sec - in hr.com.vgv.verano.http.parts.HeaderOfTest
Running hr.com.vgv.verano.http.mock.GetMatchTest
Tests run: 2, Failures: 0, Errors: 0, Skipped: 0, Time elapsed: 0.039 sec - in hr.com.vgv.verano.http.mock.GetMatchTest
Running hr.com.vgv.verano.http.parts.QueryParamsTest
Tests run: 1, Failures: 0, Errors: 0, Skipped: 0, Time elapsed: 0.006 sec - in hr.com.vgv.verano.http.parts.QueryParamsTest
Running hr.com.vgv.verano.http.parts.QueryParamOfTest
Tests run: 1, Failures: 0, Errors: 0, Skipped: 0, Time elapsed: 0.001 sec - in hr.com.vgv.verano.http.parts.QueryParamOfTest
Running hr.com.vgv.verano.http.parts.PathTest
Tests run: 1, Failures: 0, Errors: 0, Skipped: 0, Time elapsed: 0.004 sec - in hr.com.vgv.verano.http.parts.PathTest
Running hr.com.vgv.verano.http.JoinedDictTest
Tests run: 2, Failures: 0, Errors: 0, Skipped: 0, Time elapsed: 0.004 sec - in hr.com.vgv.verano.http.JoinedDictTest
Running hr.com.vgv.verano.http.response.ExpectedStatusTest
Tests run: 2, Failures: 0, Errors: 0, Skipped: 0, Time elapsed: 0.184 sec - in hr.com.vgv.verano.http.response.ExpectedStatusTest
Running hr.com.vgv.verano.http.response.StatusOfTest
Tests run: 1, Failures: 0, Errors: 0, Skipped: 0, Time elapsed: 0.008 sec - in hr.com.vgv.verano.http.response.StatusOfTest
Running hr.com.vgv.verano.http.mock.RequestUriMatchTest
Tests run: 2, Failures: 0, Errors: 0, Skipped: 0, Time elapsed: 0.004 sec - in hr.com.vgv.verano.http.mock.RequestUriMatchTest
SLF4J: Failed to load class "org.slf4j.impl.StaticLoggerBinder".
SLF4J: Defaulting to no-operation (NOP) logger implementation
SLF4J: See http://www.slf4j.org/codes.html#StaticLoggerBinder for further details.
Running hr.com.vgv.verano.http.parts.headers.AuthorizationTest
Tests run: 1, Failures: 0, Errors: 0, Skipped: 0, Time elapsed: 0.001 sec - in hr.com.vgv.verano.http.parts.headers.AuthorizationTest
Running hr.com.vgv.verano.http.response.ResponseTest
Tests run: 5, Failures: 0, Errors: 0, Skipped: 0, Time elapsed: 3.229 sec - in hr.com.vgv.verano.http.response.ResponseTest
Running hr.com.vgv.verano.http.parts.HeadersOfTest
Tests run: 2, Failures: 0, Errors: 0, Skipped: 0, Time elapsed: 0.016 sec - in hr.com.vgv.verano.http.parts.HeadersOfTest
Running hr.com.vgv.verano.http.wire.RetryWireTest
Tests run: 3, Failures: 0, Errors: 0, Skipped: 0, Time elapsed: 0.031 sec - in hr.com.vgv.verano.http.wire.RetryWireTest
Running hr.com.vgv.verano.http.parts.headers.CookieOfTest
Tests run: 3, Failures: 0, Errors: 0, Skipped: 0, Time elapsed: 0.005 sec - in hr.com.vgv.verano.http.parts.headers.CookieOfTest
Running hr.com.vgv.verano.http.request.GetTest
Tests run: 4, Failures: 0, Errors: 0, Skipped: 0, Time elapsed: 0.004 sec - in hr.com.vgv.verano.http.request.GetTest
Running hr.com.vgv.verano.http.parts.RequestUriTest
Tests run: 1, Failures: 0, Errors: 0, Skipped: 0, Time elapsed: 0.002 sec - in hr.com.vgv.verano.http.parts.RequestUriTest
Running hr.com.vgv.verano.http.mock.PutMatchTest
Tests run: 2, Failures: 0, Errors: 0, Skipped: 0, Time elapsed: 0.002 sec - in hr.com.vgv.verano.http.mock.PutMatchTest
Running hr.com.vgv.verano.http.request.PostTest
Tests run: 4, Failures: 0, Errors: 0, Skipped: 0, Time elapsed: 0.002 sec - in hr.com.vgv.verano.http.request.PostTest
Running hr.com.vgv.verano.http.parts.headers.CookieTest
Tests run: 1, Failures: 0, Errors: 0, Skipped: 0, Time elapsed: 0.001 sec - in hr.com.vgv.verano.http.parts.headers.CookieTest
Running hr.com.vgv.verano.http.parts.FormParamOfTest
Tests run: 1, Failures: 0, Errors: 0, Skipped: 0, Time elapsed: 0.003 sec - in hr.com.vgv.verano.http.parts.FormParamOfTest
Running hr.com.vgv.verano.http.mock.PostMatchTest
Tests run: 2, Failures: 0, Errors: 0, Skipped: 0, Time elapsed: 0.002 sec - in hr.com.vgv.verano.http.mock.PostMatchTest
Running hr.com.vgv.verano.http.mock.HeaderMatchTest
Tests run: 2, Failures: 0, Errors: 0, Skipped: 0, Time elapsed: 0.003 sec - in hr.com.vgv.verano.http.mock.HeaderMatchTest
Running hr.com.vgv.verano.http.parts.body.JsonBodyOfTest
Tests run: 3, Failures: 0, Errors: 0, Skipped: 0, Time elapsed: 0.034 sec - in hr.com.vgv.verano.http.parts.body.JsonBodyOfTest
Running hr.com.vgv.verano.http.parts.headers.AcceptTest
Tests run: 1, Failures: 0, Errors: 0, Skipped: 0, Time elapsed: 0.003 sec - in hr.com.vgv.verano.http.parts.headers.AcceptTest
Running hr.com.vgv.verano.http.parts.body.JsonBodyTest
Tests run: 2, Failures: 0, Errors: 0, Skipped: 0, Time elapsed: 0.011 sec - in hr.com.vgv.verano.http.parts.body.JsonBodyTest
Running hr.com.vgv.verano.http.wire.apache.SslTrustedTest
Tests run: 1, Failures: 0, Errors: 0, Skipped: 0, Time elapsed: 0.006 sec - in hr.com.vgv.verano.http.wire.apache.SslTrustedTest
Running hr.com.vgv.verano.http.parts.QueryParamTest
Tests run: 1, Failures: 0, Errors: 0, Skipped: 0, Time elapsed: 0.006 sec - in hr.com.vgv.verano.http.parts.QueryParamTest
Running hr.com.vgv.verano.http.parts.body.XmlBodyTest
Tests run: 2, Failures: 0, Errors: 0, Skipped: 0, Time elapsed: 0.091 sec - in hr.com.vgv.verano.http.parts.body.XmlBodyTest
Running hr.com.vgv.verano.http.parts.body.DtoBodyOfTest
Tests run: 1, Failures: 0, Errors: 0, Skipped: 0, Time elapsed: 0.441 sec - in hr.com.vgv.verano.http.parts.body.DtoBodyOfTest
Running hr.com.vgv.verano.http.parts.MethodTest
Tests run: 1, Failures: 0, Errors: 0, Skipped: 0, Time elapsed: 0.001 sec - in hr.com.vgv.verano.http.parts.MethodTest
Running hr.com.vgv.verano.http.mock.BodyMatchTest
Tests run: 2, Failures: 0, Errors: 0, Skipped: 0, Time elapsed: 0.001 sec - in hr.com.vgv.verano.http.mock.BodyMatchTest
Running hr.com.vgv.verano.http.parts.FormParamsTest
Tests run: 1, Failures: 0, Errors: 0, Skipped: 0, Time elapsed: 0.003 sec - in hr.com.vgv.verano.http.parts.FormParamsTest
Running hr.com.vgv.verano.http.mock.FormParamMatchTest
Tests run: 2, Failures: 0, Errors: 0, Skipped: 0, Time elapsed: 0.005 sec - in hr.com.vgv.verano.http.mock.FormParamMatchTest
Running hr.com.vgv.verano.http.response.ReasonPhraseTest
Tests run: 1, Failures: 0, Errors: 0, Skipped: 0, Time elapsed: 0 sec - in hr.com.vgv.verano.http.response.ReasonPhraseTest
Running hr.com.vgv.verano.http.parts.body.DtoBodyTest
Tests run: 1, Failures: 0, Errors: 0, Skipped: 0, Time elapsed: 0.026 sec - in hr.com.vgv.verano.http.parts.body.DtoBodyTest
Running hr.com.vgv.verano.http.wire.apache.ProxyTest
Tests run: 1, Failures: 0, Errors: 0, Skipped: 0, Time elapsed: 0.006 sec - in hr.com.vgv.verano.http.wire.apache.ProxyTest
Running hr.com.vgv.verano.http.request.PutTest
Tests run: 4, Failures: 0, Errors: 0, Skipped: 0, Time elapsed: 0.003 sec - in hr.com.vgv.verano.http.request.PutTest
Running hr.com.vgv.verano.http.mock.PathMatchTest
Tests run: 2, Failures: 0, Errors: 0, Skipped: 0, Time elapsed: 0.002 sec - in hr.com.vgv.verano.http.mock.PathMatchTest
Running hr.com.vgv.verano.http.wire.apache.ApacheWireTest
Tests run: 4, Failures: 0, Errors: 0, Skipped: 0, Time elapsed: 0.682 sec - in hr.com.vgv.verano.http.wire.apache.ApacheWireTest
Running hr.com.vgv.verano.http.request.DeleteTest
Tests run: 4, Failures: 0, Errors: 0, Skipped: 0, Time elapsed: 0.002 sec - in hr.com.vgv.verano.http.request.DeleteTest
Running hr.com.vgv.verano.http.parts.body.XmlBodyOfTest
Tests run: 1, Failures: 0, Errors: 0, Skipped: 0, Time elapsed: 0.002 sec - in hr.com.vgv.verano.http.parts.body.XmlBodyOfTest
Running hr.com.vgv.verano.http.parts.FormParamsOfTest
Tests run: 1, Failures: 0, Errors: 0, Skipped: 0, Time elapsed: 0.001 sec - in hr.com.vgv.verano.http.parts.FormParamsOfTest
Running hr.com.vgv.verano.http.request.RequestTest
Tests run: 1, Failures: 0, Errors: 0, Skipped: 0, Time elapsed: 0.001 sec - in hr.com.vgv.verano.http.request.RequestTest
Running hr.com.vgv.verano.http.parts.RequestUriOfTest
Tests run: 1, Failures: 0, Errors: 0, Skipped: 0, Time elapsed: 0.004 sec - in hr.com.vgv.verano.http.parts.RequestUriOfTest
Running hr.com.vgv.verano.http.parts.HeadersTest
Tests run: 1, Failures: 0, Errors: 0, Skipped: 0, Time elapsed: 0.001 sec - in hr.com.vgv.verano.http.parts.HeadersTest
Running hr.com.vgv.verano.http.parts.HeaderTest
Tests run: 1, Failures: 0, Errors: 0, Skipped: 0, Time elapsed: 0 sec - in hr.com.vgv.verano.http.parts.HeaderTest
Running hr.com.vgv.verano.http.parts.BodyTest
Tests run: 1, Failures: 0, Errors: 0, Skipped: 0, Time elapsed: 0 sec - in hr.com.vgv.verano.http.parts.BodyTest
Running hr.com.vgv.verano.http.parts.headers.BasicAuthTest
Tests run: 1, Failures: 0, Errors: 0, Skipped: 0, Time elapsed: 0.011 sec - in hr.com.vgv.verano.http.parts.headers.BasicAuthTest
Running hr.com.vgv.verano.http.parts.MethodOfTest
Tests run: 1, Failures: 0, Errors: 0, Skipped: 0, Time elapsed: 0.002 sec - in hr.com.vgv.verano.http.parts.MethodOfTest
Running hr.com.vgv.verano.http.wire.ExpandedWireTest
Tests run: 1, Failures: 0, Errors: 0, Skipped: 0, Time elapsed: 0.002 sec - in hr.com.vgv.verano.http.wire.ExpandedWireTest
Running hr.com.vgv.verano.http.response.ReasonPhraseOfTest
Tests run: 1, Failures: 0, Errors: 0, Skipped: 0, Time elapsed: 0.001 sec - in hr.com.vgv.verano.http.response.ReasonPhraseOfTest
Running hr.com.vgv.verano.http.parts.QueryParamsOfTest
Tests run: 1, Failures: 0, Errors: 0, Skipped: 0, Time elapsed: 0 sec - in hr.com.vgv.verano.http.parts.QueryParamsOfTest
Running hr.com.vgv.verano.http.wire.VerificationWireTest
Tests run: 1, Failures: 0, Errors: 0, Skipped: 0, Time elapsed: 0.001 sec - in hr.com.vgv.verano.http.wire.VerificationWireTest
Running hr.com.vgv.verano.http.parts.body.HtmlBodyOfTest
Tests run: 1, Failures: 0, Errors: 0, Skipped: 0, Time elapsed: 0.187 sec - in hr.com.vgv.verano.http.parts.body.HtmlBodyOfTest
Running hr.com.vgv.verano.http.mock.DeleteMatchTest
Tests run: 2, Failures: 0, Errors: 0, Skipped: 0, Time elapsed: 0.001 sec - in hr.com.vgv.verano.http.mock.DeleteMatchTest
Running hr.com.vgv.verano.http.mock.QueryParamMatchTest
Tests run: 2, Failures: 0, Errors: 0, Skipped: 0, Time elapsed: 0.002 sec - in hr.com.vgv.verano.http.mock.QueryParamMatchTest
Running hr.com.vgv.verano.http.parts.headers.ContentTypeTest
Tests run: 1, Failures: 0, Errors: 0, Skipped: 0, Time elapsed: 0.006 sec - in hr.com.vgv.verano.http.parts.headers.ContentTypeTest
Running hr.com.vgv.verano.http.parts.body.HtmlBodyTest
Tests run: 2, Failures: 0, Errors: 0, Skipped: 0, Time elapsed: 0.005 sec - in hr.com.vgv.verano.http.parts.body.HtmlBodyTest
Running hr.com.vgv.verano.http.response.StatusTest
Tests run: 1, Failures: 0, Errors: 0, Skipped: 0, Time elapsed: 0.013 sec - in hr.com.vgv.verano.http.response.StatusTest
Running hr.com.vgv.verano.http.parts.BodyOfTest
Tests run: 2, Failures: 0, Errors: 0, Skipped: 0, Time elapsed: 0.004 sec - in hr.com.vgv.verano.http.parts.BodyOfTest

Results :

Tests run: 102, Failures: 0, Errors: 0, Skipped: 0

[INFO] 
[INFO] --- jacoco-maven-plugin:0.8.5:report (report) @ verano-http ---
[INFO] Loading execution data file /tmp/tmpsh6ck655/verano-http/target/jacoco.exec
[INFO] Analyzed bundle 'verano-http' with 312 classes
[INFO] ------------------------------------------------------------------------
[INFO] BUILD SUCCESS
[INFO] ------------------------------------------------------------------------
[INFO] Total time:  01:27 min
[INFO] Finished at: 2020-07-30T22:34:39Z
[INFO] ------------------------------------------------------------------------
