[INFO] Error stacktraces are turned on.
[INFO] Scanning for projects...
[WARNING] 
[WARNING] Some problems were encountered while building the effective model for SM2_SM3_SM4:com.luwan.github:jar:1.0.0
[WARNING] 'build.plugins.plugin.version' for org.apache.maven.plugins:maven-compiler-plugin is missing. @ line 8, column 15
[WARNING] 
[WARNING] It is highly recommended to fix these problems because they threaten the stability of your build.
[WARNING] 
[WARNING] For this reason, future Maven versions might no longer support building such malformed projects.
[WARNING] 
[INFO] 
[INFO] --------------------< SM2_SM3_SM4:com.luwan.github >--------------------
[INFO] Building com.luwan.github 1.0.0
[INFO] --------------------------------[ jar ]---------------------------------
[INFO] 
[INFO] --- jacoco-maven-plugin:0.8.5:prepare-agent (default) @ com.luwan.github ---
[INFO] argLine set to -javaagent:/home/jdbl/.m2/repository/org/jacoco/org.jacoco.agent/0.8.5/org.jacoco.agent-0.8.5-runtime.jar=destfile=/tmp/tmps1vag0q_/sm2sm3sm4/target/jacoco.exec
[INFO] 
[INFO] --- maven-resources-plugin:2.6:resources (default-resources) @ com.luwan.github ---
[INFO] Using 'UTF-8' encoding to copy filtered resources.
[INFO] skip non existing resourceDirectory /tmp/tmps1vag0q_/sm2sm3sm4/src/main/resources
[INFO] 
[INFO] --- maven-compiler-plugin:3.1:compile (default-compile) @ com.luwan.github ---
[INFO] Changes detected - recompiling the module!
[INFO] Compiling 16 source files to /tmp/tmps1vag0q_/sm2sm3sm4/target/classes
[WARNING] /tmp/tmps1vag0q_/sm2sm3sm4/src/main/java/com/luwan/github/sm/sm2/Cipher.java: Some input files use or override a deprecated API.
[WARNING] /tmp/tmps1vag0q_/sm2sm3sm4/src/main/java/com/luwan/github/sm/sm2/Cipher.java: Recompile with -Xlint:deprecation for details.
[INFO] 
[INFO] --- maven-resources-plugin:2.6:testResources (default-testResources) @ com.luwan.github ---
[INFO] Using 'UTF-8' encoding to copy filtered resources.
[INFO] skip non existing resourceDirectory /tmp/tmps1vag0q_/sm2sm3sm4/src/test/resources
[INFO] 
[INFO] --- maven-compiler-plugin:3.1:testCompile (default-testCompile) @ com.luwan.github ---
[INFO] Changes detected - recompiling the module!
[INFO] Compiling 2 source files to /tmp/tmps1vag0q_/sm2sm3sm4/target/test-classes
[INFO] 
[INFO] --- maven-surefire-plugin:2.19.1:test (default-test) @ com.luwan.github ---
[INFO] Surefire report directory: /tmp/tmps1vag0q_/sm2sm3sm4/target/surefire-reports

-------------------------------------------------------
 T E S T S
-------------------------------------------------------
Running com.luwan.github.sm.SmTest
ff01b8fd7f2c9daab10657a46df42116595dc5ddb145a26eefe3411e05b00353
Tests run: 3, Failures: 0, Errors: 0, Skipped: 0, Time elapsed: 1.235 sec - in com.luwan.github.sm.SmTest
Running com.luwan.github.sm.UtilsTest
50462976
67305985
84148994
100992003
117835012
134678021
151521030
168364039
185207048
202050057
平均时间：0毫秒
Tests run: 1, Failures: 0, Errors: 0, Skipped: 0, Time elapsed: 0.002 sec - in com.luwan.github.sm.UtilsTest

Results :

Tests run: 4, Failures: 0, Errors: 0, Skipped: 0

[INFO] 
[INFO] --- jacoco-maven-plugin:0.8.5:report (report) @ com.luwan.github ---
[INFO] Loading execution data file /tmp/tmps1vag0q_/sm2sm3sm4/target/jacoco.exec
[INFO] Analyzed bundle 'com.luwan.github' with 90 classes
[INFO] ------------------------------------------------------------------------
[INFO] BUILD SUCCESS
[INFO] ------------------------------------------------------------------------
[INFO] Total time:  11.344 s
[INFO] Finished at: 2020-07-30T20:32:00Z
[INFO] ------------------------------------------------------------------------
