[INFO] Error stacktraces are turned on.
[INFO] Scanning for projects...
[INFO] 
[INFO] -----------------------< net.seninp:grammarviz2 >-----------------------
[INFO] Building GrammarViz2 0.0.1-SNAPSHOT
[INFO] --------------------------------[ jar ]---------------------------------
[INFO] 
[INFO] --- jacoco-maven-plugin:0.8.5:prepare-agent (default) @ grammarviz2 ---
[INFO] argLine set to -javaagent:/home/jdbl/.m2/repository/org/jacoco/org.jacoco.agent/0.8.5/org.jacoco.agent-0.8.5-runtime.jar=destfile=/tmp/tmpocz6s7pe/grammarviz2_src/target/jacoco.exec
[INFO] 
[INFO] --- maven-resources-plugin:2.6:resources (default-resources) @ grammarviz2 ---
[INFO] Using 'UTF-8' encoding to copy filtered resources.
[INFO] skip non existing resourceDirectory /tmp/tmpocz6s7pe/grammarviz2_src/src/main/resources
[INFO] 
[INFO] --- maven-compiler-plugin:3.3:compile (default-compile) @ grammarviz2 ---
[INFO] Changes detected - recompiling the module!
[INFO] Compiling 61 source files to /tmp/tmpocz6s7pe/grammarviz2_src/target/classes
[INFO] 
[INFO] --- maven-resources-plugin:2.6:testResources (default-testResources) @ grammarviz2 ---
[INFO] Using 'UTF-8' encoding to copy filtered resources.
[INFO] skip non existing resourceDirectory /tmp/tmpocz6s7pe/grammarviz2_src/src/test/resources
[INFO] 
[INFO] --- maven-compiler-plugin:3.3:testCompile (default-testCompile) @ grammarviz2 ---
[INFO] Changes detected - recompiling the module!
[INFO] Compiling 2 source files to /tmp/tmpocz6s7pe/grammarviz2_src/target/test-classes
[INFO] 
[INFO] --- maven-surefire-plugin:2.19.1:test (default-test) @ grammarviz2 ---
[INFO] Surefire report directory: /tmp/tmpocz6s7pe/grammarviz2_src/target/surefire-reports

-------------------------------------------------------
 T E S T S
-------------------------------------------------------
Running net.seninp.tinker.TestInterval
Tests run: 5, Failures: 0, Errors: 0, Skipped: 0, Time elapsed: 0.107 sec - in net.seninp.tinker.TestInterval
Running net.seninp.grammarviz.anomaly.TestRRAanomaly
brute force discord '#0', distance: 9.949874371066695, position: 363, info: position 363, NN distance 9.949874371066695, elapsed time: 1s959ms, distance calls: 1958600
hotsax hash discord 'bca', distance: 9.949874371066695, position: 363, info: position 363, NN distance 9.949874371066695, elapsed time: 50ms, distance calls: 9295
[main] INFO RRAImplementation - 1 discords found in 115ms
RRA discords 'pos,calls,len,rule 366 11553 101 7', distance: 0.09900990099010303, position: 366, info: position 366, length 101, NN distance 0.09900990099010303, elapsed time: 115ms, distance calls: 11553
Tests run: 1, Failures: 0, Errors: 0, Skipped: 0, Time elapsed: 2.265 sec - in net.seninp.grammarviz.anomaly.TestRRAanomaly

Results :

Tests run: 6, Failures: 0, Errors: 0, Skipped: 0

[INFO] 
[INFO] --- jacoco-maven-plugin:0.8.5:report (report) @ grammarviz2 ---
[INFO] Loading execution data file /tmp/tmpocz6s7pe/grammarviz2_src/target/jacoco.exec
[INFO] Analyzed bundle 'GrammarViz2' with 342 classes
[INFO] ------------------------------------------------------------------------
[INFO] BUILD SUCCESS
[INFO] ------------------------------------------------------------------------
[INFO] Total time:  7.915 s
[INFO] Finished at: 2020-07-30T16:12:12Z
[INFO] ------------------------------------------------------------------------
