[INFO] Error stacktraces are turned on.
[INFO] Scanning for projects...
[INFO] 
[INFO] ----------------------< ru.sberned:kafka-logback >----------------------
[INFO] Building kafka-logback 1.0.3
[INFO] --------------------------------[ jar ]---------------------------------
[INFO] 
[INFO] --- jacoco-maven-plugin:0.8.5:prepare-agent (default) @ kafka-logback ---
[INFO] argLine set to -javaagent:/home/jdbl/.m2/repository/org/jacoco/org.jacoco.agent/0.8.5/org.jacoco.agent-0.8.5-runtime.jar=destfile=/tmp/tmpx8kspah8/kafka-logback/target/jacoco.exec
[INFO] 
[INFO] --- maven-resources-plugin:2.6:resources (default-resources) @ kafka-logback ---
[INFO] Using 'UTF-8' encoding to copy filtered resources.
[INFO] skip non existing resourceDirectory /tmp/tmpx8kspah8/kafka-logback/src/main/resources
[INFO] 
[INFO] --- maven-compiler-plugin:3.6.1:compile (default-compile) @ kafka-logback ---
[INFO] Changes detected - recompiling the module!
[INFO] Compiling 2 source files to /tmp/tmpx8kspah8/kafka-logback/target/classes
[INFO] 
[INFO] --- maven-resources-plugin:2.6:testResources (default-testResources) @ kafka-logback ---
[INFO] Using 'UTF-8' encoding to copy filtered resources.
[INFO] skip non existing resourceDirectory /tmp/tmpx8kspah8/kafka-logback/src/test/resources
[INFO] 
[INFO] --- maven-compiler-plugin:3.6.1:testCompile (default-testCompile) @ kafka-logback ---
[INFO] Changes detected - recompiling the module!
[INFO] Compiling 2 source files to /tmp/tmpx8kspah8/kafka-logback/target/test-classes
[INFO] /tmp/tmpx8kspah8/kafka-logback/src/test/java/ru/sberned/kafkalogback/KafkaAppenderTest.java: /tmp/tmpx8kspah8/kafka-logback/src/test/java/ru/sberned/kafkalogback/KafkaAppenderTest.java uses unchecked or unsafe operations.
[INFO] /tmp/tmpx8kspah8/kafka-logback/src/test/java/ru/sberned/kafkalogback/KafkaAppenderTest.java: Recompile with -Xlint:unchecked for details.
[INFO] 
[INFO] --- maven-surefire-plugin:2.19.1:test (default-test) @ kafka-logback ---
[INFO] Surefire report directory: /tmp/tmpx8kspah8/kafka-logback/target/surefire-reports

-------------------------------------------------------
 T E S T S
-------------------------------------------------------
Running ru.sberned.kafkalogback.CustomJsonLayoutTest
LOGBACK: No context given for ru.sberned.kafkalogback.CustomJsonLayout@4d1c005e
Tests run: 4, Failures: 0, Errors: 0, Skipped: 0, Time elapsed: 0.246 sec - in ru.sberned.kafkalogback.CustomJsonLayoutTest
Running ru.sberned.kafkalogback.KafkaAppenderTest
LOGBACK: No context given for ru.sberned.kafkalogback.KafkaAppenderTest$TestKafkaAppender[null]
LOGBACK: No context given for ru.sberned.kafkalogback.KafkaAppenderTest$ExceptionalTestKafkaAppender[null]
LOGBACK: No context given for ru.sberned.kafkalogback.KafkaAppenderTest$ExceptionalTestKafkaAppender[null]
Tests run: 9, Failures: 0, Errors: 0, Skipped: 0, Time elapsed: 0.915 sec - in ru.sberned.kafkalogback.KafkaAppenderTest

Results :

Tests run: 13, Failures: 0, Errors: 0, Skipped: 0

[INFO] 
[INFO] --- jacoco-maven-plugin:0.8.5:report (report) @ kafka-logback ---
[INFO] Loading execution data file /tmp/tmpx8kspah8/kafka-logback/target/jacoco.exec
[INFO] Analyzed bundle 'kafka-logback' with 992 classes
[INFO] ------------------------------------------------------------------------
[INFO] BUILD SUCCESS
[INFO] ------------------------------------------------------------------------
[INFO] Total time:  11.059 s
[INFO] Finished at: 2020-07-31T08:28:43Z
[INFO] ------------------------------------------------------------------------
