[INFO] Error stacktraces are turned on.
[INFO] Scanning for projects...
[INFO] 
[INFO] -------------< com.ritesh.zstreamingquote:ZStreamingQuote >-------------
[INFO] Building ZStreamingQuote 1.0-SNAPSHOT
[INFO] --------------------------------[ jar ]---------------------------------
[INFO] 
[INFO] --- jacoco-maven-plugin:0.8.5:prepare-agent (default) @ ZStreamingQuote ---
[INFO] argLine set to -javaagent:/home/jdbl/.m2/repository/org/jacoco/org.jacoco.agent/0.8.5/org.jacoco.agent-0.8.5-runtime.jar=destfile=/tmp/tmpdpr90h9k/ZStreamingQuote/target/jacoco.exec
[INFO] 
[INFO] --- maven-resources-plugin:2.6:resources (default-resources) @ ZStreamingQuote ---
[WARNING] Using platform encoding (UTF-8 actually) to copy filtered resources, i.e. build is platform dependent!
[INFO] skip non existing resourceDirectory /tmp/tmpdpr90h9k/ZStreamingQuote/src/main/resources
[INFO] 
[INFO] --- maven-compiler-plugin:3.3:compile (default-compile) @ ZStreamingQuote ---
[INFO] Changes detected - recompiling the module!
[WARNING] File encoding has not been set, using platform encoding UTF-8, i.e. build is platform dependent!
[INFO] Compiling 29 source files to /tmp/tmpdpr90h9k/ZStreamingQuote/target/classes
[INFO] 
[INFO] --- maven-resources-plugin:2.6:testResources (default-testResources) @ ZStreamingQuote ---
[WARNING] Using platform encoding (UTF-8 actually) to copy filtered resources, i.e. build is platform dependent!
[INFO] skip non existing resourceDirectory /tmp/tmpdpr90h9k/ZStreamingQuote/src/test/resources
[INFO] 
[INFO] --- maven-compiler-plugin:3.3:testCompile (default-testCompile) @ ZStreamingQuote ---
[INFO] Changes detected - recompiling the module!
[WARNING] File encoding has not been set, using platform encoding UTF-8, i.e. build is platform dependent!
[INFO] Compiling 1 source file to /tmp/tmpdpr90h9k/ZStreamingQuote/target/test-classes
[INFO] 
[INFO] --- maven-surefire-plugin:2.19.1:test (default-test) @ ZStreamingQuote ---
[INFO] Surefire report directory: /tmp/tmpdpr90h9k/ZStreamingQuote/target/surefire-reports

-------------------------------------------------------
 T E S T S
-------------------------------------------------------
Running com.ritesh.zstreamingquote.AppTest
Tests run: 1, Failures: 0, Errors: 0, Skipped: 0, Time elapsed: 0.002 sec - in com.ritesh.zstreamingquote.AppTest

Results :

Tests run: 1, Failures: 0, Errors: 0, Skipped: 0

[INFO] 
[INFO] --- jacoco-maven-plugin:0.8.5:report (report) @ ZStreamingQuote ---
[INFO] Loading execution data file /tmp/tmpdpr90h9k/ZStreamingQuote/target/jacoco.exec
[INFO] Analyzed bundle 'ZStreamingQuote' with 640 classes
[INFO] ------------------------------------------------------------------------
[INFO] BUILD SUCCESS
[INFO] ------------------------------------------------------------------------
[INFO] Total time:  6.045 s
[INFO] Finished at: 2020-07-30T15:57:47Z
[INFO] ------------------------------------------------------------------------
