[INFO] Error stacktraces are turned on.
[INFO] Scanning for projects...
[INFO] 
[INFO] -----< nl.sijpesteijn.testing.fitnesse.plugins:mafia-maven-plugin >-----
[INFO] Building MAven FItnesse Adaptor 2.1.12-SNAPSHOT
[INFO] ----------------------------[ maven-plugin ]----------------------------
[WARNING] The artifact ant:ant:jar:1.7.0 has been relocated to org.apache.ant:ant:jar:1.7.0
[INFO] 
[INFO] --- maven-enforcer-plugin:1.0:enforce (enforce-maven) @ mafia-maven-plugin ---
[INFO] 
[INFO] --- jacoco-maven-plugin:0.8.5:prepare-agent (default) @ mafia-maven-plugin ---
[INFO] argLine set to -javaagent:/home/jdbl/.m2/repository/org/jacoco/org.jacoco.agent/0.8.5/org.jacoco.agent-0.8.5-runtime.jar=destfile=/tmp/tmp35uhbw4_/mafia-maven-plugin/target/jacoco.exec
[INFO] 
[INFO] --- maven-plugin-plugin:3.3:helpmojo (help-goal) @ mafia-maven-plugin ---
[INFO] Using 'UTF-8' encoding to read mojo metadata.
[INFO] Applying mojo extractor for language: java
[INFO] Mojo extractor for language: java found 0 mojo descriptors.
[INFO] Applying mojo extractor for language: bsh
[INFO] Mojo extractor for language: bsh found 0 mojo descriptors.
[INFO] Applying mojo extractor for language: java-annotations
[INFO] Mojo extractor for language: java-annotations found 0 mojo descriptors.
[INFO] 
[INFO] --- maven-resources-plugin:2.6:resources (default-resources) @ mafia-maven-plugin ---
[INFO] Using 'UTF-8' encoding to copy filtered resources.
[INFO] Copying 34 resources
[INFO] 
[INFO] --- maven-compiler-plugin:2.3.2:compile (default-compile) @ mafia-maven-plugin ---
[INFO] Compiling 39 source files to /tmp/tmp35uhbw4_/mafia-maven-plugin/target/classes
[INFO] 
[INFO] --- maven-plugin-plugin:3.3:descriptor (default-descriptor) @ mafia-maven-plugin ---
[INFO] Using 'UTF-8' encoding to read mojo metadata.
[INFO] Applying mojo extractor for language: java
[INFO] Mojo extractor for language: java found 0 mojo descriptors.
[INFO] Applying mojo extractor for language: bsh
[INFO] Mojo extractor for language: bsh found 0 mojo descriptors.
[INFO] Applying mojo extractor for language: java-annotations
[WARNING] Deprecated @component for project field in nl.sijpesteijn.testing.fitnesse.plugins.FitNesseRunnerMojo.: replace with @parameter name="${project}" @readonly
[WARNING] Deprecated @component for settings field in nl.sijpesteijn.testing.fitnesse.plugins.FitNesseRunnerMojo.: replace with @parameter name="${settings}" @readonly
[WARNING] Deprecated @component for project field in nl.sijpesteijn.testing.fitnesse.plugins.FitNesseContentMojo.: replace with @parameter name="${project}" @readonly
[WARNING] Deprecated @component for settings field in nl.sijpesteijn.testing.fitnesse.plugins.FitNesseContentMojo.: replace with @parameter name="${settings}" @readonly
[WARNING] Deprecated @component for project field in nl.sijpesteijn.testing.fitnesse.plugins.FitNesseStarterMojo.: replace with @parameter name="${project}" @readonly
[WARNING] Deprecated @component for settings field in nl.sijpesteijn.testing.fitnesse.plugins.FitNesseStarterMojo.: replace with @parameter name="${settings}" @readonly
[WARNING] Deprecated @component for project field in nl.sijpesteijn.testing.fitnesse.plugins.FitNesseReportMojo.: replace with @parameter name="${project}" @readonly
[WARNING] Deprecated @component for project field in nl.sijpesteijn.testing.fitnesse.plugins.FitNesseStopperMojo.: replace with @parameter name="${project}" @readonly
[WARNING] Deprecated @component for settings field in nl.sijpesteijn.testing.fitnesse.plugins.FitNesseStopperMojo.: replace with @parameter name="${settings}" @readonly
[INFO] Mojo extractor for language: java-annotations found 6 mojo descriptors.
[INFO] 
[INFO] --- maven-plugin-plugin:3.3:descriptor (mojo-descriptor) @ mafia-maven-plugin ---
[INFO] Using 'UTF-8' encoding to read mojo metadata.
[INFO] Applying mojo extractor for language: java
[INFO] Mojo extractor for language: java found 0 mojo descriptors.
[INFO] Applying mojo extractor for language: bsh
[INFO] Mojo extractor for language: bsh found 0 mojo descriptors.
[INFO] Applying mojo extractor for language: java-annotations
[WARNING] Deprecated @component for project field in nl.sijpesteijn.testing.fitnesse.plugins.FitNesseRunnerMojo.: replace with @parameter name="${project}" @readonly
[WARNING] Deprecated @component for settings field in nl.sijpesteijn.testing.fitnesse.plugins.FitNesseRunnerMojo.: replace with @parameter name="${settings}" @readonly
[WARNING] Deprecated @component for project field in nl.sijpesteijn.testing.fitnesse.plugins.FitNesseContentMojo.: replace with @parameter name="${project}" @readonly
[WARNING] Deprecated @component for settings field in nl.sijpesteijn.testing.fitnesse.plugins.FitNesseContentMojo.: replace with @parameter name="${settings}" @readonly
[WARNING] Deprecated @component for project field in nl.sijpesteijn.testing.fitnesse.plugins.FitNesseStarterMojo.: replace with @parameter name="${project}" @readonly
[WARNING] Deprecated @component for settings field in nl.sijpesteijn.testing.fitnesse.plugins.FitNesseStarterMojo.: replace with @parameter name="${settings}" @readonly
[WARNING] Deprecated @component for project field in nl.sijpesteijn.testing.fitnesse.plugins.FitNesseReportMojo.: replace with @parameter name="${project}" @readonly
[WARNING] Deprecated @component for project field in nl.sijpesteijn.testing.fitnesse.plugins.FitNesseStopperMojo.: replace with @parameter name="${project}" @readonly
[WARNING] Deprecated @component for settings field in nl.sijpesteijn.testing.fitnesse.plugins.FitNesseStopperMojo.: replace with @parameter name="${settings}" @readonly
[INFO] Mojo extractor for language: java-annotations found 6 mojo descriptors.
[INFO] 
[INFO] --- maven-resources-plugin:2.6:testResources (default-testResources) @ mafia-maven-plugin ---
[INFO] Using 'UTF-8' encoding to copy filtered resources.
[INFO] Copying 23 resources
[INFO] 
[INFO] --- maven-compiler-plugin:2.3.2:testCompile (default-testCompile) @ mafia-maven-plugin ---
[INFO] Compiling 20 source files to /tmp/tmp35uhbw4_/mafia-maven-plugin/target/test-classes
[INFO] 
[INFO] --- maven-surefire-plugin:2.19.1:test (default-test) @ mafia-maven-plugin ---
[INFO] Surefire report directory: /tmp/tmp35uhbw4_/mafia-maven-plugin/target/surefire-reports

-------------------------------------------------------
 T E S T S
-------------------------------------------------------
Running nl.sijpesteijn.testing.fitnesse.plugins.context.FitNesseContextWriterTest
Tests run: 3, Failures: 0, Errors: 0, Skipped: 0, Time elapsed: 0.85 sec - in nl.sijpesteijn.testing.fitnesse.plugins.context.FitNesseContextWriterTest
Running nl.sijpesteijn.testing.fitnesse.plugins.utils.surefirereport.TestResultReaderTest
Tests run: 5, Failures: 0, Errors: 0, Skipped: 0, Time elapsed: 0.024 sec - in nl.sijpesteijn.testing.fitnesse.plugins.utils.surefirereport.TestResultReaderTest
Running nl.sijpesteijn.testing.fitnesse.plugins.utils.surefirereport.SurefireReportWriterTest
Tests run: 4, Failures: 0, Errors: 0, Skipped: 0, Time elapsed: 0.02 sec - in nl.sijpesteijn.testing.fitnesse.plugins.utils.surefirereport.SurefireReportWriterTest
Running nl.sijpesteijn.testing.fitnesse.plugins.utils.MafiaProjectTest
Tests run: 9, Failures: 0, Errors: 0, Skipped: 0, Time elapsed: 0.39 sec - in nl.sijpesteijn.testing.fitnesse.plugins.utils.MafiaProjectTest
Running nl.sijpesteijn.testing.fitnesse.plugins.utils.MafiaExceptionTest
Tests run: 1, Failures: 0, Errors: 0, Skipped: 0, Time elapsed: 0.001 sec - in nl.sijpesteijn.testing.fitnesse.plugins.utils.MafiaExceptionTest
Running nl.sijpesteijn.testing.fitnesse.plugins.utils.FitNesseJarLocatorTest
Tests run: 3, Failures: 0, Errors: 0, Skipped: 0, Time elapsed: 0.015 sec - in nl.sijpesteijn.testing.fitnesse.plugins.utils.FitNesseJarLocatorTest
Running nl.sijpesteijn.testing.fitnesse.plugins.utils.MafiaCollectingDependencyNodeVisitorTest
Tests run: 1, Failures: 0, Errors: 0, Skipped: 0, Time elapsed: 0.004 sec - in nl.sijpesteijn.testing.fitnesse.plugins.utils.MafiaCollectingDependencyNodeVisitorTest
Running nl.sijpesteijn.testing.fitnesse.plugins.utils.MafiaGraphBuilderTest
Tests run: 2, Failures: 0, Errors: 0, Skipped: 0, Time elapsed: 0.017 sec - in nl.sijpesteijn.testing.fitnesse.plugins.utils.MafiaGraphBuilderTest
Running nl.sijpesteijn.testing.fitnesse.plugins.report.MafiaTestResultRepositoryTest
Tests run: 4, Failures: 0, Errors: 0, Skipped: 0, Time elapsed: 0.04 sec - in nl.sijpesteijn.testing.fitnesse.plugins.report.MafiaTestResultRepositoryTest
Running nl.sijpesteijn.testing.fitnesse.plugins.report.MafiaReportBuilderTest
Tests run: 5, Failures: 0, Errors: 0, Skipped: 0, Time elapsed: 0.246 sec - in nl.sijpesteijn.testing.fitnesse.plugins.report.MafiaReportBuilderTest
Running nl.sijpesteijn.testing.fitnesse.plugins.report.MafiaTestSummaryTest
Tests run: 5, Failures: 0, Errors: 0, Skipped: 0, Time elapsed: 0.01 sec - in nl.sijpesteijn.testing.fitnesse.plugins.report.MafiaTestSummaryTest
Running nl.sijpesteijn.testing.fitnesse.plugins.report.ReportResourceTest
Tests run: 4, Failures: 0, Errors: 0, Skipped: 0, Time elapsed: 0.038 sec - in nl.sijpesteijn.testing.fitnesse.plugins.report.ReportResourceTest
Running nl.sijpesteijn.testing.fitnesse.plugins.runner.FitNesseTestRunnerTest
Tests run: 8, Failures: 0, Errors: 0, Skipped: 0, Time elapsed: 5.221 sec - in nl.sijpesteijn.testing.fitnesse.plugins.runner.FitNesseTestRunnerTest
Running nl.sijpesteijn.testing.fitnesse.plugins.runner.StreamToBufferMonitorTest
Tests run: 1, Failures: 0, Errors: 0, Skipped: 0, Time elapsed: 0.004 sec - in nl.sijpesteijn.testing.fitnesse.plugins.runner.StreamToBufferMonitorTest
Running nl.sijpesteijn.testing.fitnesse.plugins.runner.DiskResultStoreTest
Tests run: 1, Failures: 0, Errors: 0, Skipped: 0, Time elapsed: 0.446 sec - in nl.sijpesteijn.testing.fitnesse.plugins.runner.DiskResultStoreTest
Running nl.sijpesteijn.testing.fitnesse.plugins.runner.URLTestCallerTest
Tests run: 3, Failures: 0, Errors: 0, Skipped: 0, Time elapsed: 6.941 sec - in nl.sijpesteijn.testing.fitnesse.plugins.runner.URLTestCallerTest
Running nl.sijpesteijn.testing.fitnesse.plugins.runner.FitNesseCommanderTest
Tests run: 4, Failures: 0, Errors: 0, Skipped: 0, Time elapsed: 8.076 sec - in nl.sijpesteijn.testing.fitnesse.plugins.runner.FitNesseCommanderTest

Results :

Tests run: 63, Failures: 0, Errors: 0, Skipped: 0

[INFO] 
[INFO] --- jacoco-maven-plugin:0.8.5:report (report) @ mafia-maven-plugin ---
[INFO] Loading execution data file /tmp/tmp35uhbw4_/mafia-maven-plugin/target/jacoco.exec
[INFO] Analyzed bundle 'MAven FItnesse Adaptor' with 243 classes
[INFO] ------------------------------------------------------------------------
[INFO] BUILD SUCCESS
[INFO] ------------------------------------------------------------------------
[INFO] Total time:  49.251 s
[INFO] Finished at: 2020-07-30T20:13:38Z
[INFO] ------------------------------------------------------------------------
