[INFO] Error stacktraces are turned on.
[INFO] Scanning for projects...
[INFO] 
[INFO] -----------------------< org.elasticsearch:demo >-----------------------
[INFO] Building demo 1.0
[INFO] --------------------------------[ jar ]---------------------------------
[INFO] 
[INFO] --- jacoco-maven-plugin:0.8.5:prepare-agent (default) @ demo ---
[INFO] argLine set to -javaagent:/home/jdbl/.m2/repository/org/jacoco/org.jacoco.agent/0.8.5/org.jacoco.agent-0.8.5-runtime.jar=destfile=/tmp/tmp29j3nxjs/elasticsearch.demo/target/jacoco.exec
[INFO] 
[INFO] --- maven-resources-plugin:2.6:resources (default-resources) @ demo ---
[WARNING] Using platform encoding (UTF-8 actually) to copy filtered resources, i.e. build is platform dependent!
[INFO] skip non existing resourceDirectory /tmp/tmp29j3nxjs/elasticsearch.demo/src/main/resources
[INFO] 
[INFO] --- maven-compiler-plugin:2.3.2:compile (default-compile) @ demo ---
[INFO] No sources to compile
[INFO] 
[INFO] --- maven-resources-plugin:2.6:testResources (default-testResources) @ demo ---
[WARNING] Using platform encoding (UTF-8 actually) to copy filtered resources, i.e. build is platform dependent!
[INFO] Copying 1 resource
[INFO] 
[INFO] --- maven-compiler-plugin:2.3.2:testCompile (default-testCompile) @ demo ---
[INFO] Compiling 3 source files to /tmp/tmp29j3nxjs/elasticsearch.demo/target/test-classes
[INFO] 
[INFO] --- maven-surefire-plugin:2.19.1:test (default-test) @ demo ---
[INFO] Surefire report directory: /tmp/tmp29j3nxjs/elasticsearch.demo/target/surefire-reports

-------------------------------------------------------
 T E S T S
-------------------------------------------------------
Running org.elasticsearch.demo.ClientSettingsTest
/tmp/junit585342202754388299/org.elasticsearch.demo.IndexAndSearchTest
2020-07-30 19:58:24 INFO  node:104 - [Iron Man 2020] {0.90.2}[186]: initializing ...
2020-07-30 19:58:24 INFO  plugins:104 - [Iron Man 2020] loaded [], sites []
2020-07-30 19:58:27 INFO  node:104 - [Iron Man 2020] {0.90.2}[186]: initialized
2020-07-30 19:58:27 INFO  node:104 - [Iron Man 2020] {0.90.2}[186]: starting ...
2020-07-30 19:58:27 INFO  transport:104 - [Iron Man 2020] bound_address {local[1]}, publish_address {local[1]}
2020-07-30 19:58:27 INFO  service:104 - [Iron Man 2020] new_master [Iron Man 2020][1][local[1]]{local=true}, reason: local-disco-initial_connect(master)
2020-07-30 19:58:27 INFO  discovery:104 - [Iron Man 2020] elasticsearch/1
2020-07-30 19:58:28 INFO  gateway:104 - [Iron Man 2020] recovered [0] indices into cluster_state
2020-07-30 19:58:28 INFO  http:104 - [Iron Man 2020] bound_address {inet[/0.0.0.0:9200]}, publish_address {inet[/172.17.0.22:9200]}
2020-07-30 19:58:28 INFO  node:104 - [Iron Man 2020] {0.90.2}[186]: started
2020-07-30 19:58:28 INFO  metadata:104 - [Iron Man 2020] [noncfs] creating index, cause [auto(index api)], shards [1]/[1], mappings []
2020-07-30 19:58:29 INFO  metadata:104 - [Iron Man 2020] [noncfs] update_mapping [room] (dynamic)
2020-07-30 19:58:29 INFO  metadata:104 - [Iron Man 2020] [cfs] creating index, cause [api], shards [1]/[1], mappings []
2020-07-30 19:58:30 INFO  metadata:104 - [Iron Man 2020] [cfs] update_mapping [room] (dynamic)
2020-07-30 19:58:30 INFO  node:104 - [Iron Man 2020] {0.90.2}[186]: stopping ...
2020-07-30 19:58:30 INFO  node:104 - [Iron Man 2020] {0.90.2}[186]: stopped
2020-07-30 19:58:30 INFO  node:104 - [Iron Man 2020] {0.90.2}[186]: closing ...
2020-07-30 19:58:30 INFO  node:104 - [Iron Man 2020] {0.90.2}[186]: closed
Tests run: 1, Failures: 0, Errors: 0, Skipped: 0, Time elapsed: 7.78 sec - in org.elasticsearch.demo.ClientSettingsTest
Running org.elasticsearch.demo.IndexAndSearchTest
2020-07-30 19:58:30 INFO  node:104 - [Bailey, Paul] {0.90.2}[186]: initializing ...
2020-07-30 19:58:30 INFO  plugins:104 - [Bailey, Paul] loaded [], sites []
2020-07-30 19:58:30 INFO  node:104 - [Bailey, Paul] {0.90.2}[186]: initialized
2020-07-30 19:58:30 INFO  node:104 - [Bailey, Paul] {0.90.2}[186]: starting ...
2020-07-30 19:58:30 INFO  transport:104 - [Bailey, Paul] bound_address {local[2]}, publish_address {local[2]}
2020-07-30 19:58:30 INFO  service:104 - [Bailey, Paul] new_master [Bailey, Paul][2][local[2]]{local=true}, reason: local-disco-initial_connect(master)
2020-07-30 19:58:30 INFO  discovery:104 - [Bailey, Paul] elasticsearch/2
2020-07-30 19:58:30 INFO  gateway:104 - [Bailey, Paul] recovered [0] indices into cluster_state
2020-07-30 19:58:30 INFO  http:104 - [Bailey, Paul] bound_address {inet[/0.0.0.0:9200]}, publish_address {inet[/172.17.0.22:9200]}
2020-07-30 19:58:30 INFO  node:104 - [Bailey, Paul] {0.90.2}[186]: started
2020-07-30 19:58:31 INFO  metadata:104 - [Bailey, Paul] [house] creating index, cause [auto(index api)], shards [5]/[1], mappings []
2020-07-30 19:58:31 INFO  none:104 - [Bailey, Paul] [house][0] deleting shard content
2020-07-30 19:58:31 INFO  none:104 - [Bailey, Paul] [house][1] deleting shard content
2020-07-30 19:58:31 INFO  none:104 - [Bailey, Paul] [house][2] deleting shard content
2020-07-30 19:58:31 INFO  none:104 - [Bailey, Paul] [house][3] deleting shard content
2020-07-30 19:58:31 INFO  none:104 - [Bailey, Paul] [house][4] deleting shard content
2020-07-30 19:58:31 INFO  metadata:104 - [Bailey, Paul] [house] update_mapping [room] (dynamic)
2020-07-30 19:58:31 INFO  node:104 - [Bailey, Paul] {0.90.2}[186]: stopping ...
2020-07-30 19:58:31 INFO  node:104 - [Bailey, Paul] {0.90.2}[186]: stopped
2020-07-30 19:58:31 INFO  node:104 - [Bailey, Paul] {0.90.2}[186]: closing ...
2020-07-30 19:58:31 INFO  node:104 - [Bailey, Paul] {0.90.2}[186]: closed
Tests run: 1, Failures: 0, Errors: 0, Skipped: 0, Time elapsed: 0.949 sec - in org.elasticsearch.demo.IndexAndSearchTest

Results :

Tests run: 2, Failures: 0, Errors: 0, Skipped: 0

[INFO] 
[INFO] --- jacoco-maven-plugin:0.8.5:report (report) @ demo ---
[INFO] Loading execution data file /tmp/tmp29j3nxjs/elasticsearch.demo/target/jacoco.exec
[INFO] Analyzed bundle 'demo' with 100 classes
[INFO] ------------------------------------------------------------------------
[INFO] BUILD SUCCESS
[INFO] ------------------------------------------------------------------------
[INFO] Total time:  29.480 s
[INFO] Finished at: 2020-07-30T19:58:32Z
[INFO] ------------------------------------------------------------------------
