[INFO] Error stacktraces are turned on.
[INFO] Scanning for projects...
[INFO] 
[INFO] -----------------------< org.cyclopsgroup:jcli >------------------------
[INFO] Building jcli 1.1.0-SNAPSHOT
[INFO] --------------------------------[ jar ]---------------------------------
[INFO] 
[INFO] --- jacoco-maven-plugin:0.8.5:prepare-agent (default) @ jcli ---
[INFO] argLine set to -javaagent:/home/jdbl/.m2/repository/org/jacoco/org.jacoco.agent/0.8.5/org.jacoco.agent-0.8.5-runtime.jar=destfile=/tmp/tmpcuqb7jtd/jcli/target/jacoco.exec
[INFO] 
[INFO] --- maven-resources-plugin:2.6:resources (default-resources) @ jcli ---
[INFO] Using 'UTF-8' encoding to copy filtered resources.
[INFO] Copying 1 resource
[INFO] 
[INFO] --- maven-compiler-plugin:3.8.1:compile (default-compile) @ jcli ---
[INFO] Changes detected - recompiling the module!
[INFO] Compiling 38 source files to /tmp/tmpcuqb7jtd/jcli/target/classes
[INFO] 
[INFO] --- maven-resources-plugin:2.6:testResources (default-testResources) @ jcli ---
[INFO] Using 'UTF-8' encoding to copy filtered resources.
[INFO] skip non existing resourceDirectory /tmp/tmpcuqb7jtd/jcli/src/test/resources
[INFO] 
[INFO] --- maven-compiler-plugin:3.8.1:testCompile (default-testCompile) @ jcli ---
[INFO] Changes detected - recompiling the module!
[INFO] Compiling 11 source files to /tmp/tmpcuqb7jtd/jcli/target/test-classes
[INFO] 
[INFO] --- maven-surefire-plugin:2.19.1:test (default-test) @ jcli ---
[INFO] Surefire report directory: /tmp/tmpcuqb7jtd/jcli/target/surefire-reports

-------------------------------------------------------
 T E S T S
-------------------------------------------------------
Running org.cyclopsgroup.jcli.example.UserControlTest
Tests run: 1, Failures: 0, Errors: 0, Skipped: 0, Time elapsed: 0.582 sec - in org.cyclopsgroup.jcli.example.UserControlTest
Running org.cyclopsgroup.jcli.GnuParserTest
Tests run: 10, Failures: 0, Errors: 0, Skipped: 0, Time elapsed: 0.056 sec - in org.cyclopsgroup.jcli.GnuParserTest
Running org.cyclopsgroup.jcli.impl.DefaultArgumentProcessorTest
[USAGE]
  sample <OPTIONS> <ARGS>
[DESCRIPTION]
  A test
[OPTIONS]
  -b --boolean                  Test boolean field
  -i --tint           <value>   Test int value
  -f --field1         <value>
  -2 --field2         <value>
[ARGS]
  <arg>... 
Tests run: 3, Failures: 0, Errors: 0, Skipped: 0, Time elapsed: 0.092 sec - in org.cyclopsgroup.jcli.impl.DefaultArgumentProcessorTest
Running org.cyclopsgroup.jcli.MultiActionTest
Tests run: 1, Failures: 0, Errors: 0, Skipped: 0, Time elapsed: 0.003 sec - in org.cyclopsgroup.jcli.MultiActionTest
Running org.cyclopsgroup.jcli.FieldAccessTest
Tests run: 2, Failures: 0, Errors: 0, Skipped: 0, Time elapsed: 0.106 sec - in org.cyclopsgroup.jcli.FieldAccessTest
Running org.cyclopsgroup.jcli.jline.ArgumentsInspectorTest
Tests run: 1, Failures: 0, Errors: 0, Skipped: 0, Time elapsed: 0.018 sec - in org.cyclopsgroup.jcli.jline.ArgumentsInspectorTest
Running org.cyclopsgroup.jcli.jline.CliCompletorTest
Tests run: 6, Failures: 0, Errors: 0, Skipped: 0, Time elapsed: 0.121 sec - in org.cyclopsgroup.jcli.jline.CliCompletorTest

Results :

Tests run: 24, Failures: 0, Errors: 0, Skipped: 0

[INFO] 
[INFO] --- fmt-maven-plugin:2.9:check (default) @ jcli ---
[INFO] Processed 49 files (0 non-complying).
[INFO] 
[INFO] --- jacoco-maven-plugin:0.8.5:report (report) @ jcli ---
[INFO] Loading execution data file /tmp/tmpcuqb7jtd/jcli/target/jacoco.exec
[INFO] Analyzed bundle 'jcli' with 274 classes
[INFO] ------------------------------------------------------------------------
[INFO] BUILD SUCCESS
[INFO] ------------------------------------------------------------------------
[INFO] Total time:  20.641 s
[INFO] Finished at: 2020-07-30T20:43:13Z
[INFO] ------------------------------------------------------------------------
