[INFO] Error stacktraces are turned on.
[INFO] Scanning for projects...
[INFO] 
[INFO] --< com.zbum.example.socket.server:netty-spring-example-with-mybatis >--
[INFO] Building netty-spring-example-with-mybatis 1.0-SNAPSHOT
[INFO] --------------------------------[ jar ]---------------------------------
[INFO] 
[INFO] --- jacoco-maven-plugin:0.8.5:prepare-agent (default) @ netty-spring-example-with-mybatis ---
[INFO] argLine set to -javaagent:/home/jdbl/.m2/repository/org/jacoco/org.jacoco.agent/0.8.5/org.jacoco.agent-0.8.5-runtime.jar=destfile=/tmp/tmp4tytgaun/netty-spring-example-with-mybatis/target/jacoco.exec
[INFO] 
[INFO] --- maven-resources-plugin:2.6:resources (default-resources) @ netty-spring-example-with-mybatis ---
[INFO] Using 'UTF-8' encoding to copy filtered resources.
[INFO] Copying 1 resource
[INFO] Copying 6 resources
[INFO] 
[INFO] --- maven-compiler-plugin:3.1:compile (default-compile) @ netty-spring-example-with-mybatis ---
[INFO] Changes detected - recompiling the module!
[INFO] Compiling 8 source files to /tmp/tmp4tytgaun/netty-spring-example-with-mybatis/target/classes
[INFO] 
[INFO] --- maven-resources-plugin:2.6:testResources (default-testResources) @ netty-spring-example-with-mybatis ---
[INFO] Using 'UTF-8' encoding to copy filtered resources.
[INFO] Copying 0 resource
[INFO] skip non existing resourceDirectory /tmp/tmp4tytgaun/netty-spring-example-with-mybatis/src/test/resources
[INFO] 
[INFO] --- maven-compiler-plugin:3.1:testCompile (default-testCompile) @ netty-spring-example-with-mybatis ---
[INFO] Changes detected - recompiling the module!
[INFO] Compiling 1 source file to /tmp/tmp4tytgaun/netty-spring-example-with-mybatis/target/test-classes
[INFO] 
[INFO] --- maven-surefire-plugin:2.19.1:test (default-test) @ netty-spring-example-with-mybatis ---
[INFO] Surefire report directory: /tmp/tmp4tytgaun/netty-spring-example-with-mybatis/target/surefire-reports

-------------------------------------------------------
 T E S T S
-------------------------------------------------------
Running com.zbum.example.socket.server.netty.handler.SomethingServerHandlerTest
log4j:WARN No appenders could be found for logger (com.zbum.example.socket.server.netty.handler.SomethingServerHandler).
log4j:WARN Please initialize the log4j system properly.
log4j:WARN See http://logging.apache.org/log4j/1.2/faq.html#noconfig for more info.
Tests run: 3, Failures: 0, Errors: 0, Skipped: 0, Time elapsed: 0.585 sec - in com.zbum.example.socket.server.netty.handler.SomethingServerHandlerTest

Results :

Tests run: 3, Failures: 0, Errors: 0, Skipped: 0

[INFO] 
[INFO] --- jacoco-maven-plugin:0.8.5:report (report) @ netty-spring-example-with-mybatis ---
[INFO] Loading execution data file /tmp/tmp4tytgaun/netty-spring-example-with-mybatis/target/jacoco.exec
[INFO] Analyzed bundle 'netty-spring-example-with-mybatis' with 1734 classes
[INFO] ------------------------------------------------------------------------
[INFO] BUILD SUCCESS
[INFO] ------------------------------------------------------------------------
[INFO] Total time:  25.964 s
[INFO] Finished at: 2020-07-31T08:46:13Z
[INFO] ------------------------------------------------------------------------
