[INFO] Error stacktraces are turned on.
[INFO] Scanning for projects...
[INFO] Inspecting build with total of 1 modules...
[INFO] Installing Nexus Staging features:
[INFO]   ... total of 1 executions of maven-deploy-plugin replaced with nexus-staging-maven-plugin
[INFO] 
[INFO] ----------------< de.gwdg.metadataqa:metadata-qa-marc >-----------------
[INFO] Building Quality assesstment for MARC 0.4-SNAPSHOT
[INFO] --------------------------------[ jar ]---------------------------------
[INFO] 
[INFO] --- jacoco-maven-plugin:0.8.5:prepare-agent (default) @ metadata-qa-marc ---
[INFO] argLine set to -javaagent:/home/jdbl/.m2/repository/org/jacoco/org.jacoco.agent/0.8.5/org.jacoco.agent-0.8.5-runtime.jar=destfile=/tmp/tmpsqbm09z2/metadata-qa-marc/target/jacoco.exec
[INFO] 
[INFO] --- maven-resources-plugin:2.6:resources (default-resources) @ metadata-qa-marc ---
[INFO] Using 'UTF-8' encoding to copy filtered resources.
[INFO] Copying 6 resources
[INFO] 
[INFO] --- maven-compiler-plugin:3.6.0:compile (default-compile) @ metadata-qa-marc ---
[INFO] Changes detected - recompiling the module!
[INFO] Compiling 730 source files to /tmp/tmpsqbm09z2/metadata-qa-marc/target/classes
[INFO] /tmp/tmpsqbm09z2/metadata-qa-marc/src/main/java/de/gwdg/metadataqa/marc/cli/Validator.java: Some input files use or override a deprecated API.
[INFO] /tmp/tmpsqbm09z2/metadata-qa-marc/src/main/java/de/gwdg/metadataqa/marc/cli/Validator.java: Recompile with -Xlint:deprecation for details.
[INFO] /tmp/tmpsqbm09z2/metadata-qa-marc/src/main/java/de/gwdg/metadataqa/marc/MarcRecord.java: Some input files use unchecked or unsafe operations.
[INFO] /tmp/tmpsqbm09z2/metadata-qa-marc/src/main/java/de/gwdg/metadataqa/marc/MarcRecord.java: Recompile with -Xlint:unchecked for details.
[INFO] 
[INFO] --- maven-resources-plugin:2.6:testResources (default-testResources) @ metadata-qa-marc ---
[INFO] Using 'UTF-8' encoding to copy filtered resources.
[INFO] Copying 23 resources
[INFO] 
[INFO] --- maven-compiler-plugin:3.6.0:testCompile (default-testCompile) @ metadata-qa-marc ---
[INFO] Changes detected - recompiling the module!
[INFO] Compiling 97 source files to /tmp/tmpsqbm09z2/metadata-qa-marc/target/test-classes
[WARNING] /tmp/tmpsqbm09z2/metadata-qa-marc/src/test/java/de/gwdg/metadataqa/marc/ValidationTest.java:[28,68] com.sun.org.apache.xalan.internal.xsltc.compiler.util.Type is internal proprietary API and may be removed in a future release
[WARNING] /tmp/tmpsqbm09z2/metadata-qa-marc/src/test/java/de/gwdg/metadataqa/marc/ValidationTest.java:[28,68] com.sun.org.apache.xalan.internal.xsltc.compiler.util.Type is internal proprietary API and may be removed in a future release
[WARNING] /tmp/tmpsqbm09z2/metadata-qa-marc/src/test/java/de/gwdg/metadataqa/marc/ValidationTest.java:[28,68] com.sun.org.apache.xalan.internal.xsltc.compiler.util.Type is internal proprietary API and may be removed in a future release
[INFO] /tmp/tmpsqbm09z2/metadata-qa-marc/src/test/java/de/gwdg/metadataqa/marc/utils/pica/PicaReaderTest.java: /tmp/tmpsqbm09z2/metadata-qa-marc/src/test/java/de/gwdg/metadataqa/marc/utils/pica/PicaReaderTest.java uses or overrides a deprecated API.
[INFO] /tmp/tmpsqbm09z2/metadata-qa-marc/src/test/java/de/gwdg/metadataqa/marc/utils/pica/PicaReaderTest.java: Recompile with -Xlint:deprecation for details.
[INFO] /tmp/tmpsqbm09z2/metadata-qa-marc/src/test/java/de/gwdg/metadataqa/marc/analysis/ClassificationAnalyzerTest.java: Some input files use unchecked or unsafe operations.
[INFO] /tmp/tmpsqbm09z2/metadata-qa-marc/src/test/java/de/gwdg/metadataqa/marc/analysis/ClassificationAnalyzerTest.java: Recompile with -Xlint:unchecked for details.
[INFO] 
[INFO] --- maven-surefire-plugin:2.19.1:test (default-test) @ metadata-qa-marc ---
[INFO] Surefire report directory: /tmp/tmpsqbm09z2/metadata-qa-marc/target/surefire-reports

-------------------------------------------------------
 T E S T S
-------------------------------------------------------
Running de.gwdg.metadataqa.marc.Control007Test
SLF4J: Class path contains multiple SLF4J bindings.
SLF4J: Found binding in [file:/tmp/tmpsqbm09z2/metadata-qa-marc/target/classes/org/slf4j/impl/StaticLoggerBinder.class]
SLF4J: Found binding in [jar:file:/home/jdbl/.m2/repository/org/slf4j/slf4j-simple/1.7.25/slf4j-simple-1.7.25.jar!/org/slf4j/impl/StaticLoggerBinder.class]
SLF4J: Found binding in [jar:file:/home/jdbl/.m2/repository/org/slf4j/slf4j-log4j12/1.7.16/slf4j-log4j12-1.7.16.jar!/org/slf4j/impl/StaticLoggerBinder.class]
SLF4J: See http://www.slf4j.org/codes.html#multiple_bindings for an explanation.
SLF4J: Actual binding is of type [org.slf4j.impl.SimpleLoggerFactory]
[main] INFO org.spark_project.jetty.util.log - Logging initialized @1432ms
Tests run: 13, Failures: 0, Errors: 0, Skipped: 0, Time elapsed: 0.221 sec - in de.gwdg.metadataqa.marc.Control007Test
Running de.gwdg.metadataqa.marc.ValidationTest
[main] INFO org.reflections.Reflections - Reflections took 229 ms to scan 2 urls, producing 3 keys and 292 values 
ValidationError{recordId='010000011', marcPath='689', type=FIELD_UNDEFINED, message='689', url='null'}
ValidationError{recordId='010000011', marcPath='689', type=FIELD_UNDEFINED, message='689', url='null'}
ValidationError{recordId='010000011', marcPath='689', type=FIELD_UNDEFINED, message='689', url='null'}
ValidationError{recordId='010000011', marcPath='912', type=FIELD_UNDEFINED, message='912', url='null'}
ValidationError{recordId='010000011', marcPath='912', type=FIELD_UNDEFINED, message='912', url='null'}
ValidationError{recordId='010000011', marcPath='912', type=FIELD_UNDEFINED, message='912', url='null'}
ValidationError{recordId='010000011', marcPath='912', type=FIELD_UNDEFINED, message='912', url='null'}
ValidationError{recordId='010000011', marcPath='912', type=FIELD_UNDEFINED, message='912', url='null'}
ValidationError{recordId='010000011', marcPath='936', type=FIELD_UNDEFINED, message='936', url='null'}
ValidationError{recordId='010000011', marcPath='951', type=FIELD_UNDEFINED, message='951', url='null'}
ValidationError{recordId='010000011', marcPath='980', type=FIELD_UNDEFINED, message='980', url='null'}
ValidationError{recordId='010000011', marcPath='980', type=FIELD_UNDEFINED, message='980', url='null'}
ValidationError{recordId='010000011', marcPath='980', type=FIELD_UNDEFINED, message='980', url='null'}
ValidationError{recordId='010000011', marcPath='983', type=FIELD_UNDEFINED, message='983', url='null'}
ValidationError{recordId='010000011', marcPath='983', type=FIELD_UNDEFINED, message='983', url='null'}
ValidationError{recordId='010000011', marcPath='984', type=FIELD_UNDEFINED, message='984', url='null'}
ValidationError{recordId='010000011', marcPath='984', type=FIELD_UNDEFINED, message='984', url='null'}
ValidationError{recordId='010000011', marcPath='984', type=FIELD_UNDEFINED, message='984', url='null'}
ValidationError{recordId='010000011', marcPath='985', type=FIELD_UNDEFINED, message='985', url='null'}
ValidationError{recordId='010000011', marcPath='689', type=SUBFIELD_UNDEFINED, message='2', url='null'}
ValidationError{recordId='010000011', marcPath='689', type=SUBFIELD_UNDEFINED, message='2', url='null'}
ValidationError{recordId='010000011', marcPath='810', type=SUBFIELD_UNDEFINED, message='9', url='https://www.loc.gov/marc/bibliographic/bd810.html'}
ValidationError{recordId='010000011', marcPath='810', type=SUBFIELD_UNDEFINED, message='9', url='https://www.loc.gov/marc/bibliographic/bd810.html'}
ValidationError{recordId='010000011', marcPath='912', type=SUBFIELD_UNDEFINED, message='a', url='null'}
ValidationError{recordId='010000011', marcPath='912', type=SUBFIELD_UNDEFINED, message='a', url='null'}
ValidationError{recordId='010000011', marcPath='912', type=SUBFIELD_UNDEFINED, message='a', url='null'}
ValidationError{recordId='010000011', marcPath='912', type=SUBFIELD_UNDEFINED, message='a', url='null'}
ValidationError{recordId='010000011', marcPath='912', type=SUBFIELD_UNDEFINED, message='a', url='null'}
ValidationError{recordId='010000011', marcPath='936$ind1', type=INDICATOR_NON_EMPTY, message='b', url='http://www.oclc.org/bibformats/en/9xx/936.html'}
ValidationError{recordId='010000011', marcPath='936$ind2', type=INDICATOR_NON_EMPTY, message='k', url='http://www.oclc.org/bibformats/en/9xx/936.html'}
ValidationError{recordId='010000011', marcPath='936', type=SUBFIELD_UNDEFINED, message='j', url='http://www.oclc.org/bibformats/en/9xx/936.html'}
ValidationError{recordId='010000011', marcPath='936', type=SUBFIELD_UNDEFINED, message='0', url='http://www.oclc.org/bibformats/en/9xx/936.html'}
ValidationError{recordId='010000011', marcPath='951', type=SUBFIELD_UNDEFINED, message='a', url=''}
Tests run: 4, Failures: 0, Errors: 0, Skipped: 0, Time elapsed: 0.918 sec - in de.gwdg.metadataqa.marc.ValidationTest
Running de.gwdg.metadataqa.marc.utils.TagHierarchyTest
Tests run: 3, Failures: 0, Errors: 0, Skipped: 0, Time elapsed: 0.003 sec - in de.gwdg.metadataqa.marc.utils.TagHierarchyTest
Running de.gwdg.metadataqa.marc.utils.BasicStatisticsTest
Tests run: 3, Failures: 0, Errors: 0, Skipped: 0, Time elapsed: 0.003 sec - in de.gwdg.metadataqa.marc.utils.BasicStatisticsTest
Running de.gwdg.metadataqa.marc.utils.alephseq.AlephseqLineTest
Jul 30, 2020 8:44:18 PM de.gwdg.metadataqa.marc.utils.alephseq.AlephseqLine parse
WARNING: 0) short line (1): ' '
Tests run: 1, Failures: 0, Errors: 0, Skipped: 0, Time elapsed: 0.008 sec - in de.gwdg.metadataqa.marc.utils.alephseq.AlephseqLineTest
Running de.gwdg.metadataqa.marc.utils.alephseq.AlephseqMarcReaderTest
Tests run: 3, Failures: 0, Errors: 0, Skipped: 0, Time elapsed: 0.078 sec - in de.gwdg.metadataqa.marc.utils.alephseq.AlephseqMarcReaderTest
Running de.gwdg.metadataqa.marc.utils.SubfieldParserTest
Tests run: 2, Failures: 0, Errors: 0, Skipped: 0, Time elapsed: 0.002 sec - in de.gwdg.metadataqa.marc.utils.SubfieldParserTest
Running de.gwdg.metadataqa.marc.utils.MarcTagListerTest
[main] INFO org.reflections.Reflections - Reflections took 96 ms to scan 2 urls, producing 3 keys and 292 values 
Tests run: 2, Failures: 0, Errors: 0, Skipped: 0, Time elapsed: 0.12 sec - in de.gwdg.metadataqa.marc.utils.MarcTagListerTest
Running de.gwdg.metadataqa.marc.utils.CodeFileReaderTest
Tests run: 1, Failures: 0, Errors: 0, Skipped: 0, Time elapsed: 0.002 sec - in de.gwdg.metadataqa.marc.utils.CodeFileReaderTest
Running de.gwdg.metadataqa.marc.utils.FrbrFunctionListerTest
[main] INFO org.reflections.Reflections - Reflections took 66 ms to scan 2 urls, producing 3 keys and 292 values 
DiscoverySearch: 464
DiscoveryIdentify: 878
DiscoverySelect: 225
DiscoveryObtain: 391
UseRestrict: 24
UseManage: 63
UseOperate: 21
UseInterpret: 110
ManagementIdentify: 489
ManagementProcess: 525
ManagementSort: 26
ManagementDisplay: 80
Tests run: 1, Failures: 0, Errors: 0, Skipped: 0, Time elapsed: 0.081 sec - in de.gwdg.metadataqa.marc.utils.FrbrFunctionListerTest
Running de.gwdg.metadataqa.marc.utils.keygenerator.DataFieldKeyGeneratorTest
Tests run: 3, Failures: 0, Errors: 0, Skipped: 0, Time elapsed: 0.001 sec - in de.gwdg.metadataqa.marc.utils.keygenerator.DataFieldKeyGeneratorTest
Running de.gwdg.metadataqa.marc.utils.keygenerator.ControlFieldKeyGeneratorTest
Tests run: 3, Failures: 0, Errors: 0, Skipped: 0, Time elapsed: 0.003 sec - in de.gwdg.metadataqa.marc.utils.keygenerator.ControlFieldKeyGeneratorTest
Running de.gwdg.metadataqa.marc.utils.LineReaderTest
Tests run: 2, Failures: 0, Errors: 0, Skipped: 0, Time elapsed: 0.102 sec - in de.gwdg.metadataqa.marc.utils.LineReaderTest
Running de.gwdg.metadataqa.marc.utils.marcspec.MARCSpecTest
Tests run: 2, Failures: 0, Errors: 0, Skipped: 0, Time elapsed: 0.008 sec - in de.gwdg.metadataqa.marc.utils.marcspec.MARCSpecTest
Running de.gwdg.metadataqa.marc.utils.marcspec.MARCspecParserTest
Tests run: 25, Failures: 0, Errors: 0, Skipped: 0, Time elapsed: 0.023 sec - in de.gwdg.metadataqa.marc.utils.marcspec.MARCspecParserTest
Running de.gwdg.metadataqa.marc.utils.marcspec.parser.MARCspecParser5_indicatorSpecTest
Tests run: 2, Failures: 0, Errors: 0, Skipped: 0, Time elapsed: 0.001 sec - in de.gwdg.metadataqa.marc.utils.marcspec.parser.MARCspecParser5_indicatorSpecTest
Running de.gwdg.metadataqa.marc.utils.marcspec.parser.MARCspecParser1_fieldSpecTest
Tests run: 4, Failures: 0, Errors: 0, Skipped: 0, Time elapsed: 0.001 sec - in de.gwdg.metadataqa.marc.utils.marcspec.parser.MARCspecParser1_fieldSpecTest
Running de.gwdg.metadataqa.marc.utils.marcspec.parser.MARCspecParser3_subfieldSpecTest
Tests run: 4, Failures: 0, Errors: 0, Skipped: 0, Time elapsed: 0.005 sec - in de.gwdg.metadataqa.marc.utils.marcspec.parser.MARCspecParser3_subfieldSpecTest
Running de.gwdg.metadataqa.marc.utils.marcspec.parser.MARCspecParser2_characterSpecTest
Tests run: 6, Failures: 0, Errors: 0, Skipped: 0, Time elapsed: 0.005 sec - in de.gwdg.metadataqa.marc.utils.marcspec.parser.MARCspecParser2_characterSpecTest
Running de.gwdg.metadataqa.marc.utils.marcspec.parser.MARCspecParser6_subSpecTest
Tests run: 6, Failures: 0, Errors: 0, Skipped: 0, Time elapsed: 0.009 sec - in de.gwdg.metadataqa.marc.utils.marcspec.parser.MARCspecParser6_subSpecTest
Running de.gwdg.metadataqa.marc.utils.marcspec.parser.MARCspecParser7_abbreviationTest
Tests run: 7, Failures: 0, Errors: 0, Skipped: 0, Time elapsed: 0.002 sec - in de.gwdg.metadataqa.marc.utils.marcspec.parser.MARCspecParser7_abbreviationTest
Running de.gwdg.metadataqa.marc.utils.marcspec.parser.MARCspecParser4_indexTest
Tests run: 10, Failures: 0, Errors: 0, Skipped: 0, Time elapsed: 0.005 sec - in de.gwdg.metadataqa.marc.utils.marcspec.parser.MARCspecParser4_indexTest
Running de.gwdg.metadataqa.marc.utils.marcspec.legacy.MarcSpecTest
MarcSpec{fieldTag='008', charStart=0, charEnd=5, charLength=6, subfields={}, indicator1='null', indicator2='null'}
Tests run: 20, Failures: 0, Errors: 0, Skipped: 0, Time elapsed: 0.005 sec - in de.gwdg.metadataqa.marc.utils.marcspec.legacy.MarcSpecTest
Running de.gwdg.metadataqa.marc.utils.pica.PicaReaderTest
# 1.1 Bibliographische Ebene (Level 0)

## Codierte Angaben
Tag is already defined! 013@/01 [013@]

## Standardnummern

## Personennamen
Jul 30, 2020 8:44:18 PM de.gwdg.metadataqa.marc.utils.pica.PicaplusTag parse
SEVERE: Error in picaplus: 028C/D. Does not fit to the numeric pattern.
Tag is already defined! 028L/01 [028L/00]
Tag is already defined! 028L/02 [028L/00, 028L/01]
Tag is already defined! 028L/03 [028L/00, 028L/02, 028L/01]

## Körperschaften, Kongresse

## Weitere Sachtitel(formen)
Tag is already defined! 022A/01 [022A/00]

## Hauptsachtitel

## Veröffentlichungsvermerk, Umfang, Beigaben
Tag is already defined! 033B/05 [033B/01]
Tag is already defined! 009P/03 [009P/01]
Tag is already defined! 009P/05 [009P/01, 009P/03]
Jul 30, 2020 8:44:18 PM de.gwdg.metadataqa.marc.utils.pica.PicaplusTag parse
SEVERE: Error in picaplus: 009P/0x. Does not fit to the numeric pattern.
Tag is already defined! 009P/0x [009P/05, 009P/01, 009P/03]
Tag is already defined! 009P/09 [009P/05, 009P/01, 009P/03, 009P/0x]

## Übergeordnete Gesamtheiten

## Fußnoten

## Verknüpfungen (frühere, spätere Titel usw.)

## Angaben zu Computerdateien

## Hinweise auf Überordnungen/zugehörige Veröffentlichungen

## Nicht-standardmäßige Nebeneintragungen

## Sonderkategorien für die Erfassung gemäß AAD-Standard

## Bearbeitungshinweise

## Sacherschließung
Tag is already defined! 045B/01 [045B/00]
Tag is already defined! 045B/02 [045B/00, 045B/01]
Tag is already defined! 045B/03 [045B/02, 045B/00, 045B/01]
Tag is already defined! 045B/04 [045B/02, 045B/03, 045B/00, 045B/01]
Tag is already defined! 045B/05 [045B/02, 045B/03, 045B/04, 045B/00, 045B/01]
Tag is already defined! 041A/01 [041A/00]
Tag is already defined! 041A/05 [041A/01, 041A/00]
Tag is already defined! 041A/08 [041A/05, 041A/01, 041A/00]
Tag is already defined! 041A/09 [041A/08, 041A/05, 041A/01, 041A/00]
Tag is already defined! 041A/10 [041A/09, 041A/08, 041A/05, 041A/01, 041A/00]
Tag is already defined! ... [...]
Tag is already defined! 041A/15 [041A/09, 041A/08, 041A/05, 041A/01, 041A/00, 041A/10]
Tag is already defined! 041A/18 [041A/09, 041A/08, 041A/05, 041A/15, 041A/01, 041A/00, 041A/10]
Tag is already defined! 041A/19 [041A/09, 041A/08, 041A/18, 041A/05, 041A/15, 041A/01, 041A/00, 041A/10]
Tag is already defined! ... [...]
Tag is already defined! 041A/90 [041A/09, 041A/08, 041A/19, 041A/18, 041A/05, 041A/15, 041A/01, 041A/00, 041A/10]
Tag is already defined! ... [...]
Tag is already defined! 041A/95 [041A/09, 041A/08, 041A/19, 041A/18, 041A/90, 041A/05, 041A/15, 041A/01, 041A/00, 041A/10]
Tag is already defined! 041A/98 [041A/95, 041A/09, 041A/08, 041A/19, 041A/18, 041A/90, 041A/05, 041A/15, 041A/01, 041A/00, 041A/10]
Tag is already defined! 041A/99 [041A/95, 041A/09, 041A/08, 041A/19, 041A/18, 041A/90, 041A/05, 041A/15, 041A/01, 041A/00, 041A/10, 041A/98]
Tag is already defined! 045D/02 [045D/00]
Tag is already defined! 045D/04 [045D/00, 045D/02]
Tag is already defined! 045D/06 [045D/04, 045D/00, 045D/02]
Tag is already defined! 045D/08 [045D/04, 045D/06, 045D/00, 045D/02]
Tag is already defined! ... [...]
Tag is already defined! 045D/40 [045D/04, 045D/06, 045D/08, 045D/00, 045D/02]
Tag is already defined! ... [...]
Tag is already defined! 045D/48 [045D/04, 045D/06, 045D/08, 045D/40, 045D/00, 045D/02]
Tag is already defined! 045D/49 [045D/04, 045D/48, 045D/06, 045D/08, 045D/40, 045D/00, 045D/02]
Tag is already defined! 045D/50 [045D/49, 045D/04, 045D/48, 045D/06, 045D/08, 045D/40, 045D/00, 045D/02]
Tag is already defined! 045D/59 [045D/49, 045D/04, 045D/48, 045D/06, 045D/08, 045D/50, 045D/40, 045D/00, 045D/02]

## Mailboxsätze

# 1.2 Lokale Ebene (Level 1)
Tag is already defined! 147B/05 [147B]
Tag is already defined! 147B/06 [147B/05, 147B]

# 1.3 Exemplarebene (Level 2)
Tag is already defined! 201D/03 [201D/01]
Tag is already defined! 209B [209B]

# 2 Normdaten
# 2.1 Normdatensätze allgemein
Tag is already defined! 001A [001A]
Tag is already defined! 001B [001B]
Tag is already defined! 001D [001D]
Tag is already defined! 002@ [002@]
Tag is already defined! 007N [007N]
Tag is already defined! 038L [038L]
Tag is already defined! 047A [047A]

# 2.2 Normdatensätze Körperschaften (Tb-Sätze)
Tag is already defined! 029A [029A]

# 2.3 Normdatensätze Crosskonkordanz (Tc-Sätze)

# 2.4 Normdatensätze Drucker, Verleger, Buchhändler (Tb-/Tp-Sätze (ehemals Tf))
Tag is already defined! 028A [028A]
Tag is already defined! 029A [029A]
Tag is already defined! 009Q [009Q]

# 2.5 Normdatensätze Gattungsbegriffe (Ts-Sätze (ehemals Tg))
Tag is already defined! 041A [041A/95, 041A/90, 041A/15, 041A/01, 041A/00, 041A/99, 041A/10, 041A/98, 041A/09, 041A/08, 041A/19, 041A/18, 041A/05]

# 2.6 Normdatensätze Basisklassifikation (Tk-Sätze)
Tag is already defined! 009B [009B]
Tag is already defined! 045A [045A]
Tag is already defined! 044F [044F]
Tag is already defined! 045C [045C]

# 2.7 Normdatensätze Personen (Tp-Sätze)
Tag is already defined! 028A [028A]
Tag is already defined! 028M [028M]
Tag is already defined! 028L [028L/03, 028L/00, 028L/02, 028L/01]
Tag is already defined! 028@ [028@]
Tag is already defined! 028E [028E]
Tag is already defined! 046G [046G]

# 2.8 Normdatensätze STW-Klassifikationen (Tk-Sätze (ehemals Tq)
Tag is already defined! 045A [045A]

# 2.9 Normdatensätze Standardthesaurus Wirtschaft (Ts-Sätze (ehemals Tt))
Tag is already defined! 041A [041A/95, 041A, 041A/90, 041A/15, 041A/01, 041A/00, 041A/99, 041A/10, 041A/98, 041A/09, 041A/08, 041A/19, 041A/18, 041A/05]
Tag is already defined! 041@ [041@]
Tag is already defined! 045C [045C]

# 2.10 Normdatensätze Schlagwörter (SWD) (Ts-Sätze)
Tag is already defined! 041A [041A/95, 041A, 041A/90, 041A/15, 041A/01, 041A/00, 041A/99, 041A/10, 041A/98, 041A/09, 041A/08, 041A/19, 041A/18, 041A/05]
Tag is already defined! 041@ [041@]

# 2.11 Normdatensätze Werke (Tu-Sätze)
Tag is already defined! 022A [022A/00, 022A/01]
002D: 373
002E: 373
001X: 373
001U: 373
002C: 370
001@: 369
202D: 366
201U: 366
201B: 366
017G: 288
010E: 283
101B: 279
145Y: 264
017C: 221
044N: 200
013D: 126
003S: 119
003T: 107
017L: 46
004W: 40
011F: 38
039I: 33
033C: 28
047F: 23
016A: 22
017H: 17
091O: 14
017F: 14
045M: 11
047B: 10
016B: 7
039M: 6
006S: 5
005I: 5
017K: 5
001Q: 3
206X: 3
201A: 3
017D: 2
013F: 1
039N: 1
046U: 1
Tag is already defined! 022A/01 [022A/00]
Tag is already defined! 045B/03 [045B/02]
Tag is already defined! 045B/04 [045B/02, 045B/03]
Tag is already defined! 045B/05 [045B/02, 045B/03, 045B/04]
Tag is already defined! 045B/00 [045B/02, 045B/03, 045B/04, 045B/05]
Tag is already defined! 045B/01 [045B/02, 045B/03, 045B/04, 045B/05, 045B/00]
Jul 30, 2020 8:44:19 PM de.gwdg.metadataqa.marc.utils.pica.PicaplusTag parse
SEVERE: Error in picaplus: 209B/$x01. Does not fit to the numeric pattern.
Tag is already defined! 045D/00-48 [045D/49]
number of unhandled tags: 34
201U/001: 345 (1030400229)
202D/001: 345 (1030400229)
101U: 279 (1030400229)
102D: 278 (1030400229)
209A/001: 247 (1030400229)
209R/001: 37 (1030410267)
237A/001: 22 (1029702861)
201U/002: 16 (875783805)
202D/002: 16 (875783805)
091O/05: 14 (1030400229)
209O/001: 14 (1029702861)
220B/001: 14 (1028600887)
231@/001: 12 (868019771)
209A/002: 12 (875783805)
231B/001: 12 (868019771)
237A/002: 7 (867755105)
209A/003: 5 (834733455)
201U/003: 5 (834733455)
202D/003: 5 (834733455)
036D: 4 (1029138427)
209O/003: 3 (521452112)
245Z/001: 2 (120763796)
220B/002: 2 (532037197)
045H/01: 2 (892844450)
209B/001: 2 (120763796)
209C/001: 2 (125356765)
206X/001: 2 (120763796)
201A/001: 2 (104058618X)
231@/002: 1 (167789651)
220B/003: 1 (664889077)
209B/002: 1 (120742292)
206X/002: 1 (120742292)
231B/002: 1 (167789651)
201A/002: 1 (521452112)
Tests run: 2, Failures: 0, Errors: 0, Skipped: 0, Time elapsed: 0.303 sec - in de.gwdg.metadataqa.marc.utils.pica.PicaReaderTest
Running de.gwdg.metadataqa.marc.utils.pica.PicaTagDefinitionTest
Tests run: 4, Failures: 0, Errors: 0, Skipped: 0, Time elapsed: 0.001 sec - in de.gwdg.metadataqa.marc.utils.pica.PicaTagDefinitionTest
Running de.gwdg.metadataqa.marc.utils.pica.PicaLineTest
Tests run: 3, Failures: 0, Errors: 0, Skipped: 0, Time elapsed: 0 sec - in de.gwdg.metadataqa.marc.utils.pica.PicaLineTest
Running de.gwdg.metadataqa.marc.utils.ReadMarcTest
Tests run: 1, Failures: 0, Errors: 0, Skipped: 0, Time elapsed: 0.008 sec - in de.gwdg.metadataqa.marc.utils.ReadMarcTest
Running de.gwdg.metadataqa.marc.MarcFieldTest
Tests run: 4, Failures: 0, Errors: 0, Skipped: 0, Time elapsed: 0.001 sec - in de.gwdg.metadataqa.marc.MarcFieldTest
Running de.gwdg.metadataqa.marc.definition.general.indexer.subject.ClassificationSchemesTest
Tests run: 2, Failures: 0, Errors: 0, Skipped: 0, Time elapsed: 0 sec - in de.gwdg.metadataqa.marc.definition.general.indexer.subject.ClassificationSchemesTest
Running de.gwdg.metadataqa.marc.definition.general.indexer.subject.SchemaFromSubfield2Test
Tests run: 5, Failures: 0, Errors: 0, Skipped: 0, Time elapsed: 0 sec - in de.gwdg.metadataqa.marc.definition.general.indexer.subject.SchemaFromSubfield2Test
Running de.gwdg.metadataqa.marc.definition.general.indexer.subject.SchemaFromInd2AndSubfield2Test
Tests run: 15, Failures: 0, Errors: 0, Skipped: 0, Time elapsed: 0.003 sec - in de.gwdg.metadataqa.marc.definition.general.indexer.subject.SchemaFromInd2AndSubfield2Test
Running de.gwdg.metadataqa.marc.definition.general.indexer.subject.SchemaFromInd1OrIf7FromSubfield2Test
Jul 30, 2020 8:44:19 PM de.gwdg.metadataqa.marc.definition.general.indexer.subject.SubjectIndexer$KeyValuesExtractor invoke
WARNING: No subfield a in the field: DataField{052, ind1=' ', ind2=' ', subfields=[MarcSubfield{code='b', value='value1'}, MarcSubfield{code='c', value='value2'}, MarcSubfield{code='2', value='dnb'}]}
Tests run: 18, Failures: 0, Errors: 0, Skipped: 0, Time elapsed: 0.005 sec - in de.gwdg.metadataqa.marc.definition.general.indexer.subject.SchemaFromInd1OrIf7FromSubfield2Test
Running de.gwdg.metadataqa.marc.definition.general.indexer.subject.SchemaFromInd1OrIfEmptyFromSubfield2Test
Tests run: 8, Failures: 0, Errors: 0, Skipped: 0, Time elapsed: 0 sec - in de.gwdg.metadataqa.marc.definition.general.indexer.subject.SchemaFromInd1OrIfEmptyFromSubfield2Test
Running de.gwdg.metadataqa.marc.definition.general.validator.ISSNValidatorTest
Tests run: 6, Failures: 0, Errors: 0, Skipped: 0, Time elapsed: 0.008 sec - in de.gwdg.metadataqa.marc.definition.general.validator.ISSNValidatorTest
Running de.gwdg.metadataqa.marc.definition.general.validator.ClassificationReferenceValidatorTest
Tests run: 1, Failures: 0, Errors: 0, Skipped: 0, Time elapsed: 0 sec - in de.gwdg.metadataqa.marc.definition.general.validator.ClassificationReferenceValidatorTest
Running de.gwdg.metadataqa.marc.definition.general.validator.ISBNValidatorTest
Tests run: 14, Failures: 0, Errors: 0, Skipped: 0, Time elapsed: 0.002 sec - in de.gwdg.metadataqa.marc.definition.general.validator.ISBNValidatorTest
Running de.gwdg.metadataqa.marc.definition.general.FieldLinkAndSequenceNumberParserTest
Tests run: 9, Failures: 0, Errors: 0, Skipped: 0, Time elapsed: 0.007 sec - in de.gwdg.metadataqa.marc.definition.general.FieldLinkAndSequenceNumberParserTest
Running de.gwdg.metadataqa.marc.definition.general.LanguageCodesTest
Tests run: 1, Failures: 0, Errors: 0, Skipped: 0, Time elapsed: 0 sec - in de.gwdg.metadataqa.marc.definition.general.LanguageCodesTest
Running de.gwdg.metadataqa.marc.definition.general.parser.Control008All00DateParserTest
Tests run: 2, Failures: 0, Errors: 0, Skipped: 0, Time elapsed: 0 sec - in de.gwdg.metadataqa.marc.definition.general.parser.Control008All00DateParserTest
Running de.gwdg.metadataqa.marc.definition.general.parser.RecordControlNumberParserTest
Tests run: 1, Failures: 0, Errors: 0, Skipped: 0, Time elapsed: 0 sec - in de.gwdg.metadataqa.marc.definition.general.parser.RecordControlNumberParserTest
Running de.gwdg.metadataqa.marc.definition.general.parser.LinkageParserTest
Tests run: 11, Failures: 0, Errors: 0, Skipped: 0, Time elapsed: 0.011 sec - in de.gwdg.metadataqa.marc.definition.general.parser.LinkageParserTest
Running de.gwdg.metadataqa.marc.definition.Control008SubfieldsTest
Tests run: 1, Failures: 0, Errors: 0, Skipped: 0, Time elapsed: 0.014 sec - in de.gwdg.metadataqa.marc.definition.Control008SubfieldsTest
Running de.gwdg.metadataqa.marc.definition.controlsubfields.tag007.Tag007nonprojected02Test
Tests run: 1, Failures: 0, Errors: 0, Skipped: 0, Time elapsed: 0 sec - in de.gwdg.metadataqa.marc.definition.controlsubfields.tag007.Tag007nonprojected02Test
Running de.gwdg.metadataqa.marc.definition.LeaderSubfieldsTest
Tests run: 1, Failures: 0, Errors: 0, Skipped: 0, Time elapsed: 0 sec - in de.gwdg.metadataqa.marc.definition.LeaderSubfieldsTest
Running de.gwdg.metadataqa.marc.definition.SubfieldDefinitionTest
Tests run: 4, Failures: 0, Errors: 0, Skipped: 0, Time elapsed: 0 sec - in de.gwdg.metadataqa.marc.definition.SubfieldDefinitionTest
Running de.gwdg.metadataqa.marc.definition.tags.tags84x.Tag880Test
Tests run: 1, Failures: 0, Errors: 0, Skipped: 0, Time elapsed: 0.001 sec - in de.gwdg.metadataqa.marc.definition.tags.tags84x.Tag880Test
Running de.gwdg.metadataqa.marc.definition.tags.tags3xx.Tag300Test
Tests run: 7, Failures: 0, Errors: 0, Skipped: 0, Time elapsed: 0 sec - in de.gwdg.metadataqa.marc.definition.tags.tags3xx.Tag300Test
Running de.gwdg.metadataqa.marc.definition.tags.tags4xx.Tag490Test
Tests run: 2, Failures: 0, Errors: 0, Skipped: 0, Time elapsed: 0 sec - in de.gwdg.metadataqa.marc.definition.tags.tags4xx.Tag490Test
Running de.gwdg.metadataqa.marc.definition.tags.tags6xx.Tag650Test
Tests run: 9, Failures: 0, Errors: 0, Skipped: 0, Time elapsed: 0 sec - in de.gwdg.metadataqa.marc.definition.tags.tags6xx.Tag650Test
Running de.gwdg.metadataqa.marc.definition.tags.tags6xx.Tag610Test
Tests run: 10, Failures: 0, Errors: 0, Skipped: 0, Time elapsed: 0 sec - in de.gwdg.metadataqa.marc.definition.tags.tags6xx.Tag610Test
Running de.gwdg.metadataqa.marc.definition.tags.tags20x.Tag245Test
Tests run: 14, Failures: 0, Errors: 0, Skipped: 0, Time elapsed: 0.005 sec - in de.gwdg.metadataqa.marc.definition.tags.tags20x.Tag245Test
Running de.gwdg.metadataqa.marc.definition.tags.oclctags.Tag029Test
Tests run: 1, Failures: 0, Errors: 0, Skipped: 0, Time elapsed: 0 sec - in de.gwdg.metadataqa.marc.definition.tags.oclctags.Tag029Test
Running de.gwdg.metadataqa.marc.definition.tags.tags25x.Tag260Test
Tests run: 11, Failures: 0, Errors: 0, Skipped: 0, Time elapsed: 0.001 sec - in de.gwdg.metadataqa.marc.definition.tags.tags25x.Tag260Test
Running de.gwdg.metadataqa.marc.definition.tags.tags01x.Tag040Test
Tests run: 2, Failures: 0, Errors: 0, Skipped: 0, Time elapsed: 0 sec - in de.gwdg.metadataqa.marc.definition.tags.tags01x.Tag040Test
Running de.gwdg.metadataqa.marc.definition.tags.tags01x.Tag090Test
Tests run: 2, Failures: 0, Errors: 0, Skipped: 0, Time elapsed: 0 sec - in de.gwdg.metadataqa.marc.definition.tags.tags01x.Tag090Test
Running de.gwdg.metadataqa.marc.definition.tags.tags01x.Tag045Test
Tests run: 1, Failures: 0, Errors: 0, Skipped: 0, Time elapsed: 0.004 sec - in de.gwdg.metadataqa.marc.definition.tags.tags01x.Tag045Test
Running de.gwdg.metadataqa.marc.definition.Control006SubfieldsTest
Tests run: 1, Failures: 0, Errors: 0, Skipped: 0, Time elapsed: 0.03 sec - in de.gwdg.metadataqa.marc.definition.Control006SubfieldsTest
Running de.gwdg.metadataqa.marc.definition.TagDefinitionLoaderTest
Tests run: 6, Failures: 0, Errors: 0, Skipped: 0, Time elapsed: 0.011 sec - in de.gwdg.metadataqa.marc.definition.TagDefinitionLoaderTest
Running de.gwdg.metadataqa.marc.definition.DataFieldTest
Tests run: 2, Failures: 0, Errors: 0, Skipped: 0, Time elapsed: 0 sec - in de.gwdg.metadataqa.marc.definition.DataFieldTest
Running de.gwdg.metadataqa.marc.definition.Control007SubfieldsTest
Tests run: 1, Failures: 0, Errors: 0, Skipped: 0, Time elapsed: 0 sec - in de.gwdg.metadataqa.marc.definition.Control007SubfieldsTest
Running de.gwdg.metadataqa.marc.MarcFieldExtractorTest
Tests run: 1, Failures: 0, Errors: 0, Skipped: 0, Time elapsed: 0 sec - in de.gwdg.metadataqa.marc.MarcFieldExtractorTest
Running de.gwdg.metadataqa.marc.analysis.ClassificationAnalyzerTest
Tests run: 1, Failures: 0, Errors: 0, Skipped: 0, Time elapsed: 0.01 sec - in de.gwdg.metadataqa.marc.analysis.ClassificationAnalyzerTest
Running de.gwdg.metadataqa.marc.analysis.SerialTest
Tests run: 1, Failures: 0, Errors: 0, Skipped: 0, Time elapsed: 0.014 sec - in de.gwdg.metadataqa.marc.analysis.SerialTest
Running de.gwdg.metadataqa.marc.analysis.ThompsonTrailFieldsTest
ThompsonTrailFields{label='id', machine='id', isClassification=false}
ThompsonTrailFields{label='ISBN', machine='isbn', isClassification=false}
ThompsonTrailFields{label='Authors', machine='authors', isClassification=false}
ThompsonTrailFields{label='Alternative Titles', machine='alternative-titles', isClassification=false}
ThompsonTrailFields{label='Edition', machine='edition', isClassification=false}
ThompsonTrailFields{label='Contributors', machine='contributors', isClassification=false}
ThompsonTrailFields{label='Series', machine='series', isClassification=false}
ThompsonTrailFields{label='Table of Contents and Abstract', machine='toc-and-abstract', isClassification=false}
ThompsonTrailFields{label='Date 008', machine='date-008', isClassification=false}
ThompsonTrailFields{label='Date 26X', machine='date-26x', isClassification=false}
ThompsonTrailFields{label='LC/NLM Classification', machine='classification-lc-nlm', isClassification=true}
ThompsonTrailFields{label='Subject Headings: Library of Congress', machine='classification-loc', isClassification=true}
ThompsonTrailFields{label='Subject Headings: Mesh', machine='classification-mesh', isClassification=true}
ThompsonTrailFields{label='Subject Headings: Fast', machine='classification-fast', isClassification=true}
ThompsonTrailFields{label='Subject Headings: GND', machine='classification-gnd', isClassification=true}
ThompsonTrailFields{label='Subject Headings: Other', machine='classification-other', isClassification=true}
ThompsonTrailFields{label='Online', machine='online', isClassification=false}
ThompsonTrailFields{label='Language of Resource', machine='language-of-resource', isClassification=false}
ThompsonTrailFields{label='Country of Publication', machine='country-of-publication', isClassification=false}
ThompsonTrailFields{label='Language of Cataloging', machine='no-language-or-english', isClassification=false}
ThompsonTrailFields{label='Descriptive cataloging standard is RDA', machine='rda', isClassification=false}
ThompsonTrailFields{label='total', machine='total', isClassification=false}
Tests run: 1, Failures: 0, Errors: 0, Skipped: 0, Time elapsed: 0.004 sec - in de.gwdg.metadataqa.marc.analysis.ThompsonTrailFieldsTest
Running de.gwdg.metadataqa.marc.analysis.ThompsonTraillAnalysisTest
Tests run: 3, Failures: 0, Errors: 0, Skipped: 0, Time elapsed: 0 sec - in de.gwdg.metadataqa.marc.analysis.ThompsonTraillAnalysisTest
Running de.gwdg.metadataqa.marc.analysis.AuthorithyAnalyzerTest
Tests run: 1, Failures: 0, Errors: 0, Skipped: 0, Time elapsed: 0.003 sec - in de.gwdg.metadataqa.marc.analysis.AuthorithyAnalyzerTest
Running de.gwdg.metadataqa.marc.MarcFactoryTest
Jul 30, 2020 8:44:19 PM de.gwdg.metadataqa.marc.Control007 handleContent
SEVERE: 007 control field is empty
no definition for 689$2 (value: 'gnd') false false
no definition for 689$2 (value: 'gnd') false false
no definition for 689$2 (value: 'gnd') false false
no definition for 710$9 (value: 'g:Frankfurt am Main') false false
02794cam0 2200709   450 
contentFromUnimarc: '19750228d1974    m  y0frey50      ba'
0/1) 1
#1 6: '750228'
#2 7: '750228s'
#3 11: '750228s1974'
#4 15: '750228s1974    '
16: '750228s1974     '
21: '750228s1974          '
22: '750228s1974          i'
26: '750228s1974          i    '
26: '750228s1974          i    '
30: '750228s1974          i        '
31: '750228s1974          i        r'
33: '750228s1974          i        r  '
toMarc21: '750228s1974          i        r  '
no definition for 689$2 (value: 'gnd') false false
no definition for 689$2 (value: 'gnd') false false
no definition for 689$2 (value: 'gnd') false false
no definition for 710$9 (value: 'g:Frankfurt am Main') false false
Tests run: 9, Failures: 0, Errors: 0, Skipped: 0, Time elapsed: 0.24 sec - in de.gwdg.metadataqa.marc.MarcFactoryTest
Running de.gwdg.metadataqa.marc.MarcRecordTest
Tests run: 3, Failures: 0, Errors: 0, Skipped: 0, Time elapsed: 0.464 sec - in de.gwdg.metadataqa.marc.MarcRecordTest
Running de.gwdg.metadataqa.marc.Control005Test
Tests run: 2, Failures: 0, Errors: 0, Skipped: 0, Time elapsed: 0 sec - in de.gwdg.metadataqa.marc.Control005Test
Running de.gwdg.metadataqa.marc.X035aSystemControlNumberTest
Tests run: 2, Failures: 0, Errors: 0, Skipped: 0, Time elapsed: 0.001 sec - in de.gwdg.metadataqa.marc.X035aSystemControlNumberTest
Running de.gwdg.metadataqa.marc.MarcIteratorTest
Tests run: 1, Failures: 0, Errors: 0, Skipped: 0, Time elapsed: 0.038 sec - in de.gwdg.metadataqa.marc.MarcIteratorTest
Running de.gwdg.metadataqa.marc.UtilsTest
Tests run: 9, Failures: 0, Errors: 0, Skipped: 0, Time elapsed: 0.009 sec - in de.gwdg.metadataqa.marc.UtilsTest
Running de.gwdg.metadataqa.marc.ControlSubfieldTest
Tests run: 4, Failures: 0, Errors: 0, Skipped: 0, Time elapsed: 0 sec - in de.gwdg.metadataqa.marc.ControlSubfieldTest
Running de.gwdg.metadataqa.marc.code.CodeReaderTest
Tests run: 1, Failures: 0, Errors: 0, Skipped: 0, Time elapsed: 0.009 sec - in de.gwdg.metadataqa.marc.code.CodeReaderTest
Running de.gwdg.metadataqa.marc.ValidationErrorTypeTest
Tests run: 5, Failures: 0, Errors: 0, Skipped: 0, Time elapsed: 0 sec - in de.gwdg.metadataqa.marc.ValidationErrorTypeTest
Running de.gwdg.metadataqa.marc.ControlValueTest
Tests run: 4, Failures: 0, Errors: 0, Skipped: 0, Time elapsed: 0 sec - in de.gwdg.metadataqa.marc.ControlValueTest
Running de.gwdg.metadataqa.marc.Control003Test
Tests run: 2, Failures: 0, Errors: 0, Skipped: 0, Time elapsed: 0 sec - in de.gwdg.metadataqa.marc.Control003Test
Running de.gwdg.metadataqa.marc.Control001Test
Tests run: 2, Failures: 0, Errors: 0, Skipped: 0, Time elapsed: 0 sec - in de.gwdg.metadataqa.marc.Control001Test
Running de.gwdg.metadataqa.marc.CodeTest
Tests run: 7, Failures: 0, Errors: 0, Skipped: 0, Time elapsed: 0 sec - in de.gwdg.metadataqa.marc.CodeTest
Running de.gwdg.metadataqa.marc.cli.parameters.ThompsonTraillCompletenessParametersTest
Tests run: 7, Failures: 0, Errors: 0, Skipped: 0, Time elapsed: 0.007 sec - in de.gwdg.metadataqa.marc.cli.parameters.ThompsonTraillCompletenessParametersTest
Running de.gwdg.metadataqa.marc.cli.parameters.MarcToSolrParametersTest
Tests run: 7, Failures: 0, Errors: 0, Skipped: 0, Time elapsed: 0.002 sec - in de.gwdg.metadataqa.marc.cli.parameters.MarcToSolrParametersTest
Running de.gwdg.metadataqa.marc.cli.parameters.FormatterParametersTest
Tests run: 6, Failures: 0, Errors: 0, Skipped: 0, Time elapsed: 0.005 sec - in de.gwdg.metadataqa.marc.cli.parameters.FormatterParametersTest
Running de.gwdg.metadataqa.marc.cli.parameters.CommonParametersTest
Tests run: 3, Failures: 0, Errors: 0, Skipped: 0, Time elapsed: 0 sec - in de.gwdg.metadataqa.marc.cli.parameters.CommonParametersTest
Running de.gwdg.metadataqa.marc.cli.parameters.ValidatorParametersTest
Tests run: 8, Failures: 0, Errors: 0, Skipped: 0, Time elapsed: 0.001 sec - in de.gwdg.metadataqa.marc.cli.parameters.ValidatorParametersTest
Running de.gwdg.metadataqa.marc.cli.ClassificationAnalysisTest
Tests run: 1, Failures: 0, Errors: 0, Skipped: 0, Time elapsed: 0.002 sec - in de.gwdg.metadataqa.marc.cli.ClassificationAnalysisTest
Running de.gwdg.metadataqa.marc.cli.IndexingTest
Tests run: 3, Failures: 0, Errors: 0, Skipped: 0, Time elapsed: 0.004 sec - in de.gwdg.metadataqa.marc.cli.IndexingTest
Running de.gwdg.metadataqa.marc.cli.FunctionalAnalysisTest
[main] INFO org.reflections.Reflections - Reflections took 63 ms to scan 2 urls, producing 3 keys and 292 values 
class de.gwdg.metadataqa.marc.definition.tags.tags01x.Tag010
class de.gwdg.metadataqa.marc.definition.tags.oclctags.Tag012
class de.gwdg.metadataqa.marc.definition.tags.tags01x.Tag013
class de.gwdg.metadataqa.marc.definition.tags.tags01x.Tag015
class de.gwdg.metadataqa.marc.definition.tags.tags01x.Tag016
class de.gwdg.metadataqa.marc.definition.tags.tags01x.Tag017
class de.gwdg.metadataqa.marc.definition.tags.tags01x.Tag018
class de.gwdg.metadataqa.marc.definition.tags.fennicatags.Tag019
class de.gwdg.metadataqa.marc.definition.tags.oclctags.Tag019
class de.gwdg.metadataqa.marc.definition.tags.tags01x.Tag020
class de.gwdg.metadataqa.marc.definition.tags.tags01x.Tag022
class de.gwdg.metadataqa.marc.definition.tags.tags01x.Tag024
class de.gwdg.metadataqa.marc.definition.tags.tags01x.Tag025
class de.gwdg.metadataqa.marc.definition.tags.tags01x.Tag026
class de.gwdg.metadataqa.marc.definition.tags.tags01x.Tag027
class de.gwdg.metadataqa.marc.definition.tags.tags01x.Tag028
class de.gwdg.metadataqa.marc.definition.tags.oclctags.Tag029
class de.gwdg.metadataqa.marc.definition.tags.tags01x.Tag030
class de.gwdg.metadataqa.marc.definition.tags.tags01x.Tag031
class de.gwdg.metadataqa.marc.definition.tags.tags01x.Tag032
class de.gwdg.metadataqa.marc.definition.tags.tags01x.Tag033
class de.gwdg.metadataqa.marc.definition.tags.tags01x.Tag034
class de.gwdg.metadataqa.marc.definition.tags.tags01x.Tag035
class de.gwdg.metadataqa.marc.definition.tags.tags01x.Tag036
class de.gwdg.metadataqa.marc.definition.tags.tags01x.Tag037
class de.gwdg.metadataqa.marc.definition.tags.tags01x.Tag038
class de.gwdg.metadataqa.marc.definition.tags.tags01x.Tag040
class de.gwdg.metadataqa.marc.definition.tags.tags01x.Tag041
class de.gwdg.metadataqa.marc.definition.tags.tags01x.Tag042
class de.gwdg.metadataqa.marc.definition.tags.tags01x.Tag043
class de.gwdg.metadataqa.marc.definition.tags.tags01x.Tag044
class de.gwdg.metadataqa.marc.definition.tags.tags01x.Tag045
class de.gwdg.metadataqa.marc.definition.tags.tags01x.Tag046
class de.gwdg.metadataqa.marc.definition.tags.tags01x.Tag047
class de.gwdg.metadataqa.marc.definition.tags.tags01x.Tag048
class de.gwdg.metadataqa.marc.definition.tags.tags01x.Tag050
class de.gwdg.metadataqa.marc.definition.tags.tags01x.Tag051
class de.gwdg.metadataqa.marc.definition.tags.tags01x.Tag052
class de.gwdg.metadataqa.marc.definition.tags.tags01x.Tag055
class de.gwdg.metadataqa.marc.definition.tags.tags01x.Tag060
class de.gwdg.metadataqa.marc.definition.tags.tags01x.Tag061
class de.gwdg.metadataqa.marc.definition.tags.tags01x.Tag066
class de.gwdg.metadataqa.marc.definition.tags.tags01x.Tag070
class de.gwdg.metadataqa.marc.definition.tags.tags01x.Tag071
class de.gwdg.metadataqa.marc.definition.tags.tags01x.Tag072
class de.gwdg.metadataqa.marc.definition.tags.tags01x.Tag074
class de.gwdg.metadataqa.marc.definition.tags.tags01x.Tag080
class de.gwdg.metadataqa.marc.definition.tags.tags01x.Tag082
class de.gwdg.metadataqa.marc.definition.tags.tags01x.Tag083
class de.gwdg.metadataqa.marc.definition.tags.tags01x.Tag084
class de.gwdg.metadataqa.marc.definition.tags.tags01x.Tag085
class de.gwdg.metadataqa.marc.definition.tags.tags01x.Tag086
class de.gwdg.metadataqa.marc.definition.tags.tags01x.Tag088
class de.gwdg.metadataqa.marc.definition.tags.sztetags.Tag090
class de.gwdg.metadataqa.marc.definition.tags.oclctags.Tag090
class de.gwdg.metadataqa.marc.definition.tags.sztetags.Tag092
class de.gwdg.metadataqa.marc.definition.tags.oclctags.Tag092
class de.gwdg.metadataqa.marc.definition.tags.sztetags.Tag093
class de.gwdg.metadataqa.marc.definition.tags.oclctags.Tag096
class de.gwdg.metadataqa.marc.definition.tags.tags1xx.Tag100
class de.gwdg.metadataqa.marc.definition.tags.tags1xx.Tag110
class de.gwdg.metadataqa.marc.definition.tags.tags1xx.Tag111
class de.gwdg.metadataqa.marc.definition.tags.tags1xx.Tag130
class de.gwdg.metadataqa.marc.definition.tags.tags20x.Tag210
class de.gwdg.metadataqa.marc.definition.tags.tags20x.Tag222
class de.gwdg.metadataqa.marc.definition.tags.tags20x.Tag240
class de.gwdg.metadataqa.marc.definition.tags.tags20x.Tag242
class de.gwdg.metadataqa.marc.definition.tags.tags20x.Tag243
class de.gwdg.metadataqa.marc.definition.tags.tags20x.Tag245
class de.gwdg.metadataqa.marc.definition.tags.tags20x.Tag246
class de.gwdg.metadataqa.marc.definition.tags.tags20x.Tag247
class de.gwdg.metadataqa.marc.definition.tags.dnbtags.Tag249
class de.gwdg.metadataqa.marc.definition.tags.tags25x.Tag250
class de.gwdg.metadataqa.marc.definition.tags.tags25x.Tag254
class de.gwdg.metadataqa.marc.definition.tags.tags25x.Tag255
class de.gwdg.metadataqa.marc.definition.tags.tags25x.Tag256
class de.gwdg.metadataqa.marc.definition.tags.tags25x.Tag257
class de.gwdg.metadataqa.marc.definition.tags.tags25x.Tag258
class de.gwdg.metadataqa.marc.definition.tags.dnbtags.Tag259
class de.gwdg.metadataqa.marc.definition.tags.tags25x.Tag260
class de.gwdg.metadataqa.marc.definition.tags.tags25x.Tag263
class de.gwdg.metadataqa.marc.definition.tags.tags25x.Tag264
class de.gwdg.metadataqa.marc.definition.tags.tags25x.Tag270
class de.gwdg.metadataqa.marc.definition.tags.tags3xx.Tag300
class de.gwdg.metadataqa.marc.definition.tags.tags3xx.Tag306
class de.gwdg.metadataqa.marc.definition.tags.tags3xx.Tag307
class de.gwdg.metadataqa.marc.definition.tags.tags3xx.Tag310
class de.gwdg.metadataqa.marc.definition.tags.tags3xx.Tag321
class de.gwdg.metadataqa.marc.definition.tags.tags3xx.Tag336
class de.gwdg.metadataqa.marc.definition.tags.tags3xx.Tag337
class de.gwdg.metadataqa.marc.definition.tags.tags3xx.Tag338
class de.gwdg.metadataqa.marc.definition.tags.tags3xx.Tag340
class de.gwdg.metadataqa.marc.definition.tags.tags3xx.Tag342
class de.gwdg.metadataqa.marc.definition.tags.tags3xx.Tag343
class de.gwdg.metadataqa.marc.definition.tags.tags3xx.Tag344
class de.gwdg.metadataqa.marc.definition.tags.tags3xx.Tag345
class de.gwdg.metadataqa.marc.definition.tags.tags3xx.Tag346
class de.gwdg.metadataqa.marc.definition.tags.tags3xx.Tag347
class de.gwdg.metadataqa.marc.definition.tags.tags3xx.Tag348
class de.gwdg.metadataqa.marc.definition.tags.tags3xx.Tag351
class de.gwdg.metadataqa.marc.definition.tags.tags3xx.Tag352
class de.gwdg.metadataqa.marc.definition.tags.tags3xx.Tag355
class de.gwdg.metadataqa.marc.definition.tags.tags3xx.Tag357
class de.gwdg.metadataqa.marc.definition.tags.tags3xx.Tag362
class de.gwdg.metadataqa.marc.definition.tags.tags3xx.Tag363
class de.gwdg.metadataqa.marc.definition.tags.tags3xx.Tag365
class de.gwdg.metadataqa.marc.definition.tags.tags3xx.Tag366
class de.gwdg.metadataqa.marc.definition.tags.oclctags.Tag366
class de.gwdg.metadataqa.marc.definition.tags.tags3xx.Tag370
class de.gwdg.metadataqa.marc.definition.tags.tags3xx.Tag377
class de.gwdg.metadataqa.marc.definition.tags.tags3xx.Tag380
class de.gwdg.metadataqa.marc.definition.tags.tags3xx.Tag381
class de.gwdg.metadataqa.marc.definition.tags.tags3xx.Tag382
class de.gwdg.metadataqa.marc.definition.tags.tags3xx.Tag383
class de.gwdg.metadataqa.marc.definition.tags.tags3xx.Tag384
class de.gwdg.metadataqa.marc.definition.tags.tags3xx.Tag385
class de.gwdg.metadataqa.marc.definition.tags.tags3xx.Tag386
class de.gwdg.metadataqa.marc.definition.tags.tags3xx.Tag388
class de.gwdg.metadataqa.marc.definition.tags.tags4xx.Tag400
class de.gwdg.metadataqa.marc.definition.tags.tags4xx.Tag410
class de.gwdg.metadataqa.marc.definition.tags.tags4xx.Tag411
class de.gwdg.metadataqa.marc.definition.tags.tags4xx.Tag440
class de.gwdg.metadataqa.marc.definition.tags.tags4xx.Tag490
class de.gwdg.metadataqa.marc.definition.tags.tags5xx.Tag500
class de.gwdg.metadataqa.marc.definition.tags.tags5xx.Tag501
class de.gwdg.metadataqa.marc.definition.tags.tags5xx.Tag502
class de.gwdg.metadataqa.marc.definition.tags.sztetags.Tag503
class de.gwdg.metadataqa.marc.definition.tags.tags5xx.Tag504
class de.gwdg.metadataqa.marc.definition.tags.tags5xx.Tag505
class de.gwdg.metadataqa.marc.definition.tags.tags5xx.Tag506
class de.gwdg.metadataqa.marc.definition.tags.tags5xx.Tag507
class de.gwdg.metadataqa.marc.definition.tags.tags5xx.Tag508
class de.gwdg.metadataqa.marc.definition.tags.tags5xx.Tag510
class de.gwdg.metadataqa.marc.definition.tags.tags5xx.Tag511
class de.gwdg.metadataqa.marc.definition.tags.tags5xx.Tag513
class de.gwdg.metadataqa.marc.definition.tags.tags5xx.Tag514
class de.gwdg.metadataqa.marc.definition.tags.tags5xx.Tag515
class de.gwdg.metadataqa.marc.definition.tags.tags5xx.Tag516
class de.gwdg.metadataqa.marc.definition.tags.tags5xx.Tag518
class de.gwdg.metadataqa.marc.definition.tags.tags5xx.Tag520
class de.gwdg.metadataqa.marc.definition.tags.tags5xx.Tag521
class de.gwdg.metadataqa.marc.definition.tags.tags5xx.Tag522
class de.gwdg.metadataqa.marc.definition.tags.tags5xx.Tag524
class de.gwdg.metadataqa.marc.definition.tags.tags5xx.Tag525
class de.gwdg.metadataqa.marc.definition.tags.tags5xx.Tag526
class de.gwdg.metadataqa.marc.definition.tags.tags5xx.Tag530
class de.gwdg.metadataqa.marc.definition.tags.tags5xx.Tag533
class de.gwdg.metadataqa.marc.definition.tags.tags5xx.Tag534
class de.gwdg.metadataqa.marc.definition.tags.tags5xx.Tag535
class de.gwdg.metadataqa.marc.definition.tags.tags5xx.Tag536
class de.gwdg.metadataqa.marc.definition.tags.tags5xx.Tag538
class de.gwdg.metadataqa.marc.definition.tags.oclctags.Tag539
class de.gwdg.metadataqa.marc.definition.tags.tags5xx.Tag540
class de.gwdg.metadataqa.marc.definition.tags.tags5xx.Tag541
class de.gwdg.metadataqa.marc.definition.tags.tags5xx.Tag542
class de.gwdg.metadataqa.marc.definition.tags.tags5xx.Tag544
class de.gwdg.metadataqa.marc.definition.tags.tags5xx.Tag545
class de.gwdg.metadataqa.marc.definition.tags.tags5xx.Tag546
class de.gwdg.metadataqa.marc.definition.tags.tags5xx.Tag547
class de.gwdg.metadataqa.marc.definition.tags.tags5xx.Tag550
class de.gwdg.metadataqa.marc.definition.tags.tags5xx.Tag552
class de.gwdg.metadataqa.marc.definition.tags.tags5xx.Tag555
class de.gwdg.metadataqa.marc.definition.tags.tags5xx.Tag556
class de.gwdg.metadataqa.marc.definition.tags.tags5xx.Tag561
class de.gwdg.metadataqa.marc.definition.tags.tags5xx.Tag562
class de.gwdg.metadataqa.marc.definition.tags.tags5xx.Tag563
class de.gwdg.metadataqa.marc.definition.tags.tags5xx.Tag565
class de.gwdg.metadataqa.marc.definition.tags.tags5xx.Tag567
class de.gwdg.metadataqa.marc.definition.tags.fennicatags.Tag579
class de.gwdg.metadataqa.marc.definition.tags.tags5xx.Tag580
class de.gwdg.metadataqa.marc.definition.tags.tags5xx.Tag581
class de.gwdg.metadataqa.marc.definition.tags.tags5xx.Tag583
class de.gwdg.metadataqa.marc.definition.tags.tags5xx.Tag584
class de.gwdg.metadataqa.marc.definition.tags.tags5xx.Tag585
class de.gwdg.metadataqa.marc.definition.tags.tags5xx.Tag586
class de.gwdg.metadataqa.marc.definition.tags.tags5xx.Tag588
class de.gwdg.metadataqa.marc.definition.tags.genttags.Tag591
class de.gwdg.metadataqa.marc.definition.tags.dnbtags.Tag591
class de.gwdg.metadataqa.marc.definition.tags.sztetags.Tag591
class de.gwdg.metadataqa.marc.definition.tags.sztetags.Tag595
class de.gwdg.metadataqa.marc.definition.tags.sztetags.Tag596
class de.gwdg.metadataqa.marc.definition.tags.sztetags.Tag598
class de.gwdg.metadataqa.marc.definition.tags.tags6xx.Tag600
class de.gwdg.metadataqa.marc.definition.tags.tags6xx.Tag610
class de.gwdg.metadataqa.marc.definition.tags.tags6xx.Tag611
class de.gwdg.metadataqa.marc.definition.tags.tags6xx.Tag630
class de.gwdg.metadataqa.marc.definition.tags.tags6xx.Tag647
class de.gwdg.metadataqa.marc.definition.tags.tags6xx.Tag648
class de.gwdg.metadataqa.marc.definition.tags.tags6xx.Tag650
class de.gwdg.metadataqa.marc.definition.tags.tags6xx.Tag651
class de.gwdg.metadataqa.marc.definition.tags.tags6xx.Tag653
class de.gwdg.metadataqa.marc.definition.tags.tags6xx.Tag654
class de.gwdg.metadataqa.marc.definition.tags.tags6xx.Tag655
class de.gwdg.metadataqa.marc.definition.tags.tags6xx.Tag656
class de.gwdg.metadataqa.marc.definition.tags.tags6xx.Tag657
class de.gwdg.metadataqa.marc.definition.tags.tags6xx.Tag658
class de.gwdg.metadataqa.marc.definition.tags.tags6xx.Tag662
class de.gwdg.metadataqa.marc.definition.tags.sztetags.Tag680
class de.gwdg.metadataqa.marc.definition.tags.dnbtags.Tag689
class de.gwdg.metadataqa.marc.definition.tags.sztetags.Tag695
class de.gwdg.metadataqa.marc.definition.tags.sztetags.Tag699
class de.gwdg.metadataqa.marc.definition.tags.tags70x.Tag700
class de.gwdg.metadataqa.marc.definition.tags.tags70x.Tag710
class de.gwdg.metadataqa.marc.definition.tags.tags70x.Tag711
class de.gwdg.metadataqa.marc.definition.tags.tags70x.Tag720
class de.gwdg.metadataqa.marc.definition.tags.tags70x.Tag730
class de.gwdg.metadataqa.marc.definition.tags.tags70x.Tag740
class de.gwdg.metadataqa.marc.definition.tags.tags70x.Tag751
class de.gwdg.metadataqa.marc.definition.tags.tags70x.Tag752
class de.gwdg.metadataqa.marc.definition.tags.tags70x.Tag753
class de.gwdg.metadataqa.marc.definition.tags.tags70x.Tag754
class de.gwdg.metadataqa.marc.definition.tags.tags70x.Tag758
class de.gwdg.metadataqa.marc.definition.tags.tags76x.Tag760
class de.gwdg.metadataqa.marc.definition.tags.tags76x.Tag762
class de.gwdg.metadataqa.marc.definition.tags.tags76x.Tag765
class de.gwdg.metadataqa.marc.definition.tags.tags76x.Tag767
class de.gwdg.metadataqa.marc.definition.tags.tags76x.Tag770
class de.gwdg.metadataqa.marc.definition.tags.tags76x.Tag772
class de.gwdg.metadataqa.marc.definition.tags.tags76x.Tag773
class de.gwdg.metadataqa.marc.definition.tags.tags76x.Tag774
class de.gwdg.metadataqa.marc.definition.tags.tags76x.Tag775
class de.gwdg.metadataqa.marc.definition.tags.tags76x.Tag776
class de.gwdg.metadataqa.marc.definition.tags.tags76x.Tag777
class de.gwdg.metadataqa.marc.definition.tags.tags76x.Tag780
class de.gwdg.metadataqa.marc.definition.tags.tags76x.Tag785
class de.gwdg.metadataqa.marc.definition.tags.tags76x.Tag786
class de.gwdg.metadataqa.marc.definition.tags.tags76x.Tag787
class de.gwdg.metadataqa.marc.definition.tags.fennicatags.Tag790
class de.gwdg.metadataqa.marc.definition.tags.tags80x.Tag800
class de.gwdg.metadataqa.marc.definition.tags.tags80x.Tag810
class de.gwdg.metadataqa.marc.definition.tags.tags80x.Tag811
class de.gwdg.metadataqa.marc.definition.tags.tags80x.Tag830
class de.gwdg.metadataqa.marc.definition.tags.tags84x.Tag850
class de.gwdg.metadataqa.marc.definition.tags.oclctags.Tag851
class de.gwdg.metadataqa.marc.definition.tags.tags84x.Tag852
class de.gwdg.metadataqa.marc.definition.tags.tags84x.Tag856
class de.gwdg.metadataqa.marc.definition.tags.holdings.Tag866
class de.gwdg.metadataqa.marc.definition.tags.tags84x.Tag880
class de.gwdg.metadataqa.marc.definition.tags.tags84x.Tag882
class de.gwdg.metadataqa.marc.definition.tags.tags84x.Tag883
class de.gwdg.metadataqa.marc.definition.tags.tags84x.Tag884
class de.gwdg.metadataqa.marc.definition.tags.tags84x.Tag885
class de.gwdg.metadataqa.marc.definition.tags.tags84x.Tag886
class de.gwdg.metadataqa.marc.definition.tags.tags84x.Tag887
class de.gwdg.metadataqa.marc.definition.tags.dnbtags.Tag889
class de.gwdg.metadataqa.marc.definition.tags.oclctags.Tag891
class de.gwdg.metadataqa.marc.definition.tags.fennicatags.Tag901
class de.gwdg.metadataqa.marc.definition.tags.fennicatags.Tag902
class de.gwdg.metadataqa.marc.definition.tags.fennicatags.Tag903
class de.gwdg.metadataqa.marc.definition.tags.fennicatags.Tag904
class de.gwdg.metadataqa.marc.definition.tags.fennicatags.Tag905
class de.gwdg.metadataqa.marc.definition.tags.fennicatags.Tag906
class de.gwdg.metadataqa.marc.definition.tags.fennicatags.Tag907
class de.gwdg.metadataqa.marc.definition.tags.fennicatags.Tag908
class de.gwdg.metadataqa.marc.definition.tags.fennicatags.Tag909
class de.gwdg.metadataqa.marc.definition.tags.oclctags.Tag911
class de.gwdg.metadataqa.marc.definition.tags.oclctags.Tag912
class de.gwdg.metadataqa.marc.definition.tags.genttags.Tag920
class de.gwdg.metadataqa.marc.definition.tags.genttags.Tag922
class de.gwdg.metadataqa.marc.definition.tags.dnbtags.Tag924
class de.gwdg.metadataqa.marc.definition.tags.dnbtags.Tag925
class de.gwdg.metadataqa.marc.definition.tags.dnbtags.Tag926
class de.gwdg.metadataqa.marc.definition.tags.dnbtags.Tag930
class de.gwdg.metadataqa.marc.definition.tags.fennicatags.Tag930
class de.gwdg.metadataqa.marc.definition.tags.fennicatags.Tag931
class de.gwdg.metadataqa.marc.definition.tags.dnbtags.Tag931
class de.gwdg.metadataqa.marc.definition.tags.fennicatags.Tag932
class de.gwdg.metadataqa.marc.definition.tags.dnbtags.Tag932
class de.gwdg.metadataqa.marc.definition.tags.fennicatags.Tag933
class de.gwdg.metadataqa.marc.definition.tags.oclctags.Tag936
class de.gwdg.metadataqa.marc.definition.tags.oclctags.Tag938
class de.gwdg.metadataqa.marc.definition.tags.sztetags.Tag949
class de.gwdg.metadataqa.marc.definition.tags.sztetags.Tag950
class de.gwdg.metadataqa.marc.definition.tags.sztetags.Tag951
class de.gwdg.metadataqa.marc.definition.tags.sztetags.Tag952
class de.gwdg.metadataqa.marc.definition.tags.fennicatags.Tag960
class de.gwdg.metadataqa.marc.definition.tags.fennicatags.Tag961
class de.gwdg.metadataqa.marc.definition.tags.fennicatags.Tag971
class de.gwdg.metadataqa.marc.definition.tags.fennicatags.Tag972
class de.gwdg.metadataqa.marc.definition.tags.fennicatags.Tag976
class de.gwdg.metadataqa.marc.definition.tags.fennicatags.Tag977
class de.gwdg.metadataqa.marc.definition.tags.fennicatags.Tag979
class de.gwdg.metadataqa.marc.definition.tags.oclctags.Tag994
class de.gwdg.metadataqa.marc.definition.tags.fennicatags.Tag995
Covered elements: 1847
Uncovered elements: 1904
control fields: 7
control subfields: 226
core fields: 216
core indicators: 175
core subfields: 2326
local fields: 68
local indicators: 8
local subfields: 344
Jul 30, 2020 8:44:20 PM de.gwdg.metadataqa.marc.cli.FunctionalAnalysis <init>
INFO: {DiscoverySearch=464, DiscoveryIdentify=976, DiscoverySelect=360, DiscoveryObtain=466, UseRestrict=24, UseManage=107, UseOperate=67, UseInterpret=118, ManagementIdentify=491, ManagementProcess=544, ManagementSort=26, ManagementDisplay=80}
Tests run: 1, Failures: 0, Errors: 0, Skipped: 0, Time elapsed: 0.127 sec - in de.gwdg.metadataqa.marc.cli.FunctionalAnalysisTest
Running de.gwdg.metadataqa.marc.LeaderTest
Tests run: 5, Failures: 0, Errors: 0, Skipped: 0, Time elapsed: 0 sec - in de.gwdg.metadataqa.marc.LeaderTest
Running de.gwdg.metadataqa.marc.MarcJsonCalculatorTest
Tests run: 1, Failures: 0, Errors: 0, Skipped: 0, Time elapsed: 0 sec - in de.gwdg.metadataqa.marc.MarcJsonCalculatorTest
Running de.gwdg.metadataqa.marc.ValidationErrorTest
-1090452889
Tests run: 4, Failures: 0, Errors: 0, Skipped: 0, Time elapsed: 0 sec - in de.gwdg.metadataqa.marc.ValidationErrorTest
Running de.gwdg.metadataqa.marc.Control006Test
Tests run: 24, Failures: 0, Errors: 0, Skipped: 0, Time elapsed: 0 sec - in de.gwdg.metadataqa.marc.Control006Test
Running de.gwdg.metadataqa.marc.Control008Test
Tests run: 2, Failures: 0, Errors: 0, Skipped: 0, Time elapsed: 0.001 sec - in de.gwdg.metadataqa.marc.Control008Test

Results :

Tests run: 442, Failures: 0, Errors: 0, Skipped: 0

[INFO] 
[INFO] --- jacoco-maven-plugin:0.8.5:report (report) @ metadata-qa-marc ---
[INFO] Loading execution data file /tmp/tmpsqbm09z2/metadata-qa-marc/target/jacoco.exec
[INFO] Analyzed bundle 'Quality assesstment for MARC' with 3225 classes
[INFO] ------------------------------------------------------------------------
[INFO] BUILD SUCCESS
[INFO] ------------------------------------------------------------------------
[INFO] Total time:  01:00 min
[INFO] Finished at: 2020-07-30T20:44:25Z
[INFO] ------------------------------------------------------------------------
