[INFO] Error stacktraces are turned on.
[INFO] Scanning for projects...
[INFO] 
[INFO] --------------------< com.madgag:animated-gif-lib >---------------------
[INFO] Building Animated GIF library for Java 1.5-SNAPSHOT
[INFO] --------------------------------[ jar ]---------------------------------
[INFO] 
[INFO] --- maven-enforcer-plugin:1.2:enforce (enforce-maven) @ animated-gif-lib ---
[INFO] 
[INFO] --- jacoco-maven-plugin:0.8.5:prepare-agent (default) @ animated-gif-lib ---
[INFO] argLine set to -javaagent:/home/jdbl/.m2/repository/org/jacoco/org.jacoco.agent/0.8.5/org.jacoco.agent-0.8.5-runtime.jar=destfile=/tmp/tmp88scjunx/animated-gif-lib-for-java/target/jacoco.exec
[INFO] 
[INFO] --- maven-resources-plugin:2.6:resources (default-resources) @ animated-gif-lib ---
[INFO] Using 'UTF-8' encoding to copy filtered resources.
[INFO] skip non existing resourceDirectory /tmp/tmp88scjunx/animated-gif-lib-for-java/src/main/resources
[INFO] 
[INFO] --- maven-compiler-plugin:2.3.2:compile (default-compile) @ animated-gif-lib ---
[INFO] Compiling 4 source files to /tmp/tmp88scjunx/animated-gif-lib-for-java/target/classes
[INFO] 
[INFO] --- maven-resources-plugin:2.6:testResources (default-testResources) @ animated-gif-lib ---
[INFO] Using 'UTF-8' encoding to copy filtered resources.
[INFO] Copying 13 resources
[INFO] 
[INFO] --- maven-compiler-plugin:2.3.2:testCompile (default-testCompile) @ animated-gif-lib ---
[INFO] Compiling 2 source files to /tmp/tmp88scjunx/animated-gif-lib-for-java/target/test-classes
[INFO] 
[INFO] --- maven-surefire-plugin:2.19.1:test (default-test) @ animated-gif-lib ---
[INFO] Surefire report directory: /tmp/tmp88scjunx/animated-gif-lib-for-java/target/surefire-reports

-------------------------------------------------------
 T E S T S
-------------------------------------------------------
Running com.madgag.gif.fmsware.TestGifDecoder
Tests run: 1, Failures: 0, Errors: 0, Skipped: 0, Time elapsed: 0.347 sec - in com.madgag.gif.fmsware.TestGifDecoder
Running com.madgag.gif.fmsware.TestAnimatedGifEncoder
Tests run: 8, Failures: 0, Errors: 0, Skipped: 0, Time elapsed: 1.047 sec - in com.madgag.gif.fmsware.TestAnimatedGifEncoder

Results :

Tests run: 9, Failures: 0, Errors: 0, Skipped: 0

[INFO] 
[INFO] --- jacoco-maven-plugin:0.8.5:report (report) @ animated-gif-lib ---
[INFO] Loading execution data file /tmp/tmp88scjunx/animated-gif-lib-for-java/target/jacoco.exec
[INFO] Analyzed bundle 'Animated GIF library for Java' with 246 classes
[INFO] ------------------------------------------------------------------------
[INFO] BUILD SUCCESS
[INFO] ------------------------------------------------------------------------
[INFO] Total time:  9.440 s
[INFO] Finished at: 2020-08-03T11:04:42Z
[INFO] ------------------------------------------------------------------------
