[INFO] Error stacktraces are turned on.
[INFO] Scanning for projects...
[INFO] 
[INFO] ---------------------< com.codingchili:excelastic >---------------------
[INFO] Building excelastic 1.3.7
[INFO] --------------------------------[ jar ]---------------------------------
[INFO] 
[INFO] --- jacoco-maven-plugin:0.8.5:prepare-agent (default) @ excelastic ---
[INFO] argLine set to -javaagent:/home/jdbl/.m2/repository/org/jacoco/org.jacoco.agent/0.8.5/org.jacoco.agent-0.8.5-runtime.jar=destfile=/tmp/tmp7qmmbm56/excelastic/target/jacoco.exec
[INFO] 
[INFO] --- maven-resources-plugin:2.6:resources (default-resources) @ excelastic ---
[WARNING] Using platform encoding (UTF-8 actually) to copy filtered resources, i.e. build is platform dependent!
[INFO] Copying 27 resources
[INFO] 
[INFO] --- maven-compiler-plugin:3.5.1:compile (default-compile) @ excelastic ---
[INFO] Changes detected - recompiling the module!
[WARNING] File encoding has not been set, using platform encoding UTF-8, i.e. build is platform dependent!
[INFO] Compiling 16 source files to /tmp/tmp7qmmbm56/excelastic/target/classes
[INFO] /tmp/tmp7qmmbm56/excelastic/src/main/java/com/codingchili/Model/ExcelParser.java: Some input files use or override a deprecated API.
[INFO] /tmp/tmp7qmmbm56/excelastic/src/main/java/com/codingchili/Model/ExcelParser.java: Recompile with -Xlint:deprecation for details.
[INFO] 
[INFO] --- maven-resources-plugin:2.6:testResources (default-testResources) @ excelastic ---
[WARNING] Using platform encoding (UTF-8 actually) to copy filtered resources, i.e. build is platform dependent!
[INFO] Copying 4 resources
[INFO] 
[INFO] --- maven-compiler-plugin:3.5.1:testCompile (default-testCompile) @ excelastic ---
[INFO] Changes detected - recompiling the module!
[WARNING] File encoding has not been set, using platform encoding UTF-8, i.e. build is platform dependent!
[INFO] Compiling 4 source files to /tmp/tmp7qmmbm56/excelastic/target/test-classes
[INFO] /tmp/tmp7qmmbm56/excelastic/src/test/java/com/codingchili/TestWebsite.java: /tmp/tmp7qmmbm56/excelastic/src/test/java/com/codingchili/TestWebsite.java uses or overrides a deprecated API.
[INFO] /tmp/tmp7qmmbm56/excelastic/src/test/java/com/codingchili/TestWebsite.java: Recompile with -Xlint:deprecation for details.
[INFO] 
[INFO] --- maven-surefire-plugin:2.19.1:test (default-test) @ excelastic ---
[INFO] Surefire report directory: /tmp/tmp7qmmbm56/excelastic/target/surefire-reports

-------------------------------------------------------
 T E S T S
-------------------------------------------------------
Running com.codingchili.TestParser
Aug 03, 2020 11:21:57 AM com.codingchili.logging.ApplicationLogger parsingFile
INFO: Parsing file '/test.xlsx' using titles from row 4..
Aug 03, 2020 11:21:57 AM com.codingchili.logging.ApplicationLogger parsedFile
INFO: Parsed 1 rows from file /test.xlsx.
Aug 03, 2020 11:21:58 AM com.codingchili.logging.ApplicationLogger parsingFile
INFO: Parsing file '/test.xls' using titles from row 4..
Aug 03, 2020 11:21:58 AM com.codingchili.logging.ApplicationLogger parsedFile
INFO: Parsed 1 rows from file /test.xls.
Aug 03, 2020 11:21:58 AM com.codingchili.logging.ApplicationLogger parsingFile
INFO: Parsing file '/test.csv' using titles from row 0..
Aug 03, 2020 11:21:58 AM com.codingchili.logging.ApplicationLogger parsedFile
INFO: Parsed 1 rows from file /test.csv.
Aug 03, 2020 11:21:58 AM com.codingchili.logging.ApplicationLogger parsingFile
INFO: Parsing file '/test.csv' using titles from row 0..
Aug 03, 2020 11:21:58 AM com.codingchili.logging.ApplicationLogger parsedFile
INFO: Parsed 1 rows from file /test.csv.
Tests run: 8, Failures: 0, Errors: 0, Skipped: 1, Time elapsed: 1.606 sec - in com.codingchili.TestParser
Running com.codingchili.TestWriter
Aug 03, 2020 11:21:58 AM com.codingchili.logging.ApplicationLogger onWriterStarted
INFO: Started elastic writer. tls = false
Aug 03, 2020 11:21:59 AM io.vertx.core.http.impl.HttpClientRequestImpl
SEVERE: io.vertx.core.VertxException: Connection was closed
Tests run: 1, Failures: 0, Errors: 0, Skipped: 0, Time elapsed: 0.811 sec - in com.codingchili.TestWriter
Running com.codingchili.TestWebsite
Aug 03, 2020 11:21:59 AM com.codingchili.Controller.Website lambda$startWebsite$2
INFO: Started website on port 39201
Aug 03, 2020 11:21:59 AM com.codingchili.Controller.Website lambda$startWebsite$2
INFO: Started website on port 39201
Tests run: 2, Failures: 0, Errors: 0, Skipped: 0, Time elapsed: 0.472 sec - in com.codingchili.TestWebsite
Running com.codingchili.TestConfiguration
Tests run: 1, Failures: 0, Errors: 0, Skipped: 0, Time elapsed: 0.001 sec - in com.codingchili.TestConfiguration

Results :

Tests run: 12, Failures: 0, Errors: 0, Skipped: 1

[INFO] 
[INFO] --- jacoco-maven-plugin:0.8.5:report (report) @ excelastic ---
[INFO] Loading execution data file /tmp/tmp7qmmbm56/excelastic/target/jacoco.exec
[INFO] Analyzed bundle 'excelastic' with 3347 classes
[INFO] ------------------------------------------------------------------------
[INFO] BUILD SUCCESS
[INFO] ------------------------------------------------------------------------
[INFO] Total time:  28.387 s
[INFO] Finished at: 2020-08-03T11:22:03Z
[INFO] ------------------------------------------------------------------------
