[INFO] Error stacktraces are turned on.
[INFO] Scanning for projects...
[INFO] 
[INFO] -------------------< net.sf.jopt-simple:jopt-simple >-------------------
[INFO] Building JOpt Simple 5.0.2
[INFO] --------------------------------[ jar ]---------------------------------
[INFO] 
[INFO] --- maven-enforcer-plugin:1.0:enforce (enforce-maven) @ jopt-simple ---
[INFO] 
[INFO] --- maven-resources-plugin:2.6:resources (default-resources) @ jopt-simple ---
[INFO] Using 'UTF-8' encoding to copy filtered resources.
[INFO] Copying 2 resources
[INFO] 
[INFO] --- maven-compiler-plugin:3.2:compile (default-compile) @ jopt-simple ---
[INFO] Changes detected - recompiling the module!
[INFO] Compiling 50 source files to /tmp/tmpnnvtxee8/jopt-simple/target/classes
[INFO] 
[INFO] >>> maven-pmd-plugin:3.4:cpd-check (default) > :cpd @ jopt-simple >>>
[INFO] 
[INFO] --- maven-pmd-plugin:3.4:cpd (cpd) @ jopt-simple ---
[WARNING] Unable to locate Source XRef to link to - DISABLED
[WARNING] Unable to locate Source XRef to link to - DISABLED
[INFO] 
[INFO] <<< maven-pmd-plugin:3.4:cpd-check (default) < :cpd @ jopt-simple <<<
[INFO] 
[INFO] 
[INFO] --- maven-pmd-plugin:3.4:cpd-check (default) @ jopt-simple ---
[INFO] 
[INFO] 
[INFO] --- animal-sniffer-maven-plugin:1.13:check (check-signature) @ jopt-simple ---
[INFO] Signature checking is skipped.
[INFO] 
[INFO] --- maven-resources-plugin:2.6:testResources (default-testResources) @ jopt-simple ---
[INFO] Using 'UTF-8' encoding to copy filtered resources.
[INFO] Copying 1 resource
[INFO] 
[INFO] --- maven-compiler-plugin:3.2:testCompile (default-testCompile) @ jopt-simple ---
[INFO] Changes detected - recompiling the module!
[INFO] Compiling 142 source files to /tmp/tmpnnvtxee8/jopt-simple/target/test-classes
[INFO] 
[INFO] --- maven-surefire-plugin:2.12.4:test (default-test) @ jopt-simple ---
[INFO] Surefire report directory: /tmp/tmpnnvtxee8/jopt-simple/target/surefire-reports

-------------------------------------------------------
 T E S T S
-------------------------------------------------------
Running joptsimple.ClusterVersusLongOptionTest
Tests run: 5, Failures: 0, Errors: 0, Skipped: 0, Time elapsed: 0.042 sec
Running joptsimple.OptionalArgumentOptionSpecTest
Tests run: 11, Failures: 0, Errors: 0, Skipped: 0, Time elapsed: 0.001 sec
Running joptsimple.ParsingSeparatedTypedOptionValuesTest
Tests run: 4, Failures: 0, Errors: 0, Skipped: 0, Time elapsed: 0.005 sec
Running joptsimple.OptionSetDetectedOptionsTest
Tests run: 1, Failures: 0, Errors: 0, Skipped: 0, Time elapsed: 0 sec
Running joptsimple.LongOptionNoArgumentTest
Tests run: 4, Failures: 0, Errors: 0, Skipped: 0, Time elapsed: 0.004 sec
Running joptsimple.ShortOptionsOptionalArgumentTest
Tests run: 6, Failures: 0, Errors: 0, Skipped: 0, Time elapsed: 0.002 sec
Running joptsimple.OptionSetEqualsHashCodeTest
Tests run: 9, Failures: 0, Errors: 0, Skipped: 0, Time elapsed: 0.01 sec
Running joptsimple.DefaultSettingsOptionParserHelpTest
Tests run: 41, Failures: 0, Errors: 0, Skipped: 0, Time elapsed: 0.051 sec
Running joptsimple.ArgumentListHasNoMoreArgsTest
Tests run: 3, Failures: 0, Errors: 0, Skipped: 0, Time elapsed: 0.001 sec
Running joptsimple.OptionSpecTokenizerTest
Tests run: 17, Failures: 0, Errors: 0, Skipped: 0, Time elapsed: 0.007 sec
Running joptsimple.PosixlyCorrectOptionParserTest
Tests run: 2, Failures: 0, Errors: 0, Skipped: 0, Time elapsed: 0.005 sec
Running joptsimple.ArgumentAcceptingOptionSpecTest
Tests run: 16, Failures: 0, Errors: 0, Skipped: 0, Time elapsed: 0.004 sec
Running joptsimple.ClusterVersusLongOptionWithOptionalArgumentTest
Tests run: 9, Failures: 0, Errors: 0, Skipped: 0, Time elapsed: 0.002 sec
Running joptsimple.OptionParserUnrecognizedOptionsAllowedTest
Tests run: 2, Failures: 0, Errors: 0, Skipped: 0, Time elapsed: 0.001 sec
Running joptsimple.PopulatedOptionSetTest
Tests run: 4, Failures: 0, Errors: 0, Skipped: 0, Time elapsed: 0.001 sec
Running joptsimple.OptionParserNewDeclarationTest
Tests run: 16, Failures: 0, Errors: 0, Skipped: 0, Time elapsed: 0.012 sec
Running joptsimple.Issue76Test
Tests run: 1, Failures: 0, Errors: 0, Skipped: 0, Time elapsed: 0 sec
Running joptsimple.OptionSetSpecsImmutabilityTest
Tests run: 12, Failures: 0, Errors: 0, Skipped: 0, Time elapsed: 0.001 sec
Running joptsimple.OptionParserOptionExceptionTest
Tests run: 5, Failures: 0, Errors: 0, Skipped: 0, Time elapsed: 0.001 sec
Running joptsimple.OptionalArgumentOptionSpecOptionsImmutabilityTest
Tests run: 12, Failures: 0, Errors: 0, Skipped: 0, Time elapsed: 0.003 sec
Running joptsimple.OptionSynonymCommonPrefixesTest
Tests run: 7, Failures: 0, Errors: 0, Skipped: 0, Time elapsed: 0.002 sec
Running joptsimple.NoArgumentOptionSpecTest
Tests run: 11, Failures: 0, Errors: 0, Skipped: 0, Time elapsed: 0.002 sec
Running joptsimple.ShortOptionsRequiredArgumentTest
Tests run: 9, Failures: 0, Errors: 0, Skipped: 0, Time elapsed: 0.003 sec
Running joptsimple.OptionSetValuesOfOptionStringImmutabilityTest
Tests run: 12, Failures: 0, Errors: 0, Skipped: 0, Time elapsed: 0.005 sec
Running joptsimple.ParserRulesUtilityClassTest
Tests run: 1, Failures: 0, Errors: 0, Skipped: 0, Time elapsed: 0 sec
Running joptsimple.ArgumentAcceptingOptionSpecDefaultValuesImmutabilityTest
Tests run: 12, Failures: 0, Errors: 0, Skipped: 0, Time elapsed: 0.001 sec
Running joptsimple.OptionSynonymOptionalArgumentTest
Tests run: 4, Failures: 0, Errors: 0, Skipped: 0, Time elapsed: 0 sec
Running joptsimple.OptionalArgumentOptionSpecValuesImmutabilityTest
Tests run: 12, Failures: 0, Errors: 0, Skipped: 0, Time elapsed: 0 sec
Running joptsimple.ShortOptionsNoArgumentTest
Tests run: 6, Failures: 0, Errors: 0, Skipped: 0, Time elapsed: 0 sec
Running joptsimple.OptionSpecBuilderOptionsImmutabilityTest
Tests run: 12, Failures: 0, Errors: 0, Skipped: 0, Time elapsed: 0 sec
Running joptsimple.OptionSetNonOptionArgumentsImmutabilityTest
Tests run: 12, Failures: 0, Errors: 0, Skipped: 0, Time elapsed: 0.001 sec
Running joptsimple.AlternativeLongOptionSpecValuesImmutabilityTest
Tests run: 12, Failures: 0, Errors: 0, Skipped: 0, Time elapsed: 0 sec
Running joptsimple.AlternativeLongOptionSpecOptionsImmutabilityTest
Tests run: 12, Failures: 0, Errors: 0, Skipped: 0, Time elapsed: 0 sec
Running joptsimple.ClusterWhereManyOptionsAcceptArgumentsTest
Tests run: 12, Failures: 0, Errors: 0, Skipped: 0, Time elapsed: 0 sec
Running joptsimple.PunctuationInShortOptionTest
Tests run: 4, Failures: 0, Errors: 0, Skipped: 0, Time elapsed: 0 sec
Running joptsimple.OptionExceptionLocalizedMessageTest
Tests run: 8, Failures: 0, Errors: 0, Skipped: 0, Time elapsed: 0 sec
Running joptsimple.JVMSystemPropertiesArgumentParsingTest
Tests run: 1, Failures: 0, Errors: 0, Skipped: 0, Time elapsed: 0 sec
Running joptsimple.RequiredArgumentOptionSpecOptionsImmutabilityTest
Tests run: 12, Failures: 0, Errors: 0, Skipped: 0, Time elapsed: 0.001 sec
Running joptsimple.ToStringTest
Tests run: 4, Failures: 0, Errors: 0, Skipped: 0, Time elapsed: 0.002 sec
Running joptsimple.PlainOldOptionParserTest
Tests run: 1, Failures: 0, Errors: 0, Skipped: 0, Time elapsed: 0 sec
Running joptsimple.OptionParserArgumentExceptionTest
Tests run: 9, Failures: 0, Errors: 0, Skipped: 0, Time elapsed: 0.001 sec
Running joptsimple.ClusterVersusLongOptionWithRequiredArgumentTest
Tests run: 9, Failures: 0, Errors: 0, Skipped: 0, Time elapsed: 0.001 sec
Running joptsimple.RequiredArgumentOptionSpecEqualsHashCodeTest
Tests run: 10, Failures: 0, Errors: 0, Skipped: 0, Time elapsed: 0.001 sec
Running joptsimple.OptionSetAsMapTest
Tests run: 1, Failures: 0, Errors: 0, Skipped: 0, Time elapsed: 0.003 sec
Running joptsimple.RequiredIfAnyTest
Tests run: 5, Failures: 0, Errors: 0, Skipped: 0, Time elapsed: 0.01 sec
Running joptsimple.util.InetAddressConverterTest
Tests run: 2, Failures: 0, Errors: 0, Skipped: 0, Time elapsed: 0.008 sec
Running joptsimple.util.KeyValuePairUnequalKeysTest
Tests run: 8, Failures: 0, Errors: 0, Skipped: 0, Time elapsed: 0 sec
Running joptsimple.util.KeyValuePairTest
Tests run: 7, Failures: 0, Errors: 0, Skipped: 0, Time elapsed: 0.001 sec
Running joptsimple.util.PathPropertiesTest
Tests run: 3, Failures: 0, Errors: 0, Skipped: 0, Time elapsed: 0.015 sec
Running joptsimple.util.EnumConverterTest
Tests run: 5, Failures: 0, Errors: 0, Skipped: 0, Time elapsed: 0.001 sec
Running joptsimple.util.PathConverterTest
Tests run: 8, Failures: 0, Errors: 0, Skipped: 0, Time elapsed: 0.004 sec
Running joptsimple.util.RegexMatcherTest
Tests run: 6, Failures: 0, Errors: 0, Skipped: 0, Time elapsed: 0.001 sec
Running joptsimple.util.DateConverterTest
Tests run: 11, Failures: 0, Errors: 0, Skipped: 0, Time elapsed: 0.046 sec
Running joptsimple.util.KeyValuePairUnequalValuesTest
Tests run: 8, Failures: 0, Errors: 0, Skipped: 0, Time elapsed: 0 sec
Running joptsimple.RequiredArgumentOptionSpecValuesImmutabilityTest
Tests run: 12, Failures: 0, Errors: 0, Skipped: 0, Time elapsed: 0.001 sec
Running joptsimple.OptionSynonymNoArgumentTest
Tests run: 3, Failures: 0, Errors: 0, Skipped: 0, Time elapsed: 0.001 sec
Running joptsimple.LongOptionOptionalArgumentTest
Tests run: 3, Failures: 0, Errors: 0, Skipped: 0, Time elapsed: 0.001 sec
Running joptsimple.PunctuationInLongOptionTest
Tests run: 6, Failures: 0, Errors: 0, Skipped: 0, Time elapsed: 0.006 sec
Running joptsimple.OptionExceptionOptionsImmutabilityTest
Tests run: 12, Failures: 0, Errors: 0, Skipped: 0, Time elapsed: 0 sec
Running joptsimple.WAsShortOptionTest
Tests run: 2, Failures: 0, Errors: 0, Skipped: 0, Time elapsed: 0.001 sec
Running joptsimple.CreateWithOptionSpecificationStringTest
Tests run: 1, Failures: 0, Errors: 0, Skipped: 0, Time elapsed: 0 sec
Running joptsimple.RequiredUnlessTest
Tests run: 8, Failures: 0, Errors: 0, Skipped: 0, Time elapsed: 0.001 sec
Running joptsimple.InterleavedArgumentsTest
Tests run: 9, Failures: 0, Errors: 0, Skipped: 0, Time elapsed: 0.001 sec
Running joptsimple.WExtensionNoArgumentTest
Tests run: 2, Failures: 0, Errors: 0, Skipped: 0, Time elapsed: 0 sec
Running joptsimple.ParsingSeparatedStringOptionValuesTest
Tests run: 6, Failures: 0, Errors: 0, Skipped: 0, Time elapsed: 0.001 sec
Running joptsimple.OptionSetValuesOfSpecImmutabilityTest
Tests run: 12, Failures: 0, Errors: 0, Skipped: 0, Time elapsed: 0.001 sec
Running joptsimple.NoArgumentOptionSpecOptionsImmutabilityTest
Tests run: 12, Failures: 0, Errors: 0, Skipped: 0, Time elapsed: 0 sec
Running joptsimple.OptionExceptionMessageTest
Tests run: 9, Failures: 0, Errors: 0, Skipped: 0, Time elapsed: 0.002 sec
Running joptsimple.LongOptionRequiredArgumentTest
Tests run: 6, Failures: 0, Errors: 0, Skipped: 0, Time elapsed: 0.002 sec
Running joptsimple.examples.MultipleDelimitedArgumentsTest
Tests run: 1, Failures: 0, Errors: 0, Skipped: 0, Time elapsed: 0 sec
Running joptsimple.examples.LongOptionsTest
Tests run: 1, Failures: 0, Errors: 0, Skipped: 0, Time elapsed: 0 sec
Running joptsimple.examples.ShortOptionsWithArgumentsTest
Tests run: 1, Failures: 0, Errors: 0, Skipped: 0, Time elapsed: 0 sec
Running joptsimple.examples.SignallingEndOfOptionsTest
Tests run: 1, Failures: 0, Errors: 0, Skipped: 0, Time elapsed: 0 sec
Running joptsimple.examples.AlternativeLongOptionsTest
Tests run: 1, Failures: 0, Errors: 0, Skipped: 0, Time elapsed: 0 sec
Running joptsimple.examples.OptionArgumentConverterTest
Tests run: 1, Failures: 0, Errors: 0, Skipped: 0, Time elapsed: 0 sec
Running joptsimple.examples.OptionSynonymTest
Tests run: 1, Failures: 0, Errors: 0, Skipped: 0, Time elapsed: 0 sec
Running joptsimple.examples.ShortOptionsClusteringTest
Tests run: 1, Failures: 0, Errors: 0, Skipped: 0, Time elapsed: 0 sec
Running joptsimple.examples.SpecialOptionalArgumentHandlingTest
Tests run: 1, Failures: 0, Errors: 0, Skipped: 0, Time elapsed: 0 sec
Running joptsimple.examples.PosixlyCorrectTest
Tests run: 1, Failures: 0, Errors: 0, Skipped: 0, Time elapsed: 0.002 sec
Running joptsimple.examples.LongOptionsWithArgumentPositioningTest
Tests run: 1, Failures: 0, Errors: 0, Skipped: 0, Time elapsed: 0 sec
Running joptsimple.examples.ExportOptionsTest
Tests run: 1, Failures: 0, Errors: 0, Skipped: 0, Time elapsed: 0.001 sec
Running joptsimple.examples.ShortOptionsWithArgumentPositioningTest
Tests run: 1, Failures: 0, Errors: 0, Skipped: 0, Time elapsed: 0 sec
Running joptsimple.examples.UnrecognizedOptionsAllowedTest
Tests run: 1, Failures: 0, Errors: 0, Skipped: 0, Time elapsed: 0 sec
Running joptsimple.examples.LongOptionsWithArgumentsTest
Tests run: 1, Failures: 0, Errors: 0, Skipped: 0, Time elapsed: 0 sec
Running joptsimple.examples.ShortOptionsClusteringWithArgumentTest
Tests run: 1, Failures: 0, Errors: 0, Skipped: 0, Time elapsed: 0 sec
Running joptsimple.examples.ShortOptionsTest
Tests run: 1, Failures: 0, Errors: 0, Skipped: 0, Time elapsed: 0 sec
Running joptsimple.examples.OptionArgumentValueTypeTest
Tests run: 1, Failures: 0, Errors: 0, Skipped: 0, Time elapsed: 0 sec
Running joptsimple.examples.TypesafeOptionArgumentRetrievalTest
Tests run: 1, Failures: 0, Errors: 0, Skipped: 0, Time elapsed: 0 sec
Running joptsimple.examples.DefaultValuesForOptionArgumentsTest
Tests run: 1, Failures: 0, Errors: 0, Skipped: 0, Time elapsed: 0.001 sec
Running joptsimple.examples.RequiredOptionsTest
Tests run: 3, Failures: 0, Errors: 0, Skipped: 0, Time elapsed: 0 sec
Running joptsimple.examples.ShortOptionsWithMultipleArgumentsForSingleOptionTest
Tests run: 1, Failures: 0, Errors: 0, Skipped: 0, Time elapsed: 0 sec
Running joptsimple.NoArgumentOptionSpecValuesImmutabilityTest
Tests run: 12, Failures: 0, Errors: 0, Skipped: 0, Time elapsed: 0.001 sec
Running joptsimple.ConfigurableOptionParserHelpTest
Tests run: 27, Failures: 0, Errors: 0, Skipped: 0, Time elapsed: 0.008 sec
Running joptsimple.SingleHyphenTest
Tests run: 3, Failures: 0, Errors: 0, Skipped: 0, Time elapsed: 0 sec
Running joptsimple.OptionSpecBuilderValuesImmutabilityTest
Tests run: 12, Failures: 0, Errors: 0, Skipped: 0, Time elapsed: 0.004 sec
Running joptsimple.OptionParserTest
Tests run: 22, Failures: 0, Errors: 0, Skipped: 0, Time elapsed: 0.005 sec
Running joptsimple.AvailableIfAnyTest
Tests run: 5, Failures: 0, Errors: 0, Skipped: 0, Time elapsed: 0 sec
Running joptsimple.OptionParserRecognizedOptionsTest
Tests run: 2, Failures: 0, Errors: 0, Skipped: 0, Time elapsed: 0 sec
Running joptsimple.WExtensionWithArgumentTest
Tests run: 7, Failures: 0, Errors: 0, Skipped: 0, Time elapsed: 0.001 sec
Running joptsimple.ParsingSeparatedConvertedOptionValuesTest
Tests run: 4, Failures: 0, Errors: 0, Skipped: 0, Time elapsed: 0.001 sec
Running joptsimple.ArgumentListTest
Tests run: 2, Failures: 0, Errors: 0, Skipped: 0, Time elapsed: 0 sec
Running joptsimple.AvailableIfUnlessTest
Tests run: 11, Failures: 0, Errors: 0, Skipped: 0, Time elapsed: 0.008 sec
Running joptsimple.RequiredUnlessAnyTest
Tests run: 4, Failures: 0, Errors: 0, Skipped: 0, Time elapsed: 0 sec
Running joptsimple.WAsAbbreviationForLongOptionTest
Tests run: 2, Failures: 0, Errors: 0, Skipped: 0, Time elapsed: 0 sec
Running joptsimple.NonOptionArgumentSpecTest
Tests run: 8, Failures: 0, Errors: 0, Skipped: 0, Time elapsed: 0.005 sec
Running joptsimple.OptionSynonymOverwritingTest
Tests run: 1, Failures: 0, Errors: 0, Skipped: 0, Time elapsed: 0 sec
Running joptsimple.OptionSpecsReportTheirOptionsSortedSpeciallyTest
Tests run: 1, Failures: 0, Errors: 0, Skipped: 0, Time elapsed: 0 sec
Running joptsimple.HandlingDefaultValuesForOptionArgumentsTest
Tests run: 9, Failures: 0, Errors: 0, Skipped: 0, Time elapsed: 0.001 sec
Running joptsimple.internal.ReflectionUtilityClassTest
Tests run: 1, Failures: 0, Errors: 0, Skipped: 0, Time elapsed: 0 sec
Running joptsimple.internal.StringsUtilityClassTest
Tests run: 1, Failures: 0, Errors: 0, Skipped: 0, Time elapsed: 0 sec
Running joptsimple.internal.MessagesUtilityClassTest
Tests run: 1, Failures: 0, Errors: 0, Skipped: 0, Time elapsed: 0 sec
Running joptsimple.internal.SimpleOptionNameMapTest
Tests run: 5, Failures: 0, Errors: 0, Skipped: 0, Time elapsed: 0 sec
Running joptsimple.internal.AbbreviationMapToJavaUtilMapTest
Tests run: 12, Failures: 0, Errors: 0, Skipped: 0, Time elapsed: 0.001 sec
Running joptsimple.internal.ReflectionTest
Tests run: 6, Failures: 0, Errors: 0, Skipped: 0, Time elapsed: 0.002 sec
Running joptsimple.internal.RowEqualsHashCodeTest
Tests run: 9, Failures: 0, Errors: 0, Skipped: 0, Time elapsed: 0.002 sec
Running joptsimple.internal.ClassesUtilityClassTest
Tests run: 1, Failures: 0, Errors: 0, Skipped: 0, Time elapsed: 0 sec
Running joptsimple.internal.AbbreviationMapTest
Tests run: 22, Failures: 0, Errors: 0, Skipped: 0, Time elapsed: 0.002 sec
Running joptsimple.internal.RowsTest
Tests run: 3, Failures: 0, Errors: 0, Skipped: 0, Time elapsed: 0 sec
Running joptsimple.AvailableUnlessAnyTest
Tests run: 5, Failures: 0, Errors: 0, Skipped: 0, Time elapsed: 0.002 sec
Running joptsimple.OptionParserAlternateHelpFormatterTest
Tests run: 2, Failures: 0, Errors: 0, Skipped: 0, Time elapsed: 0 sec
Running joptsimple.TypesafeOptionArgumentRetrievalTest
Tests run: 22, Failures: 0, Errors: 0, Skipped: 0, Time elapsed: 0.008 sec
Running joptsimple.OptionSynonymRequiredArgumentTest
Tests run: 4, Failures: 0, Errors: 0, Skipped: 0, Time elapsed: 0.001 sec
Running joptsimple.RequiredIfTest
Tests run: 8, Failures: 0, Errors: 0, Skipped: 0, Time elapsed: 0.001 sec
Running joptsimple.EmptyOptionSetTest
Tests run: 8, Failures: 0, Errors: 0, Skipped: 0, Time elapsed: 0.002 sec
Running joptsimple.ValueConverterAdmitsSubclassesOfValueTypeTest
Tests run: 1, Failures: 0, Errors: 0, Skipped: 0, Time elapsed: 0 sec

Results :

Tests run: 806, Failures: 0, Errors: 0, Skipped: 0

[INFO] 
[INFO] --- maven-jar-plugin:2.4:jar (default-jar) @ jopt-simple ---
[INFO] Building jar: /tmp/tmpnnvtxee8/jopt-simple/target/jopt-simple-5.0.2.jar
[INFO] 
[INFO] --- maven-bundle-plugin:2.3.7:bundle (default) @ jopt-simple ---
[INFO] 
[INFO] >>> maven-source-plugin:2.4:jar (attach-sources) > generate-sources @ jopt-simple >>>
[INFO] 
[INFO] --- maven-enforcer-plugin:1.0:enforce (enforce-maven) @ jopt-simple ---
[INFO] 
[INFO] <<< maven-source-plugin:2.4:jar (attach-sources) < generate-sources @ jopt-simple <<<
[INFO] 
[INFO] 
[INFO] --- maven-source-plugin:2.4:jar (attach-sources) @ jopt-simple ---
[INFO] Skipping source per configuration.
[INFO] 
[INFO] --- maven-assembly-plugin:3.2.0:single (default) @ jopt-simple ---
[INFO] Building jar: /tmp/tmpnnvtxee8/jopt-simple/target/jopt-simple-5.0.2-jar-with-dependencies.jar
[INFO] ------------------------------------------------------------------------
[INFO] BUILD SUCCESS
[INFO] ------------------------------------------------------------------------
[INFO] Total time:  12.018 s
[INFO] Finished at: 2020-07-30T19:34:42Z
[INFO] ------------------------------------------------------------------------
