[INFO] Error stacktraces are turned on.
[INFO] Scanning for projects...
[INFO] 
[INFO] ---------------------< org.agilewiki.jfile:jfile >----------------------
[INFO] Building JFile 2.1.0.2
[INFO] --------------------------------[ jar ]---------------------------------
[INFO] 
[INFO] --- maven-enforcer-plugin:1.0:enforce (enforce-maven) @ jfile ---
[INFO] 
[INFO] --- jacoco-maven-plugin:0.8.5:prepare-agent (default) @ jfile ---
[INFO] argLine set to -javaagent:/home/jdbl/.m2/repository/org/jacoco/org.jacoco.agent/0.8.5/org.jacoco.agent-0.8.5-runtime.jar=destfile=/tmp/tmpx47o2mpm/JFile/target/jacoco.exec
[INFO] 
[INFO] --- maven-resources-plugin:2.6:resources (default-resources) @ jfile ---
[INFO] Using 'UTF-8' encoding to copy filtered resources.
[INFO] skip non existing resourceDirectory /tmp/tmpx47o2mpm/JFile/src/main/resources
[INFO] 
[INFO] --- maven-compiler-plugin:2.0.2:compile (default-compile) @ jfile ---
[INFO] Compiling 51 source files to /tmp/tmpx47o2mpm/JFile/target/classes
[INFO] 
[INFO] --- maven-resources-plugin:2.6:testResources (default-testResources) @ jfile ---
[INFO] Using 'UTF-8' encoding to copy filtered resources.
[INFO] skip non existing resourceDirectory /tmp/tmpx47o2mpm/JFile/src/test/resources
[INFO] 
[INFO] --- maven-compiler-plugin:2.0.2:testCompile (default-testCompile) @ jfile ---
[INFO] Compiling 23 source files to /tmp/tmpx47o2mpm/JFile/target/test-classes
[INFO] 
[INFO] --- maven-surefire-plugin:2.19.1:test (default-test) @ jfile ---
[INFO] Surefire report directory: /tmp/tmpx47o2mpm/JFile/target/surefire-reports

-------------------------------------------------------
 T E S T S
-------------------------------------------------------
Running org.agilewiki.jfile.block.LBlockTest
Tests run: 1, Failures: 0, Errors: 0, Skipped: 0, Time elapsed: 0.354 sec - in org.agilewiki.jfile.block.LBlockTest
Running org.agilewiki.jfile.LTA32FileTest
/tmp/tmpx47o2mpm/JFile/LT32FileTest.jalog
Tests run: 1, Failures: 0, Errors: 0, Skipped: 0, Time elapsed: 0.042 sec - in org.agilewiki.jfile.LTA32FileTest
Running org.agilewiki.jfile.transactions.EvaluatorListJidTest
/tmp/tmpx47o2mpm/JFile/EvaluatorListJidTest/2020-07-30_23-11-35_671.jalog
Hello world!
Hello world!
Tests run: 1, Failures: 0, Errors: 0, Skipped: 0, Time elapsed: 0.162 sec - in org.agilewiki.jfile.transactions.EvaluatorListJidTest
Running org.agilewiki.jfile.transactions.transactionProcessor.TransactionProcessorTest
/tmp/tmpx47o2mpm/JFile/TransactionProcessorTest/2020-07-30_23-11-35_786.jalog
Hello world!
Tests run: 1, Failures: 0, Errors: 0, Skipped: 0, Time elapsed: 0.008 sec - in org.agilewiki.jfile.transactions.transactionProcessor.TransactionProcessorTest
Running org.agilewiki.jfile.transactions.db.counter.CounterTest
db1
db2
processing 0 CounterTest/2020-07-30_23-11-35_804.jalog
unprocessed bytes remaining: 0
db3
processing 0 CounterTest/2020-07-30_23-11-35_804.jalog
unprocessed bytes remaining: 0
processing 1 CounterTest/2020-07-30_23-11-35_830.jalog
unprocessed bytes remaining: 0
Tests run: 1, Failures: 0, Errors: 0, Skipped: 0, Time elapsed: 0.094 sec - in org.agilewiki.jfile.transactions.db.counter.CounterTest
Running org.agilewiki.jfile.transactions.db.counter.RecoveryTimingTest
milliseconds: 1
transactions: 0
transactions per second = 0
Tests run: 1, Failures: 0, Errors: 0, Skipped: 0, Time elapsed: 0.002 sec - in org.agilewiki.jfile.transactions.db.counter.RecoveryTimingTest
Running org.agilewiki.jfile.transactions.db.counter.TransactionLoggerTimingTest
milliseconds: 98
transactions: 100
transactions per second = 1020
Tests run: 1, Failures: 0, Errors: 0, Skipped: 0, Time elapsed: 0.205 sec - in org.agilewiki.jfile.transactions.db.counter.TransactionLoggerTimingTest
Running org.agilewiki.jfile.transactions.db.inMemory.ImdbTimingTest
online
latency = 105 microseconds
milliseconds: 10
transactions: 1
transactions per second = 100
Tests run: 1, Failures: 0, Errors: 0, Skipped: 0, Time elapsed: 0.139 sec - in org.agilewiki.jfile.transactions.db.inMemory.ImdbTimingTest
Running org.agilewiki.jfile.transactions.db.inMemory.CheckpointTest
db1
online
db2
processing 0 CheckpointTest/2020-07-30_23-11-36_242.jalog
unprocessed bytes remaining: 0
online
db3
processing 1 CheckpointTest/2020-07-30_23-11-36_269.jalog
unprocessed bytes remaining: 0
online
Tests run: 1, Failures: 0, Errors: 0, Skipped: 0, Time elapsed: 0.096 sec - in org.agilewiki.jfile.transactions.db.inMemory.CheckpointTest
Running org.agilewiki.jfile.transactions.TransactionAggregatorTest
Hello world!
Hello world!
Hello world!
Tests run: 1, Failures: 0, Errors: 0, Skipped: 0, Time elapsed: 0.001 sec - in org.agilewiki.jfile.transactions.TransactionAggregatorTest
Running org.agilewiki.jfile.LTFileTest
/tmp/tmpx47o2mpm/JFile/LTFileTest.jalog
Tests run: 1, Failures: 0, Errors: 0, Skipped: 0, Time elapsed: 0.016 sec - in org.agilewiki.jfile.LTFileTest
Running org.agilewiki.jfile.LFileTest
/tmp/tmpx47o2mpm/JFile/LFileTest.jalog
Tests run: 1, Failures: 0, Errors: 0, Skipped: 0, Time elapsed: 0.009 sec - in org.agilewiki.jfile.LFileTest
Running org.agilewiki.jfile.LA32FileTest
/tmp/tmpx47o2mpm/JFile/LT32FileTest.jalog
eof2
Tests run: 1, Failures: 0, Errors: 0, Skipped: 0, Time elapsed: 0.004 sec - in org.agilewiki.jfile.LA32FileTest

Results :

Tests run: 13, Failures: 0, Errors: 0, Skipped: 0

[INFO] 
[INFO] --- jacoco-maven-plugin:0.8.5:report (report) @ jfile ---
[INFO] Loading execution data file /tmp/tmpx47o2mpm/JFile/target/jacoco.exec
[INFO] Analyzed bundle 'JFile' with 367 classes
[INFO] ------------------------------------------------------------------------
[INFO] BUILD SUCCESS
[INFO] ------------------------------------------------------------------------
[INFO] Total time:  14.579 s
[INFO] Finished at: 2020-07-30T23:11:37Z
[INFO] ------------------------------------------------------------------------
