[INFO] Error stacktraces are turned on.
[INFO] Scanning for projects...
[WARNING] The project com.joemelsha.crypto.hash:keccak:jar:1.1-SNAPSHOT uses prerequisites which is only intended for maven-plugin projects but not for non maven-plugin projects. For such purposes you should use the maven-enforcer-plugin. See https://maven.apache.org/enforcer/enforcer-rules/requireMavenVersion.html
[INFO] 
[INFO] ------------------< com.joemelsha.crypto.hash:keccak >------------------
[INFO] Building keccak 1.1-SNAPSHOT
[INFO] --------------------------------[ jar ]---------------------------------
[INFO] 
[INFO] --- jacoco-maven-plugin:0.8.5:prepare-agent (default) @ keccak ---
[INFO] argLine set to -javaagent:/home/jdbl/.m2/repository/org/jacoco/org.jacoco.agent/0.8.5/org.jacoco.agent-0.8.5-runtime.jar=destfile=/tmp/tmpr64t14av/keccak/target/jacoco.exec
[INFO] 
[INFO] --- maven-resources-plugin:2.6:resources (default-resources) @ keccak ---
[INFO] Using 'UTF-8' encoding to copy filtered resources.
[INFO] Copying 1 resource
[INFO] 
[INFO] --- maven-compiler-plugin:3.8.1:compile (default-compile) @ keccak ---
[INFO] Changes detected - recompiling the module!
[INFO] Compiling 3 source files to /tmp/tmpr64t14av/keccak/target/classes
[INFO] 
[INFO] --- maven-resources-plugin:2.6:testResources (default-testResources) @ keccak ---
[INFO] Using 'UTF-8' encoding to copy filtered resources.
[INFO] skip non existing resourceDirectory /tmp/tmpr64t14av/keccak/src/test/resources
[INFO] 
[INFO] --- maven-compiler-plugin:3.8.1:testCompile (default-testCompile) @ keccak ---
[INFO] Changes detected - recompiling the module!
[INFO] Compiling 3 source files to /tmp/tmpr64t14av/keccak/target/test-classes
[INFO] 
[INFO] --- maven-surefire-plugin:2.19.1:test (default-test) @ keccak ---
[INFO] Surefire report directory: /tmp/tmpr64t14av/keccak/target/surefire-reports

-------------------------------------------------------
 T E S T S
-------------------------------------------------------
Running com.joemelsha.crypto.hash.KeccakConsecutiveTest
Tests run: 1, Failures: 0, Errors: 0, Skipped: 0, Time elapsed: 0.118 sec - in com.joemelsha.crypto.hash.KeccakConsecutiveTest
Running com.joemelsha.crypto.hash.KeccakTest
Tests run: 6, Failures: 0, Errors: 0, Skipped: 0, Time elapsed: 0.032 sec - in com.joemelsha.crypto.hash.KeccakTest

Results :

Tests run: 7, Failures: 0, Errors: 0, Skipped: 0

[INFO] 
[INFO] --- jacoco-maven-plugin:0.8.5:report (report) @ keccak ---
[INFO] Loading execution data file /tmp/tmpr64t14av/keccak/target/jacoco.exec
[INFO] Analyzed bundle 'keccak' with 84 classes
[INFO] ------------------------------------------------------------------------
[INFO] BUILD SUCCESS
[INFO] ------------------------------------------------------------------------
[INFO] Total time:  11.008 s
[INFO] Finished at: 2020-07-30T21:43:31Z
[INFO] ------------------------------------------------------------------------
