[INFO] Error stacktraces are turned on.
[INFO] Scanning for projects...
[INFO] 
[INFO] ------------------< com.vizor:infraworld-cornerstone >------------------
[INFO] Building infraworld-cornerstone 1.0
[INFO] --------------------------------[ jar ]---------------------------------
[INFO] 
[INFO] --- jacoco-maven-plugin:0.8.5:prepare-agent (default) @ infraworld-cornerstone ---
[INFO] argLine set to -javaagent:/home/jdbl/.m2/repository/org/jacoco/org.jacoco.agent/0.8.5/org.jacoco.agent-0.8.5-runtime.jar=destfile=/tmp/tmprrnuqsz9/infraworld-cornerstone/target/jacoco.exec
[INFO] 
[INFO] --- maven-resources-plugin:2.6:resources (default-resources) @ infraworld-cornerstone ---
[INFO] Using 'UTF-8' encoding to copy filtered resources.
[INFO] Copying 2 resources
[INFO] 
[INFO] --- maven-compiler-plugin:3.1:compile (default-compile) @ infraworld-cornerstone ---
[INFO] Changes detected - recompiling the module!
[INFO] Compiling 41 source files to /tmp/tmprrnuqsz9/infraworld-cornerstone/target/classes
[INFO] 
[INFO] --- maven-resources-plugin:2.6:testResources (default-testResources) @ infraworld-cornerstone ---
[INFO] Using 'UTF-8' encoding to copy filtered resources.
[INFO] skip non existing resourceDirectory /tmp/tmprrnuqsz9/infraworld-cornerstone/src/test/resources
[INFO] 
[INFO] --- maven-compiler-plugin:3.1:testCompile (default-testCompile) @ infraworld-cornerstone ---
[INFO] Changes detected - recompiling the module!
[INFO] Compiling 4 source files to /tmp/tmprrnuqsz9/infraworld-cornerstone/target/test-classes
[INFO] 
[INFO] --- maven-surefire-plugin:2.19.1:test (default-test) @ infraworld-cornerstone ---
[INFO] Surefire report directory: /tmp/tmprrnuqsz9/infraworld-cornerstone/target/surefire-reports

-------------------------------------------------------
 T E S T S
-------------------------------------------------------
Running com.vizor.unreal.MiscTest
Tests run: 8, Failures: 0, Errors: 0, Skipped: 0, Time elapsed: 0.213 sec - in com.vizor.unreal.MiscTest
Running com.vizor.unreal.GraphTest
Tests run: 3, Failures: 0, Errors: 0, Skipped: 0, Time elapsed: 0.003 sec - in com.vizor.unreal.GraphTest
Running com.vizor.unreal.TypeTest
Tests run: 11, Failures: 0, Errors: 0, Skipped: 0, Time elapsed: 0.018 sec - in com.vizor.unreal.TypeTest
Running com.vizor.unreal.TupleTest
Tests run: 4, Failures: 0, Errors: 0, Skipped: 0, Time elapsed: 0.002 sec - in com.vizor.unreal.TupleTest

Results :

Tests run: 26, Failures: 0, Errors: 0, Skipped: 0

[INFO] 
[INFO] --- jacoco-maven-plugin:0.8.5:report (report) @ infraworld-cornerstone ---
[INFO] Loading execution data file /tmp/tmprrnuqsz9/infraworld-cornerstone/target/jacoco.exec
[INFO] Analyzed bundle 'infraworld-cornerstone' with 167 classes
[INFO] ------------------------------------------------------------------------
[INFO] BUILD SUCCESS
[INFO] ------------------------------------------------------------------------
[INFO] Total time:  8.884 s
[INFO] Finished at: 2020-07-30T23:10:44Z
[INFO] ------------------------------------------------------------------------
