[INFO] Error stacktraces are turned on.
[INFO] Scanning for projects...
[INFO] Inspecting build with total of 1 modules...
[INFO] Installing Nexus Staging features:
[INFO]   ... total of 1 executions of maven-deploy-plugin replaced with nexus-staging-maven-plugin
[INFO] 
[INFO] --------------------< com.spotify.sparkey:sparkey >---------------------
[INFO] Building sparkey 3.0.2-SNAPSHOT
[INFO] --------------------------------[ jar ]---------------------------------
[INFO] 
[INFO] --- maven-enforcer-plugin:3.0.0-M2:enforce (enforce-maven) @ sparkey ---
[INFO] 
[INFO] --- maven-enforcer-plugin:3.0.0-M2:enforce (enforce-bytecode-version) @ sparkey ---
[INFO] 
[INFO] --- jacoco-maven-plugin:0.8.5:prepare-agent (default) @ sparkey ---
[INFO] argLine set to -javaagent:/home/jdbl/.m2/repository/org/jacoco/org.jacoco.agent/0.8.5/org.jacoco.agent-0.8.5-runtime.jar=destfile=/tmp/tmpr0de8jah/sparkey-java/target/jacoco.exec
[INFO] 
[INFO] --- maven-resources-plugin:2.6:resources (default-resources) @ sparkey ---
[INFO] Using 'UTF-8' encoding to copy filtered resources.
[INFO] skip non existing resourceDirectory /tmp/tmpr0de8jah/sparkey-java/src/main/resources
[INFO] 
[INFO] --- maven-compiler-plugin:3.1:compile (default-compile) @ sparkey ---
[INFO] Changes detected - recompiling the module!
[INFO] Compiling 41 source files to /tmp/tmpr0de8jah/sparkey-java/target/classes
[WARNING] /tmp/tmpr0de8jah/sparkey-java/src/main/java/com/spotify/sparkey/Sparkey.java: Some input files use or override a deprecated API.
[WARNING] /tmp/tmpr0de8jah/sparkey-java/src/main/java/com/spotify/sparkey/Sparkey.java: Recompile with -Xlint:deprecation for details.
[INFO] 
[INFO] --- maven-resources-plugin:2.6:testResources (default-testResources) @ sparkey ---
[INFO] Using 'UTF-8' encoding to copy filtered resources.
[INFO] skip non existing resourceDirectory /tmp/tmpr0de8jah/sparkey-java/src/test/resources
[INFO] 
[INFO] --- maven-compiler-plugin:3.1:testCompile (default-testCompile) @ sparkey ---
[INFO] Changes detected - recompiling the module!
[INFO] Compiling 27 source files to /tmp/tmpr0de8jah/sparkey-java/target/test-classes
[WARNING] /tmp/tmpr0de8jah/sparkey-java/src/test/java/com/spotify/sparkey/extra/ThreadLocalSparkeyReaderTest.java: Some input files use or override a deprecated API.
[WARNING] /tmp/tmpr0de8jah/sparkey-java/src/test/java/com/spotify/sparkey/extra/ThreadLocalSparkeyReaderTest.java: Recompile with -Xlint:deprecation for details.
[INFO] 
[INFO] --- maven-surefire-plugin:2.19.1:test (default-test) @ sparkey ---
[INFO] Surefire report directory: /tmp/tmpr0de8jah/sparkey-java/target/surefire-reports

-------------------------------------------------------
 T E S T S
-------------------------------------------------------
Running com.spotify.sparkey.UtilTest
Tests run: 10, Failures: 0, Errors: 0, Skipped: 0, Time elapsed: 0.222 sec - in com.spotify.sparkey.UtilTest
Running com.spotify.sparkey.SortHelperTest
Tests run: 1, Failures: 0, Errors: 0, Skipped: 0, Time elapsed: 0.013 sec - in com.spotify.sparkey.SortHelperTest
Running com.spotify.sparkey.BytesWrittenTest
Tests run: 2, Failures: 0, Errors: 0, Skipped: 0, Time elapsed: 0.175 sec - in com.spotify.sparkey.BytesWrittenTest
Running com.spotify.sparkey.SnappyReaderTest
Tests run: 2, Failures: 0, Errors: 0, Skipped: 0, Time elapsed: 0.079 sec - in com.spotify.sparkey.SnappyReaderTest
Running com.spotify.sparkey.IndexHashTest
Tests run: 2, Failures: 0, Errors: 0, Skipped: 0, Time elapsed: 0.173 sec - in com.spotify.sparkey.IndexHashTest
Running com.spotify.sparkey.SnappyOutputStreamTest
Tests run: 1, Failures: 0, Errors: 0, Skipped: 0, Time elapsed: 0.41 sec - in com.spotify.sparkey.SnappyOutputStreamTest
Running com.spotify.sparkey.AddressSizeTest
Tests run: 2, Failures: 0, Errors: 0, Skipped: 0, Time elapsed: 0.001 sec - in com.spotify.sparkey.AddressSizeTest
Running com.spotify.sparkey.system.LargeFilesTest
Tests run: 5, Failures: 0, Errors: 0, Skipped: 0, Time elapsed: 3.821 sec - in com.spotify.sparkey.system.LargeFilesTest
Running com.spotify.sparkey.system.CorrectnessTest
Tests run: 9, Failures: 0, Errors: 0, Skipped: 0, Time elapsed: 7.504 sec - in com.spotify.sparkey.system.CorrectnessTest
Running com.spotify.sparkey.system.BaseSystemTest
Tests run: 1, Failures: 0, Errors: 0, Skipped: 0, Time elapsed: 0 sec - in com.spotify.sparkey.system.BaseSystemTest
Running com.spotify.sparkey.CommonHeaderTest
Tests run: 1, Failures: 0, Errors: 0, Skipped: 0, Time elapsed: 0 sec - in com.spotify.sparkey.CommonHeaderTest
Running com.spotify.sparkey.SparkeyTest
Tests run: 1, Failures: 0, Errors: 0, Skipped: 0, Time elapsed: 0 sec - in com.spotify.sparkey.SparkeyTest
Running com.spotify.sparkey.ReadOnlyMemMapTest
Tests run: 2, Failures: 0, Errors: 0, Skipped: 0, Time elapsed: 12.983 sec - in com.spotify.sparkey.ReadOnlyMemMapTest
Running com.spotify.sparkey.extra.DelegatingSparkeyReaderTest
Tests run: 1, Failures: 0, Errors: 0, Skipped: 0, Time elapsed: 0.178 sec - in com.spotify.sparkey.extra.DelegatingSparkeyReaderTest
Running com.spotify.sparkey.extra.ThreadLocalSparkeyReaderTest
Tests run: 5, Failures: 0, Errors: 0, Skipped: 0, Time elapsed: 0.225 sec - in com.spotify.sparkey.extra.ThreadLocalSparkeyReaderTest
Running com.spotify.sparkey.extra.ReloadableSparkeyReaderTest
20:36:52.448 [pool-3-thread-1] INFO com.spotify.sparkey.extra.ReloadableSparkeyReader - loaded sparkey index /tmp/sparkey5774166583367057320.spl, 1 keys
20:36:52.661 [pool-5-thread-1] INFO com.spotify.sparkey.extra.ReloadableSparkeyReader - loaded sparkey index /tmp/sparkey4418715750494465138.spl, 1 keys
20:36:52.661 [pool-5-thread-1] INFO com.spotify.sparkey.extra.ReloadableSparkeyReader - loaded sparkey index /tmp/sparkey8335602269988338554.spl, 1 keys
20:36:52.662 [pool-5-thread-1] INFO com.spotify.sparkey.extra.ReloadableSparkeyReader - loaded sparkey index /tmp/sparkey4418715750494465138.spl, 1 keys
Tests run: 4, Failures: 0, Errors: 0, Skipped: 0, Time elapsed: 0.656 sec - in com.spotify.sparkey.extra.ReloadableSparkeyReaderTest
Running com.spotify.sparkey.MurmurHash3Test
Tests run: 3, Failures: 0, Errors: 0, Skipped: 0, Time elapsed: 0.011 sec - in com.spotify.sparkey.MurmurHash3Test

Results :

Tests run: 52, Failures: 0, Errors: 0, Skipped: 0

[INFO] 
[INFO] --- jacoco-maven-plugin:0.8.5:report (report) @ sparkey ---
[INFO] Loading execution data file /tmp/tmpr0de8jah/sparkey-java/target/jacoco.exec
[INFO] Analyzed bundle 'sparkey' with 179 classes
[INFO] ------------------------------------------------------------------------
[INFO] BUILD SUCCESS
[INFO] ------------------------------------------------------------------------
[INFO] Total time:  50.974 s
[INFO] Finished at: 2020-07-30T20:36:54Z
[INFO] ------------------------------------------------------------------------
