[INFO] Error stacktraces are turned on.
[INFO] Scanning for projects...
[WARNING] 
[WARNING] Some problems were encountered while building the effective model for org.apache.commons:commons-jexl:jar:2.0.1
[WARNING] 'build.plugins.plugin.version' for org.apache.maven.plugins:maven-idea-plugin is missing. @ org.apache.commons:commons-parent:14, /home/jdbl/.m2/repository/org/apache/commons/commons-parent/14/commons-parent-14.pom, line 329, column 15
[WARNING] 
[WARNING] It is highly recommended to fix these problems because they threaten the stability of your build.
[WARNING] 
[WARNING] For this reason, future Maven versions might no longer support building such malformed projects.
[WARNING] 
[INFO] 
[INFO] ------------------< org.apache.commons:commons-jexl >-------------------
[INFO] Building Commons JEXL 2.0.1
[INFO] --------------------------------[ jar ]---------------------------------
[INFO] 
[INFO] --- maven-antrun-plugin:1.3:run (javadoc.resources) @ commons-jexl ---
[INFO] Executing tasks
     [copy] Copying 2 files to /tmp/tmpz9mjo13d/commons-jexl/target/apidocs/META-INF
[INFO] Executed tasks
[INFO] 
[INFO] --- javacc-maven-plugin:2.6:jjtree-javacc (jexl-jjtree) @ commons-jexl ---
Java Compiler Compiler Version 5.0 (Tree Builder)
(type "jjtree" with no arguments for help)
Reading from file /tmp/tmpz9mjo13d/commons-jexl/src/main/java/org/apache/commons/jexl2/parser/Parser.jjt . . .
File "Node.java" does not exist.  Will create one.
File "SimpleNode.java" does not exist.  Will create one.
File "ASTJexlScript.java" does not exist.  Will create one.
File "ASTBlock.java" does not exist.  Will create one.
File "ASTAmbiguous.java" does not exist.  Will create one.
File "ASTIfStatement.java" does not exist.  Will create one.
File "ASTWhileStatement.java" does not exist.  Will create one.
File "ASTForeachStatement.java" does not exist.  Will create one.
File "ASTAssignment.java" does not exist.  Will create one.
File "ASTTernaryNode.java" does not exist.  Will create one.
File "ASTOrNode.java" does not exist.  Will create one.
File "ASTAndNode.java" does not exist.  Will create one.
File "ASTBitwiseOrNode.java" does not exist.  Will create one.
File "ASTBitwiseXorNode.java" does not exist.  Will create one.
File "ASTBitwiseAndNode.java" does not exist.  Will create one.
File "ASTEQNode.java" does not exist.  Will create one.
File "ASTNENode.java" does not exist.  Will create one.
File "ASTLTNode.java" does not exist.  Will create one.
File "ASTGTNode.java" does not exist.  Will create one.
File "ASTLENode.java" does not exist.  Will create one.
File "ASTGENode.java" does not exist.  Will create one.
File "ASTERNode.java" does not exist.  Will create one.
File "ASTNRNode.java" does not exist.  Will create one.
File "ASTAdditiveNode.java" does not exist.  Will create one.
File "ASTAdditiveOperator.java" does not exist.  Will create one.
File "ASTMulNode.java" does not exist.  Will create one.
File "ASTDivNode.java" does not exist.  Will create one.
File "ASTModNode.java" does not exist.  Will create one.
File "ASTUnaryMinusNode.java" does not exist.  Will create one.
File "ASTBitwiseComplNode.java" does not exist.  Will create one.
File "ASTNotNode.java" does not exist.  Will create one.
File "ASTIdentifier.java" does not exist.  Will create one.
File "ASTNullLiteral.java" does not exist.  Will create one.
File "ASTTrueNode.java" does not exist.  Will create one.
File "ASTFalseNode.java" does not exist.  Will create one.
File "ASTIntegerLiteral.java" does not exist.  Will create one.
File "ASTFloatLiteral.java" does not exist.  Will create one.
File "ASTStringLiteral.java" does not exist.  Will create one.
File "ASTArrayLiteral.java" does not exist.  Will create one.
File "ASTMapLiteral.java" does not exist.  Will create one.
File "ASTMapEntry.java" does not exist.  Will create one.
File "ASTEmptyFunction.java" does not exist.  Will create one.
File "ASTSizeFunction.java" does not exist.  Will create one.
File "ASTFunctionNode.java" does not exist.  Will create one.
File "ASTMethodNode.java" does not exist.  Will create one.
File "ASTSizeMethod.java" does not exist.  Will create one.
File "ASTConstructorNode.java" does not exist.  Will create one.
File "ASTArrayAccess.java" does not exist.  Will create one.
File "ASTReference.java" does not exist.  Will create one.
File "ParserTreeConstants.java" does not exist.  Will create one.
File "ParserVisitor.java" does not exist.  Will create one.
File "JJTParserState.java" does not exist.  Will create one.
Annotated grammar generated successfully in /tmp/tmpz9mjo13d/commons-jexl/target/javacc-1596121906362/node/Parser.jj
Java Compiler Compiler Version 5.0 (Parser Generator)
(type "javacc" with no arguments for help)
Reading from file /tmp/tmpz9mjo13d/commons-jexl/target/javacc-1596121906362/node/Parser.jj . . .
Note: UNICODE_INPUT option is specified. Please make sure you create the parser/lexer using a Reader with the correct character encoding.
File "TokenMgrError.java" does not exist.  Will create one.
File "ParseException.java" does not exist.  Will create one.
File "Token.java" does not exist.  Will create one.
File "SimpleCharStream.java" does not exist.  Will create one.
Parser generated successfully.
[INFO] Processed 1 grammar
[INFO] 
[INFO] --- maven-remote-resources-plugin:1.0:process (default) @ commons-jexl ---
[INFO] Setting property: classpath.resource.loader.class => 'org.codehaus.plexus.velocity.ContextClassLoaderResourceLoader'.
[INFO] Setting property: velocimacro.messages.on => 'false'.
[INFO] Setting property: resource.loader => 'classpath'.
[INFO] Setting property: resource.manager.logwhenfound => 'false'.
[INFO] 
[INFO] --- maven-resources-plugin:2.4.1:resources (default-resources) @ commons-jexl ---
[INFO] Using 'UTF-8' encoding to copy filtered resources.
[INFO] Copying 2 resources to META-INF
[INFO] Copying 1 resource
[INFO] 
[INFO] --- maven-compiler-plugin:2.1:compile (default-compile) @ commons-jexl ---
[INFO] Compiling 102 source files to /tmp/tmpz9mjo13d/commons-jexl/target/classes
[INFO] 
[INFO] --- maven-bundle-plugin:1.4.3:manifest (bundle-manifest) @ commons-jexl ---
[INFO] 
[INFO] --- maven-resources-plugin:2.4.1:testResources (default-testResources) @ commons-jexl ---
[INFO] Using 'UTF-8' encoding to copy filtered resources.
[INFO] skip non existing resourceDirectory /tmp/tmpz9mjo13d/commons-jexl/src/test/resources
[INFO] 
[INFO] --- maven-compiler-plugin:2.1:testCompile (default-testCompile) @ commons-jexl ---
[INFO] Compiling 33 source files to /tmp/tmpz9mjo13d/commons-jexl/target/test-classes
[INFO] 
[INFO] --- maven-surefire-plugin:2.5:test (default-test) @ commons-jexl ---
[INFO] Surefire report directory: /tmp/tmpz9mjo13d/commons-jexl/target/surefire-reports

-------------------------------------------------------
 T E S T S
-------------------------------------------------------
Running org.apache.commons.jexl2.ClassCreatorTest
Tests run: 2, Failures: 0, Errors: 0, Skipped: 0, Time elapsed: 0.117 sec
Running org.apache.commons.jexl2.parser.ParserTest
Tests run: 2, Failures: 0, Errors: 0, Skipped: 0, Time elapsed: 0.006 sec
Running org.apache.commons.jexl2.ForEachTest
Jul 30, 2020 3:11:57 PM org.apache.commons.jexl2.Interpreter unknownVariable
WARNING: org.apache.commons.jexl2.ForEachTest.testForEachWithEmptyStatement@39![11,15]: 'for(item : list) ;' undefined variable list
Jul 30, 2020 3:11:57 PM org.apache.commons.jexl2.Interpreter unknownVariable
WARNING: org.apache.commons.jexl2.ForEachTest.testForEachWithEmptyList@47![11,15]: 'for(item : list) 1 + 1;' undefined variable list
Tests run: 11, Failures: 0, Errors: 0, Skipped: 0, Time elapsed: 0.066 sec
Running org.apache.commons.jexl2.BlockTest
Tests run: 6, Failures: 0, Errors: 0, Skipped: 0, Time elapsed: 0.018 sec
Running org.apache.commons.jexl2.IfTest
Tests run: 11, Failures: 0, Errors: 0, Skipped: 0, Time elapsed: 0.018 sec
Running org.apache.commons.jexl2.ParseFailuresTest
Tests run: 5, Failures: 0, Errors: 0, Skipped: 0, Time elapsed: 0.004 sec
Running org.apache.commons.jexl2.scripting.JexlScriptEngineOptionalTest
Tests run: 3, Failures: 0, Errors: 0, Skipped: 0, Time elapsed: 0.022 sec
Running org.apache.commons.jexl2.AssignTest
Tests run: 7, Failures: 0, Errors: 0, Skipped: 0, Time elapsed: 0.014 sec
Running org.apache.commons.jexl2.MethodTest
Tests run: 9, Failures: 0, Errors: 0, Skipped: 0, Time elapsed: 0.087 sec
Running org.apache.commons.jexl2.PublicFieldsTest
Tests run: 6, Failures: 0, Errors: 0, Skipped: 0, Time elapsed: 0.012 sec
Running org.apache.commons.jexl2.IssuesTest
Jul 30, 2020 3:11:58 PM org.apache.commons.jexl2.Interpreter unknownVariable
WARNING: org.apache.commons.jexl2.IssuesTest.test42@118![5,7]: 'ax + bx;' undefined variable bx
Jul 30, 2020 3:11:58 PM org.apache.commons.jexl2.Interpreter interpret
WARNING: org.apache.commons.jexl2.IssuesTest.test62@210![6,16]: 'dummy.hashCode();' attempting to call method on null
Jul 30, 2020 3:11:58 PM org.apache.commons.jexl2.Interpreter interpret
WARNING: org.apache.commons.jexl2.IssuesTest.test62@222![6,16]: 'dummy.hashCode();' attempting to call method on null
Jul 30, 2020 3:11:58 PM org.apache.commons.jexl2.JexlEngine createExpression
WARNING: The JEXL Expression created will be a reference to the first expression from the supplied script: "if (x) { 1; };if (y) { 2; };" 
Jul 30, 2020 3:11:58 PM org.apache.commons.jexl2.JexlEngine createExpression
WARNING: The JEXL Expression created will be a reference to the first expression from the supplied script: "if (x) 1;;if (y) 2;;" 
Jul 30, 2020 3:11:58 PM org.apache.commons.jexl2.JexlEngine createExpression
WARNING: The JEXL Expression created will be a reference to the first expression from the supplied script: "while (x) 1;if (y) 2; else 3;" 
Jul 30, 2020 3:11:58 PM org.apache.commons.jexl2.JexlEngine createExpression
WARNING: The JEXL Expression created will be a reference to the first expression from the supplied script: "for(z : [ 3, 4, 5 ]) { z; }y? 2 : 1;" 
Jul 30, 2020 3:11:58 PM org.apache.commons.jexl2.JexlEngine createExpression
WARNING: The JEXL Expression created will be a reference to the first expression from the supplied script: "for(z : [ 3, 4, 5 ]) { z; }if (y) 2; else 1;" 
Parse took 0.001 seconds
Tests run: 15, Failures: 0, Errors: 0, Skipped: 0, Time elapsed: 0.044 sec
Running org.apache.commons.jexl2.CacheTest
Jul 30, 2020 3:11:58 PM org.apache.commons.jexl2.internal.introspection.IntrospectorBase getMethod
SEVERE: ambiguous method invocation: org.apache.commons.jexl2.CacheTest$Cached0.compute(null)
Jul 30, 2020 3:11:58 PM org.apache.commons.jexl2.internal.introspection.IntrospectorBase getMethod
SEVERE: ambiguous method invocation: org.apache.commons.jexl2.CacheTest$Cached2.compute(null)
Jul 30, 2020 3:11:58 PM org.apache.commons.jexl2.internal.introspection.IntrospectorBase getMethod
SEVERE: ambiguous method invocation: org.apache.commons.jexl2.CacheTest$Cached1.compute(null)
Tests run: 12, Failures: 0, Errors: 0, Skipped: 0, Time elapsed: 1.186 sec
Running org.apache.commons.jexl2.junit.AsserterTest
Tests run: 2, Failures: 0, Errors: 0, Skipped: 0, Time elapsed: 0.003 sec
Running org.apache.commons.jexl2.examples.ArrayTest
Tests run: 1, Failures: 0, Errors: 0, Skipped: 0, Time elapsed: 0.002 sec
Running org.apache.commons.jexl2.internal.introspection.DiscoveryTest
Tests run: 4, Failures: 0, Errors: 0, Skipped: 0, Time elapsed: 0.003 sec
Running org.apache.commons.jexl2.ScriptTest
Starting test script
The result is 7
Jul 30, 2020 3:11:59 PM org.apache.commons.jexl2.JexlEngine createExpression
WARNING: The JEXL Expression created will be a reference to the first expression from the supplied script: "if (out != null) out.println('Starting test script');;x = 1;y = 2;result = x * y + 5;if (out != null) out.println('The result is ' + result);;result;" 
Starting test script
The result is 7
Jul 30, 2020 3:11:59 PM org.apache.commons.jexl2.JexlEngine createExpression
WARNING: The JEXL Expression created will be a reference to the first expression from the supplied script: "if (out != null) out.println('Starting test script');;x = 1;y = 2;result = x * y + 5;if (out != null) out.println('The result is ' + result);;result;" 
Tests run: 4, Failures: 0, Errors: 0, Skipped: 0, Time elapsed: 0.019 sec
Running org.apache.commons.jexl2.examples.MethodPropertyTest
Tests run: 1, Failures: 0, Errors: 0, Skipped: 0, Time elapsed: 0.002 sec
Running org.apache.commons.jexl2.scripting.JexlScriptEngineTest
Tests run: 6, Failures: 0, Errors: 0, Skipped: 0, Time elapsed: 0.01 sec
Running org.apache.commons.jexl2.ArrayAccessTest
Tests run: 6, Failures: 0, Errors: 0, Skipped: 0, Time elapsed: 0.038 sec
Running org.apache.commons.jexl2.internal.introspection.MethodKeyTest
Tests run: 6, Failures: 0, Errors: 0, Skipped: 0, Time elapsed: 0.729 sec
Running org.apache.commons.jexl2.BitwiseOperatorTest
Tests run: 23, Failures: 0, Errors: 0, Skipped: 0, Time elapsed: 0.01 sec
Running org.apache.commons.jexl2.MapLiteralTest
Tests run: 8, Failures: 0, Errors: 0, Skipped: 0, Time elapsed: 0.008 sec
Running org.apache.commons.jexl2.ArithmeticTest
Tests run: 12, Failures: 0, Errors: 0, Skipped: 0, Time elapsed: 0.047 sec
Running org.apache.commons.jexl2.JexlTest
Jul 30, 2020 3:12:00 PM org.apache.commons.jexl2.Interpreter invocationFailed
WARNING: org.apache.commons.jexl2.JexlTest.assertExpression@820![4,14]: 'foo.charAt(-2);' method invocation error
java.lang.StringIndexOutOfBoundsException: String index out of range: -2
	at java.lang.String.charAt(String.java:658)
	at sun.reflect.NativeMethodAccessorImpl.invoke0(Native Method)
	at sun.reflect.NativeMethodAccessorImpl.invoke(NativeMethodAccessorImpl.java:62)
	at sun.reflect.DelegatingMethodAccessorImpl.invoke(DelegatingMethodAccessorImpl.java:43)
	at java.lang.reflect.Method.invoke(Method.java:498)
	at org.apache.commons.jexl2.internal.MethodExecutor.execute(MethodExecutor.java:64)
	at org.apache.commons.jexl2.internal.AbstractExecutor$Method.invoke(AbstractExecutor.java:330)
	at org.apache.commons.jexl2.Interpreter.visit(Interpreter.java:835)
	at org.apache.commons.jexl2.parser.ASTMethodNode.jjtAccept(ASTMethodNode.java:18)
	at org.apache.commons.jexl2.Interpreter.visit(Interpreter.java:1045)
	at org.apache.commons.jexl2.parser.ASTReference.jjtAccept(ASTReference.java:18)
	at org.apache.commons.jexl2.Interpreter.interpret(Interpreter.java:162)
	at org.apache.commons.jexl2.ExpressionImpl.evaluate(ExpressionImpl.java:64)
	at org.apache.commons.jexl2.JexlTest.assertExpression(JexlTest.java:821)
	at org.apache.commons.jexl2.JexlTest.testCharAtBug(JexlTest.java:564)
	at sun.reflect.NativeMethodAccessorImpl.invoke0(Native Method)
	at sun.reflect.NativeMethodAccessorImpl.invoke(NativeMethodAccessorImpl.java:62)
	at sun.reflect.DelegatingMethodAccessorImpl.invoke(DelegatingMethodAccessorImpl.java:43)
	at java.lang.reflect.Method.invoke(Method.java:498)
	at junit.framework.TestCase.runTest(TestCase.java:164)
	at junit.framework.TestCase.runBare(TestCase.java:130)
	at junit.framework.TestResult$1.protect(TestResult.java:106)
	at junit.framework.TestResult.runProtected(TestResult.java:124)
	at junit.framework.TestResult.run(TestResult.java:109)
	at junit.framework.TestCase.run(TestCase.java:120)
	at junit.framework.TestSuite.runTest(TestSuite.java:230)
	at junit.framework.TestSuite.run(TestSuite.java:225)
	at sun.reflect.GeneratedMethodAccessor35.invoke(Unknown Source)
	at sun.reflect.DelegatingMethodAccessorImpl.invoke(DelegatingMethodAccessorImpl.java:43)
	at java.lang.reflect.Method.invoke(Method.java:498)
	at org.apache.maven.surefire.junit.JUnitTestSet.execute(JUnitTestSet.java:213)
	at org.apache.maven.surefire.suite.AbstractDirectoryTestSuite.executeTestSet(AbstractDirectoryTestSuite.java:115)
	at org.apache.maven.surefire.suite.AbstractDirectoryTestSuite.execute(AbstractDirectoryTestSuite.java:102)
	at org.apache.maven.surefire.Surefire.run(Surefire.java:180)
	at sun.reflect.NativeMethodAccessorImpl.invoke0(Native Method)
	at sun.reflect.NativeMethodAccessorImpl.invoke(NativeMethodAccessorImpl.java:62)
	at sun.reflect.DelegatingMethodAccessorImpl.invoke(DelegatingMethodAccessorImpl.java:43)
	at java.lang.reflect.Method.invoke(Method.java:498)
	at org.apache.maven.surefire.booter.SurefireBooter.runSuitesInProcess(SurefireBooter.java:350)
	at org.apache.maven.surefire.booter.SurefireBooter.main(SurefireBooter.java:1021)

Jul 30, 2020 3:12:00 PM org.apache.commons.jexl2.Interpreter unknownVariable
WARNING: org.apache.commons.jexl2.JexlTest.assertExpression@820![6,15]: 'empty(nullthing);' undefined variable nullthing
Jul 30, 2020 3:12:00 PM org.apache.commons.jexl2.Interpreter unknownVariable
WARNING: org.apache.commons.jexl2.JexlTest.assertExpression@820![9,17]: 'aBool == notThere;' undefined variable notThere
Jul 30, 2020 3:12:00 PM org.apache.commons.jexl2.Interpreter unknownVariable
WARNING: org.apache.commons.jexl2.JexlTest.assertExpression@820![9,17]: 'aBool != notThere;' undefined variable notThere
Jul 30, 2020 3:12:00 PM org.apache.commons.jexl2.Interpreter unknownVariable
WARNING: org.apache.commons.jexl2.JexlTest.assertExpression@820![6,9]: 'empty(foo);' undefined variable foo
Jul 30, 2020 3:12:00 PM org.apache.commons.jexl2.Interpreter unknownVariable
WARNING: org.apache.commons.jexl2.JexlTest.assertExpression@820![0,3]: 'foo == null;' undefined variable foo
Jul 30, 2020 3:12:00 PM org.apache.commons.jexl2.Interpreter unknownVariable
WARNING: org.apache.commons.jexl2.JexlTest.assertExpression@820![0,3]: 'foo != null;' undefined variable foo
Jul 30, 2020 3:12:00 PM org.apache.commons.jexl2.Interpreter unknownVariable
WARNING: org.apache.commons.jexl2.JexlTest.assertExpression@820![6,9]: 'empty(foo);' undefined variable foo
Jul 30, 2020 3:12:00 PM org.apache.commons.jexl2.Interpreter unknownVariable
WARNING: org.apache.commons.jexl2.JexlTest.assertExpression@820![0,3]: 'foo == '';' undefined variable foo
Jul 30, 2020 3:12:00 PM org.apache.commons.jexl2.Interpreter unknownVariable
WARNING: org.apache.commons.jexl2.JexlTest.assertExpression@820![0,11]: 'barnotexist == '';' undefined variable barnotexist
Jul 30, 2020 3:12:00 PM org.apache.commons.jexl2.Interpreter unknownVariable
WARNING: org.apache.commons.jexl2.JexlTest.assertExpression@820![0,5]: 'myvar == 'Użytkownik';' undefined variable myvar
Tests run: 37, Failures: 0, Errors: 0, Skipped: 0, Time elapsed: 0.097 sec
Running org.apache.commons.jexl2.WhileTest
Tests run: 3, Failures: 0, Errors: 0, Skipped: 0, Time elapsed: 0.003 sec
Running org.apache.commons.jexl2.UnifiedJEXLTest
Jul 30, 2020 3:12:00 PM org.apache.commons.jexl2.UnifiedJEXLTest testMalformed
WARNING: malformed expression: ${'world'
Jul 30, 2020 3:12:00 PM org.apache.commons.jexl2.UnifiedJEXLTest testMalformedNested
WARNING: failed to parse '#{${hi} world}'
Jul 30, 2020 3:12:00 PM org.apache.commons.jexl2.UnifiedJEXLTest testBadContextNested
WARNING: failed to evaluate '#{${hi}+'.world'}'
Tests run: 15, Failures: 0, Errors: 0, Skipped: 0, Time elapsed: 0.031 sec
Running org.apache.commons.jexl2.ArrayLiteralTest
Tests run: 6, Failures: 0, Errors: 0, Skipped: 0, Time elapsed: 0.004 sec

Results :

Tests run: 223, Failures: 0, Errors: 0, Skipped: 0

[INFO] 
[INFO] --- maven-jar-plugin:2.3:jar (default-jar) @ commons-jexl ---
[INFO] Building jar: /tmp/tmpz9mjo13d/commons-jexl/target/commons-jexl-2.0.1.jar
[INFO] 
[INFO] --- maven-assembly-plugin:3.2.0:single (default) @ commons-jexl ---
[INFO] Building jar: /tmp/tmpz9mjo13d/commons-jexl/target/commons-jexl-2.0.1-jar-with-dependencies.jar
[INFO] ------------------------------------------------------------------------
[INFO] BUILD SUCCESS
[INFO] ------------------------------------------------------------------------
[INFO] Total time:  22.420 s
[INFO] Finished at: 2020-07-30T15:12:03Z
[INFO] ------------------------------------------------------------------------
