[INFO] Error stacktraces are turned on.
[INFO] Scanning for projects...
[INFO] 
[INFO] ----------------------< com.tguzik:valueclasses >-----------------------
[INFO] Building ValueClasses 1.0.3-SNAPSHOT
[INFO] --------------------------------[ jar ]---------------------------------
[INFO] 
[INFO] --- maven-enforcer-plugin:3.0.0-M3:enforce (enforce-maven) @ valueclasses ---
[INFO] 
[INFO] --- jacoco-maven-plugin:0.8.5:prepare-agent (default) @ valueclasses ---
[INFO] argLine set to -javaagent:/home/jdbl/.m2/repository/org/jacoco/org.jacoco.agent/0.8.5/org.jacoco.agent-0.8.5-runtime.jar=destfile=/tmp/tmpzsfv3wzd/valueclasses/target/jacoco.exec
[INFO] 
[INFO] --- maven-resources-plugin:2.6:resources (default-resources) @ valueclasses ---
[INFO] Using 'UTF-8' encoding to copy filtered resources.
[INFO] skip non existing resourceDirectory /tmp/tmpzsfv3wzd/valueclasses/src/main/resources
[INFO] 
[INFO] --- maven-compiler-plugin:3.8.1:compile (default-compile) @ valueclasses ---
[INFO] Changes detected - recompiling the module!
[INFO] Compiling 12 source files to /tmp/tmpzsfv3wzd/valueclasses/target/classes
[INFO] 
[INFO] --- maven-resources-plugin:2.6:testResources (default-testResources) @ valueclasses ---
[INFO] Using 'UTF-8' encoding to copy filtered resources.
[INFO] skip non existing resourceDirectory /tmp/tmpzsfv3wzd/valueclasses/src/test/resources
[INFO] 
[INFO] --- maven-compiler-plugin:3.8.1:testCompile (default-testCompile) @ valueclasses ---
[INFO] Changes detected - recompiling the module!
[INFO] Compiling 8 source files to /tmp/tmpzsfv3wzd/valueclasses/target/test-classes
[INFO] 
[INFO] --- maven-surefire-plugin:2.19.1:test (default-test) @ valueclasses ---
[INFO] Surefire report directory: /tmp/tmpzsfv3wzd/valueclasses/target/surefire-reports

-------------------------------------------------------
 T E S T S
-------------------------------------------------------
Running com.tguzik.objects.BaseObjectTest
Tests run: 23, Failures: 0, Errors: 0, Skipped: 0, Time elapsed: 0.967 sec - in com.tguzik.objects.BaseObjectTest
Running com.tguzik.value.StringValueTest
Tests run: 13, Failures: 0, Errors: 0, Skipped: 0, Time elapsed: 1.154 sec - in com.tguzik.value.StringValueTest
Running com.tguzik.value.MutableValueTest
Tests run: 17, Failures: 0, Errors: 0, Skipped: 0, Time elapsed: 0.016 sec - in com.tguzik.value.MutableValueTest
Running com.tguzik.value.ValueTest
Tests run: 16, Failures: 0, Errors: 0, Skipped: 0, Time elapsed: 0.011 sec - in com.tguzik.value.ValueTest
Running com.tguzik.value.adapters.JaxbValueAdapterTest
Tests run: 5, Failures: 0, Errors: 0, Skipped: 0, Time elapsed: 0 sec - in com.tguzik.value.adapters.JaxbValueAdapterTest
Running com.tguzik.tests.SettableHashCodeTest
Tests run: 9, Failures: 0, Errors: 0, Skipped: 0, Time elapsed: 0 sec - in com.tguzik.tests.SettableHashCodeTest
Running com.tguzik.tests.NormalizeTest
Tests run: 9, Failures: 0, Errors: 0, Skipped: 0, Time elapsed: 0.003 sec - in com.tguzik.tests.NormalizeTest
Running com.tguzik.tests.LoaderTest
Tests run: 2, Failures: 0, Errors: 0, Skipped: 0, Time elapsed: 0.004 sec - in com.tguzik.tests.LoaderTest

Results :

Tests run: 94, Failures: 0, Errors: 0, Skipped: 0

[INFO] 
[INFO] --- jacoco-maven-plugin:0.8.5:report (report) @ valueclasses ---
[INFO] Loading execution data file /tmp/tmpzsfv3wzd/valueclasses/target/jacoco.exec
[INFO] Analyzed bundle 'ValueClasses' with 256 classes
[INFO] ------------------------------------------------------------------------
[INFO] BUILD SUCCESS
[INFO] ------------------------------------------------------------------------
[INFO] Total time:  20.103 s
[INFO] Finished at: 2020-07-30T22:24:20Z
[INFO] ------------------------------------------------------------------------
