[INFO] Error stacktraces are turned on.
[INFO] Scanning for projects...
[INFO] Inspecting build with total of 1 modules...
[INFO] Installing Nexus Staging features:
[INFO]   ... total of 1 executions of maven-deploy-plugin replaced with nexus-staging-maven-plugin
[INFO] 
[INFO] ----------------------< com.rapid7.client:dcerpc >----------------------
[INFO] Building dcerpc 0.8.3-SNAPSHOT
[INFO] --------------------------------[ jar ]---------------------------------
[INFO] 
[INFO] --- jacoco-maven-plugin:0.8.5:prepare-agent (default) @ dcerpc ---
[INFO] argLine set to -javaagent:/home/jdbl/.m2/repository/org/jacoco/org.jacoco.agent/0.8.5/org.jacoco.agent-0.8.5-runtime.jar=destfile=/tmp/tmp7wd_x016/smbj-rpc/target/jacoco.exec
[INFO] 
[INFO] --- maven-resources-plugin:2.6:resources (default-resources) @ dcerpc ---
[INFO] Using 'UTF-8' encoding to copy filtered resources.
[INFO] skip non existing resourceDirectory /tmp/tmp7wd_x016/smbj-rpc/src/main/resources
[INFO] 
[INFO] --- maven-compiler-plugin:3.7.0:compile (default-compile) @ dcerpc ---
[INFO] Changes detected - recompiling the module!
[INFO] Compiling 263 source files to /tmp/tmp7wd_x016/smbj-rpc/target/classes
[INFO] /tmp/tmp7wd_x016/smbj-rpc/src/main/java/com/rapid7/client/dcerpc/mssamr/SecurityAccountManagerService.java: /tmp/tmp7wd_x016/smbj-rpc/src/main/java/com/rapid7/client/dcerpc/mssamr/SecurityAccountManagerService.java uses unchecked or unsafe operations.
[INFO] /tmp/tmp7wd_x016/smbj-rpc/src/main/java/com/rapid7/client/dcerpc/mssamr/SecurityAccountManagerService.java: Recompile with -Xlint:unchecked for details.
[INFO] 
[INFO] --- maven-resources-plugin:2.6:testResources (default-testResources) @ dcerpc ---
[INFO] Using 'UTF-8' encoding to copy filtered resources.
[INFO] skip non existing resourceDirectory /tmp/tmp7wd_x016/smbj-rpc/src/test/resources
[INFO] 
[INFO] --- maven-compiler-plugin:3.7.0:testCompile (default-testCompile) @ dcerpc ---
[INFO] Changes detected - recompiling the module!
[INFO] Compiling 147 source files to /tmp/tmp7wd_x016/smbj-rpc/target/test-classes
[INFO] /tmp/tmp7wd_x016/smbj-rpc/src/test/java/com/rapid7/client/dcerpc/msrrp/Test_RegistryService.java: /tmp/tmp7wd_x016/smbj-rpc/src/test/java/com/rapid7/client/dcerpc/msrrp/Test_RegistryService.java uses unchecked or unsafe operations.
[INFO] /tmp/tmp7wd_x016/smbj-rpc/src/test/java/com/rapid7/client/dcerpc/msrrp/Test_RegistryService.java: Recompile with -Xlint:unchecked for details.
[INFO] 
[INFO] --- maven-surefire-plugin:2.19.1:test (default-test) @ dcerpc ---
[INFO] Surefire report directory: /tmp/tmp7wd_x016/smbj-rpc/target/surefire-reports

-------------------------------------------------------
 T E S T S
-------------------------------------------------------
Running TestSuite
Configuring TestNG with: TestNG60Configurator
Configuring TestNG with: TestNG60Configurator
Tests run: 1662, Failures: 0, Errors: 0, Skipped: 0, Time elapsed: 4.744 sec - in TestSuite

Results :

Tests run: 1662, Failures: 0, Errors: 0, Skipped: 0

[INFO] 
[INFO] --- jacoco-maven-plugin:0.8.5:report (report) @ dcerpc ---
[INFO] Loading execution data file /tmp/tmp7wd_x016/smbj-rpc/target/jacoco.exec
[INFO] Analyzed bundle 'dcerpc' with 447 classes
[INFO] ------------------------------------------------------------------------
[INFO] BUILD SUCCESS
[INFO] ------------------------------------------------------------------------
[INFO] Total time:  33.019 s
[INFO] Finished at: 2020-07-30T20:09:40Z
[INFO] ------------------------------------------------------------------------
