[INFO] Error stacktraces are turned on.
[INFO] Scanning for projects...
[INFO] 
[INFO] -------------------------< groupId:Redecheck >--------------------------
[INFO] Building Redecheck 1.0-SNAPSHOT
[INFO] --------------------------------[ jar ]---------------------------------
[INFO] 
[INFO] --- jacoco-maven-plugin:0.8.5:prepare-agent (default) @ Redecheck ---
[INFO] argLine set to -javaagent:/home/jdbl/.m2/repository/org/jacoco/org.jacoco.agent/0.8.5/org.jacoco.agent-0.8.5-runtime.jar=destfile=/tmp/tmp9ny65_8f/redecheck/target/jacoco.exec
[INFO] 
[INFO] --- maven-resources-plugin:2.6:resources (default-resources) @ Redecheck ---
[WARNING] Using platform encoding (UTF-8 actually) to copy filtered resources, i.e. build is platform dependent!
[INFO] skip non existing resourceDirectory /tmp/tmp9ny65_8f/redecheck/src/main/resources
[INFO] 
[INFO] --- maven-compiler-plugin:3.1:compile (default-compile) @ Redecheck ---
[INFO] Changes detected - recompiling the module!
[WARNING] File encoding has not been set, using platform encoding UTF-8, i.e. build is platform dependent!
[INFO] Compiling 84 source files to /tmp/tmp9ny65_8f/redecheck/target/classes
[WARNING] /tmp/tmp9ny65_8f/redecheck/src/main/java/edu/gatech/xpert/dom/layout/AlignmentGraph.java: Some input files use unchecked or unsafe operations.
[WARNING] /tmp/tmp9ny65_8f/redecheck/src/main/java/edu/gatech/xpert/dom/layout/AlignmentGraph.java: Recompile with -Xlint:unchecked for details.
[INFO] 
[INFO] --- maven-resources-plugin:2.6:testResources (default-testResources) @ Redecheck ---
[WARNING] Using platform encoding (UTF-8 actually) to copy filtered resources, i.e. build is platform dependent!
[INFO] skip non existing resourceDirectory /tmp/tmp9ny65_8f/redecheck/src/test/resources
[INFO] 
[INFO] --- maven-compiler-plugin:3.1:testCompile (default-testCompile) @ Redecheck ---
[INFO] Changes detected - recompiling the module!
[WARNING] File encoding has not been set, using platform encoding UTF-8, i.e. build is platform dependent!
[INFO] Compiling 13 source files to /tmp/tmp9ny65_8f/redecheck/target/test-classes
[WARNING] /tmp/tmp9ny65_8f/redecheck/src/test/java/shef/analysis/RLGAnalyserTest.java: /tmp/tmp9ny65_8f/redecheck/src/test/java/shef/analysis/RLGAnalyserTest.java uses unchecked or unsafe operations.
[WARNING] /tmp/tmp9ny65_8f/redecheck/src/test/java/shef/analysis/RLGAnalyserTest.java: Recompile with -Xlint:unchecked for details.
[INFO] 
[INFO] --- maven-surefire-plugin:2.19.1:test (default-test) @ Redecheck ---
[INFO] Surefire report directory: /tmp/tmp9ny65_8f/redecheck/target/surefire-reports

-------------------------------------------------------
 T E S T S
-------------------------------------------------------
Running shef.rlg.AlignmentConstraintTest
Tests run: 26, Failures: 0, Errors: 0, Skipped: 0, Time elapsed: 0.506 sec - in shef.rlg.AlignmentConstraintTest
Running shef.rlg.ResponsiveLayoutGraphTest
Tests run: 23, Failures: 0, Errors: 0, Skipped: 0, Time elapsed: 5.333 sec - in shef.rlg.ResponsiveLayoutGraphTest
Running shef.rlg.VisibilityConstraintTest
Tests run: 2, Failures: 0, Errors: 0, Skipped: 0, Time elapsed: 0 sec - in shef.rlg.VisibilityConstraintTest
Running shef.rlg.WidthConstraintTest
Tests run: 12, Failures: 0, Errors: 0, Skipped: 0, Time elapsed: 0 sec - in shef.rlg.WidthConstraintTest
Running shef.rlg.NodeTest
Tests run: 4, Failures: 0, Errors: 0, Skipped: 0, Time elapsed: 0.024 sec - in shef.rlg.NodeTest
Running shef.main.UtilsTest
Tests run: 3, Failures: 0, Errors: 0, Skipped: 0, Time elapsed: 0.001 sec - in shef.main.UtilsTest
Running shef.analysis.RLGComparatorTest
Tests run: 14, Failures: 0, Errors: 0, Skipped: 0, Time elapsed: 0.079 sec - in shef.analysis.RLGComparatorTest
Running shef.analysis.RLGAnalyserTest
Tests run: 17, Failures: 0, Errors: 0, Skipped: 0, Time elapsed: 0.162 sec - in shef.analysis.RLGAnalyserTest
Running shef.layout.ElementTest
Tests run: 13, Failures: 0, Errors: 0, Skipped: 0, Time elapsed: 0.023 sec - in shef.layout.ElementTest
Running shef.reporting.AlignmentErrorTest
Tests run: 7, Failures: 0, Errors: 0, Skipped: 0, Time elapsed: 0.042 sec - in shef.reporting.AlignmentErrorTest
Running shef.reporting.WidthErrorTest
Tests run: 9, Failures: 0, Errors: 0, Skipped: 0, Time elapsed: 0.01 sec - in shef.reporting.WidthErrorTest
Running shef.reporting.VisibilityErrorTest
Tests run: 4, Failures: 0, Errors: 0, Skipped: 0, Time elapsed: 0.008 sec - in shef.reporting.VisibilityErrorTest

Results :

Tests run: 134, Failures: 0, Errors: 0, Skipped: 0

[INFO] 
[INFO] --- jacoco-maven-plugin:0.8.5:report (report) @ Redecheck ---
[INFO] Loading execution data file /tmp/tmp9ny65_8f/redecheck/target/jacoco.exec
[INFO] Analyzed bundle 'Redecheck' with 309 classes
[INFO] ------------------------------------------------------------------------
[INFO] BUILD SUCCESS
[INFO] ------------------------------------------------------------------------
[INFO] Total time:  05:14 min
[INFO] Finished at: 2020-07-30T20:18:56Z
[INFO] ------------------------------------------------------------------------
