[INFO] Error stacktraces are turned on.
[INFO] Scanning for projects...
[INFO] 
[INFO] ------------< com.alexkasko.springjdbc:springjdbc-iterable >------------
[INFO] Building Spring JdbcTemplate Iterable Extension Library 1.0.4-SNAPSHOT
[INFO] --------------------------------[ jar ]---------------------------------
[INFO] 
[INFO] --- maven-enforcer-plugin:1.0:enforce (enforce-maven) @ springjdbc-iterable ---
[INFO] 
[INFO] --- jacoco-maven-plugin:0.8.5:prepare-agent (default) @ springjdbc-iterable ---
[INFO] argLine set to -javaagent:/home/jdbl/.m2/repository/org/jacoco/org.jacoco.agent/0.8.5/org.jacoco.agent-0.8.5-runtime.jar=destfile=/tmp/tmp55oxxawf/springjdbc-iterable/target/jacoco.exec
[INFO] 
[INFO] --- maven-resources-plugin:2.6:resources (default-resources) @ springjdbc-iterable ---
[INFO] Using 'UTF-8' encoding to copy filtered resources.
[INFO] skip non existing resourceDirectory /tmp/tmp55oxxawf/springjdbc-iterable/src/main/resources
[INFO] 
[INFO] --- maven-compiler-plugin:2.3.1:compile (default-compile) @ springjdbc-iterable ---
[INFO] Compiling 8 source files to /tmp/tmp55oxxawf/springjdbc-iterable/target/classes
[INFO] 
[INFO] --- maven-resources-plugin:2.6:testResources (default-testResources) @ springjdbc-iterable ---
[INFO] Using 'UTF-8' encoding to copy filtered resources.
[INFO] skip non existing resourceDirectory /tmp/tmp55oxxawf/springjdbc-iterable/src/test/resources
[INFO] 
[INFO] --- maven-compiler-plugin:2.3.1:testCompile (default-testCompile) @ springjdbc-iterable ---
[INFO] Compiling 1 source file to /tmp/tmp55oxxawf/springjdbc-iterable/target/test-classes
[INFO] 
[INFO] --- maven-surefire-plugin:2.19.1:test (default-test) @ springjdbc-iterable ---
[INFO] Surefire report directory: /tmp/tmp55oxxawf/springjdbc-iterable/target/surefire-reports

-------------------------------------------------------
 T E S T S
-------------------------------------------------------
Running com.alexkasko.springjdbc.iterable.IterableNamedParameterJdbcTemplateTest
Jul 30, 2020 9:53:21 PM org.springframework.jdbc.datasource.DriverManagerDataSource setDriverClassName
INFO: Loaded JDBC driver: org.h2.Driver
Tests run: 1, Failures: 0, Errors: 0, Skipped: 0, Time elapsed: 0.767 sec - in com.alexkasko.springjdbc.iterable.IterableNamedParameterJdbcTemplateTest

Results :

Tests run: 1, Failures: 0, Errors: 0, Skipped: 0

[INFO] 
[INFO] --- jacoco-maven-plugin:0.8.5:report (report) @ springjdbc-iterable ---
[INFO] Loading execution data file /tmp/tmp55oxxawf/springjdbc-iterable/target/jacoco.exec
[INFO] Analyzed bundle 'Spring JdbcTemplate Iterable Extension Library' with 108 classes
[INFO] ------------------------------------------------------------------------
[INFO] BUILD SUCCESS
[INFO] ------------------------------------------------------------------------
[INFO] Total time:  11.509 s
[INFO] Finished at: 2020-07-30T21:53:23Z
[INFO] ------------------------------------------------------------------------
