[INFO] Error stacktraces are turned on.
[INFO] Scanning for projects...
[INFO] 
[INFO] --------------------< net.ozwolf:raml-mock-server >---------------------
[INFO] Building RAML Mock Server 2.2.0
[INFO] --------------------------------[ jar ]---------------------------------
[INFO] 
[INFO] --- jacoco-maven-plugin:0.8.5:prepare-agent (default) @ raml-mock-server ---
[INFO] argLine set to -javaagent:/home/jdbl/.m2/repository/org/jacoco/org.jacoco.agent/0.8.5/org.jacoco.agent-0.8.5-runtime.jar=destfile=/tmp/tmpp_3ccgef/raml-mock-server/target/jacoco.exec
[INFO] 
[INFO] --- maven-resources-plugin:2.6:resources (default-resources) @ raml-mock-server ---
[INFO] Using 'UTF-8' encoding to copy filtered resources.
[INFO] skip non existing resourceDirectory /tmp/tmpp_3ccgef/raml-mock-server/src/main/resources
[INFO] Copying 1 resource to ../javadoc
[INFO] 
[INFO] --- maven-compiler-plugin:3.6.1:compile (default-compile) @ raml-mock-server ---
[INFO] Changes detected - recompiling the module!
[INFO] Compiling 33 source files to /tmp/tmpp_3ccgef/raml-mock-server/target/classes
[INFO] 
[INFO] --- maven-resources-plugin:2.6:testResources (default-testResources) @ raml-mock-server ---
[INFO] Using 'UTF-8' encoding to copy filtered resources.
[INFO] Copying 12 resources
[INFO] 
[INFO] --- maven-compiler-plugin:3.6.1:testCompile (default-testCompile) @ raml-mock-server ---
[INFO] Changes detected - recompiling the module!
[INFO] Compiling 27 source files to /tmp/tmpp_3ccgef/raml-mock-server/target/test-classes
[INFO] 
[INFO] --- maven-surefire-plugin:2.19.1:test (default-test) @ raml-mock-server ---
[INFO] Surefire report directory: /tmp/tmpp_3ccgef/raml-mock-server/target/surefire-reports

-------------------------------------------------------
 T E S T S
-------------------------------------------------------
Running net.ozwolf.mockserver.raml.exception.NoValidResponseExceptionTest
Tests run: 1, Failures: 0, Errors: 0, Skipped: 0, Time elapsed: 0.852 sec - in net.ozwolf.mockserver.raml.exception.NoValidResponseExceptionTest
Running net.ozwolf.mockserver.raml.exception.NoValidActionExceptionTest
Tests run: 1, Failures: 0, Errors: 0, Skipped: 0, Time elapsed: 0 sec - in net.ozwolf.mockserver.raml.exception.NoValidActionExceptionTest
Running net.ozwolf.mockserver.raml.exception.NoValidResourceExceptionTest
Tests run: 1, Failures: 0, Errors: 0, Skipped: 0, Time elapsed: 0.001 sec - in net.ozwolf.mockserver.raml.exception.NoValidResourceExceptionTest
Running net.ozwolf.mockserver.raml.specification.ClassPathSpecificationTest
Tests run: 1, Failures: 0, Errors: 0, Skipped: 0, Time elapsed: 0.471 sec - in net.ozwolf.mockserver.raml.specification.ClassPathSpecificationTest
Running net.ozwolf.mockserver.raml.specification.FilePathSpecificationTest
Tests run: 1, Failures: 0, Errors: 0, Skipped: 0, Time elapsed: 0.019 sec - in net.ozwolf.mockserver.raml.specification.FilePathSpecificationTest
Running net.ozwolf.mockserver.raml.specification.RemoteSpecificationTest
Tests run: 1, Failures: 0, Errors: 0, Skipped: 0, Time elapsed: 0.064 sec - in net.ozwolf.mockserver.raml.specification.RemoteSpecificationTest
Running net.ozwolf.mockserver.raml.ResponseObeyModeTest
Tests run: 3, Failures: 0, Errors: 0, Skipped: 0, Time elapsed: 0 sec - in net.ozwolf.mockserver.raml.ResponseObeyModeTest
Running net.ozwolf.mockserver.raml.RamlSpecificationRuleIntegrationTest
Tests run: 4, Failures: 0, Errors: 0, Skipped: 0, Time elapsed: 2.271 sec - in net.ozwolf.mockserver.raml.RamlSpecificationRuleIntegrationTest
Running net.ozwolf.mockserver.raml.handlers.RamlFileHandlerIntegrationTest
Tests run: 4, Failures: 0, Errors: 0, Skipped: 0, Time elapsed: 0.167 sec - in net.ozwolf.mockserver.raml.handlers.RamlFileHandlerIntegrationTest
Running net.ozwolf.mockserver.raml.handlers.ZipArchiveHandlerTest
Tests run: 4, Failures: 0, Errors: 0, Skipped: 0, Time elapsed: 0.033 sec - in net.ozwolf.mockserver.raml.handlers.ZipArchiveHandlerTest
Running net.ozwolf.mockserver.raml.internal.domain.body.JsonBodySpecificationTest
Tests run: 2, Failures: 0, Errors: 0, Skipped: 0, Time elapsed: 0.062 sec - in net.ozwolf.mockserver.raml.internal.domain.body.JsonBodySpecificationTest
Running net.ozwolf.mockserver.raml.internal.domain.body.DefaultBodySpecificationTest
Tests run: 1, Failures: 0, Errors: 0, Skipped: 0, Time elapsed: 0 sec - in net.ozwolf.mockserver.raml.internal.domain.body.DefaultBodySpecificationTest
Running net.ozwolf.mockserver.raml.internal.domain.ApiExpectationTest
Tests run: 13, Failures: 0, Errors: 0, Skipped: 0, Time elapsed: 0.137 sec - in net.ozwolf.mockserver.raml.internal.domain.ApiExpectationTest
Running net.ozwolf.mockserver.raml.internal.domain.ApiSpecificationTest
Tests run: 5, Failures: 0, Errors: 0, Skipped: 0, Time elapsed: 0.061 sec - in net.ozwolf.mockserver.raml.internal.domain.ApiSpecificationTest
Running net.ozwolf.mockserver.raml.internal.validator.RequestValidatorTest
Tests run: 3, Failures: 0, Errors: 0, Skipped: 0, Time elapsed: 0.02 sec - in net.ozwolf.mockserver.raml.internal.validator.RequestValidatorTest
Running net.ozwolf.mockserver.raml.internal.validator.ResponseValidatorTest
Tests run: 3, Failures: 0, Errors: 0, Skipped: 0, Time elapsed: 0 sec - in net.ozwolf.mockserver.raml.internal.validator.ResponseValidatorTest
Running net.ozwolf.mockserver.raml.internal.validator.parameters.ResponseHeaderParametersValidatorTest
Tests run: 6, Failures: 0, Errors: 0, Skipped: 0, Time elapsed: 0.021 sec - in net.ozwolf.mockserver.raml.internal.validator.parameters.ResponseHeaderParametersValidatorTest
Running net.ozwolf.mockserver.raml.internal.validator.parameters.RequestHeaderParametersValidatorTest
Tests run: 6, Failures: 0, Errors: 0, Skipped: 0, Time elapsed: 0.04 sec - in net.ozwolf.mockserver.raml.internal.validator.parameters.RequestHeaderParametersValidatorTest
Running net.ozwolf.mockserver.raml.internal.validator.parameters.RequestUriParametersValidatorTest
Tests run: 2, Failures: 0, Errors: 0, Skipped: 0, Time elapsed: 0 sec - in net.ozwolf.mockserver.raml.internal.validator.parameters.RequestUriParametersValidatorTest
Running net.ozwolf.mockserver.raml.internal.validator.parameters.RequestQueryParametersValidatorTest
Tests run: 6, Failures: 0, Errors: 0, Skipped: 0, Time elapsed: 0.001 sec - in net.ozwolf.mockserver.raml.internal.validator.parameters.RequestQueryParametersValidatorTest
Running net.ozwolf.mockserver.raml.internal.validator.body.RequestBodyValidatorTest
Tests run: 6, Failures: 0, Errors: 0, Skipped: 0, Time elapsed: 0.011 sec - in net.ozwolf.mockserver.raml.internal.validator.body.RequestBodyValidatorTest
Running net.ozwolf.mockserver.raml.internal.validator.body.ResponseBodyValidatorTest
Tests run: 4, Failures: 0, Errors: 0, Skipped: 0, Time elapsed: 0.001 sec - in net.ozwolf.mockserver.raml.internal.validator.body.ResponseBodyValidatorTest
Running net.ozwolf.mockserver.raml.internal.validator.security.RequestSecurityValidatorTest
Tests run: 3, Failures: 0, Errors: 0, Skipped: 0, Time elapsed: 0.001 sec - in net.ozwolf.mockserver.raml.internal.validator.security.RequestSecurityValidatorTest
Running net.ozwolf.mockserver.raml.internal.validator.ExpectationValidatorTest
Tests run: 2, Failures: 0, Errors: 0, Skipped: 0, Time elapsed: 0 sec - in net.ozwolf.mockserver.raml.internal.validator.ExpectationValidatorTest

Results :

Tests run: 83, Failures: 0, Errors: 0, Skipped: 0

[INFO] 
[INFO] --- jacoco-maven-plugin:0.8.5:report (report) @ raml-mock-server ---
[INFO] Loading execution data file /tmp/tmpp_3ccgef/raml-mock-server/target/jacoco.exec
[INFO] Analyzed bundle 'RAML Mock Server' with 1022 classes
[INFO] ------------------------------------------------------------------------
[INFO] BUILD SUCCESS
[INFO] ------------------------------------------------------------------------
[INFO] Total time:  33.126 s
[INFO] Finished at: 2020-07-31T08:43:50Z
[INFO] ------------------------------------------------------------------------
