[INFO] Error stacktraces are turned on.
[INFO] Scanning for projects...
[WARNING] The project com.github.AccelerationNet.access2csv:access2csv:jar:0.2-SNAPSHOT uses prerequisites which is only intended for maven-plugin projects but not for non maven-plugin projects. For such purposes you should use the maven-enforcer-plugin. See https://maven.apache.org/enforcer/enforcer-rules/requireMavenVersion.html
[INFO] 
[INFO] ----------< com.github.AccelerationNet.access2csv:access2csv >----------
[INFO] Building Access to CSV 0.2-SNAPSHOT
[INFO] --------------------------------[ jar ]---------------------------------
[INFO] 
[INFO] --- jacoco-maven-plugin:0.8.5:prepare-agent (default) @ access2csv ---
[INFO] argLine set to -javaagent:/home/jdbl/.m2/repository/org/jacoco/org.jacoco.agent/0.8.5/org.jacoco.agent-0.8.5-runtime.jar=destfile=/tmp/tmp91fq477e/access2csv/target/jacoco.exec
[INFO] 
[INFO] --- maven-resources-plugin:2.7:resources (default-resources) @ access2csv ---
[INFO] Using 'UTF-8' encoding to copy filtered resources.
[INFO] skip non existing resourceDirectory /tmp/tmp91fq477e/access2csv/src/main/resources
[INFO] 
[INFO] --- maven-compiler-plugin:3.5.1:compile (default-compile) @ access2csv ---
[INFO] Changes detected - recompiling the module!
[INFO] Compiling 1 source file to /tmp/tmp91fq477e/access2csv/target/classes
[INFO] 
[INFO] --- maven-resources-plugin:2.7:testResources (default-testResources) @ access2csv ---
[INFO] Using 'UTF-8' encoding to copy filtered resources.
[INFO] skip non existing resourceDirectory /tmp/tmp91fq477e/access2csv/src/test/resources
[INFO] 
[INFO] --- maven-compiler-plugin:3.5.1:testCompile (default-testCompile) @ access2csv ---
[INFO] Changes detected - recompiling the module!
[INFO] Compiling 1 source file to /tmp/tmp91fq477e/access2csv/target/test-classes
[INFO] 
[INFO] --- maven-surefire-plugin:2.19.1:test (default-test) @ access2csv ---
[INFO] Surefire report directory: /tmp/tmp91fq477e/access2csv/target/surefire-reports

-------------------------------------------------------
 T E S T S
-------------------------------------------------------
Running access2csv.DriverTest
Option (* = required)                    Description    
---------------------                    -----------    
--csv-prefix <A prefix to add to all     (default: )    
  of the generated CSV file names>                      
--help                                                  
* --input <File: The input accdb file.>                 
--output <File: The output directory                    
  for data files. This is required for                  
  writing data output. This not                         
  required for schema output.>                          
--quote-all [Boolean: Set quote-all to   (default: true)
  true if all values are to be quoted.                  
  Set to false if quotes are only to                    
  be applied to values which contain                    
  the separator, secape, quote, or new                  
  line characters. The default is                       
  true.]                                                
--schema [The schema is written to                      
  standard output.]                                     
--table <The table name to export, or                   
  all if it is not specified.>                          
--with-header [When with-header is                      
  included, a header line of column                     
  names is written to each data file.]                  
--write-null [The text to write when     (default: )    
  entry is NULL. Defaults to empty                      
  output if not specified or if no                      
  argument supplied. If quote-all is                    
  set to true then the value for write-                 
  null is also quoted.]                                 
Option (* = required)                    Description    
---------------------                    -----------    
--csv-prefix <A prefix to add to all     (default: )    
  of the generated CSV file names>                      
--help                                                  
* --input <File: The input accdb file.>                 
--output <File: The output directory                    
  for data files. This is required for                  
  writing data output. This not                         
  required for schema output.>                          
--quote-all [Boolean: Set quote-all to   (default: true)
  true if all values are to be quoted.                  
  Set to false if quotes are only to                    
  be applied to values which contain                    
  the separator, secape, quote, or new                  
  line characters. The default is                       
  true.]                                                
--schema [The schema is written to                      
  standard output.]                                     
--table <The table name to export, or                   
  all if it is not specified.>                          
--with-header [When with-header is                      
  included, a header line of column                     
  names is written to each data file.]                  
--write-null [The text to write when     (default: )    
  entry is NULL. Defaults to empty                      
  output if not specified or if no                      
  argument supplied. If quote-all is                    
  set to true then the value for write-                 
  null is also quoted.]                                 
Tests run: 7, Failures: 0, Errors: 0, Skipped: 4, Time elapsed: 0.165 sec - in access2csv.DriverTest

Results :

Tests run: 7, Failures: 0, Errors: 0, Skipped: 4

[INFO] 
[INFO] --- jacoco-maven-plugin:0.8.5:report (report) @ access2csv ---
[INFO] Loading execution data file /tmp/tmp91fq477e/access2csv/target/jacoco.exec
[INFO] Analyzed bundle 'Access to CSV' with 44 classes
[INFO] ------------------------------------------------------------------------
[INFO] BUILD SUCCESS
[INFO] ------------------------------------------------------------------------
[INFO] Total time:  4.251 s
[INFO] Finished at: 2020-07-30T19:01:31Z
[INFO] ------------------------------------------------------------------------
