[INFO] Error stacktraces are turned on.
[INFO] Scanning for projects...
[INFO] 
[INFO] -----------< com.github.wmixvideo:bradesco-boleto-registro >------------
[INFO] Building bradesco-boleto-registro 1.1-SNAPSHOT
[INFO] --------------------------------[ jar ]---------------------------------
[INFO] 
[INFO] --- jacoco-maven-plugin:0.8.5:prepare-agent (default) @ bradesco-boleto-registro ---
[INFO] argLine set to -javaagent:/home/jdbl/.m2/repository/org/jacoco/org.jacoco.agent/0.8.5/org.jacoco.agent-0.8.5-runtime.jar=destfile=/tmp/tmpqhglkllz/bradesco-boleto-registro/target/jacoco.exec
[INFO] 
[INFO] --- maven-resources-plugin:2.6:resources (default-resources) @ bradesco-boleto-registro ---
[INFO] Using 'UTF-8' encoding to copy filtered resources.
[INFO] skip non existing resourceDirectory /tmp/tmpqhglkllz/bradesco-boleto-registro/src/main/resources
[INFO] 
[INFO] --- maven-compiler-plugin:3.6.2:compile (default-compile) @ bradesco-boleto-registro ---
[INFO] Changes detected - recompiling the module!
[INFO] Compiling 12 source files to /tmp/tmpqhglkllz/bradesco-boleto-registro/target/classes
[INFO] 
[INFO] --- maven-resources-plugin:2.6:testResources (default-testResources) @ bradesco-boleto-registro ---
[INFO] Using 'UTF-8' encoding to copy filtered resources.
[INFO] skip non existing resourceDirectory /tmp/tmpqhglkllz/bradesco-boleto-registro/src/test/resources
[INFO] 
[INFO] --- maven-compiler-plugin:3.6.2:testCompile (default-testCompile) @ bradesco-boleto-registro ---
[INFO] Changes detected - recompiling the module!
[INFO] Compiling 4 source files to /tmp/tmpqhglkllz/bradesco-boleto-registro/target/test-classes
[INFO] 
[INFO] --- maven-surefire-plugin:2.19.1:test (default-test) @ bradesco-boleto-registro ---
[INFO] Surefire report directory: /tmp/tmpqhglkllz/bradesco-boleto-registro/target/surefire-reports

-------------------------------------------------------
 T E S T S
-------------------------------------------------------
Running com.github.wmixvideo.bradescoboleto.BBRConfigTest
Tests run: 1, Failures: 0, Errors: 0, Skipped: 0, Time elapsed: 0.035 sec - in com.github.wmixvideo.bradescoboleto.BBRConfigTest
Running com.github.wmixvideo.bradescoboleto.ws.BBRRegistroBoletoServiceTest
Tests run: 2, Failures: 0, Errors: 0, Skipped: 0, Time elapsed: 0.124 sec - in com.github.wmixvideo.bradescoboleto.ws.BBRRegistroBoletoServiceTest
Running com.github.wmixvideo.bradescoboleto.classes.BBRRegistroEntradaBoletoTest
Tests run: 5, Failures: 0, Errors: 0, Skipped: 0, Time elapsed: 0 sec - in com.github.wmixvideo.bradescoboleto.classes.BBRRegistroEntradaBoletoTest
Running com.github.wmixvideo.bradescoboleto.BBRUtilTest
Tests run: 16, Failures: 0, Errors: 0, Skipped: 0, Time elapsed: 0.095 sec - in com.github.wmixvideo.bradescoboleto.BBRUtilTest

Results :

Tests run: 24, Failures: 0, Errors: 0, Skipped: 0

[INFO] 
[INFO] --- jacoco-maven-plugin:0.8.5:report (report) @ bradesco-boleto-registro ---
[INFO] Loading execution data file /tmp/tmpqhglkllz/bradesco-boleto-registro/target/jacoco.exec
[INFO] Analyzed bundle 'bradesco-boleto-registro' with 174 classes
[INFO] ------------------------------------------------------------------------
[INFO] BUILD SUCCESS
[INFO] ------------------------------------------------------------------------
[INFO] Total time:  8.515 s
[INFO] Finished at: 2020-08-03T11:25:15Z
[INFO] ------------------------------------------------------------------------
