[INFO] Error stacktraces are turned on.
[INFO] Scanning for projects...
[INFO] 
[INFO] --< com.asherdale:FHIR-Compliant-Visualization-Tool-for-Patient-Reported-Outcomes >--
[INFO] Building FHIR-Compliant-Visualization-Tool-for-Patient-Reported-Outcomes Maven Webapp 0.0.1-SNAPSHOT
[INFO] --------------------------------[ war ]---------------------------------
[INFO] 
[INFO] --- jacoco-maven-plugin:0.8.5:prepare-agent (default) @ FHIR-Compliant-Visualization-Tool-for-Patient-Reported-Outcomes ---
[INFO] argLine set to -javaagent:/home/jdbl/.m2/repository/org/jacoco/org.jacoco.agent/0.8.5/org.jacoco.agent-0.8.5-runtime.jar=destfile=/tmp/tmpy5jp8f03/FHIR-Compliant-Visualization-Tool-for-Patient-Reported-Outcomes/target/jacoco.exec
[INFO] 
[INFO] --- maven-resources-plugin:2.6:resources (default-resources) @ FHIR-Compliant-Visualization-Tool-for-Patient-Reported-Outcomes ---
[WARNING] Using platform encoding (UTF-8 actually) to copy filtered resources, i.e. build is platform dependent!
[INFO] Copying 1 resource
[INFO] 
[INFO] --- maven-compiler-plugin:3.1:compile (default-compile) @ FHIR-Compliant-Visualization-Tool-for-Patient-Reported-Outcomes ---
[INFO] Changes detected - recompiling the module!
[WARNING] File encoding has not been set, using platform encoding UTF-8, i.e. build is platform dependent!
[INFO] Compiling 3 source files to /tmp/tmpy5jp8f03/FHIR-Compliant-Visualization-Tool-for-Patient-Reported-Outcomes/target/classes
[WARNING] /tmp/tmpy5jp8f03/FHIR-Compliant-Visualization-Tool-for-Patient-Reported-Outcomes/src/main/java/App.java: /tmp/tmpy5jp8f03/FHIR-Compliant-Visualization-Tool-for-Patient-Reported-Outcomes/src/main/java/App.java uses unchecked or unsafe operations.
[WARNING] /tmp/tmpy5jp8f03/FHIR-Compliant-Visualization-Tool-for-Patient-Reported-Outcomes/src/main/java/App.java: Recompile with -Xlint:unchecked for details.
[INFO] 
[INFO] --- maven-resources-plugin:2.6:testResources (default-testResources) @ FHIR-Compliant-Visualization-Tool-for-Patient-Reported-Outcomes ---
[WARNING] Using platform encoding (UTF-8 actually) to copy filtered resources, i.e. build is platform dependent!
[INFO] Copying 2 resources
[INFO] 
[INFO] --- maven-compiler-plugin:3.1:testCompile (default-testCompile) @ FHIR-Compliant-Visualization-Tool-for-Patient-Reported-Outcomes ---
[INFO] Changes detected - recompiling the module!
[WARNING] File encoding has not been set, using platform encoding UTF-8, i.e. build is platform dependent!
[INFO] Compiling 1 source file to /tmp/tmpy5jp8f03/FHIR-Compliant-Visualization-Tool-for-Patient-Reported-Outcomes/target/test-classes
[INFO] 
[INFO] --- maven-surefire-plugin:2.19.1:test (default-test) @ FHIR-Compliant-Visualization-Tool-for-Patient-Reported-Outcomes ---
[INFO] Surefire report directory: /tmp/tmpy5jp8f03/FHIR-Compliant-Visualization-Tool-for-Patient-Reported-Outcomes/target/surefire-reports

-------------------------------------------------------
 T E S T S
-------------------------------------------------------
Running AppTest
SLF4J: Class path contains multiple SLF4J bindings.
SLF4J: Found binding in [file:/tmp/tmpy5jp8f03/FHIR-Compliant-Visualization-Tool-for-Patient-Reported-Outcomes/target/classes/org/slf4j/impl/StaticLoggerBinder.class]
SLF4J: Found binding in [jar:file:/home/jdbl/.m2/repository/org/slf4j/slf4j-simple/1.7.12/slf4j-simple-1.7.12.jar!/org/slf4j/impl/StaticLoggerBinder.class]
SLF4J: See http://www.slf4j.org/codes.html#multiple_bindings for an explanation.
SLF4J: Actual binding is of type [org.slf4j.impl.SimpleLoggerFactory]
[main] INFO org.elasticsearch.plugins - [Valtorr] loaded [], sites []
Tests run: 1, Failures: 0, Errors: 0, Skipped: 0, Time elapsed: 1.389 sec - in AppTest

Results :

Tests run: 1, Failures: 0, Errors: 0, Skipped: 0

[INFO] 
[INFO] --- jacoco-maven-plugin:0.8.5:report (report) @ FHIR-Compliant-Visualization-Tool-for-Patient-Reported-Outcomes ---
[INFO] Loading execution data file /tmp/tmpy5jp8f03/FHIR-Compliant-Visualization-Tool-for-Patient-Reported-Outcomes/target/jacoco.exec
[INFO] Analyzed bundle 'FHIR-Compliant-Visualization-Tool-for-Patient-Reported-Outcomes Maven Webapp' with 861 classes
[INFO] ------------------------------------------------------------------------
[INFO] BUILD SUCCESS
[INFO] ------------------------------------------------------------------------
[INFO] Total time:  9.436 s
[INFO] Finished at: 2020-07-31T06:44:58Z
[INFO] ------------------------------------------------------------------------
