[INFO] Error stacktraces are turned on.
[INFO] Scanning for projects...
[INFO] 
[INFO] -----< com.github.davidepastore:liferay-journal-article-converter >-----
[INFO] Building liferay-journal-article-converter 0.1.1-SNAPSHOT
[INFO] --------------------------------[ jar ]---------------------------------
[INFO] 
[INFO] --- jacoco-maven-plugin:0.8.5:prepare-agent (default) @ liferay-journal-article-converter ---
[INFO] argLine set to -javaagent:/home/jdbl/.m2/repository/org/jacoco/org.jacoco.agent/0.8.5/org.jacoco.agent-0.8.5-runtime.jar=destfile=/tmp/tmp0j9mp1u6/liferay-journal-article-converter/target/jacoco.exec
[INFO] 
[INFO] --- maven-resources-plugin:2.6:resources (default-resources) @ liferay-journal-article-converter ---
[INFO] Using 'UTF-8' encoding to copy filtered resources.
[INFO] skip non existing resourceDirectory /tmp/tmp0j9mp1u6/liferay-journal-article-converter/src/main/resources
[INFO] 
[INFO] --- maven-compiler-plugin:3.1:compile (default-compile) @ liferay-journal-article-converter ---
[INFO] Changes detected - recompiling the module!
[INFO] Compiling 3 source files to /tmp/tmp0j9mp1u6/liferay-journal-article-converter/target/classes
[INFO] 
[INFO] --- maven-resources-plugin:2.6:testResources (default-testResources) @ liferay-journal-article-converter ---
[INFO] Using 'UTF-8' encoding to copy filtered resources.
[INFO] Copying 5 resources
[INFO] 
[INFO] --- maven-compiler-plugin:3.1:testCompile (default-testCompile) @ liferay-journal-article-converter ---
[INFO] Changes detected - recompiling the module!
[INFO] Compiling 10 source files to /tmp/tmp0j9mp1u6/liferay-journal-article-converter/target/test-classes
[WARNING] /tmp/tmp0j9mp1u6/liferay-journal-article-converter/src/test/java/com/github/davidepastore/liferay/MockedJournalArticle.java: /tmp/tmp0j9mp1u6/liferay-journal-article-converter/src/test/java/com/github/davidepastore/liferay/MockedJournalArticle.java uses or overrides a deprecated API.
[WARNING] /tmp/tmp0j9mp1u6/liferay-journal-article-converter/src/test/java/com/github/davidepastore/liferay/MockedJournalArticle.java: Recompile with -Xlint:deprecation for details.
[INFO] 
[INFO] --- maven-surefire-plugin:2.19.1:test (default-test) @ liferay-journal-article-converter ---
[INFO] Surefire report directory: /tmp/tmp0j9mp1u6/liferay-journal-article-converter/target/surefire-reports

-------------------------------------------------------
 T E S T S
-------------------------------------------------------
Running com.github.davidepastore.liferay.JournalArticleConverterTest
Tests run: 6, Failures: 0, Errors: 0, Skipped: 0, Time elapsed: 1.099 sec - in com.github.davidepastore.liferay.JournalArticleConverterTest

Results :

Tests run: 6, Failures: 0, Errors: 0, Skipped: 0

[INFO] 
[INFO] --- jacoco-maven-plugin:0.8.5:report (report) @ liferay-journal-article-converter ---
[INFO] Loading execution data file /tmp/tmp0j9mp1u6/liferay-journal-article-converter/target/jacoco.exec
[INFO] Analyzed bundle 'liferay-journal-article-converter' with 221 classes
[INFO] ------------------------------------------------------------------------
[INFO] BUILD SUCCESS
[INFO] ------------------------------------------------------------------------
[INFO] Total time:  11.521 s
[INFO] Finished at: 2020-07-30T20:31:12Z
[INFO] ------------------------------------------------------------------------
