[INFO] Error stacktraces are turned on.
[INFO] Scanning for projects...
[INFO] 
[INFO] ----------------------< com.google:nel-reporter >-----------------------
[INFO] Building Network Error Logging reporter 1.0.0-SNAPSHOT
[INFO] --------------------------------[ jar ]---------------------------------
[INFO] 
[INFO] --- maven-enforcer-plugin:1.0:enforce (enforce-maven) @ nel-reporter ---
[INFO] 
[INFO] --- maven-checkstyle-plugin:3.0.0:check (validate) @ nel-reporter ---
[INFO] 
[INFO] --- jacoco-maven-plugin:0.8.5:prepare-agent (default) @ nel-reporter ---
[INFO] argLine set to -javaagent:/home/jdbl/.m2/repository/org/jacoco/org.jacoco.agent/0.8.5/org.jacoco.agent-0.8.5-runtime.jar=destfile=/tmp/tmpixs_cq2l/nel-reporter-java/target/jacoco.exec
[INFO] 
[INFO] --- maven-resources-plugin:2.6:resources (default-resources) @ nel-reporter ---
[INFO] Using 'UTF-8' encoding to copy filtered resources.
[INFO] Copying 1 resource
[INFO] 
[INFO] --- maven-compiler-plugin:3.1:compile (default-compile) @ nel-reporter ---
[INFO] Changes detected - recompiling the module!
[INFO] Compiling 14 source files to /tmp/tmpixs_cq2l/nel-reporter-java/target/classes
[INFO] 
[INFO] --- maven-resources-plugin:2.6:testResources (default-testResources) @ nel-reporter ---
[INFO] Using 'UTF-8' encoding to copy filtered resources.
[INFO] skip non existing resourceDirectory /tmp/tmpixs_cq2l/nel-reporter-java/src/test/resources
[INFO] 
[INFO] --- maven-compiler-plugin:3.1:testCompile (default-testCompile) @ nel-reporter ---
[INFO] Changes detected - recompiling the module!
[INFO] Compiling 7 source files to /tmp/tmpixs_cq2l/nel-reporter-java/target/test-classes
[INFO] 
[INFO] --- maven-surefire-plugin:2.19.1:test (default-test) @ nel-reporter ---
[INFO] Surefire report directory: /tmp/tmpixs_cq2l/nel-reporter-java/target/surefire-reports

-------------------------------------------------------
 T E S T S
-------------------------------------------------------
Running nel.ReportingCacheTest
Tests run: 5, Failures: 0, Errors: 0, Skipped: 0, Time elapsed: 0.804 sec - in nel.ReportingCacheTest
Running nel.ClientTest
Tests run: 13, Failures: 0, Errors: 0, Skipped: 0, Time elapsed: 0.288 sec - in nel.ClientTest
Running nel.EndpointGroupTest
Tests run: 13, Failures: 0, Errors: 0, Skipped: 0, Time elapsed: 0.026 sec - in nel.EndpointGroupTest
Running nel.ReportTest
Tests run: 2, Failures: 0, Errors: 0, Skipped: 0, Time elapsed: 0.009 sec - in nel.ReportTest
Running nel.OriginMapTest
Tests run: 5, Failures: 0, Errors: 0, Skipped: 0, Time elapsed: 0 sec - in nel.OriginMapTest
Running nel.OriginTest
Tests run: 1, Failures: 0, Errors: 0, Skipped: 0, Time elapsed: 0 sec - in nel.OriginTest
Running nel.NelPolicyTest
Tests run: 13, Failures: 0, Errors: 0, Skipped: 0, Time elapsed: 0.007 sec - in nel.NelPolicyTest

Results :

Tests run: 52, Failures: 0, Errors: 0, Skipped: 0

[INFO] 
[INFO] --- jacoco-maven-plugin:0.8.5:report (report) @ nel-reporter ---
[INFO] Loading execution data file /tmp/tmpixs_cq2l/nel-reporter-java/target/jacoco.exec
[INFO] Analyzed bundle 'Network Error Logging reporter' with 272 classes
[INFO] ------------------------------------------------------------------------
[INFO] BUILD SUCCESS
[INFO] ------------------------------------------------------------------------
[INFO] Total time:  16.965 s
[INFO] Finished at: 2020-07-30T20:53:07Z
[INFO] ------------------------------------------------------------------------
