[INFO] Error stacktraces are turned on.
[INFO] Scanning for projects...
[INFO] 
[INFO] -----------------------< com.zeroflow:zeroflow >------------------------
[INFO] Building zeroflow 0.1-SNAPSHOT
[INFO] --------------------------------[ jar ]---------------------------------
[INFO] 
[INFO] --- jacoco-maven-plugin:0.8.5:prepare-agent (default) @ zeroflow ---
[INFO] argLine set to -javaagent:/home/jdbl/.m2/repository/org/jacoco/org.jacoco.agent/0.8.5/org.jacoco.agent-0.8.5-runtime.jar=destfile=/tmp/tmpp6y791ok/zeroFlow/target/jacoco.exec
[INFO] 
[INFO] --- maven-resources-plugin:2.6:resources (default-resources) @ zeroflow ---
[WARNING] Using platform encoding (UTF-8 actually) to copy filtered resources, i.e. build is platform dependent!
[INFO] Copying 1 resource
[INFO] 
[INFO] --- maven-compiler-plugin:3.1:compile (default-compile) @ zeroflow ---
[INFO] Changes detected - recompiling the module!
[WARNING] File encoding has not been set, using platform encoding UTF-8, i.e. build is platform dependent!
[INFO] Compiling 20 source files to /tmp/tmpp6y791ok/zeroFlow/target/classes
[WARNING] /tmp/tmpp6y791ok/zeroFlow/src/main/java/com/zeroflow/base/BaseFlowHandler.java: Some input files use unchecked or unsafe operations.
[WARNING] /tmp/tmpp6y791ok/zeroFlow/src/main/java/com/zeroflow/base/BaseFlowHandler.java: Recompile with -Xlint:unchecked for details.
[INFO] 
[INFO] --- maven-resources-plugin:2.6:testResources (default-testResources) @ zeroflow ---
[WARNING] Using platform encoding (UTF-8 actually) to copy filtered resources, i.e. build is platform dependent!
[INFO] skip non existing resourceDirectory /tmp/tmpp6y791ok/zeroFlow/src/test/resources
[INFO] 
[INFO] --- maven-compiler-plugin:3.1:testCompile (default-testCompile) @ zeroflow ---
[INFO] Changes detected - recompiling the module!
[WARNING] File encoding has not been set, using platform encoding UTF-8, i.e. build is platform dependent!
[INFO] Compiling 6 source files to /tmp/tmpp6y791ok/zeroFlow/target/test-classes
[WARNING] /tmp/tmpp6y791ok/zeroFlow/src/test/java/com/zeroflow/handler/TFlowHandle.java: Some input files use unchecked or unsafe operations.
[WARNING] /tmp/tmpp6y791ok/zeroFlow/src/test/java/com/zeroflow/handler/TFlowHandle.java: Recompile with -Xlint:unchecked for details.
[INFO] 
[INFO] --- maven-surefire-plugin:2.19.1:test (default-test) @ zeroflow ---
[INFO] Surefire report directory: /tmp/tmpp6y791ok/zeroFlow/target/surefire-reports

-------------------------------------------------------
 T E S T S
-------------------------------------------------------
Running com.zeroflow.test.TestFlow
23:07:33,191 |-INFO in ch.qos.logback.classic.LoggerContext[default] - Could NOT find resource [logback-test.xml]
23:07:33,191 |-INFO in ch.qos.logback.classic.LoggerContext[default] - Could NOT find resource [logback.groovy]
23:07:33,191 |-INFO in ch.qos.logback.classic.LoggerContext[default] - Found resource [logback.xml] at [file:/tmp/tmpp6y791ok/zeroFlow/target/classes/logback.xml]
23:07:33,522 |-INFO in ch.qos.logback.classic.joran.action.ConfigurationAction - debug attribute not set
23:07:33,530 |-INFO in ch.qos.logback.classic.joran.action.ConfigurationAction - Will scan for changes in [file:/tmp/tmpp6y791ok/zeroFlow/target/classes/logback.xml] 
23:07:33,530 |-INFO in ch.qos.logback.classic.joran.action.ConfigurationAction - Setting ReconfigureOnChangeTask scanning period to 1 minutes
23:07:33,534 |-INFO in ch.qos.logback.classic.joran.action.JMXConfiguratorAction - begin
23:07:33,647 |-INFO in ch.qos.logback.core.joran.action.AppenderAction - About to instantiate appender of type [ch.qos.logback.core.ConsoleAppender]
23:07:33,653 |-INFO in ch.qos.logback.core.joran.action.AppenderAction - Naming appender as [console]
23:07:33,686 |-INFO in ch.qos.logback.core.joran.action.NestedComplexPropertyIA - Assuming default type [ch.qos.logback.classic.encoder.PatternLayoutEncoder] for [encoder] property
23:07:33,872 |-INFO in ch.qos.logback.core.joran.action.AppenderAction - About to instantiate appender of type [ch.qos.logback.core.rolling.RollingFileAppender]
23:07:33,877 |-INFO in ch.qos.logback.core.joran.action.AppenderAction - Naming appender as [ERROR]
23:07:33,891 |-INFO in c.q.l.core.rolling.TimeBasedRollingPolicy@1320869181 - No compression will be used
23:07:33,893 |-INFO in c.q.l.core.rolling.TimeBasedRollingPolicy@1320869181 - Will use the pattern /home/hadmin/data/logs/src/error/%d{yyyy-MM-dd}/error-log.log for the active file
23:07:33,900 |-INFO in c.q.l.core.rolling.DefaultTimeBasedFileNamingAndTriggeringPolicy - The date pattern is 'yyyy-MM-dd' from file name pattern '/home/hadmin/data/logs/src/error/%d{yyyy-MM-dd}/error-log.log'.
23:07:33,900 |-INFO in c.q.l.core.rolling.DefaultTimeBasedFileNamingAndTriggeringPolicy - Roll-over at midnight.
23:07:33,903 |-INFO in c.q.l.core.rolling.DefaultTimeBasedFileNamingAndTriggeringPolicy - Setting initial period to Thu Jul 30 23:07:33 UTC 2020
23:07:33,905 |-INFO in ch.qos.logback.core.joran.action.NestedComplexPropertyIA - Assuming default type [ch.qos.logback.classic.encoder.PatternLayoutEncoder] for [encoder] property
23:07:33,906 |-INFO in ch.qos.logback.core.rolling.RollingFileAppender[ERROR] - Active log file name: /home/hadmin/data/logs/src/error/2020-07-30/error-log.log
23:07:33,907 |-INFO in ch.qos.logback.core.rolling.RollingFileAppender[ERROR] - File property is set to [null]
23:07:33,908 |-ERROR in ch.qos.logback.core.rolling.RollingFileAppender[ERROR] - Failed to create parent directories for [/home/hadmin/data/logs/src/error/2020-07-30/error-log.log]
23:07:33,917 |-ERROR in ch.qos.logback.core.rolling.RollingFileAppender[ERROR] - openFile(null,true) call failed. java.io.FileNotFoundException: /home/hadmin/data/logs/src/error/2020-07-30/error-log.log (No such file or directory)
	at java.io.FileNotFoundException: /home/hadmin/data/logs/src/error/2020-07-30/error-log.log (No such file or directory)
	at 	at java.io.FileOutputStream.open0(Native Method)
	at 	at java.io.FileOutputStream.open(FileOutputStream.java:270)
	at 	at java.io.FileOutputStream.<init>(FileOutputStream.java:213)
	at 	at ch.qos.logback.core.recovery.ResilientFileOutputStream.<init>(ResilientFileOutputStream.java:26)
	at 	at ch.qos.logback.core.FileAppender.openFile(FileAppender.java:204)
	at 	at ch.qos.logback.core.FileAppender.start(FileAppender.java:127)
	at 	at ch.qos.logback.core.rolling.RollingFileAppender.start(RollingFileAppender.java:100)
	at 	at ch.qos.logback.core.joran.action.AppenderAction.end(AppenderAction.java:90)
	at 	at ch.qos.logback.core.joran.spi.Interpreter.callEndAction(Interpreter.java:309)
	at 	at ch.qos.logback.core.joran.spi.Interpreter.endElement(Interpreter.java:193)
	at 	at ch.qos.logback.core.joran.spi.Interpreter.endElement(Interpreter.java:179)
	at 	at ch.qos.logback.core.joran.spi.EventPlayer.play(EventPlayer.java:62)
	at 	at ch.qos.logback.core.joran.GenericConfigurator.doConfigure(GenericConfigurator.java:165)
	at 	at ch.qos.logback.core.joran.GenericConfigurator.doConfigure(GenericConfigurator.java:152)
	at 	at ch.qos.logback.core.joran.GenericConfigurator.doConfigure(GenericConfigurator.java:110)
	at 	at ch.qos.logback.core.joran.GenericConfigurator.doConfigure(GenericConfigurator.java:53)
	at 	at ch.qos.logback.classic.util.ContextInitializer.configureByResource(ContextInitializer.java:75)
	at 	at ch.qos.logback.classic.util.ContextInitializer.autoConfig(ContextInitializer.java:150)
	at 	at org.slf4j.impl.StaticLoggerBinder.init(StaticLoggerBinder.java:84)
	at 	at org.slf4j.impl.StaticLoggerBinder.<clinit>(StaticLoggerBinder.java:55)
	at 	at org.slf4j.LoggerFactory.bind(LoggerFactory.java:150)
	at 	at org.slf4j.LoggerFactory.performInitialization(LoggerFactory.java:124)
	at 	at org.slf4j.LoggerFactory.getILoggerFactory(LoggerFactory.java:412)
	at 	at org.slf4j.LoggerFactory.getLogger(LoggerFactory.java:357)
	at 	at org.slf4j.LoggerFactory.getLogger(LoggerFactory.java:383)
	at 	at com.zeroflow.test.TestFlow.<clinit>(TestFlow.java:22)
	at 	at sun.reflect.NativeConstructorAccessorImpl.newInstance0(Native Method)
	at 	at sun.reflect.NativeConstructorAccessorImpl.newInstance(NativeConstructorAccessorImpl.java:62)
	at 	at sun.reflect.DelegatingConstructorAccessorImpl.newInstance(DelegatingConstructorAccessorImpl.java:45)
	at 	at java.lang.reflect.Constructor.newInstance(Constructor.java:423)
	at 	at org.junit.runners.BlockJUnit4ClassRunner.createTest(BlockJUnit4ClassRunner.java:217)
	at 	at org.junit.runners.BlockJUnit4ClassRunner$1.runReflectiveCall(BlockJUnit4ClassRunner.java:266)
	at 	at org.junit.internal.runners.model.ReflectiveCallable.run(ReflectiveCallable.java:12)
	at 	at org.junit.runners.BlockJUnit4ClassRunner.methodBlock(BlockJUnit4ClassRunner.java:263)
	at 	at org.junit.runners.BlockJUnit4ClassRunner.runChild(BlockJUnit4ClassRunner.java:78)
	at 	at org.junit.runners.BlockJUnit4ClassRunner.runChild(BlockJUnit4ClassRunner.java:57)
	at 	at org.junit.runners.ParentRunner$3.run(ParentRunner.java:290)
	at 	at org.junit.runners.ParentRunner$1.schedule(ParentRunner.java:71)
	at 	at org.junit.runners.ParentRunner.runChildren(ParentRunner.java:288)
	at 	at org.junit.runners.ParentRunner.access$000(ParentRunner.java:58)
	at 	at org.junit.runners.ParentRunner$2.evaluate(ParentRunner.java:268)
	at 	at org.junit.runners.ParentRunner.run(ParentRunner.java:363)
	at 	at org.apache.maven.surefire.junit4.JUnit4Provider.execute(JUnit4Provider.java:367)
	at 	at org.apache.maven.surefire.junit4.JUnit4Provider.executeWithRerun(JUnit4Provider.java:274)
	at 	at org.apache.maven.surefire.junit4.JUnit4Provider.executeTestSet(JUnit4Provider.java:238)
	at 	at org.apache.maven.surefire.junit4.JUnit4Provider.invoke(JUnit4Provider.java:161)
	at 	at org.apache.maven.surefire.booter.ForkedBooter.invokeProviderInSameClassLoader(ForkedBooter.java:290)
	at 	at org.apache.maven.surefire.booter.ForkedBooter.runSuitesInProcess(ForkedBooter.java:242)
	at 	at org.apache.maven.surefire.booter.ForkedBooter.main(ForkedBooter.java:121)
23:07:33,917 |-INFO in ch.qos.logback.core.joran.action.AppenderAction - About to instantiate appender of type [ch.qos.logback.core.rolling.RollingFileAppender]
23:07:33,917 |-INFO in ch.qos.logback.core.joran.action.AppenderAction - Naming appender as [WARN]
23:07:33,919 |-INFO in c.q.l.core.rolling.TimeBasedRollingPolicy@689448569 - No compression will be used
23:07:33,919 |-INFO in c.q.l.core.rolling.TimeBasedRollingPolicy@689448569 - Will use the pattern /home/hadmin/data/logs/src/warn/%d{yyyy-MM-dd}/warn-log.log for the active file
23:07:33,920 |-INFO in c.q.l.core.rolling.DefaultTimeBasedFileNamingAndTriggeringPolicy - The date pattern is 'yyyy-MM-dd' from file name pattern '/home/hadmin/data/logs/src/warn/%d{yyyy-MM-dd}/warn-log.log'.
23:07:33,920 |-INFO in c.q.l.core.rolling.DefaultTimeBasedFileNamingAndTriggeringPolicy - Roll-over at midnight.
23:07:33,920 |-INFO in c.q.l.core.rolling.DefaultTimeBasedFileNamingAndTriggeringPolicy - Setting initial period to Thu Jul 30 23:07:33 UTC 2020
23:07:33,920 |-INFO in ch.qos.logback.core.joran.action.NestedComplexPropertyIA - Assuming default type [ch.qos.logback.classic.encoder.PatternLayoutEncoder] for [encoder] property
23:07:33,921 |-INFO in ch.qos.logback.core.rolling.RollingFileAppender[WARN] - Active log file name: /home/hadmin/data/logs/src/warn/2020-07-30/warn-log.log
23:07:33,922 |-INFO in ch.qos.logback.core.rolling.RollingFileAppender[WARN] - File property is set to [null]
23:07:33,922 |-ERROR in ch.qos.logback.core.rolling.RollingFileAppender[WARN] - Failed to create parent directories for [/home/hadmin/data/logs/src/warn/2020-07-30/warn-log.log]
23:07:33,922 |-ERROR in ch.qos.logback.core.rolling.RollingFileAppender[WARN] - openFile(null,true) call failed. java.io.FileNotFoundException: /home/hadmin/data/logs/src/warn/2020-07-30/warn-log.log (No such file or directory)
	at java.io.FileNotFoundException: /home/hadmin/data/logs/src/warn/2020-07-30/warn-log.log (No such file or directory)
	at 	at java.io.FileOutputStream.open0(Native Method)
	at 	at java.io.FileOutputStream.open(FileOutputStream.java:270)
	at 	at java.io.FileOutputStream.<init>(FileOutputStream.java:213)
	at 	at ch.qos.logback.core.recovery.ResilientFileOutputStream.<init>(ResilientFileOutputStream.java:26)
	at 	at ch.qos.logback.core.FileAppender.openFile(FileAppender.java:204)
	at 	at ch.qos.logback.core.FileAppender.start(FileAppender.java:127)
	at 	at ch.qos.logback.core.rolling.RollingFileAppender.start(RollingFileAppender.java:100)
	at 	at ch.qos.logback.core.joran.action.AppenderAction.end(AppenderAction.java:90)
	at 	at ch.qos.logback.core.joran.spi.Interpreter.callEndAction(Interpreter.java:309)
	at 	at ch.qos.logback.core.joran.spi.Interpreter.endElement(Interpreter.java:193)
	at 	at ch.qos.logback.core.joran.spi.Interpreter.endElement(Interpreter.java:179)
	at 	at ch.qos.logback.core.joran.spi.EventPlayer.play(EventPlayer.java:62)
	at 	at ch.qos.logback.core.joran.GenericConfigurator.doConfigure(GenericConfigurator.java:165)
	at 	at ch.qos.logback.core.joran.GenericConfigurator.doConfigure(GenericConfigurator.java:152)
	at 	at ch.qos.logback.core.joran.GenericConfigurator.doConfigure(GenericConfigurator.java:110)
	at 	at ch.qos.logback.core.joran.GenericConfigurator.doConfigure(GenericConfigurator.java:53)
	at 	at ch.qos.logback.classic.util.ContextInitializer.configureByResource(ContextInitializer.java:75)
	at 	at ch.qos.logback.classic.util.ContextInitializer.autoConfig(ContextInitializer.java:150)
	at 	at org.slf4j.impl.StaticLoggerBinder.init(StaticLoggerBinder.java:84)
	at 	at org.slf4j.impl.StaticLoggerBinder.<clinit>(StaticLoggerBinder.java:55)
	at 	at org.slf4j.LoggerFactory.bind(LoggerFactory.java:150)
	at 	at org.slf4j.LoggerFactory.performInitialization(LoggerFactory.java:124)
	at 	at org.slf4j.LoggerFactory.getILoggerFactory(LoggerFactory.java:412)
	at 	at org.slf4j.LoggerFactory.getLogger(LoggerFactory.java:357)
	at 	at org.slf4j.LoggerFactory.getLogger(LoggerFactory.java:383)
	at 	at com.zeroflow.test.TestFlow.<clinit>(TestFlow.java:22)
	at 	at sun.reflect.NativeConstructorAccessorImpl.newInstance0(Native Method)
	at 	at sun.reflect.NativeConstructorAccessorImpl.newInstance(NativeConstructorAccessorImpl.java:62)
	at 	at sun.reflect.DelegatingConstructorAccessorImpl.newInstance(DelegatingConstructorAccessorImpl.java:45)
	at 	at java.lang.reflect.Constructor.newInstance(Constructor.java:423)
	at 	at org.junit.runners.BlockJUnit4ClassRunner.createTest(BlockJUnit4ClassRunner.java:217)
	at 	at org.junit.runners.BlockJUnit4ClassRunner$1.runReflectiveCall(BlockJUnit4ClassRunner.java:266)
	at 	at org.junit.internal.runners.model.ReflectiveCallable.run(ReflectiveCallable.java:12)
	at 	at org.junit.runners.BlockJUnit4ClassRunner.methodBlock(BlockJUnit4ClassRunner.java:263)
	at 	at org.junit.runners.BlockJUnit4ClassRunner.runChild(BlockJUnit4ClassRunner.java:78)
	at 	at org.junit.runners.BlockJUnit4ClassRunner.runChild(BlockJUnit4ClassRunner.java:57)
	at 	at org.junit.runners.ParentRunner$3.run(ParentRunner.java:290)
	at 	at org.junit.runners.ParentRunner$1.schedule(ParentRunner.java:71)
	at 	at org.junit.runners.ParentRunner.runChildren(ParentRunner.java:288)
	at 	at org.junit.runners.ParentRunner.access$000(ParentRunner.java:58)
	at 	at org.junit.runners.ParentRunner$2.evaluate(ParentRunner.java:268)
	at 	at org.junit.runners.ParentRunner.run(ParentRunner.java:363)
	at 	at org.apache.maven.surefire.junit4.JUnit4Provider.execute(JUnit4Provider.java:367)
	at 	at org.apache.maven.surefire.junit4.JUnit4Provider.executeWithRerun(JUnit4Provider.java:274)
	at 	at org.apache.maven.surefire.junit4.JUnit4Provider.executeTestSet(JUnit4Provider.java:238)
	at 	at org.apache.maven.surefire.junit4.JUnit4Provider.invoke(JUnit4Provider.java:161)
	at 	at org.apache.maven.surefire.booter.ForkedBooter.invokeProviderInSameClassLoader(ForkedBooter.java:290)
	at 	at org.apache.maven.surefire.booter.ForkedBooter.runSuitesInProcess(ForkedBooter.java:242)
	at 	at org.apache.maven.surefire.booter.ForkedBooter.main(ForkedBooter.java:121)
23:07:33,922 |-INFO in ch.qos.logback.core.joran.action.AppenderAction - About to instantiate appender of type [ch.qos.logback.core.rolling.RollingFileAppender]
23:07:33,922 |-INFO in ch.qos.logback.core.joran.action.AppenderAction - Naming appender as [INFO]
23:07:33,927 |-INFO in c.q.l.core.rolling.TimeBasedRollingPolicy@1472036907 - No compression will be used
23:07:33,927 |-INFO in c.q.l.core.rolling.TimeBasedRollingPolicy@1472036907 - Will use the pattern /home/hadmin/data/logs/src/info/%d{yyyy-MM-dd}/info-log.log for the active file
23:07:33,928 |-INFO in c.q.l.core.rolling.DefaultTimeBasedFileNamingAndTriggeringPolicy - The date pattern is 'yyyy-MM-dd' from file name pattern '/home/hadmin/data/logs/src/info/%d{yyyy-MM-dd}/info-log.log'.
23:07:33,928 |-INFO in c.q.l.core.rolling.DefaultTimeBasedFileNamingAndTriggeringPolicy - Roll-over at midnight.
23:07:33,928 |-INFO in c.q.l.core.rolling.DefaultTimeBasedFileNamingAndTriggeringPolicy - Setting initial period to Thu Jul 30 23:07:33 UTC 2020
23:07:33,929 |-INFO in ch.qos.logback.core.joran.action.NestedComplexPropertyIA - Assuming default type [ch.qos.logback.classic.encoder.PatternLayoutEncoder] for [encoder] property
23:07:33,930 |-INFO in ch.qos.logback.core.rolling.RollingFileAppender[INFO] - Active log file name: /home/hadmin/data/logs/src/info/2020-07-30/info-log.log
23:07:33,930 |-INFO in ch.qos.logback.core.rolling.RollingFileAppender[INFO] - File property is set to [null]
23:07:33,930 |-ERROR in ch.qos.logback.core.rolling.RollingFileAppender[INFO] - Failed to create parent directories for [/home/hadmin/data/logs/src/info/2020-07-30/info-log.log]
23:07:33,930 |-ERROR in ch.qos.logback.core.rolling.RollingFileAppender[INFO] - openFile(null,true) call failed. java.io.FileNotFoundException: /home/hadmin/data/logs/src/info/2020-07-30/info-log.log (No such file or directory)
	at java.io.FileNotFoundException: /home/hadmin/data/logs/src/info/2020-07-30/info-log.log (No such file or directory)
	at 	at java.io.FileOutputStream.open0(Native Method)
	at 	at java.io.FileOutputStream.open(FileOutputStream.java:270)
	at 	at java.io.FileOutputStream.<init>(FileOutputStream.java:213)
	at 	at ch.qos.logback.core.recovery.ResilientFileOutputStream.<init>(ResilientFileOutputStream.java:26)
	at 	at ch.qos.logback.core.FileAppender.openFile(FileAppender.java:204)
	at 	at ch.qos.logback.core.FileAppender.start(FileAppender.java:127)
	at 	at ch.qos.logback.core.rolling.RollingFileAppender.start(RollingFileAppender.java:100)
	at 	at ch.qos.logback.core.joran.action.AppenderAction.end(AppenderAction.java:90)
	at 	at ch.qos.logback.core.joran.spi.Interpreter.callEndAction(Interpreter.java:309)
	at 	at ch.qos.logback.core.joran.spi.Interpreter.endElement(Interpreter.java:193)
	at 	at ch.qos.logback.core.joran.spi.Interpreter.endElement(Interpreter.java:179)
	at 	at ch.qos.logback.core.joran.spi.EventPlayer.play(EventPlayer.java:62)
	at 	at ch.qos.logback.core.joran.GenericConfigurator.doConfigure(GenericConfigurator.java:165)
	at 	at ch.qos.logback.core.joran.GenericConfigurator.doConfigure(GenericConfigurator.java:152)
	at 	at ch.qos.logback.core.joran.GenericConfigurator.doConfigure(GenericConfigurator.java:110)
	at 	at ch.qos.logback.core.joran.GenericConfigurator.doConfigure(GenericConfigurator.java:53)
	at 	at ch.qos.logback.classic.util.ContextInitializer.configureByResource(ContextInitializer.java:75)
	at 	at ch.qos.logback.classic.util.ContextInitializer.autoConfig(ContextInitializer.java:150)
	at 	at org.slf4j.impl.StaticLoggerBinder.init(StaticLoggerBinder.java:84)
	at 	at org.slf4j.impl.StaticLoggerBinder.<clinit>(StaticLoggerBinder.java:55)
	at 	at org.slf4j.LoggerFactory.bind(LoggerFactory.java:150)
	at 	at org.slf4j.LoggerFactory.performInitialization(LoggerFactory.java:124)
	at 	at org.slf4j.LoggerFactory.getILoggerFactory(LoggerFactory.java:412)
	at 	at org.slf4j.LoggerFactory.getLogger(LoggerFactory.java:357)
	at 	at org.slf4j.LoggerFactory.getLogger(LoggerFactory.java:383)
	at 	at com.zeroflow.test.TestFlow.<clinit>(TestFlow.java:22)
	at 	at sun.reflect.NativeConstructorAccessorImpl.newInstance0(Native Method)
	at 	at sun.reflect.NativeConstructorAccessorImpl.newInstance(NativeConstructorAccessorImpl.java:62)
	at 	at sun.reflect.DelegatingConstructorAccessorImpl.newInstance(DelegatingConstructorAccessorImpl.java:45)
	at 	at java.lang.reflect.Constructor.newInstance(Constructor.java:423)
	at 	at org.junit.runners.BlockJUnit4ClassRunner.createTest(BlockJUnit4ClassRunner.java:217)
	at 	at org.junit.runners.BlockJUnit4ClassRunner$1.runReflectiveCall(BlockJUnit4ClassRunner.java:266)
	at 	at org.junit.internal.runners.model.ReflectiveCallable.run(ReflectiveCallable.java:12)
	at 	at org.junit.runners.BlockJUnit4ClassRunner.methodBlock(BlockJUnit4ClassRunner.java:263)
	at 	at org.junit.runners.BlockJUnit4ClassRunner.runChild(BlockJUnit4ClassRunner.java:78)
	at 	at org.junit.runners.BlockJUnit4ClassRunner.runChild(BlockJUnit4ClassRunner.java:57)
	at 	at org.junit.runners.ParentRunner$3.run(ParentRunner.java:290)
	at 	at org.junit.runners.ParentRunner$1.schedule(ParentRunner.java:71)
	at 	at org.junit.runners.ParentRunner.runChildren(ParentRunner.java:288)
	at 	at org.junit.runners.ParentRunner.access$000(ParentRunner.java:58)
	at 	at org.junit.runners.ParentRunner$2.evaluate(ParentRunner.java:268)
	at 	at org.junit.runners.ParentRunner.run(ParentRunner.java:363)
	at 	at org.apache.maven.surefire.junit4.JUnit4Provider.execute(JUnit4Provider.java:367)
	at 	at org.apache.maven.surefire.junit4.JUnit4Provider.executeWithRerun(JUnit4Provider.java:274)
	at 	at org.apache.maven.surefire.junit4.JUnit4Provider.executeTestSet(JUnit4Provider.java:238)
	at 	at org.apache.maven.surefire.junit4.JUnit4Provider.invoke(JUnit4Provider.java:161)
	at 	at org.apache.maven.surefire.booter.ForkedBooter.invokeProviderInSameClassLoader(ForkedBooter.java:290)
	at 	at org.apache.maven.surefire.booter.ForkedBooter.runSuitesInProcess(ForkedBooter.java:242)
	at 	at org.apache.maven.surefire.booter.ForkedBooter.main(ForkedBooter.java:121)
23:07:33,930 |-INFO in ch.qos.logback.core.joran.action.AppenderAction - About to instantiate appender of type [ch.qos.logback.core.rolling.RollingFileAppender]
23:07:33,930 |-INFO in ch.qos.logback.core.joran.action.AppenderAction - Naming appender as [DEBUG]
23:07:33,942 |-INFO in c.q.l.core.rolling.TimeBasedRollingPolicy@1555793073 - No compression will be used
23:07:33,945 |-INFO in c.q.l.core.rolling.TimeBasedRollingPolicy@1555793073 - Will use the pattern /home/hadmin/data/logs/src/debug/%d{yyyy-MM-dd}/debug-log.log for the active file
23:07:33,945 |-INFO in c.q.l.core.rolling.DefaultTimeBasedFileNamingAndTriggeringPolicy - The date pattern is 'yyyy-MM-dd' from file name pattern '/home/hadmin/data/logs/src/debug/%d{yyyy-MM-dd}/debug-log.log'.
23:07:33,945 |-INFO in c.q.l.core.rolling.DefaultTimeBasedFileNamingAndTriggeringPolicy - Roll-over at midnight.
23:07:33,945 |-INFO in c.q.l.core.rolling.DefaultTimeBasedFileNamingAndTriggeringPolicy - Setting initial period to Thu Jul 30 23:07:33 UTC 2020
23:07:33,946 |-INFO in ch.qos.logback.core.joran.action.NestedComplexPropertyIA - Assuming default type [ch.qos.logback.classic.encoder.PatternLayoutEncoder] for [encoder] property
23:07:33,946 |-INFO in ch.qos.logback.core.rolling.RollingFileAppender[DEBUG] - Active log file name: /home/hadmin/data/logs/src/debug/2020-07-30/debug-log.log
23:07:33,946 |-INFO in ch.qos.logback.core.rolling.RollingFileAppender[DEBUG] - File property is set to [null]
23:07:33,946 |-ERROR in ch.qos.logback.core.rolling.RollingFileAppender[DEBUG] - Failed to create parent directories for [/home/hadmin/data/logs/src/debug/2020-07-30/debug-log.log]
23:07:33,947 |-ERROR in ch.qos.logback.core.rolling.RollingFileAppender[DEBUG] - openFile(null,true) call failed. java.io.FileNotFoundException: /home/hadmin/data/logs/src/debug/2020-07-30/debug-log.log (No such file or directory)
	at java.io.FileNotFoundException: /home/hadmin/data/logs/src/debug/2020-07-30/debug-log.log (No such file or directory)
	at 	at java.io.FileOutputStream.open0(Native Method)
	at 	at java.io.FileOutputStream.open(FileOutputStream.java:270)
	at 	at java.io.FileOutputStream.<init>(FileOutputStream.java:213)
	at 	at ch.qos.logback.core.recovery.ResilientFileOutputStream.<init>(ResilientFileOutputStream.java:26)
	at 	at ch.qos.logback.core.FileAppender.openFile(FileAppender.java:204)
	at 	at ch.qos.logback.core.FileAppender.start(FileAppender.java:127)
	at 	at ch.qos.logback.core.rolling.RollingFileAppender.start(RollingFileAppender.java:100)
	at 	at ch.qos.logback.core.joran.action.AppenderAction.end(AppenderAction.java:90)
	at 	at ch.qos.logback.core.joran.spi.Interpreter.callEndAction(Interpreter.java:309)
	at 	at ch.qos.logback.core.joran.spi.Interpreter.endElement(Interpreter.java:193)
	at 	at ch.qos.logback.core.joran.spi.Interpreter.endElement(Interpreter.java:179)
	at 	at ch.qos.logback.core.joran.spi.EventPlayer.play(EventPlayer.java:62)
	at 	at ch.qos.logback.core.joran.GenericConfigurator.doConfigure(GenericConfigurator.java:165)
	at 	at ch.qos.logback.core.joran.GenericConfigurator.doConfigure(GenericConfigurator.java:152)
	at 	at ch.qos.logback.core.joran.GenericConfigurator.doConfigure(GenericConfigurator.java:110)
	at 	at ch.qos.logback.core.joran.GenericConfigurator.doConfigure(GenericConfigurator.java:53)
	at 	at ch.qos.logback.classic.util.ContextInitializer.configureByResource(ContextInitializer.java:75)
	at 	at ch.qos.logback.classic.util.ContextInitializer.autoConfig(ContextInitializer.java:150)
	at 	at org.slf4j.impl.StaticLoggerBinder.init(StaticLoggerBinder.java:84)
	at 	at org.slf4j.impl.StaticLoggerBinder.<clinit>(StaticLoggerBinder.java:55)
	at 	at org.slf4j.LoggerFactory.bind(LoggerFactory.java:150)
	at 	at org.slf4j.LoggerFactory.performInitialization(LoggerFactory.java:124)
	at 	at org.slf4j.LoggerFactory.getILoggerFactory(LoggerFactory.java:412)
	at 	at org.slf4j.LoggerFactory.getLogger(LoggerFactory.java:357)
	at 	at org.slf4j.LoggerFactory.getLogger(LoggerFactory.java:383)
	at 	at com.zeroflow.test.TestFlow.<clinit>(TestFlow.java:22)
	at 	at sun.reflect.NativeConstructorAccessorImpl.newInstance0(Native Method)
	at 	at sun.reflect.NativeConstructorAccessorImpl.newInstance(NativeConstructorAccessorImpl.java:62)
	at 	at sun.reflect.DelegatingConstructorAccessorImpl.newInstance(DelegatingConstructorAccessorImpl.java:45)
	at 	at java.lang.reflect.Constructor.newInstance(Constructor.java:423)
	at 	at org.junit.runners.BlockJUnit4ClassRunner.createTest(BlockJUnit4ClassRunner.java:217)
	at 	at org.junit.runners.BlockJUnit4ClassRunner$1.runReflectiveCall(BlockJUnit4ClassRunner.java:266)
	at 	at org.junit.internal.runners.model.ReflectiveCallable.run(ReflectiveCallable.java:12)
	at 	at org.junit.runners.BlockJUnit4ClassRunner.methodBlock(BlockJUnit4ClassRunner.java:263)
	at 	at org.junit.runners.BlockJUnit4ClassRunner.runChild(BlockJUnit4ClassRunner.java:78)
	at 	at org.junit.runners.BlockJUnit4ClassRunner.runChild(BlockJUnit4ClassRunner.java:57)
	at 	at org.junit.runners.ParentRunner$3.run(ParentRunner.java:290)
	at 	at org.junit.runners.ParentRunner$1.schedule(ParentRunner.java:71)
	at 	at org.junit.runners.ParentRunner.runChildren(ParentRunner.java:288)
	at 	at org.junit.runners.ParentRunner.access$000(ParentRunner.java:58)
	at 	at org.junit.runners.ParentRunner$2.evaluate(ParentRunner.java:268)
	at 	at org.junit.runners.ParentRunner.run(ParentRunner.java:363)
	at 	at org.apache.maven.surefire.junit4.JUnit4Provider.execute(JUnit4Provider.java:367)
	at 	at org.apache.maven.surefire.junit4.JUnit4Provider.executeWithRerun(JUnit4Provider.java:274)
	at 	at org.apache.maven.surefire.junit4.JUnit4Provider.executeTestSet(JUnit4Provider.java:238)
	at 	at org.apache.maven.surefire.junit4.JUnit4Provider.invoke(JUnit4Provider.java:161)
	at 	at org.apache.maven.surefire.booter.ForkedBooter.invokeProviderInSameClassLoader(ForkedBooter.java:290)
	at 	at org.apache.maven.surefire.booter.ForkedBooter.runSuitesInProcess(ForkedBooter.java:242)
	at 	at org.apache.maven.surefire.booter.ForkedBooter.main(ForkedBooter.java:121)
23:07:33,947 |-INFO in ch.qos.logback.core.joran.action.AppenderAction - About to instantiate appender of type [ch.qos.logback.core.rolling.RollingFileAppender]
23:07:33,947 |-INFO in ch.qos.logback.core.joran.action.AppenderAction - Naming appender as [TRACE]
23:07:33,948 |-INFO in c.q.l.core.rolling.TimeBasedRollingPolicy@46627301 - No compression will be used
23:07:33,948 |-INFO in c.q.l.core.rolling.TimeBasedRollingPolicy@46627301 - Will use the pattern /home/hadmin/data/logs/src/trace/%d{yyyy-MM-dd}/trace-log.log for the active file
23:07:33,948 |-INFO in c.q.l.core.rolling.DefaultTimeBasedFileNamingAndTriggeringPolicy - The date pattern is 'yyyy-MM-dd' from file name pattern '/home/hadmin/data/logs/src/trace/%d{yyyy-MM-dd}/trace-log.log'.
23:07:33,948 |-INFO in c.q.l.core.rolling.DefaultTimeBasedFileNamingAndTriggeringPolicy - Roll-over at midnight.
23:07:33,948 |-INFO in c.q.l.core.rolling.DefaultTimeBasedFileNamingAndTriggeringPolicy - Setting initial period to Thu Jul 30 23:07:33 UTC 2020
23:07:33,949 |-INFO in ch.qos.logback.core.joran.action.NestedComplexPropertyIA - Assuming default type [ch.qos.logback.classic.encoder.PatternLayoutEncoder] for [encoder] property
23:07:33,949 |-INFO in ch.qos.logback.core.rolling.RollingFileAppender[TRACE] - Active log file name: /home/hadmin/data/logs/src/trace/2020-07-30/trace-log.log
23:07:33,949 |-INFO in ch.qos.logback.core.rolling.RollingFileAppender[TRACE] - File property is set to [null]
23:07:33,950 |-ERROR in ch.qos.logback.core.rolling.RollingFileAppender[TRACE] - Failed to create parent directories for [/home/hadmin/data/logs/src/trace/2020-07-30/trace-log.log]
23:07:33,950 |-ERROR in ch.qos.logback.core.rolling.RollingFileAppender[TRACE] - openFile(null,true) call failed. java.io.FileNotFoundException: /home/hadmin/data/logs/src/trace/2020-07-30/trace-log.log (No such file or directory)
	at java.io.FileNotFoundException: /home/hadmin/data/logs/src/trace/2020-07-30/trace-log.log (No such file or directory)
	at 	at java.io.FileOutputStream.open0(Native Method)
	at 	at java.io.FileOutputStream.open(FileOutputStream.java:270)
	at 	at java.io.FileOutputStream.<init>(FileOutputStream.java:213)
	at 	at ch.qos.logback.core.recovery.ResilientFileOutputStream.<init>(ResilientFileOutputStream.java:26)
	at 	at ch.qos.logback.core.FileAppender.openFile(FileAppender.java:204)
	at 	at ch.qos.logback.core.FileAppender.start(FileAppender.java:127)
	at 	at ch.qos.logback.core.rolling.RollingFileAppender.start(RollingFileAppender.java:100)
	at 	at ch.qos.logback.core.joran.action.AppenderAction.end(AppenderAction.java:90)
	at 	at ch.qos.logback.core.joran.spi.Interpreter.callEndAction(Interpreter.java:309)
	at 	at ch.qos.logback.core.joran.spi.Interpreter.endElement(Interpreter.java:193)
	at 	at ch.qos.logback.core.joran.spi.Interpreter.endElement(Interpreter.java:179)
	at 	at ch.qos.logback.core.joran.spi.EventPlayer.play(EventPlayer.java:62)
	at 	at ch.qos.logback.core.joran.GenericConfigurator.doConfigure(GenericConfigurator.java:165)
	at 	at ch.qos.logback.core.joran.GenericConfigurator.doConfigure(GenericConfigurator.java:152)
	at 	at ch.qos.logback.core.joran.GenericConfigurator.doConfigure(GenericConfigurator.java:110)
	at 	at ch.qos.logback.core.joran.GenericConfigurator.doConfigure(GenericConfigurator.java:53)
	at 	at ch.qos.logback.classic.util.ContextInitializer.configureByResource(ContextInitializer.java:75)
	at 	at ch.qos.logback.classic.util.ContextInitializer.autoConfig(ContextInitializer.java:150)
	at 	at org.slf4j.impl.StaticLoggerBinder.init(StaticLoggerBinder.java:84)
	at 	at org.slf4j.impl.StaticLoggerBinder.<clinit>(StaticLoggerBinder.java:55)
	at 	at org.slf4j.LoggerFactory.bind(LoggerFactory.java:150)
	at 	at org.slf4j.LoggerFactory.performInitialization(LoggerFactory.java:124)
	at 	at org.slf4j.LoggerFactory.getILoggerFactory(LoggerFactory.java:412)
	at 	at org.slf4j.LoggerFactory.getLogger(LoggerFactory.java:357)
	at 	at org.slf4j.LoggerFactory.getLogger(LoggerFactory.java:383)
	at 	at com.zeroflow.test.TestFlow.<clinit>(TestFlow.java:22)
	at 	at sun.reflect.NativeConstructorAccessorImpl.newInstance0(Native Method)
	at 	at sun.reflect.NativeConstructorAccessorImpl.newInstance(NativeConstructorAccessorImpl.java:62)
	at 	at sun.reflect.DelegatingConstructorAccessorImpl.newInstance(DelegatingConstructorAccessorImpl.java:45)
	at 	at java.lang.reflect.Constructor.newInstance(Constructor.java:423)
	at 	at org.junit.runners.BlockJUnit4ClassRunner.createTest(BlockJUnit4ClassRunner.java:217)
	at 	at org.junit.runners.BlockJUnit4ClassRunner$1.runReflectiveCall(BlockJUnit4ClassRunner.java:266)
	at 	at org.junit.internal.runners.model.ReflectiveCallable.run(ReflectiveCallable.java:12)
	at 	at org.junit.runners.BlockJUnit4ClassRunner.methodBlock(BlockJUnit4ClassRunner.java:263)
	at 	at org.junit.runners.BlockJUnit4ClassRunner.runChild(BlockJUnit4ClassRunner.java:78)
	at 	at org.junit.runners.BlockJUnit4ClassRunner.runChild(BlockJUnit4ClassRunner.java:57)
	at 	at org.junit.runners.ParentRunner$3.run(ParentRunner.java:290)
	at 	at org.junit.runners.ParentRunner$1.schedule(ParentRunner.java:71)
	at 	at org.junit.runners.ParentRunner.runChildren(ParentRunner.java:288)
	at 	at org.junit.runners.ParentRunner.access$000(ParentRunner.java:58)
	at 	at org.junit.runners.ParentRunner$2.evaluate(ParentRunner.java:268)
	at 	at org.junit.runners.ParentRunner.run(ParentRunner.java:363)
	at 	at org.apache.maven.surefire.junit4.JUnit4Provider.execute(JUnit4Provider.java:367)
	at 	at org.apache.maven.surefire.junit4.JUnit4Provider.executeWithRerun(JUnit4Provider.java:274)
	at 	at org.apache.maven.surefire.junit4.JUnit4Provider.executeTestSet(JUnit4Provider.java:238)
	at 	at org.apache.maven.surefire.junit4.JUnit4Provider.invoke(JUnit4Provider.java:161)
	at 	at org.apache.maven.surefire.booter.ForkedBooter.invokeProviderInSameClassLoader(ForkedBooter.java:290)
	at 	at org.apache.maven.surefire.booter.ForkedBooter.runSuitesInProcess(ForkedBooter.java:242)
	at 	at org.apache.maven.surefire.booter.ForkedBooter.main(ForkedBooter.java:121)
23:07:33,950 |-INFO in ch.qos.logback.classic.joran.action.LevelAction - ROOT level set to INFO
23:07:33,950 |-INFO in ch.qos.logback.core.joran.action.AppenderRefAction - Attaching appender named [console] to Logger[ROOT]
23:07:33,951 |-INFO in ch.qos.logback.classic.joran.action.ConfigurationAction - End of configuration.
23:07:33,951 |-INFO in ch.qos.logback.classic.joran.JoranConfigurator@6a84bc2a - Registering current configuration as safe fallback point

2020-07-30 23:07:34.013 INFO  com.zeroflow.test.TestFlow - [TestFlow-singleRetry] msg=重试单条记录
2020-07-30 23:07:34.048 INFO  com.zeroflow.handler.TFlowLogHandler - [TflowInvoker-getErrorLogList] msg=读取重试列表数据
2020-07-30 23:07:34.684 INFO  com.zeroflow.invoke.RetryInvoke - [BaseRetryInvoke-invoke] msg=执行指定流程批量重试 other={"logNum":1,"flow":"com.zeroflow.handler.TFlowHandle"} 
2020-07-30 23:07:34.735 INFO  com.zeroflow.invoke.RetryInvoke - [BaseRetryInvoke-invoke] msg=重试日志记录 other={"log":{"code":0,"user_id":0,"context":"{\"flowName\":\"com.zeroflow.handler.T2FlowHandle\",\"t2Result\":\"i am retry\",\"t3Result\":[],\"uniqueCode\":\"uuid:123456789\",\"userID\":00000001}","command_record":"[\"T2\"]","id":0,"type":0,"flowName":"com.zeroflow.handler.T2FlowHandle","retry_num":0},"flow":"com.zeroflow.handler.TFlowHandle"} 
2020-07-30 23:07:34.854 INFO  com.zeroflow.base.BaseFlowHandler - [BaseFlowHandler-registerUnit] msg=com.zeroflow.handler.TFlowHandle注册流程单元信息成功
2020-07-30 23:07:34.882 INFO  com.zeroflow.base.BaseFlowHandler - [BaseFlowHandler-execCommandList] json={"flow_name":"com.zeroflow.handler.TFlowHandle","userId":1,"unique_code":"uuid:123456789"} msg=执行命令列表 other={"commandList":["T1","T2","T3"]} 
2020-07-30 23:07:34.882 INFO  com.zeroflow.base.BaseFlowHandler - [execCommand] json={"flow_name":"com.zeroflow.handler.TFlowHandle","userId":1,"unique_code":"uuid:123456789","command":"T1"} msg=执行命令:T1
2020-07-30 23:07:34.882 INFO  com.zeroflow.handler.TFlowHandle - [TFlowHandle] msg=######T1
2020-07-30 23:07:35.183 INFO  com.zeroflow.bizservice.TestBiz - [TestBiz] json={"input-userId":123456} msg=T1-Result
2020-07-30 23:07:35.183 INFO  com.zeroflow.base.BaseFlowHandler - [execCommand] json={"flow_name":"com.zeroflow.handler.TFlowHandle","userId":1,"unique_code":"uuid:123456789","command":"T2"} msg=执行命令:T2
2020-07-30 23:07:35.183 INFO  com.zeroflow.base.BaseFlowHandler - [BaseFlowHandler-execCommand] json={"flow_name":"com.zeroflow.handler.TFlowHandle","userId":1,"unique_code":"uuid:123456789","command":"T2"} msg=重试流程：T2命令已执行
2020-07-30 23:07:35.184 INFO  com.zeroflow.base.BaseFlowHandler - [execCommand] json={"flow_name":"com.zeroflow.handler.TFlowHandle","userId":1,"unique_code":"uuid:123456789","command":"T3"} msg=执行命令:T3
2020-07-30 23:07:35.184 INFO  com.zeroflow.handler.TFlowHandle - [TFlowHandle] msg=######T3
2020-07-30 23:07:35.185 INFO  com.zeroflow.bizservice.TestBiz - [TestBiz] json={"result":["A1","A2","A3"],"text":"hi,我是T3"} msg=T3-Result
2020-07-30 23:07:35.186 INFO  com.zeroflow.handler.TFlowLogHandler - [TflowInvoker-updateExceptionLog] msg=更新错误日志数据 other={"log":{"code":0,"user_id":0,"context":"{\"flowName\":\"com.zeroflow.handler.T2FlowHandle\",\"t2Result\":\"i am retry\",\"t3Result\":[],\"uniqueCode\":\"uuid:123456789\",\"userID\":00000001}","command_record":"[\"T2\"]","id":0,"type":0,"flowName":"com.zeroflow.handler.T2FlowHandle","retry_num":1}} 
2020-07-30 23:07:35.187 INFO  com.zeroflow.invoke.RetryInvoke - [BaseRetryInvoke-invoke] msg=重试日志记录 other={"log":{"code":0,"user_id":0,"context":"{\"flowName\":\"com.zeroflow.handler.T2FlowHandle\",\"t2Result\":\"i am singleRetry\",\"t3Result\":[],\"uniqueCode\":\"uuid:11111\",\"userID\":00000002}","command_record":"[\"T2\"]","id":0,"type":0,"retry_num":0},"flow":"com.zeroflow.handler.T2FlowHandle"} 
2020-07-30 23:07:35.188 INFO  com.zeroflow.base.BaseFlowHandler - [BaseFlowHandler-registerUnit] msg=com.zeroflow.handler.T2FlowHandle注册流程单元信息成功
2020-07-30 23:07:35.188 INFO  com.zeroflow.base.BaseFlowHandler - [BaseFlowHandler-execCommandList] json={"flow_name":"com.zeroflow.handler.T2FlowHandle","userId":2,"unique_code":"uuid:11111"} msg=执行命令列表 other={"commandList":["T1","T2","T3","T5","T6"]} 
2020-07-30 23:07:35.188 INFO  com.zeroflow.base.BaseFlowHandler - [execCommand] json={"flow_name":"com.zeroflow.handler.T2FlowHandle","userId":2,"unique_code":"uuid:11111","command":"T1"} msg=执行命令:T1
2020-07-30 23:07:35.188 INFO  com.zeroflow.handler.T2FlowHandle - [T2FlowHandle] msg=######T1
2020-07-30 23:07:35.489 INFO  com.zeroflow.bizservice.TestBiz - [TestBiz] json={"input-userId":3333} msg=T1-Result
2020-07-30 23:07:35.489 INFO  com.zeroflow.base.BaseFlowHandler - [execCommand] json={"flow_name":"com.zeroflow.handler.T2FlowHandle","userId":2,"unique_code":"uuid:11111","command":"T2"} msg=执行命令:T2
2020-07-30 23:07:35.489 INFO  com.zeroflow.base.BaseFlowHandler - [BaseFlowHandler-execCommand] json={"flow_name":"com.zeroflow.handler.T2FlowHandle","userId":2,"unique_code":"uuid:11111","command":"T2"} msg=重试流程：T2命令已执行
2020-07-30 23:07:35.490 INFO  com.zeroflow.base.BaseFlowHandler - [execCommand] json={"flow_name":"com.zeroflow.handler.T2FlowHandle","userId":2,"unique_code":"uuid:11111","command":"T3"} msg=执行命令:T3
2020-07-30 23:07:35.490 INFO  com.zeroflow.handler.TFlowHandle - [TFlowHandle] msg=######T3
2020-07-30 23:07:35.490 INFO  com.zeroflow.bizservice.TestBiz - [TestBiz] json={"result":["A1","A2","A3"],"text":"hi,我是T3"} msg=T3-Result
2020-07-30 23:07:35.490 INFO  com.zeroflow.base.BaseFlowHandler - [execCommand] json={"flow_name":"com.zeroflow.handler.T2FlowHandle","userId":2,"unique_code":"uuid:11111","command":"T5"} msg=执行命令:T5
2020-07-30 23:07:35.490 INFO  com.zeroflow.handler.T2FlowHandle - [T2FlowHandle] msg=######T5
2020-07-30 23:07:35.540 INFO  com.zeroflow.bizservice.TestBiz - [TestBiz] json={"result":"hi,我是T2"} msg=T2-Result
2020-07-30 23:07:35.541 INFO  com.zeroflow.base.BaseFlowHandler - [execCommand] json={"flow_name":"com.zeroflow.handler.T2FlowHandle","userId":2,"unique_code":"uuid:11111","command":"T6"} msg=执行命令:T6
2020-07-30 23:07:35.541 INFO  com.zeroflow.handler.T2FlowHandle - [T2FlowHandle] msg=######T6
2020-07-30 23:07:35.541 INFO  com.zeroflow.bizservice.TestBiz - [TestBiz] json={"result":["A1","A2","A3"],"text":"hi,我是T3"} msg=T3-Result
2020-07-30 23:07:35.541 INFO  com.zeroflow.handler.TFlowLogHandler - [TflowInvoker-updateExceptionLog] msg=更新错误日志数据 other={"log":{"code":0,"user_id":0,"context":"{\"flowName\":\"com.zeroflow.handler.T2FlowHandle\",\"t2Result\":\"i am singleRetry\",\"t3Result\":[],\"uniqueCode\":\"uuid:11111\",\"userID\":00000002}","command_record":"[\"T2\"]","id":0,"type":0,"retry_num":1}} 
2020-07-30 23:07:35.543 INFO  com.zeroflow.test.TestFlow - [TestFlow-execFlowT2] msg=执行流程
2020-07-30 23:07:35.543 INFO  com.zeroflow.base.BaseFlowHandler - [BaseFlowHandler-execCommandList] json={"flow_name":"com.zeroflow.handler.T2FlowHandle","userId":123456,"unique_code":"uuid:123456789"} msg=执行命令列表 other={"commandList":["T1","T2","T3","T5","T6"]} 
2020-07-30 23:07:35.544 INFO  com.zeroflow.base.BaseFlowHandler - [execCommand] json={"flow_name":"com.zeroflow.handler.T2FlowHandle","userId":123456,"unique_code":"uuid:123456789","command":"T1"} msg=执行命令:T1
2020-07-30 23:07:35.544 INFO  com.zeroflow.handler.T2FlowHandle - [T2FlowHandle] msg=######T1
2020-07-30 23:07:35.844 INFO  com.zeroflow.bizservice.TestBiz - [TestBiz] json={"input-userId":3333} msg=T1-Result
2020-07-30 23:07:35.844 INFO  com.zeroflow.base.BaseFlowHandler - [execCommand] json={"flow_name":"com.zeroflow.handler.T2FlowHandle","userId":123456,"unique_code":"uuid:123456789","command":"T2"} msg=执行命令:T2
2020-07-30 23:07:35.845 INFO  com.zeroflow.handler.TFlowHandle - [TFlowHandle] msg=######T2
2020-07-30 23:07:35.895 INFO  com.zeroflow.bizservice.TestBiz - [TestBiz] json={"result":"hi,我是T2"} msg=T2-Result
2020-07-30 23:07:35.895 INFO  com.zeroflow.base.BaseFlowHandler - [execCommand] json={"flow_name":"com.zeroflow.handler.T2FlowHandle","userId":123456,"unique_code":"uuid:123456789","command":"T3"} msg=执行命令:T3
2020-07-30 23:07:35.896 INFO  com.zeroflow.handler.TFlowHandle - [TFlowHandle] msg=######T3
2020-07-30 23:07:35.896 INFO  com.zeroflow.bizservice.TestBiz - [TestBiz] json={"result":["A1","A2","A3"],"text":"hi,我是T3"} msg=T3-Result
2020-07-30 23:07:35.896 INFO  com.zeroflow.base.BaseFlowHandler - [execCommand] json={"flow_name":"com.zeroflow.handler.T2FlowHandle","userId":123456,"unique_code":"uuid:123456789","command":"T5"} msg=执行命令:T5
2020-07-30 23:07:35.896 INFO  com.zeroflow.handler.T2FlowHandle - [T2FlowHandle] msg=######T5
2020-07-30 23:07:35.946 INFO  com.zeroflow.bizservice.TestBiz - [TestBiz] json={"result":"hi,我是T2"} msg=T2-Result
2020-07-30 23:07:35.947 INFO  com.zeroflow.base.BaseFlowHandler - [execCommand] json={"flow_name":"com.zeroflow.handler.T2FlowHandle","userId":123456,"unique_code":"uuid:123456789","command":"T6"} msg=执行命令:T6
2020-07-30 23:07:35.947 INFO  com.zeroflow.handler.T2FlowHandle - [T2FlowHandle] msg=######T6
2020-07-30 23:07:35.947 INFO  com.zeroflow.bizservice.TestBiz - [TestBiz] json={"result":["A1","A2","A3"],"text":"hi,我是T3"} msg=T3-Result
2020-07-30 23:07:35.958 INFO  com.zeroflow.test.TestFlow - [TestFlow-execFlowT2] json={"result":{"msg":"成功","code":200,"data":{"t3Result":["A1","A2","A3"],"uniqueCode":"uuid:123456789","t2Result":"hi,我是T2","flowName":"com.zeroflow.handler.T2FlowHandle","userID":123456}}} msg=流程执行结果
2020-07-30 23:07:35.959 INFO  com.zeroflow.test.TestFlow - [TestFlow-retry] msg=执行重试流程
2020-07-30 23:07:35.960 INFO  com.zeroflow.handler.TFlowLogHandler - [TflowInvoker-getErrorLogList] msg=读取重试列表数据
2020-07-30 23:07:35.960 INFO  com.zeroflow.invoke.RetryInvoke - [BaseRetryInvoke-invoke-Info] msg=执行批量重试 other={"logNum":1} 
2020-07-30 23:07:35.960 INFO  com.zeroflow.invoke.RetryInvoke - [BaseRetryInvoke-invoke] msg=重试日志记录 other={"log":{"code":0,"user_id":0,"context":"{\"flowName\":\"com.zeroflow.handler.T2FlowHandle\",\"t2Result\":\"i am retry\",\"t3Result\":[],\"uniqueCode\":\"uuid:123456789\",\"userID\":00000001}","command_record":"[\"T2\"]","id":0,"type":0,"flowName":"com.zeroflow.handler.T2FlowHandle","retry_num":0}} 
2020-07-30 23:07:35.963 INFO  com.zeroflow.base.BaseFlowHandler - [BaseFlowHandler-execCommandList] json={"flow_name":"com.zeroflow.handler.T2FlowHandle","userId":1,"unique_code":"uuid:123456789"} msg=执行命令列表 other={"commandList":["T1","T2","T3","T5","T6"]} 
2020-07-30 23:07:35.963 INFO  com.zeroflow.base.BaseFlowHandler - [execCommand] json={"flow_name":"com.zeroflow.handler.T2FlowHandle","userId":1,"unique_code":"uuid:123456789","command":"T1"} msg=执行命令:T1
2020-07-30 23:07:35.963 INFO  com.zeroflow.handler.T2FlowHandle - [T2FlowHandle] msg=######T1
2020-07-30 23:07:36.264 INFO  com.zeroflow.bizservice.TestBiz - [TestBiz] json={"input-userId":3333} msg=T1-Result
2020-07-30 23:07:36.264 INFO  com.zeroflow.base.BaseFlowHandler - [execCommand] json={"flow_name":"com.zeroflow.handler.T2FlowHandle","userId":1,"unique_code":"uuid:123456789","command":"T2"} msg=执行命令:T2
2020-07-30 23:07:36.265 INFO  com.zeroflow.base.BaseFlowHandler - [BaseFlowHandler-execCommand] json={"flow_name":"com.zeroflow.handler.T2FlowHandle","userId":1,"unique_code":"uuid:123456789","command":"T2"} msg=重试流程：T2命令已执行
2020-07-30 23:07:36.265 INFO  com.zeroflow.base.BaseFlowHandler - [execCommand] json={"flow_name":"com.zeroflow.handler.T2FlowHandle","userId":1,"unique_code":"uuid:123456789","command":"T3"} msg=执行命令:T3
2020-07-30 23:07:36.265 INFO  com.zeroflow.handler.TFlowHandle - [TFlowHandle] msg=######T3
2020-07-30 23:07:36.265 INFO  com.zeroflow.bizservice.TestBiz - [TestBiz] json={"result":["A1","A2","A3"],"text":"hi,我是T3"} msg=T3-Result
2020-07-30 23:07:36.265 INFO  com.zeroflow.base.BaseFlowHandler - [execCommand] json={"flow_name":"com.zeroflow.handler.T2FlowHandle","userId":1,"unique_code":"uuid:123456789","command":"T5"} msg=执行命令:T5
2020-07-30 23:07:36.265 INFO  com.zeroflow.handler.T2FlowHandle - [T2FlowHandle] msg=######T5
2020-07-30 23:07:36.316 INFO  com.zeroflow.bizservice.TestBiz - [TestBiz] json={"result":"hi,我是T2"} msg=T2-Result
2020-07-30 23:07:36.316 INFO  com.zeroflow.base.BaseFlowHandler - [execCommand] json={"flow_name":"com.zeroflow.handler.T2FlowHandle","userId":1,"unique_code":"uuid:123456789","command":"T6"} msg=执行命令:T6
2020-07-30 23:07:36.316 INFO  com.zeroflow.handler.T2FlowHandle - [T2FlowHandle] msg=######T6
2020-07-30 23:07:36.316 INFO  com.zeroflow.bizservice.TestBiz - [TestBiz] json={"result":["A1","A2","A3"],"text":"hi,我是T3"} msg=T3-Result
2020-07-30 23:07:36.317 INFO  com.zeroflow.handler.TFlowLogHandler - [TflowInvoker-updateExceptionLog] msg=更新错误日志数据 other={"log":{"code":0,"user_id":0,"context":"{\"flowName\":\"com.zeroflow.handler.T2FlowHandle\",\"t2Result\":\"i am retry\",\"t3Result\":[],\"uniqueCode\":\"uuid:123456789\",\"userID\":00000001}","command_record":"[\"T2\"]","id":0,"type":0,"flowName":"com.zeroflow.handler.T2FlowHandle","retry_num":1}} 
2020-07-30 23:07:36.317 INFO  com.zeroflow.test.TestFlow - [TestFlow-execFlow] msg=执行流程
2020-07-30 23:07:36.318 INFO  com.zeroflow.base.BaseFlowHandler - [BaseFlowHandler-execCommandList] json={"flow_name":"com.zeroflow.handler.TFlowHandle","userId":123456,"unique_code":"uuid:123456789"} msg=执行命令列表 other={"commandList":["T1","T2","T3"]} 
2020-07-30 23:07:36.318 INFO  com.zeroflow.base.BaseFlowHandler - [execCommand] json={"flow_name":"com.zeroflow.handler.TFlowHandle","userId":123456,"unique_code":"uuid:123456789","command":"T1"} msg=执行命令:T1
2020-07-30 23:07:36.318 INFO  com.zeroflow.base.BaseFlowHandler - [BaseFlowHandler-execCommand] json={"flow_name":"com.zeroflow.handler.TFlowHandle","userId":123456,"unique_code":"uuid:123456789","command":"T1"} msg=T1开启异步执行
2020-07-30 23:07:37.065 INFO  com.zeroflow.threadpool.ZeroFlowThreadPool - [ZeroFlowThreadPool-initThreadPool] msg=ZeroFlow线程池初始化成功
2020-07-30 23:07:37.067 INFO  com.zeroflow.handler.TFlowHandle - [TFlowHandle] msg=######T1
2020-07-30 23:07:37.068 INFO  com.zeroflow.base.BaseFlowHandler - [execCommand] json={"flow_name":"com.zeroflow.handler.TFlowHandle","userId":123456,"unique_code":"uuid:123456789","command":"T2"} msg=执行命令:T2
2020-07-30 23:07:37.069 INFO  com.zeroflow.handler.TFlowHandle - [TFlowHandle] msg=######T2
2020-07-30 23:07:37.119 INFO  com.zeroflow.bizservice.TestBiz - [TestBiz] json={"result":"hi,我是T2"} msg=T2-Result
2020-07-30 23:07:37.120 INFO  com.zeroflow.base.BaseFlowHandler - [execCommand] json={"flow_name":"com.zeroflow.handler.TFlowHandle","userId":123456,"unique_code":"uuid:123456789","command":"T3"} msg=执行命令:T3
2020-07-30 23:07:37.120 INFO  com.zeroflow.handler.TFlowHandle - [TFlowHandle] msg=######T3
2020-07-30 23:07:37.120 INFO  com.zeroflow.bizservice.TestBiz - [TestBiz] json={"result":["A1","A2","A3"],"text":"hi,我是T3"} msg=T3-Result
2020-07-30 23:07:37.121 INFO  com.zeroflow.test.TestFlow - [TestFlow-execFlow] json={"result":{"msg":"成功","code":200,"data":{"t3Result":["A1","A2","A3"],"uniqueCode":"uuid:123456789","t2Result":"hi,我是T2","flowName":"com.zeroflow.handler.TFlowHandle","userID":123456}}} msg=流程执行结果
Tests run: 4, Failures: 0, Errors: 0, Skipped: 0, Time elapsed: 4.824 sec - in com.zeroflow.test.TestFlow
2020-07-30 23:07:37.367 INFO  com.zeroflow.bizservice.TestBiz - [TestBiz] json={"input-userId":123456} msg=T1-Result
2020-07-30 23:07:37.369 INFO  com.zeroflow.threadpool.ZeroFlowThreadPool - [ZeroFlowThreadPool-closeExecutorThreadPool] msg=ZeroFlow线程池已正常关闭

Results :

Tests run: 4, Failures: 0, Errors: 0, Skipped: 0

[INFO] 
[INFO] --- jacoco-maven-plugin:0.8.5:report (report) @ zeroflow ---
[INFO] Loading execution data file /tmp/tmpp6y791ok/zeroFlow/target/jacoco.exec
[INFO] Analyzed bundle 'zeroflow' with 265 classes
[INFO] ------------------------------------------------------------------------
[INFO] BUILD SUCCESS
[INFO] ------------------------------------------------------------------------
[INFO] Total time:  29.185 s
[INFO] Finished at: 2020-07-30T23:07:39Z
[INFO] ------------------------------------------------------------------------
