[INFO] Error stacktraces are turned on.
[INFO] Scanning for projects...
[INFO] 
[INFO] --------------------< com.lindzh:mybatis-generator >--------------------
[INFO] Building mybatis-generator 1.0.4-SNAPSHOT
[INFO] --------------------------------[ jar ]---------------------------------
[INFO] 
[INFO] --- jacoco-maven-plugin:0.8.5:prepare-agent (default) @ mybatis-generator ---
[INFO] argLine set to -javaagent:/home/jdbl/.m2/repository/org/jacoco/org.jacoco.agent/0.8.5/org.jacoco.agent-0.8.5-runtime.jar=destfile=/tmp/tmp1y1bm9gi/mybatis-generator/target/jacoco.exec
[INFO] 
[INFO] --- maven-resources-plugin:2.6:resources (default-resources) @ mybatis-generator ---
[INFO] Using 'UTF-8' encoding to copy filtered resources.
[INFO] skip non existing resourceDirectory /tmp/tmp1y1bm9gi/mybatis-generator/src/main/resources
[INFO] 
[INFO] --- maven-compiler-plugin:3.1:compile (default-compile) @ mybatis-generator ---
[INFO] Changes detected - recompiling the module!
[INFO] Compiling 21 source files to /tmp/tmp1y1bm9gi/mybatis-generator/target/classes
[WARNING] /tmp/tmp1y1bm9gi/mybatis-generator/src/main/java/com/lindzh/mybatis/generator/freemarker/FtlHashSet.java: /tmp/tmp1y1bm9gi/mybatis-generator/src/main/java/com/lindzh/mybatis/generator/freemarker/FtlHashSet.java uses unchecked or unsafe operations.
[WARNING] /tmp/tmp1y1bm9gi/mybatis-generator/src/main/java/com/lindzh/mybatis/generator/freemarker/FtlHashSet.java: Recompile with -Xlint:unchecked for details.
[INFO] 
[INFO] --- maven-source-plugin:2.1:jar-no-fork (attach-sources) @ mybatis-generator ---
[INFO] Building jar: /tmp/tmp1y1bm9gi/mybatis-generator/target/mybatis-generator-1.0.4-SNAPSHOT-sources.jar
[INFO] 
[INFO] --- maven-resources-plugin:2.6:testResources (default-testResources) @ mybatis-generator ---
[INFO] Using 'UTF-8' encoding to copy filtered resources.
[INFO] Copying 4 resources
[INFO] 
[INFO] --- maven-compiler-plugin:3.1:testCompile (default-testCompile) @ mybatis-generator ---
[INFO] Changes detected - recompiling the module!
[INFO] Compiling 18 source files to /tmp/tmp1y1bm9gi/mybatis-generator/target/test-classes
[INFO] 
[INFO] --- maven-surefire-plugin:2.19.1:test (default-test) @ mybatis-generator ---
[INFO] Surefire report directory: /tmp/tmp1y1bm9gi/mybatis-generator/target/surefire-reports

-------------------------------------------------------
 T E S T S
-------------------------------------------------------
Running com.lindzh.mybatis.generator.UserDaoTest
log4j:WARN No appenders could be found for logger (org.apache.ibatis.logging.LogFactory).
log4j:WARN Please initialize the log4j system properly.
log4j:WARN See http://logging.apache.org/log4j/1.2/faq.html#noconfig for more info.
count:3
getByList:[{"id":10007,"mobile":"15746178976","sex":"f","addTime":1596453783066,"other":null},{"id":10006,"mobile":"15743128976","sex":"f","addTime":1447508639302,"other":null},{"id":10002,"mobile":"13178946732","sex":"f","addTime":1447508065598,"other":null}]
one:{"id":10007,"mobile":"15746178976","sex":"f","addTime":1596453783066,"other":null}
Tests run: 4, Failures: 0, Errors: 0, Skipped: 0, Time elapsed: 1.158 sec - in com.lindzh.mybatis.generator.UserDaoTest
Running com.lindzh.mybatis.generator.StuCourseDaoTest
id get:{"id":1,"stuId":10098,"courseId":1005,"addTime":1596453783494,"score":88}
update get:{"id":1,"stuId":10098,"courseId":1005,"addTime":1596453783499,"score":100}
delete get:null
count:20
stu_course list:[{"id":21,"stuId":23625,"courseId":1005,"addTime":1596453685397,"score":85},{"id":20,"stuId":34133,"courseId":1005,"addTime":1596453759327,"score":52},{"id":19,"stuId":34118,"courseId":1005,"addTime":1596453701139,"score":73},{"id":18,"stuId":46921,"courseId":1005,"addTime":1596453778093,"score":62},{"id":17,"stuId":21735,"courseId":1005,"addTime":1596453781445,"score":90},{"id":16,"stuId":37980,"courseId":1005,"addTime":1596453748263,"score":55},{"id":15,"stuId":43240,"courseId":1005,"addTime":1596453730361,"score":62},{"id":14,"stuId":10517,"courseId":1005,"addTime":1596453766535,"score":50},{"id":13,"stuId":43418,"courseId":1005,"addTime":1596453715575,"score":69},{"id":12,"stuId":25189,"courseId":1005,"addTime":1596453698878,"score":94}]
stu_course get:{"id":22,"stuId":49732,"courseId":10388,"addTime":1596453783606,"score":88}
stu_course update:{"id":22,"stuId":49732,"courseId":10388,"addTime":1596453783610,"score":100}
stu_course delete:null
Tests run: 4, Failures: 0, Errors: 0, Skipped: 0, Time elapsed: 0.153 sec - in com.lindzh.mybatis.generator.StuCourseDaoTest

Results :

Tests run: 8, Failures: 0, Errors: 0, Skipped: 0

[INFO] 
[INFO] --- jacoco-maven-plugin:0.8.5:report (report) @ mybatis-generator ---
[INFO] Loading execution data file /tmp/tmp1y1bm9gi/mybatis-generator/target/jacoco.exec
[INFO] Analyzed bundle 'mybatis-generator' with 1831 classes
[INFO] ------------------------------------------------------------------------
[INFO] BUILD SUCCESS
[INFO] ------------------------------------------------------------------------
[INFO] Total time:  16.099 s
[INFO] Finished at: 2020-08-03T11:23:06Z
[INFO] ------------------------------------------------------------------------
