[INFO] Error stacktraces are turned on.
[INFO] Scanning for projects...
[INFO] 
[INFO] ------------------------< net.seleucus:webspa >-------------------------
[INFO] Building WebSpa 0.9-SNAPSHOT
[INFO] --------------------------------[ jar ]---------------------------------
[INFO] 
[INFO] --- build-helper-maven-plugin:1.9.1:parse-version (parse-version) @ webspa ---
[INFO] 
[INFO] --- jacoco-maven-plugin:0.8.5:prepare-agent (default) @ webspa ---
[INFO] argLine set to -javaagent:/home/jdbl/.m2/repository/org/jacoco/org.jacoco.agent/0.8.5/org.jacoco.agent-0.8.5-runtime.jar=destfile=/tmp/tmpjxkpp44c/WebSpa/target/jacoco.exec
[INFO] 
[INFO] --- maven-resources-plugin:2.6:resources (default-resources) @ webspa ---
[INFO] Using 'UTF-8' encoding to copy filtered resources.
[INFO] Copying 13 resources
[INFO] 
[INFO] --- maven-compiler-plugin:3.1:compile (default-compile) @ webspa ---
[INFO] Changes detected - recompiling the module!
[INFO] Compiling 78 source files to /tmp/tmpjxkpp44c/WebSpa/target/classes
[WARNING] /tmp/tmpjxkpp44c/WebSpa/src/main/java/net/seleucus/wsp/server/WSServer.java: /tmp/tmpjxkpp44c/WebSpa/src/main/java/net/seleucus/wsp/server/WSServer.java uses or overrides a deprecated API.
[WARNING] /tmp/tmpjxkpp44c/WebSpa/src/main/java/net/seleucus/wsp/server/WSServer.java: Recompile with -Xlint:deprecation for details.
[INFO] 
[INFO] --- maven-resources-plugin:2.6:testResources (default-testResources) @ webspa ---
[INFO] Using 'UTF-8' encoding to copy filtered resources.
[INFO] Copying 9 resources
[INFO] 
[INFO] --- maven-compiler-plugin:3.1:testCompile (default-testCompile) @ webspa ---
[INFO] Changes detected - recompiling the module!
[INFO] Compiling 31 source files to /tmp/tmpjxkpp44c/WebSpa/target/test-classes
[INFO] 
[INFO] --- maven-surefire-plugin:2.19.1:test (default-test) @ webspa ---
[INFO] Surefire report directory: /tmp/tmpjxkpp44c/WebSpa/target/surefire-reports

-------------------------------------------------------
 T E S T S
-------------------------------------------------------
Running net.seleucus.wsp.client.WSConnectionTest
Tests run: 1, Failures: 0, Errors: 0, Skipped: 0, Time elapsed: 0.046 sec - in net.seleucus.wsp.client.WSConnectionTest
Running net.seleucus.wsp.time.FixedTimeSourceTest
Tests run: 1, Failures: 0, Errors: 0, Skipped: 0, Time elapsed: 0 sec - in net.seleucus.wsp.time.FixedTimeSourceTest
Running net.seleucus.wsp.time.DefaultTimeSourceTest
Tests run: 1, Failures: 0, Errors: 0, Skipped: 0, Time elapsed: 0 sec - in net.seleucus.wsp.time.DefaultTimeSourceTest
Running net.seleucus.wsp.config.WSConfigurationTest
Tests run: 7, Failures: 0, Errors: 0, Skipped: 0, Time elapsed: 0.014 sec - in net.seleucus.wsp.config.WSConfigurationTest
Running net.seleucus.wsp.main.WebSpaTest
Tests run: 9, Failures: 0, Errors: 0, Skipped: 0, Time elapsed: 0.116 sec - in net.seleucus.wsp.main.WebSpaTest
Running net.seleucus.wsp.main.WSVersionTest
Tests run: 7, Failures: 0, Errors: 0, Skipped: 0, Time elapsed: 0 sec - in net.seleucus.wsp.main.WSVersionTest
Running net.seleucus.wsp.server.WSActionTest
DEBUG [46.361] Database properties file webspa-db.properties not found.
DEBUG [46.368] Copying default database properties file from bundle
DEBUG [46.368] Database script file webspa-db.script not found.
DEBUG [46.368] Copying default database script file from bundle
DEBUG [46.368] Establishing the database connection to: webspa-db
 INFO [46.612] Beginning database shutdown...
 INFO [46.939] Database shutdown complete.
Tests run: 1, Failures: 0, Errors: 0, Skipped: 0, Time elapsed: 0.581 sec - in net.seleucus.wsp.server.WSActionTest
Running net.seleucus.wsp.server.request.filter.filters.Base64EncodedUrlWebLogFilterTest
Tests run: 2, Failures: 0, Errors: 0, Skipped: 0, Time elapsed: 0.015 sec - in net.seleucus.wsp.server.request.filter.filters.Base64EncodedUrlWebLogFilterTest
Running net.seleucus.wsp.server.request.filter.filters.UriLengthWebLogFilterTest
Tests run: 3, Failures: 0, Errors: 0, Skipped: 0, Time elapsed: 0 sec - in net.seleucus.wsp.server.request.filter.filters.UriLengthWebLogFilterTest
Running net.seleucus.wsp.server.request.filter.filters.HttpMethodWebLogFilterTest
Tests run: 1, Failures: 0, Errors: 0, Skipped: 0, Time elapsed: 0.009 sec - in net.seleucus.wsp.server.request.filter.filters.HttpMethodWebLogFilterTest
Running net.seleucus.wsp.server.request.filter.ChainingWebLogValidationServiceTest
Tests run: 5, Failures: 0, Errors: 0, Skipped: 0, Time elapsed: 0.206 sec - in net.seleucus.wsp.server.request.filter.ChainingWebLogValidationServiceTest
Running net.seleucus.wsp.server.WSServerConsoleTest
DEBUG [47.176] Database properties file webspa-db.properties not found.
DEBUG [47.176] Copying default database properties file from bundle
DEBUG [47.177] Database script file webspa-db.script not found.
DEBUG [47.177] Copying default database script file from bundle
DEBUG [47.177] Establishing the database connection to: webspa-db
 INFO [47.231] Beginning database shutdown...
 INFO [47.421] Database shutdown complete.
Tests run: 1, Failures: 0, Errors: 0, Skipped: 0, Time elapsed: 0.256 sec - in net.seleucus.wsp.server.WSServerConsoleTest
Running net.seleucus.wsp.server.commands.WSServiceStopTest
DEBUG [47.434] Database properties file webspa-db.properties not found.
DEBUG [47.434] Copying default database properties file from bundle
DEBUG [47.436] Database script file webspa-db.script not found.
DEBUG [47.437] Copying default database script file from bundle
DEBUG [47.438] Establishing the database connection to: webspa-db
 INFO [47.489] Beginning database shutdown...
 INFO [47.671] Database shutdown complete.
DEBUG [47.673] Database properties file webspa-db.properties not found.
DEBUG [47.673] Copying default database properties file from bundle
DEBUG [47.674] Database script file webspa-db.script not found.
DEBUG [47.675] Copying default database script file from bundle
DEBUG [47.675] Establishing the database connection to: webspa-db
 INFO [47.731] Beginning database shutdown...
 INFO [47.908] Database shutdown complete.
Tests run: 2, Failures: 0, Errors: 0, Skipped: 0, Time elapsed: 0.476 sec - in net.seleucus.wsp.server.commands.WSServiceStopTest
Running net.seleucus.wsp.server.commands.WSUserShowTest
DEBUG [47.911] Database properties file webspa-db.properties not found.
DEBUG [47.911] Copying default database properties file from bundle
DEBUG [47.911] Database script file webspa-db.script not found.
DEBUG [47.912] Copying default database script file from bundle
DEBUG [47.912] Establishing the database connection to: webspa-db
 INFO [47.943] Beginning database shutdown...
 INFO [48.124] Database shutdown complete.
DEBUG [48.127] Database properties file webspa-db.properties found in current directory.
DEBUG [48.127] Database script file webspa-db.script found in current directory.
DEBUG [48.128] Establishing the database connection to: webspa-db
 INFO [48.160] Beginning database shutdown...
 INFO [48.327] Database shutdown complete.
Tests run: 2, Failures: 0, Errors: 0, Skipped: 0, Time elapsed: 0.417 sec - in net.seleucus.wsp.server.commands.WSUserShowTest
Running net.seleucus.wsp.server.commands.WSHelpOptionsTest
DEBUG [48.330] Database properties file webspa-db.properties found in current directory.
DEBUG [48.330] Database script file webspa-db.script found in current directory.
DEBUG [48.330] Establishing the database connection to: webspa-db
 INFO [48.407] Beginning database shutdown...
 INFO [48.566] Database shutdown complete.
DEBUG [48.566] Database properties file webspa-db.properties not found.
DEBUG [48.567] Copying default database properties file from bundle
DEBUG [48.567] Database script file webspa-db.script not found.
DEBUG [48.567] Copying default database script file from bundle
DEBUG [48.567] Establishing the database connection to: webspa-db
 INFO [48.613] Beginning database shutdown...
 INFO [48.782] Database shutdown complete.
DEBUG [48.783] Database properties file webspa-db.properties not found.
DEBUG [48.783] Copying default database properties file from bundle
DEBUG [48.783] Database script file webspa-db.script not found.
DEBUG [48.784] Copying default database script file from bundle
DEBUG [48.784] Establishing the database connection to: webspa-db
 INFO [48.824] Beginning database shutdown...
 INFO [48.972] Database shutdown complete.
DEBUG [48.974] Database properties file webspa-db.properties not found.
DEBUG [48.975] Copying default database properties file from bundle
DEBUG [48.976] Database script file webspa-db.script not found.
DEBUG [48.977] Copying default database script file from bundle
DEBUG [48.977] Establishing the database connection to: webspa-db
 INFO [49.030] Beginning database shutdown...
 INFO [49.187] Database shutdown complete.
DEBUG [49.189] Database properties file webspa-db.properties not found.
DEBUG [49.189] Copying default database properties file from bundle
DEBUG [49.189] Database script file webspa-db.script not found.
DEBUG [49.190] Copying default database script file from bundle
DEBUG [49.190] Establishing the database connection to: webspa-db
 INFO [49.225] Beginning database shutdown...
 INFO [49.391] Database shutdown complete.
Tests run: 5, Failures: 0, Errors: 0, Skipped: 0, Time elapsed: 1.064 sec - in net.seleucus.wsp.server.commands.WSHelpOptionsTest
Running net.seleucus.wsp.util.WSUtilTest
Tests run: 2, Failures: 0, Errors: 0, Skipped: 0, Time elapsed: 0.003 sec - in net.seleucus.wsp.util.WSUtilTest
Running net.seleucus.wsp.util.WSConstantsTest
Tests run: 2, Failures: 0, Errors: 0, Skipped: 0, Time elapsed: 0 sec - in net.seleucus.wsp.util.WSConstantsTest
Running net.seleucus.wsp.util.WSEncoderTest
Tests run: 3, Failures: 0, Errors: 0, Skipped: 0, Time elapsed: 0.008 sec - in net.seleucus.wsp.util.WSEncoderTest
Running net.seleucus.wsp.crypto.fwknop.FwknopSymmetricCryptoServiceTest
Tests run: 17, Failures: 0, Errors: 0, Skipped: 0, Time elapsed: 1.003 sec - in net.seleucus.wsp.crypto.fwknop.FwknopSymmetricCryptoServiceTest
Running net.seleucus.wsp.crypto.ActionNumberCryptoTest
Tests run: 7, Failures: 0, Errors: 0, Skipped: 0, Time elapsed: 0.035 sec - in net.seleucus.wsp.crypto.ActionNumberCryptoTest
Running net.seleucus.wsp.crypto.WebSpaEncoderTest
Tests run: 6, Failures: 0, Errors: 0, Skipped: 0, Time elapsed: 0.028 sec - in net.seleucus.wsp.crypto.WebSpaEncoderTest
Running net.seleucus.wsp.crypto.WSEncoderTest
Tests run: 3, Failures: 0, Errors: 0, Skipped: 0, Time elapsed: 0 sec - in net.seleucus.wsp.crypto.WSEncoderTest
Running net.seleucus.wsp.crypto.WebSpaUtilsTest
Tests run: 8, Failures: 0, Errors: 0, Skipped: 0, Time elapsed: 0.001 sec - in net.seleucus.wsp.crypto.WebSpaUtilsTest
Running net.seleucus.wsp.crypto.PassPhraseCryptoTest
Tests run: 7, Failures: 0, Errors: 0, Skipped: 0, Time elapsed: 0.01 sec - in net.seleucus.wsp.crypto.PassPhraseCryptoTest
Running net.seleucus.wsp.db.WSPassPhrasesTest
DEBUG [50.493] Database properties file webspa-db.properties not found.
DEBUG [50.493] Copying default database properties file from bundle
DEBUG [50.493] Database script file webspa-db.script not found.
DEBUG [50.494] Copying default database script file from bundle
DEBUG [50.494] Establishing the database connection to: webspa-db
 INFO [50.541] Adding user FirstName LastName to the database...
 INFO [50.548] User FirstName LastName added.
DEBUG [50.551] Database properties file webspa-db.properties not found.
DEBUG [50.552] Copying default database properties file from bundle
DEBUG [50.552] Database script file webspa-db.script not found.
DEBUG [50.552] Copying default database script file from bundle
DEBUG [50.556] Establishing the database connection to: webspa-db
DEBUG [50.557] Database properties file webspa-db.properties not found.
DEBUG [50.558] Copying default database properties file from bundle
DEBUG [50.558] Database script file webspa-db.script not found.
DEBUG [50.558] Copying default database script file from bundle
DEBUG [50.558] Establishing the database connection to: webspa-db
DEBUG [50.559] Database properties file webspa-db.properties not found.
DEBUG [50.559] Copying default database properties file from bundle
DEBUG [50.559] Database script file webspa-db.script not found.
DEBUG [50.560] Copying default database script file from bundle
DEBUG [50.560] Establishing the database connection to: webspa-db
DEBUG [50.561] Database properties file webspa-db.properties not found.
DEBUG [50.561] Copying default database properties file from bundle
DEBUG [50.561] Database script file webspa-db.script not found.
DEBUG [50.562] Copying default database script file from bundle
DEBUG [50.562] Establishing the database connection to: webspa-db
Tests run: 5, Failures: 0, Errors: 0, Skipped: 0, Time elapsed: 0.069 sec - in net.seleucus.wsp.db.WSPassPhrasesTest
Running net.seleucus.wsp.db.WSDatabaseTest
DEBUG [50.563] Database properties file webspa-db.properties not found.
DEBUG [50.563] Copying default database properties file from bundle
DEBUG [50.564] Database script file webspa-db.script not found.
DEBUG [50.564] Copying default database script file from bundle
DEBUG [50.564] Establishing the database connection to: webspa-db
DEBUG [50.564] Database properties file webspa-db.properties not found.
DEBUG [50.565] Copying default database properties file from bundle
DEBUG [50.565] Database script file webspa-db.script not found.
DEBUG [50.565] Copying default database script file from bundle
DEBUG [50.565] Establishing the database connection to: webspa-db
Tests run: 2, Failures: 0, Errors: 0, Skipped: 0, Time elapsed: 0.003 sec - in net.seleucus.wsp.db.WSDatabaseTest

Results :

Tests run: 110, Failures: 0, Errors: 0, Skipped: 0

[INFO] 
[INFO] --- jacoco-maven-plugin:0.8.5:report (report) @ webspa ---
[INFO] Loading execution data file /tmp/tmpjxkpp44c/WebSpa/target/jacoco.exec
[INFO] Analyzed bundle 'WebSpa' with 318 classes
[INFO] ------------------------------------------------------------------------
[INFO] BUILD SUCCESS
[INFO] ------------------------------------------------------------------------
[INFO] Total time:  10.850 s
[INFO] Finished at: 2020-08-03T11:11:51Z
[INFO] ------------------------------------------------------------------------
