[INFO] Error stacktraces are turned on.
[INFO] Scanning for projects...
[INFO] 
[INFO] --------------------< ch.ifocusit:plantuml-builder >--------------------
[INFO] Building Plantuml builder 1.5-SNAPSHOT
[INFO] --------------------------------[ jar ]---------------------------------
[INFO] 
[INFO] --- jacoco-maven-plugin:0.8.5:prepare-agent (default) @ plantuml-builder ---
[INFO] argLine set to -javaagent:/home/jdbl/.m2/repository/org/jacoco/org.jacoco.agent/0.8.5/org.jacoco.agent-0.8.5-runtime.jar=destfile=/tmp/tmp37j1f7ep/plantuml-builder/target/jacoco.exec
[INFO] 
[INFO] --- maven-resources-plugin:2.6:resources (default-resources) @ plantuml-builder ---
[INFO] Using 'UTF-8' encoding to copy filtered resources.
[INFO] Copying 2 resources to META-INF
[INFO] 
[INFO] --- maven-compiler-plugin:3.1:compile (default-compile) @ plantuml-builder ---
[INFO] Changes detected - recompiling the module!
[INFO] Compiling 21 source files to /tmp/tmp37j1f7ep/plantuml-builder/target/classes
[WARNING] /tmp/tmp37j1f7ep/plantuml-builder/src/main/java/ch/ifocusit/plantuml/classdiagram/AbstractClassDiagramBuilder.java: /tmp/tmp37j1f7ep/plantuml-builder/src/main/java/ch/ifocusit/plantuml/classdiagram/AbstractClassDiagramBuilder.java uses unchecked or unsafe operations.
[WARNING] /tmp/tmp37j1f7ep/plantuml-builder/src/main/java/ch/ifocusit/plantuml/classdiagram/AbstractClassDiagramBuilder.java: Recompile with -Xlint:unchecked for details.
[INFO] 
[INFO] --- maven-resources-plugin:2.6:testResources (default-testResources) @ plantuml-builder ---
[INFO] Using 'UTF-8' encoding to copy filtered resources.
[INFO] Copying 3 resources
[INFO] 
[INFO] --- maven-compiler-plugin:3.1:testCompile (default-testCompile) @ plantuml-builder ---
[INFO] Changes detected - recompiling the module!
[INFO] Compiling 10 source files to /tmp/tmp37j1f7ep/plantuml-builder/target/test-classes
[INFO] 
[INFO] --- maven-surefire-plugin:2.19.1:test (default-test) @ plantuml-builder ---
[INFO] Surefire report directory: /tmp/tmp37j1f7ep/plantuml-builder/target/surefire-reports

-------------------------------------------------------
 T E S T S
-------------------------------------------------------
Running ch.ifocusit.plantuml.classdiagram.ClassDiagramBuilderTest
Tests run: 5, Failures: 0, Errors: 0, Skipped: 0, Time elapsed: 0.708 sec - in ch.ifocusit.plantuml.classdiagram.ClassDiagramBuilderTest
Running ch.ifocusit.plantuml.PlantUmlBuilderTest
Tests run: 5, Failures: 0, Errors: 0, Skipped: 0, Time elapsed: 0 sec - in ch.ifocusit.plantuml.PlantUmlBuilderTest

Results :

Tests run: 10, Failures: 0, Errors: 0, Skipped: 0

[INFO] 
[INFO] --- jacoco-maven-plugin:0.8.5:report (report) @ plantuml-builder ---
[INFO] Loading execution data file /tmp/tmp37j1f7ep/plantuml-builder/target/jacoco.exec
[INFO] Analyzed bundle 'Plantuml builder' with 260 classes
[INFO] ------------------------------------------------------------------------
[INFO] BUILD SUCCESS
[INFO] ------------------------------------------------------------------------
[INFO] Total time:  10.687 s
[INFO] Finished at: 2020-07-30T21:04:38Z
[INFO] ------------------------------------------------------------------------
