[INFO] Error stacktraces are turned on.
[INFO] Scanning for projects...
[INFO] 
[INFO] ------------------------< de.uni_mannheim:desq >------------------------
[INFO] Building desq 0.0.1-SNAPSHOT
[INFO] --------------------------------[ jar ]---------------------------------
[INFO] 
[INFO] --- git-commit-id-plugin:2.2.3:revision (get-the-git-infos) @ desq ---
[INFO] 
[INFO] --- jacoco-maven-plugin:0.8.5:prepare-agent (default) @ desq ---
[INFO] argLine set to -javaagent:/home/jdbl/.m2/repository/org/jacoco/org.jacoco.agent/0.8.5/org.jacoco.agent-0.8.5-runtime.jar=destfile=/tmp/tmpp1p_tkly/desq/target/jacoco.exec
[INFO] 
[INFO] --- avro-maven-plugin:1.8.1:schema (default) @ desq ---
[INFO] 
[INFO] --- antlr4-maven-plugin:4.6:antlr4 (antlr) @ desq ---
[INFO] ANTLR 4: Processing source directory /tmp/tmpp1p_tkly/desq/src/main/antlr4
[INFO] Processing grammar: de/uni_mannheim/desq/patex/PatEx.g4
[INFO] 
[INFO] --- maven-resources-plugin:2.6:resources (default-resources) @ desq ---
[INFO] Using 'UTF-8' encoding to copy filtered resources.
[INFO] Copying 1 resource
[INFO] Copying 5 resources
[INFO] 
[INFO] --- scala-maven-plugin:3.2.2:add-source (scala-compile-first) @ desq ---
[INFO] Add Source directory: /tmp/tmpp1p_tkly/desq/src/main/scala
[INFO] Add Test Source directory: /tmp/tmpp1p_tkly/desq/src/test/scala
[INFO] 
[INFO] --- scala-maven-plugin:3.2.2:compile (scala-compile-first) @ desq ---
[WARNING]  Expected all dependencies to require Scala version: 2.11.8
[WARNING]  de.uni_mannheim:desq:0.0.1-SNAPSHOT requires scala version: 2.11.8
[WARNING]  com.twitter:chill_2.11:0.8.0 requires scala version: 2.11.7
[WARNING] Multiple versions of scala libraries detected!
[INFO] Using incremental compilation
[INFO] 'compiler-interface' not yet compiled for Scala 2.11.8. Compiling...
[INFO]   Compilation completed in 6.122 s
[INFO] Compiling 18 Scala sources and 105 Java sources to /tmp/tmpp1p_tkly/desq/target/classes...
[WARNING] /tmp/tmpp1p_tkly/desq/src/main/java/de/uni_mannheim/desq/driver/DesqCountDriver.java:5: warning: [deprecation] DictionaryIO in de.uni_mannheim.desq.dictionary has been deprecated
[WARNING] import de.uni_mannheim.desq.dictionary.DictionaryIO;
[WARNING]                                       ^
[WARNING] /tmp/tmpp1p_tkly/desq/src/main/java/de/uni_mannheim/desq/converters/nyt/AvroUtils.java:104: warning: [deprecation] Job() in Job has been deprecated
[WARNING]             job = new Job();
[WARNING]                   ^
[WARNING] /tmp/tmpp1p_tkly/desq/src/main/java/de/uni_mannheim/desq/converters/nyt/AvroUtils.java:117: warning: [deprecation] Job() in Job has been deprecated
[WARNING]             job = new Job();
[WARNING]                   ^
[WARNING] /tmp/tmpp1p_tkly/desq/src/main/java/de/uni_mannheim/desq/converters/nyt/avroschema/Sentence.java:347: warning: [unchecked] unchecked cast
[WARNING]         record.tokens = fieldSetFlags()[0] ? this.tokens : (java.util.List<Token>) defaultValue(fields()[0]);
[WARNING]                                                                                                ^
[WARNING]   required: List<Token>
[WARNING]   found:    Object
[WARNING] /tmp/tmpp1p_tkly/desq/src/main/java/de/uni_mannheim/desq/converters/nyt/avroschema/Article.java:2248: warning: [unchecked] unchecked cast
[WARNING]         record.sentences = fieldSetFlags()[2] ? this.sentences : (java.util.List<Sentence>) defaultValue(fields()[2]);
[WARNING]                                                                                                         ^
[WARNING]   required: List<Sentence>
[WARNING]   found:    Object
[WARNING] /tmp/tmpp1p_tkly/desq/src/main/java/de/uni_mannheim/desq/converters/nyt/avroschema/Article.java:2251: warning: [unchecked] unchecked cast
[WARNING]         record.titles = fieldSetFlags()[5] ? this.titles : (java.util.List<java.lang.String>) defaultValue(fields()[5]);
[WARNING]                                                                                                           ^
[WARNING]   required: List<String>
[WARNING]   found:    Object
[WARNING] /tmp/tmpp1p_tkly/desq/src/main/java/de/uni_mannheim/desq/converters/nyt/avroschema/Article.java:2270: warning: [unchecked] unchecked cast
[WARNING]         record.online_titles = fieldSetFlags()[24] ? this.online_titles : (java.util.List<java.lang.String>) defaultValue(fields()[24]);
[WARNING]                                                                                                                          ^
[WARNING]   required: List<String>
[WARNING]   found:    Object
[WARNING] /tmp/tmpp1p_tkly/desq/src/main/java/de/uni_mannheim/desq/converters/nyt/avroschema/Article.java:2271: warning: [unchecked] unchecked cast
[WARNING]         record.locations = fieldSetFlags()[25] ? this.locations : (java.util.List<java.lang.String>) defaultValue(fields()[25]);
[WARNING]                                                                                                                  ^
[WARNING]   required: List<String>
[WARNING]   found:    Object
[WARNING] /tmp/tmpp1p_tkly/desq/src/main/java/de/uni_mannheim/desq/converters/nyt/avroschema/Article.java:2272: warning: [unchecked] unchecked cast
[WARNING]         record.names = fieldSetFlags()[26] ? this.names : (java.util.List<java.lang.String>) defaultValue(fields()[26]);
[WARNING]                                                                                                          ^
[WARNING]   required: List<String>
[WARNING]   found:    Object
[WARNING] /tmp/tmpp1p_tkly/desq/src/main/java/de/uni_mannheim/desq/converters/nyt/avroschema/Article.java:2273: warning: [unchecked] unchecked cast
[WARNING]         record.descriptors = fieldSetFlags()[27] ? this.descriptors : (java.util.List<java.lang.String>) defaultValue(fields()[27]);
[WARNING]                                                                                                                      ^
[WARNING]   required: List<String>
[WARNING]   found:    Object
[WARNING] /tmp/tmpp1p_tkly/desq/src/main/java/de/uni_mannheim/desq/converters/nyt/avroschema/Article.java:2274: warning: [unchecked] unchecked cast
[WARNING]         record.general_descriptors = fieldSetFlags()[28] ? this.general_descriptors : (java.util.List<java.lang.String>) defaultValue(fields()[28]);
[WARNING]                                                                                                                                      ^
[WARNING]   required: List<String>
[WARNING]   found:    Object
[WARNING] /tmp/tmpp1p_tkly/desq/src/main/java/de/uni_mannheim/desq/converters/nyt/avroschema/Article.java:2278: warning: [unchecked] unchecked cast
[WARNING]         record.people = fieldSetFlags()[32] ? this.people : (java.util.List<java.lang.String>) defaultValue(fields()[32]);
[WARNING]                                                                                                            ^
[WARNING]   required: List<String>
[WARNING]   found:    Object
[WARNING] /tmp/tmpp1p_tkly/desq/src/main/java/de/uni_mannheim/desq/converters/nyt/avroschema/Article.java:2279: warning: [unchecked] unchecked cast
[WARNING]         record.online_people = fieldSetFlags()[33] ? this.online_people : (java.util.List<java.lang.String>) defaultValue(fields()[33]);
[WARNING]                                                                                                                          ^
[WARNING]   required: List<String>
[WARNING]   found:    Object
[WARNING] /tmp/tmpp1p_tkly/desq/src/main/java/de/uni_mannheim/desq/converters/nyt/avroschema/Article.java:2281: warning: [unchecked] unchecked cast
[WARNING]         record.organizations = fieldSetFlags()[35] ? this.organizations : (java.util.List<java.lang.String>) defaultValue(fields()[35]);
[WARNING]                                                                                                                          ^
[WARNING]   required: List<String>
[WARNING]   found:    Object
[WARNING] /tmp/tmpp1p_tkly/desq/src/main/java/de/uni_mannheim/desq/converters/nyt/avroschema/Article.java:2282: warning: [unchecked] unchecked cast
[WARNING]         record.online_organizations = fieldSetFlags()[36] ? this.online_organizations : (java.util.List<java.lang.String>) defaultValue(fields()[36]);
[WARNING]                                                                                                                                        ^
[WARNING]   required: List<String>
[WARNING]   found:    Object
[WARNING] /tmp/tmpp1p_tkly/desq/src/main/java/de/uni_mannheim/desq/converters/nyt/avroschema/Article.java:2283: warning: [unchecked] unchecked cast
[WARNING]         record.taxonomic_classifiers = fieldSetFlags()[37] ? this.taxonomic_classifiers : (java.util.List<java.lang.String>) defaultValue(fields()[37]);
[WARNING]                                                                                                                                          ^
[WARNING]   required: List<String>
[WARNING]   found:    Object
[WARNING] /tmp/tmpp1p_tkly/desq/src/main/java/de/uni_mannheim/desq/converters/nyt/avroschema/Article.java:2284: warning: [unchecked] unchecked cast
[WARNING]         record.types_of_material = fieldSetFlags()[38] ? this.types_of_material : (java.util.List<java.lang.String>) defaultValue(fields()[38]);
[WARNING]                                                                                                                                  ^
[WARNING]   required: List<String>
[WARNING]   found:    Object
[WARNING] /tmp/tmpp1p_tkly/desq/target/generated-sources/avro/de/uni_mannheim/desq/avro/AvroItem.java:656: warning: [unchecked] unchecked cast
[WARNING]         record.parentGids = fieldSetFlags()[5] ? this.parentGids : (java.util.List<java.lang.Integer>) defaultValue(fields()[5]);
[WARNING]                                                                                                                    ^
[WARNING]   required: List<Integer>
[WARNING]   found:    Object
[WARNING] /tmp/tmpp1p_tkly/desq/target/generated-sources/avro/de/uni_mannheim/desq/avro/AvroItem.java:658: warning: [unchecked] unchecked cast
[WARNING]         record.properties = fieldSetFlags()[7] ? this.properties : (java.util.List<de.uni_mannheim.desq.avro.AvroItemProperties>) defaultValue(fields()[7]);
[WARNING]                                                                                                                                               ^
[WARNING]   required: List<AvroItemProperties>
[WARNING]   found:    Object
[WARNING] /tmp/tmpp1p_tkly/desq/target/generated-sources/avro/de/uni_mannheim/desq/avro/AvroItem.java:671: warning: [unchecked] unchecked call to write(D,Encoder) as a member of the raw type DatumWriter
[WARNING]     WRITER$.write(this, SpecificData.getEncoder(out));
[WARNING]                  ^
[WARNING]   where D is a type-variable:
[WARNING]     D extends Object declared in interface DatumWriter
[WARNING] /tmp/tmpp1p_tkly/desq/target/generated-sources/avro/de/uni_mannheim/desq/avro/AvroItem.java:679: warning: [unchecked] unchecked call to read(D,Decoder) as a member of the raw type DatumReader
[WARNING]     READER$.read(this, SpecificData.getDecoder(in));
[WARNING]                 ^
[WARNING]   where D is a type-variable:
[WARNING]     D extends Object declared in interface DatumReader
[WARNING] /tmp/tmpp1p_tkly/desq/target/generated-sources/avro/de/uni_mannheim/desq/avro/AvroItemProperties.java:256: warning: [unchecked] unchecked call to write(D,Encoder) as a member of the raw type DatumWriter
[WARNING]     WRITER$.write(this, SpecificData.getEncoder(out));
[WARNING]                  ^
[WARNING]   where D is a type-variable:
[WARNING]     D extends Object declared in interface DatumWriter
[WARNING] /tmp/tmpp1p_tkly/desq/target/generated-sources/avro/de/uni_mannheim/desq/avro/AvroItemProperties.java:264: warning: [unchecked] unchecked call to read(D,Decoder) as a member of the raw type DatumReader
[WARNING]     READER$.read(this, SpecificData.getDecoder(in));
[WARNING]                 ^
[WARNING]   where D is a type-variable:
[WARNING]     D extends Object declared in interface DatumReader
[WARNING] /tmp/tmpp1p_tkly/desq/src/main/java/de/uni_mannheim/desq/fst/Fst.java:257: warning: [unchecked] unchecked call to add(E) as a member of the raw type List
[WARNING] 						inEdges.add(e);
[WARNING] 						           ^
[WARNING]   where E is a type-variable:
[WARNING]     E extends Object declared in interface List
[WARNING] /tmp/tmpp1p_tkly/desq/src/main/java/de/uni_mannheim/desq/fst/Fst.java:258: warning: [unchecked] unchecked method invocation: method put in interface Map is applied to given types
[WARNING] 						inEdgesMap.put(e.from, inEdges);
[WARNING] 						              ^
[WARNING]   required: K,V
[WARNING]   found: int,List
[WARNING]   where K,V are type-variables:
[WARNING]     K extends Object declared in interface Map
[WARNING]     V extends Object declared in interface Map
[WARNING] /tmp/tmpp1p_tkly/desq/src/main/java/de/uni_mannheim/desq/fst/Fst.java:258: warning: [unchecked] unchecked conversion
[WARNING] 						inEdgesMap.put(e.from, inEdges);
[WARNING] 						                       ^
[WARNING]   required: V
[WARNING]   found:    List
[WARNING]   where V is a type-variable:
[WARNING]     V extends Object declared in interface Map
[WARNING] /tmp/tmpp1p_tkly/desq/src/main/java/de/uni_mannheim/desq/fst/Fst.java:264: warning: [unchecked] unchecked call to add(E) as a member of the raw type List
[WARNING] 					outEdges.add(e);
[WARNING] 					            ^
[WARNING]   where E is a type-variable:
[WARNING]     E extends Object declared in interface List
[WARNING] /tmp/tmpp1p_tkly/desq/src/main/java/de/uni_mannheim/desq/fst/Fst.java:265: warning: [unchecked] unchecked method invocation: method put in interface Map is applied to given types
[WARNING] 					outEdgesMap.put(e.to, outEdges);
[WARNING] 					               ^
[WARNING]   required: K,V
[WARNING]   found: int,List
[WARNING]   where K,V are type-variables:
[WARNING]     K extends Object declared in interface Map
[WARNING]     V extends Object declared in interface Map
[WARNING] /tmp/tmpp1p_tkly/desq/src/main/java/de/uni_mannheim/desq/fst/Fst.java:265: warning: [unchecked] unchecked conversion
[WARNING] 					outEdgesMap.put(e.to, outEdges);
[WARNING] 					                      ^
[WARNING]   required: V
[WARNING]   found:    List
[WARNING]   where V is a type-variable:
[WARNING]     V extends Object declared in interface Map
[WARNING] /tmp/tmpp1p_tkly/desq/target/generated-sources/avro/de/uni_mannheim/desq/avro/AvroDesqDatasetDescriptor.java:255: warning: [unchecked] unchecked call to write(D,Encoder) as a member of the raw type DatumWriter
[WARNING]     WRITER$.write(this, SpecificData.getEncoder(out));
[WARNING]                  ^
[WARNING]   where D is a type-variable:
[WARNING]     D extends Object declared in interface DatumWriter
[WARNING] /tmp/tmpp1p_tkly/desq/target/generated-sources/avro/de/uni_mannheim/desq/avro/AvroDesqDatasetDescriptor.java:263: warning: [unchecked] unchecked call to read(D,Decoder) as a member of the raw type DatumReader
[WARNING]     READER$.read(this, SpecificData.getDecoder(in));
[WARNING]                 ^
[WARNING]   where D is a type-variable:
[WARNING]     D extends Object declared in interface DatumReader
[WARNING] 31 warnings
[INFO] 
[INFO] --- maven-compiler-plugin:3.1:compile (default-compile) @ desq ---
[INFO] Nothing to compile - all classes are up to date
[INFO] 
[INFO] --- maven-compiler-plugin:3.1:compile (default) @ desq ---
[INFO] Nothing to compile - all classes are up to date
[INFO] 
[INFO] --- maven-resources-plugin:2.6:testResources (default-testResources) @ desq ---
[INFO] Using 'UTF-8' encoding to copy filtered resources.
[INFO] Copying 112 resources
[INFO] 
[INFO] --- scala-maven-plugin:3.2.2:testCompile (scala-test-compile) @ desq ---
[WARNING]  Expected all dependencies to require Scala version: 2.11.8
[WARNING]  de.uni_mannheim:desq:0.0.1-SNAPSHOT requires scala version: 2.11.8
[WARNING]  com.twitter:chill_2.11:0.8.0 requires scala version: 2.11.7
[WARNING] Multiple versions of scala libraries detected!
[INFO] Using incremental compilation
[INFO] Compiling 6 Scala sources and 6 Java sources to /tmp/tmpp1p_tkly/desq/target/test-classes...
[INFO] 
[INFO] --- maven-compiler-plugin:3.1:testCompile (default-testCompile) @ desq ---
[INFO] Nothing to compile - all classes are up to date
[INFO] 
[INFO] --- maven-surefire-plugin:2.19.1:test (default-test) @ desq ---
[INFO] Surefire report directory: /tmp/tmpp1p_tkly/desq/target/surefire-reports

-------------------------------------------------------
 T E S T S
-------------------------------------------------------
Running de.uni_mannheim.desq.mining.Icdm16DesqMiningTest
0 [main] INFO de.uni_mannheim.desq.util.TestUtils  - Created temporary folder: /tmp/junit8059608350893240243
Tests run: 225, Failures: 0, Errors: 0, Skipped: 0, Time elapsed: 4.024 sec - in de.uni_mannheim.desq.mining.Icdm16DesqMiningTest
Running de.uni_mannheim.desq.mining.spark.Icdm16DesqMiningTest
4485 [main] WARN org.apache.hadoop.util.NativeCodeLoader  - Unable to load native-hadoop library for your platform... using builtin-java classes where applicable
Tests run: 300, Failures: 0, Errors: 0, Skipped: 0, Time elapsed: 23.519 sec - in de.uni_mannheim.desq.mining.spark.Icdm16DesqMiningTest
Running de.uni_mannheim.desq.mining.spark.Icdm16TraditionalMiningTest
Tests run: 1920, Failures: 0, Errors: 0, Skipped: 0, Time elapsed: 97.975 sec - in de.uni_mannheim.desq.mining.spark.Icdm16TraditionalMiningTest
Running de.uni_mannheim.desq.mining.Icdm16TraditionalMiningTest
Tests run: 1632, Failures: 0, Errors: 0, Skipped: 0, Time elapsed: 1.654 sec - in de.uni_mannheim.desq.mining.Icdm16TraditionalMiningTest

Results :

Tests run: 4077, Failures: 0, Errors: 0, Skipped: 0

[INFO] 
[INFO] --- jacoco-maven-plugin:0.8.5:report (report) @ desq ---
[INFO] Loading execution data file /tmp/tmpp1p_tkly/desq/target/jacoco.exec
[INFO] Analyzed bundle 'desq' with 1253 classes
[INFO] ------------------------------------------------------------------------
[INFO] BUILD SUCCESS
[INFO] ------------------------------------------------------------------------
[INFO] Total time:  04:07 min
[INFO] Finished at: 2020-07-31T09:06:25Z
[INFO] ------------------------------------------------------------------------
