[INFO] Error stacktraces are turned on.
[INFO] Scanning for projects...
[INFO] Inspecting build with total of 1 modules...
[INFO] Installing Nexus Staging features:
[INFO]   ... total of 1 executions of maven-deploy-plugin replaced with nexus-staging-maven-plugin
[INFO] 
[INFO] --------------< io.logz.logback:logzio-logback-appender >---------------
[INFO] Building Logz.io Logback Appender 0-SNAPSHOT
[INFO] --------------------------------[ jar ]---------------------------------
[INFO] 
[INFO] --- jacoco-maven-plugin:0.8.5:prepare-agent (default) @ logzio-logback-appender ---
[INFO] argLine set to -javaagent:/home/jdbl/.m2/repository/org/jacoco/org.jacoco.agent/0.8.5/org.jacoco.agent-0.8.5-runtime.jar=destfile=/tmp/tmp51koen9q/logzio-logback-appender/target/jacoco.exec
[INFO] 
[INFO] --- maven-resources-plugin:2.6:resources (default-resources) @ logzio-logback-appender ---
[WARNING] Using platform encoding (UTF-8 actually) to copy filtered resources, i.e. build is platform dependent!
[INFO] skip non existing resourceDirectory /tmp/tmp51koen9q/logzio-logback-appender/src/main/resources
[INFO] 
[INFO] --- maven-compiler-plugin:3.5.1:compile (default-compile) @ logzio-logback-appender ---
[INFO] Changes detected - recompiling the module!
[WARNING] File encoding has not been set, using platform encoding UTF-8, i.e. build is platform dependent!
[INFO] Compiling 1 source file to /tmp/tmp51koen9q/logzio-logback-appender/target/classes
[INFO] 
[INFO] --- maven-resources-plugin:2.6:testResources (default-testResources) @ logzio-logback-appender ---
[WARNING] Using platform encoding (UTF-8 actually) to copy filtered resources, i.e. build is platform dependent!
[INFO] Copying 1 resource
[INFO] 
[INFO] --- maven-compiler-plugin:3.5.1:testCompile (default-testCompile) @ logzio-logback-appender ---
[INFO] Changes detected - recompiling the module!
[WARNING] File encoding has not been set, using platform encoding UTF-8, i.e. build is platform dependent!
[INFO] Compiling 4 source files to /tmp/tmp51koen9q/logzio-logback-appender/target/test-classes
[INFO] 
[INFO] --- maven-surefire-plugin:2.19.1:test (default-test) @ logzio-logback-appender ---
[INFO] Surefire report directory: /tmp/tmp51koen9q/logzio-logback-appender/target/surefire-reports

-------------------------------------------------------
 T E S T S
-------------------------------------------------------
Running io.logz.logback.InMemoryTest
SLF4J: Class path contains multiple SLF4J bindings.
SLF4J: Found binding in [file:/tmp/tmp51koen9q/logzio-logback-appender/target/classes/org/slf4j/impl/StaticLoggerBinder.class]
SLF4J: Found binding in [jar:file:/home/jdbl/.m2/repository/ch/qos/logback/logback-classic/1.2.3/logback-classic-1.2.3.jar!/org/slf4j/impl/StaticLoggerBinder.class]
SLF4J: See http://www.slf4j.org/codes.html#multiple_bindings for an explanation.
16:01:25,465 |-INFO in ch.qos.logback.classic.LoggerContext[default] - Could NOT find resource [logback-test.xml]
16:01:25,465 |-INFO in ch.qos.logback.classic.LoggerContext[default] - Could NOT find resource [logback.groovy]
16:01:25,465 |-INFO in ch.qos.logback.classic.LoggerContext[default] - Found resource [logback.xml] at [file:/tmp/tmp51koen9q/logzio-logback-appender/target/test-classes/logback.xml]
16:01:25,608 |-INFO in ch.qos.logback.classic.joran.action.ConfigurationAction - Will scan for changes in [file:/tmp/tmp51koen9q/logzio-logback-appender/target/test-classes/logback.xml] 
16:01:25,609 |-INFO in ch.qos.logback.classic.joran.action.ConfigurationAction - Setting ReconfigureOnChangeTask scanning period to 30 seconds
16:01:25,614 |-INFO in ch.qos.logback.core.joran.action.AppenderAction - About to instantiate appender of type [ch.qos.logback.core.ConsoleAppender]
16:01:25,629 |-INFO in ch.qos.logback.core.joran.action.AppenderAction - Naming appender as [default.console]
16:01:25,638 |-INFO in ch.qos.logback.core.joran.action.NestedComplexPropertyIA - Assuming default type [ch.qos.logback.classic.encoder.PatternLayoutEncoder] for [encoder] property
16:01:25,684 |-INFO in ch.qos.logback.classic.joran.action.LoggerAction - Setting level of logger [io.logz] to INFO
16:01:25,685 |-INFO in ch.qos.logback.classic.joran.action.LoggerAction - Setting level of logger [io.logz.MockLogzioBulkListener] to INFO
16:01:25,685 |-INFO in ch.qos.logback.classic.joran.action.RootLoggerAction - Setting level of ROOT logger to INFO
16:01:25,685 |-INFO in ch.qos.logback.core.joran.action.AppenderRefAction - Attaching appender named [default.console] to Logger[ROOT]
16:01:25,686 |-INFO in ch.qos.logback.classic.joran.action.ConfigurationAction - End of configuration.
16:01:25,694 |-INFO in ch.qos.logback.classic.joran.JoranConfigurator@591e58fa - Registering current configuration as safe fallback point
SLF4J: Actual binding is of type [ch.qos.logback.classic.util.ContextSelectorStaticBinder]
20/07/30 16:01:25 INFO o.e.j.u.log: Logging initialized @769ms to org.eclipse.jetty.util.log.Slf4jLog
20/07/30 16:01:25 INFO i.l.t.MockLogzioBulkListener: Created a mock listener (io.logz.test.MockLogzioBulkListener@53830483)
20/07/30 16:01:25 INFO i.l.t.MockLogzioBulkListener: Starting MockLogzioBulkListener
20/07/30 16:01:25 INFO o.e.j.s.Server: jetty-9.4.17.v20190418; built: 2019-04-18T19:45:35.259Z; git: aa1c656c315c011c01e7b21aabb04066635b9f67; jvm 1.8.0_262-b10
20/07/30 16:01:26 INFO o.e.j.s.AbstractConnector: Started ServerConnector@2eadc9f6{HTTP/1.1,[http/1.1]}{localhost:36051}
20/07/30 16:01:26 INFO o.e.j.s.Server: Started @1098ms
20/07/30 16:01:26 INFO i.l.t.MockLogzioBulkListener: Started listening on localhost:36051 (io.logz.test.MockLogzioBulkListener@53830483)
20/07/30 16:01:26 INFO i.l.l.BaseLogbackAppenderTest: Creating logger verifyCapacityInBytes4e4c3a6. token=verifyCapacityInBytesToken, type=702fe38, drainTimeout=2, addHostname=false, line=false, additionalFields=null 
16:01:26,160 |-INFO in io.logz.logback.LogzioLogbackAppender[LogzioLogbackAppender] - DEBUG: Created new LogzioSender class
16:01:26,161 |-INFO in io.logz.logback.LogzioLogbackAppender[LogzioLogbackAppender] - DEBUG: Attempting to drain queue
16:01:26,236 |-WARN in io.logz.logback.LogzioLogbackAppender[LogzioLogbackAppender] - Logz.io: Dropping logs - we crossed the memory threshold of 0 MB
20/07/30 16:01:26 INFO i.l.l.BaseLogbackAppenderTest: Sleeping 4 [sec]...
16:01:28,162 |-INFO in io.logz.logback.LogzioLogbackAppender[LogzioLogbackAppender] - DEBUG: Attempting to drain queue
16:01:28,549 |-INFO in io.logz.logback.LogzioLogbackAppender[LogzioLogbackAppender] - Successfully sent bulk to logz.io, size: 142
20/07/30 16:01:30 INFO i.l.t.MockLogzioBulkListener: Stopping MockLogzioBulkListener
20/07/30 16:01:30 INFO o.e.j.s.AbstractConnector: Stopped ServerConnector@2eadc9f6{HTTP/1.1,[http/1.1]}{localhost:36051}
20/07/30 16:01:30 INFO i.l.t.MockLogzioBulkListener: Stopped listening on localhost:36051 (io.logz.test.MockLogzioBulkListener@53830483)
20/07/30 16:01:30 INFO i.l.t.MockLogzioBulkListener: Created a mock listener (io.logz.test.MockLogzioBulkListener@1f7cec93)
20/07/30 16:01:30 INFO i.l.t.MockLogzioBulkListener: Starting MockLogzioBulkListener
20/07/30 16:01:30 INFO o.e.j.s.Server: jetty-9.4.17.v20190418; built: 2019-04-18T19:45:35.259Z; git: aa1c656c315c011c01e7b21aabb04066635b9f67; jvm 1.8.0_262-b10
20/07/30 16:01:30 INFO o.e.j.s.AbstractConnector: Started ServerConnector@668cc9a2{HTTP/1.1,[http/1.1]}{localhost:43687}
20/07/30 16:01:30 INFO o.e.j.s.Server: Started @5304ms
20/07/30 16:01:30 INFO i.l.t.MockLogzioBulkListener: Started listening on localhost:43687 (io.logz.test.MockLogzioBulkListener@1f7cec93)
20/07/30 16:01:30 INFO i.l.l.BaseLogbackAppenderTest: Creating logger verifyLogCountCapacity0b67a21. token=verifyLogCountCapacity, type=0a27f62, drainTimeout=1, addHostname=false, line=false, additionalFields=null 
16:01:30,278 |-INFO in io.logz.logback.LogzioLogbackAppender[LogzioLogbackAppender] - DEBUG: Created new LogzioSender class
16:01:30,278 |-INFO in io.logz.logback.LogzioLogbackAppender[LogzioLogbackAppender] - DEBUG: Attempting to drain queue
16:01:30,278 |-WARN in io.logz.logback.LogzioLogbackAppender[LogzioLogbackAppender] - Logz.io: Dropping logs - we crossed the logs counter threshold of 1 logs
20/07/30 16:01:30 INFO i.l.l.BaseLogbackAppenderTest: Sleeping 2 [sec]...
16:01:30,550 |-INFO in io.logz.logback.LogzioLogbackAppender[LogzioLogbackAppender] - DEBUG: Attempting to drain queue
16:01:31,278 |-INFO in io.logz.logback.LogzioLogbackAppender[LogzioLogbackAppender] - DEBUG: Attempting to drain queue
16:01:31,286 |-INFO in io.logz.logback.LogzioLogbackAppender[LogzioLogbackAppender] - Successfully sent bulk to logz.io, size: 143
20/07/30 16:01:32 INFO i.l.t.MockLogzioBulkListener: Stopping MockLogzioBulkListener
20/07/30 16:01:32 INFO o.e.j.s.AbstractConnector: Stopped ServerConnector@668cc9a2{HTTP/1.1,[http/1.1]}{localhost:43687}
20/07/30 16:01:32 INFO i.l.t.MockLogzioBulkListener: Stopped listening on localhost:43687 (io.logz.test.MockLogzioBulkListener@1f7cec93)
16:01:32,287 |-INFO in io.logz.logback.LogzioLogbackAppender[LogzioLogbackAppender] - DEBUG: Attempting to drain queue
Tests run: 2, Failures: 0, Errors: 0, Skipped: 0, Time elapsed: 6.904 sec - in io.logz.logback.InMemoryTest
Running io.logz.logback.LogzioLogbackAppenderTest
20/07/30 16:01:32 INFO i.l.t.MockLogzioBulkListener: Created a mock listener (io.logz.test.MockLogzioBulkListener@1213ffbc)
20/07/30 16:01:32 INFO i.l.t.MockLogzioBulkListener: Starting MockLogzioBulkListener
20/07/30 16:01:32 INFO o.e.j.s.Server: jetty-9.4.17.v20190418; built: 2019-04-18T19:45:35.259Z; git: aa1c656c315c011c01e7b21aabb04066635b9f67; jvm 1.8.0_262-b10
20/07/30 16:01:32 INFO o.e.j.s.AbstractConnector: Started ServerConnector@15d3793b{HTTP/1.1,[http/1.1]}{localhost:35071}
20/07/30 16:01:32 INFO o.e.j.s.Server: Started @7341ms
20/07/30 16:01:32 INFO i.l.t.MockLogzioBulkListener: Started listening on localhost:35071 (io.logz.test.MockLogzioBulkListener@1213ffbc)
20/07/30 16:01:32 INFO i.l.l.BaseLogbackAppenderTest: Creating logger markerTesting2f4634d. token=markerToken, type=markerType42c9867, drainTimeout=1, addHostname=false, line=false, additionalFields=null 
16:01:32,337 |-INFO in io.logz.logback.LogzioLogbackAppender[LogzioLogbackAppender] - DEBUG: Created new LogzioSender class
16:01:32,337 |-INFO in io.logz.logback.LogzioLogbackAppender[LogzioLogbackAppender] - DEBUG: Attempting to drain queue
20/07/30 16:01:32 INFO i.l.l.BaseLogbackAppenderTest: Sleeping 2 [sec]...
16:01:32,550 |-INFO in io.logz.logback.LogzioLogbackAppender[LogzioLogbackAppender] - DEBUG: Attempting to drain queue
16:01:33,287 |-INFO in io.logz.logback.LogzioLogbackAppender[LogzioLogbackAppender] - DEBUG: Attempting to drain queue
16:01:33,337 |-INFO in io.logz.logback.LogzioLogbackAppender[LogzioLogbackAppender] - DEBUG: Attempting to drain queue
16:01:33,346 |-INFO in io.logz.logback.LogzioLogbackAppender[LogzioLogbackAppender] - Successfully sent bulk to logz.io, size: 163
16:01:34,287 |-INFO in io.logz.logback.LogzioLogbackAppender[LogzioLogbackAppender] - DEBUG: Attempting to drain queue
20/07/30 16:01:34 INFO i.l.t.MockLogzioBulkListener: Stopping MockLogzioBulkListener
16:01:34,347 |-INFO in io.logz.logback.LogzioLogbackAppender[LogzioLogbackAppender] - DEBUG: Attempting to drain queue
20/07/30 16:01:34 INFO o.e.j.s.AbstractConnector: Stopped ServerConnector@15d3793b{HTTP/1.1,[http/1.1]}{localhost:35071}
20/07/30 16:01:34 INFO i.l.t.MockLogzioBulkListener: Stopped listening on localhost:35071 (io.logz.test.MockLogzioBulkListener@1213ffbc)
20/07/30 16:01:34 INFO i.l.t.MockLogzioBulkListener: Created a mock listener (io.logz.test.MockLogzioBulkListener@615efd1c)
20/07/30 16:01:34 INFO i.l.t.MockLogzioBulkListener: Starting MockLogzioBulkListener
20/07/30 16:01:34 INFO o.e.j.s.Server: jetty-9.4.17.v20190418; built: 2019-04-18T19:45:35.259Z; git: aa1c656c315c011c01e7b21aabb04066635b9f67; jvm 1.8.0_262-b10
20/07/30 16:01:34 INFO o.e.j.s.AbstractConnector: Started ServerConnector@75882261{HTTP/1.1,[http/1.1]}{localhost:45019}
20/07/30 16:01:34 INFO o.e.j.s.Server: Started @9452ms
20/07/30 16:01:34 INFO i.l.t.MockLogzioBulkListener: Started listening on localhost:45019 (io.logz.test.MockLogzioBulkListener@615efd1c)
20/07/30 16:01:34 INFO i.l.l.BaseLogbackAppenderTest: Creating logger teste58d0ab. token=checkingLine, type=withLineType5ac33ca, drainTimeout=1, addHostname=false, line=true, additionalFields=null 
16:01:34,427 |-INFO in io.logz.logback.LogzioLogbackAppender[LogzioLogbackAppender] - DEBUG: Created new LogzioSender class
16:01:34,441 |-INFO in io.logz.logback.LogzioLogbackAppender[LogzioLogbackAppender] - DEBUG: Attempting to drain queue
20/07/30 16:01:34 INFO i.l.l.BaseLogbackAppenderTest: Sleeping 2 [sec]...
16:01:34,483 |-INFO in io.logz.logback.LogzioLogbackAppender[LogzioLogbackAppender] - Successfully sent bulk to logz.io, size: 144
16:01:34,550 |-INFO in io.logz.logback.LogzioLogbackAppender[LogzioLogbackAppender] - DEBUG: Attempting to drain queue
16:01:35,288 |-INFO in io.logz.logback.LogzioLogbackAppender[LogzioLogbackAppender] - DEBUG: Attempting to drain queue
16:01:35,347 |-INFO in io.logz.logback.LogzioLogbackAppender[LogzioLogbackAppender] - DEBUG: Attempting to drain queue
16:01:35,483 |-INFO in io.logz.logback.LogzioLogbackAppender[LogzioLogbackAppender] - DEBUG: Attempting to drain queue
16:01:36,288 |-INFO in io.logz.logback.LogzioLogbackAppender[LogzioLogbackAppender] - DEBUG: Attempting to drain queue
16:01:36,347 |-INFO in io.logz.logback.LogzioLogbackAppender[LogzioLogbackAppender] - DEBUG: Attempting to drain queue
20/07/30 16:01:36 INFO i.l.t.MockLogzioBulkListener: Stopping MockLogzioBulkListener
20/07/30 16:01:36 INFO o.e.j.s.AbstractConnector: Stopped ServerConnector@75882261{HTTP/1.1,[http/1.1]}{localhost:45019}
20/07/30 16:01:36 INFO i.l.t.MockLogzioBulkListener: Stopped listening on localhost:45019 (io.logz.test.MockLogzioBulkListener@615efd1c)
20/07/30 16:01:36 INFO i.l.t.MockLogzioBulkListener: Created a mock listener (io.logz.test.MockLogzioBulkListener@6ddd1c51)
20/07/30 16:01:36 INFO i.l.t.MockLogzioBulkListener: Starting MockLogzioBulkListener
20/07/30 16:01:36 INFO o.e.j.s.Server: jetty-9.4.17.v20190418; built: 2019-04-18T19:45:35.259Z; git: aa1c656c315c011c01e7b21aabb04066635b9f67; jvm 1.8.0_262-b10
16:01:36,483 |-INFO in io.logz.logback.LogzioLogbackAppender[LogzioLogbackAppender] - DEBUG: Attempting to drain queue
20/07/30 16:01:36 INFO o.e.j.s.AbstractConnector: Started ServerConnector@492521c4{HTTP/1.1,[http/1.1]}{localhost:44573}
20/07/30 16:01:36 INFO o.e.j.s.Server: Started @11512ms
20/07/30 16:01:36 INFO i.l.t.MockLogzioBulkListener: Started listening on localhost:44573 (io.logz.test.MockLogzioBulkListener@6ddd1c51)
20/07/30 16:01:36 INFO i.l.l.BaseLogbackAppenderTest: Creating logger mdcTesting80cf789. token=mdcTokensAreTheBest, type=mdcType6dea4c9, drainTimeout=1, addHostname=false, line=false, additionalFields=null 
16:01:36,489 |-INFO in io.logz.logback.LogzioLogbackAppender[LogzioLogbackAppender] - DEBUG: Created new LogzioSender class
16:01:36,489 |-INFO in io.logz.logback.LogzioLogbackAppender[LogzioLogbackAppender] - DEBUG: Attempting to drain queue
20/07/30 16:01:36 INFO i.l.l.BaseLogbackAppenderTest: Sleeping 2 [sec]...
16:01:36,551 |-INFO in io.logz.logback.LogzioLogbackAppender[LogzioLogbackAppender] - DEBUG: Attempting to drain queue
16:01:37,288 |-INFO in io.logz.logback.LogzioLogbackAppender[LogzioLogbackAppender] - DEBUG: Attempting to drain queue
16:01:37,348 |-INFO in io.logz.logback.LogzioLogbackAppender[LogzioLogbackAppender] - DEBUG: Attempting to drain queue
16:01:37,484 |-INFO in io.logz.logback.LogzioLogbackAppender[LogzioLogbackAppender] - DEBUG: Attempting to drain queue
16:01:37,490 |-INFO in io.logz.logback.LogzioLogbackAppender[LogzioLogbackAppender] - DEBUG: Attempting to drain queue
16:01:37,492 |-INFO in io.logz.logback.LogzioLogbackAppender[LogzioLogbackAppender] - Successfully sent bulk to logz.io, size: 162
16:01:38,289 |-INFO in io.logz.logback.LogzioLogbackAppender[LogzioLogbackAppender] - DEBUG: Attempting to drain queue
16:01:38,348 |-INFO in io.logz.logback.LogzioLogbackAppender[LogzioLogbackAppender] - DEBUG: Attempting to drain queue
16:01:38,484 |-INFO in io.logz.logback.LogzioLogbackAppender[LogzioLogbackAppender] - DEBUG: Attempting to drain queue
20/07/30 16:01:38 INFO i.l.t.MockLogzioBulkListener: Stopping MockLogzioBulkListener
16:01:38,492 |-INFO in io.logz.logback.LogzioLogbackAppender[LogzioLogbackAppender] - DEBUG: Attempting to drain queue
20/07/30 16:01:38 INFO o.e.j.s.AbstractConnector: Stopped ServerConnector@492521c4{HTTP/1.1,[http/1.1]}{localhost:44573}
20/07/30 16:01:38 INFO i.l.t.MockLogzioBulkListener: Stopped listening on localhost:44573 (io.logz.test.MockLogzioBulkListener@6ddd1c51)
20/07/30 16:01:38 INFO i.l.t.MockLogzioBulkListener: Created a mock listener (io.logz.test.MockLogzioBulkListener@7c8874ef)
20/07/30 16:01:38 INFO i.l.t.MockLogzioBulkListener: Starting MockLogzioBulkListener
20/07/30 16:01:38 INFO o.e.j.s.Server: jetty-9.4.17.v20190418; built: 2019-04-18T19:45:35.259Z; git: aa1c656c315c011c01e7b21aabb04066635b9f67; jvm 1.8.0_262-b10
20/07/30 16:01:38 INFO o.e.j.s.AbstractConnector: Started ServerConnector@65da01f4{HTTP/1.1,[http/1.1]}{localhost:44035}
20/07/30 16:01:38 INFO o.e.j.s.Server: Started @13537ms
20/07/30 16:01:38 INFO i.l.t.MockLogzioBulkListener: Started listening on localhost:44035 (io.logz.test.MockLogzioBulkListener@7c8874ef)
20/07/30 16:01:38 INFO i.l.l.BaseLogbackAppenderTest: context.reset() is called when logback loads a new logback.xml in-flight
20/07/30 16:01:38 INFO i.l.l.BaseLogbackAppenderTest: Creating logger ContextResetLoggeradd061b. token=testingContextReset, type=contextResetTypef88cc01, drainTimeout=1, addHostname=false, line=false, additionalFields=null 
16:01:38,513 |-INFO in io.logz.logback.LogzioLogbackAppender[LogzioLogbackAppender] - DEBUG: Created new LogzioSender class
16:01:38,513 |-INFO in io.logz.logback.LogzioLogbackAppender[LogzioLogbackAppender] - DEBUG: Attempting to drain queue
20/07/30 16:01:38 INFO i.l.l.BaseLogbackAppenderTest: Sleeping 2 [sec]...
16:01:38,551 |-INFO in io.logz.logback.LogzioLogbackAppender[LogzioLogbackAppender] - DEBUG: Attempting to drain queue
16:01:39,289 |-INFO in io.logz.logback.LogzioLogbackAppender[LogzioLogbackAppender] - DEBUG: Attempting to drain queue
16:01:39,348 |-INFO in io.logz.logback.LogzioLogbackAppender[LogzioLogbackAppender] - DEBUG: Attempting to drain queue
16:01:39,485 |-INFO in io.logz.logback.LogzioLogbackAppender[LogzioLogbackAppender] - DEBUG: Attempting to drain queue
16:01:39,493 |-INFO in io.logz.logback.LogzioLogbackAppender[LogzioLogbackAppender] - DEBUG: Attempting to drain queue
16:01:39,513 |-INFO in io.logz.logback.LogzioLogbackAppender[LogzioLogbackAppender] - DEBUG: Attempting to drain queue
16:01:39,522 |-INFO in io.logz.logback.LogzioLogbackAppender[LogzioLogbackAppender] - Successfully sent bulk to logz.io, size: 172
16:01:40,289 |-INFO in io.logz.logback.LogzioLogbackAppender[LogzioLogbackAppender] - DEBUG: Attempting to drain queue
16:01:40,349 |-INFO in io.logz.logback.LogzioLogbackAppender[LogzioLogbackAppender] - DEBUG: Attempting to drain queue
16:01:40,485 |-INFO in io.logz.logback.LogzioLogbackAppender[LogzioLogbackAppender] - DEBUG: Attempting to drain queue
16:01:40,493 |-INFO in io.logz.logback.LogzioLogbackAppender[LogzioLogbackAppender] - DEBUG: Attempting to drain queue
16:01:40,519 |-INFO in io.logz.logback.LogzioLogbackAppender[LogzioLogbackAppender] - DEBUG: Got stop request, Submitting a final drain queue task to drain before shutdown. Will timeout in 20 seconds.
16:01:40,519 |-INFO in io.logz.logback.LogzioLogbackAppender[LogzioLogbackAppender] - DEBUG: Attempting to drain queue
16:01:40,520 |-INFO in io.logz.logback.LogzioLogbackAppender[LogzioLogbackAppender] - DEBUG: Got stop request, Submitting a final drain queue task to drain before shutdown. Will timeout in 20 seconds.
16:01:40,521 |-INFO in io.logz.logback.LogzioLogbackAppender[LogzioLogbackAppender] - DEBUG: Attempting to drain queue
16:01:40,521 |-INFO in io.logz.logback.LogzioLogbackAppender[LogzioLogbackAppender] - DEBUG: Got stop request, Submitting a final drain queue task to drain before shutdown. Will timeout in 20 seconds.
16:01:40,522 |-INFO in io.logz.logback.LogzioLogbackAppender[LogzioLogbackAppender] - DEBUG: Attempting to drain queue
16:01:40,524 |-INFO in io.logz.logback.LogzioLogbackAppender[LogzioLogbackAppender] - DEBUG: Attempting to drain queue
16:01:40,524 |-INFO in io.logz.logback.LogzioLogbackAppender[LogzioLogbackAppender] - DEBUG: Got stop request, Submitting a final drain queue task to drain before shutdown. Will timeout in 20 seconds.
16:01:40,524 |-INFO in io.logz.logback.LogzioLogbackAppender[LogzioLogbackAppender] - DEBUG: Attempting to drain queue
16:01:40,524 |-INFO in io.logz.logback.LogzioLogbackAppender[LogzioLogbackAppender] - DEBUG: Got stop request, Submitting a final drain queue task to drain before shutdown. Will timeout in 20 seconds.
16:01:40,525 |-INFO in io.logz.logback.LogzioLogbackAppender[LogzioLogbackAppender] - DEBUG: Attempting to drain queue
16:01:40,525 |-INFO in io.logz.logback.LogzioLogbackAppender[LogzioLogbackAppender] - DEBUG: Got stop request, Submitting a final drain queue task to drain before shutdown. Will timeout in 20 seconds.
16:01:40,525 |-INFO in io.logz.logback.LogzioLogbackAppender[LogzioLogbackAppender] - DEBUG: Attempting to drain queue
Tests run: 26, Failures: 0, Errors: 0, Skipped: 0, Time elapsed: 57.757 sec - in io.logz.logback.LogzioLogbackAppenderTest

Results :

Tests run: 28, Failures: 0, Errors: 0, Skipped: 0

[INFO] 
[INFO] --- jacoco-maven-plugin:0.8.5:report (report) @ logzio-logback-appender ---
[INFO] Loading execution data file /tmp/tmp51koen9q/logzio-logback-appender/target/jacoco.exec
[INFO] Analyzed bundle 'Logz.io Logback Appender' with 1420 classes
[INFO] ------------------------------------------------------------------------
[INFO] BUILD SUCCESS
[INFO] ------------------------------------------------------------------------
[INFO] Total time:  01:19 min
[INFO] Finished at: 2020-07-30T16:02:33Z
[INFO] ------------------------------------------------------------------------
