[INFO] Error stacktraces are turned on.
[INFO] Scanning for projects...
[INFO] 
[INFO] -----------------< org.zalando.planb:planb-revocation >-----------------
[INFO] Building Plan B Revocation Service 1.0-SNAPSHOT
[INFO] --------------------------------[ jar ]---------------------------------
[INFO] 
[INFO] --- jacoco-maven-plugin:0.8.5:prepare-agent (default) @ planb-revocation ---
[INFO] argLine set to -javaagent:/home/jdbl/.m2/repository/org/jacoco/org.jacoco.agent/0.8.5/org.jacoco.agent-0.8.5-runtime.jar=destfile=/tmp/tmpz45ie04f/planb-revocation/target/jacoco.exec
[INFO] 
[INFO] --- maven-resources-plugin:2.6:resources (default-resources) @ planb-revocation ---
[INFO] Using 'UTF-8' encoding to copy filtered resources.
[INFO] Copying 5 resources
[INFO] 
[INFO] --- maven-compiler-plugin:3.5.1:compile (default-compile) @ planb-revocation ---
[INFO] Changes detected - recompiling the module!
[INFO] Compiling 69 source files to /tmp/tmpz45ie04f/planb-revocation/target/classes
[INFO] -------------------------------------------------------------
[ERROR] COMPILATION ERROR : 
[INFO] -------------------------------------------------------------
[ERROR] /tmp/tmpz45ie04f/planb-revocation/src/main/java/org/zalando/planb/revocation/service/impl/RuleBasedClaimRevocationAuthorizationService.java:[12,43] cannot find symbol
  symbol:   class ImmutableAuthorizationRule
  location: package org.zalando.planb.revocation.domain
[ERROR] /tmp/tmpz45ie04f/planb-revocation/src/main/java/org/zalando/planb/revocation/persistence/CassandraAuthorizationRuleStore.java:[14,43] cannot find symbol
  symbol:   class ImmutableAuthorizationRule
  location: package org.zalando.planb.revocation.domain
[ERROR] /tmp/tmpz45ie04f/planb-revocation/src/main/java/org/zalando/planb/revocation/config/RevocationConfig.java:[13,41] cannot find symbol
  symbol:   class ImmutableMessageHasher
  location: package org.zalando.planb.revocation.util
[ERROR] /tmp/tmpz45ie04f/planb-revocation/src/main/java/org/zalando/planb/revocation/persistence/CassandraRevocationStore.java:[16,43] cannot find symbol
  symbol:   class ImmutableRefresh
  location: package org.zalando.planb.revocation.domain
[ERROR] /tmp/tmpz45ie04f/planb-revocation/src/main/java/org/zalando/planb/revocation/persistence/CassandraRevocationStore.java:[17,43] cannot find symbol
  symbol:   class ImmutableRevocationData
  location: package org.zalando.planb.revocation.domain
[ERROR] /tmp/tmpz45ie04f/planb-revocation/src/main/java/org/zalando/planb/revocation/persistence/CassandraRevocationStore.java:[18,43] cannot find symbol
  symbol:   class ImmutableRevocationRequest
  location: package org.zalando.planb.revocation.domain
[ERROR] /tmp/tmpz45ie04f/planb-revocation/src/main/java/org/zalando/planb/revocation/api/impl/RevocationResourceImpl.java:[16,43] cannot find symbol
  symbol:   class ImmutableRevocationInfo
  location: package org.zalando.planb.revocation.domain
[ERROR] /tmp/tmpz45ie04f/planb-revocation/src/main/java/org/zalando/planb/revocation/api/impl/RevocationResourceImpl.java:[17,43] cannot find symbol
  symbol:   class ImmutableRevocationList
  location: package org.zalando.planb.revocation.domain
[ERROR] /tmp/tmpz45ie04f/planb-revocation/src/main/java/org/zalando/planb/revocation/api/impl/RevocationResourceImpl.java:[18,43] cannot find symbol
  symbol:   class ImmutableRevokedClaimsInfo
  location: package org.zalando.planb.revocation.domain
[ERROR] /tmp/tmpz45ie04f/planb-revocation/src/main/java/org/zalando/planb/revocation/api/impl/RevocationResourceImpl.java:[19,43] cannot find symbol
  symbol:   class ImmutableRevokedTokenInfo
  location: package org.zalando.planb.revocation.domain
[ERROR] /tmp/tmpz45ie04f/planb-revocation/src/main/java/org/zalando/planb/revocation/persistence/InMemoryRevocationStore.java:[4,43] cannot find symbol
  symbol:   class ImmutableRefresh
  location: package org.zalando.planb.revocation.domain
[ERROR] /tmp/tmpz45ie04f/planb-revocation/src/main/java/org/zalando/planb/revocation/persistence/InMemoryRevocationStore.java:[5,43] cannot find symbol
  symbol:   class ImmutableRevocationData
  location: package org.zalando.planb.revocation.domain
[ERROR] /tmp/tmpz45ie04f/planb-revocation/src/main/java/org/zalando/planb/revocation/domain/RevocationInfo.java:[16,23] cannot find symbol
  symbol: class ImmutableRevocationInfo
[ERROR] /tmp/tmpz45ie04f/planb-revocation/src/main/java/org/zalando/planb/revocation/domain/RevocationRequest.java:[16,23] cannot find symbol
  symbol: class ImmutableRevocationRequest
[ERROR] /tmp/tmpz45ie04f/planb-revocation/src/main/java/org/zalando/planb/revocation/api/impl/NotificationResourceImpl.java:[17,24] cannot find symbol
  symbol:   method path()
  location: @interface org.springframework.web.bind.annotation.RequestMapping
[ERROR] /tmp/tmpz45ie04f/planb-revocation/src/main/java/org/zalando/planb/revocation/domain/RevocationData.java:[15,23] cannot find symbol
  symbol: class ImmutableRevocationData
[ERROR] /tmp/tmpz45ie04f/planb-revocation/src/main/java/org/zalando/planb/revocation/domain/Refresh.java:[15,23] cannot find symbol
  symbol: class ImmutableRefresh
[ERROR] /tmp/tmpz45ie04f/planb-revocation/src/main/java/org/zalando/planb/revocation/domain/RevocationList.java:[18,23] cannot find symbol
  symbol: class ImmutableRevocationList
[ERROR] /tmp/tmpz45ie04f/planb-revocation/src/main/java/org/zalando/planb/revocation/domain/RevokedGlobal.java:[15,23] cannot find symbol
  symbol: class ImmutableRevokedGlobal
[ERROR] /tmp/tmpz45ie04f/planb-revocation/src/main/java/org/zalando/planb/revocation/domain/RevokedClaimsData.java:[17,23] cannot find symbol
  symbol: class ImmutableRevokedClaimsData
[ERROR] /tmp/tmpz45ie04f/planb-revocation/src/main/java/org/zalando/planb/revocation/domain/RevokedTokenData.java:[15,23] cannot find symbol
  symbol: class ImmutableRevokedTokenData
[ERROR] /tmp/tmpz45ie04f/planb-revocation/src/main/java/org/zalando/planb/revocation/config/WebConfig.java:[21,44] cannot find symbol
  symbol:   method classes()
  location: @interface org.springframework.context.annotation.ComponentScan.Filter
[ERROR] /tmp/tmpz45ie04f/planb-revocation/src/main/java/org/zalando/planb/revocation/config/WebConfig.java:[21,55] element value must be a constant expression
[ERROR] /tmp/tmpz45ie04f/planb-revocation/src/main/java/org/zalando/planb/revocation/config/WebConfig.java:[21,77] element value must be a constant expression
[ERROR] /tmp/tmpz45ie04f/planb-revocation/src/main/java/org/zalando/planb/revocation/config/WebConfig.java:[21,101] element value must be a constant expression
[ERROR] /tmp/tmpz45ie04f/planb-revocation/src/main/java/org/zalando/planb/revocation/domain/Problem.java:[18,23] cannot find symbol
  symbol: class ImmutableProblem
[ERROR] /tmp/tmpz45ie04f/planb-revocation/src/main/java/org/zalando/planb/revocation/domain/RevokedClaimsInfo.java:[16,23] cannot find symbol
  symbol: class ImmutableRevokedClaimsInfo
[ERROR] /tmp/tmpz45ie04f/planb-revocation/src/main/java/org/zalando/planb/revocation/domain/RevokedTokenInfo.java:[14,23] cannot find symbol
  symbol: class ImmutableRevokedTokenInfo
[ERROR] /tmp/tmpz45ie04f/planb-revocation/src/main/java/org/zalando/planb/revocation/service/impl/RuleBasedClaimRevocationAuthorizationService.java:[35,46] cannot find symbol
  symbol:   variable ImmutableAuthorizationRule
  location: class org.zalando.planb.revocation.service.impl.RuleBasedClaimRevocationAuthorizationService
[ERROR] /tmp/tmpz45ie04f/planb-revocation/src/main/java/org/zalando/planb/revocation/service/impl/RuleBasedClaimRevocationAuthorizationService.java:[38,46] cannot find symbol
  symbol:   variable ImmutableAuthorizationRule
  location: class org.zalando.planb.revocation.service.impl.RuleBasedClaimRevocationAuthorizationService
[ERROR] /tmp/tmpz45ie04f/planb-revocation/src/main/java/org/zalando/planb/revocation/persistence/CassandraAuthorizationRuleStore.java:[100,16] cannot find symbol
  symbol:   variable ImmutableAuthorizationRule
  location: class org.zalando.planb.revocation.persistence.CassandraAuthorizationRuleStore
[ERROR] /tmp/tmpz45ie04f/planb-revocation/src/main/java/org/zalando/planb/revocation/config/RevocationConfig.java:[25,16] cannot find symbol
  symbol:   variable ImmutableMessageHasher
  location: class org.zalando.planb.revocation.config.RevocationConfig
[ERROR] /tmp/tmpz45ie04f/planb-revocation/src/main/java/org/zalando/planb/revocation/domain/Problem.java:[71,16] cannot find symbol
  symbol:   variable ImmutableProblem
  location: class org.zalando.planb.revocation.domain.Problem
[ERROR] /tmp/tmpz45ie04f/planb-revocation/src/main/java/org/zalando/planb/revocation/persistence/CassandraRevocationStore.java:[198,48] cannot find symbol
  symbol:   variable ImmutableRevocationRequest
  location: class org.zalando.planb.revocation.persistence.CassandraRevocationStore
[ERROR] /tmp/tmpz45ie04f/planb-revocation/src/main/java/org/zalando/planb/revocation/persistence/CassandraRevocationStore.java:[197,53] cannot find symbol
  symbol:   variable ImmutableRevocationData
  location: class org.zalando.planb.revocation.persistence.CassandraRevocationStore
[ERROR] /tmp/tmpz45ie04f/planb-revocation/src/main/java/org/zalando/planb/revocation/persistence/CassandraRevocationStore.java:[254,16] cannot find symbol
  symbol:   variable ImmutableRefresh
  location: class org.zalando.planb.revocation.persistence.CassandraRevocationStore
[ERROR] /tmp/tmpz45ie04f/planb-revocation/src/main/java/org/zalando/planb/revocation/api/impl/RevocationResourceImpl.java:[90,31] cannot find symbol
  symbol:   variable ImmutableRevokedClaimsInfo
  location: class org.zalando.planb.revocation.api.impl.RevocationResourceImpl
[ERROR] /tmp/tmpz45ie04f/planb-revocation/src/main/java/org/zalando/planb/revocation/api/impl/RevocationResourceImpl.java:[99,31] cannot find symbol
  symbol:   variable ImmutableRevokedTokenInfo
  location: class org.zalando.planb.revocation.api.impl.RevocationResourceImpl
[ERROR] /tmp/tmpz45ie04f/planb-revocation/src/main/java/org/zalando/planb/revocation/api/impl/RevocationResourceImpl.java:[106,32] cannot find symbol
  symbol:   variable ImmutableRevocationInfo
  location: class org.zalando.planb.revocation.api.impl.RevocationResourceImpl
[ERROR] /tmp/tmpz45ie04f/planb-revocation/src/main/java/org/zalando/planb/revocation/api/impl/RevocationResourceImpl.java:[113,16] cannot find symbol
  symbol:   variable ImmutableRevocationList
  location: class org.zalando.planb.revocation.api.impl.RevocationResourceImpl
[ERROR] /tmp/tmpz45ie04f/planb-revocation/src/main/java/org/zalando/planb/revocation/persistence/InMemoryRevocationStore.java:[33,47] cannot find symbol
  symbol:   variable ImmutableRevocationData
  location: class org.zalando.planb.revocation.persistence.InMemoryRevocationStore
[ERROR] /tmp/tmpz45ie04f/planb-revocation/src/main/java/org/zalando/planb/revocation/persistence/InMemoryRevocationStore.java:[45,45] cannot find symbol
  symbol:   variable ImmutableRefresh
  location: class org.zalando.planb.revocation.persistence.InMemoryRevocationStore
[INFO] 42 errors 
[INFO] -------------------------------------------------------------
[INFO] ------------------------------------------------------------------------
[INFO] BUILD FAILURE
[INFO] ------------------------------------------------------------------------
[INFO] Total time:  27.651 s
[INFO] Finished at: 2020-08-03T11:17:52Z
[INFO] ------------------------------------------------------------------------
[ERROR] Failed to execute goal org.apache.maven.plugins:maven-compiler-plugin:3.5.1:compile (default-compile) on project planb-revocation: Compilation failure: Compilation failure: 
[ERROR] /tmp/tmpz45ie04f/planb-revocation/src/main/java/org/zalando/planb/revocation/service/impl/RuleBasedClaimRevocationAuthorizationService.java:[12,43] cannot find symbol
[ERROR]   symbol:   class ImmutableAuthorizationRule
[ERROR]   location: package org.zalando.planb.revocation.domain
[ERROR] /tmp/tmpz45ie04f/planb-revocation/src/main/java/org/zalando/planb/revocation/persistence/CassandraAuthorizationRuleStore.java:[14,43] cannot find symbol
[ERROR]   symbol:   class ImmutableAuthorizationRule
[ERROR]   location: package org.zalando.planb.revocation.domain
[ERROR] /tmp/tmpz45ie04f/planb-revocation/src/main/java/org/zalando/planb/revocation/config/RevocationConfig.java:[13,41] cannot find symbol
[ERROR]   symbol:   class ImmutableMessageHasher
[ERROR]   location: package org.zalando.planb.revocation.util
[ERROR] /tmp/tmpz45ie04f/planb-revocation/src/main/java/org/zalando/planb/revocation/persistence/CassandraRevocationStore.java:[16,43] cannot find symbol
[ERROR]   symbol:   class ImmutableRefresh
[ERROR]   location: package org.zalando.planb.revocation.domain
[ERROR] /tmp/tmpz45ie04f/planb-revocation/src/main/java/org/zalando/planb/revocation/persistence/CassandraRevocationStore.java:[17,43] cannot find symbol
[ERROR]   symbol:   class ImmutableRevocationData
[ERROR]   location: package org.zalando.planb.revocation.domain
[ERROR] /tmp/tmpz45ie04f/planb-revocation/src/main/java/org/zalando/planb/revocation/persistence/CassandraRevocationStore.java:[18,43] cannot find symbol
[ERROR]   symbol:   class ImmutableRevocationRequest
[ERROR]   location: package org.zalando.planb.revocation.domain
[ERROR] /tmp/tmpz45ie04f/planb-revocation/src/main/java/org/zalando/planb/revocation/api/impl/RevocationResourceImpl.java:[16,43] cannot find symbol
[ERROR]   symbol:   class ImmutableRevocationInfo
[ERROR]   location: package org.zalando.planb.revocation.domain
[ERROR] /tmp/tmpz45ie04f/planb-revocation/src/main/java/org/zalando/planb/revocation/api/impl/RevocationResourceImpl.java:[17,43] cannot find symbol
[ERROR]   symbol:   class ImmutableRevocationList
[ERROR]   location: package org.zalando.planb.revocation.domain
[ERROR] /tmp/tmpz45ie04f/planb-revocation/src/main/java/org/zalando/planb/revocation/api/impl/RevocationResourceImpl.java:[18,43] cannot find symbol
[ERROR]   symbol:   class ImmutableRevokedClaimsInfo
[ERROR]   location: package org.zalando.planb.revocation.domain
[ERROR] /tmp/tmpz45ie04f/planb-revocation/src/main/java/org/zalando/planb/revocation/api/impl/RevocationResourceImpl.java:[19,43] cannot find symbol
[ERROR]   symbol:   class ImmutableRevokedTokenInfo
[ERROR]   location: package org.zalando.planb.revocation.domain
[ERROR] /tmp/tmpz45ie04f/planb-revocation/src/main/java/org/zalando/planb/revocation/persistence/InMemoryRevocationStore.java:[4,43] cannot find symbol
[ERROR]   symbol:   class ImmutableRefresh
[ERROR]   location: package org.zalando.planb.revocation.domain
[ERROR] /tmp/tmpz45ie04f/planb-revocation/src/main/java/org/zalando/planb/revocation/persistence/InMemoryRevocationStore.java:[5,43] cannot find symbol
[ERROR]   symbol:   class ImmutableRevocationData
[ERROR]   location: package org.zalando.planb.revocation.domain
[ERROR] /tmp/tmpz45ie04f/planb-revocation/src/main/java/org/zalando/planb/revocation/domain/RevocationInfo.java:[16,23] cannot find symbol
[ERROR]   symbol: class ImmutableRevocationInfo
[ERROR] /tmp/tmpz45ie04f/planb-revocation/src/main/java/org/zalando/planb/revocation/domain/RevocationRequest.java:[16,23] cannot find symbol
[ERROR]   symbol: class ImmutableRevocationRequest
[ERROR] /tmp/tmpz45ie04f/planb-revocation/src/main/java/org/zalando/planb/revocation/api/impl/NotificationResourceImpl.java:[17,24] cannot find symbol
[ERROR]   symbol:   method path()
[ERROR]   location: @interface org.springframework.web.bind.annotation.RequestMapping
[ERROR] /tmp/tmpz45ie04f/planb-revocation/src/main/java/org/zalando/planb/revocation/domain/RevocationData.java:[15,23] cannot find symbol
[ERROR]   symbol: class ImmutableRevocationData
[ERROR] /tmp/tmpz45ie04f/planb-revocation/src/main/java/org/zalando/planb/revocation/domain/Refresh.java:[15,23] cannot find symbol
[ERROR]   symbol: class ImmutableRefresh
[ERROR] /tmp/tmpz45ie04f/planb-revocation/src/main/java/org/zalando/planb/revocation/domain/RevocationList.java:[18,23] cannot find symbol
[ERROR]   symbol: class ImmutableRevocationList
[ERROR] /tmp/tmpz45ie04f/planb-revocation/src/main/java/org/zalando/planb/revocation/domain/RevokedGlobal.java:[15,23] cannot find symbol
[ERROR]   symbol: class ImmutableRevokedGlobal
[ERROR] /tmp/tmpz45ie04f/planb-revocation/src/main/java/org/zalando/planb/revocation/domain/RevokedClaimsData.java:[17,23] cannot find symbol
[ERROR]   symbol: class ImmutableRevokedClaimsData
[ERROR] /tmp/tmpz45ie04f/planb-revocation/src/main/java/org/zalando/planb/revocation/domain/RevokedTokenData.java:[15,23] cannot find symbol
[ERROR]   symbol: class ImmutableRevokedTokenData
[ERROR] /tmp/tmpz45ie04f/planb-revocation/src/main/java/org/zalando/planb/revocation/config/WebConfig.java:[21,44] cannot find symbol
[ERROR]   symbol:   method classes()
[ERROR]   location: @interface org.springframework.context.annotation.ComponentScan.Filter
[ERROR] /tmp/tmpz45ie04f/planb-revocation/src/main/java/org/zalando/planb/revocation/config/WebConfig.java:[21,55] element value must be a constant expression
[ERROR] /tmp/tmpz45ie04f/planb-revocation/src/main/java/org/zalando/planb/revocation/config/WebConfig.java:[21,77] element value must be a constant expression
[ERROR] /tmp/tmpz45ie04f/planb-revocation/src/main/java/org/zalando/planb/revocation/config/WebConfig.java:[21,101] element value must be a constant expression
[ERROR] /tmp/tmpz45ie04f/planb-revocation/src/main/java/org/zalando/planb/revocation/domain/Problem.java:[18,23] cannot find symbol
[ERROR]   symbol: class ImmutableProblem
[ERROR] /tmp/tmpz45ie04f/planb-revocation/src/main/java/org/zalando/planb/revocation/domain/RevokedClaimsInfo.java:[16,23] cannot find symbol
[ERROR]   symbol: class ImmutableRevokedClaimsInfo
[ERROR] /tmp/tmpz45ie04f/planb-revocation/src/main/java/org/zalando/planb/revocation/domain/RevokedTokenInfo.java:[14,23] cannot find symbol
[ERROR]   symbol: class ImmutableRevokedTokenInfo
[ERROR] /tmp/tmpz45ie04f/planb-revocation/src/main/java/org/zalando/planb/revocation/service/impl/RuleBasedClaimRevocationAuthorizationService.java:[35,46] cannot find symbol
[ERROR]   symbol:   variable ImmutableAuthorizationRule
[ERROR]   location: class org.zalando.planb.revocation.service.impl.RuleBasedClaimRevocationAuthorizationService
[ERROR] /tmp/tmpz45ie04f/planb-revocation/src/main/java/org/zalando/planb/revocation/service/impl/RuleBasedClaimRevocationAuthorizationService.java:[38,46] cannot find symbol
[ERROR]   symbol:   variable ImmutableAuthorizationRule
[ERROR]   location: class org.zalando.planb.revocation.service.impl.RuleBasedClaimRevocationAuthorizationService
[ERROR] /tmp/tmpz45ie04f/planb-revocation/src/main/java/org/zalando/planb/revocation/persistence/CassandraAuthorizationRuleStore.java:[100,16] cannot find symbol
[ERROR]   symbol:   variable ImmutableAuthorizationRule
[ERROR]   location: class org.zalando.planb.revocation.persistence.CassandraAuthorizationRuleStore
[ERROR] /tmp/tmpz45ie04f/planb-revocation/src/main/java/org/zalando/planb/revocation/config/RevocationConfig.java:[25,16] cannot find symbol
[ERROR]   symbol:   variable ImmutableMessageHasher
[ERROR]   location: class org.zalando.planb.revocation.config.RevocationConfig
[ERROR] /tmp/tmpz45ie04f/planb-revocation/src/main/java/org/zalando/planb/revocation/domain/Problem.java:[71,16] cannot find symbol
[ERROR]   symbol:   variable ImmutableProblem
[ERROR]   location: class org.zalando.planb.revocation.domain.Problem
[ERROR] /tmp/tmpz45ie04f/planb-revocation/src/main/java/org/zalando/planb/revocation/persistence/CassandraRevocationStore.java:[198,48] cannot find symbol
[ERROR]   symbol:   variable ImmutableRevocationRequest
[ERROR]   location: class org.zalando.planb.revocation.persistence.CassandraRevocationStore
[ERROR] /tmp/tmpz45ie04f/planb-revocation/src/main/java/org/zalando/planb/revocation/persistence/CassandraRevocationStore.java:[197,53] cannot find symbol
[ERROR]   symbol:   variable ImmutableRevocationData
[ERROR]   location: class org.zalando.planb.revocation.persistence.CassandraRevocationStore
[ERROR] /tmp/tmpz45ie04f/planb-revocation/src/main/java/org/zalando/planb/revocation/persistence/CassandraRevocationStore.java:[254,16] cannot find symbol
[ERROR]   symbol:   variable ImmutableRefresh
[ERROR]   location: class org.zalando.planb.revocation.persistence.CassandraRevocationStore
[ERROR] /tmp/tmpz45ie04f/planb-revocation/src/main/java/org/zalando/planb/revocation/api/impl/RevocationResourceImpl.java:[90,31] cannot find symbol
[ERROR]   symbol:   variable ImmutableRevokedClaimsInfo
[ERROR]   location: class org.zalando.planb.revocation.api.impl.RevocationResourceImpl
[ERROR] /tmp/tmpz45ie04f/planb-revocation/src/main/java/org/zalando/planb/revocation/api/impl/RevocationResourceImpl.java:[99,31] cannot find symbol
[ERROR]   symbol:   variable ImmutableRevokedTokenInfo
[ERROR]   location: class org.zalando.planb.revocation.api.impl.RevocationResourceImpl
[ERROR] /tmp/tmpz45ie04f/planb-revocation/src/main/java/org/zalando/planb/revocation/api/impl/RevocationResourceImpl.java:[106,32] cannot find symbol
[ERROR]   symbol:   variable ImmutableRevocationInfo
[ERROR]   location: class org.zalando.planb.revocation.api.impl.RevocationResourceImpl
[ERROR] /tmp/tmpz45ie04f/planb-revocation/src/main/java/org/zalando/planb/revocation/api/impl/RevocationResourceImpl.java:[113,16] cannot find symbol
[ERROR]   symbol:   variable ImmutableRevocationList
[ERROR]   location: class org.zalando.planb.revocation.api.impl.RevocationResourceImpl
[ERROR] /tmp/tmpz45ie04f/planb-revocation/src/main/java/org/zalando/planb/revocation/persistence/InMemoryRevocationStore.java:[33,47] cannot find symbol
[ERROR]   symbol:   variable ImmutableRevocationData
[ERROR]   location: class org.zalando.planb.revocation.persistence.InMemoryRevocationStore
[ERROR] /tmp/tmpz45ie04f/planb-revocation/src/main/java/org/zalando/planb/revocation/persistence/InMemoryRevocationStore.java:[45,45] cannot find symbol
[ERROR]   symbol:   variable ImmutableRefresh
[ERROR]   location: class org.zalando.planb.revocation.persistence.InMemoryRevocationStore
[ERROR] -> [Help 1]
org.apache.maven.lifecycle.LifecycleExecutionException: Failed to execute goal org.apache.maven.plugins:maven-compiler-plugin:3.5.1:compile (default-compile) on project planb-revocation: Compilation failure
    at org.apache.maven.lifecycle.internal.MojoExecutor.execute (MojoExecutor.java:215)
    at org.apache.maven.lifecycle.internal.MojoExecutor.execute (MojoExecutor.java:156)
    at org.apache.maven.lifecycle.internal.MojoExecutor.execute (MojoExecutor.java:148)
    at org.apache.maven.lifecycle.internal.LifecycleModuleBuilder.buildProject (LifecycleModuleBuilder.java:117)
    at org.apache.maven.lifecycle.internal.LifecycleModuleBuilder.buildProject (LifecycleModuleBuilder.java:81)
    at org.apache.maven.lifecycle.internal.builder.singlethreaded.SingleThreadedBuilder.build (SingleThreadedBuilder.java:56)
    at org.apache.maven.lifecycle.internal.LifecycleStarter.execute (LifecycleStarter.java:128)
    at org.apache.maven.DefaultMaven.doExecute (DefaultMaven.java:305)
    at org.apache.maven.DefaultMaven.doExecute (DefaultMaven.java:192)
    at org.apache.maven.DefaultMaven.execute (DefaultMaven.java:105)
    at org.apache.maven.cli.MavenCli.execute (MavenCli.java:957)
    at org.apache.maven.cli.MavenCli.doMain (MavenCli.java:289)
    at org.apache.maven.cli.MavenCli.main (MavenCli.java:193)
    at sun.reflect.NativeMethodAccessorImpl.invoke0 (Native Method)
    at sun.reflect.NativeMethodAccessorImpl.invoke (NativeMethodAccessorImpl.java:62)
    at sun.reflect.DelegatingMethodAccessorImpl.invoke (DelegatingMethodAccessorImpl.java:43)
    at java.lang.reflect.Method.invoke (Method.java:498)
    at org.codehaus.plexus.classworlds.launcher.Launcher.launchEnhanced (Launcher.java:282)
    at org.codehaus.plexus.classworlds.launcher.Launcher.launch (Launcher.java:225)
    at org.codehaus.plexus.classworlds.launcher.Launcher.mainWithExitCode (Launcher.java:406)
    at org.codehaus.plexus.classworlds.launcher.Launcher.main (Launcher.java:347)
Caused by: org.apache.maven.plugin.compiler.CompilationFailureException: Compilation failure
    at org.apache.maven.plugin.compiler.AbstractCompilerMojo.execute (AbstractCompilerMojo.java:972)
    at org.apache.maven.plugin.compiler.CompilerMojo.execute (CompilerMojo.java:129)
    at org.apache.maven.plugin.DefaultBuildPluginManager.executeMojo (DefaultBuildPluginManager.java:137)
    at org.apache.maven.lifecycle.internal.MojoExecutor.execute (MojoExecutor.java:210)
    at org.apache.maven.lifecycle.internal.MojoExecutor.execute (MojoExecutor.java:156)
    at org.apache.maven.lifecycle.internal.MojoExecutor.execute (MojoExecutor.java:148)
    at org.apache.maven.lifecycle.internal.LifecycleModuleBuilder.buildProject (LifecycleModuleBuilder.java:117)
    at org.apache.maven.lifecycle.internal.LifecycleModuleBuilder.buildProject (LifecycleModuleBuilder.java:81)
    at org.apache.maven.lifecycle.internal.builder.singlethreaded.SingleThreadedBuilder.build (SingleThreadedBuilder.java:56)
    at org.apache.maven.lifecycle.internal.LifecycleStarter.execute (LifecycleStarter.java:128)
    at org.apache.maven.DefaultMaven.doExecute (DefaultMaven.java:305)
    at org.apache.maven.DefaultMaven.doExecute (DefaultMaven.java:192)
    at org.apache.maven.DefaultMaven.execute (DefaultMaven.java:105)
    at org.apache.maven.cli.MavenCli.execute (MavenCli.java:957)
    at org.apache.maven.cli.MavenCli.doMain (MavenCli.java:289)
    at org.apache.maven.cli.MavenCli.main (MavenCli.java:193)
    at sun.reflect.NativeMethodAccessorImpl.invoke0 (Native Method)
    at sun.reflect.NativeMethodAccessorImpl.invoke (NativeMethodAccessorImpl.java:62)
    at sun.reflect.DelegatingMethodAccessorImpl.invoke (DelegatingMethodAccessorImpl.java:43)
    at java.lang.reflect.Method.invoke (Method.java:498)
    at org.codehaus.plexus.classworlds.launcher.Launcher.launchEnhanced (Launcher.java:282)
    at org.codehaus.plexus.classworlds.launcher.Launcher.launch (Launcher.java:225)
    at org.codehaus.plexus.classworlds.launcher.Launcher.mainWithExitCode (Launcher.java:406)
    at org.codehaus.plexus.classworlds.launcher.Launcher.main (Launcher.java:347)
[ERROR] 
[ERROR] Re-run Maven using the -X switch to enable full debug logging.
[ERROR] 
[ERROR] For more information about the errors and possible solutions, please read the following articles:
[ERROR] [Help 1] http://cwiki.apache.org/confluence/display/MAVEN/MojoFailureException
[INFO] Build failures were ignored.
