[INFO] Error stacktraces are turned on.
[INFO] Scanning for projects...
[INFO] 
[INFO] ---------< com.amazonaws.gaming.analytics:analytics-pipeline >----------
[INFO] Building AWS Gaming Analytics 1.0.0
[INFO] --------------------------------[ war ]---------------------------------
[INFO] 
[INFO] --- jacoco-maven-plugin:0.8.5:prepare-agent (default) @ analytics-pipeline ---
[INFO] argLine set to -javaagent:/home/jdbl/.m2/repository/org/jacoco/org.jacoco.agent/0.8.5/org.jacoco.agent-0.8.5-runtime.jar=destfile=/tmp/tmpvqvqutn5/gaming-analytics-pipeline/source/java/target/jacoco.exec
[INFO] 
[INFO] --- maven-resources-plugin:2.6:resources (default-resources) @ analytics-pipeline ---
[INFO] Using 'UTF-8' encoding to copy filtered resources.
[INFO] Copying 7 resources
[INFO] 
[INFO] --- maven-compiler-plugin:3.1:compile (default-compile) @ analytics-pipeline ---
[INFO] Changes detected - recompiling the module!
[INFO] Compiling 39 source files to /tmp/tmpvqvqutn5/gaming-analytics-pipeline/source/java/target/classes
[INFO] 
[INFO] --- maven-resources-plugin:2.6:testResources (default-testResources) @ analytics-pipeline ---
[INFO] Using 'UTF-8' encoding to copy filtered resources.
[INFO] Copying 1 resource
[INFO] 
[INFO] --- maven-compiler-plugin:3.1:testCompile (default-testCompile) @ analytics-pipeline ---
[INFO] Changes detected - recompiling the module!
[INFO] Compiling 6 source files to /tmp/tmpvqvqutn5/gaming-analytics-pipeline/source/java/target/test-classes
[INFO] 
[INFO] --- maven-surefire-plugin:2.19.1:test (default-test) @ analytics-pipeline ---
[INFO] Surefire report directory: /tmp/tmpvqvqutn5/gaming-analytics-pipeline/source/java/target/surefire-reports

-------------------------------------------------------
 T E S T S
-------------------------------------------------------
Running com.amazonaws.gaming.analytics.common.AppConfigurationTest
2020-07-30T22:21:42.728 | <> | (           main) | [ERROR] | gaming.analytics.common.AppConfiguration | Failed to load configuration file: connector.properties
2020-07-30T22:21:42.734 | <> | (           main) | [ERROR] | gaming.analytics.common.AppConfiguration | Failed to load configuration file: sql.properties
2020-07-30T22:21:42.736 | <> | (           main) | [ERROR] | gaming.analytics.common.AppConfiguration | Failed to load configuration file: proprioception.properties
2020-07-30T22:21:42.748 | <> | (           main) | [WARN ] | gaming.analytics.common.AppConfiguration | No value found for property named "non_existent_property"
2020-07-30T22:21:42.751 | <> | (           main) | [ERROR] | gaming.analytics.common.AppConfiguration | Failed to load configuration file: connector.properties
2020-07-30T22:21:42.754 | <> | (           main) | [ERROR] | gaming.analytics.common.AppConfiguration | Failed to load configuration file: sql.properties
2020-07-30T22:21:42.756 | <> | (           main) | [ERROR] | gaming.analytics.common.AppConfiguration | Failed to load configuration file: proprioception.properties
2020-07-30T22:21:42.758 | <> | (           main) | [WARN ] | gaming.analytics.common.AppConfiguration | No value found for property named "non_existent_property"
2020-07-30T22:21:42.760 | <> | (           main) | [ERROR] | gaming.analytics.common.AppConfiguration | Failed to load configuration file: connector.properties
2020-07-30T22:21:42.761 | <> | (           main) | [ERROR] | gaming.analytics.common.AppConfiguration | Failed to load configuration file: sql.properties
2020-07-30T22:21:42.762 | <> | (           main) | [ERROR] | gaming.analytics.common.AppConfiguration | Failed to load configuration file: proprioception.properties
2020-07-30T22:21:42.766 | <> | (           main) | [ERROR] | gaming.analytics.common.AppConfiguration | Failed to load configuration file: connector.properties
2020-07-30T22:21:42.767 | <> | (           main) | [ERROR] | gaming.analytics.common.AppConfiguration | Failed to load configuration file: sql.properties
2020-07-30T22:21:42.768 | <> | (           main) | [ERROR] | gaming.analytics.common.AppConfiguration | Failed to load configuration file: proprioception.properties
2020-07-30T22:21:42.769 | <> | (           main) | [WARN ] | gaming.analytics.common.AppConfiguration | No value found for property named "non_existent_property"
2020-07-30T22:21:42.770 | <> | (           main) | [ERROR] | gaming.analytics.common.AppConfiguration | Failed to load configuration file: connector.properties
2020-07-30T22:21:42.772 | <> | (           main) | [ERROR] | gaming.analytics.common.AppConfiguration | Failed to load configuration file: sql.properties
2020-07-30T22:21:42.772 | <> | (           main) | [ERROR] | gaming.analytics.common.AppConfiguration | Failed to load configuration file: proprioception.properties
2020-07-30T22:21:42.773 | <> | (           main) | [WARN ] | gaming.analytics.common.AppConfiguration | No value found for property named "non_existent_property"
2020-07-30T22:21:42.775 | <> | (           main) | [ERROR] | gaming.analytics.common.AppConfiguration | Failed to load configuration file: connector.properties
2020-07-30T22:21:42.776 | <> | (           main) | [ERROR] | gaming.analytics.common.AppConfiguration | Failed to load configuration file: sql.properties
2020-07-30T22:21:42.777 | <> | (           main) | [ERROR] | gaming.analytics.common.AppConfiguration | Failed to load configuration file: proprioception.properties
2020-07-30T22:21:42.778 | <> | (           main) | [WARN ] | gaming.analytics.common.AppConfiguration | No value found for property named "non_existent_property"
2020-07-30T22:21:42.779 | <> | (           main) | [ERROR] | gaming.analytics.common.AppConfiguration | Failed to load configuration file: connector.properties
2020-07-30T22:21:42.781 | <> | (           main) | [ERROR] | gaming.analytics.common.AppConfiguration | Failed to load configuration file: sql.properties
2020-07-30T22:21:42.782 | <> | (           main) | [ERROR] | gaming.analytics.common.AppConfiguration | Failed to load configuration file: proprioception.properties
2020-07-30T22:21:42.786 | <> | (           main) | [ERROR] | gaming.analytics.common.AppConfiguration | Failed to load configuration file: connector.properties
2020-07-30T22:21:42.788 | <> | (           main) | [ERROR] | gaming.analytics.common.AppConfiguration | Failed to load configuration file: sql.properties
2020-07-30T22:21:42.790 | <> | (           main) | [ERROR] | gaming.analytics.common.AppConfiguration | Failed to load configuration file: proprioception.properties
2020-07-30T22:21:42.792 | <> | (           main) | [WARN ] | gaming.analytics.common.AppConfiguration | No value found for property named "non_existent_property"
2020-07-30T22:21:42.793 | <> | (           main) | [ERROR] | gaming.analytics.common.AppConfiguration | Failed to load configuration file: connector.properties
2020-07-30T22:21:42.794 | <> | (           main) | [ERROR] | gaming.analytics.common.AppConfiguration | Failed to load configuration file: sql.properties
2020-07-30T22:21:42.795 | <> | (           main) | [ERROR] | gaming.analytics.common.AppConfiguration | Failed to load configuration file: proprioception.properties
2020-07-30T22:21:42.796 | <> | (           main) | [WARN ] | gaming.analytics.common.AppConfiguration | No value found for property named "non_existent_property"
2020-07-30T22:21:42.797 | <> | (           main) | [ERROR] | gaming.analytics.common.AppConfiguration | Failed to load configuration file: connector.properties
2020-07-30T22:21:42.798 | <> | (           main) | [ERROR] | gaming.analytics.common.AppConfiguration | Failed to load configuration file: sql.properties
2020-07-30T22:21:42.799 | <> | (           main) | [ERROR] | gaming.analytics.common.AppConfiguration | Failed to load configuration file: proprioception.properties
2020-07-30T22:21:42.800 | <> | (           main) | [ERROR] | gaming.analytics.common.AppConfiguration | Failed to load configuration file: connector.properties
2020-07-30T22:21:42.802 | <> | (           main) | [ERROR] | gaming.analytics.common.AppConfiguration | Failed to load configuration file: sql.properties
2020-07-30T22:21:42.802 | <> | (           main) | [ERROR] | gaming.analytics.common.AppConfiguration | Failed to load configuration file: proprioception.properties
2020-07-30T22:21:42.803 | <> | (           main) | [WARN ] | gaming.analytics.common.AppConfiguration | No value found for property named "non_existent_property"
Tests run: 11, Failures: 0, Errors: 0, Skipped: 0, Time elapsed: 0.264 sec - in com.amazonaws.gaming.analytics.common.AppConfigurationTest
Running com.amazonaws.gaming.analytics.common.HexUtilTest
Tests run: 4, Failures: 0, Errors: 0, Skipped: 0, Time elapsed: 0 sec - in com.amazonaws.gaming.analytics.common.HexUtilTest
Running com.amazonaws.gaming.analytics.common.DecoderUtilTest
Tests run: 1, Failures: 0, Errors: 0, Skipped: 0, Time elapsed: 0 sec - in com.amazonaws.gaming.analytics.common.DecoderUtilTest
Running com.amazonaws.gaming.analytics.connector.KinesisEventTest
2020-07-30T22:21:42.811 | <> | (           main) | [ERROR] | gaming.analytics.common.AppConfiguration | Failed to load configuration file: connector.properties
2020-07-30T22:21:42.812 | <> | (           main) | [ERROR] | gaming.analytics.common.AppConfiguration | Failed to load configuration file: sql.properties
2020-07-30T22:21:42.813 | <> | (           main) | [ERROR] | gaming.analytics.common.AppConfiguration | Failed to load configuration file: proprioception.properties
2020-07-30T22:21:43.136 | <> | (           main) | [ERROR] | gaming.analytics.common.AppConfiguration | Failed to load configuration file: connector.properties
2020-07-30T22:21:43.137 | <> | (           main) | [ERROR] | gaming.analytics.common.AppConfiguration | Failed to load configuration file: sql.properties
2020-07-30T22:21:43.137 | <> | (           main) | [ERROR] | gaming.analytics.common.AppConfiguration | Failed to load configuration file: proprioception.properties
2020-07-30T22:21:43.144 | <> | (           main) | [ERROR] | gaming.analytics.common.AppConfiguration | Failed to load configuration file: connector.properties
2020-07-30T22:21:43.144 | <> | (           main) | [ERROR] | gaming.analytics.common.AppConfiguration | Failed to load configuration file: sql.properties
2020-07-30T22:21:43.145 | <> | (           main) | [ERROR] | gaming.analytics.common.AppConfiguration | Failed to load configuration file: proprioception.properties
2020-07-30T22:21:43.146 | <> | (           main) | [ERROR] | gaming.analytics.common.AppConfiguration | Failed to load configuration file: connector.properties
2020-07-30T22:21:43.147 | <> | (           main) | [ERROR] | gaming.analytics.common.AppConfiguration | Failed to load configuration file: sql.properties
2020-07-30T22:21:43.148 | <> | (           main) | [ERROR] | gaming.analytics.common.AppConfiguration | Failed to load configuration file: proprioception.properties
Tests run: 4, Failures: 0, Errors: 0, Skipped: 0, Time elapsed: 0.334 sec - in com.amazonaws.gaming.analytics.connector.KinesisEventTest

Results :

Tests run: 20, Failures: 0, Errors: 0, Skipped: 0

[INFO] 
[INFO] --- jacoco-maven-plugin:0.8.5:report (report) @ analytics-pipeline ---
[INFO] Loading execution data file /tmp/tmpvqvqutn5/gaming-analytics-pipeline/source/java/target/jacoco.exec
[INFO] Analyzed bundle 'AWS Gaming Analytics' with 296 classes
[INFO] ------------------------------------------------------------------------
[INFO] BUILD SUCCESS
[INFO] ------------------------------------------------------------------------
[INFO] Total time:  01:43 min
[INFO] Finished at: 2020-07-30T22:21:44Z
[INFO] ------------------------------------------------------------------------
