[INFO] Error stacktraces are turned on.
[INFO] Scanning for projects...
[INFO] 
[INFO] -------------------------< de.stekoe:amcharts >-------------------------
[INFO] Building amcharts 3.21.13-SNAPSHOT
[INFO] --------------------------------[ jar ]---------------------------------
[INFO] 
[INFO] --- jacoco-maven-plugin:0.8.5:prepare-agent (default) @ amcharts ---
[INFO] argLine set to -javaagent:/home/jdbl/.m2/repository/org/jacoco/org.jacoco.agent/0.8.5/org.jacoco.agent-0.8.5-runtime.jar=destfile=/tmp/tmpo21e2x_d/amcharts-java/target/jacoco.exec
[INFO] 
[INFO] --- maven-resources-plugin:2.6:resources (default-resources) @ amcharts ---
[INFO] Using 'UTF-8' encoding to copy filtered resources.
[INFO] skip non existing resourceDirectory /tmp/tmpo21e2x_d/amcharts-java/src/main/resources
[INFO] 
[INFO] --- maven-compiler-plugin:3.1:compile (default-compile) @ amcharts ---
[INFO] Changes detected - recompiling the module!
[INFO] Compiling 39 source files to /tmp/tmpo21e2x_d/amcharts-java/target/classes
[INFO] 
[INFO] --- maven-resources-plugin:2.6:testResources (default-testResources) @ amcharts ---
[INFO] Using 'UTF-8' encoding to copy filtered resources.
[INFO] skip non existing resourceDirectory /tmp/tmpo21e2x_d/amcharts-java/src/test/resources
[INFO] 
[INFO] --- maven-compiler-plugin:3.1:testCompile (default-testCompile) @ amcharts ---
[INFO] Changes detected - recompiling the module!
[INFO] Compiling 2 source files to /tmp/tmpo21e2x_d/amcharts-java/target/test-classes
[INFO] 
[INFO] --- maven-surefire-plugin:2.19.1:test (default-test) @ amcharts ---
[INFO] Surefire report directory: /tmp/tmpo21e2x_d/amcharts-java/target/surefire-reports

-------------------------------------------------------
 T E S T S
-------------------------------------------------------
Running de.stekoe.amcharts.addition.ListenerTest
SLF4J: Failed to load class "org.slf4j.impl.StaticLoggerBinder".
SLF4J: Defaulting to no-operation (NOP) logger implementation
SLF4J: See http://www.slf4j.org/codes.html#StaticLoggerBinder for further details.
Tests run: 1, Failures: 0, Errors: 0, Skipped: 0, Time elapsed: 0.553 sec - in de.stekoe.amcharts.addition.ListenerTest
Running de.stekoe.amcharts.AmChartSerializationTest
Tests run: 1, Failures: 0, Errors: 0, Skipped: 0, Time elapsed: 0.031 sec - in de.stekoe.amcharts.AmChartSerializationTest

Results :

Tests run: 2, Failures: 0, Errors: 0, Skipped: 0

[INFO] 
[INFO] --- jacoco-maven-plugin:0.8.5:report (report) @ amcharts ---
[INFO] Loading execution data file /tmp/tmpo21e2x_d/amcharts-java/target/jacoco.exec
[INFO] Analyzed bundle 'amcharts' with 74 classes
[INFO] ------------------------------------------------------------------------
[INFO] BUILD SUCCESS
[INFO] ------------------------------------------------------------------------
[INFO] Total time:  21.647 s
[INFO] Finished at: 2020-07-30T22:24:23Z
[INFO] ------------------------------------------------------------------------
