[INFO] Error stacktraces are turned on.
[INFO] Scanning for projects...
[INFO] 
[INFO] ----------------- maven-git-versioning-extension:5.2.1 -----------------
[INFO] Adjusting project models...
[INFO] 
[INFO] --- com.reprezen.jsonoverlay:jsonoverlay @ commit 15b6af5d487fc48be8c7d167a05114f4d3decda5 ---
[INFO] project version: 15b6af5
[INFO] properties:
[INFO] 
[WARNING] 
[WARNING] Some problems were encountered while building the effective model for com.reprezen.jsonoverlay:jsonoverlay:jar:15b6af5
[WARNING] 'distributionManagement.snapshotRepository.layout' for sonatype-nexus-snapshots uses the unsupported value 'legacy', artifact resolution might fail. @ line 232, column 15
[WARNING] 
[WARNING] It is highly recommended to fix these problems because they threaten the stability of your build.
[WARNING] 
[WARNING] For this reason, future Maven versions might no longer support building such malformed projects.
[WARNING] 
[INFO] Inspecting build with total of 1 modules...
[INFO] Installing Nexus Staging features:
[INFO]   ... total of 1 executions of maven-deploy-plugin replaced with nexus-staging-maven-plugin
[INFO] 
[INFO] ----------------< com.reprezen.jsonoverlay:jsonoverlay >----------------
[INFO] Building com.reprezen.jsonoverlay:jsonoverlay 15b6af5
[INFO] --------------------------------[ jar ]---------------------------------
[INFO] 
[INFO] --- jacoco-maven-plugin:0.8.5:prepare-agent (default) @ jsonoverlay ---
[INFO] argLine set to -javaagent:/home/jdbl/.m2/repository/org/jacoco/org.jacoco.agent/0.8.5/org.jacoco.agent-0.8.5-runtime.jar=destfile=/tmp/tmp0ffm290y/JsonOverlay/json-overlay/target/jacoco.exec
[INFO] 
[INFO] --- maven-git-versioning-extension:5.2.1:git-versioning (git-versioning) @ jsonoverlay ---
[INFO] Generating git versioned POM
[INFO] 
[INFO] --- xtend-maven-plugin:2.17.0:compile (default) @ jsonoverlay ---
[INFO] 
[INFO] --- maven-resources-plugin:2.6:resources (default-resources) @ jsonoverlay ---
[INFO] Using 'UTF-8' encoding to copy filtered resources.
[INFO] skip non existing resourceDirectory /tmp/tmp0ffm290y/JsonOverlay/json-overlay/src/main/resources
[INFO] 
[INFO] --- maven-compiler-plugin:3.1:compile (default-compile) @ jsonoverlay ---
[INFO] Changes detected - recompiling the module!
[INFO] Compiling 37 source files to /tmp/tmp0ffm290y/JsonOverlay/json-overlay/target/classes
[INFO] 
[INFO] --- maven-resources-plugin:2.6:testResources (default-testResources) @ jsonoverlay ---
[INFO] Using 'UTF-8' encoding to copy filtered resources.
[INFO] Copying 4 resources
[INFO] 
[INFO] --- maven-compiler-plugin:3.1:testCompile (default-testCompile) @ jsonoverlay ---
[INFO] Changes detected - recompiling the module!
[INFO] Compiling 20 source files to /tmp/tmp0ffm290y/JsonOverlay/json-overlay/target/test-classes
[INFO] 
[INFO] --- maven-surefire-plugin:2.19.1:test (default-test) @ jsonoverlay ---
[INFO] Surefire report directory: /tmp/tmp0ffm290y/JsonOverlay/json-overlay/target/surefire-reports

-------------------------------------------------------
 T E S T S
-------------------------------------------------------

Results :

Tests run: 0, Failures: 0, Errors: 0, Skipped: 0

[INFO] 
[INFO] --- jacoco-maven-plugin:0.8.5:report (report) @ jsonoverlay ---
[INFO] Loading execution data file /tmp/tmp0ffm290y/JsonOverlay/json-overlay/target/jacoco.exec
[INFO] Analyzed bundle 'com.reprezen.jsonoverlay:jsonoverlay' with 85 classes
[INFO] ------------------------------------------------------------------------
[INFO] BUILD SUCCESS
[INFO] ------------------------------------------------------------------------
[INFO] Total time:  31.932 s
[INFO] Finished at: 2020-08-03T11:09:50Z
[INFO] ------------------------------------------------------------------------
