[INFO] Error stacktraces are turned on.
[INFO] Scanning for projects...
[INFO] 
[INFO] ---------------------< com.github.pscheidl:fortee >---------------------
[INFO] Building FortEE 1.2.0
[INFO] --------------------------------[ jar ]---------------------------------
[INFO] 
[INFO] --- jacoco-maven-plugin:0.8.5:prepare-agent (default) @ fortee ---
[INFO] argLine set to -javaagent:/home/jdbl/.m2/repository/org/jacoco/org.jacoco.agent/0.8.5/org.jacoco.agent-0.8.5-runtime.jar=destfile=/tmp/tmpledvcu5e/FortEE/target/jacoco.exec
[INFO] 
[INFO] --- maven-resources-plugin:2.6:resources (default-resources) @ fortee ---
[INFO] Using 'UTF-8' encoding to copy filtered resources.
[INFO] Copying 2 resources
[INFO] 
[INFO] --- maven-compiler-plugin:3.1:compile (default-compile) @ fortee ---
[INFO] Changes detected - recompiling the module!
[INFO] Compiling 9 source files to /tmp/tmpledvcu5e/FortEE/target/classes
[WARNING] /tmp/tmpledvcu5e/FortEE/src/main/java/com/github/pscheidl/fortee/failsafe/SemisafeInterceptor.java: /tmp/tmpledvcu5e/FortEE/src/main/java/com/github/pscheidl/fortee/failsafe/SemisafeInterceptor.java uses unchecked or unsafe operations.
[WARNING] /tmp/tmpledvcu5e/FortEE/src/main/java/com/github/pscheidl/fortee/failsafe/SemisafeInterceptor.java: Recompile with -Xlint:unchecked for details.
[INFO] 
[INFO] --- maven-resources-plugin:2.6:testResources (default-testResources) @ fortee ---
[INFO] Using 'UTF-8' encoding to copy filtered resources.
[INFO] Copying 2 resources
[INFO] 
[INFO] --- maven-compiler-plugin:3.1:testCompile (default-testCompile) @ fortee ---
[INFO] Changes detected - recompiling the module!
[INFO] Compiling 10 source files to /tmp/tmpledvcu5e/FortEE/target/test-classes
[INFO] 
[INFO] --- maven-dependency-plugin:2.8:unpack (unpack) @ fortee ---
[INFO] Configured Artifact: org.wildfly:wildfly-dist:20.0.0.Final:zip
[INFO] Unpacking /home/jdbl/.m2/repository/org/wildfly/wildfly-dist/20.0.0.Final/wildfly-dist-20.0.0.Final.zip to /tmp/tmpledvcu5e/FortEE/target with includes "" and excludes ""
[INFO] 
[INFO] --- maven-surefire-plugin:2.19.1:test (default-test) @ fortee ---
[INFO] Surefire report directory: /tmp/tmpledvcu5e/FortEE/target/surefire-reports

-------------------------------------------------------
 T E S T S
-------------------------------------------------------
Running com.github.pscheidl.fortee.extension.FortExtensionTest
Jul 30, 2020 8:32:08 PM org.jboss.as.arquillian.container.managed.ManagedDeployableContainer startInternal
INFO: Starting container with: [/usr/local/openjdk-8/bin/java, -D[Standalone], -Xms64m, -Xmx512m, -Djava.net.preferIPv4Stack=true, -Djava.awt.headless=true, -Djboss.modules.system.pkgs=org.jboss.byteman, -ea, -Djboss.home.dir=/tmp/tmpledvcu5e/FortEE/target/wildfly-20.0.0.Final, -Dorg.jboss.boot.log.file=/tmp/tmpledvcu5e/FortEE/target/wildfly-20.0.0.Final/standalone/log/server.log, -Dlogging.configuration=file:/tmp/tmpledvcu5e/FortEE/target/wildfly-20.0.0.Final/standalone/configuration/logging.properties, -jar, /tmp/tmpledvcu5e/FortEE/target/wildfly-20.0.0.Final/jboss-modules.jar, -mp, /tmp/tmpledvcu5e/FortEE/target/wildfly-20.0.0.Final/modules, org.jboss.as.standalone, -Djboss.home.dir=/tmp/tmpledvcu5e/FortEE/target/wildfly-20.0.0.Final, -Djboss.server.base.dir=/tmp/tmpledvcu5e/FortEE/target/wildfly-20.0.0.Final/standalone, -Djboss.server.log.dir=/tmp/tmpledvcu5e/FortEE/target/wildfly-20.0.0.Final/standalone/log, -Djboss.server.config.dir=/tmp/tmpledvcu5e/FortEE/target/wildfly-20.0.0.Final/standalone/configuration]
Jul 30, 2020 8:32:08 PM org.jboss.remoting3.EndpointImpl <clinit>
INFO: JBoss Remoting version 5.0.0.Final
Jul 30, 2020 8:32:09 PM org.xnio.Xnio <clinit>
INFO: XNIO version 3.5.1.Final
Jul 30, 2020 8:32:09 PM org.xnio.nio.NioXnio <clinit>
INFO: XNIO NIO Implementation Version 3.5.1.Final
Jul 30, 2020 8:32:09 PM org.wildfly.security.Version <clinit>
INFO: ELY00001: WildFly Elytron version 1.1.0.Final
20:32:09,960 INFO  [org.jboss.modules] (main) JBoss Modules version 1.10.1.Final
20:32:10,834 INFO  [org.jboss.msc] (main) JBoss MSC version 1.4.11.Final
20:32:10,844 INFO  [org.jboss.threads] (main) JBoss Threads version 2.3.3.Final
20:32:11,058 INFO  [org.jboss.as] (MSC service thread 1-2) WFLYSRV0049: WildFly Full 20.0.0.Final (WildFly Core 12.0.1.Final) starting
20:32:14,335 INFO  [org.wildfly.security] (ServerService Thread Pool -- 25) ELY00001: WildFly Elytron version 1.12.1.Final
20:32:15,272 INFO  [org.jboss.as.controller.management-deprecated] (Controller Boot Thread) WFLYCTL0028: Attribute 'security-realm' in the resource at address '/core-service=management/management-interface=http-interface' is deprecated, and may be removed in a future version. See the attribute description in the output of the read-resource-description operation to learn more about the deprecation.
20:32:15,320 INFO  [org.jboss.as.controller.management-deprecated] (ServerService Thread Pool -- 37) WFLYCTL0028: Attribute 'security-realm' in the resource at address '/subsystem=undertow/server=default-server/https-listener=https' is deprecated, and may be removed in a future version. See the attribute description in the output of the read-resource-description operation to learn more about the deprecation.
20:32:15,411 INFO  [org.jboss.as.server] (Controller Boot Thread) WFLYSRV0039: Creating http management service using socket-binding (management-http)
20:32:15,429 INFO  [org.xnio] (MSC service thread 1-7) XNIO version 3.8.1.Final
20:32:15,435 INFO  [org.xnio.nio] (MSC service thread 1-7) XNIO NIO Implementation Version 3.8.1.Final
20:32:15,544 INFO  [org.jboss.remoting] (MSC service thread 1-6) JBoss Remoting version 5.0.18.Final
20:32:15,621 INFO  [org.jboss.as.connector.subsystems.datasources] (ServerService Thread Pool -- 44) WFLYJCA0004: Deploying JDBC-compliant driver class org.h2.Driver (version 1.4)
20:32:15,684 INFO  [org.jboss.as.clustering.infinispan] (ServerService Thread Pool -- 52) WFLYCLINF0001: Activating Infinispan subsystem.
20:32:15,741 INFO  [org.jboss.as.connector] (MSC service thread 1-8) WFLYJCA0009: Starting JCA Subsystem (WildFly/IronJacamar 1.4.22.Final)
20:32:15,738 INFO  [org.jboss.as.jaxrs] (ServerService Thread Pool -- 54) WFLYRS0016: RESTEasy version 3.12.1.Final
20:32:15,735 WARN  [org.jboss.as.txn] (ServerService Thread Pool -- 74) WFLYTX0013: The node-identifier attribute on the /subsystem=transactions is set to the default value. This is a danger for environments running multiple servers. Please make sure the attribute value is unique.
20:32:15,774 INFO  [org.jboss.as.naming] (ServerService Thread Pool -- 66) WFLYNAM0001: Activating Naming Subsystem
20:32:15,782 INFO  [org.wildfly.extension.microprofile.config.smallrye._private] (ServerService Thread Pool -- 61) WFLYCONF0001: Activating WildFly MicroProfile Config Subsystem
20:32:15,786 INFO  [org.jboss.as.webservices] (ServerService Thread Pool -- 76) WFLYWS0002: Activating WebServices Extension
20:32:15,808 INFO  [org.wildfly.extension.microprofile.opentracing] (ServerService Thread Pool -- 65) WFLYTRACEXT0001: Activating MicroProfile OpenTracing Subsystem
20:32:15,826 INFO  [org.jboss.as.security] (ServerService Thread Pool -- 72) WFLYSEC0002: Activating Security Subsystem
20:32:15,828 INFO  [org.jboss.as.connector.deployers.jdbc] (MSC service thread 1-5) WFLYJCA0018: Started Driver service with driver-name = h2
20:32:15,829 INFO  [org.jboss.as.security] (MSC service thread 1-3) WFLYSEC0001: Current PicketBox version=5.0.3.Final-redhat-00005
20:32:15,851 INFO  [org.wildfly.extension.io] (ServerService Thread Pool -- 53) WFLYIO001: Worker 'default' has auto-configured to 72 IO threads with 576 max task threads based on your 36 available processors
20:32:15,848 INFO  [org.wildfly.extension.microprofile.metrics.smallrye] (ServerService Thread Pool -- 64) WFLYMETRICS0001: Activating Eclipse MicroProfile Metrics Subsystem
20:32:15,888 INFO  [org.jboss.as.jsf] (ServerService Thread Pool -- 59) WFLYJSF0007: Activated the following JSF Implementations: [main]
20:32:15,897 INFO  [org.wildfly.extension.microprofile.health.smallrye] (ServerService Thread Pool -- 62) WFLYHEALTH0001: Activating Eclipse MicroProfile Health Subsystem
20:32:15,902 INFO  [org.jboss.as.mail.extension] (MSC service thread 1-1) WFLYMAIL0001: Bound mail session [java:jboss/mail/Default]
20:32:15,949 INFO  [org.wildfly.extension.microprofile.jwt.smallrye._private] (ServerService Thread Pool -- 63) WFLYJWT0001: Activating WildFly MicroProfile JWT Subsystem
20:32:15,983 INFO  [org.jboss.as.naming] (MSC service thread 1-7) WFLYNAM0003: Starting Naming Service
20:32:16,048 INFO  [org.wildfly.extension.undertow] (MSC service thread 1-7) WFLYUT0003: Undertow 2.1.3.Final starting
20:32:16,308 INFO  [org.jboss.as.ejb3] (MSC service thread 1-6) WFLYEJB0481: Strict pool slsb-strict-max-pool is using a max instance size of 576 (per class), which is derived from thread worker pool sizing.
20:32:16,308 INFO  [org.jboss.as.ejb3] (MSC service thread 1-7) WFLYEJB0482: Strict pool mdb-strict-max-pool is using a max instance size of 144 (per class), which is derived from the number of CPUs on this host.
20:32:16,311 INFO  [org.wildfly.extension.undertow] (ServerService Thread Pool -- 75) WFLYUT0014: Creating file handler for path '/tmp/tmpledvcu5e/FortEE/target/wildfly-20.0.0.Final/welcome-content' with options [directory-listing: 'false', follow-symlink: 'false', case-sensitive: 'true', safe-symlink-paths: '[]']
20:32:16,335 INFO  [org.wildfly.extension.undertow] (MSC service thread 1-3) WFLYUT0012: Started server default-server.
20:32:16,336 INFO  [org.wildfly.extension.undertow] (MSC service thread 1-5) WFLYUT0018: Host default-host starting
20:32:16,411 INFO  [org.wildfly.extension.undertow] (MSC service thread 1-3) WFLYUT0006: Undertow HTTP listener default listening on 127.0.0.1:8080
20:32:16,780 INFO  [org.jboss.as.ejb3] (MSC service thread 1-3) WFLYEJB0493: EJB subsystem suspension complete
20:32:16,871 INFO  [org.jboss.as.patching] (MSC service thread 1-3) WFLYPAT0050: WildFly Full cumulative patch ID is: base, one-off patches include: none
20:32:16,880 WARN  [org.jboss.as.domain.management.security] (MSC service thread 1-1) WFLYDM0111: Keystore /tmp/tmpledvcu5e/FortEE/target/wildfly-20.0.0.Final/standalone/configuration/application.keystore not found, it will be auto generated on first use with a self signed certificate for host localhost
20:32:16,901 INFO  [org.jboss.as.connector.subsystems.datasources] (MSC service thread 1-5) WFLYJCA0001: Bound data source [java:jboss/datasources/ExampleDS]
20:32:16,906 INFO  [org.jboss.as.server.deployment.scanner] (MSC service thread 1-3) WFLYDS0013: Started FileSystemDeploymentService for directory /tmp/tmpledvcu5e/FortEE/target/wildfly-20.0.0.Final/standalone/deployments
20:32:16,967 INFO  [org.wildfly.extension.undertow] (MSC service thread 1-5) WFLYUT0006: Undertow HTTPS listener https listening on 127.0.0.1:8443
20:32:17,026 INFO  [org.jboss.ws.common.management] (MSC service thread 1-4) JBWS022052: Starting JBossWS 5.4.1.Final (Apache CXF 3.3.6) 
20:32:17,229 INFO  [org.jboss.as.server] (Controller Boot Thread) WFLYSRV0212: Resuming server
20:32:17,241 INFO  [org.jboss.as] (Controller Boot Thread) WFLYSRV0025: WildFly Full 20.0.0.Final (WildFly Core 12.0.1.Final) started in 8219ms - Started 314 of 580 services (370 services are lazy, passive or on-demand)
20:32:17,242 INFO  [org.jboss.as] (Controller Boot Thread) WFLYSRV0060: Http management interface listening on http://127.0.0.1:9990/management
20:32:17,248 INFO  [org.jboss.as] (Controller Boot Thread) WFLYSRV0051: Admin console listening on http://127.0.0.1:9990
20:32:43,163 INFO  [org.jboss.as.repository] (management-handler-thread - 1) WFLYDR0001: Content added at location /tmp/tmpledvcu5e/FortEE/target/wildfly-20.0.0.Final/standalone/data/content/43/5f7df311ae7a9a79ba5fb04a4ec2d631fa9e97/content
20:32:43,180 INFO  [org.jboss.as.server.deployment] (MSC service thread 1-8) WFLYSRV0027: Starting deployment of "a0fc9fc9-878d-400a-8462-8045340c7ac6.war" (runtime-name: "a0fc9fc9-878d-400a-8462-8045340c7ac6.war")
20:32:44,035 INFO  [org.jboss.weld.deployer] (MSC service thread 1-8) WFLYWELD0003: Processing weld deployment a0fc9fc9-878d-400a-8462-8045340c7ac6.war
20:32:44,234 INFO  [org.hibernate.validator.internal.util.Version] (MSC service thread 1-8) HV000001: Hibernate Validator 6.0.20.Final
20:32:44,512 INFO  [io.jaegertracing.internal.JaegerTracer] (MSC service thread 1-8) No shutdown hook registered: Please call close() manually on application shutdown.
20:32:44,588 INFO  [org.jboss.weld.Version] (MSC service thread 1-3) WELD-000900: 3.1.4 (Final)
20:32:44,846 INFO  [org.infinispan.PERSISTENCE] (MSC service thread 1-5) ISPN000556: Starting user marshaller 'org.wildfly.clustering.infinispan.marshalling.jboss.JBossMarshaller'
20:32:44,865 INFO  [org.infinispan.CONTAINER] (MSC service thread 1-5) ISPN000128: Infinispan version: Infinispan 'Turia' 10.1.8.Final
20:32:44,937 INFO  [org.jboss.weld.Event] (MSC service thread 1-3) WELD-000411: Observer method [BackedAnnotatedMethod] public com.github.pscheidl.fortee.extension.FortExtension.inspectFailsafeAnnotated(@Observes ProcessAnnotatedType<X>) receives events for all annotated types. Consider restricting events using @WithAnnotations or a generic type with bounds.
20:32:45,029 INFO  [io.smallrye.metrics] (MSC service thread 1-3) MicroProfile: Metrics activated (SmallRye Metrics version: 2.4.0)
20:32:45,340 INFO  [com.github.pscheidl.fortee.extension.FortExtension] (MSC service thread 1-3) A guarded method public java.lang.String com.github.pscheidl.fortee.extension.beans.IncorrectFailsafeMethodContractBean.incorrectReturnTypeMethod() does not return Optional<T>.
20:32:45,341 ERROR [org.jboss.msc.service.fail] (MSC service thread 1-3) MSC000001: Failed to start service jboss.deployment.unit."a0fc9fc9-878d-400a-8462-8045340c7ac6.war".WeldStartService: org.jboss.msc.service.StartException in service jboss.deployment.unit."a0fc9fc9-878d-400a-8462-8045340c7ac6.war".WeldStartService: Failed to start service
	at org.jboss.msc.service.ServiceControllerImpl$StartTask.execute(ServiceControllerImpl.java:1731)
	at org.jboss.msc.service.ServiceControllerImpl$ControllerTask.run(ServiceControllerImpl.java:1559)
	at org.jboss.threads.ContextClassLoaderSavingRunnable.run(ContextClassLoaderSavingRunnable.java:35)
	at org.jboss.threads.EnhancedQueueExecutor.safeRun(EnhancedQueueExecutor.java:1982)
	at org.jboss.threads.EnhancedQueueExecutor$ThreadBody.doRunTask(EnhancedQueueExecutor.java:1486)
	at org.jboss.threads.EnhancedQueueExecutor$ThreadBody.run(EnhancedQueueExecutor.java:1377)
	at java.lang.Thread.run(Thread.java:748)
Caused by: org.jboss.weld.exceptions.DefinitionException: Exception List with 1 exceptions:
Exception 0 :
com.github.pscheidl.fortee.extension.IncorrectMethodSignatureException: Found methods that violate Optional<T> return contract.
	at com.github.pscheidl.fortee.extension.FortExtension.findGuardedMethodsWithBadReturnType(FortExtension.java:116)
	at com.github.pscheidl.fortee.extension.FortExtension.inspectFailsafeAnnotated(FortExtension.java:41)
	at sun.reflect.GeneratedMethodAccessor2.invoke(Unknown Source)
	at sun.reflect.DelegatingMethodAccessorImpl.invoke(DelegatingMethodAccessorImpl.java:43)
	at java.lang.reflect.Method.invoke(Method.java:498)
	at org.jboss.weld.injection.StaticMethodInjectionPoint.invoke(StaticMethodInjectionPoint.java:95)
	at org.jboss.weld.injection.StaticMethodInjectionPoint.invoke(StaticMethodInjectionPoint.java:85)
	at org.jboss.weld.injection.MethodInvocationStrategy$SimpleMethodInvocationStrategy.invoke(MethodInvocationStrategy.java:168)
	at org.jboss.weld.event.ObserverMethodImpl.sendEvent(ObserverMethodImpl.java:330)
	at org.jboss.weld.event.ExtensionObserverMethodImpl.sendEvent(ExtensionObserverMethodImpl.java:123)
	at org.jboss.weld.event.ObserverMethodImpl.sendEvent(ObserverMethodImpl.java:308)
	at org.jboss.weld.event.ObserverMethodImpl.notify(ObserverMethodImpl.java:286)
	at org.jboss.weld.bootstrap.events.ContainerLifecycleEvents.fireProcessAnnotatedType(ContainerLifecycleEvents.java:207)
	at org.jboss.weld.bootstrap.events.ContainerLifecycleEvents.fireProcessAnnotatedType(ContainerLifecycleEvents.java:176)
	at org.jboss.weld.bootstrap.BeanDeployer.processAnnotatedTypes(BeanDeployer.java:166)
	at org.jboss.weld.bootstrap.BeanDeployment.createTypes(BeanDeployment.java:219)
	at org.jboss.weld.bootstrap.WeldStartup.startInitialization(WeldStartup.java:421)
	at org.jboss.weld.bootstrap.WeldBootstrap.startInitialization(WeldBootstrap.java:79)
	at org.jboss.as.weld.WeldStartService.start(WeldStartService.java:96)
	at org.jboss.msc.service.ServiceControllerImpl$StartTask.startService(ServiceControllerImpl.java:1739)
	at org.jboss.msc.service.ServiceControllerImpl$StartTask.execute(ServiceControllerImpl.java:1701)
	at org.jboss.msc.service.ServiceControllerImpl$ControllerTask.run(ServiceControllerImpl.java:1559)
	at org.jboss.threads.ContextClassLoaderSavingRunnable.run(ContextClassLoaderSavingRunnable.java:35)
	at org.jboss.threads.EnhancedQueueExecutor.safeRun(EnhancedQueueExecutor.java:1982)
	at org.jboss.threads.EnhancedQueueExecutor$ThreadBody.doRunTask(EnhancedQueueExecutor.java:1486)
	at org.jboss.threads.EnhancedQueueExecutor$ThreadBody.run(EnhancedQueueExecutor.java:1377)
	at java.lang.Thread.run(Thread.java:748)

	at org.jboss.weld.bootstrap.events.ContainerLifecycleEvents.fireProcessAnnotatedType(ContainerLifecycleEvents.java:214)
	at org.jboss.weld.bootstrap.events.ContainerLifecycleEvents.fireProcessAnnotatedType(ContainerLifecycleEvents.java:176)
	at org.jboss.weld.bootstrap.BeanDeployer.processAnnotatedTypes(BeanDeployer.java:166)
	at org.jboss.weld.bootstrap.BeanDeployment.createTypes(BeanDeployment.java:219)
	at org.jboss.weld.bootstrap.WeldStartup.startInitialization(WeldStartup.java:421)
	at org.jboss.weld.bootstrap.WeldBootstrap.startInitialization(WeldBootstrap.java:79)
	at org.jboss.as.weld.WeldStartService.start(WeldStartService.java:96)
	at org.jboss.msc.service.ServiceControllerImpl$StartTask.startService(ServiceControllerImpl.java:1739)
	at org.jboss.msc.service.ServiceControllerImpl$StartTask.execute(ServiceControllerImpl.java:1701)
	... 6 more
	Suppressed: com.github.pscheidl.fortee.extension.IncorrectMethodSignatureException: Found methods that violate Optional<T> return contract.
		at com.github.pscheidl.fortee.extension.FortExtension.findGuardedMethodsWithBadReturnType(FortExtension.java:116)
		at com.github.pscheidl.fortee.extension.FortExtension.inspectFailsafeAnnotated(FortExtension.java:41)
		at sun.reflect.GeneratedMethodAccessor2.invoke(Unknown Source)
		at sun.reflect.DelegatingMethodAccessorImpl.invoke(DelegatingMethodAccessorImpl.java:43)
		at java.lang.reflect.Method.invoke(Method.java:498)
		at org.jboss.weld.injection.StaticMethodInjectionPoint.invoke(StaticMethodInjectionPoint.java:95)
		at org.jboss.weld.injection.StaticMethodInjectionPoint.invoke(StaticMethodInjectionPoint.java:85)
		at org.jboss.weld.injection.MethodInvocationStrategy$SimpleMethodInvocationStrategy.invoke(MethodInvocationStrategy.java:168)
		at org.jboss.weld.event.ObserverMethodImpl.sendEvent(ObserverMethodImpl.java:330)
		at org.jboss.weld.event.ExtensionObserverMethodImpl.sendEvent(ExtensionObserverMethodImpl.java:123)
		at org.jboss.weld.event.ObserverMethodImpl.sendEvent(ObserverMethodImpl.java:308)
		at org.jboss.weld.event.ObserverMethodImpl.notify(ObserverMethodImpl.java:286)
		at org.jboss.weld.bootstrap.events.ContainerLifecycleEvents.fireProcessAnnotatedType(ContainerLifecycleEvents.java:207)
		... 14 more

20:32:45,360 INFO  [org.jboss.as.clustering.infinispan] (ServerService Thread Pool -- 78) WFLYCLINF0002: Started client-mappings cache from ejb container
20:32:45,422 ERROR [org.jboss.as.controller.management-operation] (management-handler-thread - 1) WFLYCTL0013: Operation ("add") failed - address: ([("deployment" => "a0fc9fc9-878d-400a-8462-8045340c7ac6.war")]) - failure description: {"WFLYCTL0080: Failed services" => {"jboss.deployment.unit.\"a0fc9fc9-878d-400a-8462-8045340c7ac6.war\".WeldStartService" => "Failed to start service
    Caused by: org.jboss.weld.exceptions.DefinitionException: Exception List with 1 exceptions:
Exception 0 :
com.github.pscheidl.fortee.extension.IncorrectMethodSignatureException: Found methods that violate Optional<T> return contract.
	at com.github.pscheidl.fortee.extension.FortExtension.findGuardedMethodsWithBadReturnType(FortExtension.java:116)
	at com.github.pscheidl.fortee.extension.FortExtension.inspectFailsafeAnnotated(FortExtension.java:41)
	at sun.reflect.GeneratedMethodAccessor2.invoke(Unknown Source)
	at sun.reflect.DelegatingMethodAccessorImpl.invoke(DelegatingMethodAccessorImpl.java:43)
	at java.lang.reflect.Method.invoke(Method.java:498)
	at org.jboss.weld.injection.StaticMethodInjectionPoint.invoke(StaticMethodInjectionPoint.java:95)
	at org.jboss.weld.injection.StaticMethodInjectionPoint.invoke(StaticMethodInjectionPoint.java:85)
	at org.jboss.weld.injection.MethodInvocationStrategy$SimpleMethodInvocationStrategy.invoke(MethodInvocationStrategy.java:168)
	at org.jboss.weld.event.ObserverMethodImpl.sendEvent(ObserverMethodImpl.java:330)
	at org.jboss.weld.event.ExtensionObserverMethodImpl.sendEvent(ExtensionObserverMethodImpl.java:123)
	at org.jboss.weld.event.ObserverMethodImpl.sendEvent(ObserverMethodImpl.java:308)
	at org.jboss.weld.event.ObserverMethodImpl.notify(ObserverMethodImpl.java:286)
	at org.jboss.weld.bootstrap.events.ContainerLifecycleEvents.fireProcessAnnotatedType(ContainerLifecycleEvents.java:207)
	at org.jboss.weld.bootstrap.events.ContainerLifecycleEvents.fireProcessAnnotatedType(ContainerLifecycleEvents.java:176)
	at org.jboss.weld.bootstrap.BeanDeployer.processAnnotatedTypes(BeanDeployer.java:166)
	at org.jboss.weld.bootstrap.BeanDeployment.createTypes(BeanDeployment.java:219)
	at org.jboss.weld.bootstrap.WeldStartup.startInitialization(WeldStartup.java:421)
	at org.jboss.weld.bootstrap.WeldBootstrap.startInitialization(WeldBootstrap.java:79)
	at org.jboss.as.weld.WeldStartService.start(WeldStartService.java:96)
	at org.jboss.msc.service.ServiceControllerImpl$StartTask.startService(ServiceControllerImpl.java:1739)
	at org.jboss.msc.service.ServiceControllerImpl$StartTask.execute(ServiceControllerImpl.java:1701)
	at org.jboss.msc.service.ServiceControllerImpl$ControllerTask.run(ServiceControllerImpl.java:1559)
	at org.jboss.threads.ContextClassLoaderSavingRunnable.run(ContextClassLoaderSavingRunnable.java:35)
	at org.jboss.threads.EnhancedQueueExecutor.safeRun(EnhancedQueueExecutor.java:1982)
	at org.jboss.threads.EnhancedQueueExecutor$ThreadBody.doRunTask(EnhancedQueueExecutor.java:1486)
	at org.jboss.threads.EnhancedQueueExecutor$ThreadBody.run(EnhancedQueueExecutor.java:1377)
	at java.lang.Thread.run(Thread.java:748)
"}}
20:32:45,424 ERROR [org.jboss.as.server] (management-handler-thread - 1) WFLYSRV0021: Deploy of deployment "a0fc9fc9-878d-400a-8462-8045340c7ac6.war" was rolled back with the following failure message: 
{"WFLYCTL0080: Failed services" => {"jboss.deployment.unit.\"a0fc9fc9-878d-400a-8462-8045340c7ac6.war\".WeldStartService" => "Failed to start service
    Caused by: org.jboss.weld.exceptions.DefinitionException: Exception List with 1 exceptions:
Exception 0 :
com.github.pscheidl.fortee.extension.IncorrectMethodSignatureException: Found methods that violate Optional<T> return contract.
	at com.github.pscheidl.fortee.extension.FortExtension.findGuardedMethodsWithBadReturnType(FortExtension.java:116)
	at com.github.pscheidl.fortee.extension.FortExtension.inspectFailsafeAnnotated(FortExtension.java:41)
	at sun.reflect.GeneratedMethodAccessor2.invoke(Unknown Source)
	at sun.reflect.DelegatingMethodAccessorImpl.invoke(DelegatingMethodAccessorImpl.java:43)
	at java.lang.reflect.Method.invoke(Method.java:498)
	at org.jboss.weld.injection.StaticMethodInjectionPoint.invoke(StaticMethodInjectionPoint.java:95)
	at org.jboss.weld.injection.StaticMethodInjectionPoint.invoke(StaticMethodInjectionPoint.java:85)
	at org.jboss.weld.injection.MethodInvocationStrategy$SimpleMethodInvocationStrategy.invoke(MethodInvocationStrategy.java:168)
	at org.jboss.weld.event.ObserverMethodImpl.sendEvent(ObserverMethodImpl.java:330)
	at org.jboss.weld.event.ExtensionObserverMethodImpl.sendEvent(ExtensionObserverMethodImpl.java:123)
	at org.jboss.weld.event.ObserverMethodImpl.sendEvent(ObserverMethodImpl.java:308)
	at org.jboss.weld.event.ObserverMethodImpl.notify(ObserverMethodImpl.java:286)
	at org.jboss.weld.bootstrap.events.ContainerLifecycleEvents.fireProcessAnnotatedType(ContainerLifecycleEvents.java:207)
	at org.jboss.weld.bootstrap.events.ContainerLifecycleEvents.fireProcessAnnotatedType(ContainerLifecycleEvents.java:176)
	at org.jboss.weld.bootstrap.BeanDeployer.processAnnotatedTypes(BeanDeployer.java:166)
	at org.jboss.weld.bootstrap.BeanDeployment.createTypes(BeanDeployment.java:219)
	at org.jboss.weld.bootstrap.WeldStartup.startInitialization(WeldStartup.java:421)
	at org.jboss.weld.bootstrap.WeldBootstrap.startInitialization(WeldBootstrap.java:79)
	at org.jboss.as.weld.WeldStartService.start(WeldStartService.java:96)
	at org.jboss.msc.service.ServiceControllerImpl$StartTask.startService(ServiceControllerImpl.java:1739)
	at org.jboss.msc.service.ServiceControllerImpl$StartTask.execute(ServiceControllerImpl.java:1701)
	at org.jboss.msc.service.ServiceControllerImpl$ControllerTask.run(ServiceControllerImpl.java:1559)
	at org.jboss.threads.ContextClassLoaderSavingRunnable.run(ContextClassLoaderSavingRunnable.java:35)
	at org.jboss.threads.EnhancedQueueExecutor.safeRun(EnhancedQueueExecutor.java:1982)
	at org.jboss.threads.EnhancedQueueExecutor$ThreadBody.doRunTask(EnhancedQueueExecutor.java:1486)
	at org.jboss.threads.EnhancedQueueExecutor$ThreadBody.run(EnhancedQueueExecutor.java:1377)
	at java.lang.Thread.run(Thread.java:748)
"}}
20:32:45,518 INFO  [org.jboss.as.server.deployment] (MSC service thread 1-2) WFLYSRV0028: Stopped deployment a0fc9fc9-878d-400a-8462-8045340c7ac6.war (runtime-name: a0fc9fc9-878d-400a-8462-8045340c7ac6.war) in 94ms
20:32:46,025 INFO  [org.jboss.as.repository] (management-handler-thread - 1) WFLYDR0001: Content added at location /tmp/tmpledvcu5e/FortEE/target/wildfly-20.0.0.Final/standalone/data/content/e8/e4adc697f73ca2c9554b294b378122099422d1/content
20:32:46,028 INFO  [org.jboss.as.server.deployment] (MSC service thread 1-1) WFLYSRV0027: Starting deployment of "aab7d727-c4a6-4ad4-b172-a6e01b70c4ea.war" (runtime-name: "aab7d727-c4a6-4ad4-b172-a6e01b70c4ea.war")
20:32:46,245 INFO  [org.jboss.weld.deployer] (MSC service thread 1-6) WFLYWELD0003: Processing weld deployment aab7d727-c4a6-4ad4-b172-a6e01b70c4ea.war
20:32:46,309 INFO  [io.jaegertracing.internal.JaegerTracer] (MSC service thread 1-6) No shutdown hook registered: Please call close() manually on application shutdown.
20:32:46,421 INFO  [org.jboss.weld.Event] (MSC service thread 1-5) WELD-000411: Observer method [BackedAnnotatedMethod] public com.github.pscheidl.fortee.extension.FortExtension.inspectFailsafeAnnotated(@Observes ProcessAnnotatedType<X>) receives events for all annotated types. Consider restricting events using @WithAnnotations or a generic type with bounds.
20:32:46,467 INFO  [io.smallrye.metrics] (MSC service thread 1-5) MicroProfile: Metrics activated (SmallRye Metrics version: 2.4.0)
20:32:46,702 INFO  [com.github.pscheidl.fortee.extension.FortExtension] (MSC service thread 1-5) A guarded method public java.lang.String com.github.pscheidl.fortee.extension.beans.IncorrectSemisafeMethodContractBean.incorrectReturnTypeMethod() does not return Optional<T>.
20:32:46,703 ERROR [org.jboss.msc.service.fail] (MSC service thread 1-5) MSC000001: Failed to start service jboss.deployment.unit."aab7d727-c4a6-4ad4-b172-a6e01b70c4ea.war".WeldStartService: org.jboss.msc.service.StartException in service jboss.deployment.unit."aab7d727-c4a6-4ad4-b172-a6e01b70c4ea.war".WeldStartService: Failed to start service
	at org.jboss.msc.service.ServiceControllerImpl$StartTask.execute(ServiceControllerImpl.java:1731)
	at org.jboss.msc.service.ServiceControllerImpl$ControllerTask.run(ServiceControllerImpl.java:1559)
	at org.jboss.threads.ContextClassLoaderSavingRunnable.run(ContextClassLoaderSavingRunnable.java:35)
	at org.jboss.threads.EnhancedQueueExecutor.safeRun(EnhancedQueueExecutor.java:1982)
	at org.jboss.threads.EnhancedQueueExecutor$ThreadBody.doRunTask(EnhancedQueueExecutor.java:1486)
	at org.jboss.threads.EnhancedQueueExecutor$ThreadBody.run(EnhancedQueueExecutor.java:1377)
	at java.lang.Thread.run(Thread.java:748)
Caused by: org.jboss.weld.exceptions.DefinitionException: Exception List with 1 exceptions:
Exception 0 :
com.github.pscheidl.fortee.extension.IncorrectMethodSignatureException: Found methods that violate Optional<T> return contract.
	at com.github.pscheidl.fortee.extension.FortExtension.findGuardedMethodsWithBadReturnType(FortExtension.java:116)
	at com.github.pscheidl.fortee.extension.FortExtension.inspectFailsafeAnnotated(FortExtension.java:41)
	at sun.reflect.GeneratedMethodAccessor3.invoke(Unknown Source)
	at sun.reflect.DelegatingMethodAccessorImpl.invoke(DelegatingMethodAccessorImpl.java:43)
	at java.lang.reflect.Method.invoke(Method.java:498)
	at org.jboss.weld.injection.StaticMethodInjectionPoint.invoke(StaticMethodInjectionPoint.java:95)
	at org.jboss.weld.injection.StaticMethodInjectionPoint.invoke(StaticMethodInjectionPoint.java:85)
	at org.jboss.weld.injection.MethodInvocationStrategy$SimpleMethodInvocationStrategy.invoke(MethodInvocationStrategy.java:168)
	at org.jboss.weld.event.ObserverMethodImpl.sendEvent(ObserverMethodImpl.java:330)
	at org.jboss.weld.event.ExtensionObserverMethodImpl.sendEvent(ExtensionObserverMethodImpl.java:123)
	at org.jboss.weld.event.ObserverMethodImpl.sendEvent(ObserverMethodImpl.java:308)
	at org.jboss.weld.event.ObserverMethodImpl.notify(ObserverMethodImpl.java:286)
	at org.jboss.weld.bootstrap.events.ContainerLifecycleEvents.fireProcessAnnotatedType(ContainerLifecycleEvents.java:207)
	at org.jboss.weld.bootstrap.events.ContainerLifecycleEvents.fireProcessAnnotatedType(ContainerLifecycleEvents.java:176)
	at org.jboss.weld.bootstrap.BeanDeployer.processAnnotatedTypes(BeanDeployer.java:166)
	at org.jboss.weld.bootstrap.BeanDeployment.createTypes(BeanDeployment.java:219)
	at org.jboss.weld.bootstrap.WeldStartup.startInitialization(WeldStartup.java:421)
	at org.jboss.weld.bootstrap.WeldBootstrap.startInitialization(WeldBootstrap.java:79)
	at org.jboss.as.weld.WeldStartService.start(WeldStartService.java:96)
	at org.jboss.msc.service.ServiceControllerImpl$StartTask.startService(ServiceControllerImpl.java:1739)
	at org.jboss.msc.service.ServiceControllerImpl$StartTask.execute(ServiceControllerImpl.java:1701)
	at org.jboss.msc.service.ServiceControllerImpl$ControllerTask.run(ServiceControllerImpl.java:1559)
	at org.jboss.threads.ContextClassLoaderSavingRunnable.run(ContextClassLoaderSavingRunnable.java:35)
	at org.jboss.threads.EnhancedQueueExecutor.safeRun(EnhancedQueueExecutor.java:1982)
	at org.jboss.threads.EnhancedQueueExecutor$ThreadBody.doRunTask(EnhancedQueueExecutor.java:1486)
	at org.jboss.threads.EnhancedQueueExecutor$ThreadBody.run(EnhancedQueueExecutor.java:1377)
	at java.lang.Thread.run(Thread.java:748)

	at org.jboss.weld.bootstrap.events.ContainerLifecycleEvents.fireProcessAnnotatedType(ContainerLifecycleEvents.java:214)
	at org.jboss.weld.bootstrap.events.ContainerLifecycleEvents.fireProcessAnnotatedType(ContainerLifecycleEvents.java:176)
	at org.jboss.weld.bootstrap.BeanDeployer.processAnnotatedTypes(BeanDeployer.java:166)
	at org.jboss.weld.bootstrap.BeanDeployment.createTypes(BeanDeployment.java:219)
	at org.jboss.weld.bootstrap.WeldStartup.startInitialization(WeldStartup.java:421)
	at org.jboss.weld.bootstrap.WeldBootstrap.startInitialization(WeldBootstrap.java:79)
	at org.jboss.as.weld.WeldStartService.start(WeldStartService.java:96)
	at org.jboss.msc.service.ServiceControllerImpl$StartTask.startService(ServiceControllerImpl.java:1739)
	at org.jboss.msc.service.ServiceControllerImpl$StartTask.execute(ServiceControllerImpl.java:1701)
	... 6 more
	Suppressed: com.github.pscheidl.fortee.extension.IncorrectMethodSignatureException: Found methods that violate Optional<T> return contract.
		at com.github.pscheidl.fortee.extension.FortExtension.findGuardedMethodsWithBadReturnType(FortExtension.java:116)
		at com.github.pscheidl.fortee.extension.FortExtension.inspectFailsafeAnnotated(FortExtension.java:41)
		at sun.reflect.GeneratedMethodAccessor3.invoke(Unknown Source)
		at sun.reflect.DelegatingMethodAccessorImpl.invoke(DelegatingMethodAccessorImpl.java:43)
		at java.lang.reflect.Method.invoke(Method.java:498)
		at org.jboss.weld.injection.StaticMethodInjectionPoint.invoke(StaticMethodInjectionPoint.java:95)
		at org.jboss.weld.injection.StaticMethodInjectionPoint.invoke(StaticMethodInjectionPoint.java:85)
		at org.jboss.weld.injection.MethodInvocationStrategy$SimpleMethodInvocationStrategy.invoke(MethodInvocationStrategy.java:168)
		at org.jboss.weld.event.ObserverMethodImpl.sendEvent(ObserverMethodImpl.java:330)
		at org.jboss.weld.event.ExtensionObserverMethodImpl.sendEvent(ExtensionObserverMethodImpl.java:123)
		at org.jboss.weld.event.ObserverMethodImpl.sendEvent(ObserverMethodImpl.java:308)
		at org.jboss.weld.event.ObserverMethodImpl.notify(ObserverMethodImpl.java:286)
		at org.jboss.weld.bootstrap.events.ContainerLifecycleEvents.fireProcessAnnotatedType(ContainerLifecycleEvents.java:207)
		... 14 more

20:32:46,710 ERROR [org.jboss.as.controller.management-operation] (management-handler-thread - 1) WFLYCTL0013: Operation ("add") failed - address: ([("deployment" => "aab7d727-c4a6-4ad4-b172-a6e01b70c4ea.war")]) - failure description: {"WFLYCTL0080: Failed services" => {"jboss.deployment.unit.\"aab7d727-c4a6-4ad4-b172-a6e01b70c4ea.war\".WeldStartService" => "Failed to start service
    Caused by: org.jboss.weld.exceptions.DefinitionException: Exception List with 1 exceptions:
Exception 0 :
com.github.pscheidl.fortee.extension.IncorrectMethodSignatureException: Found methods that violate Optional<T> return contract.
	at com.github.pscheidl.fortee.extension.FortExtension.findGuardedMethodsWithBadReturnType(FortExtension.java:116)
	at com.github.pscheidl.fortee.extension.FortExtension.inspectFailsafeAnnotated(FortExtension.java:41)
	at sun.reflect.GeneratedMethodAccessor3.invoke(Unknown Source)
	at sun.reflect.DelegatingMethodAccessorImpl.invoke(DelegatingMethodAccessorImpl.java:43)
	at java.lang.reflect.Method.invoke(Method.java:498)
	at org.jboss.weld.injection.StaticMethodInjectionPoint.invoke(StaticMethodInjectionPoint.java:95)
	at org.jboss.weld.injection.StaticMethodInjectionPoint.invoke(StaticMethodInjectionPoint.java:85)
	at org.jboss.weld.injection.MethodInvocationStrategy$SimpleMethodInvocationStrategy.invoke(MethodInvocationStrategy.java:168)
	at org.jboss.weld.event.ObserverMethodImpl.sendEvent(ObserverMethodImpl.java:330)
	at org.jboss.weld.event.ExtensionObserverMethodImpl.sendEvent(ExtensionObserverMethodImpl.java:123)
	at org.jboss.weld.event.ObserverMethodImpl.sendEvent(ObserverMethodImpl.java:308)
	at org.jboss.weld.event.ObserverMethodImpl.notify(ObserverMethodImpl.java:286)
	at org.jboss.weld.bootstrap.events.ContainerLifecycleEvents.fireProcessAnnotatedType(ContainerLifecycleEvents.java:207)
	at org.jboss.weld.bootstrap.events.ContainerLifecycleEvents.fireProcessAnnotatedType(ContainerLifecycleEvents.java:176)
	at org.jboss.weld.bootstrap.BeanDeployer.processAnnotatedTypes(BeanDeployer.java:166)
	at org.jboss.weld.bootstrap.BeanDeployment.createTypes(BeanDeployment.java:219)
	at org.jboss.weld.bootstrap.WeldStartup.startInitialization(WeldStartup.java:421)
	at org.jboss.weld.bootstrap.WeldBootstrap.startInitialization(WeldBootstrap.java:79)
	at org.jboss.as.weld.WeldStartService.start(WeldStartService.java:96)
	at org.jboss.msc.service.ServiceControllerImpl$StartTask.startService(ServiceControllerImpl.java:1739)
	at org.jboss.msc.service.ServiceControllerImpl$StartTask.execute(ServiceControllerImpl.java:1701)
	at org.jboss.msc.service.ServiceControllerImpl$ControllerTask.run(ServiceControllerImpl.java:1559)
	at org.jboss.threads.ContextClassLoaderSavingRunnable.run(ContextClassLoaderSavingRunnable.java:35)
	at org.jboss.threads.EnhancedQueueExecutor.safeRun(EnhancedQueueExecutor.java:1982)
	at org.jboss.threads.EnhancedQueueExecutor$ThreadBody.doRunTask(EnhancedQueueExecutor.java:1486)
	at org.jboss.threads.EnhancedQueueExecutor$ThreadBody.run(EnhancedQueueExecutor.java:1377)
	at java.lang.Thread.run(Thread.java:748)
"}}
20:32:46,710 ERROR [org.jboss.as.server] (management-handler-thread - 1) WFLYSRV0021: Deploy of deployment "aab7d727-c4a6-4ad4-b172-a6e01b70c4ea.war" was rolled back with the following failure message: 
{"WFLYCTL0080: Failed services" => {"jboss.deployment.unit.\"aab7d727-c4a6-4ad4-b172-a6e01b70c4ea.war\".WeldStartService" => "Failed to start service
    Caused by: org.jboss.weld.exceptions.DefinitionException: Exception List with 1 exceptions:
Exception 0 :
com.github.pscheidl.fortee.extension.IncorrectMethodSignatureException: Found methods that violate Optional<T> return contract.
	at com.github.pscheidl.fortee.extension.FortExtension.findGuardedMethodsWithBadReturnType(FortExtension.java:116)
	at com.github.pscheidl.fortee.extension.FortExtension.inspectFailsafeAnnotated(FortExtension.java:41)
	at sun.reflect.GeneratedMethodAccessor3.invoke(Unknown Source)
	at sun.reflect.DelegatingMethodAccessorImpl.invoke(DelegatingMethodAccessorImpl.java:43)
	at java.lang.reflect.Method.invoke(Method.java:498)
	at org.jboss.weld.injection.StaticMethodInjectionPoint.invoke(StaticMethodInjectionPoint.java:95)
	at org.jboss.weld.injection.StaticMethodInjectionPoint.invoke(StaticMethodInjectionPoint.java:85)
	at org.jboss.weld.injection.MethodInvocationStrategy$SimpleMethodInvocationStrategy.invoke(MethodInvocationStrategy.java:168)
	at org.jboss.weld.event.ObserverMethodImpl.sendEvent(ObserverMethodImpl.java:330)
	at org.jboss.weld.event.ExtensionObserverMethodImpl.sendEvent(ExtensionObserverMethodImpl.java:123)
	at org.jboss.weld.event.ObserverMethodImpl.sendEvent(ObserverMethodImpl.java:308)
	at org.jboss.weld.event.ObserverMethodImpl.notify(ObserverMethodImpl.java:286)
	at org.jboss.weld.bootstrap.events.ContainerLifecycleEvents.fireProcessAnnotatedType(ContainerLifecycleEvents.java:207)
	at org.jboss.weld.bootstrap.events.ContainerLifecycleEvents.fireProcessAnnotatedType(ContainerLifecycleEvents.java:176)
	at org.jboss.weld.bootstrap.BeanDeployer.processAnnotatedTypes(BeanDeployer.java:166)
	at org.jboss.weld.bootstrap.BeanDeployment.createTypes(BeanDeployment.java:219)
	at org.jboss.weld.bootstrap.WeldStartup.startInitialization(WeldStartup.java:421)
	at org.jboss.weld.bootstrap.WeldBootstrap.startInitialization(WeldBootstrap.java:79)
	at org.jboss.as.weld.WeldStartService.start(WeldStartService.java:96)
	at org.jboss.msc.service.ServiceControllerImpl$StartTask.startService(ServiceControllerImpl.java:1739)
	at org.jboss.msc.service.ServiceControllerImpl$StartTask.execute(ServiceControllerImpl.java:1701)
	at org.jboss.msc.service.ServiceControllerImpl$ControllerTask.run(ServiceControllerImpl.java:1559)
	at org.jboss.threads.ContextClassLoaderSavingRunnable.run(ContextClassLoaderSavingRunnable.java:35)
	at org.jboss.threads.EnhancedQueueExecutor.safeRun(EnhancedQueueExecutor.java:1982)
	at org.jboss.threads.EnhancedQueueExecutor$ThreadBody.doRunTask(EnhancedQueueExecutor.java:1486)
	at org.jboss.threads.EnhancedQueueExecutor$ThreadBody.run(EnhancedQueueExecutor.java:1377)
	at java.lang.Thread.run(Thread.java:748)
"}}
20:32:46,822 INFO  [org.jboss.as.server.deployment] (MSC service thread 1-6) WFLYSRV0028: Stopped deployment aab7d727-c4a6-4ad4-b172-a6e01b70c4ea.war (runtime-name: aab7d727-c4a6-4ad4-b172-a6e01b70c4ea.war) in 111ms
20:32:47,261 INFO  [org.jboss.as.repository] (management-handler-thread - 1) WFLYDR0001: Content added at location /tmp/tmpledvcu5e/FortEE/target/wildfly-20.0.0.Final/standalone/data/content/a6/097ab89f9dc1d489008661d40c2cf414bf5765/content
20:32:47,267 INFO  [org.jboss.as.server.deployment] (MSC service thread 1-6) WFLYSRV0027: Starting deployment of "5d6d9869-256c-4d61-9d97-60877d1aa20e.war" (runtime-name: "5d6d9869-256c-4d61-9d97-60877d1aa20e.war")
20:32:48,063 INFO  [org.jboss.weld.deployer] (MSC service thread 1-8) WFLYWELD0003: Processing weld deployment 5d6d9869-256c-4d61-9d97-60877d1aa20e.war
20:32:48,121 INFO  [io.jaegertracing.internal.JaegerTracer] (MSC service thread 1-8) No shutdown hook registered: Please call close() manually on application shutdown.
20:32:48,230 INFO  [org.jboss.weld.Event] (MSC service thread 1-8) WELD-000411: Observer method [BackedAnnotatedMethod] public com.github.pscheidl.fortee.extension.FortExtension.inspectFailsafeAnnotated(@Observes ProcessAnnotatedType<X>) receives events for all annotated types. Consider restricting events using @WithAnnotations or a generic type with bounds.
20:32:48,294 INFO  [io.smallrye.metrics] (MSC service thread 1-8) MicroProfile: Metrics activated (SmallRye Metrics version: 2.4.0)
20:32:48,584 INFO  [com.github.pscheidl.fortee.extension.FortExtension] (MSC service thread 1-8) A guarded method public java.lang.String com.github.pscheidl.fortee.extension.beans.OneMethodWithIncorrectSemisafeContractBean.incorrectMethodSignature() does not return Optional<T>.
20:32:48,584 ERROR [org.jboss.msc.service.fail] (MSC service thread 1-8) MSC000001: Failed to start service jboss.deployment.unit."5d6d9869-256c-4d61-9d97-60877d1aa20e.war".WeldStartService: org.jboss.msc.service.StartException in service jboss.deployment.unit."5d6d9869-256c-4d61-9d97-60877d1aa20e.war".WeldStartService: Failed to start service
	at org.jboss.msc.service.ServiceControllerImpl$StartTask.execute(ServiceControllerImpl.java:1731)
	at org.jboss.msc.service.ServiceControllerImpl$ControllerTask.run(ServiceControllerImpl.java:1559)
	at org.jboss.threads.ContextClassLoaderSavingRunnable.run(ContextClassLoaderSavingRunnable.java:35)
	at org.jboss.threads.EnhancedQueueExecutor.safeRun(EnhancedQueueExecutor.java:1982)
	at org.jboss.threads.EnhancedQueueExecutor$ThreadBody.doRunTask(EnhancedQueueExecutor.java:1486)
	at org.jboss.threads.EnhancedQueueExecutor$ThreadBody.run(EnhancedQueueExecutor.java:1377)
	at java.lang.Thread.run(Thread.java:748)
Caused by: org.jboss.weld.exceptions.DefinitionException: Exception List with 1 exceptions:
Exception 0 :
com.github.pscheidl.fortee.extension.IncorrectMethodSignatureException: Found methods that violate Optional<T> return contract.
	at com.github.pscheidl.fortee.extension.FortExtension.scanAllMethodsForIncorrectReturnType(FortExtension.java:66)
	at com.github.pscheidl.fortee.extension.FortExtension.inspectFailsafeAnnotated(FortExtension.java:38)
	at sun.reflect.GeneratedMethodAccessor4.invoke(Unknown Source)
	at sun.reflect.DelegatingMethodAccessorImpl.invoke(DelegatingMethodAccessorImpl.java:43)
	at java.lang.reflect.Method.invoke(Method.java:498)
	at org.jboss.weld.injection.StaticMethodInjectionPoint.invoke(StaticMethodInjectionPoint.java:95)
	at org.jboss.weld.injection.StaticMethodInjectionPoint.invoke(StaticMethodInjectionPoint.java:85)
	at org.jboss.weld.injection.MethodInvocationStrategy$SimpleMethodInvocationStrategy.invoke(MethodInvocationStrategy.java:168)
	at org.jboss.weld.event.ObserverMethodImpl.sendEvent(ObserverMethodImpl.java:330)
	at org.jboss.weld.event.ExtensionObserverMethodImpl.sendEvent(ExtensionObserverMethodImpl.java:123)
	at org.jboss.weld.event.ObserverMethodImpl.sendEvent(ObserverMethodImpl.java:308)
	at org.jboss.weld.event.ObserverMethodImpl.notify(ObserverMethodImpl.java:286)
	at org.jboss.weld.bootstrap.events.ContainerLifecycleEvents.fireProcessAnnotatedType(ContainerLifecycleEvents.java:207)
	at org.jboss.weld.bootstrap.events.ContainerLifecycleEvents.fireProcessAnnotatedType(ContainerLifecycleEvents.java:176)
	at org.jboss.weld.bootstrap.BeanDeployer.processAnnotatedTypes(BeanDeployer.java:166)
	at org.jboss.weld.bootstrap.BeanDeployment.createTypes(BeanDeployment.java:219)
	at org.jboss.weld.bootstrap.WeldStartup.startInitialization(WeldStartup.java:421)
	at org.jboss.weld.bootstrap.WeldBootstrap.startInitialization(WeldBootstrap.java:79)
	at org.jboss.as.weld.WeldStartService.start(WeldStartService.java:96)
	at org.jboss.msc.service.ServiceControllerImpl$StartTask.startService(ServiceControllerImpl.java:1739)
	at org.jboss.msc.service.ServiceControllerImpl$StartTask.execute(ServiceControllerImpl.java:1701)
	at org.jboss.msc.service.ServiceControllerImpl$ControllerTask.run(ServiceControllerImpl.java:1559)
	at org.jboss.threads.ContextClassLoaderSavingRunnable.run(ContextClassLoaderSavingRunnable.java:35)
	at org.jboss.threads.EnhancedQueueExecutor.safeRun(EnhancedQueueExecutor.java:1982)
	at org.jboss.threads.EnhancedQueueExecutor$ThreadBody.doRunTask(EnhancedQueueExecutor.java:1486)
	at org.jboss.threads.EnhancedQueueExecutor$ThreadBody.run(EnhancedQueueExecutor.java:1377)
	at java.lang.Thread.run(Thread.java:748)

	at org.jboss.weld.bootstrap.events.ContainerLifecycleEvents.fireProcessAnnotatedType(ContainerLifecycleEvents.java:214)
	at org.jboss.weld.bootstrap.events.ContainerLifecycleEvents.fireProcessAnnotatedType(ContainerLifecycleEvents.java:176)
	at org.jboss.weld.bootstrap.BeanDeployer.processAnnotatedTypes(BeanDeployer.java:166)
	at org.jboss.weld.bootstrap.BeanDeployment.createTypes(BeanDeployment.java:219)
	at org.jboss.weld.bootstrap.WeldStartup.startInitialization(WeldStartup.java:421)
	at org.jboss.weld.bootstrap.WeldBootstrap.startInitialization(WeldBootstrap.java:79)
	at org.jboss.as.weld.WeldStartService.start(WeldStartService.java:96)
	at org.jboss.msc.service.ServiceControllerImpl$StartTask.startService(ServiceControllerImpl.java:1739)
	at org.jboss.msc.service.ServiceControllerImpl$StartTask.execute(ServiceControllerImpl.java:1701)
	... 6 more
	Suppressed: com.github.pscheidl.fortee.extension.IncorrectMethodSignatureException: Found methods that violate Optional<T> return contract.
		at com.github.pscheidl.fortee.extension.FortExtension.scanAllMethodsForIncorrectReturnType(FortExtension.java:66)
		at com.github.pscheidl.fortee.extension.FortExtension.inspectFailsafeAnnotated(FortExtension.java:38)
		at sun.reflect.GeneratedMethodAccessor4.invoke(Unknown Source)
		at sun.reflect.DelegatingMethodAccessorImpl.invoke(DelegatingMethodAccessorImpl.java:43)
		at java.lang.reflect.Method.invoke(Method.java:498)
		at org.jboss.weld.injection.StaticMethodInjectionPoint.invoke(StaticMethodInjectionPoint.java:95)
		at org.jboss.weld.injection.StaticMethodInjectionPoint.invoke(StaticMethodInjectionPoint.java:85)
		at org.jboss.weld.injection.MethodInvocationStrategy$SimpleMethodInvocationStrategy.invoke(MethodInvocationStrategy.java:168)
		at org.jboss.weld.event.ObserverMethodImpl.sendEvent(ObserverMethodImpl.java:330)
		at org.jboss.weld.event.ExtensionObserverMethodImpl.sendEvent(ExtensionObserverMethodImpl.java:123)
		at org.jboss.weld.event.ObserverMethodImpl.sendEvent(ObserverMethodImpl.java:308)
		at org.jboss.weld.event.ObserverMethodImpl.notify(ObserverMethodImpl.java:286)
		at org.jboss.weld.bootstrap.events.ContainerLifecycleEvents.fireProcessAnnotatedType(ContainerLifecycleEvents.java:207)
		... 14 more

20:32:48,602 ERROR [org.jboss.as.controller.management-operation] (management-handler-thread - 1) WFLYCTL0013: Operation ("add") failed - address: ([("deployment" => "5d6d9869-256c-4d61-9d97-60877d1aa20e.war")]) - failure description: {"WFLYCTL0080: Failed services" => {"jboss.deployment.unit.\"5d6d9869-256c-4d61-9d97-60877d1aa20e.war\".WeldStartService" => "Failed to start service
    Caused by: org.jboss.weld.exceptions.DefinitionException: Exception List with 1 exceptions:
Exception 0 :
com.github.pscheidl.fortee.extension.IncorrectMethodSignatureException: Found methods that violate Optional<T> return contract.
	at com.github.pscheidl.fortee.extension.FortExtension.scanAllMethodsForIncorrectReturnType(FortExtension.java:66)
	at com.github.pscheidl.fortee.extension.FortExtension.inspectFailsafeAnnotated(FortExtension.java:38)
	at sun.reflect.GeneratedMethodAccessor4.invoke(Unknown Source)
	at sun.reflect.DelegatingMethodAccessorImpl.invoke(DelegatingMethodAccessorImpl.java:43)
	at java.lang.reflect.Method.invoke(Method.java:498)
	at org.jboss.weld.injection.StaticMethodInjectionPoint.invoke(StaticMethodInjectionPoint.java:95)
	at org.jboss.weld.injection.StaticMethodInjectionPoint.invoke(StaticMethodInjectionPoint.java:85)
	at org.jboss.weld.injection.MethodInvocationStrategy$SimpleMethodInvocationStrategy.invoke(MethodInvocationStrategy.java:168)
	at org.jboss.weld.event.ObserverMethodImpl.sendEvent(ObserverMethodImpl.java:330)
	at org.jboss.weld.event.ExtensionObserverMethodImpl.sendEvent(ExtensionObserverMethodImpl.java:123)
	at org.jboss.weld.event.ObserverMethodImpl.sendEvent(ObserverMethodImpl.java:308)
	at org.jboss.weld.event.ObserverMethodImpl.notify(ObserverMethodImpl.java:286)
	at org.jboss.weld.bootstrap.events.ContainerLifecycleEvents.fireProcessAnnotatedType(ContainerLifecycleEvents.java:207)
	at org.jboss.weld.bootstrap.events.ContainerLifecycleEvents.fireProcessAnnotatedType(ContainerLifecycleEvents.java:176)
	at org.jboss.weld.bootstrap.BeanDeployer.processAnnotatedTypes(BeanDeployer.java:166)
	at org.jboss.weld.bootstrap.BeanDeployment.createTypes(BeanDeployment.java:219)
	at org.jboss.weld.bootstrap.WeldStartup.startInitialization(WeldStartup.java:421)
	at org.jboss.weld.bootstrap.WeldBootstrap.startInitialization(WeldBootstrap.java:79)
	at org.jboss.as.weld.WeldStartService.start(WeldStartService.java:96)
	at org.jboss.msc.service.ServiceControllerImpl$StartTask.startService(ServiceControllerImpl.java:1739)
	at org.jboss.msc.service.ServiceControllerImpl$StartTask.execute(ServiceControllerImpl.java:1701)
	at org.jboss.msc.service.ServiceControllerImpl$ControllerTask.run(ServiceControllerImpl.java:1559)
	at org.jboss.threads.ContextClassLoaderSavingRunnable.run(ContextClassLoaderSavingRunnable.java:35)
	at org.jboss.threads.EnhancedQueueExecutor.safeRun(EnhancedQueueExecutor.java:1982)
	at org.jboss.threads.EnhancedQueueExecutor$ThreadBody.doRunTask(EnhancedQueueExecutor.java:1486)
	at org.jboss.threads.EnhancedQueueExecutor$ThreadBody.run(EnhancedQueueExecutor.java:1377)
	at java.lang.Thread.run(Thread.java:748)
"}}
20:32:48,602 ERROR [org.jboss.as.server] (management-handler-thread - 1) WFLYSRV0021: Deploy of deployment "5d6d9869-256c-4d61-9d97-60877d1aa20e.war" was rolled back with the following failure message: 
{"WFLYCTL0080: Failed services" => {"jboss.deployment.unit.\"5d6d9869-256c-4d61-9d97-60877d1aa20e.war\".WeldStartService" => "Failed to start service
    Caused by: org.jboss.weld.exceptions.DefinitionException: Exception List with 1 exceptions:
Exception 0 :
com.github.pscheidl.fortee.extension.IncorrectMethodSignatureException: Found methods that violate Optional<T> return contract.
	at com.github.pscheidl.fortee.extension.FortExtension.scanAllMethodsForIncorrectReturnType(FortExtension.java:66)
	at com.github.pscheidl.fortee.extension.FortExtension.inspectFailsafeAnnotated(FortExtension.java:38)
	at sun.reflect.GeneratedMethodAccessor4.invoke(Unknown Source)
	at sun.reflect.DelegatingMethodAccessorImpl.invoke(DelegatingMethodAccessorImpl.java:43)
	at java.lang.reflect.Method.invoke(Method.java:498)
	at org.jboss.weld.injection.StaticMethodInjectionPoint.invoke(StaticMethodInjectionPoint.java:95)
	at org.jboss.weld.injection.StaticMethodInjectionPoint.invoke(StaticMethodInjectionPoint.java:85)
	at org.jboss.weld.injection.MethodInvocationStrategy$SimpleMethodInvocationStrategy.invoke(MethodInvocationStrategy.java:168)
	at org.jboss.weld.event.ObserverMethodImpl.sendEvent(ObserverMethodImpl.java:330)
	at org.jboss.weld.event.ExtensionObserverMethodImpl.sendEvent(ExtensionObserverMethodImpl.java:123)
	at org.jboss.weld.event.ObserverMethodImpl.sendEvent(ObserverMethodImpl.java:308)
	at org.jboss.weld.event.ObserverMethodImpl.notify(ObserverMethodImpl.java:286)
	at org.jboss.weld.bootstrap.events.ContainerLifecycleEvents.fireProcessAnnotatedType(ContainerLifecycleEvents.java:207)
	at org.jboss.weld.bootstrap.events.ContainerLifecycleEvents.fireProcessAnnotatedType(ContainerLifecycleEvents.java:176)
	at org.jboss.weld.bootstrap.BeanDeployer.processAnnotatedTypes(BeanDeployer.java:166)
	at org.jboss.weld.bootstrap.BeanDeployment.createTypes(BeanDeployment.java:219)
	at org.jboss.weld.bootstrap.WeldStartup.startInitialization(WeldStartup.java:421)
	at org.jboss.weld.bootstrap.WeldBootstrap.startInitialization(WeldBootstrap.java:79)
	at org.jboss.as.weld.WeldStartService.start(WeldStartService.java:96)
	at org.jboss.msc.service.ServiceControllerImpl$StartTask.startService(ServiceControllerImpl.java:1739)
	at org.jboss.msc.service.ServiceControllerImpl$StartTask.execute(ServiceControllerImpl.java:1701)
	at org.jboss.msc.service.ServiceControllerImpl$ControllerTask.run(ServiceControllerImpl.java:1559)
	at org.jboss.threads.ContextClassLoaderSavingRunnable.run(ContextClassLoaderSavingRunnable.java:35)
	at org.jboss.threads.EnhancedQueueExecutor.safeRun(EnhancedQueueExecutor.java:1982)
	at org.jboss.threads.EnhancedQueueExecutor$ThreadBody.doRunTask(EnhancedQueueExecutor.java:1486)
	at org.jboss.threads.EnhancedQueueExecutor$ThreadBody.run(EnhancedQueueExecutor.java:1377)
	at java.lang.Thread.run(Thread.java:748)
"}}
20:32:48,665 INFO  [org.jboss.as.server.deployment] (MSC service thread 1-8) WFLYSRV0028: Stopped deployment 5d6d9869-256c-4d61-9d97-60877d1aa20e.war (runtime-name: 5d6d9869-256c-4d61-9d97-60877d1aa20e.war) in 62ms
20:32:49,162 INFO  [org.jboss.as.repository] (management-handler-thread - 1) WFLYDR0001: Content added at location /tmp/tmpledvcu5e/FortEE/target/wildfly-20.0.0.Final/standalone/data/content/58/8e437b96ca8c27b1189f5656fefef306e26aac/content
20:32:49,164 INFO  [org.jboss.as.server.deployment] (MSC service thread 1-7) WFLYSRV0027: Starting deployment of "9ad25dac-1438-4bd9-b6ec-f75ad00f67d3.war" (runtime-name: "9ad25dac-1438-4bd9-b6ec-f75ad00f67d3.war")
20:32:49,329 INFO  [org.jboss.weld.deployer] (MSC service thread 1-5) WFLYWELD0003: Processing weld deployment 9ad25dac-1438-4bd9-b6ec-f75ad00f67d3.war
20:32:49,440 INFO  [io.jaegertracing.internal.JaegerTracer] (MSC service thread 1-5) No shutdown hook registered: Please call close() manually on application shutdown.
20:32:49,532 INFO  [org.jboss.weld.Event] (MSC service thread 1-1) WELD-000411: Observer method [BackedAnnotatedMethod] public com.github.pscheidl.fortee.extension.FortExtension.inspectFailsafeAnnotated(@Observes ProcessAnnotatedType<X>) receives events for all annotated types. Consider restricting events using @WithAnnotations or a generic type with bounds.
20:32:49,553 INFO  [io.smallrye.metrics] (MSC service thread 1-1) MicroProfile: Metrics activated (SmallRye Metrics version: 2.4.0)
20:32:49,774 INFO  [com.github.pscheidl.fortee.extension.FortExtension] (MSC service thread 1-1) A guarded method public java.lang.String com.github.pscheidl.fortee.extension.beans.OneMethodWithIncorrectFailsafeContractBean.incorrectMethodSignature() does not return Optional<T>.
20:32:49,775 ERROR [org.jboss.msc.service.fail] (MSC service thread 1-1) MSC000001: Failed to start service jboss.deployment.unit."9ad25dac-1438-4bd9-b6ec-f75ad00f67d3.war".WeldStartService: org.jboss.msc.service.StartException in service jboss.deployment.unit."9ad25dac-1438-4bd9-b6ec-f75ad00f67d3.war".WeldStartService: Failed to start service
	at org.jboss.msc.service.ServiceControllerImpl$StartTask.execute(ServiceControllerImpl.java:1731)
	at org.jboss.msc.service.ServiceControllerImpl$ControllerTask.run(ServiceControllerImpl.java:1559)
	at org.jboss.threads.ContextClassLoaderSavingRunnable.run(ContextClassLoaderSavingRunnable.java:35)
	at org.jboss.threads.EnhancedQueueExecutor.safeRun(EnhancedQueueExecutor.java:1982)
	at org.jboss.threads.EnhancedQueueExecutor$ThreadBody.doRunTask(EnhancedQueueExecutor.java:1486)
	at org.jboss.threads.EnhancedQueueExecutor$ThreadBody.run(EnhancedQueueExecutor.java:1377)
	at java.lang.Thread.run(Thread.java:748)
Caused by: org.jboss.weld.exceptions.DefinitionException: Exception List with 1 exceptions:
Exception 0 :
com.github.pscheidl.fortee.extension.IncorrectMethodSignatureException: Found methods that violate Optional<T> return contract.
	at com.github.pscheidl.fortee.extension.FortExtension.scanAllMethodsForIncorrectReturnType(FortExtension.java:66)
	at com.github.pscheidl.fortee.extension.FortExtension.inspectFailsafeAnnotated(FortExtension.java:38)
	at sun.reflect.NativeMethodAccessorImpl.invoke0(Native Method)
	at sun.reflect.NativeMethodAccessorImpl.invoke(NativeMethodAccessorImpl.java:62)
	at sun.reflect.DelegatingMethodAccessorImpl.invoke(DelegatingMethodAccessorImpl.java:43)
	at java.lang.reflect.Method.invoke(Method.java:498)
	at org.jboss.weld.injection.StaticMethodInjectionPoint.invoke(StaticMethodInjectionPoint.java:95)
	at org.jboss.weld.injection.StaticMethodInjectionPoint.invoke(StaticMethodInjectionPoint.java:85)
	at org.jboss.weld.injection.MethodInvocationStrategy$SimpleMethodInvocationStrategy.invoke(MethodInvocationStrategy.java:168)
	at org.jboss.weld.event.ObserverMethodImpl.sendEvent(ObserverMethodImpl.java:330)
	at org.jboss.weld.event.ExtensionObserverMethodImpl.sendEvent(ExtensionObserverMethodImpl.java:123)
	at org.jboss.weld.event.ObserverMethodImpl.sendEvent(ObserverMethodImpl.java:308)
	at org.jboss.weld.event.ObserverMethodImpl.notify(ObserverMethodImpl.java:286)
	at org.jboss.weld.bootstrap.events.ContainerLifecycleEvents.fireProcessAnnotatedType(ContainerLifecycleEvents.java:207)
	at org.jboss.weld.bootstrap.events.ContainerLifecycleEvents.fireProcessAnnotatedType(ContainerLifecycleEvents.java:176)
	at org.jboss.weld.bootstrap.BeanDeployer.processAnnotatedTypes(BeanDeployer.java:166)
	at org.jboss.weld.bootstrap.BeanDeployment.createTypes(BeanDeployment.java:219)
	at org.jboss.weld.bootstrap.WeldStartup.startInitialization(WeldStartup.java:421)
	at org.jboss.weld.bootstrap.WeldBootstrap.startInitialization(WeldBootstrap.java:79)
	at org.jboss.as.weld.WeldStartService.start(WeldStartService.java:96)
	at org.jboss.msc.service.ServiceControllerImpl$StartTask.startService(ServiceControllerImpl.java:1739)
	at org.jboss.msc.service.ServiceControllerImpl$StartTask.execute(ServiceControllerImpl.java:1701)
	at org.jboss.msc.service.ServiceControllerImpl$ControllerTask.run(ServiceControllerImpl.java:1559)
	at org.jboss.threads.ContextClassLoaderSavingRunnable.run(ContextClassLoaderSavingRunnable.java:35)
	at org.jboss.threads.EnhancedQueueExecutor.safeRun(EnhancedQueueExecutor.java:1982)
	at org.jboss.threads.EnhancedQueueExecutor$ThreadBody.doRunTask(EnhancedQueueExecutor.java:1486)
	at org.jboss.threads.EnhancedQueueExecutor$ThreadBody.run(EnhancedQueueExecutor.java:1377)
	at java.lang.Thread.run(Thread.java:748)

	at org.jboss.weld.bootstrap.events.ContainerLifecycleEvents.fireProcessAnnotatedType(ContainerLifecycleEvents.java:214)
	at org.jboss.weld.bootstrap.events.ContainerLifecycleEvents.fireProcessAnnotatedType(ContainerLifecycleEvents.java:176)
	at org.jboss.weld.bootstrap.BeanDeployer.processAnnotatedTypes(BeanDeployer.java:166)
	at org.jboss.weld.bootstrap.BeanDeployment.createTypes(BeanDeployment.java:219)
	at org.jboss.weld.bootstrap.WeldStartup.startInitialization(WeldStartup.java:421)
	at org.jboss.weld.bootstrap.WeldBootstrap.startInitialization(WeldBootstrap.java:79)
	at org.jboss.as.weld.WeldStartService.start(WeldStartService.java:96)
	at org.jboss.msc.service.ServiceControllerImpl$StartTask.startService(ServiceControllerImpl.java:1739)
	at org.jboss.msc.service.ServiceControllerImpl$StartTask.execute(ServiceControllerImpl.java:1701)
	... 6 more
	Suppressed: com.github.pscheidl.fortee.extension.IncorrectMethodSignatureException: Found methods that violate Optional<T> return contract.
		at com.github.pscheidl.fortee.extension.FortExtension.scanAllMethodsForIncorrectReturnType(FortExtension.java:66)
		at com.github.pscheidl.fortee.extension.FortExtension.inspectFailsafeAnnotated(FortExtension.java:38)
		at sun.reflect.NativeMethodAccessorImpl.invoke0(Native Method)
		at sun.reflect.NativeMethodAccessorImpl.invoke(NativeMethodAccessorImpl.java:62)
		at sun.reflect.DelegatingMethodAccessorImpl.invoke(DelegatingMethodAccessorImpl.java:43)
		at java.lang.reflect.Method.invoke(Method.java:498)
		at org.jboss.weld.injection.StaticMethodInjectionPoint.invoke(StaticMethodInjectionPoint.java:95)
		at org.jboss.weld.injection.StaticMethodInjectionPoint.invoke(StaticMethodInjectionPoint.java:85)
		at org.jboss.weld.injection.MethodInvocationStrategy$SimpleMethodInvocationStrategy.invoke(MethodInvocationStrategy.java:168)
		at org.jboss.weld.event.ObserverMethodImpl.sendEvent(ObserverMethodImpl.java:330)
		at org.jboss.weld.event.ExtensionObserverMethodImpl.sendEvent(ExtensionObserverMethodImpl.java:123)
		at org.jboss.weld.event.ObserverMethodImpl.sendEvent(ObserverMethodImpl.java:308)
		at org.jboss.weld.event.ObserverMethodImpl.notify(ObserverMethodImpl.java:286)
		at org.jboss.weld.bootstrap.events.ContainerLifecycleEvents.fireProcessAnnotatedType(ContainerLifecycleEvents.java:207)
		... 14 more

20:32:49,777 ERROR [org.jboss.as.controller.management-operation] (management-handler-thread - 1) WFLYCTL0013: Operation ("add") failed - address: ([("deployment" => "9ad25dac-1438-4bd9-b6ec-f75ad00f67d3.war")]) - failure description: {"WFLYCTL0080: Failed services" => {"jboss.deployment.unit.\"9ad25dac-1438-4bd9-b6ec-f75ad00f67d3.war\".WeldStartService" => "Failed to start service
    Caused by: org.jboss.weld.exceptions.DefinitionException: Exception List with 1 exceptions:
Exception 0 :
com.github.pscheidl.fortee.extension.IncorrectMethodSignatureException: Found methods that violate Optional<T> return contract.
	at com.github.pscheidl.fortee.extension.FortExtension.scanAllMethodsForIncorrectReturnType(FortExtension.java:66)
	at com.github.pscheidl.fortee.extension.FortExtension.inspectFailsafeAnnotated(FortExtension.java:38)
	at sun.reflect.NativeMethodAccessorImpl.invoke0(Native Method)
	at sun.reflect.NativeMethodAccessorImpl.invoke(NativeMethodAccessorImpl.java:62)
	at sun.reflect.DelegatingMethodAccessorImpl.invoke(DelegatingMethodAccessorImpl.java:43)
	at java.lang.reflect.Method.invoke(Method.java:498)
	at org.jboss.weld.injection.StaticMethodInjectionPoint.invoke(StaticMethodInjectionPoint.java:95)
	at org.jboss.weld.injection.StaticMethodInjectionPoint.invoke(StaticMethodInjectionPoint.java:85)
	at org.jboss.weld.injection.MethodInvocationStrategy$SimpleMethodInvocationStrategy.invoke(MethodInvocationStrategy.java:168)
	at org.jboss.weld.event.ObserverMethodImpl.sendEvent(ObserverMethodImpl.java:330)
	at org.jboss.weld.event.ExtensionObserverMethodImpl.sendEvent(ExtensionObserverMethodImpl.java:123)
	at org.jboss.weld.event.ObserverMethodImpl.sendEvent(ObserverMethodImpl.java:308)
	at org.jboss.weld.event.ObserverMethodImpl.notify(ObserverMethodImpl.java:286)
	at org.jboss.weld.bootstrap.events.ContainerLifecycleEvents.fireProcessAnnotatedType(ContainerLifecycleEvents.java:207)
	at org.jboss.weld.bootstrap.events.ContainerLifecycleEvents.fireProcessAnnotatedType(ContainerLifecycleEvents.java:176)
	at org.jboss.weld.bootstrap.BeanDeployer.processAnnotatedTypes(BeanDeployer.java:166)
	at org.jboss.weld.bootstrap.BeanDeployment.createTypes(BeanDeployment.java:219)
	at org.jboss.weld.bootstrap.WeldStartup.startInitialization(WeldStartup.java:421)
	at org.jboss.weld.bootstrap.WeldBootstrap.startInitialization(WeldBootstrap.java:79)
	at org.jboss.as.weld.WeldStartService.start(WeldStartService.java:96)
	at org.jboss.msc.service.ServiceControllerImpl$StartTask.startService(ServiceControllerImpl.java:1739)
	at org.jboss.msc.service.ServiceControllerImpl$StartTask.execute(ServiceControllerImpl.java:1701)
	at org.jboss.msc.service.ServiceControllerImpl$ControllerTask.run(ServiceControllerImpl.java:1559)
	at org.jboss.threads.ContextClassLoaderSavingRunnable.run(ContextClassLoaderSavingRunnable.java:35)
	at org.jboss.threads.EnhancedQueueExecutor.safeRun(EnhancedQueueExecutor.java:1982)
	at org.jboss.threads.EnhancedQueueExecutor$ThreadBody.doRunTask(EnhancedQueueExecutor.java:1486)
	at org.jboss.threads.EnhancedQueueExecutor$ThreadBody.run(EnhancedQueueExecutor.java:1377)
	at java.lang.Thread.run(Thread.java:748)
"}}
20:32:49,778 ERROR [org.jboss.as.server] (management-handler-thread - 1) WFLYSRV0021: Deploy of deployment "9ad25dac-1438-4bd9-b6ec-f75ad00f67d3.war" was rolled back with the following failure message: 
{"WFLYCTL0080: Failed services" => {"jboss.deployment.unit.\"9ad25dac-1438-4bd9-b6ec-f75ad00f67d3.war\".WeldStartService" => "Failed to start service
    Caused by: org.jboss.weld.exceptions.DefinitionException: Exception List with 1 exceptions:
Exception 0 :
com.github.pscheidl.fortee.extension.IncorrectMethodSignatureException: Found methods that violate Optional<T> return contract.
	at com.github.pscheidl.fortee.extension.FortExtension.scanAllMethodsForIncorrectReturnType(FortExtension.java:66)
	at com.github.pscheidl.fortee.extension.FortExtension.inspectFailsafeAnnotated(FortExtension.java:38)
	at sun.reflect.NativeMethodAccessorImpl.invoke0(Native Method)
	at sun.reflect.NativeMethodAccessorImpl.invoke(NativeMethodAccessorImpl.java:62)
	at sun.reflect.DelegatingMethodAccessorImpl.invoke(DelegatingMethodAccessorImpl.java:43)
	at java.lang.reflect.Method.invoke(Method.java:498)
	at org.jboss.weld.injection.StaticMethodInjectionPoint.invoke(StaticMethodInjectionPoint.java:95)
	at org.jboss.weld.injection.StaticMethodInjectionPoint.invoke(StaticMethodInjectionPoint.java:85)
	at org.jboss.weld.injection.MethodInvocationStrategy$SimpleMethodInvocationStrategy.invoke(MethodInvocationStrategy.java:168)
	at org.jboss.weld.event.ObserverMethodImpl.sendEvent(ObserverMethodImpl.java:330)
	at org.jboss.weld.event.ExtensionObserverMethodImpl.sendEvent(ExtensionObserverMethodImpl.java:123)
	at org.jboss.weld.event.ObserverMethodImpl.sendEvent(ObserverMethodImpl.java:308)
	at org.jboss.weld.event.ObserverMethodImpl.notify(ObserverMethodImpl.java:286)
	at org.jboss.weld.bootstrap.events.ContainerLifecycleEvents.fireProcessAnnotatedType(ContainerLifecycleEvents.java:207)
	at org.jboss.weld.bootstrap.events.ContainerLifecycleEvents.fireProcessAnnotatedType(ContainerLifecycleEvents.java:176)
	at org.jboss.weld.bootstrap.BeanDeployer.processAnnotatedTypes(BeanDeployer.java:166)
	at org.jboss.weld.bootstrap.BeanDeployment.createTypes(BeanDeployment.java:219)
	at org.jboss.weld.bootstrap.WeldStartup.startInitialization(WeldStartup.java:421)
	at org.jboss.weld.bootstrap.WeldBootstrap.startInitialization(WeldBootstrap.java:79)
	at org.jboss.as.weld.WeldStartService.start(WeldStartService.java:96)
	at org.jboss.msc.service.ServiceControllerImpl$StartTask.startService(ServiceControllerImpl.java:1739)
	at org.jboss.msc.service.ServiceControllerImpl$StartTask.execute(ServiceControllerImpl.java:1701)
	at org.jboss.msc.service.ServiceControllerImpl$ControllerTask.run(ServiceControllerImpl.java:1559)
	at org.jboss.threads.ContextClassLoaderSavingRunnable.run(ContextClassLoaderSavingRunnable.java:35)
	at org.jboss.threads.EnhancedQueueExecutor.safeRun(EnhancedQueueExecutor.java:1982)
	at org.jboss.threads.EnhancedQueueExecutor$ThreadBody.doRunTask(EnhancedQueueExecutor.java:1486)
	at org.jboss.threads.EnhancedQueueExecutor$ThreadBody.run(EnhancedQueueExecutor.java:1377)
	at java.lang.Thread.run(Thread.java:748)
"}}
20:32:49,801 INFO  [org.jboss.as.server.deployment] (MSC service thread 1-1) WFLYSRV0028: Stopped deployment 9ad25dac-1438-4bd9-b6ec-f75ad00f67d3.war (runtime-name: 9ad25dac-1438-4bd9-b6ec-f75ad00f67d3.war) in 23ms
Jul 30, 2020 8:32:49 PM org.jboss.as.arquillian.container.ArchiveDeployer undeploy
WARN: Failed to undeploy a0fc9fc9-878d-400a-8462-8045340c7ac6.war: {"WFLYCTL0062: Composite operation failed and was rolled back. Steps that failed:" => {"Operation step-1" => "WFLYCTL0216: Management resource '[(\"deployment\" => \"a0fc9fc9-878d-400a-8462-8045340c7ac6.war\")]' not found"}}
Jul 30, 2020 8:32:49 PM org.jboss.as.arquillian.container.ArchiveDeployer undeploy
WARN: Failed to undeploy 9ad25dac-1438-4bd9-b6ec-f75ad00f67d3.war: {"WFLYCTL0062: Composite operation failed and was rolled back. Steps that failed:" => {"Operation step-1" => "WFLYCTL0216: Management resource '[(\"deployment\" => \"9ad25dac-1438-4bd9-b6ec-f75ad00f67d3.war\")]' not found"}}
Jul 30, 2020 8:32:49 PM org.jboss.as.arquillian.container.ArchiveDeployer undeploy
WARN: Failed to undeploy aab7d727-c4a6-4ad4-b172-a6e01b70c4ea.war: {"WFLYCTL0062: Composite operation failed and was rolled back. Steps that failed:" => {"Operation step-1" => "WFLYCTL0216: Management resource '[(\"deployment\" => \"aab7d727-c4a6-4ad4-b172-a6e01b70c4ea.war\")]' not found"}}
Jul 30, 2020 8:32:49 PM org.jboss.as.arquillian.container.ArchiveDeployer undeploy
WARN: Failed to undeploy 5d6d9869-256c-4d61-9d97-60877d1aa20e.war: {"WFLYCTL0062: Composite operation failed and was rolled back. Steps that failed:" => {"Operation step-1" => "WFLYCTL0216: Management resource '[(\"deployment\" => \"5d6d9869-256c-4d61-9d97-60877d1aa20e.war\")]' not found"}}
Tests run: 4, Failures: 0, Errors: 0, Skipped: 0, Time elapsed: 42.615 sec - in com.github.pscheidl.fortee.extension.FortExtensionTest
Running com.github.pscheidl.fortee.failsafe.FailsafeInterceptorTest
20:32:56,526 INFO  [org.jboss.as.repository] (management-handler-thread - 2) WFLYDR0001: Content added at location /tmp/tmpledvcu5e/FortEE/target/wildfly-20.0.0.Final/standalone/data/content/51/150e963ed8047f89268e69dd701b49a56097a7/content
20:32:56,534 INFO  [org.jboss.as.server.deployment] (MSC service thread 1-8) WFLYSRV0027: Starting deployment of "afc533a7-1917-40fc-9779-9026d89c176e.war" (runtime-name: "afc533a7-1917-40fc-9779-9026d89c176e.war")
20:32:56,769 INFO  [org.jboss.weld.deployer] (MSC service thread 1-1) WFLYWELD0003: Processing weld deployment afc533a7-1917-40fc-9779-9026d89c176e.war
20:32:56,849 INFO  [io.jaegertracing.internal.JaegerTracer] (MSC service thread 1-1) No shutdown hook registered: Please call close() manually on application shutdown.
20:32:56,975 INFO  [org.jboss.weld.Event] (MSC service thread 1-1) WELD-000411: Observer method [BackedAnnotatedMethod] public com.github.pscheidl.fortee.extension.FortExtension.inspectFailsafeAnnotated(@Observes ProcessAnnotatedType<X>) receives events for all annotated types. Consider restricting events using @WithAnnotations or a generic type with bounds.
20:32:57,093 INFO  [io.smallrye.metrics] (MSC service thread 1-1) MicroProfile: Metrics activated (SmallRye Metrics version: 2.4.0)
20:32:58,067 INFO  [org.wildfly.extension.undertow] (ServerService Thread Pool -- 82) WFLYUT0021: Registered web context: '/afc533a7-1917-40fc-9779-9026d89c176e' for server 'default-server'
20:32:58,153 INFO  [org.jboss.as.server] (management-handler-thread - 2) WFLYSRV0010: Deployed "afc533a7-1917-40fc-9779-9026d89c176e.war" (runtime-name : "afc533a7-1917-40fc-9779-9026d89c176e.war")
20:32:58,677 INFO  [org.wildfly.extension.undertow] (ServerService Thread Pool -- 82) WFLYUT0022: Unregistered web context: '/afc533a7-1917-40fc-9779-9026d89c176e' from server 'default-server'
20:32:58,772 INFO  [org.jboss.as.server.deployment] (MSC service thread 1-5) WFLYSRV0028: Stopped deployment afc533a7-1917-40fc-9779-9026d89c176e.war (runtime-name: afc533a7-1917-40fc-9779-9026d89c176e.war) in 100ms
20:32:58,807 INFO  [org.jboss.as.repository] (management-handler-thread - 2) WFLYDR0002: Content removed from location /tmp/tmpledvcu5e/FortEE/target/wildfly-20.0.0.Final/standalone/data/content/51/150e963ed8047f89268e69dd701b49a56097a7/content
20:32:58,808 INFO  [org.jboss.as.server] (management-handler-thread - 2) WFLYSRV0009: Undeployed "afc533a7-1917-40fc-9779-9026d89c176e.war" (runtime-name: "afc533a7-1917-40fc-9779-9026d89c176e.war")
Tests run: 3, Failures: 0, Errors: 0, Skipped: 0, Time elapsed: 8.931 sec - in com.github.pscheidl.fortee.failsafe.FailsafeInterceptorTest
Running com.github.pscheidl.fortee.failsafe.SemisafeInterceptorTest
20:33:04,948 INFO  [org.jboss.as.repository] (management-handler-thread - 2) WFLYDR0001: Content added at location /tmp/tmpledvcu5e/FortEE/target/wildfly-20.0.0.Final/standalone/data/content/a4/cfc012f19656053fcaa711963e0f7d3c7e6e21/content
20:33:04,953 INFO  [org.jboss.as.server.deployment] (MSC service thread 1-7) WFLYSRV0027: Starting deployment of "777b5511-f62b-4603-a49c-ad787a0c9b0e.war" (runtime-name: "777b5511-f62b-4603-a49c-ad787a0c9b0e.war")
20:33:05,209 INFO  [org.jboss.weld.deployer] (MSC service thread 1-3) WFLYWELD0003: Processing weld deployment 777b5511-f62b-4603-a49c-ad787a0c9b0e.war
20:33:05,270 INFO  [io.jaegertracing.internal.JaegerTracer] (MSC service thread 1-3) No shutdown hook registered: Please call close() manually on application shutdown.
20:33:05,338 INFO  [org.jboss.weld.Event] (MSC service thread 1-5) WELD-000411: Observer method [BackedAnnotatedMethod] public com.github.pscheidl.fortee.extension.FortExtension.inspectFailsafeAnnotated(@Observes ProcessAnnotatedType<X>) receives events for all annotated types. Consider restricting events using @WithAnnotations or a generic type with bounds.
20:33:05,373 INFO  [io.smallrye.metrics] (MSC service thread 1-5) MicroProfile: Metrics activated (SmallRye Metrics version: 2.4.0)
20:33:06,209 INFO  [org.wildfly.extension.undertow] (ServerService Thread Pool -- 81) WFLYUT0021: Registered web context: '/777b5511-f62b-4603-a49c-ad787a0c9b0e' for server 'default-server'
20:33:06,371 INFO  [org.jboss.as.server] (management-handler-thread - 2) WFLYSRV0010: Deployed "777b5511-f62b-4603-a49c-ad787a0c9b0e.war" (runtime-name : "777b5511-f62b-4603-a49c-ad787a0c9b0e.war")
20:33:06,973 INFO  [org.wildfly.extension.undertow] (ServerService Thread Pool -- 82) WFLYUT0022: Unregistered web context: '/777b5511-f62b-4603-a49c-ad787a0c9b0e' from server 'default-server'
20:33:07,094 INFO  [org.jboss.as.server.deployment] (MSC service thread 1-8) WFLYSRV0028: Stopped deployment 777b5511-f62b-4603-a49c-ad787a0c9b0e.war (runtime-name: 777b5511-f62b-4603-a49c-ad787a0c9b0e.war) in 124ms
20:33:07,116 INFO  [org.jboss.as.repository] (management-handler-thread - 2) WFLYDR0002: Content removed from location /tmp/tmpledvcu5e/FortEE/target/wildfly-20.0.0.Final/standalone/data/content/a4/cfc012f19656053fcaa711963e0f7d3c7e6e21/content
20:33:07,116 INFO  [org.jboss.as.server] (management-handler-thread - 2) WFLYSRV0009: Undeployed "777b5511-f62b-4603-a49c-ad787a0c9b0e.war" (runtime-name: "777b5511-f62b-4603-a49c-ad787a0c9b0e.war")
Tests run: 8, Failures: 0, Errors: 0, Skipped: 0, Time elapsed: 8.312 sec - in com.github.pscheidl.fortee.failsafe.SemisafeInterceptorTest
20:33:07,138 INFO  [org.jboss.as.server] (management-handler-thread - 2) WFLYSRV0272: Suspending server
20:33:07,141 INFO  [org.jboss.as.ejb3] (management-handler-thread - 2) WFLYEJB0493: EJB subsystem suspension complete
20:33:07,145 INFO  [org.jboss.as.server] (Management Triggered Shutdown) WFLYSRV0241: Shutting down in response to management operation 'shutdown'
20:33:07,217 INFO  [org.wildfly.extension.undertow] (MSC service thread 1-4) WFLYUT0019: Host default-host stopping
20:33:07,218 INFO  [org.wildfly.extension.undertow] (MSC service thread 1-8) WFLYUT0008: Undertow HTTPS listener https suspending
20:33:07,235 INFO  [org.wildfly.extension.undertow] (MSC service thread 1-8) WFLYUT0007: Undertow HTTPS listener https stopped, was bound to 127.0.0.1:8443
20:33:07,214 INFO  [org.jboss.as.connector.subsystems.datasources] (MSC service thread 1-6) WFLYJCA0010: Unbound data source [java:jboss/datasources/ExampleDS]
20:33:07,246 INFO  [org.wildfly.extension.undertow] (MSC service thread 1-6) WFLYUT0008: Undertow HTTP listener default suspending
20:33:07,213 INFO  [org.jboss.as.mail.extension] (MSC service thread 1-5) WFLYMAIL0002: Unbound mail session [java:jboss/mail/Default]
20:33:07,248 INFO  [org.jboss.as.clustering.infinispan] (ServerService Thread Pool -- 78) WFLYCLINF0003: Stopped client-mappings cache from ejb container
20:33:07,253 INFO  [org.infinispan.manager.DefaultCacheManager] (MSC service thread 1-5) Stopping cache manager null on null
20:33:07,280 INFO  [org.jboss.as.connector.deployers.jdbc] (MSC service thread 1-5) WFLYJCA0019: Stopped Driver service with driver-name = h2
20:33:07,349 INFO  [org.wildfly.extension.undertow] (MSC service thread 1-6) WFLYUT0007: Undertow HTTP listener default stopped, was bound to 127.0.0.1:8080
20:33:07,367 INFO  [org.wildfly.extension.undertow] (MSC service thread 1-7) WFLYUT0004: Undertow 2.1.3.Final stopping
20:33:07,477 INFO  [org.jboss.as] (MSC service thread 1-2) WFLYSRV0050: WildFly Full 20.0.0.Final (WildFly Core 12.0.1.Final) stopped in 312ms

Results :

Tests run: 15, Failures: 0, Errors: 0, Skipped: 0

[INFO] 
[INFO] --- jacoco-maven-plugin:0.8.5:report (report) @ fortee ---
[INFO] Loading execution data file /tmp/tmpledvcu5e/FortEE/target/jacoco.exec
[INFO] Analyzed bundle 'FortEE' with 250 classes
[INFO] ------------------------------------------------------------------------
[INFO] BUILD SUCCESS
[INFO] ------------------------------------------------------------------------
[INFO] Total time:  01:53 min
[INFO] Finished at: 2020-07-30T20:33:09Z
[INFO] ------------------------------------------------------------------------
