[INFO] Error stacktraces are turned on.
[INFO] Scanning for projects...
[INFO] Inspecting build with total of 1 modules...
[INFO] Installing Nexus Staging features:
[INFO]   ... total of 1 executions of maven-deploy-plugin replaced with nexus-staging-maven-plugin
[WARNING] The project com.airbus-cyber-security.graylog:graylog-plugin-aggregation-count:jar:1.2.2 uses prerequisites which is only intended for maven-plugin projects but not for non maven-plugin projects. For such purposes you should use the maven-enforcer-plugin. See https://maven.apache.org/enforcer/enforcer-rules/requireMavenVersion.html
[INFO] 
[INFO] --< com.airbus-cyber-security.graylog:graylog-plugin-aggregation-count >--
[INFO] Building graylog-plugin-aggregation-count 1.2.2
[INFO] --------------------------------[ jar ]---------------------------------
[INFO] 
[INFO] --- jacoco-maven-plugin:0.8.5:prepare-agent (default) @ graylog-plugin-aggregation-count ---
[INFO] argLine set to -javaagent:/home/jdbl/.m2/repository/org/jacoco/org.jacoco.agent/0.8.5/org.jacoco.agent-0.8.5-runtime.jar=destfile=/tmp/tmp9w1rqks7/graylog-plugin-aggregation-count/target/jacoco.exec
[INFO] 
[INFO] --- maven-resources-plugin:2.6:resources (default-resources) @ graylog-plugin-aggregation-count ---
[INFO] Using 'UTF-8' encoding to copy filtered resources.
[INFO] skip non existing resourceDirectory /tmp/tmp9w1rqks7/graylog-plugin-aggregation-count/build
[INFO] Copying 2 resources
[INFO] 
[INFO] --- maven-compiler-plugin:3.1:compile (default-compile) @ graylog-plugin-aggregation-count ---
[INFO] Changes detected - recompiling the module!
[INFO] Compiling 4 source files to /tmp/tmp9w1rqks7/graylog-plugin-aggregation-count/target/classes
[INFO] 
[INFO] --- maven-resources-plugin:2.6:testResources (default-testResources) @ graylog-plugin-aggregation-count ---
[INFO] Using 'UTF-8' encoding to copy filtered resources.
[INFO] skip non existing resourceDirectory /tmp/tmp9w1rqks7/graylog-plugin-aggregation-count/src/test/resources
[INFO] 
[INFO] --- maven-compiler-plugin:3.1:testCompile (default-testCompile) @ graylog-plugin-aggregation-count ---
[INFO] Changes detected - recompiling the module!
[INFO] Compiling 5 source files to /tmp/tmp9w1rqks7/graylog-plugin-aggregation-count/target/test-classes
[INFO] 
[INFO] --- maven-surefire-plugin:2.19.1:test (default-test) @ graylog-plugin-aggregation-count ---
[INFO] Surefire report directory: /tmp/tmp9w1rqks7/graylog-plugin-aggregation-count/target/surefire-reports

-------------------------------------------------------
 T E S T S
-------------------------------------------------------
Running com.airbus_cyber_security.graylog.AggregationCountFieldTest
[MockitoHint] AggregationCountFieldTest.testConstructor (see javadoc for MockitoHint):
[MockitoHint] 1. Unused -> at com.airbus_cyber_security.graylog.AlertConditionTest.setUp(AlertConditionTest.java:56)

Tests run: 5, Failures: 0, Errors: 0, Skipped: 0, Time elapsed: 2.244 sec - in com.airbus_cyber_security.graylog.AggregationCountFieldTest
Running com.airbus_cyber_security.graylog.AggregationCountConfigurationTest
[MockitoHint] AggregationCountConfigurationTest.testConfiguration1 (see javadoc for MockitoHint):
[MockitoHint] 1. Unused -> at com.airbus_cyber_security.graylog.AlertConditionTest.setUp(AlertConditionTest.java:56)

[MockitoHint] AggregationCountConfigurationTest.testConfiguration2 (see javadoc for MockitoHint):
[MockitoHint] 1. Unused -> at com.airbus_cyber_security.graylog.AlertConditionTest.setUp(AlertConditionTest.java:56)

[MockitoHint] AggregationCountConfigurationTest.testConfiguration3 (see javadoc for MockitoHint):
[MockitoHint] 1. Unused -> at com.airbus_cyber_security.graylog.AlertConditionTest.setUp(AlertConditionTest.java:56)

[MockitoHint] AggregationCountConfigurationTest.testConfiguration4 (see javadoc for MockitoHint):
[MockitoHint] 1. Unused -> at com.airbus_cyber_security.graylog.AlertConditionTest.setUp(AlertConditionTest.java:56)

Tests run: 4, Failures: 0, Errors: 0, Skipped: 0, Time elapsed: 0.002 sec - in com.airbus_cyber_security.graylog.AggregationCountConfigurationTest
Running com.airbus_cyber_security.graylog.AggregationCountResultDescriptionTest
Tests run: 4, Failures: 0, Errors: 0, Skipped: 0, Time elapsed: 0.006 sec - in com.airbus_cyber_security.graylog.AggregationCountResultDescriptionTest
Running com.airbus_cyber_security.graylog.AggregationCountAggregateTest
[MockitoHint] AggregationCountAggregateTest.testRunCheckWithAggregateMorePositiveWithNoBacklog (see javadoc for MockitoHint):
[MockitoHint] 1. Unused -> at com.airbus_cyber_security.graylog.AlertConditionTest.searchResultShouldReturn(AlertConditionTest.java:124)
[MockitoHint] 2. Unused -> at com.airbus_cyber_security.graylog.AlertConditionTest.searchResultShouldReturn(AlertConditionTest.java:126)

[MockitoHint] AggregationCountAggregateTest.testRunCheckWithAggregateMoreNegative (see javadoc for MockitoHint):
[MockitoHint] 1. Unused -> at com.airbus_cyber_security.graylog.AlertConditionTest.searchResultShouldReturn(AlertConditionTest.java:124)
[MockitoHint] 2. Unused -> at com.airbus_cyber_security.graylog.AlertConditionTest.searchResultShouldReturn(AlertConditionTest.java:126)

[MockitoHint] AggregationCountAggregateTest.testRunCheckWithAggregateLessNegative (see javadoc for MockitoHint):
[MockitoHint] 1. Unused -> at com.airbus_cyber_security.graylog.AlertConditionTest.searchResultShouldReturn(AlertConditionTest.java:124)
[MockitoHint] 2. Unused -> at com.airbus_cyber_security.graylog.AlertConditionTest.searchResultShouldReturn(AlertConditionTest.java:126)

Tests run: 5, Failures: 0, Errors: 0, Skipped: 0, Time elapsed: 0.007 sec - in com.airbus_cyber_security.graylog.AggregationCountAggregateTest

Results :

Tests run: 18, Failures: 0, Errors: 0, Skipped: 0

[INFO] 
[INFO] --- jacoco-maven-plugin:0.8.5:report (report) @ graylog-plugin-aggregation-count ---
[INFO] Loading execution data file /tmp/tmp9w1rqks7/graylog-plugin-aggregation-count/target/jacoco.exec
[INFO] Analyzed bundle 'graylog-plugin-aggregation-count' with 3779 classes
[INFO] ------------------------------------------------------------------------
[INFO] BUILD SUCCESS
[INFO] ------------------------------------------------------------------------
[INFO] Total time:  01:03 min
[INFO] Finished at: 2020-07-31T05:52:58Z
[INFO] ------------------------------------------------------------------------
