[INFO] Error stacktraces are turned on.
[INFO] Scanning for projects...
[INFO] 
[INFO] --------------------< org.zhongweixian:crypto-util >--------------------
[INFO] Building crypto-util 2.0.1
[INFO] --------------------------------[ jar ]---------------------------------
[INFO] 
[INFO] --- jacoco-maven-plugin:0.8.5:prepare-agent (default) @ crypto-util ---
[INFO] argLine set to -javaagent:/home/jdbl/.m2/repository/org/jacoco/org.jacoco.agent/0.8.5/org.jacoco.agent-0.8.5-runtime.jar=destfile=/tmp/tmphfs97vgr/crypto-util/target/jacoco.exec
[INFO] 
[INFO] --- maven-resources-plugin:2.6:resources (default-resources) @ crypto-util ---
[INFO] Using 'UTF-8' encoding to copy filtered resources.
[INFO] Copying 2 resources
[INFO] 
[INFO] --- maven-compiler-plugin:3.1:compile (default-compile) @ crypto-util ---
[INFO] Changes detected - recompiling the module!
[INFO] Compiling 8 source files to /tmp/tmphfs97vgr/crypto-util/target/classes
[INFO] 
[INFO] --- maven-resources-plugin:2.6:testResources (default-testResources) @ crypto-util ---
[INFO] Using 'UTF-8' encoding to copy filtered resources.
[INFO] skip non existing resourceDirectory /tmp/tmphfs97vgr/crypto-util/src/test/resources
[INFO] 
[INFO] --- maven-compiler-plugin:3.1:testCompile (default-testCompile) @ crypto-util ---
[INFO] Changes detected - recompiling the module!
[INFO] Compiling 1 source file to /tmp/tmphfs97vgr/crypto-util/target/test-classes
[INFO] 
[INFO] --- maven-surefire-plugin:2.19.1:test (default-test) @ crypto-util ---
[INFO] Surefire report directory: /tmp/tmphfs97vgr/crypto-util/target/surefire-reports

-------------------------------------------------------
 T E S T S
-------------------------------------------------------
Running com.zhongweixian.OtpTest
secret:ACNCMATTTAPZDDOEDAO5VBTHRM
auth:otpauth://totp/zhongweixian.org(caoliang)?secret=ACNCMATTTAPZDDOEDAO5VBTHRM
result = false
Tests run: 1, Failures: 0, Errors: 0, Skipped: 0, Time elapsed: 0.342 sec - in com.zhongweixian.OtpTest

Results :

Tests run: 1, Failures: 0, Errors: 0, Skipped: 0

[INFO] 
[INFO] --- jacoco-maven-plugin:0.8.5:report (report) @ crypto-util ---
[INFO] Loading execution data file /tmp/tmphfs97vgr/crypto-util/target/jacoco.exec
[INFO] Analyzed bundle 'crypto-util' with 89 classes
[INFO] ------------------------------------------------------------------------
[INFO] BUILD SUCCESS
[INFO] ------------------------------------------------------------------------
[INFO] Total time:  8.159 s
[INFO] Finished at: 2020-07-30T20:29:47Z
[INFO] ------------------------------------------------------------------------
