[INFO] Error stacktraces are turned on.
[INFO] Scanning for projects...
[WARNING] 
[WARNING] Some problems were encountered while building the effective model for com.zhongan.dmds:dmds-server:jar:1.0.0
[WARNING] 'build.plugins.plugin.version' for org.apache.maven.plugins:maven-jar-plugin is missing. @ line 100, column 15
[WARNING] 
[WARNING] It is highly recommended to fix these problems because they threaten the stability of your build.
[WARNING] 
[WARNING] For this reason, future Maven versions might no longer support building such malformed projects.
[WARNING] 
[INFO] 
[INFO] --------------------< com.zhongan.dmds:dmds-server >--------------------
[INFO] Building dmds-server 1.0.0
[INFO] --------------------------------[ jar ]---------------------------------
[INFO] 
[INFO] --- buildnumber-maven-plugin:1.4:create-timestamp (default) @ dmds-server ---
[INFO] 
[INFO] --- jacoco-maven-plugin:0.8.5:prepare-agent (default) @ dmds-server ---
[INFO] argLine set to -javaagent:/home/jdbl/.m2/repository/org/jacoco/org.jacoco.agent/0.8.5/org.jacoco.agent-0.8.5-runtime.jar=destfile=/tmp/tmp8n98f9p3/dmds/target/jacoco.exec
[INFO] 
[INFO] --- maven-resources-plugin:2.6:resources (default-resources) @ dmds-server ---
[INFO] Using 'UTF-8' encoding to copy filtered resources.
[INFO] Copying 10 resources
[INFO] 
[INFO] --- maven-compiler-plugin:3.1:compile (default-compile) @ dmds-server ---
[INFO] Changes detected - recompiling the module!
[INFO] Compiling 445 source files to /tmp/tmp8n98f9p3/dmds/target/classes
[WARNING] /tmp/tmp8n98f9p3/dmds/src/main/java/com/zhongan/dmds/config/loader/xml/XMLServerLoader.java: Some input files use unchecked or unsafe operations.
[WARNING] /tmp/tmp8n98f9p3/dmds/src/main/java/com/zhongan/dmds/config/loader/xml/XMLServerLoader.java: Recompile with -Xlint:unchecked for details.
[INFO] 
[INFO] --- maven-resources-plugin:2.6:testResources (default-testResources) @ dmds-server ---
[INFO] Using 'UTF-8' encoding to copy filtered resources.
[INFO] Copying 5 resources
[INFO] 
[INFO] --- maven-compiler-plugin:3.1:testCompile (default-testCompile) @ dmds-server ---
[INFO] Changes detected - recompiling the module!
[INFO] Compiling 5 source files to /tmp/tmp8n98f9p3/dmds/target/test-classes
[INFO] 
[INFO] --- maven-surefire-plugin:2.19.1:test (default-test) @ dmds-server ---
[INFO] Surefire report directory: /tmp/tmp8n98f9p3/dmds/target/surefire-reports

-------------------------------------------------------
 T E S T S
-------------------------------------------------------
Running com.zhongan.dmds.config.RouteResultsetNodeTest
Tests run: 3, Failures: 0, Errors: 0, Skipped: 0, Time elapsed: 1.563 sec - in com.zhongan.dmds.config.RouteResultsetNodeTest
Running com.zhongan.dmds.commons.test.MySQLTableReplaceUtilTest
Test : createTable
Test : alterTableDropColumn
Test : alterTableAddColumn
Test : renameTable
Test : alterTableRename
Test : alterTableCreateIndex
Test : alterTableDropIndex
Test : alterTableOptionAutoIncrment
Test : alterTablecChangeColumn
Test : alterTablecModifyColumn
Test : alterTableDropForenignKey
Test : createOrReplaceView
Test : alterTableAddIndex
Test : showCreateTable
Test : showCreateTableWithSchema
Test : createIndex
Test : createTableLike
Test : createTableAsSelect
Test : createTablePartitionByList
Test : createTrigger
Test : dropTable
Test : dropTableIfExists
Test : truncateTable
Test : delete
Test : deteleWithOrderBy
Test : deleteWithLeftJoin
Test : insert
Test : insertMulValues
Test : insertFromSelect
Test : insertOnDuplictcatKey
Test : replaceTable
Test : updateTable
Test : updateTableWithOrderBy
Test : select
Test : selectWithMuliTable
Test : selectWithMuliTableWithAlias
Test : selectWithMuliTableWithAliasWithField
Test : selectFieldAdd
Test : selectWithFunction
Test : selectWithFunctionAndOrderBy
Test : selectWithGroupByAndOrderBy
Test : selectWithGroupByAndOrderByAndHaving
Test : selectWithGroupByAndOrderByAndHavingAndLimit
Test : selectWithInnerJoin
Test : selectWithLeftJoin
Test : selectWithLeftJoinLeftJoin
Test : selectWithUnionWithOrderByWithLimit
Test : selectWithSubQuery
Test : selectWithSubQueryWithAny
Test : selectWithSubQueryWithSome
Test : selectWithNotExists
Test : selectWithSubQueryRow
Test : selectWithCorrelatedSubQuery
Test : selectWithSubqueryAndUnion
Test : selectWithSubQueryWithJoinWithAliasWithUpperCase
Test : caseIgnore
Test : mulitSqls
Test : withFieldAndSchema
Test : withBackQuote
Test : witAlias
Tests run: 4, Failures: 0, Errors: 0, Skipped: 0, Time elapsed: 0.093 sec - in com.zhongan.dmds.commons.test.MySQLTableReplaceUtilTest
Running com.zhongan.dmds.commons.test.TbSeqUtilTest
Tests run: 1, Failures: 0, Errors: 0, Skipped: 0, Time elapsed: 0.006 sec - in com.zhongan.dmds.commons.test.TbSeqUtilTest

Results :

Tests run: 8, Failures: 0, Errors: 0, Skipped: 0

[INFO] 
[INFO] --- jacoco-maven-plugin:0.8.5:report (report) @ dmds-server ---
[INFO] Loading execution data file /tmp/tmp8n98f9p3/dmds/target/jacoco.exec
[INFO] Analyzed bundle 'dmds-server' with 629 classes
[INFO] ------------------------------------------------------------------------
[INFO] BUILD SUCCESS
[INFO] ------------------------------------------------------------------------
[INFO] Total time:  30.877 s
[INFO] Finished at: 2020-07-30T21:25:23Z
[INFO] ------------------------------------------------------------------------
