[INFO] Error stacktraces are turned on.
[INFO] Scanning for projects...
[INFO] 
[INFO] ------------------------< us.repasky:microblog >------------------------
[INFO] Building microblog 0.0.3-SNAPSHOT
[INFO] --------------------------------[ war ]---------------------------------
[INFO] 
[INFO] --- jacoco-maven-plugin:0.8.5:prepare-agent (default) @ microblog ---
[INFO] argLine set to -javaagent:/home/jdbl/.m2/repository/org/jacoco/org.jacoco.agent/0.8.5/org.jacoco.agent-0.8.5-runtime.jar=destfile=/tmp/tmpdsf91yvu/Microblog/target/jacoco.exec
[INFO] 
[INFO] --- maven-resources-plugin:2.6:resources (default-resources) @ microblog ---
[INFO] Using 'UTF-8' encoding to copy filtered resources.
[INFO] Copying 7 resources
[INFO] 
[INFO] --- maven-compiler-plugin:2.3.2:compile (default-compile) @ microblog ---
[INFO] Compiling 15 source files to /tmp/tmpdsf91yvu/Microblog/target/classes
[INFO] 
[INFO] --- maven-resources-plugin:2.6:testResources (default-testResources) @ microblog ---
[INFO] Using 'UTF-8' encoding to copy filtered resources.
[INFO] skip non existing resourceDirectory /tmp/tmpdsf91yvu/Microblog/src/test/resources
[INFO] 
[INFO] --- maven-compiler-plugin:2.3.2:testCompile (default-testCompile) @ microblog ---
[INFO] Compiling 2 source files to /tmp/tmpdsf91yvu/Microblog/target/test-classes
[INFO] 
[INFO] --- maven-surefire-plugin:2.19.1:test (default-test) @ microblog ---
[INFO] Surefire report directory: /tmp/tmpdsf91yvu/Microblog/target/surefire-reports

-------------------------------------------------------
 T E S T S
-------------------------------------------------------
Running us.repasky.microblog.domain.PostTest
0    [main] INFO  org.hibernate.validator.util.Version  - Hibernate Validator 4.2.0.Final
Tests run: 6, Failures: 0, Errors: 0, Skipped: 0, Time elapsed: 0.819 sec - in us.repasky.microblog.domain.PostTest
Running us.repasky.microblog.controllers.UserControllerTest
443  [main] INFO  us.repasky.microblog.controllers.UserController  - Page number input was invalid: 
444  [main] INFO  us.repasky.microblog.controllers.UserController  - Page number input was invalid:  
445  [main] INFO  us.repasky.microblog.controllers.UserController  - Page number input was invalid: abc
447  [main] INFO  us.repasky.microblog.controllers.UserController  - Page number input was invalid: null
447  [main] TRACE us.repasky.microblog.controllers.UserController  - executing inside UserController login()
448  [main] TRACE us.repasky.microblog.controllers.UserController  - executing inside UserController register()
450  [main] TRACE us.repasky.microblog.controllers.UserController  - executing inside UserController error()
451  [main] TRACE us.repasky.microblog.controllers.UserController  - executing inside UserController errorNotFound()
829  [main] TRACE us.repasky.microblog.controllers.UserController  - executing inside UserController createUser()
830  [main] DEBUG us.repasky.microblog.controllers.UserController  - Registering new BlogUser failed validation.
830  [main] TRACE us.repasky.microblog.controllers.UserController  - executing inside UserController register()
846  [main] TRACE us.repasky.microblog.controllers.UserController  - executing inside UserController createUser()
849  [main] TRACE us.repasky.microblog.controllers.UserController  - executing inside UserController createUser()
852  [main] TRACE us.repasky.microblog.controllers.UserController  - executing inside UserController createUser()
859  [main] TRACE us.repasky.microblog.controllers.UserController  - executing inside UserController showPostsFromFollowers()
861  [main] TRACE us.repasky.microblog.controllers.UserController  - executing inside UserController doMessagePost()
861  [main] DEBUG us.repasky.microblog.controllers.UserController  - Posted message failed validation.
861  [main] TRACE us.repasky.microblog.controllers.UserController  - executing inside UserController showPostsFromFollowers()
Tests run: 17, Failures: 0, Errors: 0, Skipped: 0, Time elapsed: 0.421 sec - in us.repasky.microblog.controllers.UserControllerTest

Results :

Tests run: 23, Failures: 0, Errors: 0, Skipped: 0

[INFO] 
[INFO] --- jacoco-maven-plugin:0.8.5:report (report) @ microblog ---
[INFO] Loading execution data file /tmp/tmpdsf91yvu/Microblog/target/jacoco.exec
[INFO] Analyzed bundle 'microblog' with 315 classes
[INFO] ------------------------------------------------------------------------
[INFO] BUILD SUCCESS
[INFO] ------------------------------------------------------------------------
[INFO] Total time:  13.865 s
[INFO] Finished at: 2020-07-30T22:22:19Z
[INFO] ------------------------------------------------------------------------
