[INFO] Error stacktraces are turned on.
[INFO] Scanning for projects...
[WARNING] 
[WARNING] Some problems were encountered while building the effective model for it.ratelim:ratelimit-java:jar:0.0.5
[WARNING] 'build.plugins.plugin.version' for com.comoyo.maven.plugins:protoc-bundled-plugin is missing. @ line 111, column 15
[WARNING] 
[WARNING] It is highly recommended to fix these problems because they threaten the stability of your build.
[WARNING] 
[WARNING] For this reason, future Maven versions might no longer support building such malformed projects.
[WARNING] 
[INFO] Inspecting build with total of 1 modules...
[INFO] Installing Nexus Staging features:
[INFO]   ... total of 1 executions of maven-deploy-plugin replaced with nexus-staging-maven-plugin
[INFO] 
[INFO] ---------------------< it.ratelim:ratelimit-java >----------------------
[INFO] Building RateLim.it API Client 0.0.5
[INFO] --------------------------------[ jar ]---------------------------------
[INFO] 
[INFO] --- jacoco-maven-plugin:0.8.5:prepare-agent (default) @ ratelimit-java ---
[INFO] argLine set to -javaagent:/home/jdbl/.m2/repository/org/jacoco/org.jacoco.agent/0.8.5/org.jacoco.agent-0.8.5-runtime.jar=destfile=/tmp/tmp4xqwq11d/ratelimit-java/target/jacoco.exec
[INFO] 
[INFO] --- protoc-bundled-plugin:1.4.61:run (default) @ ratelimit-java ---
[INFO] Using protoc com.comoyo.maven.plugins:protoc-bundled-plugin:exe:2.4.1-linux-x86_64:1.4.61
[INFO] Compiling /tmp/tmp4xqwq11d/ratelimit-java/src/main/protobuf to /tmp/tmp4xqwq11d/ratelimit-java/target/generated-sources/protobuf [main]
[INFO] 
[INFO] --- maven-resources-plugin:2.6:resources (default-resources) @ ratelimit-java ---
[WARNING] Using platform encoding (UTF-8 actually) to copy filtered resources, i.e. build is platform dependent!
[INFO] skip non existing resourceDirectory /tmp/tmp4xqwq11d/ratelimit-java/src/main/resources
[INFO] 
[INFO] --- maven-compiler-plugin:3.3:compile (default-compile) @ ratelimit-java ---
[INFO] Changes detected - recompiling the module!
[WARNING] File encoding has not been set, using platform encoding UTF-8, i.e. build is platform dependent!
[INFO] Compiling 12 source files to /tmp/tmp4xqwq11d/ratelimit-java/target/classes
[INFO] /tmp/tmp4xqwq11d/ratelimit-java/src/main/java/it/ratelim/client/ApiClient.java: /tmp/tmp4xqwq11d/ratelimit-java/src/main/java/it/ratelim/client/ApiClient.java uses or overrides a deprecated API.
[INFO] /tmp/tmp4xqwq11d/ratelimit-java/src/main/java/it/ratelim/client/ApiClient.java: Recompile with -Xlint:deprecation for details.
[INFO] 
[INFO] --- maven-resources-plugin:2.6:testResources (default-testResources) @ ratelimit-java ---
[WARNING] Using platform encoding (UTF-8 actually) to copy filtered resources, i.e. build is platform dependent!
[INFO] skip non existing resourceDirectory /tmp/tmp4xqwq11d/ratelimit-java/src/test/resources
[INFO] 
[INFO] --- maven-compiler-plugin:3.3:testCompile (default-testCompile) @ ratelimit-java ---
[INFO] Changes detected - recompiling the module!
[WARNING] File encoding has not been set, using platform encoding UTF-8, i.e. build is platform dependent!
[INFO] Compiling 2 source files to /tmp/tmp4xqwq11d/ratelimit-java/target/test-classes
[INFO] 
[INFO] --- maven-surefire-plugin:2.19.1:test (default-test) @ ratelimit-java ---
[INFO] Surefire report directory: /tmp/tmp4xqwq11d/ratelimit-java/target/surefire-reports

-------------------------------------------------------
 T E S T S
-------------------------------------------------------
Running it.ratelim.client.ApiClientTest
2020-07-31 08:39:40.848 INFO net.spy.memcached.MemcachedConnection:  Added {QA sa=localhost/127.0.0.1:11211, #Rops=0, #Wops=0, #iq=0, topRop=null, topWop=null, toWrite=0, interested=0} to connect queue
2020-07-31 08:39:40.852 INFO net.spy.memcached.MemcachedConnection:  Reconnecting due to failure to connect to {QA sa=localhost/127.0.0.1:11211, #Rops=0, #Wops=0, #iq=0, topRop=null, topWop=null, toWrite=0, interested=0}
java.net.ConnectException: Connection refused
	at sun.nio.ch.SocketChannelImpl.checkConnect(Native Method)
	at sun.nio.ch.SocketChannelImpl.finishConnect(SocketChannelImpl.java:714)
	at net.spy.memcached.MemcachedConnection.handleIO(MemcachedConnection.java:677)
	at net.spy.memcached.MemcachedConnection.handleIO(MemcachedConnection.java:436)
	at net.spy.memcached.MemcachedConnection.run(MemcachedConnection.java:1443)
2020-07-31 08:39:40.855 WARN net.spy.memcached.MemcachedConnection:  Closing, and reopening {QA sa=localhost/127.0.0.1:11211, #Rops=0, #Wops=0, #iq=0, topRop=null, topWop=null, toWrite=0, interested=0}, attempt 1.
SLF4J: Failed to load class "org.slf4j.impl.StaticLoggerBinder".
SLF4J: Defaulting to no-operation (NOP) logger implementation
SLF4J: See http://www.slf4j.org/codes.html#StaticLoggerBinder for further details.
Tests run: 1, Failures: 0, Errors: 0, Skipped: 0, Time elapsed: 0.792 sec - in it.ratelim.client.ApiClientTest
Running it.ratelim.client.FeatureFlagProcessorTest
Tests run: 3, Failures: 0, Errors: 0, Skipped: 0, Time elapsed: 0 sec - in it.ratelim.client.FeatureFlagProcessorTest

Results :

Tests run: 4, Failures: 0, Errors: 0, Skipped: 0

[INFO] 
[INFO] --- jacoco-maven-plugin:0.8.5:report (report) @ ratelimit-java ---
[INFO] Loading execution data file /tmp/tmp4xqwq11d/ratelimit-java/target/jacoco.exec
[INFO] Analyzed bundle 'RateLim.it API Client' with 735 classes
[INFO] ------------------------------------------------------------------------
[INFO] BUILD SUCCESS
[INFO] ------------------------------------------------------------------------
[INFO] Total time:  23.811 s
[INFO] Finished at: 2020-07-31T08:39:43Z
[INFO] ------------------------------------------------------------------------
