[INFO] Error stacktraces are turned on.
[INFO] Scanning for projects...
[INFO] 
[INFO] ---------------------< com.sarojaba:prettytable4j >---------------------
[INFO] Building prettytable4j 1.0-SNAPSHOT
[INFO] --------------------------------[ jar ]---------------------------------
[INFO] 
[INFO] --- jacoco-maven-plugin:0.8.5:prepare-agent (default) @ prettytable4j ---
[INFO] argLine set to -javaagent:/home/jdbl/.m2/repository/org/jacoco/org.jacoco.agent/0.8.5/org.jacoco.agent-0.8.5-runtime.jar=destfile=/tmp/tmp_t25oytr/prettytable4j/target/jacoco.exec
[INFO] 
[INFO] --- maven-resources-plugin:2.6:resources (default-resources) @ prettytable4j ---
[INFO] Using 'UTF-8' encoding to copy filtered resources.
[INFO] skip non existing resourceDirectory /tmp/tmp_t25oytr/prettytable4j/src/main/resources
[INFO] 
[INFO] --- maven-compiler-plugin:3.1:compile (default-compile) @ prettytable4j ---
[INFO] Changes detected - recompiling the module!
[INFO] Compiling 12 source files to /tmp/tmp_t25oytr/prettytable4j/target/classes
[WARNING] /tmp/tmp_t25oytr/prettytable4j/src/main/java/com/sarojaba/prettytable4j/PrettyTable.java: /tmp/tmp_t25oytr/prettytable4j/src/main/java/com/sarojaba/prettytable4j/PrettyTable.java uses unchecked or unsafe operations.
[WARNING] /tmp/tmp_t25oytr/prettytable4j/src/main/java/com/sarojaba/prettytable4j/PrettyTable.java: Recompile with -Xlint:unchecked for details.
[INFO] 
[INFO] --- maven-resources-plugin:2.6:testResources (default-testResources) @ prettytable4j ---
[INFO] Using 'UTF-8' encoding to copy filtered resources.
[INFO] skip non existing resourceDirectory /tmp/tmp_t25oytr/prettytable4j/src/test/resources
[INFO] 
[INFO] --- maven-compiler-plugin:3.1:testCompile (default-testCompile) @ prettytable4j ---
[INFO] Changes detected - recompiling the module!
[INFO] Compiling 5 source files to /tmp/tmp_t25oytr/prettytable4j/target/test-classes
[INFO] 
[INFO] --- maven-surefire-plugin:2.19.1:test (default-test) @ prettytable4j ---
[INFO] Surefire report directory: /tmp/tmp_t25oytr/prettytable4j/target/surefire-reports

-------------------------------------------------------
 T E S T S
-------------------------------------------------------
Running com.sarojaba.prettytable4j.converter.GfmConverterTest
Tests run: 1, Failures: 0, Errors: 0, Skipped: 0, Time elapsed: 0.191 sec - in com.sarojaba.prettytable4j.converter.GfmConverterTest
Running com.sarojaba.prettytable4j.converter.HtmlConverterTest
Tests run: 2, Failures: 0, Errors: 0, Skipped: 0, Time elapsed: 0 sec - in com.sarojaba.prettytable4j.converter.HtmlConverterTest
Running com.sarojaba.prettytable4j.converter.ConsoleConverterTest
Tests run: 16, Failures: 0, Errors: 0, Skipped: 0, Time elapsed: 0.113 sec - in com.sarojaba.prettytable4j.converter.ConsoleConverterTest
Running com.sarojaba.prettytable4j.PrettyTableTest
Tests run: 13, Failures: 0, Errors: 0, Skipped: 0, Time elapsed: 0.013 sec - in com.sarojaba.prettytable4j.PrettyTableTest
Running com.sarojaba.prettytable4j.parser.JsonParserTest
Tests run: 7, Failures: 0, Errors: 0, Skipped: 0, Time elapsed: 0.775 sec - in com.sarojaba.prettytable4j.parser.JsonParserTest

Results :

Tests run: 39, Failures: 0, Errors: 0, Skipped: 0

[INFO] 
[INFO] --- jacoco-maven-plugin:0.8.5:report (report) @ prettytable4j ---
[INFO] Loading execution data file /tmp/tmp_t25oytr/prettytable4j/target/jacoco.exec
[INFO] Analyzed bundle 'prettytable4j' with 242 classes
[INFO] ------------------------------------------------------------------------
[INFO] BUILD SUCCESS
[INFO] ------------------------------------------------------------------------
[INFO] Total time:  10.992 s
[INFO] Finished at: 2020-07-30T20:55:00Z
[INFO] ------------------------------------------------------------------------
