[INFO] Error stacktraces are turned on.
[INFO] Scanning for projects...
[WARNING] The project joda-time:joda-time:jar:2.9.9 uses prerequisites which is only intended for maven-plugin projects but not for non maven-plugin projects. For such purposes you should use the maven-enforcer-plugin. See https://maven.apache.org/enforcer/enforcer-rules/requireMavenVersion.html
[INFO] 
[INFO] ------------------------< joda-time:joda-time >-------------------------
[INFO] Building Joda-Time 2.9.9
[INFO] --------------------------------[ jar ]---------------------------------
[INFO] 
[INFO] --- maven-resources-plugin:2.7:resources (default-resources) @ joda-time ---
[INFO] Using 'UTF-8' encoding to copy filtered resources.
[INFO] Copying 2 resources to META-INF
[INFO] Copying 15 resources
[INFO] 
[INFO] --- maven-compiler-plugin:3.3:compile (default-compile) @ joda-time ---
[INFO] Changes detected - recompiling the module!
[INFO] Compiling 166 source files to /tmp/tmpeygmd2mi/joda-time/target/classes
[INFO] 
[INFO] --- exec-maven-plugin:1.4.0:java (compile-tzdb) @ joda-time ---
Writing zoneinfo files
Writing ZoneInfoMap
[INFO] 
[INFO] --- maven-resources-plugin:2.7:testResources (default-testResources) @ joda-time ---
[INFO] Using 'UTF-8' encoding to copy filtered resources.
[INFO] Copying 35 resources
[INFO] 
[INFO] --- maven-compiler-plugin:3.3:testCompile (default-testCompile) @ joda-time ---
[INFO] Changes detected - recompiling the module!
[INFO] Compiling 158 source files to /tmp/tmpeygmd2mi/joda-time/target/test-classes
[INFO] 
[INFO] --- maven-surefire-plugin:2.18.1:test (default-test) @ joda-time ---
[INFO] Surefire report directory: /tmp/tmpeygmd2mi/joda-time/target/surefire-reports

-------------------------------------------------------
 T E S T S
-------------------------------------------------------
Running org.joda.time.TestAllPackages

TestBuddhistChronology.testCalendar

TestCopticChronology.testCalendar

TestEthiopicChronology.testCalendar

TestIslamicChronology.testCalendar

Testing Gregorian chronology over 1000 iterations
100% complete (i=1000)

Testing Julian chronology over 1000 iterations
100% complete (i=1000)
Writing zoneinfo files
Writing ZoneInfoMap
Tests run: 4207, Failures: 0, Errors: 0, Skipped: 0, Time elapsed: 3.453 sec - in org.joda.time.TestAllPackages

Results :

Tests run: 4207, Failures: 0, Errors: 0, Skipped: 0

[INFO] 
[INFO] --- maven-jar-plugin:2.6:jar (default-jar) @ joda-time ---
[INFO] Building jar: /tmp/tmpeygmd2mi/joda-time/target/joda-time-2.9.9.jar
[INFO] 
[INFO] --- maven-jar-plugin:2.6:jar (no-tzdb) @ joda-time ---
[INFO] Building jar: /tmp/tmpeygmd2mi/joda-time/target/joda-time-2.9.9-no-tzdb.jar
[INFO] 
[INFO] --- maven-javadoc-plugin:2.10.3:jar (attach-javadocs) @ joda-time ---
[INFO] Skipping javadoc generation
[INFO] 
[INFO] --- maven-source-plugin:2.4:jar-no-fork (attach-sources) @ joda-time ---
[INFO] Skipping source per configuration.
[INFO] 
[INFO] --- maven-source-plugin:2.4:jar-no-fork (attach-no-tztb-sources) @ joda-time ---
[INFO] Skipping source per configuration.
[INFO] 
[INFO] --- maven-assembly-plugin:3.2.0:single (default) @ joda-time ---
[INFO] Building jar: /tmp/tmpeygmd2mi/joda-time/target/joda-time-2.9.9-jar-with-dependencies.jar
[INFO] ------------------------------------------------------------------------
[INFO] BUILD SUCCESS
[INFO] ------------------------------------------------------------------------
[INFO] Total time:  17.725 s
[INFO] Finished at: 2020-07-30T17:08:04Z
[INFO] ------------------------------------------------------------------------
