[INFO] Error stacktraces are turned on.
[INFO] Scanning for projects...
[INFO] 
[INFO] -------------------< org.biacode.jcronofy:jcronofy >--------------------
[INFO] Building Cronofy API Client 1.2.0
[INFO] --------------------------------[ jar ]---------------------------------
[INFO] 
[INFO] --- jacoco-maven-plugin:0.8.5:prepare-agent (default) @ jcronofy ---
[INFO] argLine set to -javaagent:/home/jdbl/.m2/repository/org/jacoco/org.jacoco.agent/0.8.5/org.jacoco.agent-0.8.5-runtime.jar=destfile=/tmp/tmpqp0bvt0q/jcronofy/target/jacoco.exec
[INFO] 
[INFO] --- maven-resources-plugin:2.6:resources (default-resources) @ jcronofy ---
[INFO] Using 'UTF-8' encoding to copy filtered resources.
[INFO] skip non existing resourceDirectory /tmp/tmpqp0bvt0q/jcronofy/src/main/resources
[INFO] 
[INFO] --- maven-compiler-plugin:3.1:compile (default-compile) @ jcronofy ---
[INFO] Changes detected - recompiling the module!
[INFO] Compiling 83 source files to /tmp/tmpqp0bvt0q/jcronofy/target/classes
[INFO] 
[INFO] --- maven-resources-plugin:2.6:testResources (default-testResources) @ jcronofy ---
[INFO] Using 'UTF-8' encoding to copy filtered resources.
[INFO] skip non existing resourceDirectory /tmp/tmpqp0bvt0q/jcronofy/src/test/resources
[INFO] 
[INFO] --- maven-compiler-plugin:3.1:testCompile (default-testCompile) @ jcronofy ---
[INFO] Changes detected - recompiling the module!
[INFO] Compiling 6 source files to /tmp/tmpqp0bvt0q/jcronofy/target/test-classes
[INFO] 
[INFO] --- maven-surefire-plugin:2.19.1:test (default-test) @ jcronofy ---
[INFO] Surefire report directory: /tmp/tmpqp0bvt0q/jcronofy/target/surefire-reports

-------------------------------------------------------
 T E S T S
-------------------------------------------------------
Running org.biacode.jcronofy.api.impl.CronofyClientImplTest
SLF4J: Failed to load class "org.slf4j.impl.StaticLoggerBinder".
SLF4J: Defaulting to no-operation (NOP) logger implementation
SLF4J: See http://www.slf4j.org/codes.html#StaticLoggerBinder for further details.
Tests run: 76, Failures: 0, Errors: 0, Skipped: 0, Time elapsed: 0.613 sec - in org.biacode.jcronofy.api.impl.CronofyClientImplTest
Running org.biacode.jcronofy.api.impl.CronofyClientImplDeTest
Tests run: 76, Failures: 0, Errors: 0, Skipped: 0, Time elapsed: 0.028 sec - in org.biacode.jcronofy.api.impl.CronofyClientImplDeTest
Running org.biacode.jcronofy.api.impl.CronofyJerseyClientBuilderImplTest
Tests run: 1, Failures: 0, Errors: 0, Skipped: 0, Time elapsed: 0 sec - in org.biacode.jcronofy.api.impl.CronofyJerseyClientBuilderImplTest

Results :

Tests run: 153, Failures: 0, Errors: 0, Skipped: 0

[INFO] 
[INFO] --- jacoco-maven-plugin:0.8.5:report (report) @ jcronofy ---
[INFO] Loading execution data file /tmp/tmpqp0bvt0q/jcronofy/target/jacoco.exec
[INFO] Analyzed bundle 'Cronofy API Client' with 350 classes
[INFO] ------------------------------------------------------------------------
[INFO] BUILD SUCCESS
[INFO] ------------------------------------------------------------------------
[INFO] Total time:  10.244 s
[INFO] Finished at: 2020-07-30T18:20:38Z
[INFO] ------------------------------------------------------------------------
