[INFO] Error stacktraces are turned on.
[INFO] Scanning for projects...
[INFO] 
[INFO] -----------------< club.euphoria_recruiting:euphoria >------------------
[INFO] Building euphoria 1.0-SNAPSHOT
[INFO] --------------------------------[ jar ]---------------------------------
[INFO] 
[INFO] --- jacoco-maven-plugin:0.8.5:prepare-agent (default) @ euphoria ---
[INFO] argLine set to -javaagent:/home/jdbl/.m2/repository/org/jacoco/org.jacoco.agent/0.8.5/org.jacoco.agent-0.8.5-runtime.jar=destfile=/tmp/tmpkxdb454e/euphoria/euphoria-service/target/jacoco.exec
[INFO] 
[INFO] --- maven-resources-plugin:2.6:resources (default-resources) @ euphoria ---
[WARNING] Using platform encoding (UTF-8 actually) to copy filtered resources, i.e. build is platform dependent!
[INFO] Copying 3 resources
[INFO] 
[INFO] --- maven-compiler-plugin:3.1:compile (default-compile) @ euphoria ---
[INFO] Changes detected - recompiling the module!
[WARNING] File encoding has not been set, using platform encoding UTF-8, i.e. build is platform dependent!
[INFO] Compiling 30 source files to /tmp/tmpkxdb454e/euphoria/euphoria-service/target/classes
[INFO] 
[INFO] --- maven-resources-plugin:2.6:testResources (default-testResources) @ euphoria ---
[WARNING] Using platform encoding (UTF-8 actually) to copy filtered resources, i.e. build is platform dependent!
[INFO] skip non existing resourceDirectory /tmp/tmpkxdb454e/euphoria/euphoria-service/src/test/resources
[INFO] 
[INFO] --- maven-compiler-plugin:3.1:testCompile (default-testCompile) @ euphoria ---
[INFO] Changes detected - recompiling the module!
[WARNING] File encoding has not been set, using platform encoding UTF-8, i.e. build is platform dependent!
[INFO] Compiling 6 source files to /tmp/tmpkxdb454e/euphoria/euphoria-service/target/test-classes
[INFO] 
[INFO] --- maven-surefire-plugin:2.19.1:test (default-test) @ euphoria ---
[INFO] Surefire report directory: /tmp/tmpkxdb454e/euphoria/euphoria-service/target/surefire-reports

-------------------------------------------------------
 T E S T S
-------------------------------------------------------
Running club.euphoria_recruiting.PostingHandlersTest
Tests run: 5, Failures: 0, Errors: 0, Skipped: 0, Time elapsed: 4.155 sec - in club.euphoria_recruiting.PostingHandlersTest
Running club.euphoria_recruiting.AuthenticationHandlersTest
Tests run: 2, Failures: 0, Errors: 0, Skipped: 0, Time elapsed: 0.028 sec - in club.euphoria_recruiting.AuthenticationHandlersTest
Running club.euphoria_recruiting.CookieHandlersTest
Tests run: 2, Failures: 0, Errors: 0, Skipped: 0, Time elapsed: 0.029 sec - in club.euphoria_recruiting.CookieHandlersTest
Running club.euphoria_recruiting.UserHandlersTest
Tests run: 2, Failures: 0, Errors: 0, Skipped: 0, Time elapsed: 0.059 sec - in club.euphoria_recruiting.UserHandlersTest
Running club.euphoria_recruiting.ApplicationHandlersTest
Tests run: 3, Failures: 0, Errors: 0, Skipped: 0, Time elapsed: 0.052 sec - in club.euphoria_recruiting.ApplicationHandlersTest
Running club.euphoria_recruiting.CompanyHandlersTest
Tests run: 2, Failures: 0, Errors: 0, Skipped: 0, Time elapsed: 0.017 sec - in club.euphoria_recruiting.CompanyHandlersTest

Results :

Tests run: 16, Failures: 0, Errors: 0, Skipped: 0

[INFO] 
[INFO] --- jacoco-maven-plugin:0.8.5:report (report) @ euphoria ---
[INFO] Loading execution data file /tmp/tmpkxdb454e/euphoria/euphoria-service/target/jacoco.exec
[INFO] Analyzed bundle 'euphoria' with 58 classes
[INFO] ------------------------------------------------------------------------
[INFO] BUILD SUCCESS
[INFO] ------------------------------------------------------------------------
[INFO] Total time:  28.479 s
[INFO] Finished at: 2020-07-30T22:16:26Z
[INFO] ------------------------------------------------------------------------
