[INFO] Error stacktraces are turned on.
[INFO] Scanning for projects...
[INFO] 
[INFO] -----------< com.librato.metrics:dropwizard-metrics-librato >-----------
[INFO] Building Metrics Librato Dropwizard Support 10.2.0.7-SNAPSHOT
[INFO] --------------------------------[ jar ]---------------------------------
[INFO] 
[INFO] --- maven-enforcer-plugin:1.0:enforce (enforce-maven) @ dropwizard-metrics-librato ---
[INFO] 
[INFO] --- jacoco-maven-plugin:0.8.5:prepare-agent (default) @ dropwizard-metrics-librato ---
[INFO] argLine set to -javaagent:/home/jdbl/.m2/repository/org/jacoco/org.jacoco.agent/0.8.5/org.jacoco.agent-0.8.5-runtime.jar=destfile=/tmp/tmpziu1gczy/dropwizard-librato/target/jacoco.exec
[INFO] 
[INFO] --- maven-resources-plugin:2.6:resources (default-resources) @ dropwizard-metrics-librato ---
[INFO] Using 'UTF-8' encoding to copy filtered resources.
[INFO] Copying 3 resources
[INFO] 
[INFO] --- maven-compiler-plugin:3.6.1:compile (default-compile) @ dropwizard-metrics-librato ---
[INFO] Changes detected - recompiling the module!
[INFO] Compiling 5 source files to /tmp/tmpziu1gczy/dropwizard-librato/target/classes
[INFO] 
[INFO] --- maven-resources-plugin:2.6:testResources (default-testResources) @ dropwizard-metrics-librato ---
[INFO] Using 'UTF-8' encoding to copy filtered resources.
[INFO] skip non existing resourceDirectory /tmp/tmpziu1gczy/dropwizard-librato/src/test/resources
[INFO] 
[INFO] --- maven-compiler-plugin:3.6.1:testCompile (default-testCompile) @ dropwizard-metrics-librato ---
[INFO] Changes detected - recompiling the module!
[INFO] Compiling 2 source files to /tmp/tmpziu1gczy/dropwizard-librato/target/test-classes
[INFO] 
[INFO] --- maven-surefire-plugin:2.19.1:test (default-test) @ dropwizard-metrics-librato ---
[INFO] Surefire report directory: /tmp/tmpziu1gczy/dropwizard-librato/target/surefire-reports

-------------------------------------------------------
 T E S T S
-------------------------------------------------------
Running io.dropwizard.metrics.LibratoReporterFactoryTest
Tests run: 1, Failures: 0, Errors: 0, Skipped: 0, Time elapsed: 0.223 sec - in io.dropwizard.metrics.LibratoReporterFactoryTest
Running io.dropwizard.metrics.PosterFactoryTest
Tests run: 1, Failures: 0, Errors: 0, Skipped: 0, Time elapsed: 0 sec - in io.dropwizard.metrics.PosterFactoryTest

Results :

Tests run: 2, Failures: 0, Errors: 0, Skipped: 0

[INFO] 
[INFO] --- jacoco-maven-plugin:0.8.5:report (report) @ dropwizard-metrics-librato ---
[INFO] Loading execution data file /tmp/tmpziu1gczy/dropwizard-librato/target/jacoco.exec
[INFO] Analyzed bundle 'Metrics Librato Dropwizard Support' with 245 classes
[INFO] ------------------------------------------------------------------------
[INFO] BUILD SUCCESS
[INFO] ------------------------------------------------------------------------
[INFO] Total time:  42.963 s
[INFO] Finished at: 2020-08-03T11:15:44Z
[INFO] ------------------------------------------------------------------------
