[INFO] Error stacktraces are turned on.
[INFO] Scanning for projects...
[INFO] Inspecting build with total of 1 modules...
[INFO] Installing Nexus Staging features:
[INFO]   ... total of 1 executions of maven-deploy-plugin replaced with nexus-staging-maven-plugin
[WARNING] The project com.github.hermannpencole:nifi-swagger-client:jar:1.5.0.1-SNAPSHOT uses prerequisites which is only intended for maven-plugin projects but not for non maven-plugin projects. For such purposes you should use the maven-enforcer-plugin. See https://maven.apache.org/enforcer/enforcer-rules/requireMavenVersion.html
[INFO] 
[INFO] -----------< com.github.hermannpencole:nifi-swagger-client >------------
[INFO] Building nifi-swagger-client 1.5.0.1-SNAPSHOT
[INFO] --------------------------------[ jar ]---------------------------------
[INFO] 
[INFO] --- maven-enforcer-plugin:3.0.0-M1:enforce (enforce-maven) @ nifi-swagger-client ---
[INFO] 
[INFO] --- jacoco-maven-plugin:0.8.5:prepare-agent (default) @ nifi-swagger-client ---
[INFO] argLine set to -javaagent:/home/jdbl/.m2/repository/org/jacoco/org.jacoco.agent/0.8.5/org.jacoco.agent-0.8.5-runtime.jar=destfile=/tmp/tmp_qq2av_0/nifi-swagger-client/target/jacoco.exec
[INFO] 
[INFO] --- build-helper-maven-plugin:1.10:add-source (add_sources) @ nifi-swagger-client ---
[INFO] Source directory: /tmp/tmp_qq2av_0/nifi-swagger-client/src/main/java added.
[INFO] 
[INFO] --- maven-resources-plugin:2.6:resources (default-resources) @ nifi-swagger-client ---
[INFO] Using 'UTF-8' encoding to copy filtered resources.
[INFO] skip non existing resourceDirectory /tmp/tmp_qq2av_0/nifi-swagger-client/src/main/resources
[INFO] 
[INFO] --- maven-compiler-plugin:3.1:compile (default-compile) @ nifi-swagger-client ---
[INFO] Changes detected - recompiling the module!
[INFO] Compiling 302 source files to /tmp/tmp_qq2av_0/nifi-swagger-client/target/classes
[WARNING] /tmp/tmp_qq2av_0/nifi-swagger-client/src/main/java/com/github/hermannpencole/nifi/swagger/client/AccessApi.java: /tmp/tmp_qq2av_0/nifi-swagger-client/src/main/java/com/github/hermannpencole/nifi/swagger/client/AccessApi.java uses or overrides a deprecated API.
[WARNING] /tmp/tmp_qq2av_0/nifi-swagger-client/src/main/java/com/github/hermannpencole/nifi/swagger/client/AccessApi.java: Recompile with -Xlint:deprecation for details.
[WARNING] /tmp/tmp_qq2av_0/nifi-swagger-client/src/main/java/com/github/hermannpencole/nifi/swagger/MapTypeAdapterFactory.java: Some input files use unchecked or unsafe operations.
[WARNING] /tmp/tmp_qq2av_0/nifi-swagger-client/src/main/java/com/github/hermannpencole/nifi/swagger/MapTypeAdapterFactory.java: Recompile with -Xlint:unchecked for details.
[INFO] 
[INFO] --- build-helper-maven-plugin:1.10:add-test-source (add_test_sources) @ nifi-swagger-client ---
[INFO] Test Source directory: /tmp/tmp_qq2av_0/nifi-swagger-client/src/test/java added.
[INFO] 
[INFO] --- maven-resources-plugin:2.6:testResources (default-testResources) @ nifi-swagger-client ---
[INFO] Using 'UTF-8' encoding to copy filtered resources.
[INFO] skip non existing resourceDirectory /tmp/tmp_qq2av_0/nifi-swagger-client/src/test/resources
[INFO] 
[INFO] --- maven-compiler-plugin:3.1:testCompile (default-testCompile) @ nifi-swagger-client ---
[INFO] Changes detected - recompiling the module!
[INFO] Compiling 28 source files to /tmp/tmp_qq2av_0/nifi-swagger-client/target/test-classes
[INFO] 
[INFO] --- maven-surefire-plugin:2.19.1:test (default-test) @ nifi-swagger-client ---
[INFO] Surefire report directory: /tmp/tmp_qq2av_0/nifi-swagger-client/target/surefire-reports

-------------------------------------------------------
 T E S T S
-------------------------------------------------------
Running com.github.hermannpencole.nifi.swagger.client.FlowApiTest
Tests run: 1, Failures: 0, Errors: 0, Skipped: 1, Time elapsed: 0.008 sec - in com.github.hermannpencole.nifi.swagger.client.FlowApiTest
Running com.github.hermannpencole.nifi.swagger.client.DataTransferApiTest
Tests run: 1, Failures: 0, Errors: 0, Skipped: 1, Time elapsed: 0 sec - in com.github.hermannpencole.nifi.swagger.client.DataTransferApiTest
Running com.github.hermannpencole.nifi.swagger.client.InputPortsApiTest
Tests run: 1, Failures: 0, Errors: 0, Skipped: 1, Time elapsed: 0 sec - in com.github.hermannpencole.nifi.swagger.client.InputPortsApiTest
Running com.github.hermannpencole.nifi.swagger.client.RemoteProcessGroupsApiTest
Tests run: 1, Failures: 0, Errors: 0, Skipped: 1, Time elapsed: 0 sec - in com.github.hermannpencole.nifi.swagger.client.RemoteProcessGroupsApiTest
Running com.github.hermannpencole.nifi.swagger.client.TemplatesApiTest
Tests run: 1, Failures: 0, Errors: 0, Skipped: 1, Time elapsed: 0 sec - in com.github.hermannpencole.nifi.swagger.client.TemplatesApiTest
Running com.github.hermannpencole.nifi.swagger.client.ResourcesApiTest
Tests run: 1, Failures: 0, Errors: 0, Skipped: 1, Time elapsed: 0 sec - in com.github.hermannpencole.nifi.swagger.client.ResourcesApiTest
Running com.github.hermannpencole.nifi.swagger.client.ProvenanceApiTest
Tests run: 1, Failures: 0, Errors: 0, Skipped: 1, Time elapsed: 0 sec - in com.github.hermannpencole.nifi.swagger.client.ProvenanceApiTest
Running com.github.hermannpencole.nifi.swagger.client.AccessApiTest
Tests run: 1, Failures: 0, Errors: 0, Skipped: 1, Time elapsed: 0 sec - in com.github.hermannpencole.nifi.swagger.client.AccessApiTest
Running com.github.hermannpencole.nifi.swagger.client.ReportingTasksApiTest
Tests run: 1, Failures: 0, Errors: 0, Skipped: 1, Time elapsed: 0 sec - in com.github.hermannpencole.nifi.swagger.client.ReportingTasksApiTest
Running com.github.hermannpencole.nifi.swagger.client.ConnectionsApiTest
Tests run: 1, Failures: 0, Errors: 0, Skipped: 1, Time elapsed: 0 sec - in com.github.hermannpencole.nifi.swagger.client.ConnectionsApiTest
Running com.github.hermannpencole.nifi.swagger.client.SiteToSiteApiTest
Tests run: 1, Failures: 0, Errors: 0, Skipped: 1, Time elapsed: 0 sec - in com.github.hermannpencole.nifi.swagger.client.SiteToSiteApiTest
Running com.github.hermannpencole.nifi.swagger.client.CountersApiTest
Tests run: 1, Failures: 0, Errors: 0, Skipped: 1, Time elapsed: 0 sec - in com.github.hermannpencole.nifi.swagger.client.CountersApiTest
Running com.github.hermannpencole.nifi.swagger.client.FunnelApiTest
Tests run: 1, Failures: 0, Errors: 0, Skipped: 1, Time elapsed: 0 sec - in com.github.hermannpencole.nifi.swagger.client.FunnelApiTest
Running com.github.hermannpencole.nifi.swagger.client.TenantsApiTest
Tests run: 1, Failures: 0, Errors: 0, Skipped: 1, Time elapsed: 0 sec - in com.github.hermannpencole.nifi.swagger.client.TenantsApiTest
Running com.github.hermannpencole.nifi.swagger.client.ProcessorsApiTest
Tests run: 1, Failures: 0, Errors: 0, Skipped: 1, Time elapsed: 0 sec - in com.github.hermannpencole.nifi.swagger.client.ProcessorsApiTest
Running com.github.hermannpencole.nifi.swagger.client.SystemDiagnosticsApiTest
Tests run: 1, Failures: 0, Errors: 0, Skipped: 1, Time elapsed: 0 sec - in com.github.hermannpencole.nifi.swagger.client.SystemDiagnosticsApiTest
Running com.github.hermannpencole.nifi.swagger.client.XmlTest
Tests run: 3, Failures: 0, Errors: 0, Skipped: 0, Time elapsed: 0.848 sec - in com.github.hermannpencole.nifi.swagger.client.XmlTest
Running com.github.hermannpencole.nifi.swagger.client.ControllerServicesApiTest
Tests run: 1, Failures: 0, Errors: 0, Skipped: 1, Time elapsed: 0 sec - in com.github.hermannpencole.nifi.swagger.client.ControllerServicesApiTest
Running com.github.hermannpencole.nifi.swagger.client.LabelsApiTest
Tests run: 1, Failures: 0, Errors: 0, Skipped: 1, Time elapsed: 0 sec - in com.github.hermannpencole.nifi.swagger.client.LabelsApiTest
Running com.github.hermannpencole.nifi.swagger.client.ProcessGroupsApiTest
Tests run: 1, Failures: 0, Errors: 0, Skipped: 1, Time elapsed: 0 sec - in com.github.hermannpencole.nifi.swagger.client.ProcessGroupsApiTest
Running com.github.hermannpencole.nifi.swagger.client.SnippetsApiTest
Tests run: 1, Failures: 0, Errors: 0, Skipped: 1, Time elapsed: 0 sec - in com.github.hermannpencole.nifi.swagger.client.SnippetsApiTest
Running com.github.hermannpencole.nifi.swagger.client.FlowfileQueuesApiTest
Tests run: 1, Failures: 0, Errors: 0, Skipped: 1, Time elapsed: 0.001 sec - in com.github.hermannpencole.nifi.swagger.client.FlowfileQueuesApiTest
Running com.github.hermannpencole.nifi.swagger.client.OutputPortsApiTest
Tests run: 1, Failures: 0, Errors: 0, Skipped: 1, Time elapsed: 0 sec - in com.github.hermannpencole.nifi.swagger.client.OutputPortsApiTest
Running com.github.hermannpencole.nifi.swagger.client.VersionsApiTest
Tests run: 1, Failures: 0, Errors: 0, Skipped: 1, Time elapsed: 0 sec - in com.github.hermannpencole.nifi.swagger.client.VersionsApiTest
Running com.github.hermannpencole.nifi.swagger.client.ControllerApiTest
Tests run: 1, Failures: 0, Errors: 0, Skipped: 1, Time elapsed: 0 sec - in com.github.hermannpencole.nifi.swagger.client.ControllerApiTest
Running com.github.hermannpencole.nifi.swagger.client.ProvenanceEventsApiTest
Tests run: 1, Failures: 0, Errors: 0, Skipped: 1, Time elapsed: 0 sec - in com.github.hermannpencole.nifi.swagger.client.ProvenanceEventsApiTest
Running com.github.hermannpencole.nifi.swagger.client.JSONTest
Tests run: 1, Failures: 0, Errors: 0, Skipped: 0, Time elapsed: 0.126 sec - in com.github.hermannpencole.nifi.swagger.client.JSONTest
Running com.github.hermannpencole.nifi.swagger.client.PoliciesApiTest
Tests run: 1, Failures: 0, Errors: 0, Skipped: 1, Time elapsed: 0 sec - in com.github.hermannpencole.nifi.swagger.client.PoliciesApiTest

Results :

Tests run: 30, Failures: 0, Errors: 0, Skipped: 26

[INFO] 
[INFO] --- jacoco-maven-plugin:0.8.5:report (report) @ nifi-swagger-client ---
[INFO] Loading execution data file /tmp/tmp_qq2av_0/nifi-swagger-client/target/jacoco.exec
[INFO] Analyzed bundle 'nifi-swagger-client' with 1599 classes
[INFO] ------------------------------------------------------------------------
[INFO] BUILD SUCCESS
[INFO] ------------------------------------------------------------------------
[INFO] Total time:  27.864 s
[INFO] Finished at: 2020-07-30T20:15:17Z
[INFO] ------------------------------------------------------------------------
