[INFO] Error stacktraces are turned on.
[INFO] Scanning for projects...
[INFO] 
[INFO] -----------------< eu.danieldk.dictomaton:dictomaton >------------------
[INFO] Building dictomaton 1.2.2-SNAPSHOT
[INFO] --------------------------------[ jar ]---------------------------------
[INFO] 
[INFO] --- maven-enforcer-plugin:1.2:enforce (enforce-maven) @ dictomaton ---
[INFO] 
[INFO] --- jacoco-maven-plugin:0.8.5:prepare-agent (default) @ dictomaton ---
[INFO] argLine set to -javaagent:/home/jdbl/.m2/repository/org/jacoco/org.jacoco.agent/0.8.5/org.jacoco.agent-0.8.5-runtime.jar=destfile=/tmp/tmpf0t8a3vc/dictomaton/target/jacoco.exec
[INFO] 
[INFO] --- maven-resources-plugin:2.6:resources (default-resources) @ dictomaton ---
[INFO] Using 'UTF-8' encoding to copy filtered resources.
[INFO] skip non existing resourceDirectory /tmp/tmpf0t8a3vc/dictomaton/src/main/resources
[INFO] 
[INFO] --- maven-compiler-plugin:3.3:compile (default-compile) @ dictomaton ---
[INFO] Changes detected - recompiling the module!
[INFO] Compiling 25 source files to /tmp/tmpf0t8a3vc/dictomaton/target/classes
[INFO] 
[INFO] --- maven-resources-plugin:2.6:testResources (default-testResources) @ dictomaton ---
[INFO] Using 'UTF-8' encoding to copy filtered resources.
[INFO] Copying 4 resources
[INFO] 
[INFO] --- maven-compiler-plugin:3.3:testCompile (default-testCompile) @ dictomaton ---
[INFO] Changes detected - recompiling the module!
[INFO] Compiling 20 source files to /tmp/tmpf0t8a3vc/dictomaton/target/test-classes
[INFO] /tmp/tmpf0t8a3vc/dictomaton/src/test/java/eu/danieldk/dictomaton/collections/ImmutableStringObjectMapTest.java: /tmp/tmpf0t8a3vc/dictomaton/src/test/java/eu/danieldk/dictomaton/collections/ImmutableStringObjectMapTest.java uses unchecked or unsafe operations.
[INFO] /tmp/tmpf0t8a3vc/dictomaton/src/test/java/eu/danieldk/dictomaton/collections/ImmutableStringObjectMapTest.java: Recompile with -Xlint:unchecked for details.
[INFO] 
[INFO] --- maven-surefire-plugin:2.19.1:test (default-test) @ dictomaton ---
[INFO] Surefire report directory: /tmp/tmpf0t8a3vc/dictomaton/target/surefire-reports

-------------------------------------------------------
 T E S T S
-------------------------------------------------------
Running eu.danieldk.dictomaton.DictionaryTest
Tests run: 15, Failures: 0, Errors: 0, Skipped: 0, Time elapsed: 0.259 sec - in eu.danieldk.dictomaton.DictionaryTest
Running eu.danieldk.dictomaton.PerfectHashDictionaryTest
Tests run: 14, Failures: 0, Errors: 0, Skipped: 0, Time elapsed: 0 sec - in eu.danieldk.dictomaton.PerfectHashDictionaryTest
Running eu.danieldk.dictomaton.CompactIntArrayTest
Tests run: 4, Failures: 0, Errors: 0, Skipped: 0, Time elapsed: 4.22 sec - in eu.danieldk.dictomaton.CompactIntArrayTest
Running eu.danieldk.dictomaton.DictionaryBuilderTest
Tests run: 5, Failures: 0, Errors: 0, Skipped: 0, Time elapsed: 0.005 sec - in eu.danieldk.dictomaton.DictionaryBuilderTest
Running eu.danieldk.dictomaton.DictionaryBenchmark
DictionaryBenchmark.dictionaryContainsBenchmark: [measured 10 out of 15 rounds, threads: 1 (sequential)]
 round: 0.07 [+- 0.01], round.block: 0.00 [+- 0.00], round.gc: 0.00 [+- 0.00], GC.calls: 0, GC.time: 0.00, time.total: 1.07, time.warmup: 0.39, time.bench: 0.68
DictionaryBenchmark.hashSetContainsBenchmark: [measured 10 out of 15 rounds, threads: 1 (sequential)]
 round: 0.01 [+- 0.00], round.block: 0.00 [+- 0.00], round.gc: 0.00 [+- 0.00], GC.calls: 0, GC.time: 0.00, time.total: 0.19, time.warmup: 0.07, time.bench: 0.11
Tests run: 2, Failures: 0, Errors: 0, Skipped: 0, Time elapsed: 2.01 sec - in eu.danieldk.dictomaton.DictionaryBenchmark
Running eu.danieldk.dictomaton.levenshtein.LevenshteinAutomatonTest
Tests run: 2, Failures: 0, Errors: 0, Skipped: 0, Time elapsed: 4.094 sec - in eu.danieldk.dictomaton.levenshtein.LevenshteinAutomatonTest
Running eu.danieldk.dictomaton.levenshtein.LevenshteinAutomatonBenchmark
LevenshteinAutomatonBenchmark.distance2Benchmark: [measured 10 out of 15 rounds, threads: 1 (sequential)]
 round: 1.71 [+- 0.30], round.block: 0.00 [+- 0.00], round.gc: 0.00 [+- 0.00], GC.calls: 21, GC.time: 0.37, time.total: 26.43, time.warmup: 9.33, time.bench: 17.10
LevenshteinAutomatonBenchmark.distance1Benchmark: [measured 10 out of 15 rounds, threads: 1 (sequential)]
 round: 0.27 [+- 0.03], round.block: 0.00 [+- 0.00], round.gc: 0.00 [+- 0.00], GC.calls: 3, GC.time: 0.04, time.total: 3.98, time.warmup: 1.23, time.bench: 2.75
Tests run: 2, Failures: 0, Errors: 0, Skipped: 0, Time elapsed: 30.453 sec - in eu.danieldk.dictomaton.levenshtein.LevenshteinAutomatonBenchmark
Running eu.danieldk.dictomaton.DictionaryBuilderBenchmark
DictionaryBuilderBenchmark.treeSetConstructionTest: [measured 10 out of 15 rounds, threads: 1 (sequential)]
 round: 0.06 [+- 0.16], round.block: 0.00 [+- 0.00], round.gc: 0.00 [+- 0.00], GC.calls: 2, GC.time: 0.54, time.total: 0.67, time.warmup: 0.05, time.bench: 0.61
DictionaryBuilderBenchmark.dictionaryConstructionTest: [measured 10 out of 15 rounds, threads: 1 (sequential)]
 round: 0.56 [+- 0.12], round.block: 0.00 [+- 0.00], round.gc: 0.00 [+- 0.00], GC.calls: 6, GC.time: 0.52, time.total: 7.79, time.warmup: 2.19, time.bench: 5.61
Tests run: 2, Failures: 0, Errors: 0, Skipped: 0, Time elapsed: 8.563 sec - in eu.danieldk.dictomaton.DictionaryBuilderBenchmark
Running eu.danieldk.dictomaton.PerfectHashDictionaryBenchmark
PerfectHashDictionaryBenchmark.numberToWordBenchmark: [measured 10 out of 15 rounds, threads: 1 (sequential)]
 round: 0.26 [+- 0.02], round.block: 0.00 [+- 0.00], round.gc: 0.00 [+- 0.00], GC.calls: 0, GC.time: 0.00, time.total: 4.33, time.warmup: 1.73, time.bench: 2.60
PerfectHashDictionaryBenchmark.wordToNumberBenchmark: [measured 10 out of 15 rounds, threads: 1 (sequential)]
 round: 0.37 [+- 0.01], round.block: 0.00 [+- 0.00], round.gc: 0.00 [+- 0.00], GC.calls: 0, GC.time: 0.00, time.total: 5.61, time.warmup: 1.92, time.bench: 3.69
PerfectHashDictionaryBenchmark.wordToNumberTransCardBenchmark: [measured 10 out of 15 rounds, threads: 1 (sequential)]
 round: 0.15 [+- 0.01], round.block: 0.00 [+- 0.00], round.gc: 0.00 [+- 0.00], GC.calls: 0, GC.time: 0.00, time.total: 2.42, time.warmup: 0.90, time.bench: 1.52
PerfectHashDictionaryBenchmark.numberToWordTransCardBenchmark: [measured 10 out of 15 rounds, threads: 1 (sequential)]
 round: 0.13 [+- 0.02], round.block: 0.00 [+- 0.00], round.gc: 0.00 [+- 0.00], GC.calls: 1, GC.time: 0.02, time.total: 2.08, time.warmup: 0.74, time.bench: 1.34
Tests run: 4, Failures: 0, Errors: 0, Skipped: 0, Time elapsed: 15.321 sec - in eu.danieldk.dictomaton.PerfectHashDictionaryBenchmark
Running eu.danieldk.dictomaton.collections.ImmutableStringObjectMapTest
Tests run: 5, Failures: 0, Errors: 0, Skipped: 0, Time elapsed: 0.013 sec - in eu.danieldk.dictomaton.collections.ImmutableStringObjectMapTest
Running eu.danieldk.dictomaton.collections.ImmutableStringIntMapInterfaceTest
Tests run: 56, Failures: 0, Errors: 0, Skipped: 0, Time elapsed: 0.129 sec - in eu.danieldk.dictomaton.collections.ImmutableStringIntMapInterfaceTest
Running eu.danieldk.dictomaton.collections.ImmutableStringObjectMapInterfaceTest
Tests run: 56, Failures: 0, Errors: 0, Skipped: 0, Time elapsed: 0.046 sec - in eu.danieldk.dictomaton.collections.ImmutableStringObjectMapInterfaceTest
Running eu.danieldk.dictomaton.collections.ImmutableStringIntMapBenchmark
ImmutableStringIntMapBenchmark.getBenchmark: [measured 10 out of 15 rounds, threads: 1 (sequential)]
 round: 0.51 [+- 0.09], round.block: 0.00 [+- 0.00], round.gc: 0.00 [+- 0.00], GC.calls: 6, GC.time: 0.48, time.total: 7.92, time.warmup: 2.77, time.bench: 5.15
Tests run: 1, Failures: 0, Errors: 0, Skipped: 0, Time elapsed: 7.981 sec - in eu.danieldk.dictomaton.collections.ImmutableStringIntMapBenchmark
Running eu.danieldk.dictomaton.collections.ImmutableStringStringMapInterfaceTest
Tests run: 56, Failures: 0, Errors: 0, Skipped: 0, Time elapsed: 0.047 sec - in eu.danieldk.dictomaton.collections.ImmutableStringStringMapInterfaceTest
Running eu.danieldk.dictomaton.collections.ImmutableStringStringMapTest
Tests run: 2, Failures: 0, Errors: 0, Skipped: 0, Time elapsed: 0 sec - in eu.danieldk.dictomaton.collections.ImmutableStringStringMapTest
Running eu.danieldk.dictomaton.collections.ImmutableStringIntTest
Tests run: 6, Failures: 0, Errors: 0, Skipped: 0, Time elapsed: 0 sec - in eu.danieldk.dictomaton.collections.ImmutableStringIntTest

Results :

Tests run: 232, Failures: 0, Errors: 0, Skipped: 0

[INFO] 
[INFO] --- jacoco-maven-plugin:0.8.5:report (report) @ dictomaton ---
[INFO] Loading execution data file /tmp/tmpf0t8a3vc/dictomaton/target/jacoco.exec
[INFO] Analyzed bundle 'dictomaton' with 308 classes
[INFO] ------------------------------------------------------------------------
[INFO] BUILD SUCCESS
[INFO] ------------------------------------------------------------------------
[INFO] Total time:  01:24 min
[INFO] Finished at: 2020-07-30T22:50:32Z
[INFO] ------------------------------------------------------------------------
