[INFO] Error stacktraces are turned on.
[INFO] Scanning for projects...
[INFO] 
[INFO] ------------------< com.squareup.mimecraft:mimecraft >------------------
[INFO] Building Mime Craft 1.1.2-SNAPSHOT
[INFO] --------------------------------[ jar ]---------------------------------
[INFO] 
[INFO] --- maven-enforcer-plugin:1.0:enforce (enforce-maven) @ mimecraft ---
[INFO] 
[INFO] --- jacoco-maven-plugin:0.8.5:prepare-agent (default) @ mimecraft ---
[INFO] argLine set to -javaagent:/home/jdbl/.m2/repository/org/jacoco/org.jacoco.agent/0.8.5/org.jacoco.agent-0.8.5-runtime.jar=destfile=/tmp/tmpdls836it/mimecraft/target/jacoco.exec
[INFO] 
[INFO] --- maven-resources-plugin:2.6:resources (default-resources) @ mimecraft ---
[INFO] Using 'UTF-8' encoding to copy filtered resources.
[INFO] skip non existing resourceDirectory /tmp/tmpdls836it/mimecraft/src/main/resources
[INFO] 
[INFO] --- maven-compiler-plugin:3.1:compile (default-compile) @ mimecraft ---
[INFO] Changes detected - recompiling the module!
[INFO] Compiling 4 source files to /tmp/tmpdls836it/mimecraft/target/classes
[INFO] 
[INFO] --- maven-resources-plugin:2.6:testResources (default-testResources) @ mimecraft ---
[INFO] Using 'UTF-8' encoding to copy filtered resources.
[INFO] skip non existing resourceDirectory /tmp/tmpdls836it/mimecraft/src/test/resources
[INFO] 
[INFO] --- maven-compiler-plugin:3.1:testCompile (default-testCompile) @ mimecraft ---
[INFO] Changes detected - recompiling the module!
[INFO] Compiling 6 source files to /tmp/tmpdls836it/mimecraft/target/test-classes
[INFO] 
[INFO] --- maven-surefire-plugin:2.19.1:test (default-test) @ mimecraft ---
[INFO] Surefire report directory: /tmp/tmpdls836it/mimecraft/target/surefire-reports

-------------------------------------------------------
 T E S T S
-------------------------------------------------------
Running com.squareup.mimecraft.MultipartWriterTest
Tests run: 3, Failures: 0, Errors: 0, Skipped: 0, Time elapsed: 0.074 sec - in com.squareup.mimecraft.MultipartWriterTest
Running com.squareup.mimecraft.PartTest
Tests run: 8, Failures: 0, Errors: 0, Skipped: 0, Time elapsed: 0.016 sec - in com.squareup.mimecraft.PartTest
Running com.squareup.mimecraft.FormWriterTest
Tests run: 2, Failures: 0, Errors: 0, Skipped: 0, Time elapsed: 0 sec - in com.squareup.mimecraft.FormWriterTest
Running com.squareup.mimecraft.ComplexExamplesTest
Tests run: 1, Failures: 0, Errors: 0, Skipped: 0, Time elapsed: 0 sec - in com.squareup.mimecraft.ComplexExamplesTest

Results :

Tests run: 14, Failures: 0, Errors: 0, Skipped: 0

[INFO] 
[INFO] --- jacoco-maven-plugin:0.8.5:report (report) @ mimecraft ---
[INFO] Loading execution data file /tmp/tmpdls836it/mimecraft/target/jacoco.exec
[INFO] Analyzed bundle 'Mime Craft' with 253 classes
[INFO] ------------------------------------------------------------------------
[INFO] BUILD SUCCESS
[INFO] ------------------------------------------------------------------------
[INFO] Total time:  11.311 s
[INFO] Finished at: 2020-08-03T11:06:03Z
[INFO] ------------------------------------------------------------------------
