[INFO] Error stacktraces are turned on.
[INFO] Scanning for projects...
[INFO] Inspecting build with total of 1 modules...
[INFO] Installing Nexus Staging features:
[INFO]   ... total of 1 executions of maven-deploy-plugin replaced with nexus-staging-maven-plugin
[INFO] 
[INFO] ----------------< com.github.regis-leray:factory-duke >-----------------
[INFO] Building Factory Duke 0.9-SNAPSHOT
[INFO] --------------------------------[ jar ]---------------------------------
[INFO] 
[INFO] --- jacoco-maven-plugin:0.8.5:prepare-agent (default) @ factory-duke ---
[INFO] argLine set to -javaagent:/home/jdbl/.m2/repository/org/jacoco/org.jacoco.agent/0.8.5/org.jacoco.agent-0.8.5-runtime.jar=destfile=/tmp/tmpb81ild6q/factory_duke/target/jacoco.exec
[INFO] 
[INFO] --- maven-resources-plugin:2.6:resources (default-resources) @ factory-duke ---
[INFO] Using 'UTF-8' encoding to copy filtered resources.
[INFO] skip non existing resourceDirectory /tmp/tmpb81ild6q/factory_duke/src/main/resources
[INFO] 
[INFO] --- maven-compiler-plugin:3.5:compile (default-compile) @ factory-duke ---
[INFO] Changes detected - recompiling the module!
[INFO] Compiling 30 source files to /tmp/tmpb81ild6q/factory_duke/target/classes
[INFO] /tmp/tmpb81ild6q/factory_duke/src/main/java/factoryduke/generators/Generators.java: Some input files use unchecked or unsafe operations.
[INFO] /tmp/tmpb81ild6q/factory_duke/src/main/java/factoryduke/generators/Generators.java: Recompile with -Xlint:unchecked for details.
[INFO] 
[INFO] --- maven-resources-plugin:2.6:testResources (default-testResources) @ factory-duke ---
[INFO] Using 'UTF-8' encoding to copy filtered resources.
[INFO] Copying 1 resource
[INFO] 
[INFO] --- maven-compiler-plugin:3.5:testCompile (default-testCompile) @ factory-duke ---
[INFO] Changes detected - recompiling the module!
[INFO] Compiling 20 source files to /tmp/tmpb81ild6q/factory_duke/target/test-classes
[INFO] /tmp/tmpb81ild6q/factory_duke/src/test/java/factoryduke/FactoryDukeTest.java: Some input files use unchecked or unsafe operations.
[INFO] /tmp/tmpb81ild6q/factory_duke/src/test/java/factoryduke/FactoryDukeTest.java: Recompile with -Xlint:unchecked for details.
[INFO] 
[INFO] --- maven-surefire-plugin:2.19.1:test (default-test) @ factory-duke ---
[INFO] Surefire report directory: /tmp/tmpb81ild6q/factory_duke/target/surefire-reports

-------------------------------------------------------
 T E S T S
-------------------------------------------------------
Running factoryduke.ManualFactoryDukeTest
Tests run: 8, Failures: 0, Errors: 0, Skipped: 0, Time elapsed: 0.223 sec - in factoryduke.ManualFactoryDukeTest
Running factoryduke.FactoryRuntimeTest
Tests run: 7, Failures: 0, Errors: 0, Skipped: 0, Time elapsed: 0.281 sec - in factoryduke.FactoryRuntimeTest
Running factoryduke.FactoryDukeTest
Tests run: 15, Failures: 0, Errors: 0, Skipped: 0, Time elapsed: 0.276 sec - in factoryduke.FactoryDukeTest
Running factoryduke.generators.FormatSequenceGeneratorTest
Tests run: 4, Failures: 0, Errors: 0, Skipped: 0, Time elapsed: 0.002 sec - in factoryduke.generators.FormatSequenceGeneratorTest
Running factoryduke.generators.DateGeneratorTest
Tests run: 13, Failures: 0, Errors: 0, Skipped: 0, Time elapsed: 0.014 sec - in factoryduke.generators.DateGeneratorTest
Running factoryduke.generators.StringSequenceGeneratorTest
Tests run: 6, Failures: 0, Errors: 0, Skipped: 0, Time elapsed: 0.001 sec - in factoryduke.generators.StringSequenceGeneratorTest
Running factoryduke.generators.RandomValuesGeneratorTest
Tests run: 2, Failures: 0, Errors: 0, Skipped: 0, Time elapsed: 0 sec - in factoryduke.generators.RandomValuesGeneratorTest
Running factoryduke.generators.ConstantGeneratorTest
Tests run: 3, Failures: 0, Errors: 0, Skipped: 0, Time elapsed: 0.001 sec - in factoryduke.generators.ConstantGeneratorTest
Running factoryduke.generators.SequenceValueTest
Tests run: 2, Failures: 0, Errors: 0, Skipped: 0, Time elapsed: 0 sec - in factoryduke.generators.SequenceValueTest
Running factoryduke.generators.SequenceGeneratorTest
Tests run: 4, Failures: 0, Errors: 0, Skipped: 0, Time elapsed: 0 sec - in factoryduke.generators.SequenceGeneratorTest
Running factoryduke.FactoryScannerTest
Tests run: 4, Failures: 0, Errors: 0, Skipped: 0, Time elapsed: 0.417 sec - in factoryduke.FactoryScannerTest

Results :

Tests run: 68, Failures: 0, Errors: 0, Skipped: 0

[INFO] 
[INFO] --- jacoco-maven-plugin:0.8.5:report (report) @ factory-duke ---
[INFO] Loading execution data file /tmp/tmpb81ild6q/factory_duke/target/jacoco.exec
[INFO] Analyzed bundle 'Factory Duke' with 1851 classes
[INFO] ------------------------------------------------------------------------
[INFO] BUILD SUCCESS
[INFO] ------------------------------------------------------------------------
[INFO] Total time:  17.481 s
[INFO] Finished at: 2020-07-31T08:37:16Z
[INFO] ------------------------------------------------------------------------
