[INFO] Error stacktraces are turned on.
[INFO] Scanning for projects...
[INFO] 
[INFO] -----------------------< com.ww:06_atguigu_crud >-----------------------
[INFO] Building 06_atguigu_crud Maven Webapp 1.0-SNAPSHOT
[INFO] --------------------------------[ war ]---------------------------------
[INFO] 
[INFO] --- jacoco-maven-plugin:0.8.5:prepare-agent (default) @ 06_atguigu_crud ---
[INFO] argLine set to -javaagent:/home/jdbl/.m2/repository/org/jacoco/org.jacoco.agent/0.8.5/org.jacoco.agent-0.8.5-runtime.jar=destfile=/tmp/tmpiih0q0hr/atguigu_ssm_crud/target/jacoco.exec
[INFO] 
[INFO] --- maven-resources-plugin:3.0.2:resources (default-resources) @ 06_atguigu_crud ---
[INFO] Using 'UTF-8' encoding to copy filtered resources.
[INFO] Copying 8 resources
[INFO] 
[INFO] --- maven-compiler-plugin:3.8.0:compile (default-compile) @ 06_atguigu_crud ---
[INFO] Changes detected - recompiling the module!
[INFO] Compiling 13 source files to /tmp/tmpiih0q0hr/atguigu_ssm_crud/target/classes
[INFO] /tmp/tmpiih0q0hr/atguigu_ssm_crud/src/main/java/com/ww/crud/service/impl/EmployeeServiceImpl.java: /tmp/tmpiih0q0hr/atguigu_ssm_crud/src/main/java/com/ww/crud/service/impl/EmployeeServiceImpl.java uses unchecked or unsafe operations.
[INFO] /tmp/tmpiih0q0hr/atguigu_ssm_crud/src/main/java/com/ww/crud/service/impl/EmployeeServiceImpl.java: Recompile with -Xlint:unchecked for details.
[INFO] 
[INFO] --- maven-resources-plugin:3.0.2:testResources (default-testResources) @ 06_atguigu_crud ---
[INFO] Using 'UTF-8' encoding to copy filtered resources.
[INFO] skip non existing resourceDirectory /tmp/tmpiih0q0hr/atguigu_ssm_crud/src/test/resources
[INFO] 
[INFO] --- maven-compiler-plugin:3.8.0:testCompile (default-testCompile) @ 06_atguigu_crud ---
[INFO] Changes detected - recompiling the module!
[INFO] Compiling 1 source file to /tmp/tmpiih0q0hr/atguigu_ssm_crud/target/test-classes
[INFO] 
[INFO] --- maven-surefire-plugin:2.19.1:test (default-test) @ 06_atguigu_crud ---
[INFO] Surefire report directory: /tmp/tmpiih0q0hr/atguigu_ssm_crud/target/surefire-reports

-------------------------------------------------------
 T E S T S
-------------------------------------------------------
Running com.ww.crud.test.TestMapper
Jul 30, 2020 7:14:14 PM org.springframework.test.context.support.AbstractTestContextBootstrapper getDefaultTestExecutionListenerClassNames
INFO: Loaded default TestExecutionListener class names from location [META-INF/spring.factories]: [org.springframework.test.context.web.ServletTestExecutionListener, org.springframework.test.context.support.DirtiesContextBeforeModesTestExecutionListener, org.springframework.test.context.support.DependencyInjectionTestExecutionListener, org.springframework.test.context.support.DirtiesContextTestExecutionListener, org.springframework.test.context.transaction.TransactionalTestExecutionListener, org.springframework.test.context.jdbc.SqlScriptsTestExecutionListener]
Jul 30, 2020 7:14:14 PM org.springframework.test.context.support.AbstractTestContextBootstrapper getTestExecutionListeners
INFO: Using TestExecutionListeners: [org.springframework.test.context.web.ServletTestExecutionListener@3088660d, org.springframework.test.context.support.DirtiesContextBeforeModesTestExecutionListener@42cc13a0, org.springframework.test.context.support.DependencyInjectionTestExecutionListener@32fdec40, org.springframework.test.context.support.DirtiesContextTestExecutionListener@6813a331, org.springframework.test.context.transaction.TransactionalTestExecutionListener@1bd81830, org.springframework.test.context.jdbc.SqlScriptsTestExecutionListener@39ab59f8]
Tests run: 1, Failures: 0, Errors: 0, Skipped: 0, Time elapsed: 1.417 sec - in com.ww.crud.test.TestMapper

Results :

Tests run: 1, Failures: 0, Errors: 0, Skipped: 0

[INFO] 
[INFO] --- jacoco-maven-plugin:0.8.5:report (report) @ 06_atguigu_crud ---
[INFO] Loading execution data file /tmp/tmpiih0q0hr/atguigu_ssm_crud/target/jacoco.exec
[INFO] Analyzed bundle '06_atguigu_crud Maven Webapp' with 2698 classes
[INFO] ------------------------------------------------------------------------
[INFO] BUILD SUCCESS
[INFO] ------------------------------------------------------------------------
[INFO] Total time:  10.350 s
[INFO] Finished at: 2020-07-30T19:14:18Z
[INFO] ------------------------------------------------------------------------
