[INFO] Error stacktraces are turned on.
[INFO] Scanning for projects...
[INFO] 
[INFO] ------------------< org.apache.commons:commons-pool2 >------------------
[INFO] Building Apache Commons Pool 2.6.0
[INFO] --------------------------------[ jar ]---------------------------------
[INFO] 
[INFO] --- maven-enforcer-plugin:3.0.0-M2:enforce (enforce-maven-version) @ commons-pool2 ---
[INFO] 
[INFO] --- maven-enforcer-plugin:3.0.0-M2:enforce (enforce-maven-3) @ commons-pool2 ---
[INFO] 
[INFO] --- build-helper-maven-plugin:3.0.0:parse-version (parse-version) @ commons-pool2 ---
[INFO] 
[INFO] --- maven-antrun-plugin:1.8:run (javadoc.resources) @ commons-pool2 ---
[INFO] Executing tasks

main:
     [copy] Copying 2 files to /tmp/tmp8azj4rtk/commons-pool/target/apidocs/META-INF
[INFO] Executed tasks
[INFO] 
[INFO] --- maven-remote-resources-plugin:1.5:process (process-resource-bundles) @ commons-pool2 ---
[INFO] 
[INFO] --- buildnumber-maven-plugin:1.4:create (default) @ commons-pool2 ---
[INFO] Executing: /bin/sh -c cd '/tmp/tmp8azj4rtk/commons-pool' && 'git' 'rev-parse' '--verify' 'HEAD'
[INFO] Working directory: /tmp/tmp8azj4rtk/commons-pool
[INFO] Storing buildNumber: 3b3ea3df6281dcc9cae878774956a99fe20c2d75 at timestamp: 1596448413018
[WARNING] Cannot get the branch information from the git repository: 
Detecting the current branch failed: fatal: ref HEAD is not a symbolic ref

[INFO] Executing: /bin/sh -c cd '/tmp/tmp8azj4rtk/commons-pool' && 'git' 'rev-parse' '--verify' 'HEAD'
[INFO] Working directory: /tmp/tmp8azj4rtk/commons-pool
[INFO] Storing buildScmBranch: UNKNOWN
[INFO] 
[INFO] --- maven-resources-plugin:3.0.2:resources (default-resources) @ commons-pool2 ---
[INFO] Using 'UTF-8' encoding to copy filtered resources.
[INFO] skip non existing resourceDirectory /tmp/tmp8azj4rtk/commons-pool/src/main/resources
[INFO] Copying 2 resources to META-INF
[INFO] 
[INFO] --- maven-compiler-plugin:3.7.0:compile (default-compile) @ commons-pool2 ---
[INFO] Changes detected - recompiling the module!
[INFO] Compiling 48 source files to /tmp/tmp8azj4rtk/commons-pool/target/classes
[INFO] 
[INFO] --- maven-bundle-plugin:3.5.0:manifest (bundle-manifest) @ commons-pool2 ---
[INFO] 
[INFO] --- animal-sniffer-maven-plugin:1.16:check (checkAPIcompatibility) @ commons-pool2 ---
[INFO] Signature checking is skipped.
[INFO] 
[INFO] --- maven-resources-plugin:3.0.2:testResources (default-testResources) @ commons-pool2 ---
[INFO] Using 'UTF-8' encoding to copy filtered resources.
[INFO] Copying 2 resources
[INFO] Copying 2 resources to META-INF
[INFO] 
[INFO] --- maven-compiler-plugin:3.7.0:testCompile (default-testCompile) @ commons-pool2 ---
[INFO] Changes detected - recompiling the module!
[INFO] Compiling 39 source files to /tmp/tmp8azj4rtk/commons-pool/target/test-classes
[INFO] /tmp/tmp8azj4rtk/commons-pool/src/test/java/org/apache/commons/pool2/proxy/BaseTestProxiedObjectPool.java: Some input files use unchecked or unsafe operations.
[INFO] /tmp/tmp8azj4rtk/commons-pool/src/test/java/org/apache/commons/pool2/proxy/BaseTestProxiedObjectPool.java: Recompile with -Xlint:unchecked for details.
[INFO] 
[INFO] --- maven-surefire-plugin:2.22.0:test (default-test) @ commons-pool2 ---
[INFO] Surefire report directory: /tmp/tmp8azj4rtk/commons-pool/target/surefire-reports
[INFO] 
[INFO] -------------------------------------------------------
[INFO]  T E S T S
[INFO] -------------------------------------------------------
[INFO] Running org.apache.commons.pool2.TestBaseObjectPool
[INFO] Tests run: 17, Failures: 0, Errors: 0, Skipped: 0, Time elapsed: 0.024 s - in org.apache.commons.pool2.TestBaseObjectPool
[INFO] Running org.apache.commons.pool2.impl.TestEvictionTimer
[INFO] Tests run: 1, Failures: 0, Errors: 0, Skipped: 0, Time elapsed: 0.025 s - in org.apache.commons.pool2.impl.TestEvictionTimer
[INFO] Running org.apache.commons.pool2.impl.TestEvictionConfig
[INFO] Tests run: 1, Failures: 0, Errors: 0, Skipped: 0, Time elapsed: 0 s - in org.apache.commons.pool2.impl.TestEvictionConfig
[INFO] Running org.apache.commons.pool2.impl.TestLinkedBlockingDeque
[INFO] Tests run: 40, Failures: 0, Errors: 0, Skipped: 0, Time elapsed: 0.391 s - in org.apache.commons.pool2.impl.TestLinkedBlockingDeque
[INFO] Running org.apache.commons.pool2.impl.TestDefaultPooledObjectInfo
[INFO] Tests run: 4, Failures: 0, Errors: 0, Skipped: 0, Time elapsed: 0.313 s - in org.apache.commons.pool2.impl.TestDefaultPooledObjectInfo
[INFO] Running org.apache.commons.pool2.impl.TestGenericObjectPoolClassLoaders
[INFO] Tests run: 1, Failures: 0, Errors: 0, Skipped: 0, Time elapsed: 0.401 s - in org.apache.commons.pool2.impl.TestGenericObjectPoolClassLoaders
[INFO] Running org.apache.commons.pool2.impl.TestAbandonedObjectPool
[INFO] Tests run: 6, Failures: 0, Errors: 0, Skipped: 0, Time elapsed: 10.873 s - in org.apache.commons.pool2.impl.TestAbandonedObjectPool
[INFO] Running org.apache.commons.pool2.impl.TestGenericObjectPool
[INFO] Tests run: 81, Failures: 0, Errors: 0, Skipped: 0, Time elapsed: 75.624 s - in org.apache.commons.pool2.impl.TestGenericObjectPool
[INFO] Running org.apache.commons.pool2.impl.TestPoolImplUtils
[INFO] Tests run: 2, Failures: 0, Errors: 0, Skipped: 0, Time elapsed: 0 s - in org.apache.commons.pool2.impl.TestPoolImplUtils
[INFO] Running org.apache.commons.pool2.impl.TestSoftReferenceObjectPool
[INFO] Tests run: 17, Failures: 0, Errors: 0, Skipped: 0, Time elapsed: 0.25 s - in org.apache.commons.pool2.impl.TestSoftReferenceObjectPool
[INFO] Running org.apache.commons.pool2.impl.TestGenericKeyedObjectPool
[INFO] Tests run: 63, Failures: 0, Errors: 0, Skipped: 0, Time elapsed: 163.113 s - in org.apache.commons.pool2.impl.TestGenericKeyedObjectPool
[INFO] Running org.apache.commons.pool2.impl.TestDefaultPooledObject
[INFO] Tests run: 1, Failures: 0, Errors: 0, Skipped: 0, Time elapsed: 3.443 s - in org.apache.commons.pool2.impl.TestDefaultPooledObject
[INFO] Running org.apache.commons.pool2.impl.TestBaseGenericObjectPool
[INFO] Tests run: 2, Failures: 0, Errors: 0, Skipped: 0, Time elapsed: 0.001 s - in org.apache.commons.pool2.impl.TestBaseGenericObjectPool
[INFO] Running org.apache.commons.pool2.impl.TestPooledSoftReference
[INFO] Tests run: 2, Failures: 0, Errors: 0, Skipped: 0, Time elapsed: 0 s - in org.apache.commons.pool2.impl.TestPooledSoftReference
[INFO] Running org.apache.commons.pool2.TestBaseKeyedPoolableObjectFactory
[INFO] Tests run: 1, Failures: 0, Errors: 0, Skipped: 0, Time elapsed: 0.001 s - in org.apache.commons.pool2.TestBaseKeyedPoolableObjectFactory
[INFO] Running org.apache.commons.pool2.proxy.TestProxiedObjectPoolWithCglibProxy
[INFO] Tests run: 6, Failures: 0, Errors: 0, Skipped: 0, Time elapsed: 5.131 s - in org.apache.commons.pool2.proxy.TestProxiedObjectPoolWithCglibProxy
[INFO] Running org.apache.commons.pool2.proxy.TestProxiedObjectPoolWithJdkProxy
[INFO] Tests run: 6, Failures: 0, Errors: 0, Skipped: 0, Time elapsed: 5.01 s - in org.apache.commons.pool2.proxy.TestProxiedObjectPoolWithJdkProxy
[INFO] Running org.apache.commons.pool2.proxy.TestProxiedKeyedObjectPoolWithCglibProxy
[INFO] Tests run: 5, Failures: 0, Errors: 0, Skipped: 0, Time elapsed: 0.013 s - in org.apache.commons.pool2.proxy.TestProxiedKeyedObjectPoolWithCglibProxy
[INFO] Running org.apache.commons.pool2.proxy.TestProxiedKeyedObjectPoolWithJdkProxy
[INFO] Tests run: 5, Failures: 0, Errors: 0, Skipped: 0, Time elapsed: 0.003 s - in org.apache.commons.pool2.proxy.TestProxiedKeyedObjectPoolWithJdkProxy
[INFO] Running org.apache.commons.pool2.TestBasePoolableObjectFactory
[INFO] Tests run: 1, Failures: 0, Errors: 0, Skipped: 0, Time elapsed: 0.001 s - in org.apache.commons.pool2.TestBasePoolableObjectFactory
[INFO] Running org.apache.commons.pool2.TestPoolUtils
[INFO] Tests run: 19, Failures: 0, Errors: 0, Skipped: 0, Time elapsed: 35.319 s - in org.apache.commons.pool2.TestPoolUtils
[INFO] 
[INFO] Results:
[INFO] 
[INFO] Tests run: 281, Failures: 0, Errors: 0, Skipped: 0
[INFO] 
[INFO] 
[INFO] --- maven-jar-plugin:3.1.0:jar (default-jar) @ commons-pool2 ---
[INFO] Building jar: /tmp/tmp8azj4rtk/commons-pool/target/commons-pool2-2.6.0.jar
[INFO] 
[INFO] --- maven-assembly-plugin:3.2.0:single (default) @ commons-pool2 ---
[INFO] Reading assembly descriptor: src/assembly/src.xml
[INFO] ------------------------------------------------------------------------
[INFO] BUILD FAILURE
[INFO] ------------------------------------------------------------------------
[INFO] Total time:  05:11 min
[INFO] Finished at: 2020-08-03T09:58:39Z
[INFO] ------------------------------------------------------------------------
[ERROR] Failed to execute goal org.apache.maven.plugins:maven-assembly-plugin:3.2.0:single (default) on project commons-pool2: Error reading assemblies: Error locating assembly descriptor: src/assembly/src.xml
[ERROR] 
[ERROR] [1] [INFO] Searching for file location: /tmp/tmp8azj4rtk/commons-pool/src/assembly/src.xml
[ERROR] 
[ERROR] [2] [INFO] File: /tmp/tmp8azj4rtk/commons-pool/src/assembly/src.xml does not exist.
[ERROR] 
[ERROR] [3] [INFO] File: /tmp/tmp8azj4rtk/commons-pool/src/assembly/src.xml does not exist.
[ERROR] -> [Help 1]
org.apache.maven.lifecycle.LifecycleExecutionException: Failed to execute goal org.apache.maven.plugins:maven-assembly-plugin:3.2.0:single (default) on project commons-pool2: Error reading assemblies: Error locating assembly descriptor: src/assembly/src.xml

[1] [INFO] Searching for file location: /tmp/tmp8azj4rtk/commons-pool/src/assembly/src.xml

[2] [INFO] File: /tmp/tmp8azj4rtk/commons-pool/src/assembly/src.xml does not exist.

[3] [INFO] File: /tmp/tmp8azj4rtk/commons-pool/src/assembly/src.xml does not exist.
    at org.apache.maven.lifecycle.internal.MojoExecutor.execute (MojoExecutor.java:215)
    at org.apache.maven.lifecycle.internal.MojoExecutor.execute (MojoExecutor.java:156)
    at org.apache.maven.lifecycle.internal.MojoExecutor.execute (MojoExecutor.java:148)
    at org.apache.maven.lifecycle.internal.LifecycleModuleBuilder.buildProject (LifecycleModuleBuilder.java:117)
    at org.apache.maven.lifecycle.internal.LifecycleModuleBuilder.buildProject (LifecycleModuleBuilder.java:81)
    at org.apache.maven.lifecycle.internal.builder.singlethreaded.SingleThreadedBuilder.build (SingleThreadedBuilder.java:56)
    at org.apache.maven.lifecycle.internal.LifecycleStarter.execute (LifecycleStarter.java:128)
    at org.apache.maven.DefaultMaven.doExecute (DefaultMaven.java:305)
    at org.apache.maven.DefaultMaven.doExecute (DefaultMaven.java:192)
    at org.apache.maven.DefaultMaven.execute (DefaultMaven.java:105)
    at org.apache.maven.cli.MavenCli.execute (MavenCli.java:957)
    at org.apache.maven.cli.MavenCli.doMain (MavenCli.java:289)
    at org.apache.maven.cli.MavenCli.main (MavenCli.java:193)
    at sun.reflect.NativeMethodAccessorImpl.invoke0 (Native Method)
    at sun.reflect.NativeMethodAccessorImpl.invoke (NativeMethodAccessorImpl.java:62)
    at sun.reflect.DelegatingMethodAccessorImpl.invoke (DelegatingMethodAccessorImpl.java:43)
    at java.lang.reflect.Method.invoke (Method.java:498)
    at org.codehaus.plexus.classworlds.launcher.Launcher.launchEnhanced (Launcher.java:282)
    at org.codehaus.plexus.classworlds.launcher.Launcher.launch (Launcher.java:225)
    at org.codehaus.plexus.classworlds.launcher.Launcher.mainWithExitCode (Launcher.java:406)
    at org.codehaus.plexus.classworlds.launcher.Launcher.main (Launcher.java:347)
Caused by: org.apache.maven.plugin.MojoExecutionException: Error reading assemblies: Error locating assembly descriptor: src/assembly/src.xml

[1] [INFO] Searching for file location: /tmp/tmp8azj4rtk/commons-pool/src/assembly/src.xml

[2] [INFO] File: /tmp/tmp8azj4rtk/commons-pool/src/assembly/src.xml does not exist.

[3] [INFO] File: /tmp/tmp8azj4rtk/commons-pool/src/assembly/src.xml does not exist.
    at org.apache.maven.plugins.assembly.mojos.AbstractAssemblyMojo.execute (AbstractAssemblyMojo.java:454)
    at org.apache.maven.plugins.assembly.mojos.SingleAssemblyMojo.execute (SingleAssemblyMojo.java:61)
    at org.apache.maven.plugin.DefaultBuildPluginManager.executeMojo (DefaultBuildPluginManager.java:137)
    at org.apache.maven.lifecycle.internal.MojoExecutor.execute (MojoExecutor.java:210)
    at org.apache.maven.lifecycle.internal.MojoExecutor.execute (MojoExecutor.java:156)
    at org.apache.maven.lifecycle.internal.MojoExecutor.execute (MojoExecutor.java:148)
    at org.apache.maven.lifecycle.internal.LifecycleModuleBuilder.buildProject (LifecycleModuleBuilder.java:117)
    at org.apache.maven.lifecycle.internal.LifecycleModuleBuilder.buildProject (LifecycleModuleBuilder.java:81)
    at org.apache.maven.lifecycle.internal.builder.singlethreaded.SingleThreadedBuilder.build (SingleThreadedBuilder.java:56)
    at org.apache.maven.lifecycle.internal.LifecycleStarter.execute (LifecycleStarter.java:128)
    at org.apache.maven.DefaultMaven.doExecute (DefaultMaven.java:305)
    at org.apache.maven.DefaultMaven.doExecute (DefaultMaven.java:192)
    at org.apache.maven.DefaultMaven.execute (DefaultMaven.java:105)
    at org.apache.maven.cli.MavenCli.execute (MavenCli.java:957)
    at org.apache.maven.cli.MavenCli.doMain (MavenCli.java:289)
    at org.apache.maven.cli.MavenCli.main (MavenCli.java:193)
    at sun.reflect.NativeMethodAccessorImpl.invoke0 (Native Method)
    at sun.reflect.NativeMethodAccessorImpl.invoke (NativeMethodAccessorImpl.java:62)
    at sun.reflect.DelegatingMethodAccessorImpl.invoke (DelegatingMethodAccessorImpl.java:43)
    at java.lang.reflect.Method.invoke (Method.java:498)
    at org.codehaus.plexus.classworlds.launcher.Launcher.launchEnhanced (Launcher.java:282)
    at org.codehaus.plexus.classworlds.launcher.Launcher.launch (Launcher.java:225)
    at org.codehaus.plexus.classworlds.launcher.Launcher.mainWithExitCode (Launcher.java:406)
    at org.codehaus.plexus.classworlds.launcher.Launcher.main (Launcher.java:347)
Caused by: org.apache.maven.plugins.assembly.io.AssemblyReadException: Error locating assembly descriptor: src/assembly/src.xml

[1] [INFO] Searching for file location: /tmp/tmp8azj4rtk/commons-pool/src/assembly/src.xml

[2] [INFO] File: /tmp/tmp8azj4rtk/commons-pool/src/assembly/src.xml does not exist.

[3] [INFO] File: /tmp/tmp8azj4rtk/commons-pool/src/assembly/src.xml does not exist.
    at org.apache.maven.plugins.assembly.io.DefaultAssemblyReader.addAssemblyFromDescriptor (DefaultAssemblyReader.java:294)
    at org.apache.maven.plugins.assembly.io.DefaultAssemblyReader.readAssemblies (DefaultAssemblyReader.java:116)
    at org.apache.maven.plugins.assembly.mojos.AbstractAssemblyMojo.execute (AbstractAssemblyMojo.java:450)
    at org.apache.maven.plugins.assembly.mojos.SingleAssemblyMojo.execute (SingleAssemblyMojo.java:61)
    at org.apache.maven.plugin.DefaultBuildPluginManager.executeMojo (DefaultBuildPluginManager.java:137)
    at org.apache.maven.lifecycle.internal.MojoExecutor.execute (MojoExecutor.java:210)
    at org.apache.maven.lifecycle.internal.MojoExecutor.execute (MojoExecutor.java:156)
    at org.apache.maven.lifecycle.internal.MojoExecutor.execute (MojoExecutor.java:148)
    at org.apache.maven.lifecycle.internal.LifecycleModuleBuilder.buildProject (LifecycleModuleBuilder.java:117)
    at org.apache.maven.lifecycle.internal.LifecycleModuleBuilder.buildProject (LifecycleModuleBuilder.java:81)
    at org.apache.maven.lifecycle.internal.builder.singlethreaded.SingleThreadedBuilder.build (SingleThreadedBuilder.java:56)
    at org.apache.maven.lifecycle.internal.LifecycleStarter.execute (LifecycleStarter.java:128)
    at org.apache.maven.DefaultMaven.doExecute (DefaultMaven.java:305)
    at org.apache.maven.DefaultMaven.doExecute (DefaultMaven.java:192)
    at org.apache.maven.DefaultMaven.execute (DefaultMaven.java:105)
    at org.apache.maven.cli.MavenCli.execute (MavenCli.java:957)
    at org.apache.maven.cli.MavenCli.doMain (MavenCli.java:289)
    at org.apache.maven.cli.MavenCli.main (MavenCli.java:193)
    at sun.reflect.NativeMethodAccessorImpl.invoke0 (Native Method)
    at sun.reflect.NativeMethodAccessorImpl.invoke (NativeMethodAccessorImpl.java:62)
    at sun.reflect.DelegatingMethodAccessorImpl.invoke (DelegatingMethodAccessorImpl.java:43)
    at java.lang.reflect.Method.invoke (Method.java:498)
    at org.codehaus.plexus.classworlds.launcher.Launcher.launchEnhanced (Launcher.java:282)
    at org.codehaus.plexus.classworlds.launcher.Launcher.launch (Launcher.java:225)
    at org.codehaus.plexus.classworlds.launcher.Launcher.mainWithExitCode (Launcher.java:406)
    at org.codehaus.plexus.classworlds.launcher.Launcher.main (Launcher.java:347)
[ERROR] 
[ERROR] Re-run Maven using the -X switch to enable full debug logging.
[ERROR] 
[ERROR] For more information about the errors and possible solutions, please read the following articles:
[ERROR] [Help 1] http://cwiki.apache.org/confluence/display/MAVEN/MojoExecutionException
[INFO] Build failures were ignored.
