[INFO] Error stacktraces are turned on.
[INFO] Scanning for projects...
[INFO] Inspecting build with total of 1 modules...
[INFO] Installing Nexus Staging features:
[INFO]   ... total of 1 executions of maven-deploy-plugin replaced with nexus-staging-maven-plugin
[INFO] 
[INFO] -------------------------< io.theves:denon4j >--------------------------
[INFO] Building Denon4j 0.9-SNAPSHOT
[INFO] --------------------------------[ jar ]---------------------------------
[INFO] 
[INFO] --- jacoco-maven-plugin:0.8.5:prepare-agent (default) @ denon4j ---
[INFO] argLine set to -javaagent:/home/jdbl/.m2/repository/org/jacoco/org.jacoco.agent/0.8.5/org.jacoco.agent-0.8.5-runtime.jar=destfile=/tmp/tmpq14o9y0z/denon4j/target/jacoco.exec
[INFO] 
[INFO] --- maven-resources-plugin:2.7:resources (default-resources) @ denon4j ---
[INFO] Using 'UTF-8' encoding to copy filtered resources.
[INFO] Copying 1 resource
[INFO] 
[INFO] --- maven-compiler-plugin:3.2:compile (default-compile) @ denon4j ---
[INFO] Changes detected - recompiling the module!
[INFO] Compiling 36 source files to /tmp/tmpq14o9y0z/denon4j/target/classes
[INFO] 
[INFO] --- maven-resources-plugin:2.7:testResources (default-testResources) @ denon4j ---
[INFO] Using 'UTF-8' encoding to copy filtered resources.
[INFO] Copying 1 resource
[INFO] 
[INFO] --- maven-compiler-plugin:3.2:testCompile (default-testCompile) @ denon4j ---
[INFO] Changes detected - recompiling the module!
[INFO] Compiling 5 source files to /tmp/tmpq14o9y0z/denon4j/target/test-classes
[INFO] 
[INFO] --- maven-surefire-plugin:2.19.1:test (default-test) @ denon4j ---
[INFO] Surefire report directory: /tmp/tmpq14o9y0z/denon4j/target/surefire-reports

-------------------------------------------------------
 T E S T S
-------------------------------------------------------
Running io.theves.denon4j.AutoDiscoveryTest
Duration: PT0.001S
Tests run: 1, Failures: 0, Errors: 0, Skipped: 0, Time elapsed: 0.163 sec - in io.theves.denon4j.AutoDiscoveryTest
Running io.theves.denon4j.ControlsTest
Tests run: 6, Failures: 0, Errors: 0, Skipped: 0, Time elapsed: 0.504 sec - in io.theves.denon4j.ControlsTest
Running io.theves.denon4j.NSCommandsTest
Tests run: 2, Failures: 0, Errors: 0, Skipped: 0, Time elapsed: 0 sec - in io.theves.denon4j.NSCommandsTest
Running io.theves.denon4j.internal.net.EventParsingTest
Tests run: 1, Failures: 0, Errors: 0, Skipped: 0, Time elapsed: 0.002 sec - in io.theves.denon4j.internal.net.EventParsingTest

Results :

Tests run: 10, Failures: 0, Errors: 0, Skipped: 0

[INFO] 
[INFO] --- jacoco-maven-plugin:0.8.5:report (report) @ denon4j ---
[INFO] Loading execution data file /tmp/tmpq14o9y0z/denon4j/target/jacoco.exec
[INFO] Analyzed bundle 'Denon4j' with 1000 classes
[INFO] ------------------------------------------------------------------------
[INFO] BUILD SUCCESS
[INFO] ------------------------------------------------------------------------
[INFO] Total time:  22.609 s
[INFO] Finished at: 2020-07-31T08:39:51Z
[INFO] ------------------------------------------------------------------------
