[INFO] Error stacktraces are turned on.
[INFO] Scanning for projects...
[INFO] Inspecting build with total of 1 modules...
[INFO] Installing Nexus Staging features:
[INFO]   ... total of 1 executions of maven-deploy-plugin replaced with nexus-staging-maven-plugin
[INFO] 
[INFO] -------------------< com.nitorcreations:java8utils >--------------------
[INFO] Building java8-utils 1.0.2-SNAPSHOT
[INFO] --------------------------------[ jar ]---------------------------------
[INFO] 
[INFO] --- jacoco-maven-plugin:0.8.5:prepare-agent (default) @ java8utils ---
[INFO] argLine set to -javaagent:/home/jdbl/.m2/repository/org/jacoco/org.jacoco.agent/0.8.5/org.jacoco.agent-0.8.5-runtime.jar=destfile=/tmp/tmp0oaiurj3/java8-utils/target/jacoco.exec
[INFO] 
[INFO] --- maven-resources-plugin:2.6:resources (default-resources) @ java8utils ---
[INFO] Using 'UTF-8' encoding to copy filtered resources.
[INFO] skip non existing resourceDirectory /tmp/tmp0oaiurj3/java8-utils/src/main/resources
[INFO] 
[INFO] --- maven-compiler-plugin:3.1:compile (default-compile) @ java8utils ---
[INFO] Changes detected - recompiling the module!
[INFO] Compiling 11 source files to /tmp/tmp0oaiurj3/java8-utils/target/classes
[WARNING] /tmp/tmp0oaiurj3/java8-utils/src/main/java/com/nitorcreations/collections/NMaps.java: /tmp/tmp0oaiurj3/java8-utils/src/main/java/com/nitorcreations/collections/NMaps.java uses unchecked or unsafe operations.
[WARNING] /tmp/tmp0oaiurj3/java8-utils/src/main/java/com/nitorcreations/collections/NMaps.java: Recompile with -Xlint:unchecked for details.
[INFO] 
[INFO] --- maven-resources-plugin:2.6:testResources (default-testResources) @ java8utils ---
[INFO] Using 'UTF-8' encoding to copy filtered resources.
[INFO] skip non existing resourceDirectory /tmp/tmp0oaiurj3/java8-utils/src/test/resources
[INFO] 
[INFO] --- maven-compiler-plugin:3.1:testCompile (default-testCompile) @ java8utils ---
[INFO] Changes detected - recompiling the module!
[INFO] Compiling 15 source files to /tmp/tmp0oaiurj3/java8-utils/target/test-classes
[WARNING] /tmp/tmp0oaiurj3/java8-utils/src/test/java/com/nitorcreations/collections/NMapsTest.java: /tmp/tmp0oaiurj3/java8-utils/src/test/java/com/nitorcreations/collections/NMapsTest.java uses unchecked or unsafe operations.
[WARNING] /tmp/tmp0oaiurj3/java8-utils/src/test/java/com/nitorcreations/collections/NMapsTest.java: Recompile with -Xlint:unchecked for details.
[INFO] 
[INFO] --- maven-surefire-plugin:2.19.1:test (default-test) @ java8utils ---
[INFO] Surefire report directory: /tmp/tmp0oaiurj3/java8-utils/target/surefire-reports

-------------------------------------------------------
 T E S T S
-------------------------------------------------------
Running com.nitorcreations.streams.NExtractorsTest
Tests run: 9, Failures: 0, Errors: 0, Skipped: 0, Time elapsed: 0.224 sec - in com.nitorcreations.streams.NExtractorsTest
Running com.nitorcreations.streams.NCollectorsTest
Tests run: 6, Failures: 0, Errors: 0, Skipped: 0, Time elapsed: 0.001 sec - in com.nitorcreations.streams.NCollectorsTest
Running com.nitorcreations.streams.NMappersTest
Tests run: 5, Failures: 0, Errors: 0, Skipped: 0, Time elapsed: 0 sec - in com.nitorcreations.streams.NMappersTest
Running com.nitorcreations.streams.NStreamsTest
Tests run: 11, Failures: 0, Errors: 0, Skipped: 0, Time elapsed: 0 sec - in com.nitorcreations.streams.NStreamsTest
Running com.nitorcreations.predicates.NComparablePredicatesTest
Tests run: 5, Failures: 0, Errors: 0, Skipped: 0, Time elapsed: 0.004 sec - in com.nitorcreations.predicates.NComparablePredicatesTest
Running com.nitorcreations.predicates.NCollectionPredicatesTest
Tests run: 9, Failures: 0, Errors: 0, Skipped: 0, Time elapsed: 0 sec - in com.nitorcreations.predicates.NCollectionPredicatesTest
Running com.nitorcreations.predicates.NPredicatesTest
Tests run: 15, Failures: 0, Errors: 0, Skipped: 0, Time elapsed: 0.002 sec - in com.nitorcreations.predicates.NPredicatesTest
Running com.nitorcreations.predicates.NOptionalPredicatesTest
Tests run: 7, Failures: 0, Errors: 0, Skipped: 0, Time elapsed: 0.001 sec - in com.nitorcreations.predicates.NOptionalPredicatesTest
Running com.nitorcreations.predicates.NStringPredicatesTest
Tests run: 12, Failures: 0, Errors: 0, Skipped: 0, Time elapsed: 0 sec - in com.nitorcreations.predicates.NStringPredicatesTest
Running com.nitorcreations.collections.NMapsTest
Tests run: 27, Failures: 0, Errors: 0, Skipped: 0, Time elapsed: 0.013 sec - in com.nitorcreations.collections.NMapsTest
Running com.nitorcreations.collections.NSetsTest
Tests run: 5, Failures: 0, Errors: 0, Skipped: 0, Time elapsed: 0 sec - in com.nitorcreations.collections.NSetsTest

Results :

Tests run: 111, Failures: 0, Errors: 0, Skipped: 0

[INFO] 
[INFO] --- jacoco-maven-plugin:0.8.5:report (report) @ java8utils ---
[INFO] Loading execution data file /tmp/tmp0oaiurj3/java8-utils/target/jacoco.exec
[INFO] Analyzed bundle 'java8-utils' with 768 classes
[INFO] ------------------------------------------------------------------------
[INFO] BUILD SUCCESS
[INFO] ------------------------------------------------------------------------
[INFO] Total time:  7.136 s
[INFO] Finished at: 2020-07-31T07:53:57Z
[INFO] ------------------------------------------------------------------------
