[INFO] Error stacktraces are turned on.
[INFO] Scanning for projects...
[INFO] 
[INFO] -----------------< io.vertx:vertx-micrometer-metrics >------------------
[INFO] Building Vert.x metrics implementation for Micrometer.io 4.0.0-SNAPSHOT
[INFO] --------------------------------[ jar ]---------------------------------
[INFO] 
[INFO] --- maven-enforcer-plugin:1.0:enforce (enforce-maven) @ vertx-micrometer-metrics ---
[INFO] 
[INFO] --- jacoco-maven-plugin:0.8.5:prepare-agent (default) @ vertx-micrometer-metrics ---
[INFO] argLine set to -javaagent:/home/jdbl/.m2/repository/org/jacoco/org.jacoco.agent/0.8.5/org.jacoco.agent-0.8.5-runtime.jar=destfile=/tmp/tmpmqmdp_w_/vertx-micrometer-metrics/target/jacoco.exec
[INFO] 
[INFO] --- maven-processor-plugin:3.2.0:process (generate-sources) @ vertx-micrometer-metrics ---
WARNING: io.vertx.codegen.CodeGen - Processed element io.vertx.micrometer.impl.Labels is in an implementation package 
WARNING: io.vertx.codegen.CodeGen - Processed element io.vertx.micrometer.impl.VertxEventBusMetrics is in an implementation package 
WARNING: io.vertx.codegen.CodeGen - Processed element io.vertx.micrometer.impl.VertxVerticleMetrics is in an implementation package 
WARNING: io.vertx.codegen.CodeGen - Processed element io.vertx.micrometer.impl.VertxNetClientMetrics is in an implementation package 
WARNING: io.vertx.codegen.CodeGen - Processed element io.vertx.micrometer.impl.VertxMetricsImpl is in an implementation package 
WARNING: io.vertx.codegen.CodeGen - Processed element io.vertx.micrometer.impl.VertxPoolMetrics is in an implementation package 
WARNING: io.vertx.codegen.CodeGen - Processed element io.vertx.micrometer.impl.PrometheusScrapingHandlerImpl is in an implementation package 
WARNING: io.vertx.codegen.CodeGen - Processed element io.vertx.micrometer.impl.VertxHttpServerMetrics is in an implementation package 
WARNING: io.vertx.codegen.CodeGen - Processed element io.vertx.micrometer.impl.VertxDatagramSocketMetrics is in an implementation package 
WARNING: io.vertx.codegen.CodeGen - Processed element io.vertx.micrometer.impl.VertxMetricsFactoryImpl is in an implementation package 
WARNING: io.vertx.codegen.CodeGen - Processed element io.vertx.micrometer.impl.MicrometerMetrics is in an implementation package 
WARNING: io.vertx.codegen.CodeGen - Processed element io.vertx.micrometer.impl.AbstractMetrics is in an implementation package 
WARNING: io.vertx.codegen.CodeGen - Processed element io.vertx.micrometer.impl.VertxNetServerMetrics is in an implementation package 
WARNING: io.vertx.codegen.CodeGen - Processed element io.vertx.micrometer.impl.MetricsServiceImpl is in an implementation package 
WARNING: io.vertx.codegen.CodeGen - Processed element io.vertx.micrometer.impl.VertxHttpClientMetrics is in an implementation package 
WARNING: io.vertx.codegen.CodeGen - Processed element io.vertx.micrometer.impl.meters.Gauges is in an implementation package 
WARNING: io.vertx.codegen.CodeGen - Processed element io.vertx.micrometer.impl.meters.Timers is in an implementation package 
WARNING: io.vertx.codegen.CodeGen - Processed element io.vertx.micrometer.impl.meters.Summaries is in an implementation package 
WARNING: io.vertx.codegen.CodeGen - Processed element io.vertx.micrometer.impl.meters.Counters is in an implementation package 
[INFO] diagnostic: Note: Loaded cheatsheet code generator
[INFO] diagnostic: Note: Loaded cheatsheet code generator
[INFO] diagnostic: Note: Loaded data_object_converters code generator
unhandled type io.vertx.core.spi.VertxMetricsFactory
unhandled type io.vertx.micrometer.VertxInfluxDbOptions
unhandled type io.vertx.micrometer.VertxJmxMetricsOptions
unhandled type io.vertx.micrometer.Match
unhandled type io.vertx.micrometer.Match
unhandled type io.micrometer.core.instrument.MeterRegistry
unhandled type io.vertx.micrometer.VertxPrometheusOptions
unhandled type io.vertx.core.http.HttpServerOptions
[INFO] diagnostic: Note: Generated model io.vertx.micrometer.MicrometerMetricsOptions: generated/io/vertx/micrometer/MicrometerMetricsOptionsConverter.java
[INFO] diagnostic: Note: Generated model io.vertx.micrometer.Match: asciidoc/dataobjects.adoc
[INFO] diagnostic: Note: Generated model io.vertx.micrometer.VertxJmxMetricsOptions: generated/io/vertx/micrometer/VertxJmxMetricsOptionsConverter.java
[INFO] diagnostic: Note: Generated model io.vertx.micrometer.VertxInfluxDbOptions: generated/io/vertx/micrometer/VertxInfluxDbOptionsConverter.java
[INFO] diagnostic: Note: Generated model io.vertx.micrometer.Label: asciidoc/enums.adoc
[INFO] diagnostic: Note: Generated model io.vertx.micrometer.VertxPrometheusOptions: generated/io/vertx/micrometer/VertxPrometheusOptionsConverter.java
[WARNING] diagnostic: warning: Unclosed files for the types '[PathForCodeGenProcessor]'; these types will not undergo annotation processing
[WARNING] diagnostic: warning: The following options were not recognized by any processor: '[maven.artifactId, maven.version, codegen.output.data_object_converters, maven.groupId]'
[INFO] 
[INFO] --- build-helper-maven-plugin:3.0.0:add-source (add-source) @ vertx-micrometer-metrics ---
[INFO] Source directory: /tmp/tmpmqmdp_w_/vertx-micrometer-metrics/src/main/generated added.
[INFO] 
[INFO] --- maven-resources-plugin:2.7:resources (default-resources) @ vertx-micrometer-metrics ---
[INFO] Using 'UTF-8' encoding to copy filtered resources.
[INFO] Copying 2 resources
[INFO] 
[INFO] --- maven-compiler-plugin:3.7.0:compile (default-compile) @ vertx-micrometer-metrics ---
[INFO] Changes detected - recompiling the module!
[INFO] Compiling 41 source files to /tmp/tmpmqmdp_w_/vertx-micrometer-metrics/target/classes
[INFO] /tmp/tmpmqmdp_w_/vertx-micrometer-metrics/src/main/java/io/vertx/micrometer/VertxInfluxDbOptions.java: Some input files use or override a deprecated API.
[INFO] /tmp/tmpmqmdp_w_/vertx-micrometer-metrics/src/main/java/io/vertx/micrometer/VertxInfluxDbOptions.java: Recompile with -Xlint:deprecation for details.
[INFO] /tmp/tmpmqmdp_w_/vertx-micrometer-metrics/src/main/generated/io/vertx/micrometer/MicrometerMetricsOptionsConverter.java: Some input files use unchecked or unsafe operations.
[INFO] /tmp/tmpmqmdp_w_/vertx-micrometer-metrics/src/main/generated/io/vertx/micrometer/MicrometerMetricsOptionsConverter.java: Recompile with -Xlint:unchecked for details.
[INFO] -------------------------------------------------------------
[ERROR] COMPILATION ERROR : 
[INFO] -------------------------------------------------------------
[ERROR] /tmp/tmpmqmdp_w_/vertx-micrometer-metrics/src/main/java/io/vertx/micrometer/impl/VertxHttpClientMetrics.java:[64,80] createEndpointMetrics(io.vertx.core.net.SocketAddress,int) in io.vertx.micrometer.impl.VertxHttpClientMetrics.Instance cannot implement createEndpointMetrics(io.vertx.core.net.SocketAddress,int) in io.vertx.core.spi.metrics.HttpClientMetrics
  return type io.vertx.core.spi.metrics.ClientMetrics<io.vertx.micrometer.impl.VertxHttpClientMetrics.Handler,java.lang.Void,io.vertx.core.http.HttpClientRequest,io.vertx.core.http.HttpClientResponse> is not compatible with io.vertx.core.spi.metrics.ClientMetrics<io.vertx.micrometer.impl.VertxHttpClientMetrics.Handler,java.lang.Void,io.vertx.core.spi.observability.HttpRequest,io.vertx.core.spi.observability.HttpResponse>
[ERROR] /tmp/tmpmqmdp_w_/vertx-micrometer-metrics/src/main/java/io/vertx/micrometer/impl/VertxHttpClientMetrics.java:[63,5] method does not override or implement a method from a supertype
[ERROR] /tmp/tmpmqmdp_w_/vertx-micrometer-metrics/src/main/java/io/vertx/micrometer/impl/VertxHttpClientMetrics.java:[79,9] method does not override or implement a method from a supertype
[INFO] 3 errors 
[INFO] -------------------------------------------------------------
[INFO] ------------------------------------------------------------------------
[INFO] BUILD FAILURE
[INFO] ------------------------------------------------------------------------
[INFO] Total time:  01:14 min
[INFO] Finished at: 2020-08-03T11:03:28Z
[INFO] ------------------------------------------------------------------------
[ERROR] Failed to execute goal org.apache.maven.plugins:maven-compiler-plugin:3.7.0:compile (default-compile) on project vertx-micrometer-metrics: Compilation failure: Compilation failure: 
[ERROR] /tmp/tmpmqmdp_w_/vertx-micrometer-metrics/src/main/java/io/vertx/micrometer/impl/VertxHttpClientMetrics.java:[64,80] createEndpointMetrics(io.vertx.core.net.SocketAddress,int) in io.vertx.micrometer.impl.VertxHttpClientMetrics.Instance cannot implement createEndpointMetrics(io.vertx.core.net.SocketAddress,int) in io.vertx.core.spi.metrics.HttpClientMetrics
[ERROR]   return type io.vertx.core.spi.metrics.ClientMetrics<io.vertx.micrometer.impl.VertxHttpClientMetrics.Handler,java.lang.Void,io.vertx.core.http.HttpClientRequest,io.vertx.core.http.HttpClientResponse> is not compatible with io.vertx.core.spi.metrics.ClientMetrics<io.vertx.micrometer.impl.VertxHttpClientMetrics.Handler,java.lang.Void,io.vertx.core.spi.observability.HttpRequest,io.vertx.core.spi.observability.HttpResponse>
[ERROR] /tmp/tmpmqmdp_w_/vertx-micrometer-metrics/src/main/java/io/vertx/micrometer/impl/VertxHttpClientMetrics.java:[63,5] method does not override or implement a method from a supertype
[ERROR] /tmp/tmpmqmdp_w_/vertx-micrometer-metrics/src/main/java/io/vertx/micrometer/impl/VertxHttpClientMetrics.java:[79,9] method does not override or implement a method from a supertype
[ERROR] -> [Help 1]
org.apache.maven.lifecycle.LifecycleExecutionException: Failed to execute goal org.apache.maven.plugins:maven-compiler-plugin:3.7.0:compile (default-compile) on project vertx-micrometer-metrics: Compilation failure
    at org.apache.maven.lifecycle.internal.MojoExecutor.execute (MojoExecutor.java:215)
    at org.apache.maven.lifecycle.internal.MojoExecutor.execute (MojoExecutor.java:156)
    at org.apache.maven.lifecycle.internal.MojoExecutor.execute (MojoExecutor.java:148)
    at org.apache.maven.lifecycle.internal.LifecycleModuleBuilder.buildProject (LifecycleModuleBuilder.java:117)
    at org.apache.maven.lifecycle.internal.LifecycleModuleBuilder.buildProject (LifecycleModuleBuilder.java:81)
    at org.apache.maven.lifecycle.internal.builder.singlethreaded.SingleThreadedBuilder.build (SingleThreadedBuilder.java:56)
    at org.apache.maven.lifecycle.internal.LifecycleStarter.execute (LifecycleStarter.java:128)
    at org.apache.maven.DefaultMaven.doExecute (DefaultMaven.java:305)
    at org.apache.maven.DefaultMaven.doExecute (DefaultMaven.java:192)
    at org.apache.maven.DefaultMaven.execute (DefaultMaven.java:105)
    at org.apache.maven.cli.MavenCli.execute (MavenCli.java:957)
    at org.apache.maven.cli.MavenCli.doMain (MavenCli.java:289)
    at org.apache.maven.cli.MavenCli.main (MavenCli.java:193)
    at sun.reflect.NativeMethodAccessorImpl.invoke0 (Native Method)
    at sun.reflect.NativeMethodAccessorImpl.invoke (NativeMethodAccessorImpl.java:62)
    at sun.reflect.DelegatingMethodAccessorImpl.invoke (DelegatingMethodAccessorImpl.java:43)
    at java.lang.reflect.Method.invoke (Method.java:498)
    at org.codehaus.plexus.classworlds.launcher.Launcher.launchEnhanced (Launcher.java:282)
    at org.codehaus.plexus.classworlds.launcher.Launcher.launch (Launcher.java:225)
    at org.codehaus.plexus.classworlds.launcher.Launcher.mainWithExitCode (Launcher.java:406)
    at org.codehaus.plexus.classworlds.launcher.Launcher.main (Launcher.java:347)
Caused by: org.apache.maven.plugin.compiler.CompilationFailureException: Compilation failure
    at org.apache.maven.plugin.compiler.AbstractCompilerMojo.execute (AbstractCompilerMojo.java:1161)
    at org.apache.maven.plugin.compiler.CompilerMojo.execute (CompilerMojo.java:168)
    at org.apache.maven.plugin.DefaultBuildPluginManager.executeMojo (DefaultBuildPluginManager.java:137)
    at org.apache.maven.lifecycle.internal.MojoExecutor.execute (MojoExecutor.java:210)
    at org.apache.maven.lifecycle.internal.MojoExecutor.execute (MojoExecutor.java:156)
    at org.apache.maven.lifecycle.internal.MojoExecutor.execute (MojoExecutor.java:148)
    at org.apache.maven.lifecycle.internal.LifecycleModuleBuilder.buildProject (LifecycleModuleBuilder.java:117)
    at org.apache.maven.lifecycle.internal.LifecycleModuleBuilder.buildProject (LifecycleModuleBuilder.java:81)
    at org.apache.maven.lifecycle.internal.builder.singlethreaded.SingleThreadedBuilder.build (SingleThreadedBuilder.java:56)
    at org.apache.maven.lifecycle.internal.LifecycleStarter.execute (LifecycleStarter.java:128)
    at org.apache.maven.DefaultMaven.doExecute (DefaultMaven.java:305)
    at org.apache.maven.DefaultMaven.doExecute (DefaultMaven.java:192)
    at org.apache.maven.DefaultMaven.execute (DefaultMaven.java:105)
    at org.apache.maven.cli.MavenCli.execute (MavenCli.java:957)
    at org.apache.maven.cli.MavenCli.doMain (MavenCli.java:289)
    at org.apache.maven.cli.MavenCli.main (MavenCli.java:193)
    at sun.reflect.NativeMethodAccessorImpl.invoke0 (Native Method)
    at sun.reflect.NativeMethodAccessorImpl.invoke (NativeMethodAccessorImpl.java:62)
    at sun.reflect.DelegatingMethodAccessorImpl.invoke (DelegatingMethodAccessorImpl.java:43)
    at java.lang.reflect.Method.invoke (Method.java:498)
    at org.codehaus.plexus.classworlds.launcher.Launcher.launchEnhanced (Launcher.java:282)
    at org.codehaus.plexus.classworlds.launcher.Launcher.launch (Launcher.java:225)
    at org.codehaus.plexus.classworlds.launcher.Launcher.mainWithExitCode (Launcher.java:406)
    at org.codehaus.plexus.classworlds.launcher.Launcher.main (Launcher.java:347)
[ERROR] 
[ERROR] Re-run Maven using the -X switch to enable full debug logging.
[ERROR] 
[ERROR] For more information about the errors and possible solutions, please read the following articles:
[ERROR] [Help 1] http://cwiki.apache.org/confluence/display/MAVEN/MojoFailureException
[INFO] Build failures were ignored.
