[INFO] Error stacktraces are turned on.
[INFO] Scanning for projects...
[INFO] 
[INFO] ------------------< org.jasig.portlet.map:MapPortlet >------------------
[INFO] Building Maps Portlet 1.0.0-SNAPSHOT
[INFO] --------------------------------[ war ]---------------------------------
[INFO] 
[INFO] --- maven-enforcer-plugin:1.0:enforce (enforce-maven) @ MapPortlet ---
[INFO] 
[INFO] --- maven-enforcer-plugin:1.0:enforce (enforce-versions) @ MapPortlet ---
[INFO] 
[INFO] --- jacoco-maven-plugin:0.8.5:prepare-agent (default) @ MapPortlet ---
[INFO] argLine set to -javaagent:/home/jdbl/.m2/repository/org/jacoco/org.jacoco.agent/0.8.5/org.jacoco.agent-0.8.5-runtime.jar=destfile=/tmp/tmp1t6evtdt/MapPortlet/target/jacoco.exec
[INFO] 
[INFO] --- maven-jaxb2-plugin:0.7.4:generate (default) @ MapPortlet ---
Cannot find CatalogManager.properties
[INFO] 
[INFO] --- maven-resources-plugin:2.6:resources (default-resources) @ MapPortlet ---
[INFO] Using 'UTF-8' encoding to copy filtered resources.
[INFO] Copying 7 resources
[INFO] Copying 0 resource
[INFO] 
[INFO] --- maven-compiler-plugin:2.3.2:compile (default-compile) @ MapPortlet ---
[INFO] Compiling 22 source files to /tmp/tmp1t6evtdt/MapPortlet/target/classes
[INFO] 
[INFO] --- maven-resources-plugin:2.6:testResources (default-testResources) @ MapPortlet ---
[INFO] Using 'UTF-8' encoding to copy filtered resources.
[INFO] Copying 1 resource
[INFO] 
[INFO] --- maven-compiler-plugin:2.3.2:testCompile (default-testCompile) @ MapPortlet ---
[INFO] Compiling 3 source files to /tmp/tmp1t6evtdt/MapPortlet/target/test-classes
[INFO] 
[INFO] --- maven-surefire-plugin:2.19.1:test (default-test) @ MapPortlet ---
[INFO] Surefire report directory: /tmp/tmp1t6evtdt/MapPortlet/target/surefire-reports

-------------------------------------------------------
 T E S T S
-------------------------------------------------------
Running org.jasig.portlet.maps.tools.MapDataTransformerTest
SLF4J: Failed to load class "org.slf4j.impl.StaticLoggerBinder".
SLF4J: Defaulting to no-operation (NOP) logger implementation
SLF4J: See http://www.slf4j.org/codes.html#StaticLoggerBinder for further details.
Tests run: 3, Failures: 0, Errors: 0, Skipped: 0, Time elapsed: 2.101 sec - in org.jasig.portlet.maps.tools.MapDataTransformerTest
Running org.jasig.portlet.maps.dao.RestfulJsonMapDaoImplTest
Tests run: 1, Failures: 0, Errors: 0, Skipped: 0, Time elapsed: 0.468 sec - in org.jasig.portlet.maps.dao.RestfulJsonMapDaoImplTest

Results :

Tests run: 4, Failures: 0, Errors: 0, Skipped: 0

[INFO] 
[INFO] --- jacoco-maven-plugin:0.8.5:report (report) @ MapPortlet ---
[INFO] Loading execution data file /tmp/tmp1t6evtdt/MapPortlet/target/jacoco.exec
[INFO] Analyzed bundle 'Maps Portlet' with 119 classes
[INFO] ------------------------------------------------------------------------
[INFO] BUILD SUCCESS
[INFO] ------------------------------------------------------------------------
[INFO] Total time:  31.647 s
[INFO] Finished at: 2020-07-30T21:21:07Z
[INFO] ------------------------------------------------------------------------
