[INFO] Error stacktraces are turned on.
[INFO] Scanning for projects...
[INFO] 
[INFO] ------------------------< org.mindrot:jbcrypt >-------------------------
[INFO] Building jbcrypt 0.4
[INFO] --------------------------------[ jar ]---------------------------------
[INFO] 
[INFO] --- maven-resources-plugin:2.6:resources (default-resources) @ jbcrypt ---
[INFO] Using 'UTF-8' encoding to copy filtered resources.
[INFO] skip non existing resourceDirectory /tmp/tmprh3qhz9v/jBCrypt/src/main/resources
[INFO] 
[INFO] --- maven-compiler-plugin:3.1:compile (default-compile) @ jbcrypt ---
[INFO] Changes detected - recompiling the module!
[INFO] Compiling 1 source file to /tmp/tmprh3qhz9v/jBCrypt/target/classes
[INFO] 
[INFO] --- maven-resources-plugin:2.6:testResources (default-testResources) @ jbcrypt ---
[INFO] Using 'UTF-8' encoding to copy filtered resources.
[INFO] skip non existing resourceDirectory /tmp/tmprh3qhz9v/jBCrypt/src/test/resources
[INFO] 
[INFO] --- maven-compiler-plugin:3.1:testCompile (default-testCompile) @ jbcrypt ---
[INFO] Changes detected - recompiling the module!
[INFO] Compiling 1 source file to /tmp/tmprh3qhz9v/jBCrypt/target/test-classes
[INFO] 
[INFO] --- maven-surefire-plugin:2.12.4:test (default-test) @ jbcrypt ---
[INFO] Surefire report directory: /tmp/tmprh3qhz9v/jBCrypt/target/surefire-reports

-------------------------------------------------------
 T E S T S
-------------------------------------------------------
Running org.mindrot.TestBCrypt
BCrypt.hashpw(): ....................
BCrypt.checkpw w/ bad passwords: ....................
BCrypt.gensalt(log_rounds): 4:..... 5:..... 6:..... 7:..... 8:..... 9:..... 10:..... 11:..... 12:.....
BCrypt.gensalt(): .....
BCrypt.hashpw w/ international chars: ..
BCrypt.checkpw w/ good passwords: ....................
Tests run: 6, Failures: 0, Errors: 0, Skipped: 0, Time elapsed: 11.215 sec

Results :

Tests run: 6, Failures: 0, Errors: 0, Skipped: 0

[INFO] 
[INFO] --- maven-jar-plugin:2.4:jar (default-jar) @ jbcrypt ---
[INFO] Building jar: /tmp/tmprh3qhz9v/jBCrypt/target/jbcrypt-0.4.jar
[INFO] 
[INFO] --- maven-assembly-plugin:3.2.0:single (default) @ jbcrypt ---
[INFO] Building jar: /tmp/tmprh3qhz9v/jBCrypt/target/jbcrypt-0.4-jar-with-dependencies.jar
[INFO] ------------------------------------------------------------------------
[INFO] BUILD SUCCESS
[INFO] ------------------------------------------------------------------------
[INFO] Total time:  14.387 s
[INFO] Finished at: 2020-07-30T16:46:44Z
[INFO] ------------------------------------------------------------------------
