[INFO] Error stacktraces are turned on.
[INFO] Scanning for projects...
[INFO] 
[INFO] -------------------< parallelai:parallelai.spyglass >-------------------
[INFO] Building Cascading and Scalding wrapper for HBase with advanced features 2.10_0.12.0_5.3.0
[INFO] --------------------------------[ jar ]---------------------------------
[INFO] 
[INFO] --- jacoco-maven-plugin:0.8.5:prepare-agent (default) @ parallelai.spyglass ---
[INFO] argLine set to -javaagent:/home/jdbl/.m2/repository/org/jacoco/org.jacoco.agent/0.8.5/org.jacoco.agent-0.8.5-runtime.jar=destfile=/tmp/tmp4lcslkr3/SpyGlass/target/jacoco.exec
[INFO] 
[INFO] --- maven-resources-plugin:2.6:resources (default-resources) @ parallelai.spyglass ---
[INFO] Using 'UTF-8' encoding to copy filtered resources.
[INFO] Copying 2 resources
[INFO] 
[INFO] --- maven-scala-plugin:2.15.2:compile (default) @ parallelai.spyglass ---
[INFO] Checking for multiple versions of scala
[WARNING]  Expected all dependencies to require Scala version: 2.10.3
[WARNING]  parallelai:parallelai.spyglass:2.10_0.12.0_5.3.0 requires scala version: 2.10.3
[WARNING]  com.twitter:scalding-core_2.10:0.12.0 requires scala version: 2.10.4
[WARNING] Multiple versions of scala libraries detected!
[INFO] includes = [**/*.java,**/*.scala,]
[INFO] excludes = []
[INFO] /tmp/tmp4lcslkr3/SpyGlass/src/main/java:-1: info: compiling
[INFO] /tmp/tmp4lcslkr3/SpyGlass/src/main/scala:-1: info: compiling
[INFO] Compiling 47 source files to /tmp/tmp4lcslkr3/SpyGlass/target/classes at 1596140242034
[WARNING] warning: there were 3 deprecation warning(s); re-run with -deprecation for details
[WARNING] warning: there were 6 feature warning(s); re-run with -feature for details
[WARNING] two warnings found
[INFO] prepare-compile in 0 s
[INFO] compile in 24 s
[INFO] 
[INFO] --- maven-compiler-plugin:3.0:compile (default-compile) @ parallelai.spyglass ---
[INFO] Changes detected - recompiling the module!
[INFO] Compiling 30 source files to /tmp/tmp4lcslkr3/SpyGlass/target/classes
[WARNING] /tmp/tmp4lcslkr3/SpyGlass/src/main/java/parallelai/spyglass/hbase/HBaseRawScheme.java: Some input files use or override a deprecated API.
[WARNING] /tmp/tmp4lcslkr3/SpyGlass/src/main/java/parallelai/spyglass/hbase/HBaseRawScheme.java: Recompile with -Xlint:deprecation for details.
[WARNING] /tmp/tmp4lcslkr3/SpyGlass/src/main/java/parallelai/spyglass/hbase/HBaseSalter.java: Some input files use unchecked or unsafe operations.
[WARNING] /tmp/tmp4lcslkr3/SpyGlass/src/main/java/parallelai/spyglass/hbase/HBaseSalter.java: Recompile with -Xlint:unchecked for details.
[INFO] 
[INFO] --- maven-scala-plugin:2.15.2:compile (compile) @ parallelai.spyglass ---
[INFO] Checking for multiple versions of scala
[WARNING]  Expected all dependencies to require Scala version: 2.10.3
[WARNING]  parallelai:parallelai.spyglass:2.10_0.12.0_5.3.0 requires scala version: 2.10.3
[WARNING]  com.twitter:scalding-core_2.10:0.12.0 requires scala version: 2.10.4
[WARNING] Multiple versions of scala libraries detected!
[INFO] includes = [**/*.java,**/*.scala,]
[INFO] excludes = []
[INFO] Nothing to compile - all classes are up to date
[INFO] 
[INFO] --- maven-resources-plugin:2.6:testResources (default-testResources) @ parallelai.spyglass ---
[INFO] Using 'UTF-8' encoding to copy filtered resources.
[INFO] skip non existing resourceDirectory /tmp/tmp4lcslkr3/SpyGlass/src/test/resources
[INFO] 
[INFO] --- maven-compiler-plugin:3.0:testCompile (default-testCompile) @ parallelai.spyglass ---
[INFO] Changes detected - recompiling the module!
[INFO] 
[INFO] --- maven-scala-plugin:2.15.2:testCompile (test-compile) @ parallelai.spyglass ---
[INFO] Checking for multiple versions of scala
[WARNING]  Expected all dependencies to require Scala version: 2.10.3
[WARNING]  parallelai:parallelai.spyglass:2.10_0.12.0_5.3.0 requires scala version: 2.10.3
[WARNING]  com.twitter:scalding-core_2.10:0.12.0 requires scala version: 2.10.4
[WARNING] Multiple versions of scala libraries detected!
[INFO] includes = [**/*.java,**/*.scala,]
[INFO] excludes = []
[INFO] /tmp/tmp4lcslkr3/SpyGlass/src/test/scala:-1: info: compiling
[INFO] Compiling 2 source files to /tmp/tmp4lcslkr3/SpyGlass/target/test-classes at 1596140269362
[WARNING] warning: there were 2 deprecation warning(s); re-run with -deprecation for details
[WARNING] one warning found
[INFO] prepare-compile in 0 s
[INFO] compile in 4 s
[INFO] 
[INFO] --- maven-surefire-plugin:2.19.1:test (default-test) @ parallelai.spyglass ---
[INFO] Surefire report directory: /tmp/tmp4lcslkr3/SpyGlass/target/surefire-reports

-------------------------------------------------------
 T E S T S
-------------------------------------------------------
Running parallelai.spyglass.hbase.example.SimpleHBaseSourceExampleTest
20/07/30 20:17:56 INFO example.SimpleHBaseSourceExample: In Local Mode
20/07/30 20:17:56 INFO property.AppProps: using app.id: DE767BDDDB684ADE92212DF7A8F23801
20/07/30 20:17:56 DEBUG planner.ElementGraph: adding pipe: Pipe(com.twitter.scalding.TsvWrappedArray(/tmp/testOutput))
20/07/30 20:17:56 DEBUG planner.ElementGraph: adding sink: MemoryTap["NullScheme"]["0.07516137057708416"]
20/07/30 20:17:56 DEBUG planner.ElementGraph: adding edge: Pipe(com.twitter.scalding.TsvWrappedArray(/tmp/testOutput)) -> MemoryTap["NullScheme"]["0.07516137057708416"]
20/07/30 20:17:56 DEBUG planner.ElementGraph: adding pipe: Each(HBaseSource(table_name,quorum_name:2181,'key',List(column_family),List('column_name1', 'column_name2'),0,GET_LIST,null,null,List(1, 2, 3),1,false,null,true,UPDATE,GRANULAR)a33d09a8-0f65-46c3-be62-08c4a8af8b0e)[IdentityFunction$[decl:ALL]]
20/07/30 20:17:56 DEBUG planner.ElementGraph: adding pipe: Each(HBaseSource(table_name,quorum_name:2181,'key',List(column_family),List('column_name1', 'column_name2'),0,GET_LIST,null,null,List(1, 2, 3),1,false,null,true,UPDATE,GRANULAR)a33d09a8-0f65-46c3-be62-08c4a8af8b0e)[MapFunction[decl:'column_name2']]
20/07/30 20:17:56 DEBUG planner.ElementGraph: adding pipe: Each(HBaseSource(table_name,quorum_name:2181,'key',List(column_family),List('column_name1', 'column_name2'),0,GET_LIST,null,null,List(1, 2, 3),1,false,null,true,UPDATE,GRANULAR)a33d09a8-0f65-46c3-be62-08c4a8af8b0e)[MapFunction[decl:'column_name1']]
20/07/30 20:17:56 DEBUG planner.ElementGraph: adding pipe: Each(HBaseSource(table_name,quorum_name:2181,'key',List(column_family),List('column_name1', 'column_name2'),0,GET_LIST,null,null,List(1, 2, 3),1,false,null,true,UPDATE,GRANULAR)a33d09a8-0f65-46c3-be62-08c4a8af8b0e)[MapFunction[decl:'key']]
20/07/30 20:17:56 DEBUG planner.ElementGraph: adding pipe: Each(HBaseSource(table_name,quorum_name:2181,'key',List(column_family),List('column_name1', 'column_name2'),0,GET_LIST,null,null,List(1, 2, 3),1,false,null,true,UPDATE,GRANULAR)a33d09a8-0f65-46c3-be62-08c4a8af8b0e)[Debug[decl:ALL]]
20/07/30 20:17:56 DEBUG planner.ElementGraph: adding pipe: Pipe(HBaseSource(table_name,quorum_name:2181,'key',List(column_family),List('column_name1', 'column_name2'),0,GET_LIST,null,null,List(1, 2, 3),1,false,null,true,UPDATE,GRANULAR)a33d09a8-0f65-46c3-be62-08c4a8af8b0e)
20/07/30 20:17:56 DEBUG planner.ElementGraph: adding source: MemoryTap["NullScheme"]["0.13031816031351418"]
20/07/30 20:17:56 DEBUG planner.ElementGraph: adding edge: MemoryTap["NullScheme"]["0.13031816031351418"] -> Pipe(HBaseSource(table_name,quorum_name:2181,'key',List(column_family),List('column_name1', 'column_name2'),0,GET_LIST,null,null,List(1, 2, 3),1,false,null,true,UPDATE,GRANULAR)a33d09a8-0f65-46c3-be62-08c4a8af8b0e)
20/07/30 20:17:56 DEBUG planner.ElementGraph: adding edge: Pipe(HBaseSource(table_name,quorum_name:2181,'key',List(column_family),List('column_name1', 'column_name2'),0,GET_LIST,null,null,List(1, 2, 3),1,false,null,true,UPDATE,GRANULAR)a33d09a8-0f65-46c3-be62-08c4a8af8b0e) -> Each(HBaseSource(table_name,quorum_name:2181,'key',List(column_family),List('column_name1', 'column_name2'),0,GET_LIST,null,null,List(1, 2, 3),1,false,null,true,UPDATE,GRANULAR)a33d09a8-0f65-46c3-be62-08c4a8af8b0e)[Debug[decl:ALL]]
20/07/30 20:17:56 DEBUG planner.ElementGraph: adding edge: Each(HBaseSource(table_name,quorum_name:2181,'key',List(column_family),List('column_name1', 'column_name2'),0,GET_LIST,null,null,List(1, 2, 3),1,false,null,true,UPDATE,GRANULAR)a33d09a8-0f65-46c3-be62-08c4a8af8b0e)[Debug[decl:ALL]] -> Each(HBaseSource(table_name,quorum_name:2181,'key',List(column_family),List('column_name1', 'column_name2'),0,GET_LIST,null,null,List(1, 2, 3),1,false,null,true,UPDATE,GRANULAR)a33d09a8-0f65-46c3-be62-08c4a8af8b0e)[MapFunction[decl:'key']]
20/07/30 20:17:56 DEBUG planner.ElementGraph: adding edge: Each(HBaseSource(table_name,quorum_name:2181,'key',List(column_family),List('column_name1', 'column_name2'),0,GET_LIST,null,null,List(1, 2, 3),1,false,null,true,UPDATE,GRANULAR)a33d09a8-0f65-46c3-be62-08c4a8af8b0e)[MapFunction[decl:'key']] -> Each(HBaseSource(table_name,quorum_name:2181,'key',List(column_family),List('column_name1', 'column_name2'),0,GET_LIST,null,null,List(1, 2, 3),1,false,null,true,UPDATE,GRANULAR)a33d09a8-0f65-46c3-be62-08c4a8af8b0e)[MapFunction[decl:'column_name1']]
20/07/30 20:17:56 DEBUG planner.ElementGraph: adding edge: Each(HBaseSource(table_name,quorum_name:2181,'key',List(column_family),List('column_name1', 'column_name2'),0,GET_LIST,null,null,List(1, 2, 3),1,false,null,true,UPDATE,GRANULAR)a33d09a8-0f65-46c3-be62-08c4a8af8b0e)[MapFunction[decl:'column_name1']] -> Each(HBaseSource(table_name,quorum_name:2181,'key',List(column_family),List('column_name1', 'column_name2'),0,GET_LIST,null,null,List(1, 2, 3),1,false,null,true,UPDATE,GRANULAR)a33d09a8-0f65-46c3-be62-08c4a8af8b0e)[MapFunction[decl:'column_name2']]
20/07/30 20:17:56 DEBUG planner.ElementGraph: adding edge: Each(HBaseSource(table_name,quorum_name:2181,'key',List(column_family),List('column_name1', 'column_name2'),0,GET_LIST,null,null,List(1, 2, 3),1,false,null,true,UPDATE,GRANULAR)a33d09a8-0f65-46c3-be62-08c4a8af8b0e)[MapFunction[decl:'column_name2']] -> Each(HBaseSource(table_name,quorum_name:2181,'key',List(column_family),List('column_name1', 'column_name2'),0,GET_LIST,null,null,List(1, 2, 3),1,false,null,true,UPDATE,GRANULAR)a33d09a8-0f65-46c3-be62-08c4a8af8b0e)[IdentityFunction$[decl:ALL]]
20/07/30 20:17:56 DEBUG planner.ElementGraph: adding edge: Each(HBaseSource(table_name,quorum_name:2181,'key',List(column_family),List('column_name1', 'column_name2'),0,GET_LIST,null,null,List(1, 2, 3),1,false,null,true,UPDATE,GRANULAR)a33d09a8-0f65-46c3-be62-08c4a8af8b0e)[IdentityFunction$[decl:ALL]] -> Pipe(com.twitter.scalding.TsvWrappedArray(/tmp/testOutput))
20/07/30 20:17:56 DEBUG planner.ElementGraph: removing: Pipe(HBaseSource(table_name,quorum_name:2181,'key',List(column_family),List('column_name1', 'column_name2'),0,GET_LIST,null,null,List(1, 2, 3),1,false,null,true,UPDATE,GRANULAR)a33d09a8-0f65-46c3-be62-08c4a8af8b0e)
20/07/30 20:17:56 DEBUG planner.ElementGraph: removing: Pipe(com.twitter.scalding.TsvWrappedArray(/tmp/testOutput))
20/07/30 20:17:56 DEBUG planner.ElementGraph: for modifier: MemoryTap["NullScheme"]["0.13031816031351418"]
20/07/30 20:17:56 DEBUG planner.ElementGraph: for modifier: Each(HBaseSource(table_name,quorum_name:2181,'key',List(column_family),List('column_name1', 'column_name2'),0,GET_LIST,null,null,List(1, 2, 3),1,false,null,true,UPDATE,GRANULAR)a33d09a8-0f65-46c3-be62-08c4a8af8b0e)[Debug[decl:ALL]]
20/07/30 20:17:56 DEBUG planner.ElementGraph: setting outgoing arguments: 'key', 'column_name1', 'column_name2'
20/07/30 20:17:56 DEBUG planner.ElementGraph: setting outgoing declared: 'key', 'column_name1', 'column_name2'
20/07/30 20:17:56 DEBUG planner.ElementGraph: setting outgoing values: 'key', 'column_name1', 'column_name2'
20/07/30 20:17:56 DEBUG planner.ElementGraph: for modifier: Each(HBaseSource(table_name,quorum_name:2181,'key',List(column_family),List('column_name1', 'column_name2'),0,GET_LIST,null,null,List(1, 2, 3),1,false,null,true,UPDATE,GRANULAR)a33d09a8-0f65-46c3-be62-08c4a8af8b0e)[MapFunction[decl:'key']]
20/07/30 20:17:56 DEBUG planner.ElementGraph: setting outgoing arguments: 'key'
20/07/30 20:17:56 DEBUG planner.ElementGraph: setting outgoing declared: 'key'
20/07/30 20:17:56 DEBUG planner.ElementGraph: setting outgoing values: 'key', 'column_name1', 'column_name2'
20/07/30 20:17:56 DEBUG planner.ElementGraph: for modifier: Each(HBaseSource(table_name,quorum_name:2181,'key',List(column_family),List('column_name1', 'column_name2'),0,GET_LIST,null,null,List(1, 2, 3),1,false,null,true,UPDATE,GRANULAR)a33d09a8-0f65-46c3-be62-08c4a8af8b0e)[MapFunction[decl:'column_name1']]
20/07/30 20:17:56 DEBUG planner.ElementGraph: setting outgoing arguments: 'column_name1'
20/07/30 20:17:56 DEBUG planner.ElementGraph: setting outgoing declared: 'column_name1'
20/07/30 20:17:56 DEBUG planner.ElementGraph: setting outgoing values: 'key', 'column_name1', 'column_name2'
20/07/30 20:17:56 DEBUG planner.ElementGraph: for modifier: Each(HBaseSource(table_name,quorum_name:2181,'key',List(column_family),List('column_name1', 'column_name2'),0,GET_LIST,null,null,List(1, 2, 3),1,false,null,true,UPDATE,GRANULAR)a33d09a8-0f65-46c3-be62-08c4a8af8b0e)[MapFunction[decl:'column_name2']]
20/07/30 20:17:56 DEBUG planner.ElementGraph: setting outgoing arguments: 'column_name2'
20/07/30 20:17:56 DEBUG planner.ElementGraph: setting outgoing declared: 'column_name2'
20/07/30 20:17:56 DEBUG planner.ElementGraph: setting outgoing values: 'key', 'column_name1', 'column_name2'
20/07/30 20:17:56 DEBUG planner.ElementGraph: for modifier: Each(HBaseSource(table_name,quorum_name:2181,'key',List(column_family),List('column_name1', 'column_name2'),0,GET_LIST,null,null,List(1, 2, 3),1,false,null,true,UPDATE,GRANULAR)a33d09a8-0f65-46c3-be62-08c4a8af8b0e)[IdentityFunction$[decl:ALL]]
20/07/30 20:17:56 DEBUG planner.ElementGraph: setting outgoing arguments: 'key', 'column_name1', 'column_name2'
20/07/30 20:17:56 DEBUG planner.ElementGraph: setting outgoing declared: NONE
20/07/30 20:17:56 DEBUG planner.ElementGraph: setting outgoing values: 'key', 'column_name1', 'column_name2'
20/07/30 20:17:56 DEBUG planner.ElementGraph: for modifier: MemoryTap["NullScheme"]["0.07516137057708416"]
20/07/30 20:17:56 INFO util.Version: Concurrent, Inc - Cascading 2.5.5
20/07/30 20:17:56 INFO flow.Flow: [parallelai.spyglass.hb...] starting
20/07/30 20:17:56 INFO flow.Flow: [parallelai.spyglass.hb...]  source: MemoryTap["NullScheme"]["0.13031816031351418"]
20/07/30 20:17:56 INFO flow.Flow: [parallelai.spyglass.hb...]  sink: MemoryTap["NullScheme"]["0.07516137057708416"]
20/07/30 20:17:56 INFO flow.Flow: [parallelai.spyglass.hb...]  parallel execution is enabled: true
20/07/30 20:17:56 INFO flow.Flow: [parallelai.spyglass.hb...]  starting jobs: 1
20/07/30 20:17:56 INFO flow.Flow: [parallelai.spyglass.hb...]  allocating threads: 1
20/07/30 20:17:56 INFO flow.FlowStep: [parallelai.spyglass.hb...] starting step: local
20/07/30 20:17:56 DEBUG scalding.RuntimeStats$: Adding flow process id: 1843207249
20/07/30 20:17:56 DEBUG scalding.RuntimeStats$: Adding flow process id: 1843207249
20/07/30 20:17:56 DEBUG scalding.RuntimeStats$: Adding flow process id: 1843207249
20/07/30 20:17:56 DEBUG scalding.RuntimeStats$: Adding flow process id: 1843207249
['31', '6b 6b 31', '70 70 31']
['32', '6b 6b 32', '70 70 32']
['33', '6b 6b 33', '70 70 33']
tuples count: 3
20/07/30 20:17:57 DEBUG example.SimpleHBaseSourceExampleTest: Output => ArrayBuffer(1	kk1	pp1, 2	kk2	pp2, 3	kk3	pp3)
outputBuffer.size => 3
Tests run: 1, Failures: 0, Errors: 0, Skipped: 0, Time elapsed: 1.825 sec - in parallelai.spyglass.hbase.example.SimpleHBaseSourceExampleTest
Running parallelai.spyglass.jdbc.example.JdbcSourceExampleTest
20/07/30 20:17:57 INFO example.JdbcSourceExample: In Local Mode
20/07/30 20:17:57 DEBUG planner.ElementGraph: adding pipe: Pipe(com.twitter.scalding.TsvWrappedArray(src/test/resources/outputs/testOutput))
20/07/30 20:17:57 DEBUG planner.ElementGraph: adding sink: MemoryTap["NullScheme"]["0.5590680768822925"]
20/07/30 20:17:57 DEBUG planner.ElementGraph: adding edge: Pipe(com.twitter.scalding.TsvWrappedArray(src/test/resources/outputs/testOutput)) -> MemoryTap["NullScheme"]["0.5590680768822925"]
20/07/30 20:17:57 DEBUG planner.ElementGraph: adding pipe: Each(JDBCSource(db_name,com.mysql.jdbc.Driver,jdbc:mysql://<hostname>:<port>/<db_name>?zeroDateTimeBehavior=convertToNull,user,password,List(KEY_ID, COL1, COL2, COL3),List(bigint(20), varchar(45), varchar(45), bigint(20)),List(key_id),'key_id', 'col1', 'col2', 'col3',List(),List(),null)94017497-fa03-4df1-aaaa-3145312178fe)[IdentityFunction$[decl:ALL]]
20/07/30 20:17:57 DEBUG planner.ElementGraph: adding pipe: Pipe(JDBCSource(db_name,com.mysql.jdbc.Driver,jdbc:mysql://<hostname>:<port>/<db_name>?zeroDateTimeBehavior=convertToNull,user,password,List(KEY_ID, COL1, COL2, COL3),List(bigint(20), varchar(45), varchar(45), bigint(20)),List(key_id),'key_id', 'col1', 'col2', 'col3',List(),List(),null)94017497-fa03-4df1-aaaa-3145312178fe)
20/07/30 20:17:57 DEBUG planner.ElementGraph: adding source: MemoryTap["NullScheme"]["0.3601990772680629"]
20/07/30 20:17:57 DEBUG planner.ElementGraph: adding edge: MemoryTap["NullScheme"]["0.3601990772680629"] -> Pipe(JDBCSource(db_name,com.mysql.jdbc.Driver,jdbc:mysql://<hostname>:<port>/<db_name>?zeroDateTimeBehavior=convertToNull,user,password,List(KEY_ID, COL1, COL2, COL3),List(bigint(20), varchar(45), varchar(45), bigint(20)),List(key_id),'key_id', 'col1', 'col2', 'col3',List(),List(),null)94017497-fa03-4df1-aaaa-3145312178fe)
20/07/30 20:17:57 DEBUG planner.ElementGraph: adding edge: Pipe(JDBCSource(db_name,com.mysql.jdbc.Driver,jdbc:mysql://<hostname>:<port>/<db_name>?zeroDateTimeBehavior=convertToNull,user,password,List(KEY_ID, COL1, COL2, COL3),List(bigint(20), varchar(45), varchar(45), bigint(20)),List(key_id),'key_id', 'col1', 'col2', 'col3',List(),List(),null)94017497-fa03-4df1-aaaa-3145312178fe) -> Each(JDBCSource(db_name,com.mysql.jdbc.Driver,jdbc:mysql://<hostname>:<port>/<db_name>?zeroDateTimeBehavior=convertToNull,user,password,List(KEY_ID, COL1, COL2, COL3),List(bigint(20), varchar(45), varchar(45), bigint(20)),List(key_id),'key_id', 'col1', 'col2', 'col3',List(),List(),null)94017497-fa03-4df1-aaaa-3145312178fe)[IdentityFunction$[decl:ALL]]
20/07/30 20:17:57 DEBUG planner.ElementGraph: adding edge: Each(JDBCSource(db_name,com.mysql.jdbc.Driver,jdbc:mysql://<hostname>:<port>/<db_name>?zeroDateTimeBehavior=convertToNull,user,password,List(KEY_ID, COL1, COL2, COL3),List(bigint(20), varchar(45), varchar(45), bigint(20)),List(key_id),'key_id', 'col1', 'col2', 'col3',List(),List(),null)94017497-fa03-4df1-aaaa-3145312178fe)[IdentityFunction$[decl:ALL]] -> Pipe(com.twitter.scalding.TsvWrappedArray(src/test/resources/outputs/testOutput))
20/07/30 20:17:57 DEBUG planner.ElementGraph: removing: Pipe(JDBCSource(db_name,com.mysql.jdbc.Driver,jdbc:mysql://<hostname>:<port>/<db_name>?zeroDateTimeBehavior=convertToNull,user,password,List(KEY_ID, COL1, COL2, COL3),List(bigint(20), varchar(45), varchar(45), bigint(20)),List(key_id),'key_id', 'col1', 'col2', 'col3',List(),List(),null)94017497-fa03-4df1-aaaa-3145312178fe)
20/07/30 20:17:57 DEBUG planner.ElementGraph: removing: Pipe(com.twitter.scalding.TsvWrappedArray(src/test/resources/outputs/testOutput))
20/07/30 20:17:57 DEBUG planner.ElementGraph: for modifier: MemoryTap["NullScheme"]["0.3601990772680629"]
20/07/30 20:17:57 DEBUG planner.ElementGraph: for modifier: Each(JDBCSource(db_name,com.mysql.jdbc.Driver,jdbc:mysql://<hostname>:<port>/<db_name>?zeroDateTimeBehavior=convertToNull,user,password,List(KEY_ID, COL1, COL2, COL3),List(bigint(20), varchar(45), varchar(45), bigint(20)),List(key_id),'key_id', 'col1', 'col2', 'col3',List(),List(),null)94017497-fa03-4df1-aaaa-3145312178fe)[IdentityFunction$[decl:ALL]]
20/07/30 20:17:57 DEBUG planner.ElementGraph: setting outgoing arguments: 'key_id', 'col1', 'col2', 'col3'
20/07/30 20:17:57 DEBUG planner.ElementGraph: setting outgoing declared: NONE
20/07/30 20:17:57 DEBUG planner.ElementGraph: setting outgoing values: 'key_id', 'col1', 'col2', 'col3'
20/07/30 20:17:57 DEBUG planner.ElementGraph: for modifier: MemoryTap["NullScheme"]["0.5590680768822925"]
20/07/30 20:17:57 INFO flow.Flow: [parallelai.spyglass.jd...] starting
20/07/30 20:17:57 INFO flow.Flow: [parallelai.spyglass.jd...]  source: MemoryTap["NullScheme"]["0.3601990772680629"]
20/07/30 20:17:57 INFO flow.Flow: [parallelai.spyglass.jd...]  sink: MemoryTap["NullScheme"]["0.5590680768822925"]
20/07/30 20:17:57 INFO flow.Flow: [parallelai.spyglass.jd...]  parallel execution is enabled: true
20/07/30 20:17:57 INFO flow.Flow: [parallelai.spyglass.jd...]  starting jobs: 1
20/07/30 20:17:57 INFO flow.Flow: [parallelai.spyglass.jd...]  allocating threads: 1
20/07/30 20:17:57 INFO flow.FlowStep: [parallelai.spyglass.jd...] starting step: local
20/07/30 20:17:57 DEBUG scalding.RuntimeStats$: Adding flow process id: 2116612432
20/07/30 20:17:57 DEBUG example.JdbcSourceExampleTest: Output => ArrayBuffer(1	c11	c12	11, 2	c21	c22	22)
Tests run: 1, Failures: 0, Errors: 0, Skipped: 0, Time elapsed: 0.335 sec - in parallelai.spyglass.jdbc.example.JdbcSourceExampleTest

Results :

Tests run: 2, Failures: 0, Errors: 0, Skipped: 0

[INFO] 
[INFO] --- jacoco-maven-plugin:0.8.5:report (report) @ parallelai.spyglass ---
[INFO] Loading execution data file /tmp/tmp4lcslkr3/SpyGlass/target/jacoco.exec
[INFO] Analyzed bundle 'Cascading and Scalding wrapper for HBase with advanced features' with 648 classes
[INFO] ------------------------------------------------------------------------
[INFO] BUILD SUCCESS
[INFO] ------------------------------------------------------------------------
[INFO] Total time:  07:23 min
[INFO] Finished at: 2020-07-30T20:17:59Z
[INFO] ------------------------------------------------------------------------
