[INFO] Error stacktraces are turned on.
[INFO] Scanning for projects...
[INFO] 
[INFO] -----------< me.brandonc.security:totp-authentication-demo >------------
[INFO] Building TOTP authentication demo 1.1
[INFO] --------------------------------[ war ]---------------------------------
[INFO] 
[INFO] --- jacoco-maven-plugin:0.8.5:prepare-agent (default) @ totp-authentication-demo ---
[INFO] argLine set to -javaagent:/home/jdbl/.m2/repository/org/jacoco/org.jacoco.agent/0.8.5/org.jacoco.agent-0.8.5-runtime.jar=destfile=/tmp/tmp2k8bkopk/TOTP-authentication-demo/target/jacoco.exec
[INFO] 
[INFO] --- aspectj-maven-plugin:1.0:compile (default) @ totp-authentication-demo ---
[INFO] 
[INFO] --- maven-resources-plugin:2.6:resources (default-resources) @ totp-authentication-demo ---
[INFO] Using 'utf-8' encoding to copy filtered resources.
[INFO] Copying 7 resources
[INFO] 
[INFO] --- maven-compiler-plugin:2.3.2:compile (default-compile) @ totp-authentication-demo ---
[INFO] Nothing to compile - all classes are up to date
[INFO] 
[INFO] --- aspectj-maven-plugin:1.0:test-compile (default) @ totp-authentication-demo ---
[INFO] 
[INFO] --- maven-resources-plugin:2.6:testResources (default-testResources) @ totp-authentication-demo ---
[INFO] Using 'utf-8' encoding to copy filtered resources.
[INFO] skip non existing resourceDirectory /tmp/tmp2k8bkopk/TOTP-authentication-demo/src/test/resources
[INFO] 
[INFO] --- maven-compiler-plugin:2.3.2:testCompile (default-testCompile) @ totp-authentication-demo ---
[INFO] Nothing to compile - all classes are up to date
[INFO] 
[INFO] --- maven-surefire-plugin:2.19.1:test (default-test) @ totp-authentication-demo ---
[INFO] Surefire report directory: /tmp/tmp2k8bkopk/TOTP-authentication-demo/target/surefire-reports

-------------------------------------------------------
 T E S T S
-------------------------------------------------------
Running me.brandonc.security.totp.util.TOTPTest
Tests run: 1, Failures: 0, Errors: 0, Skipped: 0, Time elapsed: 0.08 sec - in me.brandonc.security.totp.util.TOTPTest

Results :

Tests run: 1, Failures: 0, Errors: 0, Skipped: 0

[INFO] 
[INFO] --- jacoco-maven-plugin:0.8.5:report (report) @ totp-authentication-demo ---
[INFO] Loading execution data file /tmp/tmp2k8bkopk/TOTP-authentication-demo/target/jacoco.exec
[INFO] Analyzed bundle 'TOTP authentication demo' with 52 classes
[INFO] ------------------------------------------------------------------------
[INFO] BUILD SUCCESS
[INFO] ------------------------------------------------------------------------
[INFO] Total time:  18.533 s
[INFO] Finished at: 2020-07-30T20:56:23Z
[INFO] ------------------------------------------------------------------------
