[INFO] Error stacktraces are turned on.
[INFO] Scanning for projects...
[INFO] 
[INFO] --------------------< com.zhaohuabing:ScroogeCoin >---------------------
[INFO] Building ScroogeCoin 1.0-SNAPSHOT
[INFO] --------------------------------[ jar ]---------------------------------
[INFO] 
[INFO] --- jacoco-maven-plugin:0.8.5:prepare-agent (default) @ ScroogeCoin ---
[INFO] argLine set to -javaagent:/home/jdbl/.m2/repository/org/jacoco/org.jacoco.agent/0.8.5/org.jacoco.agent-0.8.5-runtime.jar=destfile=/tmp/tmpghuybm02/ScroogeCoin/target/jacoco.exec
[INFO] 
[INFO] --- maven-resources-plugin:2.6:resources (default-resources) @ ScroogeCoin ---
[WARNING] Using platform encoding (UTF-8 actually) to copy filtered resources, i.e. build is platform dependent!
[INFO] skip non existing resourceDirectory /tmp/tmpghuybm02/ScroogeCoin/src/main/resources
[INFO] 
[INFO] --- maven-compiler-plugin:2.3.2:compile (default-compile) @ ScroogeCoin ---
[WARNING] File encoding has not been set, using platform encoding UTF-8, i.e. build is platform dependent!
[INFO] Compiling 6 source files to /tmp/tmpghuybm02/ScroogeCoin/target/classes
[INFO] 
[INFO] --- maven-resources-plugin:2.6:testResources (default-testResources) @ ScroogeCoin ---
[WARNING] Using platform encoding (UTF-8 actually) to copy filtered resources, i.e. build is platform dependent!
[INFO] skip non existing resourceDirectory /tmp/tmpghuybm02/ScroogeCoin/src/test/resources
[INFO] 
[INFO] --- maven-compiler-plugin:2.3.2:testCompile (default-testCompile) @ ScroogeCoin ---
[WARNING] File encoding has not been set, using platform encoding UTF-8, i.e. build is platform dependent!
[INFO] Compiling 2 source files to /tmp/tmpghuybm02/ScroogeCoin/target/test-classes
[INFO] 
[INFO] --- maven-surefire-plugin:2.19.1:test (default-test) @ ScroogeCoin ---
[INFO] Surefire report directory: /tmp/tmpghuybm02/ScroogeCoin/target/surefire-reports

-------------------------------------------------------
 T E S T S
-------------------------------------------------------
Running TxHandlerTest
Tests run: 5, Failures: 0, Errors: 0, Skipped: 0, Time elapsed: 0.13 sec - in TxHandlerTest
Running MaxFeeTxHandlerTest
Tests run: 4, Failures: 0, Errors: 0, Skipped: 0, Time elapsed: 0.051 sec - in MaxFeeTxHandlerTest

Results :

Tests run: 9, Failures: 0, Errors: 0, Skipped: 0

[INFO] 
[INFO] --- jacoco-maven-plugin:0.8.5:report (report) @ ScroogeCoin ---
[INFO] Loading execution data file /tmp/tmpghuybm02/ScroogeCoin/target/jacoco.exec
[INFO] Analyzed bundle 'ScroogeCoin' with 252 classes
[INFO] ------------------------------------------------------------------------
[INFO] BUILD SUCCESS
[INFO] ------------------------------------------------------------------------
[INFO] Total time:  7.849 s
[INFO] Finished at: 2020-07-30T20:56:50Z
[INFO] ------------------------------------------------------------------------
