[INFO] Error stacktraces are turned on.
[INFO] Scanning for projects...
[INFO] 
[INFO] ---------------------< cn.edu.tsinghua:iotdb-jdbc >---------------------
[INFO] Building IoTDB Jdbc 0.7.1-SNAPSHOT
[INFO] --------------------------------[ jar ]---------------------------------
[INFO] 
[INFO] --- jacoco-maven-plugin:0.8.5:prepare-agent (default) @ iotdb-jdbc ---
[INFO] argLine set to -javaagent:/home/jdbl/.m2/repository/org/jacoco/org.jacoco.agent/0.8.5/org.jacoco.agent-0.8.5-runtime.jar=destfile=/tmp/tmpb18_rv6m/iotdb-jdbc/target/jacoco.exec
[INFO] 
[INFO] --- maven-thrift-plugin:0.1.11:compile (thrift-sources) @ iotdb-jdbc ---
[INFO] /tmp/tmpb18_rv6m/iotdb-jdbc/src/main/thrift does not exist. Review the configuration or consider disabling the plugin.
[INFO] 
[INFO] --- build-helper-maven-plugin:3.0.0:add-source (default) @ iotdb-jdbc ---
[INFO] Source directory: /tmp/tmpb18_rv6m/iotdb-jdbc/interface/thrift added.
[INFO] 
[INFO] --- maven-resources-plugin:2.6:resources (default-resources) @ iotdb-jdbc ---
[INFO] Using 'UTF-8' encoding to copy filtered resources.
[INFO] skip non existing resourceDirectory /tmp/tmpb18_rv6m/iotdb-jdbc/src/main/resources
[INFO] 
[INFO] --- maven-compiler-plugin:3.3:compile (default-compile) @ iotdb-jdbc ---
[INFO] Changes detected - recompiling the module!
[INFO] Compiling 47 source files to /tmp/tmpb18_rv6m/iotdb-jdbc/target/classes
[INFO] /tmp/tmpb18_rv6m/iotdb-jdbc/src/main/java/cn/edu/tsinghua/iotdb/jdbc/TsfilePrepareStatement.java: Some input files use or override a deprecated API.
[INFO] /tmp/tmpb18_rv6m/iotdb-jdbc/src/main/java/cn/edu/tsinghua/iotdb/jdbc/TsfilePrepareStatement.java: Recompile with -Xlint:deprecation for details.
[INFO] /tmp/tmpb18_rv6m/iotdb-jdbc/interface/thrift/cn/edu/tsinghua/iotdb/jdbc/thrift/TS_Status.java: Some input files use unchecked or unsafe operations.
[INFO] /tmp/tmpb18_rv6m/iotdb-jdbc/interface/thrift/cn/edu/tsinghua/iotdb/jdbc/thrift/TS_Status.java: Recompile with -Xlint:unchecked for details.
[INFO] 
[INFO] --- maven-resources-plugin:2.6:testResources (default-testResources) @ iotdb-jdbc ---
[INFO] Using 'UTF-8' encoding to copy filtered resources.
[INFO] skip non existing resourceDirectory /tmp/tmpb18_rv6m/iotdb-jdbc/src/test/resources
[INFO] 
[INFO] --- maven-compiler-plugin:3.3:testCompile (default-testCompile) @ iotdb-jdbc ---
[INFO] Changes detected - recompiling the module!
[INFO] Compiling 12 source files to /tmp/tmpb18_rv6m/iotdb-jdbc/target/test-classes
[INFO] 
[INFO] --- maven-surefire-plugin:2.19.1:test (default-test) @ iotdb-jdbc ---
[INFO] Surefire report directory: /tmp/tmpb18_rv6m/iotdb-jdbc/target/surefire-reports

-------------------------------------------------------
 T E S T S
-------------------------------------------------------
Running cn.edu.tsinghua.iotdb.jdbc.TsfileDatabaseMetadataTest
Tests run: 6, Failures: 0, Errors: 0, Skipped: 0, Time elapsed: 0.977 sec - in cn.edu.tsinghua.iotdb.jdbc.TsfileDatabaseMetadataTest
Running cn.edu.tsinghua.iotdb.jdbc.TsfileMetadataResultMetadataTest
Tests run: 2, Failures: 0, Errors: 0, Skipped: 0, Time elapsed: 0 sec - in cn.edu.tsinghua.iotdb.jdbc.TsfileMetadataResultMetadataTest
Running cn.edu.tsinghua.iotdb.jdbc.TsfileStatementTest
Tests run: 9, Failures: 0, Errors: 0, Skipped: 0, Time elapsed: 0.034 sec - in cn.edu.tsinghua.iotdb.jdbc.TsfileStatementTest
Running cn.edu.tsinghua.iotdb.jdbc.UtilsTest
Tests run: 3, Failures: 0, Errors: 0, Skipped: 0, Time elapsed: 0.024 sec - in cn.edu.tsinghua.iotdb.jdbc.UtilsTest
Running cn.edu.tsinghua.iotdb.jdbc.TsfileQueryResultSetTest
Tests run: 1, Failures: 0, Errors: 0, Skipped: 0, Time elapsed: 0.132 sec - in cn.edu.tsinghua.iotdb.jdbc.TsfileQueryResultSetTest
Running cn.edu.tsinghua.iotdb.jdbc.TsfileResultMetadataTest
Tests run: 4, Failures: 0, Errors: 0, Skipped: 0, Time elapsed: 0.002 sec - in cn.edu.tsinghua.iotdb.jdbc.TsfileResultMetadataTest
Running cn.edu.tsinghua.iotdb.jdbc.BatchTest
Tests run: 3, Failures: 0, Errors: 0, Skipped: 0, Time elapsed: 0.01 sec - in cn.edu.tsinghua.iotdb.jdbc.BatchTest
Running cn.edu.tsinghua.iotdb.jdbc.TsFilePrepareStatementTest
Tests run: 15, Failures: 0, Errors: 0, Skipped: 0, Time elapsed: 0.13 sec - in cn.edu.tsinghua.iotdb.jdbc.TsFilePrepareStatementTest
Running cn.edu.tsinghua.iotdb.jdbc.TsfileConnectionTest
Tests run: 2, Failures: 0, Errors: 0, Skipped: 0, Time elapsed: 0.01 sec - in cn.edu.tsinghua.iotdb.jdbc.TsfileConnectionTest

Results :

Tests run: 45, Failures: 0, Errors: 0, Skipped: 0

[INFO] 
[INFO] --- jacoco-maven-plugin:0.8.5:report (report) @ iotdb-jdbc ---
[INFO] Loading execution data file /tmp/tmpb18_rv6m/iotdb-jdbc/target/jacoco.exec
[INFO] Analyzed bundle 'IoTDB Jdbc' with 648 classes
[INFO] ------------------------------------------------------------------------
[INFO] BUILD SUCCESS
[INFO] ------------------------------------------------------------------------
[INFO] Total time:  15.310 s
[INFO] Finished at: 2020-07-30T22:23:01Z
[INFO] ------------------------------------------------------------------------
