[INFO] Error stacktraces are turned on.
[INFO] Scanning for projects...
[WARNING] 
[WARNING] Some problems were encountered while building the effective model for org.codehaus.jettison:jettison:bundle:1.3.3
[WARNING] 'build.plugins.plugin.version' for org.apache.maven.plugins:maven-compiler-plugin is missing. @ line 53, column 15
[WARNING] The expression ${artifactId} is deprecated. Please use ${project.artifactId} instead.
[WARNING] The expression ${groupId} is deprecated. Please use ${project.groupId} instead.
[WARNING] The expression ${artifactId} is deprecated. Please use ${project.artifactId} instead.
[WARNING] 
[WARNING] It is highly recommended to fix these problems because they threaten the stability of your build.
[WARNING] 
[WARNING] For this reason, future Maven versions might no longer support building such malformed projects.
[WARNING] 
[INFO] 
[INFO] -------------------< org.codehaus.jettison:jettison >-------------------
[INFO] Building Jettison 1.3.3
[INFO] -------------------------------[ bundle ]-------------------------------
[WARNING] The POM for woodstox:wstx-asl:jar:3.2.2 is missing, no dependency information available
[INFO] 
[INFO] --- maven-enforcer-plugin:1.0-beta-1:enforce (enforce-maven) @ jettison ---
[INFO] 
[INFO] --- maven-resources-plugin:3.1.0:resources (default-resources) @ jettison ---
[INFO] Using 'UTF-8' encoding to copy filtered resources.
[INFO] Copying 1 resource
[INFO] 
[INFO] --- maven-compiler-plugin:3.8.1:compile (default-compile) @ jettison ---
[INFO] Changes detected - recompiling the module!
[INFO] Compiling 38 source files to /tmp/tmptaiy7tn5/jettison/target/classes
[WARNING] bootstrap class path not set in conjunction with -source 1.5
[WARNING] source value 1.5 is obsolete and will be removed in a future release
[WARNING] target value 1.5 is obsolete and will be removed in a future release
[WARNING] To suppress warnings about obsolete options, use -Xlint:-options.
[INFO] /tmp/tmptaiy7tn5/jettison/src/main/java/org/codehaus/jettison/Node.java: Some input files use unchecked or unsafe operations.
[INFO] /tmp/tmptaiy7tn5/jettison/src/main/java/org/codehaus/jettison/Node.java: Recompile with -Xlint:unchecked for details.
[INFO] 
[INFO] --- maven-resources-plugin:3.1.0:testResources (default-testResources) @ jettison ---
[INFO] Using 'UTF-8' encoding to copy filtered resources.
[INFO] skip non existing resourceDirectory /tmp/tmptaiy7tn5/jettison/src/test/resources
[INFO] 
[INFO] --- maven-compiler-plugin:3.8.1:testCompile (default-testCompile) @ jettison ---
[INFO] Changes detected - recompiling the module!
[INFO] Compiling 12 source files to /tmp/tmptaiy7tn5/jettison/target/test-classes
[WARNING] bootstrap class path not set in conjunction with -source 1.5
[WARNING] source value 1.5 is obsolete and will be removed in a future release
[WARNING] target value 1.5 is obsolete and will be removed in a future release
[WARNING] To suppress warnings about obsolete options, use -Xlint:-options.
[INFO] /tmp/tmptaiy7tn5/jettison/src/test/java/org/codehaus/jettison/badgerfish/RoundTripTest.java: Some input files use unchecked or unsafe operations.
[INFO] /tmp/tmptaiy7tn5/jettison/src/test/java/org/codehaus/jettison/badgerfish/RoundTripTest.java: Recompile with -Xlint:unchecked for details.
[INFO] 
[INFO] --- maven-surefire-plugin:3.0.0-M5:test (default-test) @ jettison ---
[INFO] Surefire report directory: /tmp/tmptaiy7tn5/jettison/target/surefire-reports
[INFO] 
[INFO] -------------------------------------------------------
[INFO]  T E S T S
[INFO] -------------------------------------------------------
[INFO] Running org.codehaus.jettison.mapped.DefaultTypeConverterUnenforcedIntegerTest
[INFO] Tests run: 1, Failures: 0, Errors: 0, Skipped: 0, Time elapsed: 0.005 s - in org.codehaus.jettison.mapped.DefaultTypeConverterUnenforcedIntegerTest
[INFO] Running org.codehaus.jettison.mapped.DefaultTypeConverterEnforcedIntegerTest
[INFO] Tests run: 1, Failures: 0, Errors: 0, Skipped: 0, Time elapsed: 0 s - in org.codehaus.jettison.mapped.DefaultTypeConverterEnforcedIntegerTest
[INFO] Running org.codehaus.jettison.mapped.MappedDOMTest
[INFO] Tests run: 4, Failures: 0, Errors: 0, Skipped: 0, Time elapsed: 0.151 s - in org.codehaus.jettison.mapped.MappedDOMTest
[INFO] Running org.codehaus.jettison.mapped.MappedXMLStreamReaderTest
[INFO] Tests run: 26, Failures: 0, Errors: 0, Skipped: 0, Time elapsed: 0.032 s - in org.codehaus.jettison.mapped.MappedXMLStreamReaderTest
[INFO] Running org.codehaus.jettison.mapped.BootstrapTypeConverterTest
[INFO] Tests run: 1, Failures: 0, Errors: 0, Skipped: 0, Time elapsed: 0 s - in org.codehaus.jettison.mapped.BootstrapTypeConverterTest
[INFO] Running org.codehaus.jettison.mapped.MappedXMLStreamWriterTest
[INFO] Tests run: 31, Failures: 0, Errors: 0, Skipped: 0, Time elapsed: 0.027 s - in org.codehaus.jettison.mapped.MappedXMLStreamWriterTest
[INFO] Running org.codehaus.jettison.badgerfish.BadgerFishDOMTest
[INFO] Tests run: 7, Failures: 0, Errors: 0, Skipped: 0, Time elapsed: 0.023 s - in org.codehaus.jettison.badgerfish.BadgerFishDOMTest
[INFO] Running org.codehaus.jettison.badgerfish.BadgerFishXMLInputFactoryTest
[INFO] Tests run: 1, Failures: 0, Errors: 0, Skipped: 0, Time elapsed: 0 s - in org.codehaus.jettison.badgerfish.BadgerFishXMLInputFactoryTest
[INFO] Running org.codehaus.jettison.badgerfish.RoundTripTest
[INFO] Tests run: 2, Failures: 0, Errors: 0, Skipped: 0, Time elapsed: 0.024 s - in org.codehaus.jettison.badgerfish.RoundTripTest
[INFO] Running org.codehaus.jettison.badgerfish.BadgerFishXMLStreamWriterTest
{"Ratings":{"Rating":[{"@id":"100","@value":"3"},{"@id":"200","@value":"4"},{"@id":"300","@value":"5"}]}}
[INFO] Tests run: 8, Failures: 0, Errors: 0, Skipped: 0, Time elapsed: 0.009 s - in org.codehaus.jettison.badgerfish.BadgerFishXMLStreamWriterTest
[INFO] Running org.codehaus.jettison.badgerfish.BadgerFishXMLStreamReaderTest
[INFO] Tests run: 8, Failures: 0, Errors: 0, Skipped: 0, Time elapsed: 0.001 s - in org.codehaus.jettison.badgerfish.BadgerFishXMLStreamReaderTest
[INFO] 
[INFO] Results:
[INFO] 
[INFO] Tests run: 90, Failures: 0, Errors: 0, Skipped: 0
[INFO] 
[INFO] 
[INFO] --- maven-bundle-plugin:1.0.0:bundle (default-bundle) @ jettison ---
[INFO] 
[INFO] --- maven-assembly-plugin:3.2.0:single (default) @ jettison ---
[INFO] Building jar: /tmp/tmptaiy7tn5/jettison/target/jettison-1.3.3-jar-with-dependencies.jar
[INFO] ------------------------------------------------------------------------
[INFO] BUILD SUCCESS
[INFO] ------------------------------------------------------------------------
[INFO] Total time:  7.587 s
[INFO] Finished at: 2020-07-30T19:41:31Z
[INFO] ------------------------------------------------------------------------
