[INFO] Error stacktraces are turned on.
[INFO] Scanning for projects...
[WARNING] 
[WARNING] Some problems were encountered while building the effective model for com.diamondfsd:simple-codegen:maven-plugin:1.1.2-SNAPSHOT
[WARNING] 'build.plugins.plugin.version' for org.apache.maven.plugins:maven-compiler-plugin is missing. @ line 91, column 15
[WARNING] 'build.plugins.plugin.version' for org.apache.maven.plugins:maven-source-plugin is missing. @ line 98, column 15
[WARNING] 
[WARNING] It is highly recommended to fix these problems because they threaten the stability of your build.
[WARNING] 
[WARNING] For this reason, future Maven versions might no longer support building such malformed projects.
[WARNING] 
[INFO] 
[INFO] -------------------< com.diamondfsd:simple-codegen >--------------------
[INFO] Building simple-codegen 1.1.2-SNAPSHOT
[INFO] ----------------------------[ maven-plugin ]----------------------------
[INFO] 
[INFO] --- jacoco-maven-plugin:0.8.5:prepare-agent (default) @ simple-codegen ---
[INFO] argLine set to -javaagent:/home/jdbl/.m2/repository/org/jacoco/org.jacoco.agent/0.8.5/org.jacoco.agent-0.8.5-runtime.jar=destfile=/tmp/tmprsjjk_zx/simple-codegen/target/jacoco.exec
[INFO] 
[INFO] --- maven-resources-plugin:2.6:resources (default-resources) @ simple-codegen ---
[WARNING] Using platform encoding (UTF-8 actually) to copy filtered resources, i.e. build is platform dependent!
[INFO] Copying 1 resource
[INFO] 
[INFO] --- maven-compiler-plugin:3.1:compile (default-compile) @ simple-codegen ---
[INFO] Changes detected - recompiling the module!
[WARNING] File encoding has not been set, using platform encoding UTF-8, i.e. build is platform dependent!
[INFO] Compiling 7 source files to /tmp/tmprsjjk_zx/simple-codegen/target/classes
[INFO] 
[INFO] --- maven-plugin-plugin:3.4:descriptor (default-descriptor) @ simple-codegen ---
[WARNING] Using platform encoding (UTF-8 actually) to read mojo metadata, i.e. build is platform dependent!
[INFO] Mojo extractor with id: java-javadoc found 0 mojo descriptors.
[INFO] Mojo extractor with id: java-annotations found 1 mojo descriptors.
[INFO] 
[INFO] --- maven-resources-plugin:2.6:testResources (default-testResources) @ simple-codegen ---
[WARNING] Using platform encoding (UTF-8 actually) to copy filtered resources, i.e. build is platform dependent!
[INFO] Copying 1 resource
[INFO] 
[INFO] --- maven-compiler-plugin:3.1:testCompile (default-testCompile) @ simple-codegen ---
[INFO] Changes detected - recompiling the module!
[WARNING] File encoding has not been set, using platform encoding UTF-8, i.e. build is platform dependent!
[INFO] Compiling 1 source file to /tmp/tmprsjjk_zx/simple-codegen/target/test-classes
[INFO] 
[INFO] --- maven-surefire-plugin:2.19.1:test (default-test) @ simple-codegen ---
[INFO] Surefire report directory: /tmp/tmprsjjk_zx/simple-codegen/target/surefire-reports

-------------------------------------------------------
 T E S T S
-------------------------------------------------------
Running com.diamondfsd.codegen.service.impl.CodeGeneratorImplTest
is file exists: false
write file success: /tmp/tmprsjjk_zx/simple-codegen/target/test-classes/generator-code-test/com/diamondfsd/report/mvc/controllers/GrReportController.java
Tests run: 1, Failures: 0, Errors: 0, Skipped: 0, Time elapsed: 0.609 sec - in com.diamondfsd.codegen.service.impl.CodeGeneratorImplTest

Results :

Tests run: 1, Failures: 0, Errors: 0, Skipped: 0

[INFO] 
[INFO] --- jacoco-maven-plugin:0.8.5:report (report) @ simple-codegen ---
[INFO] Loading execution data file /tmp/tmprsjjk_zx/simple-codegen/target/jacoco.exec
[INFO] Analyzed bundle 'simple-codegen' with 251 classes
[INFO] ------------------------------------------------------------------------
[INFO] BUILD SUCCESS
[INFO] ------------------------------------------------------------------------
[INFO] Total time:  8.783 s
[INFO] Finished at: 2020-07-30T22:49:20Z
[INFO] ------------------------------------------------------------------------
