[INFO] Error stacktraces are turned on.
[INFO] Scanning for projects...
[INFO] 
[INFO] ---------------------------< burp:EsPReSSO >----------------------------
[INFO] Building EsPReSSO 3.3.1
[INFO] --------------------------------[ jar ]---------------------------------
[INFO] 
[INFO] --- jacoco-maven-plugin:0.8.5:prepare-agent (default) @ EsPReSSO ---
[INFO] argLine set to -javaagent:/home/jdbl/.m2/repository/org/jacoco/org.jacoco.agent/0.8.5/org.jacoco.agent-0.8.5-runtime.jar=destfile=/tmp/tmpcpqki6js/BurpSSOExtension/target/jacoco.exec
[INFO] 
[INFO] --- maven-resources-plugin:2.6:resources (default-resources) @ EsPReSSO ---
[INFO] Using 'UTF-8' encoding to copy filtered resources.
[INFO] Copying 1 resource
[INFO] 
[INFO] --- maven-compiler-plugin:3.7.0:compile (default-compile) @ EsPReSSO ---
[INFO] Changes detected - recompiling the module!
[INFO] Compiling 65 source files to /tmp/tmpcpqki6js/BurpSSOExtension/target/classes
[INFO] /tmp/tmpcpqki6js/BurpSSOExtension/src/main/java/de/rub/nds/burp/espresso/gui/attacker/saml/UIEncryptionAttack.java: Some input files use unchecked or unsafe operations.
[INFO] /tmp/tmpcpqki6js/BurpSSOExtension/src/main/java/de/rub/nds/burp/espresso/gui/attacker/saml/UIEncryptionAttack.java: Recompile with -Xlint:unchecked for details.
[INFO] 
[INFO] --- maven-resources-plugin:2.6:testResources (default-testResources) @ EsPReSSO ---
[INFO] Using 'UTF-8' encoding to copy filtered resources.
[INFO] skip non existing resourceDirectory /tmp/tmpcpqki6js/BurpSSOExtension/src/test/resources
[INFO] 
[INFO] --- maven-compiler-plugin:3.7.0:testCompile (default-testCompile) @ EsPReSSO ---
[INFO] Changes detected - recompiling the module!
[INFO] Compiling 7 source files to /tmp/tmpcpqki6js/BurpSSOExtension/target/test-classes
[INFO] 
[INFO] --- maven-surefire-plugin:2.19.1:test (default-test) @ EsPReSSO ---
[INFO] Surefire report directory: /tmp/tmpcpqki6js/BurpSSOExtension/target/surefire-reports

-------------------------------------------------------
 T E S T S
-------------------------------------------------------
Running de.rub.nds.burp.utilities.ByteArrayHelperTest
Tests run: 1, Failures: 0, Errors: 0, Skipped: 0, Time elapsed: 0.13 sec - in de.rub.nds.burp.utilities.ByteArrayHelperTest
Running de.rub.nds.burp.utilities.table.TableDBTest
getTable
getTable
addTable
Tests run: 3, Failures: 0, Errors: 0, Skipped: 0, Time elapsed: 0.3 sec - in de.rub.nds.burp.utilities.table.TableDBTest
Running de.rub.nds.burp.utilities.table.TableTest
getTableHelper
getTableList
getName
Tests run: 3, Failures: 0, Errors: 0, Skipped: 0, Time elapsed: 0.004 sec - in de.rub.nds.burp.utilities.table.TableTest
Running de.rub.nds.burp.utilities.table.TableHelperTest
getTableList
getRowCount
getColumnCount
Tests run: 3, Failures: 0, Errors: 0, Skipped: 0, Time elapsed: 0.001 sec - in de.rub.nds.burp.utilities.table.TableHelperTest
Running de.rub.nds.burp.utilities.protocols.xmlenc.XmlEncryptionHelperTest
wZJRVgEdhs6nHDSWL+l4KoDd/7G7TzKXvjvbPwD0Yi1XmMyFNLJlv2TelcC8TjuAFSNDeJVK/ZAJvzsjPuMMvuDbllsuIQaixjwQYePmohrAlpL0FcAK0qZMNpXFnUER+vGQDLqmsJyMxK9XireLvh4bJFnlFG/vMmPzrURm2PB5olQmsarHBm+LcS1t7Aoo2ODs+HmKqVx4+ZoclcLflw/+aInWmTn0Uv0hUJwLV4ngkin8KX4M38hNTtmeCniKfMIEYxQhZM1XoB2hiGPG/nQQJrnkCcgflG8df0w5tj7vlXr/URVkksWM5gkmp7BZqHQgT14SG0RiDblE2Jw1iQ==
Tests run: 3, Failures: 0, Errors: 0, Skipped: 0, Time elapsed: 0.148 sec - in de.rub.nds.burp.utilities.protocols.xmlenc.XmlEncryptionHelperTest
Running de.rub.nds.burp.utilities.protocols.xmlenc.AlgorithmTest
Tests run: 1, Failures: 0, Errors: 0, Skipped: 0, Time elapsed: 0.006 sec - in de.rub.nds.burp.utilities.protocols.xmlenc.AlgorithmTest
Running de.rub.nds.burp.utilities.EncodingTest
isURLEncoded
isDeflated
isBase64Encoded
Tests run: 3, Failures: 0, Errors: 0, Skipped: 0, Time elapsed: 0.005 sec - in de.rub.nds.burp.utilities.EncodingTest

Results :

Tests run: 17, Failures: 0, Errors: 0, Skipped: 0

[INFO] 
[INFO] --- jacoco-maven-plugin:0.8.5:report (report) @ EsPReSSO ---
[INFO] Loading execution data file /tmp/tmpcpqki6js/BurpSSOExtension/target/jacoco.exec
[INFO] Analyzed bundle 'EsPReSSO' with 274 classes
[INFO] ------------------------------------------------------------------------
[INFO] BUILD SUCCESS
[INFO] ------------------------------------------------------------------------
[INFO] Total time:  20.164 s
[INFO] Finished at: 2020-07-30T21:15:04Z
[INFO] ------------------------------------------------------------------------
