[INFO] Error stacktraces are turned on.
[INFO] Scanning for projects...
[INFO] 
[INFO] --------------------< com.webcohesion.ofx4j:ofx4j >---------------------
[INFO] Building ofx4j 1.28-SNAPSHOT
[INFO] -------------------------------[ bundle ]-------------------------------
[INFO] 
[INFO] --- jacoco-maven-plugin:0.8.5:prepare-agent (default) @ ofx4j ---
[INFO] argLine set to -javaagent:/home/jdbl/.m2/repository/org/jacoco/org.jacoco.agent/0.8.5/org.jacoco.agent-0.8.5-runtime.jar=destfile=/tmp/tmpcd2fj3y2/ofx4j/target/jacoco.exec
[INFO] 
[INFO] --- maven-resources-plugin:3.1.0:resources (default-resources) @ ofx4j ---
[INFO] Using 'UTF-8' encoding to copy filtered resources.
[INFO] Copying 1 resource
[INFO] 
[INFO] --- maven-compiler-plugin:3.5.1:compile (default-compile) @ ofx4j ---
[INFO] Changes detected - recompiling the module!
[INFO] Compiling 309 source files to /tmp/tmpcd2fj3y2/ofx4j/target/classes
[INFO] /tmp/tmpcd2fj3y2/ofx4j/src/main/java/com/webcohesion/ofx4j/client/main/DownloadStatement.java: Some input files use or override a deprecated API.
[INFO] /tmp/tmpcd2fj3y2/ofx4j/src/main/java/com/webcohesion/ofx4j/client/main/DownloadStatement.java: Recompile with -Xlint:deprecation for details.
[INFO] /tmp/tmpcd2fj3y2/ofx4j/src/main/java/com/webcohesion/ofx4j/client/impl/BaseAccountImpl.java: Some input files use unchecked or unsafe operations.
[INFO] /tmp/tmpcd2fj3y2/ofx4j/src/main/java/com/webcohesion/ofx4j/client/impl/BaseAccountImpl.java: Recompile with -Xlint:unchecked for details.
[INFO] 
[INFO] --- maven-resources-plugin:3.1.0:testResources (default-testResources) @ ofx4j ---
[INFO] Using 'UTF-8' encoding to copy filtered resources.
[INFO] Copying 11 resources
[INFO] 
[INFO] --- maven-compiler-plugin:3.5.1:testCompile (default-testCompile) @ ofx4j ---
[INFO] Changes detected - recompiling the module!
[INFO] Compiling 28 source files to /tmp/tmpcd2fj3y2/ofx4j/target/test-classes
[INFO] /tmp/tmpcd2fj3y2/ofx4j/src/test/java/com/webcohesion/ofx4j/io/nanoxml/TestNanoXMLOFXReader.java: /tmp/tmpcd2fj3y2/ofx4j/src/test/java/com/webcohesion/ofx4j/io/nanoxml/TestNanoXMLOFXReader.java uses unchecked or unsafe operations.
[INFO] /tmp/tmpcd2fj3y2/ofx4j/src/test/java/com/webcohesion/ofx4j/io/nanoxml/TestNanoXMLOFXReader.java: Recompile with -Xlint:unchecked for details.
[INFO] 
[INFO] --- maven-surefire-plugin:2.19.1:test (default-test) @ ofx4j ---
[INFO] Surefire report directory: /tmp/tmpcd2fj3y2/ofx4j/target/surefire-reports

-------------------------------------------------------
 T E S T S
-------------------------------------------------------
Running com.webcohesion.ofx4j.client.impl.TestFinancialInstitutionServiceImpl
Tests run: 1, Failures: 0, Errors: 0, Skipped: 0, Time elapsed: 0.214 sec - in com.webcohesion.ofx4j.client.impl.TestFinancialInstitutionServiceImpl
Running com.webcohesion.ofx4j.client.impl.TestOFXHomeFIDataStore
Tests run: 1, Failures: 0, Errors: 0, Skipped: 0, Time elapsed: 0.639 sec - in com.webcohesion.ofx4j.client.impl.TestOFXHomeFIDataStore
Running com.webcohesion.ofx4j.domain.data.signup.accountholder.TestHolderInfo
792 [main] INFO org.reflections.Reflections - Reflections took 502 ms to scan 2 urls, producing 66 keys and 439 values 
Tests run: 1, Failures: 0, Errors: 0, Skipped: 0, Time elapsed: 2.034 sec - in com.webcohesion.ofx4j.domain.data.signup.accountholder.TestHolderInfo
Running com.webcohesion.ofx4j.domain.data.investment.transactions.TestFourOhOneKBalance
Tests run: 2, Failures: 0, Errors: 0, Skipped: 0, Time elapsed: 0.103 sec - in com.webcohesion.ofx4j.domain.data.investment.transactions.TestFourOhOneKBalance
Running com.webcohesion.ofx4j.domain.data.investment.transactions.TestSellInvestmentTransaction
Tests run: 1, Failures: 0, Errors: 0, Skipped: 0, Time elapsed: 0.011 sec - in com.webcohesion.ofx4j.domain.data.investment.transactions.TestSellInvestmentTransaction
Running com.webcohesion.ofx4j.io.nanoxml.TestNanoXMLOFXReader
INFO - Processing OFX 1 headers...
DEBUG - OFXHEADER:100
DEBUG - DATA:OFXSGML
DEBUG - VERSION:103
DEBUG - SECURITY:NONE
DEBUG - ENCODING:USASCII
DEBUG - CHARSET:1252
DEBUG - COMPRESSION:NONE
DEBUG - OLDFILEUID:NONE
DEBUG - NEWFILEUID:NONE
DEBUG - startAggregate OFX 1
DEBUG -   OFX {
DEBUG - startAggregate SIGNONMSGSRSV1 2
DEBUG -     SIGNONMSGSRSV1 {
DEBUG - startAggregate SONRS 3
DEBUG -       SONRS {
DEBUG - startAggregate STATUS 4
DEBUG -         STATUS {
DEBUG - onElement 5
DEBUG -           CODE=0
DEBUG - onElement 5
DEBUG -           SEVERITY=INFO
DEBUG - endAggregate STATUS 5
DEBUG -         }
DEBUG - onElement 4
DEBUG -         DTSERVER=20071015021529.000[-8:PST]
DEBUG - onElement 4
DEBUG -         LANGUAGE=ENG
DEBUG - onElement 4
DEBUG -         DTACCTUP=19900101000000
DEBUG - endAggregate SONRS 4
DEBUG -       }
DEBUG - endAggregate SIGNONMSGSRSV1 3
DEBUG -     }
DEBUG - endAggregate OFX 2
DEBUG -   }
INFO - Processing OFX 1 headers...
DEBUG - OFXHEADER:100
DEBUG - DATA:OFXSGML
DEBUG - VERSION:103
DEBUG - SECURITY:NONE
DEBUG - ENCODING:USASCII
DEBUG - CHARSET:1252
DEBUG - COMPRESSION:NONE
DEBUG - OLDFILEUID:NONE
DEBUG - NEWFILEUID:NONE
DEBUG - startAggregate OFX 1
DEBUG -   OFX {
DEBUG - startAggregate SIGNONMSGSRSV1 2
DEBUG -     SIGNONMSGSRSV1 {
DEBUG - startAggregate SONRS 3
DEBUG -       SONRS {
DEBUG - startAggregate STATUS 4
DEBUG -         STATUS {
DEBUG - onElement 5
DEBUG -           CODE=0
DEBUG - onElement 5
DEBUG -           SEVERITY=INFO
DEBUG - endAggregate STATUS 5
DEBUG -         }
DEBUG - onElement 4
DEBUG -         DTSERVER=20100717152132
DEBUG - onElement 4
DEBUG -         LANGUAGE=ENG
DEBUG - startAggregate FI 4
DEBUG -         FI {
DEBUG - onElement 5
DEBUG -           ORG=ameritrade.com
DEBUG - endAggregate FI 5
DEBUG -         }
DEBUG - endAggregate SONRS 4
DEBUG -       }
DEBUG - endAggregate SIGNONMSGSRSV1 3
DEBUG -     }
DEBUG - endAggregate OFX 2
DEBUG -   }
INFO - Processing OFX 1 headers...
DEBUG - OFXHEADER:100
DEBUG - DATA:OFXSGML
DEBUG - VERSION:103
DEBUG - SECURITY:NONE
DEBUG - ENCODING:USASCII
DEBUG - CHARSET:1252
DEBUG - COMPRESSION:NONE
DEBUG - OLDFILEUID:NONE
DEBUG - NEWFILEUID:NONE
DEBUG - startAggregate OFX 1
DEBUG -   OFX {
DEBUG - startAggregate SIGNONMSGSRSV1 2
DEBUG -     SIGNONMSGSRSV1 {
DEBUG - startAggregate SONRS 3
DEBUG -       SONRS {
DEBUG - startAggregate STATUS 4
DEBUG -         STATUS {
DEBUG - onElement 5
DEBUG -           CODE=0
DEBUG - onElement 5
DEBUG -           SEVERITY=INFO
DEBUG - endAggregate STATUS 5
DEBUG -         }
DEBUG - onElement 4
DEBUG -         DTSERVER=20071015021529.000[-8:PST]
DEBUG - onElement 4
DEBUG -         LANGUAGE=ENG
DEBUG - onElement 4
DEBUG -         DTACCTUP=19900101000000
DEBUG - startAggregate FI 4
DEBUG -         FI {
DEBUG - onElement 5
DEBUG -           ORG=Bank&Cd
DEBUG - onElement 5
DEBUG -           FID=01234
DEBUG - endAggregate FI 5
DEBUG -         }
DEBUG - endAggregate SONRS 4
DEBUG -       }
DEBUG - endAggregate SIGNONMSGSRSV1 3
DEBUG -     }
DEBUG - startAggregate BANKMSGSRSV1 2
DEBUG -     BANKMSGSRSV1 {
DEBUG - startAggregate STMTTRNRS 3
DEBUG -       STMTTRNRS {
DEBUG - onElement 4
DEBUG -         TRNUID=23382938
DEBUG - startAggregate STATUS 4
DEBUG -         STATUS {
DEBUG - onElement 5
DEBUG -           CODE=0
DEBUG - onElement 5
DEBUG -           SEVERITY=INFO
DEBUG - endAggregate STATUS 5
DEBUG -         }
DEBUG - startAggregate STMTRS 4
DEBUG -         STMTRS {
DEBUG - onElement 5
DEBUG -           CURDEF=USD
DEBUG - startAggregate BANKACCTFROM 5
DEBUG -           BANKACCTFROM {
DEBUG - onElement 6
DEBUG -             BANKID=987654321
DEBUG - onElement 6
DEBUG -             ACCTID=098-121
DEBUG - onElement 6
DEBUG -             ACCTTYPE=SAVINGS
DEBUG - endAggregate BANKACCTFROM 6
DEBUG -           }
DEBUG - startAggregate BANKTRANLIST 5
DEBUG -           BANKTRANLIST {
DEBUG - onElement 6
DEBUG -             DTSTART=20070101
DEBUG - onElement 6
DEBUG -             DTEND=20071015
DEBUG - startAggregate STMTTRN 6
DEBUG -             STMTTRN {
DEBUG - onElement 7
DEBUG -               TRNTYPE=CREDIT
DEBUG - onElement 7
DEBUG -               DTPOSTED=20070329
DEBUG - onElement 7
DEBUG -               DTUSER=20070329
DEBUG - onElement 7
DEBUG -               TRNAMT=150.00
DEBUG - onElement 7
DEBUG -               FITID=980310001
DEBUG - onElement 7
DEBUG -               NAME=TRANSFER
DEBUG - onElement 7
DEBUG -               MEMO=Transfer from checking &<> etc.
DEBUG - endAggregate STMTTRN 7
DEBUG -             }
DEBUG - endAggregate BANKTRANLIST 6
DEBUG -           }
DEBUG - startAggregate LEDGERBAL 5
DEBUG -           LEDGERBAL {
DEBUG - onElement 6
DEBUG -             BALAMT=5250.00
DEBUG - onElement 6
DEBUG -             DTASOF=20071015021529.000[-8:PST]
DEBUG - endAggregate LEDGERBAL 6
DEBUG -           }
DEBUG - startAggregate AVAILBAL 5
DEBUG -           AVAILBAL {
DEBUG - onElement 6
DEBUG -             BALAMT=5250.00
DEBUG - onElement 6
DEBUG -             DTASOF=20071015021529.000[-8:PST]
DEBUG - endAggregate AVAILBAL 6
DEBUG -           }
DEBUG - endAggregate STMTRS 5
DEBUG -         }
DEBUG - endAggregate STMTTRNRS 4
DEBUG -       }
DEBUG - endAggregate BANKMSGSRSV1 3
DEBUG -     }
DEBUG - endAggregate OFX 2
DEBUG -   }
INFO - Processing OFX 1 headers...
DEBUG - OFXHEADER:100
DEBUG - DATA:OFXSGML
DEBUG - VERSION:103
DEBUG - SECURITY:NONE
DEBUG - ENCODING:USASCII
DEBUG - CHARSET:1252
DEBUG - COMPRESSION:NONE
DEBUG - OLDFILEUID:NONE
DEBUG - NEWFILEUID:NONE
DEBUG - startAggregate OFX 1
DEBUG -   OFX {
DEBUG - onElement 2
DEBUG -     S=E
DEBUG - endAggregate OFX 2
DEBUG -   }
Tests run: 4, Failures: 0, Errors: 0, Skipped: 0, Time elapsed: 0.171 sec - in com.webcohesion.ofx4j.io.nanoxml.TestNanoXMLOFXReader
Running com.webcohesion.ofx4j.io.TestDefaultStringConversion
Tests run: 2, Failures: 0, Errors: 0, Skipped: 0, Time elapsed: 0.001 sec - in com.webcohesion.ofx4j.io.TestDefaultStringConversion
Running com.webcohesion.ofx4j.io.TestBaseOFXReader
INFO - Processing OFX 2 header...
DEBUG - OFXHEADER:200
DEBUG - VERSION:211
DEBUG - SECURITY:NONE
DEBUG - OLDFILEUID:NONE
DEBUG - NEWFILEUID:NONE
DEBUG - START ELEMENT: OFX
DEBUG - START ELEMENT: SIGNONMSGSRSV1
DEBUG - Element SIGNONMSGSRSV1 is starting aggregate OFX
DEBUG -   OFX {
DEBUG - START ELEMENT: SONRS
DEBUG - Element SONRS is starting aggregate SIGNONMSGSRSV1
DEBUG -     SIGNONMSGSRSV1 {
DEBUG - START ELEMENT: STATUS
DEBUG - Element STATUS is starting aggregate SONRS
DEBUG -       SONRS {
DEBUG - START ELEMENT: CODE
DEBUG - Element CODE is starting aggregate STATUS
DEBUG -         STATUS {
DEBUG - END ELEMENT: CODE
DEBUG - Element CODE processed with value 0
DEBUG -           CODE=0
DEBUG - START ELEMENT: SEVERITY
DEBUG - END ELEMENT: SEVERITY
DEBUG - Element SEVERITY processed with value INFO
DEBUG -           SEVERITY=INFO
DEBUG - END ELEMENT: STATUS
DEBUG - Ending aggregate STATUS
DEBUG -         }
DEBUG - START ELEMENT: DTSERVER
DEBUG - END ELEMENT: DTSERVER
DEBUG - Element DTSERVER processed with value 20071015021529.000[-8:PST]
DEBUG -         DTSERVER=20071015021529.000[-8:PST]
DEBUG - START ELEMENT: LANGUAGE
DEBUG - END ELEMENT: LANGUAGE
DEBUG - Element LANGUAGE processed with value ENG
DEBUG -         LANGUAGE=ENG
DEBUG - START ELEMENT: DTACCTUP
DEBUG - END ELEMENT: DTACCTUP
DEBUG - Element DTACCTUP processed with value 19900101000000
DEBUG -         DTACCTUP=19900101000000
DEBUG - START ELEMENT: FI
DEBUG - START ELEMENT: ORG
DEBUG - Element ORG is starting aggregate FI
DEBUG -         FI {
DEBUG - END ELEMENT: ORG
DEBUG - Element ORG processed with value MYBANK
DEBUG -           ORG=MYBANK
DEBUG - START ELEMENT: FID
DEBUG - END ELEMENT: FID
DEBUG - Element FID processed with value 01234
DEBUG -           FID=01234
DEBUG - END ELEMENT: FI
DEBUG - Ending aggregate FI
DEBUG -         }
DEBUG - END ELEMENT: SONRS
DEBUG - Ending aggregate SONRS
DEBUG -       }
DEBUG - END ELEMENT: SIGNONMSGSRSV1
DEBUG - Ending aggregate SIGNONMSGSRSV1
DEBUG -     }
DEBUG - START ELEMENT: BANKMSGSRSV1
DEBUG - START ELEMENT: STMTTRNRS
DEBUG - Element STMTTRNRS is starting aggregate BANKMSGSRSV1
DEBUG -     BANKMSGSRSV1 {
DEBUG - START ELEMENT: TRNUID
DEBUG - Element TRNUID is starting aggregate STMTTRNRS
DEBUG -       STMTTRNRS {
DEBUG - END ELEMENT: TRNUID
DEBUG - Element TRNUID processed with value 23382938
DEBUG -         TRNUID=23382938
DEBUG - START ELEMENT: STATUS
DEBUG - START ELEMENT: CODE
DEBUG - Element CODE is starting aggregate STATUS
DEBUG -         STATUS {
DEBUG - END ELEMENT: CODE
DEBUG - Element CODE processed with value 0
DEBUG -           CODE=0
DEBUG - START ELEMENT: SEVERITY
DEBUG - END ELEMENT: SEVERITY
DEBUG - Element SEVERITY processed with value INFO
DEBUG -           SEVERITY=INFO
DEBUG - END ELEMENT: STATUS
DEBUG - Ending aggregate STATUS
DEBUG -         }
DEBUG - START ELEMENT: STMTRS
DEBUG - START ELEMENT: CURDEF
DEBUG - Element CURDEF is starting aggregate STMTRS
DEBUG -         STMTRS {
DEBUG - END ELEMENT: CURDEF
DEBUG - Element CURDEF processed with value USD
DEBUG -           CURDEF=USD
DEBUG - START ELEMENT: BANKACCTFROM
DEBUG - START ELEMENT: BANKID
DEBUG - Element BANKID is starting aggregate BANKACCTFROM
DEBUG -           BANKACCTFROM {
DEBUG - END ELEMENT: BANKID
DEBUG - Element BANKID processed with value 987654321
DEBUG -             BANKID=987654321
DEBUG - START ELEMENT: ACCTID
DEBUG - END ELEMENT: ACCTID
DEBUG - Element ACCTID processed with value 098-121
DEBUG -             ACCTID=098-121
DEBUG - START ELEMENT: ACCTTYPE
DEBUG - END ELEMENT: ACCTTYPE
DEBUG - Element ACCTTYPE processed with value SAVINGS
DEBUG -             ACCTTYPE=SAVINGS
DEBUG - END ELEMENT: BANKACCTFROM
DEBUG - Ending aggregate BANKACCTFROM
DEBUG -           }
DEBUG - START ELEMENT: BANKTRANLIST
DEBUG - START ELEMENT: DTSTART
DEBUG - Element DTSTART is starting aggregate BANKTRANLIST
DEBUG -           BANKTRANLIST {
DEBUG - END ELEMENT: DTSTART
DEBUG - Element DTSTART processed with value 20070101
DEBUG -             DTSTART=20070101
DEBUG - START ELEMENT: DTEND
DEBUG - END ELEMENT: DTEND
DEBUG - Element DTEND processed with value 20071015
DEBUG -             DTEND=20071015
DEBUG - START ELEMENT: STMTTRN
DEBUG - START ELEMENT: TRNTYPE
DEBUG - Element TRNTYPE is starting aggregate STMTTRN
DEBUG -             STMTTRN {
DEBUG - END ELEMENT: TRNTYPE
DEBUG - Element TRNTYPE processed with value CREDIT
DEBUG -               TRNTYPE=CREDIT
DEBUG - START ELEMENT: DTPOSTED
DEBUG - END ELEMENT: DTPOSTED
DEBUG - Element DTPOSTED processed with value 20070315
DEBUG -               DTPOSTED=20070315
DEBUG - START ELEMENT: DTUSER
DEBUG - END ELEMENT: DTUSER
DEBUG - Element DTUSER processed with value 20070315
DEBUG -               DTUSER=20070315
DEBUG - START ELEMENT: TRNAMT
DEBUG - END ELEMENT: TRNAMT
DEBUG - Element TRNAMT processed with value 200.00
DEBUG -               TRNAMT=200.00
DEBUG - START ELEMENT: FITID
DEBUG - END ELEMENT: FITID
DEBUG - Element FITID processed with value 980315001
DEBUG -               FITID=980315001
DEBUG - START ELEMENT: NAME
DEBUG - END ELEMENT: NAME
DEBUG - Element NAME processed with value DEPOSIT
DEBUG -               NAME=DEPOSIT
DEBUG - START ELEMENT: MEMO
DEBUG - END ELEMENT: MEMO
DEBUG - Element MEMO processed with value automatic deposit
DEBUG -               MEMO=automatic deposit
DEBUG - END ELEMENT: STMTTRN
DEBUG - Ending aggregate STMTTRN
DEBUG -             }
DEBUG - START ELEMENT: STMTTRN
DEBUG - START ELEMENT: TRNTYPE
DEBUG - Element TRNTYPE is starting aggregate STMTTRN
DEBUG -             STMTTRN {
DEBUG - END ELEMENT: TRNTYPE
DEBUG - Element TRNTYPE processed with value CREDIT
DEBUG -               TRNTYPE=CREDIT
DEBUG - START ELEMENT: DTPOSTED
DEBUG - END ELEMENT: DTPOSTED
DEBUG - Element DTPOSTED processed with value 20070329
DEBUG -               DTPOSTED=20070329
DEBUG - START ELEMENT: DTUSER
DEBUG - END ELEMENT: DTUSER
DEBUG - Element DTUSER processed with value 20070329
DEBUG -               DTUSER=20070329
DEBUG - START ELEMENT: TRNAMT
DEBUG - END ELEMENT: TRNAMT
DEBUG - Element TRNAMT processed with value 150.00
DEBUG -               TRNAMT=150.00
DEBUG - START ELEMENT: FITID
DEBUG - END ELEMENT: FITID
DEBUG - Element FITID processed with value 980310001
DEBUG -               FITID=980310001
DEBUG - START ELEMENT: NAME
DEBUG - END ELEMENT: NAME
DEBUG - Element NAME processed with value TRANSFER
DEBUG -               NAME=TRANSFER
DEBUG - START ELEMENT: MEMO
DEBUG - END ELEMENT: MEMO
DEBUG - Element MEMO processed with value Transfer from checking
DEBUG -               MEMO=Transfer from checking
DEBUG - END ELEMENT: STMTTRN
DEBUG - Ending aggregate STMTTRN
DEBUG -             }
DEBUG - START ELEMENT: STMTTRN
DEBUG - START ELEMENT: TRNTYPE
DEBUG - Element TRNTYPE is starting aggregate STMTTRN
DEBUG -             STMTTRN {
DEBUG - END ELEMENT: TRNTYPE
DEBUG - Element TRNTYPE processed with value PAYMENT
DEBUG -               TRNTYPE=PAYMENT
DEBUG - START ELEMENT: DTPOSTED
DEBUG - END ELEMENT: DTPOSTED
DEBUG - Element DTPOSTED processed with value 20070709
DEBUG -               DTPOSTED=20070709
DEBUG - START ELEMENT: DTUSER
DEBUG - END ELEMENT: DTUSER
DEBUG - Element DTUSER processed with value 20070709
DEBUG -               DTUSER=20070709
DEBUG - START ELEMENT: TRNAMT
DEBUG - END ELEMENT: TRNAMT
DEBUG - Element TRNAMT processed with value -100.00
DEBUG -               TRNAMT=-100.00
DEBUG - START ELEMENT: FITID
DEBUG - END ELEMENT: FITID
DEBUG - Element FITID processed with value 980309001
DEBUG -               FITID=980309001
DEBUG - START ELEMENT: CHECKNUM
DEBUG - END ELEMENT: CHECKNUM
DEBUG - Element CHECKNUM processed with value 1025
DEBUG -               CHECKNUM=1025
DEBUG - START ELEMENT: NAME
DEBUG - END ELEMENT: NAME
DEBUG - Element NAME processed with value John Hancock
DEBUG -               NAME=John Hancock
DEBUG - END ELEMENT: STMTTRN
DEBUG - Ending aggregate STMTTRN
DEBUG -             }
DEBUG - END ELEMENT: BANKTRANLIST
DEBUG - Ending aggregate BANKTRANLIST
DEBUG -           }
DEBUG - START ELEMENT: LEDGERBAL
DEBUG - START ELEMENT: BALAMT
DEBUG - Element BALAMT is starting aggregate LEDGERBAL
DEBUG -           LEDGERBAL {
DEBUG - END ELEMENT: BALAMT
DEBUG - Element BALAMT processed with value 5250.00
DEBUG -             BALAMT=5250.00
DEBUG - START ELEMENT: DTASOF
DEBUG - END ELEMENT: DTASOF
DEBUG - Element DTASOF processed with value 20071015021529.000[-8:PST]
DEBUG -             DTASOF=20071015021529.000[-8:PST]
DEBUG - END ELEMENT: LEDGERBAL
DEBUG - Ending aggregate LEDGERBAL
DEBUG -           }
DEBUG - START ELEMENT: AVAILBAL
DEBUG - START ELEMENT: BALAMT
DEBUG - Element BALAMT is starting aggregate AVAILBAL
DEBUG -           AVAILBAL {
DEBUG - END ELEMENT: BALAMT
DEBUG - Element BALAMT processed with value 5250.00
DEBUG -             BALAMT=5250.00
DEBUG - START ELEMENT: DTASOF
DEBUG - END ELEMENT: DTASOF
DEBUG - Element DTASOF processed with value 20071015021529.000[-8:PST]
DEBUG -             DTASOF=20071015021529.000[-8:PST]
DEBUG - END ELEMENT: AVAILBAL
DEBUG - Ending aggregate AVAILBAL
DEBUG -           }
DEBUG - END ELEMENT: STMTRS
DEBUG - Ending aggregate STMTRS
DEBUG -         }
DEBUG - END ELEMENT: STMTTRNRS
DEBUG - Ending aggregate STMTTRNRS
DEBUG -       }
DEBUG - END ELEMENT: BANKMSGSRSV1
DEBUG - Ending aggregate BANKMSGSRSV1
DEBUG -     }
DEBUG - END ELEMENT: OFX
DEBUG - Ending aggregate OFX
DEBUG -   }
INFO - Processing OFX 1 headers...
Tests run: 5, Failures: 0, Errors: 0, Skipped: 0, Time elapsed: 0.118 sec - in com.webcohesion.ofx4j.io.TestBaseOFXReader
Running com.webcohesion.ofx4j.io.TestAggregateMarshaller
INFO - OFXHEADER:100
DATA:OFXSGML
VERSION:102
SECURITY:NONE
ENCODING:USASCII
CHARSET:1252
COMPRESSION:NONE
OLDFILEUID:NONE
NEWFILEUID:NONE

<EXAMPLE><SOMEELEMENT>root-element1<EXAMPLE2><EXAMPLE2EL1>child1-element1</EXAMPLE2><EXAMPLE3><EXAMPLE3EL1>child4-element1</EXAMPLE3><EXAMPLE4><EXAMPLE4EL1>child3-element1</EXAMPLE4><DIFFERENT><EXAMPLE2EL1>child2-element1</DIFFERENT></EXAMPLE>
INFO - Processing OFX 1 headers...
Tests run: 3, Failures: 0, Errors: 0, Skipped: 0, Time elapsed: 0.146 sec - in com.webcohesion.ofx4j.io.TestAggregateMarshaller
Running com.webcohesion.ofx4j.io.TestUnmarshalling
INFO - Processing OFX 1 headers...
INFO - Child aggregate URL is not supported on aggregate MSGSETCORE (class com.webcohesion.ofx4j.domain.data.profile.CoreMessageSetInfo): no child aggregate, but there does exist an element by that name.
INFO - Processing OFX 1 headers...
INFO - Child aggregate URL is not supported on aggregate MSGSETCORE (class com.webcohesion.ofx4j.domain.data.profile.CoreMessageSetInfo): no child aggregate, but there does exist an element by that name.
INFO - Processing OFX 1 headers...
DEBUG - parsing Bank of America Profile Response
INFO - Processing OFX 1 headers...
INFO - Element INTU.DATEMODEL is not supported on aggregate BILLPAYMSGSETV1 (class com.webcohesion.ofx4j.domain.data.profile.info.BillpayV1MessageSetInfo) at index 180.
Tests run: 2, Failures: 0, Errors: 0, Skipped: 0, Time elapsed: 0.055 sec - in com.webcohesion.ofx4j.io.TestUnmarshalling
Running com.webcohesion.ofx4j.io.tagsoup.TestTagSoupOFXReader
INFO - Processing OFX 1 headers...
DEBUG - OFXHEADER:100
DEBUG - DATA:OFXSGML
DEBUG - VERSION:103
DEBUG - SECURITY:NONE
DEBUG - ENCODING:USASCII
DEBUG - CHARSET:1252
DEBUG - COMPRESSION:NONE
DEBUG - OLDFILEUID:NONE
DEBUG - NEWFILEUID:NONE
DEBUG -   OFX {
DEBUG -     SIGNONMSGSRSV1 {
DEBUG -       SONRS {
DEBUG -         STATUS {
DEBUG -           CODE=0
DEBUG -           SEVERITY=INFO
DEBUG -         }
DEBUG -         DTSERVER=20071015021529.000[-8:PST]
DEBUG -         LANGUAGE=ENG
DEBUG -         DTACCTUP=19900101000000
DEBUG -       }
DEBUG -     }
DEBUG -   }
INFO - Processing OFX 1 headers...
DEBUG - OFXHEADER:100
DEBUG - DATA:OFXSGML
DEBUG - VERSION:103
DEBUG - SECURITY:NONE
DEBUG - ENCODING:USASCII
DEBUG - CHARSET:1252
DEBUG - COMPRESSION:NONE
DEBUG - OLDFILEUID:NONE
DEBUG - NEWFILEUID:NONE
DEBUG -   OFX {
DEBUG -     SIGNONMSGSRSV1 {
DEBUG -       SONRS {
DEBUG -         STATUS {
DEBUG -           CODE=0
DEBUG -           SEVERITY=INFO
DEBUG -         }
DEBUG -         DTSERVER=20071015021529.000[-8:PST]
DEBUG -         LANGUAGE=ENG
DEBUG -         DTACCTUP=19900101000000
DEBUG -         FI {
DEBUG -           ORG=Bank&Cd
DEBUG -           FID=01234
DEBUG -         }
DEBUG -       }
DEBUG -     }
DEBUG -     BANKMSGSRSV1 {
DEBUG -       STMTTRNRS {
DEBUG -         TRNUID=23382938
DEBUG -         STATUS {
DEBUG -           CODE=0
DEBUG -           SEVERITY=INFO
DEBUG -         }
DEBUG -         STMTRS {
DEBUG -           CURDEF=USD
DEBUG -           BANKACCTFROM {
DEBUG -             BANKID=987654321
DEBUG -             ACCTID=098-121
DEBUG -             ACCTTYPE=SAVINGS
DEBUG -           }
DEBUG -           BANKTRANLIST {
DEBUG -             DTSTART=20070101
DEBUG -             DTEND=20071015
DEBUG -             STMTTRN {
DEBUG -               TRNTYPE=CREDIT
DEBUG -               DTPOSTED=20070329
DEBUG -               DTUSER=20070329
DEBUG -               TRNAMT=150.00
DEBUG -               FITID=980310001
DEBUG -               NAME=TRANSFER
DEBUG -               MEMO=Transfer from checking &<> etc.
DEBUG -             }
DEBUG -           }
DEBUG -           LEDGERBAL {
DEBUG -             BALAMT=5250.00
DEBUG -             DTASOF=20071015021529.000[-8:PST]
DEBUG -           }
DEBUG -           AVAILBAL {
DEBUG -             BALAMT=5250.00
DEBUG -             DTASOF=20071015021529.000[-8:PST]
DEBUG -           }
DEBUG -         }
DEBUG -       }
DEBUG -     }
DEBUG -   }
Tests run: 2, Failures: 0, Errors: 0, Skipped: 0, Time elapsed: 0.055 sec - in com.webcohesion.ofx4j.io.tagsoup.TestTagSoupOFXReader
Running com.webcohesion.ofx4j.io.v1.TestOFXV1Writer
Tests run: 1, Failures: 0, Errors: 0, Skipped: 0, Time elapsed: 0.002 sec - in com.webcohesion.ofx4j.io.v1.TestOFXV1Writer
Running com.webcohesion.ofx4j.io.TestAggregateMetadata
Tests run: 1, Failures: 0, Errors: 0, Skipped: 0, Time elapsed: 0.01 sec - in com.webcohesion.ofx4j.io.TestAggregateMetadata
Running com.webcohesion.ofx4j.io.TestAggregateInfo
Tests run: 1, Failures: 0, Errors: 0, Skipped: 0, Time elapsed: 0.009 sec - in com.webcohesion.ofx4j.io.TestAggregateInfo
Running com.webcohesion.ofx4j.io.TestAggregateStackContentHandler
Tests run: 1, Failures: 0, Errors: 0, Skipped: 0, Time elapsed: 0.006 sec - in com.webcohesion.ofx4j.io.TestAggregateStackContentHandler

Results :

Tests run: 28, Failures: 0, Errors: 0, Skipped: 0

[INFO] 
[INFO] --- jacoco-maven-plugin:0.8.5:report (report) @ ofx4j ---
[INFO] Loading execution data file /tmp/tmpcd2fj3y2/ofx4j/target/jacoco.exec
[INFO] Analyzed bundle 'ofx4j' with 2566 classes
[INFO] ------------------------------------------------------------------------
[INFO] BUILD SUCCESS
[INFO] ------------------------------------------------------------------------
[INFO] Total time:  27.306 s
[INFO] Finished at: 2020-07-30T22:42:04Z
[INFO] ------------------------------------------------------------------------
