[INFO] Error stacktraces are turned on.
[INFO] Scanning for projects...
[INFO] 
[INFO] -----------------------< com.heaven:hdfs-to-ftp >-----------------------
[INFO] Building hdfs-to-ftp 1.0.1
[INFO] --------------------------------[ jar ]---------------------------------
[INFO] 
[INFO] --- jacoco-maven-plugin:0.8.5:prepare-agent (default) @ hdfs-to-ftp ---
[INFO] argLine set to -javaagent:/home/jdbl/.m2/repository/org/jacoco/org.jacoco.agent/0.8.5/org.jacoco.agent-0.8.5-runtime.jar=destfile=/tmp/tmprm3cvje4/hdfs-to-ftp/target/jacoco.exec
[INFO] 
[INFO] --- maven-resources-plugin:2.6:resources (default-resources) @ hdfs-to-ftp ---
[INFO] Using 'UTF-8' encoding to copy filtered resources.
[INFO] Copying 1 resource
[INFO] 
[INFO] --- maven-compiler-plugin:3.1:compile (default-compile) @ hdfs-to-ftp ---
[INFO] Changes detected - recompiling the module!
[INFO] Compiling 7 source files to /tmp/tmprm3cvje4/hdfs-to-ftp/target/classes
[WARNING] /tmp/tmprm3cvje4/hdfs-to-ftp/src/main/java/org/apache/commons/pool/impl/contrib/FTPClientPool.java: /tmp/tmprm3cvje4/hdfs-to-ftp/src/main/java/org/apache/commons/pool/impl/contrib/FTPClientPool.java uses or overrides a deprecated API.
[WARNING] /tmp/tmprm3cvje4/hdfs-to-ftp/src/main/java/org/apache/commons/pool/impl/contrib/FTPClientPool.java: Recompile with -Xlint:deprecation for details.
[INFO] 
[INFO] --- maven-resources-plugin:2.6:testResources (default-testResources) @ hdfs-to-ftp ---
[INFO] Using 'UTF-8' encoding to copy filtered resources.
[INFO] skip non existing resourceDirectory /tmp/tmprm3cvje4/hdfs-to-ftp/src/test/resources
[INFO] 
[INFO] --- maven-compiler-plugin:3.1:testCompile (default-testCompile) @ hdfs-to-ftp ---
[INFO] Changes detected - recompiling the module!
[INFO] Compiling 1 source file to /tmp/tmprm3cvje4/hdfs-to-ftp/target/test-classes
[INFO] 
[INFO] --- maven-surefire-plugin:2.19.1:test (default-test) @ hdfs-to-ftp ---
[INFO] Surefire report directory: /tmp/tmprm3cvje4/hdfs-to-ftp/target/surefire-reports

-------------------------------------------------------
 T E S T S
-------------------------------------------------------
Running org.apache.hadoop.contrib.ftp.hdfs_to_ftp.AppTest
Tests run: 1, Failures: 0, Errors: 0, Skipped: 0, Time elapsed: 0.003 sec - in org.apache.hadoop.contrib.ftp.hdfs_to_ftp.AppTest

Results :

Tests run: 1, Failures: 0, Errors: 0, Skipped: 0

[INFO] 
[INFO] --- jacoco-maven-plugin:0.8.5:report (report) @ hdfs-to-ftp ---
[INFO] Loading execution data file /tmp/tmprm3cvje4/hdfs-to-ftp/target/jacoco.exec
[INFO] Analyzed bundle 'hdfs-to-ftp' with 165 classes
[INFO] ------------------------------------------------------------------------
[INFO] BUILD SUCCESS
[INFO] ------------------------------------------------------------------------
[INFO] Total time:  19.344 s
[INFO] Finished at: 2020-08-03T11:01:08Z
[INFO] ------------------------------------------------------------------------
