[INFO] Error stacktraces are turned on.
[INFO] Scanning for projects...
[INFO] 
[INFO] -------------------------< org.gbif:gbif-api >--------------------------
[INFO] Building GBIF Common :: API 0.114-SNAPSHOT
[INFO] --------------------------------[ jar ]---------------------------------
[INFO] 
[INFO] --- maven-enforcer-plugin:1.4:enforce (enforce-maven-3) @ gbif-api ---
[INFO] 
[INFO] --- jacoco-maven-plugin:0.8.5:prepare-agent (default) @ gbif-api ---
[INFO] argLine set to -javaagent:/home/jdbl/.m2/repository/org/jacoco/org.jacoco.agent/0.8.5/org.jacoco.agent-0.8.5-runtime.jar=destfile=/tmp/tmp1f9gmzzr/gbif-api/target/jacoco.exec
[INFO] 
[INFO] --- maven-resources-plugin:2.6:resources (default-resources) @ gbif-api ---
[INFO] Using 'UTF-8' encoding to copy filtered resources.
[INFO] skip non existing resourceDirectory /tmp/tmp1f9gmzzr/gbif-api/src/main/resources
[INFO] 
[INFO] --- maven-compiler-plugin:3.2:compile (default-compile) @ gbif-api ---
[INFO] Changes detected - recompiling the module!
[INFO] Compiling 332 source files to /tmp/tmp1f9gmzzr/gbif-api/target/classes
[WARNING] /tmp/tmp1f9gmzzr/gbif-api/src/main/java/org/gbif/api/util/VocabularyUtils.java:[21,31] org.gbif.api.vocabulary.TechnicalInstallationType in org.gbif.api.vocabulary has been deprecated
[WARNING] /tmp/tmp1f9gmzzr/gbif-api/src/main/java/org/gbif/api/model/registry/eml/TaxonomicCoverage.java:[18,33] org.gbif.api.model.common.InterpretedEnum in org.gbif.api.model.common has been deprecated
[WARNING] /tmp/tmp1f9gmzzr/gbif-api/src/main/java/org/gbif/api/service/common/UserService.java:[18,33] org.gbif.api.model.common.User in org.gbif.api.model.common has been deprecated
[WARNING] /tmp/tmp1f9gmzzr/gbif-api/src/main/java/org/gbif/api/model/metrics/RecordError.java:[18,31] org.gbif.api.vocabulary.ProcessingErrorType in org.gbif.api.vocabulary has been deprecated
[WARNING] /tmp/tmp1f9gmzzr/gbif-api/src/main/java/org/gbif/api/model/registry/eml/TaxonomicCoverage.java:[36,11] org.gbif.api.model.common.InterpretedEnum in org.gbif.api.model.common has been deprecated
[WARNING] /tmp/tmp1f9gmzzr/gbif-api/src/main/java/org/gbif/api/model/registry/eml/TaxonomicCoverage.java:[41,70] org.gbif.api.model.common.InterpretedEnum in org.gbif.api.model.common has been deprecated
[WARNING] /tmp/tmp1f9gmzzr/gbif-api/src/main/java/org/gbif/api/model/registry/eml/TaxonomicCoverage.java:[55,10] org.gbif.api.model.common.InterpretedEnum in org.gbif.api.model.common has been deprecated
[WARNING] /tmp/tmp1f9gmzzr/gbif-api/src/main/java/org/gbif/api/model/registry/eml/TaxonomicCoverage.java:[59,23] org.gbif.api.model.common.InterpretedEnum in org.gbif.api.model.common has been deprecated
[WARNING] /tmp/tmp1f9gmzzr/gbif-api/src/main/java/org/gbif/api/jackson/MapEntrySerde.java:[84,21] mappingException(java.lang.String) in com.fasterxml.jackson.databind.DeserializationContext has been deprecated
[WARNING] /tmp/tmp1f9gmzzr/gbif-api/src/main/java/org/gbif/api/jackson/LicenseSerde.java:[83,17] mappingException(java.lang.String) in com.fasterxml.jackson.databind.DeserializationContext has been deprecated
[WARNING] /tmp/tmp1f9gmzzr/gbif-api/src/main/java/org/gbif/api/jackson/RankSerde.java:[85,17] mappingException(java.lang.String) in com.fasterxml.jackson.databind.DeserializationContext has been deprecated
[WARNING] /tmp/tmp1f9gmzzr/gbif-api/src/main/java/org/gbif/api/jackson/TermMapListSerializer.java:[33,98] WRITE_EMPTY_JSON_ARRAYS in com.fasterxml.jackson.databind.SerializationFeature has been deprecated
[WARNING] /tmp/tmp1f9gmzzr/gbif-api/src/main/java/org/gbif/api/jackson/DateSerde.java:[75,17] mappingException(java.lang.String) in com.fasterxml.jackson.databind.DeserializationContext has been deprecated
[WARNING] /tmp/tmp1f9gmzzr/gbif-api/src/main/java/org/gbif/api/jackson/TermMapListDeserializer.java:[55,23] mappingException(java.lang.String) in com.fasterxml.jackson.databind.DeserializationContext has been deprecated
[WARNING] /tmp/tmp1f9gmzzr/gbif-api/src/main/java/org/gbif/api/jackson/TermMapListDeserializer.java:[63,15] mappingException(java.lang.String) in com.fasterxml.jackson.databind.DeserializationContext has been deprecated
[WARNING] /tmp/tmp1f9gmzzr/gbif-api/src/main/java/org/gbif/api/jackson/ExtensionDeserializer.java:[34,15] mappingException(java.lang.String) in com.fasterxml.jackson.databind.DeserializationContext has been deprecated
[INFO] /tmp/tmp1f9gmzzr/gbif-api/src/main/java/org/gbif/api/model/common/search/FacetedSearchRequest.java: Some input files use unchecked or unsafe operations.
[INFO] /tmp/tmp1f9gmzzr/gbif-api/src/main/java/org/gbif/api/model/common/search/FacetedSearchRequest.java: Recompile with -Xlint:unchecked for details.
[INFO] 
[INFO] --- maven-resources-plugin:2.6:testResources (default-testResources) @ gbif-api ---
[INFO] Using 'UTF-8' encoding to copy filtered resources.
[INFO] Copying 1 resource
[INFO] 
[INFO] --- maven-compiler-plugin:3.2:testCompile (default-testCompile) @ gbif-api ---
[INFO] Changes detected - recompiling the module!
[INFO] Compiling 87 source files to /tmp/tmp1f9gmzzr/gbif-api/target/test-classes
[WARNING] /tmp/tmp1f9gmzzr/gbif-api/src/test/java/org/gbif/api/model/metrics/RecordErrorTest.java:[18,31] org.gbif.api.vocabulary.ProcessingErrorType in org.gbif.api.vocabulary has been deprecated
[WARNING] /tmp/tmp1f9gmzzr/gbif-api/src/test/java/org/gbif/api/model/checklistbank/VerbatimNameUsageTest.java:[35,32] org.apache.commons.lang3.RandomStringUtils in org.apache.commons.lang3 has been deprecated
[WARNING] /tmp/tmp1f9gmzzr/gbif-api/src/test/java/org/gbif/api/model/occurrence/OccurrenceTest.java:[44,32] org.apache.commons.lang3.RandomStringUtils in org.apache.commons.lang3 has been deprecated
[WARNING] /tmp/tmp1f9gmzzr/gbif-api/src/test/java/org/gbif/api/model/occurrence/VerbatimOccurrenceTest.java:[36,32] org.apache.commons.lang3.RandomStringUtils in org.apache.commons.lang3 has been deprecated
[WARNING] /tmp/tmp1f9gmzzr/gbif-api/src/test/java/org/gbif/api/util/VocabularyUtilsTest.java:[22,31] org.gbif.api.vocabulary.TechnicalInstallationType in org.gbif.api.vocabulary has been deprecated
[WARNING] /tmp/tmp1f9gmzzr/gbif-api/src/test/java/org/gbif/api/model/checklistbank/TypeSpecimenTest.java:[29,8] setCatalogNumber(java.lang.String) in org.gbif.api.model.checklistbank.TypeSpecimen has been deprecated
[WARNING] /tmp/tmp1f9gmzzr/gbif-api/src/test/java/org/gbif/api/model/checklistbank/TypeSpecimenTest.java:[34,8] setCatalogNumber(java.lang.String) in org.gbif.api.model.checklistbank.TypeSpecimen has been deprecated
[WARNING] /tmp/tmp1f9gmzzr/gbif-api/src/test/java/org/gbif/api/model/common/UserPrincipalTest.java:[33,5] org.gbif.api.model.common.User in org.gbif.api.model.common has been deprecated
[WARNING] /tmp/tmp1f9gmzzr/gbif-api/src/test/java/org/gbif/api/model/common/UserPrincipalTest.java:[33,21] org.gbif.api.model.common.User in org.gbif.api.model.common has been deprecated
[WARNING] /tmp/tmp1f9gmzzr/gbif-api/src/test/java/org/gbif/api/model/common/UserPrincipalTest.java:[39,5] org.gbif.api.model.common.UserPrincipal in org.gbif.api.model.common has been deprecated
[WARNING] /tmp/tmp1f9gmzzr/gbif-api/src/test/java/org/gbif/api/model/common/UserPrincipalTest.java:[39,27] org.gbif.api.model.common.UserPrincipal in org.gbif.api.model.common has been deprecated
[WARNING] /tmp/tmp1f9gmzzr/gbif-api/src/test/java/org/gbif/api/model/common/UserPrincipalTest.java:[51,26] ADMIN in org.gbif.api.vocabulary.UserRole has been deprecated
[WARNING] /tmp/tmp1f9gmzzr/gbif-api/src/test/java/org/gbif/api/vocabulary/NomenclaturalStatusTest.java:[31,72] fromString(java.lang.String) in org.gbif.api.vocabulary.NomenclaturalStatus has been deprecated
[WARNING] /tmp/tmp1f9gmzzr/gbif-api/src/test/java/org/gbif/api/vocabulary/NomenclaturalStatusTest.java:[32,72] fromString(java.lang.String) in org.gbif.api.vocabulary.NomenclaturalStatus has been deprecated
[WARNING] /tmp/tmp1f9gmzzr/gbif-api/src/test/java/org/gbif/api/vocabulary/NomenclaturalStatusTest.java:[33,72] fromString(java.lang.String) in org.gbif.api.vocabulary.NomenclaturalStatus has been deprecated
[WARNING] /tmp/tmp1f9gmzzr/gbif-api/src/test/java/org/gbif/api/vocabulary/NomenclaturalStatusTest.java:[34,72] fromString(java.lang.String) in org.gbif.api.vocabulary.NomenclaturalStatus has been deprecated
[WARNING] /tmp/tmp1f9gmzzr/gbif-api/src/test/java/org/gbif/api/vocabulary/NomenclaturalStatusTest.java:[35,72] fromString(java.lang.String) in org.gbif.api.vocabulary.NomenclaturalStatus has been deprecated
[WARNING] /tmp/tmp1f9gmzzr/gbif-api/src/test/java/org/gbif/api/vocabulary/NomenclaturalStatusTest.java:[36,72] fromString(java.lang.String) in org.gbif.api.vocabulary.NomenclaturalStatus has been deprecated
[WARNING] /tmp/tmp1f9gmzzr/gbif-api/src/test/java/org/gbif/api/vocabulary/NomenclaturalStatusTest.java:[37,72] fromString(java.lang.String) in org.gbif.api.vocabulary.NomenclaturalStatus has been deprecated
[WARNING] /tmp/tmp1f9gmzzr/gbif-api/src/test/java/org/gbif/api/vocabulary/NomenclaturalStatusTest.java:[39,39] fromString(java.lang.String) in org.gbif.api.vocabulary.NomenclaturalStatus has been deprecated
[WARNING] /tmp/tmp1f9gmzzr/gbif-api/src/test/java/org/gbif/api/vocabulary/NomenclaturalStatusTest.java:[40,39] fromString(java.lang.String) in org.gbif.api.vocabulary.NomenclaturalStatus has been deprecated
[WARNING] /tmp/tmp1f9gmzzr/gbif-api/src/test/java/org/gbif/api/vocabulary/NomenclaturalStatusTest.java:[41,39] fromString(java.lang.String) in org.gbif.api.vocabulary.NomenclaturalStatus has been deprecated
[WARNING] /tmp/tmp1f9gmzzr/gbif-api/src/test/java/org/gbif/api/vocabulary/TaxonomicStatusTest.java:[28,31] DETERMINATION_SYNONYM in org.gbif.api.vocabulary.TaxonomicStatus has been deprecated
[WARNING] /tmp/tmp1f9gmzzr/gbif-api/src/test/java/org/gbif/api/vocabulary/InterpretationRemarkTest.java:[77,31] COORDINATE_PRECISION_UNCERTAINTY_MISMATCH in org.gbif.api.vocabulary.OccurrenceIssue has been deprecated
[WARNING] /tmp/tmp1f9gmzzr/gbif-api/src/test/java/org/gbif/api/model/occurrence/predicate/SimplePredicateTest.java:[57,21] <T>both(org.hamcrest.Matcher<? super T>) in org.junit.matchers.JUnitMatchers has been deprecated
[WARNING] /tmp/tmp1f9gmzzr/gbif-api/src/test/java/org/gbif/api/model/occurrence/predicate/SimplePredicateTest.java:[58,21] <T>both(org.hamcrest.Matcher<? super T>) in org.junit.matchers.JUnitMatchers has been deprecated
[WARNING] /tmp/tmp1f9gmzzr/gbif-api/src/test/java/org/gbif/api/model/occurrence/predicate/SimplePredicateTest.java:[59,21] <T>both(org.hamcrest.Matcher<? super T>) in org.junit.matchers.JUnitMatchers has been deprecated
[WARNING] /tmp/tmp1f9gmzzr/gbif-api/src/test/java/org/gbif/api/model/occurrence/predicate/NotPredicateTest.java:[43,21] <T>both(org.hamcrest.Matcher<? super T>) in org.junit.matchers.JUnitMatchers has been deprecated
[WARNING] /tmp/tmp1f9gmzzr/gbif-api/src/test/java/org/gbif/api/model/occurrence/predicate/NotPredicateTest.java:[58,32] <T>both(org.hamcrest.Matcher<? super T>) in org.junit.matchers.JUnitMatchers has been deprecated
[WARNING] /tmp/tmp1f9gmzzr/gbif-api/src/test/java/org/gbif/api/model/common/UserTest.java:[41,5] org.gbif.api.model.common.User in org.gbif.api.model.common has been deprecated
[WARNING] /tmp/tmp1f9gmzzr/gbif-api/src/test/java/org/gbif/api/model/common/UserTest.java:[41,18] org.gbif.api.model.common.User in org.gbif.api.model.common has been deprecated
[WARNING] /tmp/tmp1f9gmzzr/gbif-api/src/test/java/org/gbif/api/model/common/UserTest.java:[48,35] ADMIN in org.gbif.api.vocabulary.UserRole has been deprecated
[WARNING] /tmp/tmp1f9gmzzr/gbif-api/src/test/java/org/gbif/api/model/common/UserTest.java:[54,35] ADMIN in org.gbif.api.vocabulary.UserRole has been deprecated
[WARNING] /tmp/tmp1f9gmzzr/gbif-api/src/test/java/org/gbif/api/model/common/UserTest.java:[57,23] ADMIN in org.gbif.api.vocabulary.UserRole has been deprecated
[WARNING] /tmp/tmp1f9gmzzr/gbif-api/src/test/java/org/gbif/api/model/common/UserTest.java:[60,34] ADMIN in org.gbif.api.vocabulary.UserRole has been deprecated
[WARNING] /tmp/tmp1f9gmzzr/gbif-api/src/test/java/org/gbif/api/model/common/UserTest.java:[66,5] org.gbif.api.model.common.User in org.gbif.api.model.common has been deprecated
[WARNING] /tmp/tmp1f9gmzzr/gbif-api/src/test/java/org/gbif/api/model/common/UserTest.java:[66,18] org.gbif.api.model.common.User in org.gbif.api.model.common has been deprecated
[WARNING] /tmp/tmp1f9gmzzr/gbif-api/src/test/java/org/gbif/api/model/common/UserTest.java:[73,23] ADMIN in org.gbif.api.vocabulary.UserRole has been deprecated
[WARNING] /tmp/tmp1f9gmzzr/gbif-api/src/test/java/org/gbif/api/model/common/UserTest.java:[79,5] org.gbif.api.model.common.User in org.gbif.api.model.common has been deprecated
[WARNING] /tmp/tmp1f9gmzzr/gbif-api/src/test/java/org/gbif/api/model/common/UserTest.java:[79,18] org.gbif.api.model.common.User in org.gbif.api.model.common has been deprecated
[WARNING] /tmp/tmp1f9gmzzr/gbif-api/src/test/java/org/gbif/api/model/common/UserTest.java:[98,50] org.gbif.api.model.common.User in org.gbif.api.model.common has been deprecated
[WARNING] /tmp/tmp1f9gmzzr/gbif-api/src/test/java/org/gbif/api/model/common/UserTest.java:[99,29] org.gbif.api.model.common.User in org.gbif.api.model.common has been deprecated
[WARNING] /tmp/tmp1f9gmzzr/gbif-api/src/test/java/org/gbif/api/model/common/UserTest.java:[111,5] org.gbif.api.model.common.User in org.gbif.api.model.common has been deprecated
[WARNING] /tmp/tmp1f9gmzzr/gbif-api/src/test/java/org/gbif/api/model/common/UserTest.java:[111,18] org.gbif.api.model.common.User in org.gbif.api.model.common has been deprecated
[WARNING] /tmp/tmp1f9gmzzr/gbif-api/src/test/java/org/gbif/api/model/common/UserTest.java:[117,33] org.gbif.api.model.common.User in org.gbif.api.model.common has been deprecated
[WARNING] /tmp/tmp1f9gmzzr/gbif-api/src/test/java/org/gbif/api/model/common/UserTest.java:[122,5] org.gbif.api.model.common.User in org.gbif.api.model.common has been deprecated
[WARNING] /tmp/tmp1f9gmzzr/gbif-api/src/test/java/org/gbif/api/model/common/UserTest.java:[122,18] org.gbif.api.model.common.User in org.gbif.api.model.common has been deprecated
[WARNING] /tmp/tmp1f9gmzzr/gbif-api/src/test/java/org/gbif/api/model/common/UserTest.java:[131,33] org.gbif.api.model.common.User in org.gbif.api.model.common has been deprecated
[WARNING] /tmp/tmp1f9gmzzr/gbif-api/src/test/java/org/gbif/api/model/common/UserTest.java:[136,5] org.gbif.api.model.common.User in org.gbif.api.model.common has been deprecated
[WARNING] /tmp/tmp1f9gmzzr/gbif-api/src/test/java/org/gbif/api/model/common/UserTest.java:[136,18] org.gbif.api.model.common.User in org.gbif.api.model.common has been deprecated
[WARNING] /tmp/tmp1f9gmzzr/gbif-api/src/test/java/org/gbif/api/model/checklistbank/VerbatimNameUsageTest.java:[202,28] org.apache.commons.lang3.RandomStringUtils in org.apache.commons.lang3 has been deprecated
[WARNING] /tmp/tmp1f9gmzzr/gbif-api/src/test/java/org/gbif/api/model/checklistbank/VerbatimNameUsageTest.java:[207,28] org.apache.commons.lang3.RandomStringUtils in org.apache.commons.lang3 has been deprecated
[WARNING] /tmp/tmp1f9gmzzr/gbif-api/src/test/java/org/gbif/api/model/checklistbank/VerbatimNameUsageTest.java:[212,28] org.apache.commons.lang3.RandomStringUtils in org.apache.commons.lang3 has been deprecated
[WARNING] /tmp/tmp1f9gmzzr/gbif-api/src/test/java/org/gbif/api/model/checklistbank/VerbatimNameUsageTest.java:[217,28] org.apache.commons.lang3.RandomStringUtils in org.apache.commons.lang3 has been deprecated
[WARNING] /tmp/tmp1f9gmzzr/gbif-api/src/test/java/org/gbif/api/model/checklistbank/VerbatimNameUsageTest.java:[224,76] org.apache.commons.lang3.RandomStringUtils in org.apache.commons.lang3 has been deprecated
[WARNING] /tmp/tmp1f9gmzzr/gbif-api/src/test/java/org/gbif/api/model/checklistbank/VerbatimNameUsageTest.java:[225,69] org.apache.commons.lang3.RandomStringUtils in org.apache.commons.lang3 has been deprecated
[WARNING] /tmp/tmp1f9gmzzr/gbif-api/src/test/java/org/gbif/api/model/checklistbank/VerbatimNameUsageTest.java:[227,80] org.apache.commons.lang3.RandomStringUtils in org.apache.commons.lang3 has been deprecated
[WARNING] /tmp/tmp1f9gmzzr/gbif-api/src/test/java/org/gbif/api/model/occurrence/OccurrenceTest.java:[273,34] org.apache.commons.lang3.RandomStringUtils in org.apache.commons.lang3 has been deprecated
[WARNING] /tmp/tmp1f9gmzzr/gbif-api/src/test/java/org/gbif/api/model/occurrence/OccurrenceTest.java:[279,34] org.apache.commons.lang3.RandomStringUtils in org.apache.commons.lang3 has been deprecated
[WARNING] /tmp/tmp1f9gmzzr/gbif-api/src/test/java/org/gbif/api/model/occurrence/OccurrenceTest.java:[285,34] org.apache.commons.lang3.RandomStringUtils in org.apache.commons.lang3 has been deprecated
[WARNING] /tmp/tmp1f9gmzzr/gbif-api/src/test/java/org/gbif/api/model/occurrence/OccurrenceTest.java:[291,34] org.apache.commons.lang3.RandomStringUtils in org.apache.commons.lang3 has been deprecated
[WARNING] /tmp/tmp1f9gmzzr/gbif-api/src/test/java/org/gbif/api/model/occurrence/OccurrenceTest.java:[298,80] org.apache.commons.lang3.RandomStringUtils in org.apache.commons.lang3 has been deprecated
[WARNING] /tmp/tmp1f9gmzzr/gbif-api/src/test/java/org/gbif/api/model/occurrence/OccurrenceTest.java:[299,73] org.apache.commons.lang3.RandomStringUtils in org.apache.commons.lang3 has been deprecated
[WARNING] /tmp/tmp1f9gmzzr/gbif-api/src/test/java/org/gbif/api/model/occurrence/OccurrenceTest.java:[302,9] org.apache.commons.lang3.RandomStringUtils in org.apache.commons.lang3 has been deprecated
[WARNING] /tmp/tmp1f9gmzzr/gbif-api/src/test/java/org/gbif/api/model/occurrence/VerbatimOccurrenceTest.java:[164,32] org.apache.commons.lang3.RandomStringUtils in org.apache.commons.lang3 has been deprecated
[WARNING] /tmp/tmp1f9gmzzr/gbif-api/src/test/java/org/gbif/api/model/occurrence/VerbatimOccurrenceTest.java:[169,32] org.apache.commons.lang3.RandomStringUtils in org.apache.commons.lang3 has been deprecated
[WARNING] /tmp/tmp1f9gmzzr/gbif-api/src/test/java/org/gbif/api/model/occurrence/VerbatimOccurrenceTest.java:[174,32] org.apache.commons.lang3.RandomStringUtils in org.apache.commons.lang3 has been deprecated
[WARNING] /tmp/tmp1f9gmzzr/gbif-api/src/test/java/org/gbif/api/model/occurrence/VerbatimOccurrenceTest.java:[179,32] org.apache.commons.lang3.RandomStringUtils in org.apache.commons.lang3 has been deprecated
[WARNING] /tmp/tmp1f9gmzzr/gbif-api/src/test/java/org/gbif/api/model/occurrence/VerbatimOccurrenceTest.java:[186,80] org.apache.commons.lang3.RandomStringUtils in org.apache.commons.lang3 has been deprecated
[WARNING] /tmp/tmp1f9gmzzr/gbif-api/src/test/java/org/gbif/api/model/occurrence/VerbatimOccurrenceTest.java:[187,73] org.apache.commons.lang3.RandomStringUtils in org.apache.commons.lang3 has been deprecated
[WARNING] /tmp/tmp1f9gmzzr/gbif-api/src/test/java/org/gbif/api/model/occurrence/VerbatimOccurrenceTest.java:[190,7] org.apache.commons.lang3.RandomStringUtils in org.apache.commons.lang3 has been deprecated
[WARNING] /tmp/tmp1f9gmzzr/gbif-api/src/test/java/org/gbif/api/model/occurrence/predicate/InPredicateTest.java:[68,21] <T>both(org.hamcrest.Matcher<? super T>) in org.junit.matchers.JUnitMatchers has been deprecated
[WARNING] /tmp/tmp1f9gmzzr/gbif-api/src/test/java/org/gbif/api/model/occurrence/predicate/InPredicateTest.java:[86,32] <T>both(org.hamcrest.Matcher<? super T>) in org.junit.matchers.JUnitMatchers has been deprecated
[WARNING] /tmp/tmp1f9gmzzr/gbif-api/src/test/java/org/gbif/api/model/common/GbifUserTest.java:[52,35] ADMIN in org.gbif.api.vocabulary.UserRole has been deprecated
[WARNING] /tmp/tmp1f9gmzzr/gbif-api/src/test/java/org/gbif/api/model/common/GbifUserTest.java:[58,35] ADMIN in org.gbif.api.vocabulary.UserRole has been deprecated
[WARNING] /tmp/tmp1f9gmzzr/gbif-api/src/test/java/org/gbif/api/model/common/GbifUserTest.java:[61,23] ADMIN in org.gbif.api.vocabulary.UserRole has been deprecated
[WARNING] /tmp/tmp1f9gmzzr/gbif-api/src/test/java/org/gbif/api/model/common/GbifUserTest.java:[64,34] ADMIN in org.gbif.api.vocabulary.UserRole has been deprecated
[INFO] 
[INFO] --- maven-surefire-plugin:2.19.1:test (default-test) @ gbif-api ---
[INFO] Surefire report directory: /tmp/tmp1f9gmzzr/gbif-api/target/surefire-reports

-------------------------------------------------------
 T E S T S
-------------------------------------------------------
Running org.gbif.api.vocabulary.RolesTest
Tests run: 1, Failures: 0, Errors: 0, Skipped: 0, Time elapsed: 0.064 sec - in org.gbif.api.vocabulary.RolesTest
Running org.gbif.api.vocabulary.TypeStatusTest
Tests run: 3, Failures: 0, Errors: 0, Skipped: 0, Time elapsed: 0.091 sec - in org.gbif.api.vocabulary.TypeStatusTest
Running org.gbif.api.vocabulary.ContinentTest
Tests run: 2, Failures: 0, Errors: 0, Skipped: 0, Time elapsed: 0.067 sec - in org.gbif.api.vocabulary.ContinentTest
Running org.gbif.api.model.occurrence.predicate.LikePredicateTest
Tests run: 4, Failures: 0, Errors: 0, Skipped: 0, Time elapsed: 0.138 sec - in org.gbif.api.model.occurrence.predicate.LikePredicateTest
Running org.gbif.api.model.common.UserPrincipalTest
Tests run: 1, Failures: 0, Errors: 0, Skipped: 0, Time elapsed: 0.245 sec - in org.gbif.api.model.common.UserPrincipalTest
Running org.gbif.api.jackson.LicenseSerdeTest
Tests run: 3, Failures: 0, Errors: 0, Skipped: 0, Time elapsed: 0.22 sec - in org.gbif.api.jackson.LicenseSerdeTest
Running org.gbif.api.model.common.search.SearchRequestTest
Tests run: 1, Failures: 0, Errors: 0, Skipped: 0, Time elapsed: 0.037 sec - in org.gbif.api.model.common.search.SearchRequestTest
Running org.gbif.api.util.LengthUtilsTest
Tests run: 2, Failures: 0, Errors: 0, Skipped: 0, Time elapsed: 0.032 sec - in org.gbif.api.util.LengthUtilsTest
Running org.gbif.api.model.checklistbank.ParsedNameTest
Tests run: 8, Failures: 0, Errors: 0, Skipped: 0, Time elapsed: 0.286 sec - in org.gbif.api.model.checklistbank.ParsedNameTest
Running org.gbif.api.jackson.RankSerdeTest
Tests run: 1, Failures: 0, Errors: 0, Skipped: 0, Time elapsed: 0.196 sec - in org.gbif.api.jackson.RankSerdeTest
Running org.gbif.api.model.checklistbank.TypeSpecimenTest
Tests run: 1, Failures: 0, Errors: 0, Skipped: 0, Time elapsed: 0.034 sec - in org.gbif.api.model.checklistbank.TypeSpecimenTest
Running org.gbif.api.vocabulary.LanguageTest
Tests run: 8, Failures: 0, Errors: 0, Skipped: 0, Time elapsed: 0.258 sec - in org.gbif.api.vocabulary.LanguageTest
Running org.gbif.api.util.DatasetKeyTest
Tests run: 17, Failures: 0, Errors: 0, Skipped: 0, Time elapsed: 0.049 sec - in org.gbif.api.util.DatasetKeyTest
Running org.gbif.api.model.common.search.SearchResponseTest
Tests run: 1, Failures: 0, Errors: 0, Skipped: 0, Time elapsed: 0.033 sec - in org.gbif.api.model.common.search.SearchResponseTest
Running org.gbif.api.model.crawler.CrawlJobTest
Tests run: 1, Failures: 0, Errors: 0, Skipped: 0, Time elapsed: 0.057 sec - in org.gbif.api.model.crawler.CrawlJobTest
Running org.gbif.api.vocabulary.DatasetSubtypeTest
Tests run: 4, Failures: 0, Errors: 0, Skipped: 0, Time elapsed: 0.071 sec - in org.gbif.api.vocabulary.DatasetSubtypeTest
Running org.gbif.api.util.SearchTypeValidatorTest
Tests run: 101, Failures: 0, Errors: 0, Skipped: 0, Time elapsed: 0.258 sec - in org.gbif.api.util.SearchTypeValidatorTest
Running org.gbif.api.util.SearchTypeValidatorDoubleRangeTest
Tests run: 7, Failures: 0, Errors: 0, Skipped: 0, Time elapsed: 0.088 sec - in org.gbif.api.util.SearchTypeValidatorDoubleRangeTest
Running org.gbif.api.util.comparators.EndpointCreatedComparatorTest
Tests run: 2, Failures: 0, Errors: 0, Skipped: 0, Time elapsed: 0.042 sec - in org.gbif.api.util.comparators.EndpointCreatedComparatorTest
Running org.gbif.api.model.crawler.OccurrenceValidationReportTest
Tests run: 7, Failures: 0, Errors: 0, Skipped: 0, Time elapsed: 0.035 sec - in org.gbif.api.model.crawler.OccurrenceValidationReportTest
Running org.gbif.api.vocabulary.MaintenanceUpdateFrequencyTest
Tests run: 1, Failures: 0, Errors: 0, Skipped: 0, Time elapsed: 0.073 sec - in org.gbif.api.vocabulary.MaintenanceUpdateFrequencyTest
Running org.gbif.api.model.checklistbank.VerbatimNameUsageTest
Tests run: 9, Failures: 0, Errors: 0, Skipped: 0, Time elapsed: 0.325 sec - in org.gbif.api.model.checklistbank.VerbatimNameUsageTest
Running org.gbif.api.model.common.UserTest
Tests run: 6, Failures: 0, Errors: 0, Skipped: 0, Time elapsed: 0.49 sec - in org.gbif.api.model.common.UserTest
Running org.gbif.api.util.IsoDateParsingUtilsTest
Tests run: 13, Failures: 0, Errors: 0, Skipped: 0, Time elapsed: 0.059 sec - in org.gbif.api.util.IsoDateParsingUtilsTest
Running org.gbif.api.vocabulary.ContactTypeTest
Tests run: 1, Failures: 0, Errors: 0, Skipped: 0, Time elapsed: 0.069 sec - in org.gbif.api.vocabulary.ContactTypeTest
Running org.gbif.api.vocabulary.CountryTest
Tests run: 11, Failures: 0, Errors: 0, Skipped: 0, Time elapsed: 0.244 sec - in org.gbif.api.vocabulary.CountryTest
Running org.gbif.api.vocabulary.DatasetTypeTest
Tests run: 1, Failures: 0, Errors: 0, Skipped: 0, Time elapsed: 0.068 sec - in org.gbif.api.vocabulary.DatasetTypeTest
Running org.gbif.api.model.crawler.DwcaValidationReportTest
Tests run: 1, Failures: 0, Errors: 0, Skipped: 0, Time elapsed: 0.062 sec - in org.gbif.api.model.crawler.DwcaValidationReportTest
Running org.gbif.api.model.occurrence.predicate.WithinPredicateTest
Tests run: 9, Failures: 0, Errors: 0, Skipped: 1, Time elapsed: 0.248 sec - in org.gbif.api.model.occurrence.predicate.WithinPredicateTest
Running org.gbif.api.model.occurrence.OccurrenceTest
Tests run: 14, Failures: 0, Errors: 0, Skipped: 0, Time elapsed: 0.461 sec - in org.gbif.api.model.occurrence.OccurrenceTest
Running org.gbif.api.model.common.DoiDataTest
Tests run: 2, Failures: 0, Errors: 0, Skipped: 0, Time elapsed: 0.216 sec - in org.gbif.api.model.common.DoiDataTest
Running org.gbif.api.model.checklistbank.DescriptionTest
Tests run: 1, Failures: 0, Errors: 0, Skipped: 0, Time elapsed: 0.036 sec - in org.gbif.api.model.checklistbank.DescriptionTest
Running org.gbif.api.model.common.DOITest
Tests run: 5, Failures: 0, Errors: 0, Skipped: 0, Time elapsed: 0.229 sec - in org.gbif.api.model.common.DOITest
Running org.gbif.api.model.occurrence.predicate.SimplePredicateTest
Tests run: 13, Failures: 0, Errors: 0, Skipped: 0, Time elapsed: 0.402 sec - in org.gbif.api.model.occurrence.predicate.SimplePredicateTest
Running org.gbif.api.util.SearchTypeValidatorIntegerRangeTest
Tests run: 8, Failures: 0, Errors: 0, Skipped: 0, Time elapsed: 0.089 sec - in org.gbif.api.util.SearchTypeValidatorIntegerRangeTest
Running org.gbif.api.model.checklistbank.DistributionTest
Tests run: 1, Failures: 0, Errors: 0, Skipped: 0, Time elapsed: 0.04 sec - in org.gbif.api.model.checklistbank.DistributionTest
Running org.gbif.api.vocabulary.TaxonomicStatusTest
Tests run: 1, Failures: 0, Errors: 0, Skipped: 0, Time elapsed: 0.035 sec - in org.gbif.api.vocabulary.TaxonomicStatusTest
Running org.gbif.api.model.checklistbank.VernacularNameTest
Tests run: 1, Failures: 0, Errors: 0, Skipped: 0, Time elapsed: 0.042 sec - in org.gbif.api.model.checklistbank.VernacularNameTest
Running org.gbif.api.vocabulary.LicenseTest
Tests run: 4, Failures: 0, Errors: 0, Skipped: 0, Time elapsed: 0.036 sec - in org.gbif.api.vocabulary.LicenseTest
Running org.gbif.api.vocabulary.RankTest
Tests run: 10, Failures: 0, Errors: 0, Skipped: 0, Time elapsed: 0.038 sec - in org.gbif.api.vocabulary.RankTest
Running org.gbif.api.util.ClassificationUtilsTest
Tests run: 1, Failures: 0, Errors: 0, Skipped: 0, Time elapsed: 0.086 sec - in org.gbif.api.util.ClassificationUtilsTest
Running org.gbif.api.jackson.MapEntrySerdeTest
Tests run: 1, Failures: 0, Errors: 0, Skipped: 0, Time elapsed: 0.246 sec - in org.gbif.api.jackson.MapEntrySerdeTest
Running org.gbif.api.vocabulary.KingdomTest
Tests run: 5, Failures: 0, Errors: 0, Skipped: 0, Time elapsed: 0.037 sec - in org.gbif.api.vocabulary.KingdomTest
Running org.gbif.api.model.common.search.FacetTest
Tests run: 1, Failures: 0, Errors: 0, Skipped: 0, Time elapsed: 0.036 sec - in org.gbif.api.model.common.search.FacetTest
Running org.gbif.api.model.common.IdentifierTest
Tests run: 2, Failures: 0, Errors: 0, Skipped: 0, Time elapsed: 0.034 sec - in org.gbif.api.model.common.IdentifierTest
Running org.gbif.api.model.registry.NetworkTest
Tests run: 1, Failures: 0, Errors: 0, Skipped: 0, Time elapsed: 0.353 sec - in org.gbif.api.model.registry.NetworkTest
Running org.gbif.api.model.occurrence.DownloadRequestTest
Tests run: 10, Failures: 0, Errors: 0, Skipped: 0, Time elapsed: 0.56 sec - in org.gbif.api.model.occurrence.DownloadRequestTest
Running org.gbif.api.model.occurrence.VerbatimOccurrenceTest
Tests run: 7, Failures: 0, Errors: 0, Skipped: 0, Time elapsed: 0.348 sec - in org.gbif.api.model.occurrence.VerbatimOccurrenceTest
Running org.gbif.api.model.registry.DatasetTest
Tests run: 2, Failures: 0, Errors: 0, Skipped: 0, Time elapsed: 0.384 sec - in org.gbif.api.model.registry.DatasetTest
Running org.gbif.api.util.comparators.EndpointPriorityComparatorTest
Tests run: 4, Failures: 0, Errors: 0, Skipped: 0, Time elapsed: 0.034 sec - in org.gbif.api.util.comparators.EndpointPriorityComparatorTest
Running org.gbif.api.model.checklistbank.NameUsageMediaObjectTest
Tests run: 1, Failures: 0, Errors: 0, Skipped: 0, Time elapsed: 0.032 sec - in org.gbif.api.model.checklistbank.NameUsageMediaObjectTest
Running org.gbif.api.util.UnicodeUtilsTest
Tests run: 2, Failures: 0, Errors: 0, Skipped: 0, Time elapsed: 0.059 sec - in org.gbif.api.util.UnicodeUtilsTest
Running org.gbif.api.model.common.paging.PagingRequestTest
Tests run: 4, Failures: 0, Errors: 0, Skipped: 0, Time elapsed: 0.034 sec - in org.gbif.api.model.common.paging.PagingRequestTest
Running org.gbif.api.util.formatter.TemporalCoverageFormatterVisitorTest
Tests run: 1, Failures: 0, Errors: 0, Skipped: 0, Time elapsed: 0.034 sec - in org.gbif.api.util.formatter.TemporalCoverageFormatterVisitorTest
Running org.gbif.api.model.pipelines.PipelineProcessTest
Tests run: 2, Failures: 0, Errors: 0, Skipped: 0, Time elapsed: 0.084 sec - in org.gbif.api.model.pipelines.PipelineProcessTest
Running org.gbif.api.vocabulary.ExtensionTest
Tests run: 1, Failures: 0, Errors: 0, Skipped: 0, Time elapsed: 0.035 sec - in org.gbif.api.vocabulary.ExtensionTest
Running org.gbif.api.vocabulary.IdentifierTypeTest
Tests run: 2, Failures: 0, Errors: 0, Skipped: 0, Time elapsed: 0.036 sec - in org.gbif.api.vocabulary.IdentifierTypeTest
Running org.gbif.api.model.pipelines.PipelineExecutionTest
Tests run: 1, Failures: 0, Errors: 0, Skipped: 0, Time elapsed: 0.072 sec - in org.gbif.api.model.pipelines.PipelineExecutionTest
Running org.gbif.api.model.crawler.DatasetProcessStatusTest
Tests run: 1, Failures: 0, Errors: 0, Skipped: 0, Time elapsed: 0.241 sec - in org.gbif.api.model.crawler.DatasetProcessStatusTest
Running org.gbif.api.model.occurrence.predicate.NotPredicateTest
Tests run: 4, Failures: 0, Errors: 0, Skipped: 0, Time elapsed: 0.264 sec - in org.gbif.api.model.occurrence.predicate.NotPredicateTest
Running org.gbif.api.model.registry.IdentifierTest
Tests run: 1, Failures: 0, Errors: 0, Skipped: 0, Time elapsed: 0.033 sec - in org.gbif.api.model.registry.IdentifierTest
Running org.gbif.api.model.common.GbifUserTest
Tests run: 6, Failures: 0, Errors: 0, Skipped: 0, Time elapsed: 0.492 sec - in org.gbif.api.model.common.GbifUserTest
Running org.gbif.api.vocabulary.InterpretationRemarkTest
Tests run: 3, Failures: 0, Errors: 0, Skipped: 0, Time elapsed: 0.115 sec - in org.gbif.api.vocabulary.InterpretationRemarkTest
Running org.gbif.api.model.checklistbank.DatasetMetricsTest
Tests run: 1, Failures: 0, Errors: 0, Skipped: 0, Time elapsed: 0.034 sec - in org.gbif.api.model.checklistbank.DatasetMetricsTest
Running org.gbif.api.model.occurrence.predicate.CompoundPredicateTest
Tests run: 6, Failures: 0, Errors: 0, Skipped: 0, Time elapsed: 0.332 sec - in org.gbif.api.model.occurrence.predicate.CompoundPredicateTest
Running org.gbif.api.model.registry.eml.ProjectTest
Tests run: 1, Failures: 0, Errors: 0, Skipped: 0, Time elapsed: 0.033 sec - in org.gbif.api.model.registry.eml.ProjectTest
Running org.gbif.api.model.occurrence.predicate.InPredicateTest
Tests run: 7, Failures: 0, Errors: 0, Skipped: 0, Time elapsed: 0.317 sec - in org.gbif.api.model.occurrence.predicate.InPredicateTest
Running org.gbif.api.model.registry.ContactTest
Tests run: 2, Failures: 0, Errors: 0, Skipped: 0, Time elapsed: 0.082 sec - in org.gbif.api.model.registry.ContactTest
Running org.gbif.api.model.checklistbank.ReferenceTest
Tests run: 1, Failures: 0, Errors: 0, Skipped: 0, Time elapsed: 0.034 sec - in org.gbif.api.model.checklistbank.ReferenceTest
Running org.gbif.api.model.metrics.cube.ReadBuilderTest
Tests run: 1, Failures: 0, Errors: 0, Skipped: 0, Time elapsed: 0.051 sec - in org.gbif.api.model.metrics.cube.ReadBuilderTest
Running org.gbif.api.model.common.search.FacetCountTest
Tests run: 1, Failures: 0, Errors: 0, Skipped: 0, Time elapsed: 0.032 sec - in org.gbif.api.model.common.search.FacetCountTest
Running org.gbif.api.model.checklistbank.NameUsageContainerTest
Tests run: 14, Failures: 0, Errors: 0, Skipped: 0, Time elapsed: 0.1 sec - in org.gbif.api.model.checklistbank.NameUsageContainerTest
Running org.gbif.api.util.IdentifierUtilsTest
Tests run: 27, Failures: 0, Errors: 0, Skipped: 0, Time elapsed: 0.048 sec - in org.gbif.api.util.IdentifierUtilsTest
Running org.gbif.api.model.crawler.GenericValidationReportTest
Tests run: 4, Failures: 0, Errors: 0, Skipped: 0, Time elapsed: 0.037 sec - in org.gbif.api.model.crawler.GenericValidationReportTest
Running org.gbif.api.jackson.DateDeserTest
Tests run: 2, Failures: 0, Errors: 0, Skipped: 0, Time elapsed: 0.247 sec - in org.gbif.api.jackson.DateDeserTest
Running org.gbif.api.util.VocabularyUtilsTest
Tests run: 7, Failures: 0, Errors: 0, Skipped: 0, Time elapsed: 0.086 sec - in org.gbif.api.util.VocabularyUtilsTest
Running org.gbif.api.model.registry.NodeTest
Tests run: 1, Failures: 0, Errors: 0, Skipped: 0, Time elapsed: 0.357 sec - in org.gbif.api.model.registry.NodeTest
Running org.gbif.api.model.registry.OrganizationTest
Tests run: 1, Failures: 0, Errors: 0, Skipped: 0, Time elapsed: 0.351 sec - in org.gbif.api.model.registry.OrganizationTest
Running org.gbif.api.model.common.paging.PagingResponseTest
Tests run: 1, Failures: 0, Errors: 0, Skipped: 0, Time elapsed: 0.037 sec - in org.gbif.api.model.common.paging.PagingResponseTest
Running org.gbif.api.model.common.MediaObjectTest
Tests run: 1, Failures: 0, Errors: 0, Skipped: 0, Time elapsed: 0.035 sec - in org.gbif.api.model.common.MediaObjectTest
Running org.gbif.api.model.checklistbank.SpeciesProfileTest
Tests run: 1, Failures: 0, Errors: 0, Skipped: 0, Time elapsed: 0.033 sec - in org.gbif.api.model.checklistbank.SpeciesProfileTest
Running org.gbif.api.vocabulary.NomenclaturalStatusTest
Tests run: 2, Failures: 0, Errors: 0, Skipped: 0, Time elapsed: 0.039 sec - in org.gbif.api.vocabulary.NomenclaturalStatusTest
Running org.gbif.api.model.registry.TagTest
Tests run: 2, Failures: 0, Errors: 0, Skipped: 0, Time elapsed: 0.325 sec - in org.gbif.api.model.registry.TagTest
Running org.gbif.api.vocabulary.NameTypeTest
Tests run: 2, Failures: 0, Errors: 0, Skipped: 0, Time elapsed: 0.036 sec - in org.gbif.api.vocabulary.NameTypeTest
Running org.gbif.api.model.metrics.RecordErrorTest
Tests run: 1, Failures: 0, Errors: 0, Skipped: 0, Time elapsed: 0.035 sec - in org.gbif.api.model.metrics.RecordErrorTest
Running org.gbif.api.model.checklistbank.NameUsageTest
Tests run: 9, Failures: 0, Errors: 0, Skipped: 0, Time elapsed: 0.325 sec - in org.gbif.api.model.checklistbank.NameUsageTest

Results :

Tests run: 445, Failures: 0, Errors: 0, Skipped: 1

[INFO] 
[INFO] --- jacoco-maven-plugin:0.8.5:report (report) @ gbif-api ---
[INFO] Skipping JaCoCo execution due to missing execution data file.
[INFO] ------------------------------------------------------------------------
[INFO] BUILD SUCCESS
[INFO] ------------------------------------------------------------------------
[INFO] Total time:  01:10 min
[INFO] Finished at: 2020-08-03T11:27:43Z
[INFO] ------------------------------------------------------------------------
