[INFO] Error stacktraces are turned on.
[INFO] Scanning for projects...
[INFO] 
[INFO] ---------------------------< nl.big-o:liqp >----------------------------
[INFO] Building Liqp 0.7.10-SNAPSHOT
[INFO] --------------------------------[ jar ]---------------------------------
[INFO] 
[INFO] --- maven-enforcer-plugin:3.0.0-M2:enforce (enforce-maven) @ liqp ---
[INFO] 
[INFO] --- jacoco-maven-plugin:0.8.5:prepare-agent (default) @ liqp ---
[INFO] argLine set to -javaagent:/home/jdbl/.m2/repository/org/jacoco/org.jacoco.agent/0.8.5/org.jacoco.agent-0.8.5-runtime.jar=destfile=/tmp/tmp9syhivtb/Liqp/target/jacoco.exec
[INFO] 
[INFO] --- antlr4-maven-plugin:4.7.2:antlr4 (default) @ liqp ---
[INFO] ANTLR 4: Processing source directory /tmp/tmp9syhivtb/Liqp/src/main/antlr4
[INFO] Processing grammar: liquid/parser/v4/LiquidLexer.g4
[INFO] Processing grammar: liquid/parser/v4/LiquidParser.g4
[INFO] 
[INFO] --- maven-resources-plugin:2.6:resources (default-resources) @ liqp ---
[INFO] Using 'UTF-8' encoding to copy filtered resources.
[INFO] skip non existing resourceDirectory /tmp/tmp9syhivtb/Liqp/src/main/resources
[INFO] 
[INFO] --- maven-compiler-plugin:3.8.0:compile (default-compile) @ liqp ---
[INFO] Changes detected - recompiling the module!
[INFO] Compiling 110 source files to /tmp/tmp9syhivtb/Liqp/target/classes
[INFO] /tmp/tmp9syhivtb/Liqp/src/main/java/liqp/LValue.java: Some input files use unchecked or unsafe operations.
[INFO] /tmp/tmp9syhivtb/Liqp/src/main/java/liqp/LValue.java: Recompile with -Xlint:unchecked for details.
[INFO] 
[INFO] --- maven-resources-plugin:2.6:testResources (default-testResources) @ liqp ---
[INFO] Using 'UTF-8' encoding to copy filtered resources.
[INFO] skip non existing resourceDirectory /tmp/tmp9syhivtb/Liqp/src/test/resources
[INFO] 
[INFO] --- maven-compiler-plugin:3.8.0:testCompile (default-testCompile) @ liqp ---
[INFO] Changes detected - recompiling the module!
[INFO] Compiling 91 source files to /tmp/tmp9syhivtb/Liqp/target/test-classes
[INFO] /tmp/tmp9syhivtb/Liqp/src/test/java/liqp/tags/IncludeTest.java: /tmp/tmp9syhivtb/Liqp/src/test/java/liqp/tags/IncludeTest.java uses or overrides a deprecated API.
[INFO] /tmp/tmp9syhivtb/Liqp/src/test/java/liqp/tags/IncludeTest.java: Recompile with -Xlint:deprecation for details.
[INFO] /tmp/tmp9syhivtb/Liqp/src/test/java/liqp/filters/where/JekyllWhereImplTest.java: /tmp/tmp9syhivtb/Liqp/src/test/java/liqp/filters/where/JekyllWhereImplTest.java uses unchecked or unsafe operations.
[INFO] /tmp/tmp9syhivtb/Liqp/src/test/java/liqp/filters/where/JekyllWhereImplTest.java: Recompile with -Xlint:unchecked for details.
[INFO] 
[INFO] --- maven-surefire-plugin:2.19.1:test (default-test) @ liqp ---
[INFO] Surefire report directory: /tmp/tmp9syhivtb/Liqp/target/surefire-reports

-------------------------------------------------------
 T E S T S
-------------------------------------------------------
Running liqp.ProtectionSettingsTest
Tests run: 13, Failures: 0, Errors: 0, Skipped: 0, Time elapsed: 0.77 sec - in liqp.ProtectionSettingsTest
Running liqp.filters.CapitalizeTest
Tests run: 2, Failures: 0, Errors: 0, Skipped: 0, Time elapsed: 0 sec - in liqp.filters.CapitalizeTest
Running liqp.filters.Url_DecodeTest
Tests run: 1, Failures: 0, Errors: 0, Skipped: 0, Time elapsed: 0 sec - in liqp.filters.Url_DecodeTest
Running liqp.filters.FilterTest
Tests run: 2, Failures: 0, Errors: 0, Skipped: 0, Time elapsed: 0 sec - in liqp.filters.FilterTest
Running liqp.filters.LstripTest
Tests run: 1, Failures: 0, Errors: 0, Skipped: 0, Time elapsed: 0 sec - in liqp.filters.LstripTest
Running liqp.filters.PrependTest
Tests run: 2, Failures: 0, Errors: 0, Skipped: 0, Time elapsed: 0 sec - in liqp.filters.PrependTest
Running liqp.filters.LastTest
Tests run: 3, Failures: 0, Errors: 0, Skipped: 0, Time elapsed: 0.002 sec - in liqp.filters.LastTest
Running liqp.filters.UniqTest
Tests run: 1, Failures: 0, Errors: 0, Skipped: 0, Time elapsed: 0.005 sec - in liqp.filters.UniqTest
Running liqp.filters.UpcaseTest
Tests run: 2, Failures: 0, Errors: 0, Skipped: 0, Time elapsed: 0.001 sec - in liqp.filters.UpcaseTest
Running liqp.filters.StripTest
Tests run: 1, Failures: 0, Errors: 0, Skipped: 0, Time elapsed: 0.003 sec - in liqp.filters.StripTest
Running liqp.filters.AppendTest
Tests run: 2, Failures: 0, Errors: 0, Skipped: 0, Time elapsed: 0.003 sec - in liqp.filters.AppendTest
Running liqp.filters.FirstTest
Tests run: 3, Failures: 0, Errors: 0, Skipped: 0, Time elapsed: 0.001 sec - in liqp.filters.FirstTest
Running liqp.filters.TruncateTest
Tests run: 2, Failures: 0, Errors: 0, Skipped: 0, Time elapsed: 0.006 sec - in liqp.filters.TruncateTest
Running liqp.filters.Sort_NaturalTest
Tests run: 1, Failures: 0, Errors: 0, Skipped: 0, Time elapsed: 0.005 sec - in liqp.filters.Sort_NaturalTest
Running liqp.filters.Newline_To_BrTest
Tests run: 1, Failures: 0, Errors: 0, Skipped: 0, Time elapsed: 0 sec - in liqp.filters.Newline_To_BrTest
Running liqp.filters.where.LiquidWhereImplTest
Tests run: 7, Failures: 0, Errors: 0, Skipped: 0, Time elapsed: 0.095 sec - in liqp.filters.where.LiquidWhereImplTest
Running liqp.filters.where.JekyllWhereImplTest
Tests run: 9, Failures: 0, Errors: 0, Skipped: 0, Time elapsed: 0.076 sec - in liqp.filters.where.JekyllWhereImplTest
Running liqp.filters.HTest
Tests run: 2, Failures: 0, Errors: 0, Skipped: 0, Time elapsed: 0.004 sec - in liqp.filters.HTest
Running liqp.filters.Escape_OnceTest
Tests run: 2, Failures: 0, Errors: 0, Skipped: 0, Time elapsed: 0.005 sec - in liqp.filters.Escape_OnceTest
Running liqp.filters.DateTest
Tests run: 3, Failures: 0, Errors: 0, Skipped: 0, Time elapsed: 0.021 sec - in liqp.filters.DateTest
Running liqp.filters.SplitTest
Tests run: 2, Failures: 0, Errors: 0, Skipped: 0, Time elapsed: 0.001 sec - in liqp.filters.SplitTest
Running liqp.filters.Url_EncodeTest
Tests run: 1, Failures: 0, Errors: 0, Skipped: 0, Time elapsed: 0.001 sec - in liqp.filters.Url_EncodeTest
Running liqp.filters.DefaultTest
Tests run: 1, Failures: 0, Errors: 0, Skipped: 0, Time elapsed: 0 sec - in liqp.filters.DefaultTest
Running liqp.filters.MapTest
Tests run: 2, Failures: 0, Errors: 0, Skipped: 0, Time elapsed: 0.004 sec - in liqp.filters.MapTest
Running liqp.filters.At_MostTest
Tests run: 1, Failures: 0, Errors: 0, Skipped: 0, Time elapsed: 0.003 sec - in liqp.filters.At_MostTest
Running liqp.filters.CeilTest
Tests run: 1, Failures: 0, Errors: 0, Skipped: 0, Time elapsed: 0.001 sec - in liqp.filters.CeilTest
Running liqp.filters.Replace_FirstTest
Tests run: 4, Failures: 0, Errors: 0, Skipped: 0, Time elapsed: 0.004 sec - in liqp.filters.Replace_FirstTest
Running liqp.filters.RoundTest
Tests run: 1, Failures: 0, Errors: 0, Skipped: 0, Time elapsed: 0.006 sec - in liqp.filters.RoundTest
Running liqp.filters.MinusTest
Tests run: 6, Failures: 0, Errors: 0, Skipped: 0, Time elapsed: 0.01 sec - in liqp.filters.MinusTest
Running liqp.filters.SortTest
Tests run: 4, Failures: 0, Errors: 0, Skipped: 0, Time elapsed: 0.015 sec - in liqp.filters.SortTest
Running liqp.filters.TimesTest
Tests run: 4, Failures: 0, Errors: 0, Skipped: 0, Time elapsed: 0.006 sec - in liqp.filters.TimesTest
Running liqp.filters.FloorTest
Tests run: 1, Failures: 0, Errors: 0, Skipped: 0, Time elapsed: 0.003 sec - in liqp.filters.FloorTest
Running liqp.filters.CompactTest
Tests run: 1, Failures: 0, Errors: 0, Skipped: 0, Time elapsed: 0.002 sec - in liqp.filters.CompactTest
Running liqp.filters.ReplaceTest
Tests run: 4, Failures: 0, Errors: 0, Skipped: 0, Time elapsed: 0.003 sec - in liqp.filters.ReplaceTest
Running liqp.filters.SizeTest
Tests run: 2, Failures: 0, Errors: 0, Skipped: 0, Time elapsed: 0.002 sec - in liqp.filters.SizeTest
Running liqp.filters.TruncatewordsTest
Tests run: 2, Failures: 0, Errors: 0, Skipped: 0, Time elapsed: 0.006 sec - in liqp.filters.TruncatewordsTest
Running liqp.filters.Normalize_WhitespaceTest
Tests run: 1, Failures: 0, Errors: 0, Skipped: 0, Time elapsed: 0 sec - in liqp.filters.Normalize_WhitespaceTest
Running liqp.filters.PlusTest
Tests run: 4, Failures: 0, Errors: 0, Skipped: 0, Time elapsed: 0.002 sec - in liqp.filters.PlusTest
Running liqp.filters.At_LeastTest
Tests run: 1, Failures: 0, Errors: 0, Skipped: 0, Time elapsed: 0.007 sec - in liqp.filters.At_LeastTest
Running liqp.filters.ModuloTest
Tests run: 4, Failures: 0, Errors: 0, Skipped: 0, Time elapsed: 0.004 sec - in liqp.filters.ModuloTest
Running liqp.filters.JoinTest
Tests run: 2, Failures: 0, Errors: 0, Skipped: 0, Time elapsed: 0.004 sec - in liqp.filters.JoinTest
Running liqp.filters.SliceTest
Tests run: 5, Failures: 0, Errors: 0, Skipped: 0, Time elapsed: 0.01 sec - in liqp.filters.SliceTest
Running liqp.filters.EscapeTest
Tests run: 2, Failures: 0, Errors: 0, Skipped: 0, Time elapsed: 0.001 sec - in liqp.filters.EscapeTest
Running liqp.filters.RemoveTest
Tests run: 3, Failures: 0, Errors: 0, Skipped: 0, Time elapsed: 0.001 sec - in liqp.filters.RemoveTest
Running liqp.filters.RstripTest
Tests run: 1, Failures: 0, Errors: 0, Skipped: 0, Time elapsed: 0.002 sec - in liqp.filters.RstripTest
Running liqp.filters.ConcatTest
Tests run: 3, Failures: 0, Errors: 0, Skipped: 0, Time elapsed: 0.002 sec - in liqp.filters.ConcatTest
Running liqp.filters.Strip_NewlinesTest
Tests run: 2, Failures: 0, Errors: 0, Skipped: 0, Time elapsed: 0.001 sec - in liqp.filters.Strip_NewlinesTest
Running liqp.filters.Remove_FirstTest
Tests run: 3, Failures: 0, Errors: 0, Skipped: 0, Time elapsed: 0.002 sec - in liqp.filters.Remove_FirstTest
Running liqp.filters.DowncaseTest
Tests run: 2, Failures: 0, Errors: 0, Skipped: 0, Time elapsed: 0 sec - in liqp.filters.DowncaseTest
Running liqp.filters.ReverseTest
Tests run: 1, Failures: 0, Errors: 0, Skipped: 0, Time elapsed: 0.001 sec - in liqp.filters.ReverseTest
Running liqp.filters.AbsTest
Tests run: 1, Failures: 0, Errors: 0, Skipped: 0, Time elapsed: 0.001 sec - in liqp.filters.AbsTest
Running liqp.filters.Divided_ByTest
Tests run: 5, Failures: 0, Errors: 0, Skipped: 0, Time elapsed: 0.001 sec - in liqp.filters.Divided_ByTest
Running liqp.filters.Strip_HTMLTest
Tests run: 2, Failures: 0, Errors: 0, Skipped: 0, Time elapsed: 0.101 sec - in liqp.filters.Strip_HTMLTest
Running liqp.TemplateTest
Tests run: 7, Failures: 0, Errors: 0, Skipped: 0, Time elapsed: 0.01 sec - in liqp.TemplateTest
Running liqp.nodes.LtNodeTest
Tests run: 1, Failures: 0, Errors: 0, Skipped: 0, Time elapsed: 0.004 sec - in liqp.nodes.LtNodeTest
Running liqp.nodes.GtEqNodeTest
Tests run: 1, Failures: 0, Errors: 0, Skipped: 0, Time elapsed: 0.001 sec - in liqp.nodes.GtEqNodeTest
Running liqp.nodes.NEqNodeTest
Tests run: 1, Failures: 0, Errors: 0, Skipped: 0, Time elapsed: 0.001 sec - in liqp.nodes.NEqNodeTest
Running liqp.nodes.BlockNodeTest
Tests run: 1, Failures: 0, Errors: 0, Skipped: 0, Time elapsed: 0.002 sec - in liqp.nodes.BlockNodeTest
Running liqp.nodes.GtNodeTest
Tests run: 1, Failures: 0, Errors: 0, Skipped: 0, Time elapsed: 0.001 sec - in liqp.nodes.GtNodeTest
Running liqp.nodes.LtEqNodeTest
Tests run: 1, Failures: 0, Errors: 0, Skipped: 0, Time elapsed: 0.002 sec - in liqp.nodes.LtEqNodeTest
Running liqp.nodes.EqNodeTest
Tests run: 2, Failures: 0, Errors: 0, Skipped: 0, Time elapsed: 0.004 sec - in liqp.nodes.EqNodeTest
Running liqp.nodes.OutputNodeTest
Tests run: 3, Failures: 0, Errors: 0, Skipped: 0, Time elapsed: 0.013 sec - in liqp.nodes.OutputNodeTest
Running liqp.nodes.AndNodeTest
Tests run: 1, Failures: 0, Errors: 0, Skipped: 0, Time elapsed: 0.002 sec - in liqp.nodes.AndNodeTest
Running liqp.nodes.LookupNodeTest
Tests run: 10, Failures: 0, Errors: 0, Skipped: 0, Time elapsed: 0.014 sec - in liqp.nodes.LookupNodeTest
Running liqp.nodes.AtomNodeTest
Tests run: 1, Failures: 0, Errors: 0, Skipped: 0, Time elapsed: 0 sec - in liqp.nodes.AtomNodeTest
Running liqp.nodes.OrNodeTest
Tests run: 1, Failures: 0, Errors: 0, Skipped: 0, Time elapsed: 0.001 sec - in liqp.nodes.OrNodeTest
Running liqp.tags.WhitespaceWindowsControlTest
Tests run: 8, Failures: 0, Errors: 0, Skipped: 0, Time elapsed: 0.003 sec - in liqp.tags.WhitespaceWindowsControlTest
Running liqp.tags.ForTest
Tests run: 22, Failures: 0, Errors: 0, Skipped: 0, Time elapsed: 0.033 sec - in liqp.tags.ForTest
Running liqp.tags.IncludeTest
Tests run: 17, Failures: 0, Errors: 0, Skipped: 0, Time elapsed: 0.021 sec - in liqp.tags.IncludeTest
Running liqp.tags.TagTest
Tests run: 7, Failures: 0, Errors: 0, Skipped: 0, Time elapsed: 0.004 sec - in liqp.tags.TagTest
Running liqp.tags.RawTest
Tests run: 3, Failures: 0, Errors: 0, Skipped: 0, Time elapsed: 0.001 sec - in liqp.tags.RawTest
Running liqp.tags.CaseTest
Tests run: 11, Failures: 0, Errors: 0, Skipped: 0, Time elapsed: 0.021 sec - in liqp.tags.CaseTest
Running liqp.tags.TablerowTest
Tests run: 7, Failures: 0, Errors: 0, Skipped: 0, Time elapsed: 0.01 sec - in liqp.tags.TablerowTest
Running liqp.tags.WhitespaceControlTest
Tests run: 8, Failures: 0, Errors: 0, Skipped: 0, Time elapsed: 0.001 sec - in liqp.tags.WhitespaceControlTest
Running liqp.tags.CommentTest
Tests run: 3, Failures: 0, Errors: 0, Skipped: 0, Time elapsed: 0.004 sec - in liqp.tags.CommentTest
Running liqp.tags.DecrementTest
Tests run: 1, Failures: 0, Errors: 0, Skipped: 0, Time elapsed: 0.002 sec - in liqp.tags.DecrementTest
Running liqp.tags.IfchangedTest
Tests run: 1, Failures: 0, Errors: 0, Skipped: 0, Time elapsed: 0.002 sec - in liqp.tags.IfchangedTest
Running liqp.tags.AssignTest
Tests run: 10, Failures: 0, Errors: 0, Skipped: 0, Time elapsed: 0.004 sec - in liqp.tags.AssignTest
Running liqp.tags.UnlessTest
Tests run: 5, Failures: 0, Errors: 0, Skipped: 0, Time elapsed: 0.004 sec - in liqp.tags.UnlessTest
Running liqp.tags.IncrementTest
Tests run: 1, Failures: 0, Errors: 0, Skipped: 0, Time elapsed: 0 sec - in liqp.tags.IncrementTest
Running liqp.tags.CaptureTest
Tests run: 6, Failures: 0, Errors: 0, Skipped: 0, Time elapsed: 0.003 sec - in liqp.tags.CaptureTest
Running liqp.tags.IfTest
Tests run: 19, Failures: 0, Errors: 0, Skipped: 0, Time elapsed: 0.013 sec - in liqp.tags.IfTest
Running liqp.tags.CycleTest
Tests run: 5, Failures: 0, Errors: 0, Skipped: 0, Time elapsed: 0.003 sec - in liqp.tags.CycleTest
Running liqp.parser.LiquidSupportTest
Tests run: 23, Failures: 0, Errors: 0, Skipped: 0, Time elapsed: 0.019 sec - in liqp.parser.LiquidSupportTest
Running liqp.parser.ParseTest
Tests run: 8, Failures: 0, Errors: 0, Skipped: 0, Time elapsed: 0.004 sec - in liqp.parser.ParseTest
Running liqp.parser.v4.LiquidParserTest
Tests run: 14, Failures: 0, Errors: 0, Skipped: 0, Time elapsed: 0.004 sec - in liqp.parser.v4.LiquidParserTest
Running liqp.parser.v4.LiquidLexerTest
Tests run: 63, Failures: 0, Errors: 0, Skipped: 0, Time elapsed: 0.006 sec - in liqp.parser.v4.LiquidLexerTest
Running liqp.ConditionTest
Tests run: 7, Failures: 0, Errors: 0, Skipped: 0, Time elapsed: 0.001 sec - in liqp.ConditionTest
Running liqp.RenderSettingsTest
Tests run: 9, Failures: 0, Errors: 0, Skipped: 0, Time elapsed: 0 sec - in liqp.RenderSettingsTest
Running liqp.StatementsTest
Tests run: 18, Failures: 0, Errors: 0, Skipped: 0, Time elapsed: 0.004 sec - in liqp.StatementsTest

Results :

Tests run: 446, Failures: 0, Errors: 0, Skipped: 0

[INFO] 
[INFO] --- jacoco-maven-plugin:0.8.5:report (report) @ liqp ---
[INFO] Loading execution data file /tmp/tmp9syhivtb/Liqp/target/jacoco.exec
[INFO] Analyzed bundle 'Liqp' with 435 classes
[INFO] ------------------------------------------------------------------------
[INFO] BUILD SUCCESS
[INFO] ------------------------------------------------------------------------
[INFO] Total time:  21.714 s
[INFO] Finished at: 2020-07-30T20:16:25Z
[INFO] ------------------------------------------------------------------------
