[INFO] Error stacktraces are turned on.
[INFO] Scanning for projects...
[INFO] 
[INFO] --------------------< org.threeten:threeten-extra >---------------------
[INFO] Building ThreeTen-Extra 1.6.0-SNAPSHOT
[INFO] --------------------------------[ jar ]---------------------------------
[INFO] 
[INFO] --- maven-enforcer-plugin:3.0.0-M2:enforce (enforce-maven) @ threeten-extra ---
[INFO] 
[INFO] --- jacoco-maven-plugin:0.8.5:prepare-agent (default) @ threeten-extra ---
[INFO] argLine set to -javaagent:/home/jdbl/.m2/repository/org/jacoco/org.jacoco.agent/0.8.5/org.jacoco.agent-0.8.5-runtime.jar=destfile=/tmp/tmpykopg0s2/threeten-extra/target/jacoco.exec
[INFO] 
[INFO] --- maven-checkstyle-plugin:2.17:checkstyle (run-checkstyle) @ threeten-extra ---
[INFO] 
[INFO] --- maven-resources-plugin:3.1.0:resources (default-resources) @ threeten-extra ---
[INFO] Using 'UTF-8' encoding to copy filtered resources.
[INFO] Copying 24 resources
[INFO] Copying 1 resource to META-INF
[INFO] 
[INFO] --- maven-compiler-plugin:3.8.0:compile (default-compile) @ threeten-extra ---
[INFO] Changes detected - recompiling the module!
[INFO] Compiling 61 source files to /tmp/tmpykopg0s2/threeten-extra/target/classes
[INFO] 
[INFO] --- maven-bundle-plugin:4.1.0:manifest (bundle-manifest) @ threeten-extra ---
[WARNING] Manifest org.threeten:threeten-extra:jar:1.6.0-SNAPSHOT : Export org.threeten.extra,  has 1,  private references [org.joda.convert]
[WARNING] Manifest org.threeten:threeten-extra:jar:1.6.0-SNAPSHOT : Export org.threeten.extra.scale,  has 1,  private references [org.joda.convert]
[INFO] 
[INFO] --- maven-resources-plugin:3.1.0:testResources (default-testResources) @ threeten-extra ---
[INFO] Using 'UTF-8' encoding to copy filtered resources.
[INFO] skip non existing resourceDirectory /tmp/tmpykopg0s2/threeten-extra/src/test/resources
[INFO] 
[INFO] --- maven-compiler-plugin:3.8.0:testCompile (default-testCompile) @ threeten-extra ---
[INFO] Changes detected - recompiling the module!
[INFO] Compiling 43 source files to /tmp/tmpykopg0s2/threeten-extra/target/test-classes
[INFO] 
[INFO] --- maven-surefire-plugin:2.19.1:test (default-test) @ threeten-extra ---
[INFO] Surefire report directory: /tmp/tmpykopg0s2/threeten-extra/target/surefire-reports

-------------------------------------------------------
 T E S T S
-------------------------------------------------------
Running org.threeten.extra.TestDayOfMonth
Tests run: 54, Failures: 0, Errors: 0, Skipped: 0, Time elapsed: 0.193 sec - in org.threeten.extra.TestDayOfMonth
Running org.threeten.extra.TestSeconds
Tests run: 201, Failures: 0, Errors: 0, Skipped: 0, Time elapsed: 0.083 sec - in org.threeten.extra.TestSeconds
Running org.threeten.extra.TestMutableClock
Tests run: 25, Failures: 0, Errors: 0, Skipped: 0, Time elapsed: 0.145 sec - in org.threeten.extra.TestMutableClock
Running org.threeten.extra.chrono.TestSymmetry454Chronology
Tests run: 721, Failures: 0, Errors: 0, Skipped: 0, Time elapsed: 0.082 sec - in org.threeten.extra.chrono.TestSymmetry454Chronology
Running org.threeten.extra.chrono.TestEthiopicChronology
Tests run: 440, Failures: 0, Errors: 0, Skipped: 0, Time elapsed: 0.034 sec - in org.threeten.extra.chrono.TestEthiopicChronology
Running org.threeten.extra.chrono.TestBritishCutoverChronology
Tests run: 1122, Failures: 0, Errors: 0, Skipped: 0, Time elapsed: 0.122 sec - in org.threeten.extra.chrono.TestBritishCutoverChronology
Running org.threeten.extra.chrono.TestPaxChronology
Tests run: 849, Failures: 0, Errors: 0, Skipped: 0, Time elapsed: 0.046 sec - in org.threeten.extra.chrono.TestPaxChronology
Running org.threeten.extra.chrono.TestSymmetry010Chronology
Tests run: 718, Failures: 0, Errors: 0, Skipped: 0, Time elapsed: 0.044 sec - in org.threeten.extra.chrono.TestSymmetry010Chronology
Running org.threeten.extra.chrono.TestDiscordianChronology
Tests run: 673, Failures: 0, Errors: 0, Skipped: 0, Time elapsed: 0.05 sec - in org.threeten.extra.chrono.TestDiscordianChronology
Running org.threeten.extra.chrono.TestAccountingChronologyBuilder
Tests run: 314, Failures: 0, Errors: 0, Skipped: 0, Time elapsed: 0.132 sec - in org.threeten.extra.chrono.TestAccountingChronologyBuilder
Running org.threeten.extra.chrono.TestCopticChronology
Tests run: 417, Failures: 0, Errors: 0, Skipped: 0, Time elapsed: 0.027 sec - in org.threeten.extra.chrono.TestCopticChronology
Running org.threeten.extra.chrono.TestInternationalFixedChronology
Tests run: 1022, Failures: 0, Errors: 0, Skipped: 0, Time elapsed: 0.062 sec - in org.threeten.extra.chrono.TestInternationalFixedChronology
Running org.threeten.extra.chrono.TestJulianChronology
Tests run: 474, Failures: 0, Errors: 0, Skipped: 0, Time elapsed: 0.007 sec - in org.threeten.extra.chrono.TestJulianChronology
Running org.threeten.extra.chrono.TestAccountingChronology
Tests run: 493, Failures: 0, Errors: 0, Skipped: 0, Time elapsed: 0.047 sec - in org.threeten.extra.chrono.TestAccountingChronology
Running org.threeten.extra.TestConvert
Tests run: 28, Failures: 0, Errors: 0, Skipped: 0, Time elapsed: 0.088 sec - in org.threeten.extra.TestConvert
Running org.threeten.extra.TestQuarter
Tests run: 52, Failures: 0, Errors: 0, Skipped: 0, Time elapsed: 0.007 sec - in org.threeten.extra.TestQuarter
Running org.threeten.extra.scale.TestTaiInstant
Tests run: 382, Failures: 0, Errors: 0, Skipped: 0, Time elapsed: 0.107 sec - in org.threeten.extra.scale.TestTaiInstant
Running org.threeten.extra.scale.TestUtcInstant
Tests run: 144, Failures: 0, Errors: 0, Skipped: 0, Time elapsed: 0.092 sec - in org.threeten.extra.scale.TestUtcInstant
Running org.threeten.extra.scale.TestUtcRules
Tests run: 136, Failures: 0, Errors: 0, Skipped: 0, Time elapsed: 0.125 sec - in org.threeten.extra.scale.TestUtcRules
Running org.threeten.extra.TestLocalDateRange
Tests run: 814, Failures: 0, Errors: 0, Skipped: 0, Time elapsed: 0.063 sec - in org.threeten.extra.TestLocalDateRange
Running org.threeten.extra.TestMonths
Tests run: 141, Failures: 0, Errors: 0, Skipped: 0, Time elapsed: 0.004 sec - in org.threeten.extra.TestMonths
Running org.threeten.extra.TestYearQuarter
Tests run: 89, Failures: 0, Errors: 0, Skipped: 0, Time elapsed: 0.222 sec - in org.threeten.extra.TestYearQuarter
Running org.threeten.extra.TestPeriodDuration
Tests run: 98, Failures: 0, Errors: 0, Skipped: 0, Time elapsed: 0 sec - in org.threeten.extra.TestPeriodDuration
Running org.threeten.extra.TestAmPm
Tests run: 26, Failures: 0, Errors: 0, Skipped: 0, Time elapsed: 0 sec - in org.threeten.extra.TestAmPm
Running org.threeten.extra.TestWeeks
Tests run: 70, Failures: 0, Errors: 0, Skipped: 0, Time elapsed: 0 sec - in org.threeten.extra.TestWeeks
Running org.threeten.extra.TestAmountFormats
Tests run: 239, Failures: 0, Errors: 0, Skipped: 0, Time elapsed: 0.045 sec - in org.threeten.extra.TestAmountFormats
Running org.threeten.extra.TestDays
Tests run: 144, Failures: 0, Errors: 0, Skipped: 0, Time elapsed: 0.01 sec - in org.threeten.extra.TestDays
Running org.threeten.extra.TestMinutes
Tests run: 156, Failures: 0, Errors: 0, Skipped: 0, Time elapsed: 0.009 sec - in org.threeten.extra.TestMinutes
Running org.threeten.extra.TestYearWeek
Tests run: 312, Failures: 0, Errors: 0, Skipped: 0, Time elapsed: 4.4 sec - in org.threeten.extra.TestYearWeek
Running org.threeten.extra.TestOffsetDate
Tests run: 437, Failures: 0, Errors: 0, Skipped: 0, Time elapsed: 0.263 sec - in org.threeten.extra.TestOffsetDate
Running org.threeten.extra.TestDayOfYear
Tests run: 53, Failures: 0, Errors: 0, Skipped: 0, Time elapsed: 0.074 sec - in org.threeten.extra.TestDayOfYear
Running org.threeten.extra.TestInterval
Tests run: 97, Failures: 0, Errors: 0, Skipped: 0, Time elapsed: 0.006 sec - in org.threeten.extra.TestInterval
Running org.threeten.extra.TestPackedFields
Tests run: 26, Failures: 0, Errors: 0, Skipped: 0, Time elapsed: 0.003 sec - in org.threeten.extra.TestPackedFields
Running org.threeten.extra.TestHours
Tests run: 109, Failures: 0, Errors: 0, Skipped: 0, Time elapsed: 0.004 sec - in org.threeten.extra.TestHours
Running org.threeten.extra.TestTemporals
Tests run: 268, Failures: 0, Errors: 0, Skipped: 0, Time elapsed: 0.014 sec - in org.threeten.extra.TestTemporals
Running org.threeten.extra.TestYears
Tests run: 71, Failures: 0, Errors: 0, Skipped: 0, Time elapsed: 0 sec - in org.threeten.extra.TestYears

Results :

Tests run: 11415, Failures: 0, Errors: 0, Skipped: 0

[INFO] 
[INFO] --- jacoco-maven-plugin:0.8.5:report (report) @ threeten-extra ---
[INFO] Loading execution data file /tmp/tmpykopg0s2/threeten-extra/target/jacoco.exec
[INFO] Analyzed bundle 'ThreeTen-Extra' with 179 classes
[INFO] ------------------------------------------------------------------------
[INFO] BUILD SUCCESS
[INFO] ------------------------------------------------------------------------
[INFO] Total time:  22.228 s
[INFO] Finished at: 2020-07-30T16:04:22Z
[INFO] ------------------------------------------------------------------------
