[INFO] Error stacktraces are turned on.
[INFO] Scanning for projects...
[INFO] 
[INFO] -----------------------< de.zh32:TeleportSigns >------------------------
[INFO] Building TeleportSigns 2.1-SNAPSHOT
[INFO] --------------------------------[ jar ]---------------------------------
[INFO] 
[INFO] --- jacoco-maven-plugin:0.8.5:prepare-agent (default) @ TeleportSigns ---
[INFO] argLine set to -javaagent:/home/jdbl/.m2/repository/org/jacoco/org.jacoco.agent/0.8.5/org.jacoco.agent-0.8.5-runtime.jar=destfile=/tmp/tmp7ys8zsfi/TeleportSigns/target/jacoco.exec
[INFO] 
[INFO] --- maven-resources-plugin:2.6:resources (default-resources) @ TeleportSigns ---
[INFO] Using 'UTF-8' encoding to copy filtered resources.
[INFO] Copying 3 resources
[INFO] 
[INFO] --- maven-compiler-plugin:3.2:compile (default-compile) @ TeleportSigns ---
[INFO] Changes detected - recompiling the module!
[INFO] Compiling 36 source files to /tmp/tmp7ys8zsfi/TeleportSigns/target/classes
[INFO] /tmp/tmp7ys8zsfi/TeleportSigns/src/main/java/de/zh32/teleportsigns/task/SignUpdateTask.java: Some input files use unchecked or unsafe operations.
[INFO] /tmp/tmp7ys8zsfi/TeleportSigns/src/main/java/de/zh32/teleportsigns/task/SignUpdateTask.java: Recompile with -Xlint:unchecked for details.
[INFO] 
[INFO] --- maven-resources-plugin:2.6:testResources (default-testResources) @ TeleportSigns ---
[INFO] Using 'UTF-8' encoding to copy filtered resources.
[INFO] Copying 1 resource
[INFO] 
[INFO] --- maven-compiler-plugin:3.2:testCompile (default-testCompile) @ TeleportSigns ---
[INFO] Changes detected - recompiling the module!
[INFO] Compiling 8 source files to /tmp/tmp7ys8zsfi/TeleportSigns/target/test-classes
[INFO] /tmp/tmp7ys8zsfi/TeleportSigns/src/test/java/de/zh32/teleportsigns/TestConfiguration.java: /tmp/tmp7ys8zsfi/TeleportSigns/src/test/java/de/zh32/teleportsigns/TestConfiguration.java uses unchecked or unsafe operations.
[INFO] /tmp/tmp7ys8zsfi/TeleportSigns/src/test/java/de/zh32/teleportsigns/TestConfiguration.java: Recompile with -Xlint:unchecked for details.
[INFO] 
[INFO] --- maven-surefire-plugin:2.19.1:test (default-test) @ TeleportSigns ---
[INFO] Surefire report directory: /tmp/tmp7ys8zsfi/TeleportSigns/target/surefire-reports

-------------------------------------------------------
 T E S T S
-------------------------------------------------------
Running de.zh32.teleportsigns.sign.SignCreatorTest
Tests run: 3, Failures: 0, Errors: 0, Skipped: 0, Time elapsed: 0.302 sec - in de.zh32.teleportsigns.sign.SignCreatorTest
Running de.zh32.teleportsigns.sign.ServerTeleporterTest
Tests run: 3, Failures: 0, Errors: 0, Skipped: 0, Time elapsed: 0.038 sec - in de.zh32.teleportsigns.sign.ServerTeleporterTest
Running de.zh32.teleportsigns.utility.MessageHelperTest
Tests run: 1, Failures: 0, Errors: 0, Skipped: 0, Time elapsed: 0 sec - in de.zh32.teleportsigns.utility.MessageHelperTest
Running de.zh32.teleportsigns.storage.TeleportSignSQLiteStorageTest
Tests run: 2, Failures: 0, Errors: 0, Skipped: 0, Time elapsed: 0.358 sec - in de.zh32.teleportsigns.storage.TeleportSignSQLiteStorageTest
Running de.zh32.teleportsigns.server.status.QueryHandlerTest
Tests run: 2, Failures: 0, Errors: 0, Skipped: 0, Time elapsed: 0.155 sec - in de.zh32.teleportsigns.server.status.QueryHandlerTest
Running de.zh32.teleportsigns.task.SignUpdateTaskTest
Tests run: 1, Failures: 0, Errors: 0, Skipped: 0, Time elapsed: 0.043 sec - in de.zh32.teleportsigns.task.SignUpdateTaskTest

Results :

Tests run: 12, Failures: 0, Errors: 0, Skipped: 0

[INFO] 
[INFO] --- jacoco-maven-plugin:0.8.5:report (report) @ TeleportSigns ---
[INFO] Loading execution data file /tmp/tmp7ys8zsfi/TeleportSigns/target/jacoco.exec
[INFO] Analyzed bundle 'TeleportSigns' with 127 classes
[INFO] ------------------------------------------------------------------------
[INFO] BUILD SUCCESS
[INFO] ------------------------------------------------------------------------
[INFO] Total time:  21.797 s
[INFO] Finished at: 2020-07-30T20:29:32Z
[INFO] ------------------------------------------------------------------------
