[INFO] Error stacktraces are turned on.
[INFO] Scanning for projects...
[INFO] 
[INFO] --------------< io.azrina.nlp.summarizer:textteaser-java >--------------
[INFO] Building textteaser-java 1.0-SNAPSHOT
[INFO] --------------------------------[ jar ]---------------------------------
[INFO] 
[INFO] --- jacoco-maven-plugin:0.8.5:prepare-agent (default) @ textteaser-java ---
[INFO] argLine set to -javaagent:/home/jdbl/.m2/repository/org/jacoco/org.jacoco.agent/0.8.5/org.jacoco.agent-0.8.5-runtime.jar=destfile=/tmp/tmpybmg2u2l/textteaser-java/target/jacoco.exec
[INFO] 
[INFO] --- maven-resources-plugin:2.6:resources (default-resources) @ textteaser-java ---
[INFO] Using 'UTF-8' encoding to copy filtered resources.
[INFO] Copying 8 resources
[INFO] 
[INFO] --- maven-compiler-plugin:3.1:compile (default-compile) @ textteaser-java ---
[INFO] Changes detected - recompiling the module!
[INFO] Compiling 4 source files to /tmp/tmpybmg2u2l/textteaser-java/target/classes
[INFO] 
[INFO] --- maven-resources-plugin:2.6:testResources (default-testResources) @ textteaser-java ---
[INFO] Using 'UTF-8' encoding to copy filtered resources.
[INFO] skip non existing resourceDirectory /tmp/tmpybmg2u2l/textteaser-java/src/test/resources
[INFO] 
[INFO] --- maven-compiler-plugin:3.1:testCompile (default-testCompile) @ textteaser-java ---
[INFO] Changes detected - recompiling the module!
[INFO] Compiling 1 source file to /tmp/tmpybmg2u2l/textteaser-java/target/test-classes
[INFO] 
[INFO] --- maven-surefire-plugin:2.19.1:test (default-test) @ textteaser-java ---
[INFO] Surefire report directory: /tmp/tmpybmg2u2l/textteaser-java/target/surefire-reports

-------------------------------------------------------
 T E S T S
-------------------------------------------------------
Running io.azrina.nlp.summarizer.AppTest
Tests run: 1, Failures: 0, Errors: 0, Skipped: 0, Time elapsed: 0.005 sec - in io.azrina.nlp.summarizer.AppTest

Results :

Tests run: 1, Failures: 0, Errors: 0, Skipped: 0

[INFO] 
[INFO] --- jacoco-maven-plugin:0.8.5:report (report) @ textteaser-java ---
[INFO] Loading execution data file /tmp/tmpybmg2u2l/textteaser-java/target/jacoco.exec
[INFO] Analyzed bundle 'textteaser-java' with 29 classes
[INFO] ------------------------------------------------------------------------
[INFO] BUILD SUCCESS
[INFO] ------------------------------------------------------------------------
[INFO] Total time:  11:38 min
[INFO] Finished at: 2020-07-30T23:07:15Z
[INFO] ------------------------------------------------------------------------
