[INFO] Error stacktraces are turned on.
[INFO] Scanning for projects...
[INFO] 
[INFO] --------------------< com.brandwatch:pgq-consumer >---------------------
[INFO] Building PGQ Consumer 0.3-SNAPSHOT
[INFO] --------------------------------[ jar ]---------------------------------
[INFO] 
[INFO] --- maven-enforcer-plugin:1.0:enforce (enforce-maven) @ pgq-consumer ---
[INFO] 
[INFO] --- jacoco-maven-plugin:0.8.5:prepare-agent (default) @ pgq-consumer ---
[INFO] argLine set to -javaagent:/home/jdbl/.m2/repository/org/jacoco/org.jacoco.agent/0.8.5/org.jacoco.agent-0.8.5-runtime.jar=destfile=/tmp/tmpd2hnjglf/pgq-consumer/target/jacoco.exec
[INFO] 
[INFO] --- maven-resources-plugin:2.6:resources (default-resources) @ pgq-consumer ---
[INFO] Using 'UTF-8' encoding to copy filtered resources.
[INFO] skip non existing resourceDirectory /tmp/tmpd2hnjglf/pgq-consumer/src/main/resources
[INFO] 
[INFO] --- maven-compiler-plugin:3.1:compile (default-compile) @ pgq-consumer ---
[INFO] Changes detected - recompiling the module!
[INFO] Compiling 6 source files to /tmp/tmpd2hnjglf/pgq-consumer/target/classes
[INFO] 
[INFO] --- maven-resources-plugin:2.6:testResources (default-testResources) @ pgq-consumer ---
[INFO] Using 'UTF-8' encoding to copy filtered resources.
[INFO] skip non existing resourceDirectory /tmp/tmpd2hnjglf/pgq-consumer/src/test/resources
[INFO] 
[INFO] --- maven-compiler-plugin:3.1:testCompile (default-testCompile) @ pgq-consumer ---
[INFO] Changes detected - recompiling the module!
[INFO] Compiling 3 source files to /tmp/tmpd2hnjglf/pgq-consumer/target/test-classes
[INFO] 
[INFO] --- maven-surefire-plugin:2.19.1:test (default-test) @ pgq-consumer ---
[INFO] Surefire report directory: /tmp/tmpd2hnjglf/pgq-consumer/target/surefire-reports

-------------------------------------------------------
 T E S T S
-------------------------------------------------------
Running com.brandwatch.pgqconsumer.PGQEventHandlerTest
Tests run: 1, Failures: 0, Errors: 0, Skipped: 0, Time elapsed: 0.206 sec - in com.brandwatch.pgqconsumer.PGQEventHandlerTest
Running com.brandwatch.pgqconsumer.PrintingEventHandlerTest
Tests run: 2, Failures: 0, Errors: 0, Skipped: 0, Time elapsed: 0.53 sec - in com.brandwatch.pgqconsumer.PrintingEventHandlerTest
Running com.brandwatch.pgqconsumer.EventDataProcessorTest
Tests run: 6, Failures: 0, Errors: 0, Skipped: 0, Time elapsed: 0.031 sec - in com.brandwatch.pgqconsumer.EventDataProcessorTest

Results :

Tests run: 9, Failures: 0, Errors: 0, Skipped: 0

[INFO] 
[INFO] --- jacoco-maven-plugin:0.8.5:report (report) @ pgq-consumer ---
[INFO] Loading execution data file /tmp/tmpd2hnjglf/pgq-consumer/target/jacoco.exec
[INFO] Analyzed bundle 'PGQ Consumer' with 79 classes
[INFO] ------------------------------------------------------------------------
[INFO] BUILD SUCCESS
[INFO] ------------------------------------------------------------------------
[INFO] Total time:  9.425 s
[INFO] Finished at: 2020-07-30T20:03:46Z
[INFO] ------------------------------------------------------------------------
