[INFO] Error stacktraces are turned on.
[INFO] Scanning for projects...
[WARNING] 
[WARNING] Some problems were encountered while building the effective model for org.skyscreamer:jsonassert:jar:1.1.1
[WARNING] Reporting configuration should be done in <reporting> section, not in maven-site-plugin <configuration> as reportPlugins parameter. @ line 77, column 24
[WARNING] 
[WARNING] It is highly recommended to fix these problems because they threaten the stability of your build.
[WARNING] 
[WARNING] For this reason, future Maven versions might no longer support building such malformed projects.
[WARNING] 
[INFO] 
[INFO] ---------------------< org.skyscreamer:jsonassert >---------------------
[INFO] Building JSONassert 1.1.1
[INFO] --------------------------------[ jar ]---------------------------------
[INFO] 
[INFO] --- maven-enforcer-plugin:1.0:enforce (enforce-maven) @ jsonassert ---
[INFO] 
[INFO] --- maven-resources-plugin:2.6:resources (default-resources) @ jsonassert ---
[INFO] Using 'UTF-8' encoding to copy filtered resources.
[INFO] skip non existing resourceDirectory /tmp/tmp0n2v709j/JSONassert/src/main/resources
[INFO] 
[INFO] --- maven-compiler-plugin:2.3.1:compile (default-compile) @ jsonassert ---
[INFO] Compiling 6 source files to /tmp/tmp0n2v709j/JSONassert/target/classes
[INFO] 
[INFO] --- maven-resources-plugin:2.6:testResources (default-testResources) @ jsonassert ---
[INFO] Using 'UTF-8' encoding to copy filtered resources.
[INFO] skip non existing resourceDirectory /tmp/tmp0n2v709j/JSONassert/src/test/resources
[INFO] 
[INFO] --- maven-compiler-plugin:2.3.1:testCompile (default-testCompile) @ jsonassert ---
[INFO] Compiling 3 source files to /tmp/tmp0n2v709j/JSONassert/target/test-classes
[INFO] 
[INFO] --- maven-surefire-plugin:2.12.4:test (default-test) @ jsonassert ---
[INFO] Surefire report directory: /tmp/tmp0n2v709j/JSONassert/target/surefire-reports

-------------------------------------------------------
 T E S T S
-------------------------------------------------------
Running org.skyscreamer.jsonassert.JSONCompareModeTest
Tests run: 4, Failures: 0, Errors: 0, Skipped: 0, Time elapsed: 0.006 sec
Running org.skyscreamer.jsonassert.JSONAssertTest
Tests run: 24, Failures: 0, Errors: 0, Skipped: 0, Time elapsed: 0.001 sec
Running org.skyscreamer.jsonassert.JSONCompareTest
Tests run: 20, Failures: 0, Errors: 0, Skipped: 0, Time elapsed: 0.006 sec

Results :

Tests run: 48, Failures: 0, Errors: 0, Skipped: 0

[INFO] 
[INFO] --- maven-jar-plugin:2.4:jar (default-jar) @ jsonassert ---
[INFO] Building jar: /tmp/tmp0n2v709j/JSONassert/target/jsonassert-1.1.1.jar
[INFO] 
[INFO] --- maven-assembly-plugin:3.2.0:single (default) @ jsonassert ---
[INFO] Building jar: /tmp/tmp0n2v709j/JSONassert/target/jsonassert-1.1.1-jar-with-dependencies.jar
[INFO] ------------------------------------------------------------------------
[INFO] BUILD SUCCESS
[INFO] ------------------------------------------------------------------------
[INFO] Total time:  9.278 s
[INFO] Finished at: 2020-07-30T15:27:11Z
[INFO] ------------------------------------------------------------------------
