[INFO] Error stacktraces are turned on.
[INFO] Scanning for projects...
[INFO] 
[INFO] -------------------< de.exciteproject.refext:refext >-------------------
[INFO] Building refext 0.1.0
[INFO] --------------------------------[ jar ]---------------------------------
[INFO] 
[INFO] --- maven-resources-plugin:2.6:copy-resources (copy-resources) @ refext ---
[INFO] Using 'UTF-8' encoding to copy filtered resources.
[INFO] Copying 1 resource
[INFO] 
[INFO] --- jacoco-maven-plugin:0.8.5:prepare-agent (default) @ refext ---
[INFO] argLine set to -javaagent:/home/jdbl/.m2/repository/org/jacoco/org.jacoco.agent/0.8.5/org.jacoco.agent-0.8.5-runtime.jar=destfile=/tmp/tmpgmvetdbu/refext/target/jacoco.exec
[INFO] 
[INFO] --- maven-resources-plugin:2.6:resources (default-resources) @ refext ---
[INFO] Using 'UTF-8' encoding to copy filtered resources.
[INFO] Copying 1 resource
[INFO] 
[INFO] --- maven-compiler-plugin:3.5.1:compile (default-compile) @ refext ---
[INFO] Changes detected - recompiling the module!
[INFO] Compiling 42 source files to /tmp/tmpgmvetdbu/refext/target/classes
[INFO] 
[INFO] --- maven-resources-plugin:2.6:testResources (default-testResources) @ refext ---
[INFO] Using 'UTF-8' encoding to copy filtered resources.
[INFO] skip non existing resourceDirectory /tmp/tmpgmvetdbu/refext/src/test/resources
[INFO] 
[INFO] --- maven-compiler-plugin:3.5.1:testCompile (default-testCompile) @ refext ---
[INFO] Changes detected - recompiling the module!
[INFO] Compiling 1 source file to /tmp/tmpgmvetdbu/refext/target/test-classes
[INFO] 
[INFO] --- maven-surefire-plugin:2.19.1:test (default-test) @ refext ---
[INFO] Surefire report directory: /tmp/tmpgmvetdbu/refext/target/surefire-reports

-------------------------------------------------------
 T E S T S
-------------------------------------------------------
Running de.exciteproject.refext.train.pipe.FeaturePipeProviderTest
Tests run: 14, Failures: 0, Errors: 0, Skipped: 0, Time elapsed: 0.18 sec - in de.exciteproject.refext.train.pipe.FeaturePipeProviderTest

Results :

Tests run: 14, Failures: 0, Errors: 0, Skipped: 0

[INFO] 
[INFO] --- jacoco-maven-plugin:0.8.5:report (report) @ refext ---
[INFO] Loading execution data file /tmp/tmpgmvetdbu/refext/target/jacoco.exec
[INFO] Analyzed bundle 'refext' with 279 classes
[INFO] ------------------------------------------------------------------------
[INFO] BUILD SUCCESS
[INFO] ------------------------------------------------------------------------
[INFO] Total time:  42.667 s
[INFO] Finished at: 2020-07-30T20:31:15Z
[INFO] ------------------------------------------------------------------------
