[INFO] Error stacktraces are turned on.
[INFO] Scanning for projects...
[INFO] 
[INFO] -----------------< ch.zizka.csvcruncher:csv-cruncher >------------------
[INFO] Building CsvCruncher 1.13.0
[INFO] --------------------------------[ jar ]---------------------------------
[INFO] 
[INFO] --- maven-enforcer-plugin:3.0.0-M2:enforce (enforce-maven) @ csv-cruncher ---
[INFO] 
[INFO] --- jacoco-maven-plugin:0.8.5:prepare-agent (default) @ csv-cruncher ---
[INFO] argLine set to -javaagent:/home/jdbl/.m2/repository/org/jacoco/org.jacoco.agent/0.8.5/org.jacoco.agent-0.8.5-runtime.jar=destfile=/tmp/tmpehtaec0b/csv-cruncher/target/jacoco.exec
[INFO] 
[INFO] --- maven-resources-plugin:2.6:resources (default-resources) @ csv-cruncher ---
[INFO] Using 'UTF-8' encoding to copy filtered resources.
[INFO] Copying 14 resources
[INFO] Copying 2 resources
[INFO] 
[INFO] --- maven-compiler-plugin:3.8.0:compile (default-compile) @ csv-cruncher ---
[INFO] Changes detected - recompiling the module!
[INFO] Compiling 14 source files to /tmp/tmpehtaec0b/csv-cruncher/target/classes
[INFO] 
[INFO] --- maven-resources-plugin:2.6:testResources (default-testResources) @ csv-cruncher ---
[INFO] Using 'UTF-8' encoding to copy filtered resources.
[INFO] skip non existing resourceDirectory /tmp/tmpehtaec0b/csv-cruncher/src/test/resources
[INFO] 
[INFO] --- maven-compiler-plugin:3.8.0:testCompile (default-testCompile) @ csv-cruncher ---
[INFO] Changes detected - recompiling the module!
[INFO] Compiling 6 source files to /tmp/tmpehtaec0b/csv-cruncher/target/test-classes
[INFO] 
[INFO] --- maven-surefire-plugin:2.19.1:test (default-test) @ csv-cruncher ---
[INFO] Surefire report directory: /tmp/tmpehtaec0b/csv-cruncher/target/surefire-reports

-------------------------------------------------------
 T E S T S
-------------------------------------------------------
Running cz.dynawest.csvcruncher.util.FilesUtilsTest
20:58:16 DEBUG FilesUtils:  * About to concat /tmp/tmpehtaec0b/csv-cruncher/src/test/data/sample-changedSchema
20:58:16 DEBUG FilesUtils: --- Filtered file groups: ---
20:58:16 DEBUG FilesUtils: 
 * Path: null: 
	- /tmp/tmpehtaec0b/csv-cruncher/src/test/data/sample-changedSchema/20181008-20.csv
	- /tmp/tmpehtaec0b/csv-cruncher/src/test/data/sample-changedSchema/20181008-10.csv
	- /tmp/tmpehtaec0b/csv-cruncher/src/test/data/sample-changedSchema/20181008-11.csv
	- /tmp/tmpehtaec0b/csv-cruncher/src/test/data/sample-changedSchema/20181008-21.csv
20:58:16 DEBUG FilesUtils:    *** Will combine files from /tmp/tmpehtaec0b/csv-cruncher/src/test/data/sample-changedSchema: 
	* /tmp/tmpehtaec0b/csv-cruncher/src/test/data/sample-changedSchema/20181008-10.csv
	* /tmp/tmpehtaec0b/csv-cruncher/src/test/data/sample-changedSchema/20181008-11.csv
	* /tmp/tmpehtaec0b/csv-cruncher/src/test/data/sample-changedSchema/20181008-20.csv
	* /tmp/tmpehtaec0b/csv-cruncher/src/test/data/sample-changedSchema/20181008-21.csv
20:58:16 DEBUG FilesUtils: --- Sorted and filtered file groups: ---
20:58:16 DEBUG FilesUtils: 
 * Path: /tmp/tmpehtaec0b/csv-cruncher/src/test/data/sample-changedSchema: 
	- /tmp/tmpehtaec0b/csv-cruncher/src/test/data/sample-changedSchema/20181008-10.csv
	- /tmp/tmpehtaec0b/csv-cruncher/src/test/data/sample-changedSchema/20181008-11.csv
	- /tmp/tmpehtaec0b/csv-cruncher/src/test/data/sample-changedSchema/20181008-20.csv
	- /tmp/tmpehtaec0b/csv-cruncher/src/test/data/sample-changedSchema/20181008-21.csv
20:58:16 DEBUG FilesUtils: --- File groups split per header structure: ---
20:58:16 DEBUG FilesUtils: 
 * Path: /tmp/tmpehtaec0b/csv-cruncher/src/test/data/sample-changedSchema_1: 
	- /tmp/tmpehtaec0b/csv-cruncher/src/test/data/sample-changedSchema/20181008-10.csv
	- /tmp/tmpehtaec0b/csv-cruncher/src/test/data/sample-changedSchema/20181008-11.csv
20:58:16 DEBUG FilesUtils: 
 * Path: /tmp/tmpehtaec0b/csv-cruncher/src/test/data/sample-changedSchema_2: 
	- /tmp/tmpehtaec0b/csv-cruncher/src/test/data/sample-changedSchema/20181008-20.csv
	- /tmp/tmpehtaec0b/csv-cruncher/src/test/data/sample-changedSchema/20181008-21.csv
20:58:16 DEBUG FilesUtils: Concatenating input files.
20:58:16 DEBUG FilesUtils:     Into dest file: /tmp/tmpehtaec0b/csv-cruncher/target/testResults/combineInputFilesTest.csv_concat/sample-changedSchema_1.csv
  will combine these files: 
	* /tmp/tmpehtaec0b/csv-cruncher/src/test/data/sample-changedSchema/20181008-10.csv
	* /tmp/tmpehtaec0b/csv-cruncher/src/test/data/sample-changedSchema/20181008-11.csv
20:58:16 DEBUG FilesUtils:     Into dest file: /tmp/tmpehtaec0b/csv-cruncher/target/testResults/combineInputFilesTest.csv_concat/sample-changedSchema_2.csv
  will combine these files: 
	* /tmp/tmpehtaec0b/csv-cruncher/src/test/data/sample-changedSchema/20181008-20.csv
	* /tmp/tmpehtaec0b/csv-cruncher/src/test/data/sample-changedSchema/20181008-21.csv
20:58:16 DEBUG FilesUtils:  * About to concat /tmp/tmpehtaec0b/csv-cruncher/src/test/data/sample-changedSchema
Tests run: 10, Failures: 0, Errors: 0, Skipped: 0, Time elapsed: 0.552 sec - in cz.dynawest.csvcruncher.util.FilesUtilsTest

Results :

Tests run: 10, Failures: 0, Errors: 0, Skipped: 0

[INFO] 
[INFO] --- jacoco-maven-plugin:0.8.5:report (report) @ csv-cruncher ---
[INFO] Loading execution data file /tmp/tmpehtaec0b/csv-cruncher/target/jacoco.exec
[INFO] Analyzed bundle 'CsvCruncher' with 264 classes
[INFO] ------------------------------------------------------------------------
[INFO] BUILD SUCCESS
[INFO] ------------------------------------------------------------------------
[INFO] Total time:  11.813 s
[INFO] Finished at: 2020-07-30T20:58:18Z
[INFO] ------------------------------------------------------------------------
