[INFO] Error stacktraces are turned on.
[INFO] Scanning for projects...
[INFO] 
[INFO] ----< com.automationrhapsody.reststub:sample-dropwizard-rest-stub >-----
[INFO] Building sample-dropwizard-rest-stub 1.0-SNAPSHOT
[INFO] --------------------------------[ jar ]---------------------------------
[INFO] 
[INFO] --- jacoco-maven-plugin:0.8.5:prepare-agent (default) @ sample-dropwizard-rest-stub ---
[INFO] argLine set to -javaagent:/home/jdbl/.m2/repository/org/jacoco/org.jacoco.agent/0.8.5/org.jacoco.agent-0.8.5-runtime.jar=destfile=/tmp/tmps5dc8n98/sample-dropwizard-rest-stub/target/jacoco.exec
[INFO] 
[INFO] --- maven-resources-plugin:2.6:resources (default-resources) @ sample-dropwizard-rest-stub ---
[INFO] Using 'UTF-8' encoding to copy filtered resources.
[INFO] Copying 3 resources
[INFO] 
[INFO] --- maven-compiler-plugin:3.1:compile (default-compile) @ sample-dropwizard-rest-stub ---
[INFO] Changes detected - recompiling the module!
[INFO] Compiling 14 source files to /tmp/tmps5dc8n98/sample-dropwizard-rest-stub/target/classes
[INFO] 
[INFO] --- maven-resources-plugin:2.6:testResources (default-testResources) @ sample-dropwizard-rest-stub ---
[INFO] Using 'UTF-8' encoding to copy filtered resources.
[INFO] skip non existing resourceDirectory /tmp/tmps5dc8n98/sample-dropwizard-rest-stub/src/test/resources
[INFO] 
[INFO] --- maven-compiler-plugin:3.1:testCompile (default-testCompile) @ sample-dropwizard-rest-stub ---
[INFO] Changes detected - recompiling the module!
[INFO] Compiling 2 source files to /tmp/tmps5dc8n98/sample-dropwizard-rest-stub/target/test-classes
[INFO] 
[INFO] --- maven-surefire-plugin:2.19.1:test (default-test) @ sample-dropwizard-rest-stub ---
[INFO] Surefire report directory: /tmp/tmps5dc8n98/sample-dropwizard-rest-stub/target/surefire-reports

-------------------------------------------------------
 T E S T S
-------------------------------------------------------
Running com.automationrhapsody.reststub.resources.BookServiceTest
Tests run: 1, Failures: 0, Errors: 0, Skipped: 0, Time elapsed: 0.152 sec - in com.automationrhapsody.reststub.resources.BookServiceTest
Running com.automationrhapsody.reststub.persistence.PersonDBTest
Tests run: 4, Failures: 0, Errors: 0, Skipped: 0, Time elapsed: 0.007 sec - in com.automationrhapsody.reststub.persistence.PersonDBTest

Results :

Tests run: 5, Failures: 0, Errors: 0, Skipped: 0

[INFO] 
[INFO] --- jacoco-maven-plugin:0.8.5:report (report) @ sample-dropwizard-rest-stub ---
[INFO] Loading execution data file /tmp/tmps5dc8n98/sample-dropwizard-rest-stub/target/jacoco.exec
[INFO] Analyzed bundle 'sample-dropwizard-rest-stub' with 94 classes
[INFO] ------------------------------------------------------------------------
[INFO] BUILD SUCCESS
[INFO] ------------------------------------------------------------------------
[INFO] Total time:  14.577 s
[INFO] Finished at: 2020-07-30T22:45:18Z
[INFO] ------------------------------------------------------------------------
