[INFO] Error stacktraces are turned on.
[INFO] Scanning for projects...
[INFO] Inspecting build with total of 1 modules...
[INFO] Installing Nexus Staging features:
[INFO]   ... total of 1 executions of maven-deploy-plugin replaced with nexus-staging-maven-plugin
[INFO] 
[INFO] ---------------------< org.toile-libre.libe:curl >----------------------
[INFO] Building curl 0.0.39-SNAPSHOT
[INFO] --------------------------------[ jar ]---------------------------------
[INFO] 
[INFO] --- jacoco-maven-plugin:0.8.5:prepare-agent (default) @ curl ---
[INFO] argLine set to -javaagent:/home/jdbl/.m2/repository/org/jacoco/org.jacoco.agent/0.8.5/org.jacoco.agent-0.8.5-runtime.jar=destfile=/tmp/tmpejjz6rv9/curl/target/jacoco.exec
[INFO] 
[INFO] --- maven-antrun-plugin:1.3:run (default) @ curl ---
[INFO] Executing tasks
[INFO] Executed tasks
[INFO] 
[INFO] --- maven-resources-plugin:2.6:resources (default-resources) @ curl ---
[INFO] Using 'UTF-8' encoding to copy filtered resources.
[INFO] skip non existing resourceDirectory /tmp/tmpejjz6rv9/curl/src/main/resources
[INFO] 
[INFO] --- maven-compiler-plugin:3.1:compile (default-compile) @ curl ---
[INFO] Changes detected - recompiling the module!
[INFO] Compiling 16 source files to /tmp/tmpejjz6rv9/curl/target/classes
[INFO] 
[INFO] --- maven-resources-plugin:2.6:testResources (default-testResources) @ curl ---
[INFO] Using 'UTF-8' encoding to copy filtered resources.
[INFO] Copying 28 resources
[INFO] 
[INFO] --- maven-compiler-plugin:3.1:testCompile (default-testCompile) @ curl ---
[INFO] Changes detected - recompiling the module!
[INFO] Compiling 8 source files to /tmp/tmpejjz6rv9/curl/target/test-classes
[INFO] 
[INFO] --- maven-surefire-plugin:2.19.1:test (default-test) @ curl ---
[INFO] Surefire report directory: /tmp/tmpejjz6rv9/curl/target/surefire-reports

-------------------------------------------------------
 T E S T S
-------------------------------------------------------
Running org.toilelibre.libe.curl.CachedArgumentsTest
Tests run: 1, Failures: 0, Errors: 0, Skipped: 0, Time elapsed: 0.489 sec - in org.toilelibre.libe.curl.CachedArgumentsTest
Running org.toilelibre.libe.curl.ArgumentsBuilderGeneratorTest
Tests run: 2, Failures: 0, Errors: 0, Skipped: 0, Time elapsed: 0.588 sec - in org.toilelibre.libe.curl.ArgumentsBuilderGeneratorTest
Running org.toilelibre.libe.curl.HttpRequestProviderTest
Tests run: 6, Failures: 0, Errors: 0, Skipped: 0, Time elapsed: 0.088 sec - in org.toilelibre.libe.curl.HttpRequestProviderTest
Running org.toilelibre.libe.outside.curl.CurlWebTest
20:40:33.634 [main] DEBUG o.a.h.c.protocol.RequestAddCookies - CookieSpec selected: default
20:40:33.654 [main] DEBUG o.a.h.c.protocol.RequestAuthCache - Auth cache not set in the context
20:40:33.659 [main] DEBUG o.a.h.i.c.PoolingHttpClientConnectionManager - Connection request: [route: {s}->https://lenovo.prod.ondemandconnectivity.com:443][total kept alive: 0; route allocated: 0 of 2; total allocated: 0 of 20]
20:40:33.679 [main] DEBUG o.a.h.i.c.PoolingHttpClientConnectionManager - Connection leased: [id: 0][route: {s}->https://lenovo.prod.ondemandconnectivity.com:443][total kept alive: 0; route allocated: 1 of 2; total allocated: 1 of 20]
20:40:33.685 [main] DEBUG o.a.h.impl.execchain.MainClientExec - Opening connection {s}->https://lenovo.prod.ondemandconnectivity.com:443
20:40:34.988 [main] DEBUG o.a.h.i.c.DefaultHttpClientConnectionOperator - Connecting to lenovo.prod.ondemandconnectivity.com/180.167.37.85:443
20:40:34.988 [main] DEBUG o.a.h.c.s.SSLConnectionSocketFactory - Connecting socket to lenovo.prod.ondemandconnectivity.com/180.167.37.85:443 with timeout 0
20:40:35.312 [main] DEBUG o.a.h.c.s.SSLConnectionSocketFactory - Enabled protocols: [TLSv1, TLSv1.1, TLSv1.2]
20:40:35.312 [main] DEBUG o.a.h.c.s.SSLConnectionSocketFactory - Enabled cipher suites:[TLS_ECDHE_ECDSA_WITH_AES_256_CBC_SHA384, TLS_ECDHE_RSA_WITH_AES_256_CBC_SHA384, TLS_RSA_WITH_AES_256_CBC_SHA256, TLS_ECDH_ECDSA_WITH_AES_256_CBC_SHA384, TLS_ECDH_RSA_WITH_AES_256_CBC_SHA384, TLS_DHE_RSA_WITH_AES_256_CBC_SHA256, TLS_DHE_DSS_WITH_AES_256_CBC_SHA256, TLS_ECDHE_ECDSA_WITH_AES_256_CBC_SHA, TLS_ECDHE_RSA_WITH_AES_256_CBC_SHA, TLS_RSA_WITH_AES_256_CBC_SHA, TLS_ECDH_ECDSA_WITH_AES_256_CBC_SHA, TLS_ECDH_RSA_WITH_AES_256_CBC_SHA, TLS_DHE_RSA_WITH_AES_256_CBC_SHA, TLS_DHE_DSS_WITH_AES_256_CBC_SHA, TLS_ECDHE_ECDSA_WITH_AES_128_CBC_SHA256, TLS_ECDHE_RSA_WITH_AES_128_CBC_SHA256, TLS_RSA_WITH_AES_128_CBC_SHA256, TLS_ECDH_ECDSA_WITH_AES_128_CBC_SHA256, TLS_ECDH_RSA_WITH_AES_128_CBC_SHA256, TLS_DHE_RSA_WITH_AES_128_CBC_SHA256, TLS_DHE_DSS_WITH_AES_128_CBC_SHA256, TLS_ECDHE_ECDSA_WITH_AES_128_CBC_SHA, TLS_ECDHE_RSA_WITH_AES_128_CBC_SHA, TLS_RSA_WITH_AES_128_CBC_SHA, TLS_ECDH_ECDSA_WITH_AES_128_CBC_SHA, TLS_ECDH_RSA_WITH_AES_128_CBC_SHA, TLS_DHE_RSA_WITH_AES_128_CBC_SHA, TLS_DHE_DSS_WITH_AES_128_CBC_SHA, TLS_ECDHE_ECDSA_WITH_AES_256_GCM_SHA384, TLS_ECDHE_ECDSA_WITH_AES_128_GCM_SHA256, TLS_ECDHE_RSA_WITH_AES_256_GCM_SHA384, TLS_RSA_WITH_AES_256_GCM_SHA384, TLS_ECDH_ECDSA_WITH_AES_256_GCM_SHA384, TLS_ECDH_RSA_WITH_AES_256_GCM_SHA384, TLS_DHE_RSA_WITH_AES_256_GCM_SHA384, TLS_DHE_DSS_WITH_AES_256_GCM_SHA384, TLS_ECDHE_RSA_WITH_AES_128_GCM_SHA256, TLS_RSA_WITH_AES_128_GCM_SHA256, TLS_ECDH_ECDSA_WITH_AES_128_GCM_SHA256, TLS_ECDH_RSA_WITH_AES_128_GCM_SHA256, TLS_DHE_RSA_WITH_AES_128_GCM_SHA256, TLS_DHE_DSS_WITH_AES_128_GCM_SHA256, TLS_EMPTY_RENEGOTIATION_INFO_SCSV]
20:40:35.313 [main] DEBUG o.a.h.c.s.SSLConnectionSocketFactory - Starting handshake
20:40:36.035 [main] DEBUG o.a.h.c.s.SSLConnectionSocketFactory - Secure session established
20:40:36.036 [main] DEBUG o.a.h.c.s.SSLConnectionSocketFactory -  negotiated protocol: TLSv1.2
20:40:36.036 [main] DEBUG o.a.h.c.s.SSLConnectionSocketFactory -  negotiated cipher suite: TLS_ECDHE_RSA_WITH_AES_256_GCM_SHA384
20:40:36.037 [main] DEBUG o.a.h.c.s.SSLConnectionSocketFactory -  peer principal: CN=shbch26z.sha.gemalto.com, OU=GGS, O=Gemalto, C=CN, ST=Shanghai, L=SHB
20:40:36.038 [main] DEBUG o.a.h.c.s.SSLConnectionSocketFactory -  peer alternative names: [ODC_Support_SH@gemalto.com]
20:40:36.038 [main] DEBUG o.a.h.c.s.SSLConnectionSocketFactory -  issuer principal: CN=China ODC Consumer Certificate Authority, OU=GGS, O=Gemalto, C=CN
20:40:36.039 [main] DEBUG o.a.h.i.c.DefaultHttpClientConnectionOperator - Connection established 172.17.0.16:56554<->180.167.37.85:443
20:40:36.039 [main] DEBUG o.a.h.impl.execchain.MainClientExec - Executing request GET / HTTP/1.1
20:40:36.039 [main] DEBUG o.a.h.impl.execchain.MainClientExec - Target auth state: UNCHALLENGED
20:40:36.040 [main] DEBUG o.a.h.impl.execchain.MainClientExec - Proxy auth state: UNCHALLENGED
20:40:36.043 [main] DEBUG org.apache.http.headers - http-outgoing-0 >> GET / HTTP/1.1
20:40:36.043 [main] DEBUG org.apache.http.headers - http-outgoing-0 >> User-Agent: org.toilelibre.libe.curl/0.0.39-SNAPSHOT, Apache-HttpClient/4.5.8 (Java/1.8.0_262)
20:40:36.043 [main] DEBUG org.apache.http.headers - http-outgoing-0 >> Host: lenovo.prod.ondemandconnectivity.com
20:40:36.043 [main] DEBUG org.apache.http.headers - http-outgoing-0 >> Connection: Keep-Alive
20:40:36.044 [main] DEBUG org.apache.http.wire - http-outgoing-0 >> "GET / HTTP/1.1[\r][\n]"
20:40:36.044 [main] DEBUG org.apache.http.wire - http-outgoing-0 >> "User-Agent: org.toilelibre.libe.curl/0.0.39-SNAPSHOT, Apache-HttpClient/4.5.8 (Java/1.8.0_262)[\r][\n]"
20:40:36.044 [main] DEBUG org.apache.http.wire - http-outgoing-0 >> "Host: lenovo.prod.ondemandconnectivity.com[\r][\n]"
20:40:36.044 [main] DEBUG org.apache.http.wire - http-outgoing-0 >> "Connection: Keep-Alive[\r][\n]"
20:40:36.044 [main] DEBUG org.apache.http.wire - http-outgoing-0 >> "[\r][\n]"
20:40:36.347 [main] DEBUG org.apache.http.wire - http-outgoing-0 << "HTTP/1.1 403 Forbidden[\r][\n]"
20:40:36.348 [main] DEBUG org.apache.http.wire - http-outgoing-0 << "Date: Thu, 30 Jul 2020 20:40:36 GMT[\r][\n]"
20:40:36.348 [main] DEBUG org.apache.http.wire - http-outgoing-0 << "Server: WAF[\r][\n]"
20:40:36.348 [main] DEBUG org.apache.http.wire - http-outgoing-0 << "Content-Length: 202[\r][\n]"
20:40:36.348 [main] DEBUG org.apache.http.wire - http-outgoing-0 << "Keep-Alive: timeout=60, max=300[\r][\n]"
20:40:36.348 [main] DEBUG org.apache.http.wire - http-outgoing-0 << "Connection: Keep-Alive[\r][\n]"
20:40:36.348 [main] DEBUG org.apache.http.wire - http-outgoing-0 << "Content-Type: text/html; charset=iso-8859-1[\r][\n]"
20:40:36.348 [main] DEBUG org.apache.http.wire - http-outgoing-0 << "[\r][\n]"
20:40:36.352 [main] DEBUG org.apache.http.headers - http-outgoing-0 << HTTP/1.1 403 Forbidden
20:40:36.352 [main] DEBUG org.apache.http.headers - http-outgoing-0 << Date: Thu, 30 Jul 2020 20:40:36 GMT
20:40:36.352 [main] DEBUG org.apache.http.headers - http-outgoing-0 << Server: WAF
20:40:36.352 [main] DEBUG org.apache.http.headers - http-outgoing-0 << Content-Length: 202
20:40:36.352 [main] DEBUG org.apache.http.headers - http-outgoing-0 << Keep-Alive: timeout=60, max=300
20:40:36.352 [main] DEBUG org.apache.http.headers - http-outgoing-0 << Connection: Keep-Alive
20:40:36.352 [main] DEBUG org.apache.http.headers - http-outgoing-0 << Content-Type: text/html; charset=iso-8859-1
20:40:36.359 [main] DEBUG o.a.h.impl.execchain.MainClientExec - Connection can be kept alive for 60000 MILLISECONDS
20:40:36.365 [main] DEBUG o.a.h.c.protocol.RequestAddCookies - CookieSpec selected: default
20:40:36.366 [main] DEBUG o.a.h.c.protocol.RequestAuthCache - Auth cache not set in the context
20:40:36.366 [main] DEBUG o.a.h.i.c.PoolingHttpClientConnectionManager - Connection request: [route: {s}->https://wrong.host.badssl.com:443][total kept alive: 0; route allocated: 0 of 2; total allocated: 0 of 20]
20:40:36.367 [main] DEBUG o.a.h.i.c.PoolingHttpClientConnectionManager - Connection leased: [id: 1][route: {s}->https://wrong.host.badssl.com:443][total kept alive: 0; route allocated: 1 of 2; total allocated: 1 of 20]
20:40:36.367 [main] DEBUG o.a.h.impl.execchain.MainClientExec - Opening connection {s}->https://wrong.host.badssl.com:443
20:40:36.422 [main] DEBUG o.a.h.i.c.DefaultHttpClientConnectionOperator - Connecting to wrong.host.badssl.com/104.154.89.105:443
20:40:36.423 [main] DEBUG o.a.h.c.s.SSLConnectionSocketFactory - Connecting socket to wrong.host.badssl.com/104.154.89.105:443 with timeout 0
20:40:36.550 [main] DEBUG o.a.h.c.s.SSLConnectionSocketFactory - Enabled protocols: [TLSv1, TLSv1.1, TLSv1.2]
20:40:36.551 [main] DEBUG o.a.h.c.s.SSLConnectionSocketFactory - Enabled cipher suites:[TLS_ECDHE_ECDSA_WITH_AES_256_CBC_SHA384, TLS_ECDHE_RSA_WITH_AES_256_CBC_SHA384, TLS_RSA_WITH_AES_256_CBC_SHA256, TLS_ECDH_ECDSA_WITH_AES_256_CBC_SHA384, TLS_ECDH_RSA_WITH_AES_256_CBC_SHA384, TLS_DHE_RSA_WITH_AES_256_CBC_SHA256, TLS_DHE_DSS_WITH_AES_256_CBC_SHA256, TLS_ECDHE_ECDSA_WITH_AES_256_CBC_SHA, TLS_ECDHE_RSA_WITH_AES_256_CBC_SHA, TLS_RSA_WITH_AES_256_CBC_SHA, TLS_ECDH_ECDSA_WITH_AES_256_CBC_SHA, TLS_ECDH_RSA_WITH_AES_256_CBC_SHA, TLS_DHE_RSA_WITH_AES_256_CBC_SHA, TLS_DHE_DSS_WITH_AES_256_CBC_SHA, TLS_ECDHE_ECDSA_WITH_AES_128_CBC_SHA256, TLS_ECDHE_RSA_WITH_AES_128_CBC_SHA256, TLS_RSA_WITH_AES_128_CBC_SHA256, TLS_ECDH_ECDSA_WITH_AES_128_CBC_SHA256, TLS_ECDH_RSA_WITH_AES_128_CBC_SHA256, TLS_DHE_RSA_WITH_AES_128_CBC_SHA256, TLS_DHE_DSS_WITH_AES_128_CBC_SHA256, TLS_ECDHE_ECDSA_WITH_AES_128_CBC_SHA, TLS_ECDHE_RSA_WITH_AES_128_CBC_SHA, TLS_RSA_WITH_AES_128_CBC_SHA, TLS_ECDH_ECDSA_WITH_AES_128_CBC_SHA, TLS_ECDH_RSA_WITH_AES_128_CBC_SHA, TLS_DHE_RSA_WITH_AES_128_CBC_SHA, TLS_DHE_DSS_WITH_AES_128_CBC_SHA, TLS_ECDHE_ECDSA_WITH_AES_256_GCM_SHA384, TLS_ECDHE_ECDSA_WITH_AES_128_GCM_SHA256, TLS_ECDHE_RSA_WITH_AES_256_GCM_SHA384, TLS_RSA_WITH_AES_256_GCM_SHA384, TLS_ECDH_ECDSA_WITH_AES_256_GCM_SHA384, TLS_ECDH_RSA_WITH_AES_256_GCM_SHA384, TLS_DHE_RSA_WITH_AES_256_GCM_SHA384, TLS_DHE_DSS_WITH_AES_256_GCM_SHA384, TLS_ECDHE_RSA_WITH_AES_128_GCM_SHA256, TLS_RSA_WITH_AES_128_GCM_SHA256, TLS_ECDH_ECDSA_WITH_AES_128_GCM_SHA256, TLS_ECDH_RSA_WITH_AES_128_GCM_SHA256, TLS_DHE_RSA_WITH_AES_128_GCM_SHA256, TLS_DHE_DSS_WITH_AES_128_GCM_SHA256, TLS_EMPTY_RENEGOTIATION_INFO_SCSV]
20:40:36.555 [main] DEBUG o.a.h.c.s.SSLConnectionSocketFactory - Starting handshake
20:40:36.829 [main] DEBUG o.a.h.c.s.SSLConnectionSocketFactory - Secure session established
20:40:36.830 [main] DEBUG o.a.h.c.s.SSLConnectionSocketFactory -  negotiated protocol: TLSv1.2
20:40:36.830 [main] DEBUG o.a.h.c.s.SSLConnectionSocketFactory -  negotiated cipher suite: TLS_ECDHE_RSA_WITH_AES_128_GCM_SHA256
20:40:36.830 [main] DEBUG o.a.h.c.s.SSLConnectionSocketFactory -  peer principal: CN=*.badssl.com, O=Lucas Garron Torres, L=Walnut Creek, ST=California, C=US
20:40:36.830 [main] DEBUG o.a.h.c.s.SSLConnectionSocketFactory -  peer alternative names: [*.badssl.com, badssl.com]
20:40:36.831 [main] DEBUG o.a.h.c.s.SSLConnectionSocketFactory -  issuer principal: CN=DigiCert SHA2 Secure Server CA, O=DigiCert Inc, C=US
20:40:36.831 [main] DEBUG o.a.h.i.c.DefaultHttpClientConnectionOperator - Connection established 172.17.0.16:36262<->104.154.89.105:443
20:40:36.831 [main] DEBUG o.a.h.impl.execchain.MainClientExec - Executing request GET / HTTP/1.1
20:40:36.831 [main] DEBUG o.a.h.impl.execchain.MainClientExec - Target auth state: UNCHALLENGED
20:40:36.831 [main] DEBUG o.a.h.impl.execchain.MainClientExec - Proxy auth state: UNCHALLENGED
20:40:36.831 [main] DEBUG org.apache.http.headers - http-outgoing-1 >> GET / HTTP/1.1
20:40:36.831 [main] DEBUG org.apache.http.headers - http-outgoing-1 >> User-Agent: org.toilelibre.libe.curl/0.0.39-SNAPSHOT, Apache-HttpClient/4.5.8 (Java/1.8.0_262)
20:40:36.831 [main] DEBUG org.apache.http.headers - http-outgoing-1 >> Host: wrong.host.badssl.com
20:40:36.831 [main] DEBUG org.apache.http.headers - http-outgoing-1 >> Connection: Keep-Alive
20:40:36.831 [main] DEBUG org.apache.http.wire - http-outgoing-1 >> "GET / HTTP/1.1[\r][\n]"
20:40:36.832 [main] DEBUG org.apache.http.wire - http-outgoing-1 >> "User-Agent: org.toilelibre.libe.curl/0.0.39-SNAPSHOT, Apache-HttpClient/4.5.8 (Java/1.8.0_262)[\r][\n]"
20:40:36.832 [main] DEBUG org.apache.http.wire - http-outgoing-1 >> "Host: wrong.host.badssl.com[\r][\n]"
20:40:36.832 [main] DEBUG org.apache.http.wire - http-outgoing-1 >> "Connection: Keep-Alive[\r][\n]"
20:40:36.832 [main] DEBUG org.apache.http.wire - http-outgoing-1 >> "[\r][\n]"
20:40:36.961 [main] DEBUG org.apache.http.wire - http-outgoing-1 << "HTTP/1.1 200 OK[\r][\n]"
20:40:36.962 [main] DEBUG org.apache.http.wire - http-outgoing-1 << "Server: nginx/1.10.3 (Ubuntu)[\r][\n]"
20:40:36.963 [main] DEBUG org.apache.http.wire - http-outgoing-1 << "Date: Thu, 30 Jul 2020 20:40:36 GMT[\r][\n]"
20:40:36.963 [main] DEBUG org.apache.http.wire - http-outgoing-1 << "Content-Type: text/html[\r][\n]"
20:40:36.963 [main] DEBUG org.apache.http.wire - http-outgoing-1 << "Content-Length: 500[\r][\n]"
20:40:36.964 [main] DEBUG org.apache.http.wire - http-outgoing-1 << "Last-Modified: Tue, 24 Mar 2020 00:15:54 GMT[\r][\n]"
20:40:36.964 [main] DEBUG org.apache.http.wire - http-outgoing-1 << "Connection: keep-alive[\r][\n]"
20:40:36.964 [main] DEBUG org.apache.http.wire - http-outgoing-1 << "ETag: "5e79513a-1f4"[\r][\n]"
20:40:36.964 [main] DEBUG org.apache.http.wire - http-outgoing-1 << "Cache-Control: no-store[\r][\n]"
20:40:36.965 [main] DEBUG org.apache.http.wire - http-outgoing-1 << "Accept-Ranges: bytes[\r][\n]"
20:40:36.965 [main] DEBUG org.apache.http.wire - http-outgoing-1 << "[\r][\n]"
20:40:36.966 [main] DEBUG org.apache.http.wire - http-outgoing-1 << "<!DOCTYPE html>[\n]"
20:40:36.966 [main] DEBUG org.apache.http.wire - http-outgoing-1 << "<html>[\n]"
20:40:36.966 [main] DEBUG org.apache.http.wire - http-outgoing-1 << "<head>[\n]"
20:40:36.967 [main] DEBUG org.apache.http.wire - http-outgoing-1 << "  <meta charset="utf-8">[\n]"
20:40:36.967 [main] DEBUG org.apache.http.wire - http-outgoing-1 << "  <meta name="viewport" content="width=device-width, initial-scale=1">[\n]"
20:40:36.967 [main] DEBUG org.apache.http.wire - http-outgoing-1 << "  <link rel="shortcut icon" href="/icons/favicon-red.ico"/>[\n]"
20:40:36.967 [main] DEBUG org.apache.http.wire - http-outgoing-1 << "  <link rel="apple-touch-icon" href="/icons/icon-red.png"/>[\n]"
20:40:36.968 [main] DEBUG org.apache.http.wire - http-outgoing-1 << "  <title>wrong.host.badssl.com</title>[\n]"
20:40:36.968 [main] DEBUG org.apache.http.wire - http-outgoing-1 << "  <link rel="stylesheet" href="/style.css">[\n]"
20:40:36.968 [main] DEBUG org.apache.http.wire - http-outgoing-1 << "  <style>body { background: red; }</style>[\n]"
20:40:36.968 [main] DEBUG org.apache.http.wire - http-outgoing-1 << "</head>[\n]"
20:40:36.969 [main] DEBUG org.apache.http.wire - http-outgoing-1 << "<body>[\n]"
20:40:36.969 [main] DEBUG org.apache.http.wire - http-outgoing-1 << "<div id="content">[\n]"
20:40:36.969 [main] DEBUG org.apache.http.wire - http-outgoing-1 << "  <h1 style="font-size: 12vw;">[\n]"
20:40:36.969 [main] DEBUG org.apache.http.wire - http-outgoing-1 << "    wrong.host.<br>badssl.com[\n]"
20:40:36.970 [main] DEBUG org.apache.http.wire - http-outgoing-1 << "  </h1>[\n]"
20:40:36.970 [main] DEBUG org.apache.http.wire - http-outgoing-1 << "</div>[\n]"
20:40:36.978 [main] DEBUG org.apache.http.wire - http-outgoing-1 << "[\n]"
20:40:36.978 [main] DEBUG org.apache.http.wire - http-outgoing-1 << "</body>[\n]"
20:40:36.978 [main] DEBUG org.apache.http.wire - http-outgoing-1 << "</html>[\n]"
20:40:36.979 [main] DEBUG org.apache.http.headers - http-outgoing-1 << HTTP/1.1 200 OK
20:40:36.979 [main] DEBUG org.apache.http.headers - http-outgoing-1 << Server: nginx/1.10.3 (Ubuntu)
20:40:36.979 [main] DEBUG org.apache.http.headers - http-outgoing-1 << Date: Thu, 30 Jul 2020 20:40:36 GMT
20:40:36.979 [main] DEBUG org.apache.http.headers - http-outgoing-1 << Content-Type: text/html
20:40:36.979 [main] DEBUG org.apache.http.headers - http-outgoing-1 << Content-Length: 500
20:40:36.979 [main] DEBUG org.apache.http.headers - http-outgoing-1 << Last-Modified: Tue, 24 Mar 2020 00:15:54 GMT
20:40:36.979 [main] DEBUG org.apache.http.headers - http-outgoing-1 << Connection: keep-alive
20:40:36.979 [main] DEBUG org.apache.http.headers - http-outgoing-1 << ETag: "5e79513a-1f4"
20:40:36.979 [main] DEBUG org.apache.http.headers - http-outgoing-1 << Cache-Control: no-store
20:40:36.979 [main] DEBUG org.apache.http.headers - http-outgoing-1 << Accept-Ranges: bytes
20:40:36.979 [main] DEBUG o.a.h.impl.execchain.MainClientExec - Connection can be kept alive indefinitely
Tests run: 3, Failures: 0, Errors: 0, Skipped: 1, Time elapsed: 4.327 sec - in org.toilelibre.libe.outside.curl.CurlWebTest
Running org.toilelibre.libe.outside.curl.CurlTest
20:40:37.300 [Finalizer] DEBUG o.a.h.i.c.PoolingHttpClientConnectionManager - Connection manager is shutting down
20:40:37.300 [Finalizer] DEBUG o.a.h.i.c.DefaultManagedHttpClientConnection - http-outgoing-1: Close connection
20:40:37.301 [Finalizer] DEBUG o.a.h.i.c.PoolingHttpClientConnectionManager - Connection manager shut down
20:40:37.303 [Finalizer] DEBUG o.a.h.i.c.PoolingHttpClientConnectionManager - Connection manager is shutting down
20:40:37.303 [Finalizer] DEBUG o.a.h.i.c.DefaultManagedHttpClientConnection - http-outgoing-0: Close connection
20:40:37.304 [Finalizer] DEBUG o.a.h.i.c.PoolingHttpClientConnectionManager - Connection manager shut down
2020-07-30 20:40:38.293  INFO 193 --- [           main] o.a.maven.surefire.booter.ForkedBooter   : Starting ForkedBooter v2.19.1 on c26564b1ba02 with PID 193 (started by jdbl in /tmp/tmpejjz6rv9/curl)
2020-07-30 20:40:38.298  INFO 193 --- [           main] o.a.maven.surefire.booter.ForkedBooter   : No active profile set, falling back to default profiles: default
2020-07-30 20:40:40.563  WARN 193 --- [           main] o.apache.tomcat.util.net.SSLHostConfig   : The protocol [SSLv3] was added to the list of protocols on the SSLHostConfig named [_default_]. Check if a +/- prefix is missing.
2020-07-30 20:40:40.563  WARN 193 --- [           main] o.apache.tomcat.util.net.SSLHostConfig   : The protocol [TLSv1.0] was added to the list of protocols on the SSLHostConfig named [_default_]. Check if a +/- prefix is missing.
2020-07-30 20:40:40.564  WARN 193 --- [           main] o.apache.tomcat.util.net.SSLHostConfig   : The protocol [TLSv1.1] was added to the list of protocols on the SSLHostConfig named [_default_]. Check if a +/- prefix is missing.
2020-07-30 20:40:40.564  WARN 193 --- [           main] o.apache.tomcat.util.net.SSLHostConfig   : The protocol [TLSv1.2] was added to the list of protocols on the SSLHostConfig named [_default_]. Check if a +/- prefix is missing.
2020-07-30 20:40:40.650  INFO 193 --- [           main] o.s.b.w.embedded.tomcat.TomcatWebServer  : Tomcat initialized with port(s): 58410 (https)
2020-07-30 20:40:40.722  INFO 193 --- [           main] o.apache.catalina.core.StandardService   : Starting service [Tomcat]
2020-07-30 20:40:40.723  INFO 193 --- [           main] org.apache.catalina.core.StandardEngine  : Starting Servlet engine: [Apache Tomcat/9.0.35]
2020-07-30 20:40:40.752  INFO 193 --- [           main] o.a.catalina.core.AprLifecycleListener   : The Apache Tomcat Native library which allows using OpenSSL was not found on the java.library.path: [/usr/java/packages/lib/amd64:/usr/lib64:/lib64:/lib:/usr/lib]
2020-07-30 20:40:40.938  INFO 193 --- [           main] o.a.c.c.C.[Tomcat].[localhost].[/]       : Initializing Spring embedded WebApplicationContext
2020-07-30 20:40:40.938  INFO 193 --- [           main] o.s.web.context.ContextLoader            : Root WebApplicationContext: initialization completed in 2536 ms
2020-07-30 20:40:41.280  INFO 193 --- [           main] o.s.s.web.DefaultSecurityFilterChain     : Creating filter chain: Ant [pattern='/public/**'], []
2020-07-30 20:40:41.392  INFO 193 --- [           main] o.s.s.web.DefaultSecurityFilterChain     : Creating filter chain: any request, [org.springframework.security.web.context.request.async.WebAsyncManagerIntegrationFilter@1a57c7c2, org.springframework.security.web.context.SecurityContextPersistenceFilter@66cd5f16, org.springframework.security.web.header.HeaderWriterFilter@24c0ff64, org.springframework.security.web.csrf.CsrfFilter@75c78cac, org.springframework.security.web.authentication.logout.LogoutFilter@441c9818, org.springframework.security.web.authentication.www.BasicAuthenticationFilter@11d8d9c6, org.springframework.security.web.savedrequest.RequestCacheAwareFilter@2843960a, org.springframework.security.web.servletapi.SecurityContextHolderAwareRequestFilter@26669943, org.springframework.security.web.authentication.AnonymousAuthenticationFilter@16d05123, org.springframework.security.web.session.SessionManagementFilter@25b78608, org.springframework.security.web.access.ExceptionTranslationFilter@589da32a, org.springframework.security.web.access.intercept.FilterSecurityInterceptor@60dbfb7f]
2020-07-30 20:40:41.940  WARN 193 --- [           main] o.apache.tomcat.util.net.jsse.JSSEUtil   : Some of the specified [protocols] are not supported by the SSL engine and have been skipped: [[SSLv2, TLSv1.0]]
2020-07-30 20:40:41.940  WARN 193 --- [           main] org.apache.tomcat.util.net.SSLUtilBase   : SSLv3 has been explicitly enabled. This protocol is known to be insecure.
2020-07-30 20:40:42.032  INFO 193 --- [           main] o.s.b.w.embedded.tomcat.TomcatWebServer  : Tomcat started on port(s): 58410 (https) with context path ''
2020-07-30 20:40:42.038  INFO 193 --- [           main] o.a.maven.surefire.booter.ForkedBooter   : Started ForkedBooter in 4.727 seconds (JVM running for 12.013)
2020-07-30 20:40:42.089  INFO 193 --- [           main] o.a.maven.surefire.booter.ForkedBooter   : Starting ForkedBooter v2.19.1 on c26564b1ba02 with PID 193 (started by jdbl in /tmp/tmpejjz6rv9/curl)
2020-07-30 20:40:42.090  INFO 193 --- [           main] o.a.maven.surefire.booter.ForkedBooter   : No active profile set, falling back to default profiles: default
2020-07-30 20:40:42.345  INFO 193 --- [           main] o.s.b.w.embedded.tomcat.TomcatWebServer  : Tomcat initialized with port(s): 55855 (http)
2020-07-30 20:40:42.347  INFO 193 --- [           main] o.apache.catalina.core.StandardService   : Starting service [Tomcat]
2020-07-30 20:40:42.348  INFO 193 --- [           main] org.apache.catalina.core.StandardEngine  : Starting Servlet engine: [Apache Tomcat/9.0.35]
2020-07-30 20:40:42.352  INFO 193 --- [           main] o.a.c.c.C.[Tomcat-1].[localhost].[/]     : Initializing Spring embedded WebApplicationContext
2020-07-30 20:40:42.353  INFO 193 --- [           main] o.s.web.context.ContextLoader            : Root WebApplicationContext: initialization completed in 260 ms
2020-07-30 20:40:42.457  INFO 193 --- [           main] o.s.s.web.DefaultSecurityFilterChain     : Creating filter chain: Ant [pattern='/public/**'], []
2020-07-30 20:40:42.462  INFO 193 --- [           main] o.s.s.web.DefaultSecurityFilterChain     : Creating filter chain: any request, [org.springframework.security.web.context.request.async.WebAsyncManagerIntegrationFilter@4a759cf3, org.springframework.security.web.context.SecurityContextPersistenceFilter@44637a90, org.springframework.security.web.header.HeaderWriterFilter@2db53908, org.springframework.security.web.csrf.CsrfFilter@2e8076, org.springframework.security.web.authentication.logout.LogoutFilter@6dcb95c, org.springframework.security.web.authentication.www.BasicAuthenticationFilter@1c3b3d09, org.springframework.security.web.savedrequest.RequestCacheAwareFilter@61f2600a, org.springframework.security.web.servletapi.SecurityContextHolderAwareRequestFilter@658b7845, org.springframework.security.web.authentication.AnonymousAuthenticationFilter@b9ce9dc, org.springframework.security.web.session.SessionManagementFilter@30ba61c1, org.springframework.security.web.access.ExceptionTranslationFilter@2801b6a0, org.springframework.security.web.access.intercept.FilterSecurityInterceptor@4bdbaed7]
2020-07-30 20:40:42.781  INFO 193 --- [           main] o.s.b.w.embedded.tomcat.TomcatWebServer  : Tomcat started on port(s): 55855 (http) with context path ''
2020-07-30 20:40:42.782  INFO 193 --- [           main] o.a.maven.surefire.booter.ForkedBooter   : Started ForkedBooter in 0.739 seconds (JVM running for 12.758)
2020-07-30 20:40:43.118  INFO 193 --- [ttpProxy Thread] org.mockserver.proxy.http.HttpProxy      : MockServer proxy started on port: 13049
2020-07-30 20:40:43.408  INFO 193 --- [io-58410-exec-8] o.a.c.c.C.[Tomcat].[localhost].[/]       : Initializing Spring DispatcherServlet 'dispatcherServlet'
2020-07-30 20:40:43.408  INFO 193 --- [io-58410-exec-8] o.s.web.servlet.DispatcherServlet        : Initializing Servlet 'dispatcherServlet'
2020-07-30 20:40:43.420  INFO 193 --- [io-58410-exec-8] o.s.web.servlet.DispatcherServlet        : Completed initialization in 12 ms
2020-07-30 20:40:43.496  INFO 193 --- [io-58410-exec-8] o.t.libe.outside.monitor.RequestMonitor  : curl -k -E src/test/resources/clients/libe/libe.pem -X POST -H 'content-type: text/plain; charset=UTF-8' -H 'user-agent: org.toilelibre.libe.curl/0.0.39-SNAPSHOT, Apache-HttpClient/4.5.8 (Java/1.8.0_262)' -H 'content-length: 23' -H 'host: localhost:58410' -H 'connection: Keep-Alive' -d '◊î◊©◊û◊ô◊ù ◊õ◊ó◊ï◊ú◊ô◊ù'  'https://localhost:58410/public/'
2020-07-30 20:40:43.625  INFO 193 --- [           main] o.toilelibre.libe.outside.curl.CurlTest  : I log something before the call
2020-07-30 20:40:43.695  INFO 193 --- [           main] o.toilelibre.libe.outside.curl.CurlTest  : I log something after the call... Bingo, the status of the response is 200
2020-07-30 20:40:43.728  INFO 193 --- [io-58410-exec-3] o.t.libe.outside.monitor.RequestMonitor  : curl -k -E src/test/resources/clients/libe/libe.pem -X GET -H 'user-agent: curl/7.49.1' -H 'accept: */*' -H 'host: localhost' -H 'connection: Keep-Alive'  'https://localhost:58410/public/curlCommand1?param1=value1&param2=value2'
2020-07-30 20:40:43.838  INFO 193 --- [io-58410-exec-9] o.t.libe.outside.monitor.RequestMonitor  : curl -k -E src/test/resources/clients/libe/libe.pem -X GET -H 'user-agent: org.toilelibre.libe.curl/0.0.39-SNAPSHOT, Apache-HttpClient/4.5.8 (Java/1.8.0_262)' -H 'host: localhost:58410' -H 'connection: Keep-Alive'  'https://localhost:58410/public/'
2020-07-30 20:40:43.861  INFO 193 --- [io-58410-exec-6] o.t.libe.outside.monitor.RequestMonitor  : curl -k -E src/test/resources/clients/libe/libe.pem -X GET -H 'user-agent: org.toilelibre.libe.curl/0.0.39-SNAPSHOT, Apache-HttpClient/4.5.8 (Java/1.8.0_262)' -H 'host: localhost:58410' -H 'connection: Keep-Alive'  'https://localhost:58410/public/'
2020-07-30 20:40:43.886  INFO 193 --- [io-58410-exec-9] o.t.libe.outside.monitor.RequestMonitor  : curl -k -E src/test/resources/clients/libe/libe.pem -X GET -H 'user-agent: org.toilelibre.libe.curl/0.0.39-SNAPSHOT, Apache-HttpClient/4.5.8 (Java/1.8.0_262)' -H 'host: localhost:58410' -H 'connection: Keep-Alive'  'https://localhost:58410/public/'
2020-07-30 20:40:43.900  INFO 193 --- [io-58410-exec-6] o.t.libe.outside.monitor.RequestMonitor  : curl -k -E src/test/resources/clients/libe/libe.pem -X GET -H 'accept: */*' -H 'host: localhost' -H 'user-agent: toto' -H 'connection: Keep-Alive'  'https://localhost:58410/public'
2020-07-30 20:40:44.099  INFO 193 --- [io-58410-exec-9] o.t.libe.outside.monitor.RequestMonitor  : curl -k -E src/test/resources/clients/libe/libe.pem -X GET -H 'host: localhost' -H 'authorization: 45e03eb2-8954-40a3-8068-c926f0461182' -H 'user-agent: org.toilelibre.libe.curl/0.0.39-SNAPSHOT, Apache-HttpClient/4.5.8 (Java/1.8.0_262)' -H 'connection: Keep-Alive'  'https://localhost:58410/public/v1/coverage/sncf/journeys?from=admin:7444extern'
2020-07-30 20:40:44.111  INFO 193 --- [io-58410-exec-6] o.t.libe.outside.monitor.RequestMonitor  : curl -k -E src/test/resources/clients/libe/libe.pem -X GET -H 'host: localhost' -H 'authorization: 45e03eb2-8954-40a3-8068-c926f0461182' -H 'user-agent: org.toilelibre.libe.curl/0.0.39-SNAPSHOT, Apache-HttpClient/4.5.8 (Java/1.8.0_262)' -H 'connection: Keep-Alive'  'https://localhost:58410/public/v1/coverage/sncf/journeys?from=admin:7444extern'
2020-07-30 20:40:44.128  INFO 193 --- [io-58410-exec-9] o.t.libe.outside.monitor.RequestMonitor  : curl -k -E src/test/resources/clients/libe/libe.pem -X GET -H 'user-agent: org.toilelibre.libe.curl/0.0.39-SNAPSHOT, Apache-HttpClient/4.5.8 (Java/1.8.0_262)' -H 'connection: Close' -H 'host: localhost:58410'  'https://localhost:58410/public/'
2020-07-30 20:40:44.220  INFO 193 --- [io-58410-exec-6] o.t.libe.outside.monitor.RequestMonitor  : [org.apache.catalina.core.ApplicationPart@2fa67e12, org.apache.catalina.core.ApplicationPart@3b063f2d]
2020-07-30 20:40:44.220  INFO 193 --- [io-58410-exec-6] o.t.libe.outside.monitor.RequestMonitor  : curl -k -E src/test/resources/clients/libe/libe.pem -X POST -H 'accept: */*' -H 'host: localhost' -H 'user-agent: org.toilelibre.libe.curl/0.0.39-SNAPSHOT, Apache-HttpClient/4.5.8 (Java/1.8.0_262)' -H 'content-length: 394' -H 'content-type: multipart/form-data; boundary=zBgn-yfr2Mi4Bip-PslJZHF4tuqf_VLfx0Nb' -H 'connection: Keep-Alive' -d ''  'https://localhost:58410/public/form'
2020-07-30 20:40:44.684  INFO 193 --- [io-55855-exec-1] o.a.c.c.C.[Tomcat-1].[localhost].[/]     : Initializing Spring DispatcherServlet 'dispatcherServlet'
2020-07-30 20:40:44.684  INFO 193 --- [io-55855-exec-1] o.s.web.servlet.DispatcherServlet        : Initializing Servlet 'dispatcherServlet'
2020-07-30 20:40:44.689  INFO 193 --- [io-55855-exec-1] o.s.web.servlet.DispatcherServlet        : Completed initialization in 5 ms
2020-07-30 20:40:44.692  INFO 193 --- [io-55855-exec-1] o.t.libe.outside.monitor.RequestMonitor  : curl -k -E src/test/resources/clients/libe/libe.pem -X GET -H 'user-agent: org.toilelibre.libe.curl/0.0.39-SNAPSHOT, Apache-HttpClient/4.5.8 (Java/1.8.0_262)' -H 'host: localhost:55855' -H 'accept-encoding: gzip,deflate' -H 'content-length: 0' -H 'connection: keep-alive'  'http://localhost:58410/public/foo'
2020-07-30 20:40:45.642  INFO 193 --- [ntLoopGroup-3-1] o.m.proxy.http.HttpProxyHandler          : returning response:

	{
	  "statusCode" : 200,
	  "headers" : [ {
	    "name" : "Keep-Alive",
	    "values" : [ "timeout=60" ]
	  }, {
	    "name" : "Connection",
	    "values" : [ "keep-alive" ]
	  }, {
	    "name" : "Content-Length",
	    "values" : [ "308" ]
	  }, {
	    "name" : "Date",
	    "values" : [ "Thu, 30 Jul 2020 20:40:44 GMT" ]
	  }, {
	    "name" : "Content-Type",
	    "values" : [ "text/plain;charset=utf-8" ]
	  } ],
	  "body" : "curl -k -E src/test/resources/clients/libe/libe.pem -X GET -H 'user-agent: org.toilelibre.libe.curl/0.0.39-SNAPSHOT, Apache-HttpClient/4.5.8 (Java/1.8.0_262)' -H 'host: localhost:55855' -H 'accept-encoding: gzip,deflate' -H 'content-length: 0' -H 'connection: keep-alive'  'http://localhost:58410/public/foo'"
	}

 for request as json:

	{
	  "method" : "GET",
	  "path" : "/public/foo",
	  "headers" : [ {
	    "name" : "User-Agent",
	    "values" : [ "org.toilelibre.libe.curl/0.0.39-SNAPSHOT, Apache-HttpClient/4.5.8 (Java/1.8.0_262)" ]
	  }, {
	    "name" : "Host",
	    "values" : [ "localhost:55855" ]
	  }, {
	    "name" : "Content-Length",
	    "values" : [ "0" ]
	  } ],
	  "keepAlive" : true,
	  "secure" : false
	}

 as curl:

	curl -v 'http://localhost:55855/public/foo' -H 'User-Agent: org.toilelibre.libe.curl/0.0.39-SNAPSHOT, Apache-HttpClient/4.5.8 (Java/1.8.0_262)' -H 'Host: localhost:55855' -H 'Content-Length: 0'


usage: curl [options] url
 -1,--tlsv1                                                     use >=
                                                                TLSv1
                                                                (SSL)
 -2,--sslv2                                                     use SSLv2
                                                                (SSL)
 -3,--sslv3                                                     use SSLv3
                                                                (SSL)
 -A,--user-agent <arg>                                          user agent
 -cacert,--cacert <arg>                                         CA_CERT
 -compressed,--compressed                                       Request
                                                                compressed
                                                                response
 -ct,--cert-type <arg>
                                                                PEM|P12|JK
                                                                S|DER|ENG
 -cti,--connect-timeout <seconds>                               Maximum
                                                                time
                                                                allowed
                                                                for
                                                                connection
 -d,--data <payload>                                            Data
 -databinary,--data-binary <payload>                            http post
                                                                binary
                                                                data
 -dataurlencode,--data-urlencode <payload>                      Data to
                                                                URLEncode
 -E,--cert <arg>
                                                                CERT[:pass
                                                                word]
 -F,--form <arg>                                                http
                                                                multipart
                                                                post data
 -H,--header <headerValue>                                      Header
 -interceptor,--interceptor <arg>
                                                                intercepto
                                                                r field or
                                                                method
                                                                (syntax is
                                                                classname:
                                                                :fieldname
                                                                ). Must be
                                                                a
                                                                BiFunction
                                                                <HttpReque
                                                                st,
                                                                Supplier<
                                                                HttpRespon
                                                                se>,
                                                                HttpRespon
                                                                se> or
                                                                will be
                                                                discarded
 -k,--insecure                                                  trust
                                                                insecure
 -key,--key <arg>                                               KEY
 -kt,--key-type <arg>
                                                                PEM|P12|JK
                                                                S|DER|ENG
 -L,--location                                                  follow
                                                                redirects
 -m,--max-time <seconds>                                        Maximum
                                                                time
                                                                allowed
                                                                for the
                                                                transfer
 -nokeepalive,--no-keepalive                                    Disable
                                                                TCP
                                                                keepalive
                                                                on the
                                                                connection
 -ntlm,--ntlm                                                   NTLM auth
 -o,--output <FILE>                                             write to
                                                                file
 -tlsv10,--tlsv1.0                                              use
                                                                TLSv1.0
                                                                (SSL)
 -tlsv11,--tlsv1.1                                              use
                                                                TLSv1.1
                                                                (SSL)
 -tlsv12,--tlsv1.2                                              use
                                                                TLSv1.2
                                                                (SSL)
 -u,--username <arg>
                                                                user:passw
                                                                ord
 -U,--proxy-user <user[:password]>
                                                                authentica
                                                                tion for
                                                                proxy
 -V,--version                                                   get the
                                                                version of
                                                                this
                                                                library
 -X,--request <method>                                          Http
                                                                Method
 -x,--proxy <<[protocol://][user:password@]proxyhost[:port]>>   use the
                                                                specified
                                                                HTTP proxy
2020-07-30 20:40:45.716  INFO 193 --- [io-58410-exec-5] o.t.libe.outside.monitor.RequestMonitor  : curl -k -E src/test/resources/clients/libe/libe.pem -X GET -H 'user-agent: org.toilelibre.libe.curl/0.0.39-SNAPSHOT, Apache-HttpClient/4.5.8 (Java/1.8.0_262)' -H 'host: localhost:58410' -H 'connection: Keep-Alive'  'https://localhost:58410/public/'
2020-07-30 20:40:45.755  INFO 193 --- [io-58410-exec-4] o.t.libe.outside.monitor.RequestMonitor  : curl -k -E src/test/resources/clients/libe/libe.pem -X GET -H 'user-agent: org.toilelibre.libe.curl/0.0.39-SNAPSHOT, Apache-HttpClient/4.5.8 (Java/1.8.0_262)' -H 'host: localhost:58410' -H 'connection: Keep-Alive'  'https://localhost:58410/public/redirection'
2020-07-30 20:40:45.763  INFO 193 --- [io-58410-exec-7] o.t.libe.outside.monitor.RequestMonitor  : curl -k -E src/test/resources/clients/libe/libe.pem -X GET -H 'user-agent: org.toilelibre.libe.curl/0.0.39-SNAPSHOT, Apache-HttpClient/4.5.8 (Java/1.8.0_262)' -H 'host: localhost:58410' -H 'connection: Keep-Alive'  'https://localhost:58410/public/redirectedThere'
2020-07-30 20:40:45.799  INFO 193 --- [io-58410-exec-4] o.t.libe.outside.monitor.RequestMonitor  : curl -k -E src/test/resources/clients/libe/libe.pem -X POST -H 'user-agent: org.toilelibre.libe.curl/0.0.39-SNAPSHOT, Apache-HttpClient/4.5.8 (Java/1.8.0_262)' -H 'content-length: 23' -H 'content-type: text/plain; charset=UTF-8' -H 'host: localhost:58410' -H 'connection: Keep-Alive' -d '◊î◊©◊û◊ô◊ù ◊õ◊ó◊ï◊ú◊ô◊ù'  'https://localhost:58410/public/'
2020-07-30 20:40:46.125  INFO 193 --- [io-58410-exec-1] o.t.libe.outside.monitor.RequestMonitor  : curl -k -E src/test/resources/clients/libe/libe.pem -X GET -H 'user-agent: curl/7.49.1' -H 'accept: */*' -H 'host: localhost' -H 'connection: Keep-Alive' -H 'authorization: Basic dXNlcjpwYXNzd29yZA=='  'https://localhost:58410/private/login'
2020-07-30 20:40:46.142  INFO 193 --- [io-58410-exec-9] o.t.libe.outside.monitor.RequestMonitor  : curl -k -E src/test/resources/clients/libe/libe.pem -X GET -H 'user-agent: curl/7.49.1' -H 'accept: */*' -H 'host: localhost' -H 'connection: Keep-Alive' -H 'cookie: JSESSIONID=337A3E19B73AB2EFCDD73C635C33E27D' -H 'authorization: Basic dXNlcjpwYXNzd29yZA=='  'https://localhost:58410/private/logged'
2020-07-30 20:40:46.157  INFO 193 --- [io-58410-exec-2] o.t.libe.outside.monitor.RequestMonitor  : curl -k -E src/test/resources/clients/libe/libe.pem -X GET -H 'user-agent: org.toilelibre.libe.curl/0.0.39-SNAPSHOT, Apache-HttpClient/4.5.8 (Java/1.8.0_262)' -H 'host: localhost:58410' -H 'connection: Keep-Alive'  'https://localhost:58410/public/unauthorized'
2020-07-30 20:40:46.172  INFO 193 --- [io-58410-exec-9] o.t.libe.outside.monitor.RequestMonitor  : curl -k -E src/test/resources/clients/libe/libe.pem -X GET -H 'user-agent: curl/7.49.1' -H 'accept: */*' -H 'host: localhost' -H 'connection: Keep-Alive'  'https://localhost:58410/public/curlCommand2?param1=value1&param2=value2'
2020-07-30 20:40:46.182  INFO 193 --- [io-58410-exec-2] o.t.libe.outside.monitor.RequestMonitor  : curl -k -E src/test/resources/clients/libe/libe.pem -X GET -H 'user-agent: curl/7.49.1' -H 'accept: */*' -H 'host: localhost' -H 'connection: Keep-Alive'  'https://localhost:58410/public/curlCommand2?param1=value1&param2=value2'
2020-07-30 20:40:46.202  INFO 193 --- [io-58410-exec-9] o.t.libe.outside.monitor.RequestMonitor  : curl -k -E src/test/resources/clients/libe/libe.pem -X GET -H 'user-agent: org.toilelibre.libe.curl/0.0.39-SNAPSHOT, Apache-HttpClient/4.5.8 (Java/1.8.0_262)' -H 'host: localhost:58410' -H 'connection: Keep-Alive' -H 'accept-encoding: gzip,deflate'  'https://localhost:58410/public/'
2020-07-30 20:40:46.221  INFO 193 --- [io-58410-exec-7] o.t.libe.outside.monitor.RequestMonitor  : curl -k -E src/test/resources/clients/libe/libe.pem -X GET -H 'user-agent: org.toilelibre.libe.curl/0.0.39-SNAPSHOT, Apache-HttpClient/4.5.8 (Java/1.8.0_262)' -H 'host: localhost:58410' -H 'connection: Keep-Alive'  'https://localhost:58410/public/'
2020-07-30 20:40:46.235  INFO 193 --- [io-58410-exec-1] o.t.libe.outside.monitor.RequestMonitor  : curl -k -E src/test/resources/clients/libe/libe.pem -X GET -H 'user-agent: org.toilelibre.libe.curl/0.0.39-SNAPSHOT, Apache-HttpClient/4.5.8 (Java/1.8.0_262)' -H 'host: localhost:58410' -H 'connection: Keep-Alive'  'https://localhost:58410/public/'
2020-07-30 20:40:46.244  INFO 193 --- [io-58410-exec-4] o.t.libe.outside.monitor.RequestMonitor  : curl -k -E src/test/resources/clients/libe/libe.pem -X GET -H 'user-agent: org.toilelibre.libe.curl/0.0.39-SNAPSHOT, Apache-HttpClient/4.5.8 (Java/1.8.0_262)' -H 'host: localhost:58410' -H 'connection: Keep-Alive'  'https://localhost:58410/public/'
2020-07-30 20:40:46.251  INFO 193 --- [io-58410-exec-1] o.t.libe.outside.monitor.RequestMonitor  : curl -k -E src/test/resources/clients/libe/libe.pem -X GET -H 'user-agent: org.toilelibre.libe.curl/0.0.39-SNAPSHOT, Apache-HttpClient/4.5.8 (Java/1.8.0_262)' -H 'host: localhost:58410' -H 'connection: Keep-Alive'  'https://localhost:58410/public/'
2020-07-30 20:40:46.261  INFO 193 --- [io-58410-exec-4] o.t.libe.outside.monitor.RequestMonitor  : curl -k -E src/test/resources/clients/libe/libe.pem -X GET -H 'user-agent: org.toilelibre.libe.curl/0.0.39-SNAPSHOT, Apache-HttpClient/4.5.8 (Java/1.8.0_262)' -H 'host: localhost:58410' -H 'connection: Keep-Alive'  'https://localhost:58410/public/'
2020-07-30 20:40:46.275  INFO 193 --- [io-58410-exec-1] o.t.libe.outside.monitor.RequestMonitor  : curl -k -E src/test/resources/clients/libe/libe.pem -X GET -H 'user-agent: org.toilelibre.libe.curl/0.0.39-SNAPSHOT, Apache-HttpClient/4.5.8 (Java/1.8.0_262)' -H 'host: localhost:58410' -H 'connection: Keep-Alive'  'https://localhost:58410/public/redirection'
2020-07-30 20:40:46.405  INFO 193 --- [io-58410-exec-9] o.t.libe.outside.monitor.RequestMonitor  : curl -k -E src/test/resources/clients/libe/libe.pem -X POST -H 'accept: */*' -H 'host: localhost' -H 'user-agent: org.toilelibre.libe.curl/0.0.39-SNAPSHOT, Apache-HttpClient/4.5.8 (Java/1.8.0_262)' -H 'transfer-encoding: chunked' -H 'connection: Keep-Alive' -d '0ÔøΩÔøΩ0ÔøΩÔøΩ	 ÔøΩnÔøΩ7ÔøΩWÔøΩ0	*ÔøΩHÔøΩÔøΩ 0ÔøΩÔøΩ10	UFR10
UIDF10UPARIS10U
TOILE-LIBRE10ULIBE10U	localhost1!0	*ÔøΩHÔøΩÔøΩ	server@localdomain0 160815160355Z21150310160355Z0ÔøΩÔøΩ10	UFR10
UIDF10UPARIS10U
TOILE-LIBRE10ULIBE10U	localhost1!0	*ÔøΩHÔøΩÔøΩ	server@localdomain0ÔøΩÔøΩ0	*ÔøΩHÔøΩÔøΩ ÔøΩÔøΩ 0ÔøΩÔøΩÔøΩÔøΩ ÔøΩ ¥ÔøΩÔøΩwOTÔøΩ ÔøΩ"ÔøΩ MzÔøΩKf5ÔøΩ^IÔøΩÔøΩ/xÔøΩEÔøΩJÔøΩÔøΩ
,ÔøΩF,ÔøΩÔøΩÔøΩÔøΩMÔøΩjBÔøΩÔøΩ1ÔøΩ8›ìÔøΩj*ÔøΩÔøΩÔøΩÔøΩ]	L	ZÔøΩÔøΩÔøΩ3ÔøΩÔøΩ⁄ÅhÔøΩ6›∏ÔøΩtÔøΩÔøΩÃúix_vcÔøΩÎ¶âÔøΩ}ÔøΩLÔøΩ9ÔøΩKÕûÔøΩnÔøΩ9 0	*ÔøΩHÔøΩÔøΩ ÔøΩÔøΩ xÔøΩ ÔøΩcÔøΩÔøΩiwÔøΩRL“ûÔøΩÔøΩÔøΩQc-ÔøΩAkÔøΩ>}ÔøΩdmÔøΩ¬ªÔøΩkÔøΩ˝ÔøΩKiÔøΩ»ù-ÔøΩÔøΩ#ÔøΩÔøΩÔøΩÔøΩÔøΩQÔøΩÔøΩGÔøΩÔøΩOÔøΩ_ÔøΩ$jÔøΩ2ÔøΩC8ÔøΩrÔøΩUÔøΩ1<ÔøΩÔøΩÔøΩyÔøΩÔøΩÔøΩÔøΩ‹æI.BÔøΩGÔøΩkÁ•∞ÔøΩ=3ÔøΩÔøΩÔøΩÔøΩeÔøΩUÔøΩÔøΩV0'  'https://localhost:58410/public/data'
2020-07-30 20:40:46.424  INFO 193 --- [io-58410-exec-4] o.t.libe.outside.monitor.RequestMonitor  : curl -k -E src/test/resources/clients/libe/libe.pem -X POST -H 'content-type: text/plain; charset=ISO-8859-1' -H 'user-agent: org.toilelibre.libe.curl/0.0.39-SNAPSHOT, Apache-HttpClient/4.5.8 (Java/1.8.0_262)' -H 'content-length: 12' -H 'host: localhost:58410' -H 'connection: Keep-Alive' -d '????? ??????'  'https://localhost:58410/public/'
2020-07-30 20:40:46.445  INFO 193 --- [io-58410-exec-1] o.t.libe.outside.monitor.RequestMonitor  : curl -k -E src/test/resources/clients/libe/libe.pem -X GET -H 'user-agent: org.toilelibre.libe.curl/0.0.39-SNAPSHOT, Apache-HttpClient/4.5.8 (Java/1.8.0_262)' -H 'host: localhost:58410' -H 'connection: Keep-Alive'  'https://localhost:58410/public/pathAsync'
2020-07-30 20:40:46.486  INFO 193 --- [io-58410-exec-6] o.t.libe.outside.monitor.RequestMonitor  : curl -k -E src/test/resources/clients/libe/libe.pem -X GET -H 'user-agent: org.toilelibre.libe.curl/0.0.39-SNAPSHOT, Apache-HttpClient/4.5.8 (Java/1.8.0_262)' -H 'host: localhost:58410' -H 'connection: Keep-Alive'  'https://localhost:58410/public/path2'
2020-07-30 20:40:46.492  INFO 193 --- [io-58410-exec-4] o.t.libe.outside.monitor.RequestMonitor  : curl -k -E src/test/resources/clients/libe/libe.pem -X GET -H 'user-agent: org.toilelibre.libe.curl/0.0.39-SNAPSHOT, Apache-HttpClient/4.5.8 (Java/1.8.0_262)' -H 'host: localhost:58410' -H 'connection: Keep-Alive'  'https://localhost:58410/public/pathAsync'
2020-07-30 20:40:46.495  INFO 193 --- [io-58410-exec-9] o.t.libe.outside.monitor.RequestMonitor  : curl -k -E src/test/resources/clients/libe/libe.pem -X GET -H 'user-agent: org.toilelibre.libe.curl/0.0.39-SNAPSHOT, Apache-HttpClient/4.5.8 (Java/1.8.0_262)' -H 'host: localhost:58410' -H 'connection: Keep-Alive'  'https://localhost:58410/public/path1'
2020-07-30 20:40:46.558  INFO 193 --- [io-58410-exec-3] o.t.libe.outside.monitor.RequestMonitor  : {var1=val1, var2=val2}
2020-07-30 20:40:46.558  INFO 193 --- [io-58410-exec-3] o.t.libe.outside.monitor.RequestMonitor  : curl -k -E src/test/resources/clients/libe/libe.pem -X POST -H 'user-agent: org.toilelibre.libe.curl/0.0.39-SNAPSHOT, Apache-HttpClient/4.5.8 (Java/1.8.0_262)' -H 'content-length: 29' -H 'content-type: text/plain; charset=UTF-8' -H 'host: localhost:58410' -H 'connection: Keep-Alive' -d '{"var1":"val1","var2":"val2"}'  'https://localhost:58410/public/json'
2020-07-30 20:40:46.567  INFO 193 --- [io-58410-exec-4] o.t.libe.outside.monitor.RequestMonitor  : curl -k -E src/test/resources/clients/libe/libe.pem -X GET -H 'user-agent: org.toilelibre.libe.curl/0.0.39-SNAPSHOT, Apache-HttpClient/4.5.8 (Java/1.8.0_262)' -H 'host: localhost:58410' -H 'connection: Keep-Alive'  'https://localhost:58410/public/'
2020-07-30 20:40:46.577  INFO 193 --- [io-58410-exec-3] o.t.libe.outside.monitor.RequestMonitor  : curl -k -E src/test/resources/clients/libe/libe.pem -X GET -H 'accept: */*' -H 'host: localhost' -H 'user-agent: toto' -H 'connection: Keep-Alive'  'https://localhost:58410/public'
2020-07-30 20:40:46.634  INFO 193 --- [o-58410-exec-10] o.t.libe.outside.monitor.RequestMonitor  : curl -k -E src/test/resources/clients/libe/libe.pem -X GET -H 'user-agent: org.toilelibre.libe.curl/0.0.39-SNAPSHOT, Apache-HttpClient/4.5.8 (Java/1.8.0_262)' -H 'host: localhost:58410' -H 'connection: Keep-Alive'  'https://localhost:58410/public/'
2020-07-30 20:40:46.646  INFO 193 --- [io-58410-exec-8] o.t.libe.outside.monitor.RequestMonitor  : curl -k -E src/test/resources/clients/libe/libe.pem -X GET -H 'user-agent: org.toilelibre.libe.curl/0.0.39-SNAPSHOT, Apache-HttpClient/4.5.8 (Java/1.8.0_262)' -H 'host: localhost:58410' -H 'connection: Keep-Alive'  'https://localhost:58410/public/'
2020-07-30 20:40:46.685  INFO 193 --- [io-58410-exec-2] o.t.libe.outside.monitor.RequestMonitor  : curl -k -E src/test/resources/clients/libe/libe.pem -X GET -H 'user-agent: org.toilelibre.libe.curl/0.0.39-SNAPSHOT, Apache-HttpClient/4.5.8 (Java/1.8.0_262)' -H 'host: localhost:58410' -H 'connection: Keep-Alive'  'https://localhost:58410/public/'
2020-07-30 20:40:46.695  INFO 193 --- [           main] o.toilelibre.libe.outside.curl.CurlTest  : I log something before the call
2020-07-30 20:40:46.697  INFO 193 --- [           main] o.toilelibre.libe.outside.curl.CurlTest  : I log something before the call (from a lambda)
2020-07-30 20:40:46.699  INFO 193 --- [io-58410-exec-8] o.t.libe.outside.monitor.RequestMonitor  : curl -k -E src/test/resources/clients/libe/libe.pem -X GET -H 'user-agent: org.toilelibre.libe.curl/0.0.39-SNAPSHOT, Apache-HttpClient/4.5.8 (Java/1.8.0_262)' -H 'host: localhost:58410' -H 'connection: Keep-Alive'  'https://localhost:58410/public/'
2020-07-30 20:40:46.712  INFO 193 --- [           main] o.toilelibre.libe.outside.curl.CurlTest  : I log something after the call (from a lambda)... Bingo, the status of the response is 200
2020-07-30 20:40:46.712  INFO 193 --- [           main] o.toilelibre.libe.outside.curl.CurlTest  : I log something after the call... Bingo, the status of the response is 200
2020-07-30 20:40:46.719  INFO 193 --- [io-58410-exec-7] o.t.libe.outside.monitor.RequestMonitor  : curl -k -E src/test/resources/clients/libe/libe.pem -X GET -H 'host: localhost' -H 'authorization: 45e03eb2-8954-40a3-8068-c926f0461182' -H 'user-agent: org.toilelibre.libe.curl/0.0.39-SNAPSHOT, Apache-HttpClient/4.5.8 (Java/1.8.0_262)' -H 'connection: Keep-Alive'  'https://localhost:58410/public/v1/coverage/sncf/journeys?from=admin:7444extern'
2020-07-30 20:40:46.726  INFO 193 --- [io-58410-exec-8] o.t.libe.outside.monitor.RequestMonitor  : curl -k -E src/test/resources/clients/libe/libe.pem -X GET -H 'user-agent: org.toilelibre.libe.curl/0.0.39-SNAPSHOT, Apache-HttpClient/4.5.8 (Java/1.8.0_262)' -H 'host: localhost:58410' -H 'connection: Keep-Alive'  'https://localhost:58410/public/'
2020-07-30 20:40:46.734  INFO 193 --- [io-58410-exec-7] o.t.libe.outside.monitor.RequestMonitor  : curl -k -E src/test/resources/clients/libe/libe.pem -X GET -H 'user-agent: org.toilelibre.libe.curl/0.0.39-SNAPSHOT, Apache-HttpClient/4.5.8 (Java/1.8.0_262)' -H 'host: localhost:58410' -H 'connection: Keep-Alive'  'https://localhost:58410/public/'
2020-07-30 20:40:46.750  INFO 193 --- [io-58410-exec-7] o.t.libe.outside.monitor.RequestMonitor  : curl -k -E src/test/resources/clients/libe/libe.pem -X GET -H 'host: localhost' -H 'soapaction: action1:action2:action3' -H 'user-agent: org.toilelibre.libe.curl/0.0.39-SNAPSHOT, Apache-HttpClient/4.5.8 (Java/1.8.0_262)' -H 'connection: Keep-Alive'  'https://localhost:58410/public/test'
2020-07-30 20:40:46.776  INFO 193 --- [io-58410-exec-3] o.t.libe.outside.monitor.RequestMonitor  : curl -k -E src/test/resources/clients/libe/libe.pem -X GET -H 'user-agent: org.toilelibre.libe.curl/0.0.39-SNAPSHOT, Apache-HttpClient/4.5.8 (Java/1.8.0_262)' -H 'host: localhost:58410' -H 'connection: Keep-Alive'  'https://localhost:58410/public/'
2020-07-30 20:40:46.783  INFO 193 --- [io-58410-exec-4] o.t.libe.outside.monitor.RequestMonitor  : curl -k -E src/test/resources/clients/libe/libe.pem -X GET -H 'user-agent: org.toilelibre.libe.curl/0.0.39-SNAPSHOT, Apache-HttpClient/4.5.8 (Java/1.8.0_262)' -H 'host: localhost:58410' -H 'connection: Keep-Alive'  'https://localhost:58410/public/'
2020-07-30 20:40:46.802  INFO 193 --- [io-58410-exec-2] o.t.libe.outside.monitor.RequestMonitor  : curl -k -E src/test/resources/clients/libe/libe.pem -X GET -H 'user-agent: org.toilelibre.libe.curl/0.0.39-SNAPSHOT, Apache-HttpClient/4.5.8 (Java/1.8.0_262)' -H 'host: localhost:58410' -H 'connection: Keep-Alive'  'https://localhost:58410/public/'
2020-07-30 20:40:46.821  INFO 193 --- [io-58410-exec-1] o.t.libe.outside.monitor.RequestMonitor  : curl -k -E src/test/resources/clients/libe/libe.pem -X GET -H 'user-agent: org.toilelibre.libe.curl/0.0.39-SNAPSHOT, Apache-HttpClient/4.5.8 (Java/1.8.0_262)' -H 'host: localhost:58410' -H 'connection: Keep-Alive'  'https://localhost:58410/public/'
2020-07-30 20:40:46.831  INFO 193 --- [io-58410-exec-7] o.t.libe.outside.monitor.RequestMonitor  : curl -k -E src/test/resources/clients/libe/libe.pem -X GET -H 'accept: */*' -H 'host: localhost' -H 'user-agent: toto' -H 'connection: Keep-Alive'  'https://localhost:58410/public'
org.toilelibre.libe.curl version 0.0.39-SNAPSHOT, build-time : 2020-07-30T20:39:51Z
2020-07-30 20:40:46.885  INFO 193 --- [io-58410-exec-2] o.t.libe.outside.monitor.RequestMonitor  : curl -k -E src/test/resources/clients/libe/libe.pem -X GET -H 'user-agent: org.toilelibre.libe.curl/0.0.39-SNAPSHOT, Apache-HttpClient/4.5.8 (Java/1.8.0_262)' -H 'host: localhost:58410' -H 'connection: Keep-Alive'  'https://localhost:58410/public/'
2020-07-30 20:40:46.920  INFO 193 --- [io-58410-exec-3] o.t.libe.outside.monitor.RequestMonitor  : curl -k -E src/test/resources/clients/libe/libe.pem -X GET -H 'user-agent: org.toilelibre.libe.curl/0.0.39-SNAPSHOT, Apache-HttpClient/4.5.8 (Java/1.8.0_262)' -H 'host: localhost:58410' -H 'connection: Keep-Alive'  'https://localhost:58410/public/'
2020-07-30 20:40:46.945  INFO 193 --- [io-58410-exec-4] o.t.libe.outside.monitor.RequestMonitor  : curl -k -E src/test/resources/clients/libe/libe.pem -X GET -H 'user-agent: org.toilelibre.libe.curl/0.0.39-SNAPSHOT, Apache-HttpClient/4.5.8 (Java/1.8.0_262)' -H 'host: localhost:58410' -H 'connection: Keep-Alive'  'https://localhost:58410/public/'
2020-07-30 20:40:46.955  INFO 193 --- [io-58410-exec-1] o.t.libe.outside.monitor.RequestMonitor  : curl -k -E src/test/resources/clients/libe/libe.pem -X POST -H 'user-agent: org.toilelibre.libe.curl/0.0.39-SNAPSHOT, Apache-HttpClient/4.5.8 (Java/1.8.0_262)' -H 'content-type: application/x-www-form-urlencoded' -H 'content-length: 11' -H 'host: localhost:58410' -H 'connection: Keep-Alive' -d 'hello+world'  'https://localhost:58410/public/data'
2020-07-30 20:40:46.963  INFO 193 --- [o-58410-exec-10] o.t.libe.outside.monitor.RequestMonitor  : curl -k -E src/test/resources/clients/libe/libe.pem -X POST -H 'user-agent: org.toilelibre.libe.curl/0.0.39-SNAPSHOT, Apache-HttpClient/4.5.8 (Java/1.8.0_262)' -H 'content-type: application/x-www-form-urlencoded' -H 'content-length: 310' -H 'host: localhost:58410' -H 'connection: Keep-Alive' -d 'message=%23%21%2Fbin%2Fbash%0Acurl+-k+--cert+clients%2Flibe%2Flibe.pem%3Amylibepass+https%3A%2F%2Flocalhost%3A%24%28netstat+-tlp+2%3E%261+%7C+grep+java+%7C+tr+%27+%27+%27%5Cn%27+%7C+sort+%7C+uniq+%7C+grep+-e+%27%5E%5C%5B%3A%3A%5C%5D%3A%5B0-9%5D%27+%7C+sed+%27s%2F%5B%5E0-9%5D%2F%2Fg%27%29%2Fpublic%2F%0Aecho%0A'  'https://localhost:58410/public/data'
2020-07-30 20:40:47.007  INFO 193 --- [io-58410-exec-8] o.t.libe.outside.monitor.RequestMonitor  : [org.apache.catalina.core.ApplicationPart@f76d20a, org.apache.catalina.core.ApplicationPart@61bef437]
2020-07-30 20:40:47.008  INFO 193 --- [io-58410-exec-8] o.t.libe.outside.monitor.RequestMonitor  : curl -k -E src/test/resources/clients/libe/libe.pem -X POST -H 'accept: */*' -H 'host: localhost' -H 'user-agent: org.toilelibre.libe.curl/0.0.39-SNAPSHOT, Apache-HttpClient/4.5.8 (Java/1.8.0_262)' -H 'content-length: 586' -H 'content-type: multipart/form-data; boundary=YKjo9Y6BkqLbDCGZSOaN-3DSkvh1hZdE' -H 'connection: Keep-Alive' -d ''  'https://localhost:58410/public/form'
2020-07-30 20:40:47.037  INFO 193 --- [io-58410-exec-3] o.t.libe.outside.monitor.RequestMonitor  : curl -k -E src/test/resources/clients/libe/libe.pem -X GET -H 'user-agent: org.toilelibre.libe.curl/0.0.39-SNAPSHOT, Apache-HttpClient/4.5.8 (Java/1.8.0_262)' -H 'host: localhost:58410' -H 'connection: Keep-Alive'  'https://localhost:58410/public/'
org.toilelibre.libe.curl version 0.0.39-SNAPSHOT, build-time : 2020-07-30T20:39:51Z
2020-07-30 20:40:47.045  INFO 193 --- [io-58410-exec-4] o.t.libe.outside.monitor.RequestMonitor  : curl -k -E src/test/resources/clients/libe/libe.pem -X POST -H 'user-agent: org.toilelibre.libe.curl/0.0.39-SNAPSHOT, Apache-HttpClient/4.5.8 (Java/1.8.0_262)' -H 'content-type: application/x-www-form-urlencoded' -H 'content-length: 44' -H 'host: localhost:58410' -H 'connection: Keep-Alive' -d 'message=hello+world&othermessage=how+are+you'  'https://localhost:58410/public/data'
Tests run: 63, Failures: 0, Errors: 0, Skipped: 1, Time elapsed: 11.161 sec - in org.toilelibre.libe.outside.curl.CurlTest
Running org.toilelibre.libe.outside.curl.CurlFakeTest
Tests run: 6, Failures: 0, Errors: 0, Skipped: 0, Time elapsed: 0 sec - in org.toilelibre.libe.outside.curl.CurlFakeTest

Results :

Tests run: 81, Failures: 0, Errors: 0, Skipped: 2

[INFO] 
[INFO] --- jacoco-maven-plugin:0.8.5:report (report) @ curl ---
[INFO] Loading execution data file /tmp/tmpejjz6rv9/curl/target/jacoco.exec
[INFO] Analyzed bundle 'curl' with 51 classes
[WARNING] Classes in bundle 'curl' do no match with execution data. For report generation the same class files must be used as at runtime.
[WARNING] Execution data for class org/toilelibre/libe/curl/Curl$CurlArgumentsBuilder does not match.
[INFO] ------------------------------------------------------------------------
[INFO] BUILD SUCCESS
[INFO] ------------------------------------------------------------------------
[INFO] Total time:  57.531 s
[INFO] Finished at: 2020-07-30T20:40:49Z
[INFO] ------------------------------------------------------------------------
