[INFO] Error stacktraces are turned on.
[INFO] Scanning for projects...
[INFO] 
[INFO] --------------< com.github.marcelothebuilder:webpedidos >---------------
[INFO] Building webpedidos 0.0.1-SNAPSHOT
[INFO] --------------------------------[ war ]---------------------------------
[INFO] 
[INFO] --- jacoco-maven-plugin:0.8.5:prepare-agent (default) @ webpedidos ---
[INFO] argLine set to -javaagent:/home/jdbl/.m2/repository/org/jacoco/org.jacoco.agent/0.8.5/org.jacoco.agent-0.8.5-runtime.jar=destfile=/tmp/tmphxy2vd5u/webpedidos/target/jacoco.exec
[INFO] 
[INFO] --- maven-resources-plugin:2.6:resources (default-resources) @ webpedidos ---
[INFO] Using 'UTF-8' encoding to copy filtered resources.
[INFO] Copying 9 resources
[INFO] 
[INFO] --- maven-compiler-plugin:3.3:compile (default-compile) @ webpedidos ---
[INFO] Changes detected - recompiling the module!
[INFO] Compiling 107 source files to /tmp/tmphxy2vd5u/webpedidos/target/classes
[INFO] 
[INFO] --- maven-resources-plugin:2.6:testResources (default-testResources) @ webpedidos ---
[INFO] Using 'UTF-8' encoding to copy filtered resources.
[INFO] Copying 1 resource
[INFO] 
[INFO] --- maven-compiler-plugin:3.3:testCompile (default-testCompile) @ webpedidos ---
[INFO] Changes detected - recompiling the module!
[INFO] Compiling 8 source files to /tmp/tmphxy2vd5u/webpedidos/target/test-classes
[INFO] 
[INFO] --- maven-surefire-plugin:2.19.1:test (default-test) @ webpedidos ---
[INFO] Surefire report directory: /tmp/tmphxy2vd5u/webpedidos/target/surefire-reports

-------------------------------------------------------
 T E S T S
-------------------------------------------------------
Running com.github.marcelothebuilder.webpedidos.converter.ProdutoConverterTest
Tests run: 2, Failures: 0, Errors: 0, Skipped: 0, Time elapsed: 0.395 sec - in com.github.marcelothebuilder.webpedidos.converter.ProdutoConverterTest
Running com.github.marcelothebuilder.webpedidos.converter.ClienteConverterTest
Tests run: 3, Failures: 0, Errors: 0, Skipped: 0, Time elapsed: 0.007 sec - in com.github.marcelothebuilder.webpedidos.converter.ClienteConverterTest
Running com.github.marcelothebuilder.webpedidos.converter.EstadoConverterTest
Tests run: 2, Failures: 0, Errors: 0, Skipped: 0, Time elapsed: 0.013 sec - in com.github.marcelothebuilder.webpedidos.converter.EstadoConverterTest
Running com.github.marcelothebuilder.webpedidos.converter.CategoriaConverterTest
Tests run: 2, Failures: 0, Errors: 0, Skipped: 0, Time elapsed: 0.012 sec - in com.github.marcelothebuilder.webpedidos.converter.CategoriaConverterTest
Running com.github.marcelothebuilder.webpedidos.converter.GrupoConverterTest
Tests run: 2, Failures: 0, Errors: 0, Skipped: 0, Time elapsed: 0.019 sec - in com.github.marcelothebuilder.webpedidos.converter.GrupoConverterTest
Running com.github.marcelothebuilder.webpedidos.converter.CidadeConverterTest
Tests run: 2, Failures: 0, Errors: 0, Skipped: 0, Time elapsed: 0.022 sec - in com.github.marcelothebuilder.webpedidos.converter.CidadeConverterTest
Running com.github.marcelothebuilder.webpedidos.converter.PedidoConverterTest
Tests run: 2, Failures: 0, Errors: 0, Skipped: 0, Time elapsed: 0.015 sec - in com.github.marcelothebuilder.webpedidos.converter.PedidoConverterTest
Running com.github.marcelothebuilder.webpedidos.converter.UsuarioConverterTest
Tests run: 2, Failures: 0, Errors: 0, Skipped: 0, Time elapsed: 0.013 sec - in com.github.marcelothebuilder.webpedidos.converter.UsuarioConverterTest

Results :

Tests run: 17, Failures: 0, Errors: 0, Skipped: 0

[INFO] 
[INFO] --- jacoco-maven-plugin:0.8.5:report (report) @ webpedidos ---
[INFO] Loading execution data file /tmp/tmphxy2vd5u/webpedidos/target/jacoco.exec
[INFO] Analyzed bundle 'webpedidos' with 352 classes
[INFO] ------------------------------------------------------------------------
[INFO] BUILD SUCCESS
[INFO] ------------------------------------------------------------------------
[INFO] Total time:  01:48 min
[INFO] Finished at: 2020-07-30T20:56:44Z
[INFO] ------------------------------------------------------------------------
