[INFO] Error stacktraces are turned on.
[INFO] Scanning for projects...
[INFO] 
[INFO] ----< com.google.code.externalsortinginjava:externalsortinginjava >-----
[INFO] Building externalsortinginjava 0.4.6-SNAPSHOT
[INFO] --------------------------------[ jar ]---------------------------------
[INFO] 
[INFO] --- maven-enforcer-plugin:1.0-beta-1:enforce (enforce-maven) @ externalsortinginjava ---
[INFO] 
[INFO] --- jacoco-maven-plugin:0.8.5:prepare-agent (default) @ externalsortinginjava ---
[INFO] argLine set to -javaagent:/home/jdbl/.m2/repository/org/jacoco/org.jacoco.agent/0.8.5/org.jacoco.agent-0.8.5-runtime.jar=destfile=/tmp/tmpf69zgc6r/externalsortinginjava/target/jacoco.exec
[INFO] 
[INFO] --- maven-dependency-plugin:2.8:copy-dependencies (default) @ externalsortinginjava ---
[INFO] Copying jamm-0.3.1.jar to /tmp/tmpf69zgc6r/externalsortinginjava/target/lib/jamm-0.3.1.jar
[INFO] Copying commons-csv-1.4.jar to /tmp/tmpf69zgc6r/externalsortinginjava/target/lib/commons-csv-1.4.jar
[INFO] Copying hamcrest-core-1.3.jar to /tmp/tmpf69zgc6r/externalsortinginjava/target/lib/hamcrest-core-1.3.jar
[INFO] Copying junit-4.12.jar to /tmp/tmpf69zgc6r/externalsortinginjava/target/lib/junit-4.12.jar
[INFO] 
[INFO] --- maven-resources-plugin:2.6:resources (default-resources) @ externalsortinginjava ---
[INFO] Using 'UTF-8' encoding to copy filtered resources.
[INFO] skip non existing resourceDirectory /tmp/tmpf69zgc6r/externalsortinginjava/src/main/resources
[INFO] 
[INFO] --- maven-compiler-plugin:3.5.1:compile (default-compile) @ externalsortinginjava ---
[INFO] Changes detected - recompiling the module!
[INFO] Compiling 8 source files to /tmp/tmpf69zgc6r/externalsortinginjava/target/classes
[INFO] 
[INFO] --- maven-resources-plugin:2.6:testResources (default-testResources) @ externalsortinginjava ---
[INFO] Using 'UTF-8' encoding to copy filtered resources.
[INFO] Copying 7 resources
[INFO] 
[INFO] --- maven-compiler-plugin:3.5.1:testCompile (default-testCompile) @ externalsortinginjava ---
[INFO] Changes detected - recompiling the module!
[INFO] Compiling 2 source files to /tmp/tmpf69zgc6r/externalsortinginjava/target/test-classes
[INFO] 
[INFO] --- maven-surefire-plugin:2.19.1:test (default-test) @ externalsortinginjava ---
[INFO] Surefire report directory: /tmp/tmpf69zgc6r/externalsortinginjava/target/surefire-reports

-------------------------------------------------------
 T E S T S
-------------------------------------------------------
Running com.google.code.externalsorting.csv.CsvExternalSortTest
Tests run: 4, Failures: 0, Errors: 0, Skipped: 0, Time elapsed: 1.955 sec - in com.google.code.externalsorting.csv.CsvExternalSortTest
Running com.google.code.externalsorting.ExternalSortTest
#ignore = 67412000
[performance] String size estimator uses 1.7177734375 ns per string
#ignore = 67412000
[performance] String size estimator uses 1.560546875 ns per string
#ignore = 67412000
[performance] String size estimator uses 1.5185546875 ns per string
#ignore = 67412000
[performance] String size estimator uses 1.6240234375 ns per string
#ignore = 67412000
[performance] String size estimator uses 1.5009765625 ns per string
#ignore = 67412000
[performance] String size estimator uses 1.5302734375 ns per string
#ignore = 67412000
[performance] String size estimator uses 1.583984375 ns per string
#ignore = 67412000
[performance] String size estimator uses 1.529296875 ns per string
#ignore = 67412000
[performance] String size estimator uses 1.587890625 ns per string
#ignore = 67412000
[performance] String size estimator uses 1.59375 ns per string
java com.google.externalsorting.ExternalSort inputfile outputfile
Flags are:
-v or --verbose: verbose output
-d or --distinct: prune duplicate lines
-t or --maxtmpfiles (followed by an integer): specify an upper bound on the number of temporary files
-c or --charset (followed by a charset code): specify the character set to use (for sorting)
-z or --gzip: use compression for the temporary files
-H or --header (followed by an integer): ignore the first few lines
-s or --store (following by a path): where to store the temporary files
-h or --help: display this message
please provide input and output file names
java com.google.externalsorting.ExternalSort inputfile outputfile
Flags are:
-v or --verbose: verbose output
-d or --distinct: prune duplicate lines
-t or --maxtmpfiles (followed by an integer): specify an upper bound on the number of temporary files
-c or --charset (followed by a charset code): specify the character set to use (for sorting)
-z or --gzip: use compression for the temporary files
-H or --header (followed by an integer): ignore the first few lines
-s or --store (following by a path): where to store the temporary files
-h or --help: display this message
please provide input and output file names
java com.google.externalsorting.ExternalSort inputfile outputfile
Flags are:
-v or --verbose: verbose output
-d or --distinct: prune duplicate lines
-t or --maxtmpfiles (followed by an integer): specify an upper bound on the number of temporary files
-c or --charset (followed by a charset code): specify the character set to use (for sorting)
-z or --gzip: use compression for the temporary files
-H or --header (followed by an integer): ignore the first few lines
-s or --store (following by a path): where to store the temporary files
-h or --help: display this message
created 1 tmp files
please provide input and output file names
java com.google.externalsorting.ExternalSort inputfile outputfile
Flags are:
-v or --verbose: verbose output
-d or --distinct: prune duplicate lines
-t or --maxtmpfiles (followed by an integer): specify an upper bound on the number of temporary files
-c or --charset (followed by a charset code): specify the character set to use (for sorting)
-z or --gzip: use compression for the temporary files
-H or --header (followed by an integer): ignore the first few lines
-s or --store (following by a path): where to store the temporary files
-h or --help: display this message
Tests run: 15, Failures: 0, Errors: 1, Skipped: 1, Time elapsed: 1.932 sec <<< FAILURE! - in com.google.code.externalsorting.ExternalSortTest
stringSizeEstimatorQuality(com.google.code.externalsorting.ExternalSortTest)  Time elapsed: 0.034 sec  <<< ERROR!
java.lang.IllegalStateException: Instrumentation is not set; Jamm must be set as -javaagent
	at com.google.code.externalsorting.ExternalSortTest.stringSizeEstimatorQuality(ExternalSortTest.java:145)


Results :

Tests in error: 
  ExternalSortTest.stringSizeEstimatorQuality:145 » IllegalState Instrumentation...

Tests run: 19, Failures: 0, Errors: 1, Skipped: 1

[ERROR] There are test failures.

Please refer to /tmp/tmpf69zgc6r/externalsortinginjava/target/surefire-reports for the individual test results.
[INFO] 
[INFO] --- jacoco-maven-plugin:0.8.5:report (report) @ externalsortinginjava ---
[INFO] Loading execution data file /tmp/tmpf69zgc6r/externalsortinginjava/target/jacoco.exec
[INFO] Analyzed bundle 'externalsortinginjava' with 25 classes
[INFO] ------------------------------------------------------------------------
[INFO] BUILD SUCCESS
[INFO] ------------------------------------------------------------------------
[INFO] Total time:  22.314 s
[INFO] Finished at: 2020-07-30T22:59:40Z
[INFO] ------------------------------------------------------------------------
