[INFO] Error stacktraces are turned on.
[INFO] Scanning for projects...
[INFO] 
[INFO] ------------------< org.apache.commons:commons-email >------------------
[INFO] Building Apache Commons Email 1.4
[INFO] --------------------------------[ jar ]---------------------------------
[INFO] 
[INFO] --- maven-enforcer-plugin:1.3.1:enforce (enforce-maven-3) @ commons-email ---
[INFO] 
[INFO] --- build-helper-maven-plugin:1.8:parse-version (parse-version) @ commons-email ---
[INFO] 
[INFO] --- maven-antrun-plugin:1.8:run (javadoc.resources) @ commons-email ---
[INFO] Executing tasks

main:
     [copy] Copying 2 files to /tmp/tmpx27apot7/commons-email/target/apidocs/META-INF
[INFO] Executed tasks
[INFO] 
[INFO] --- maven-remote-resources-plugin:1.5:process (default) @ commons-email ---
[INFO] 
[INFO] --- buildnumber-maven-plugin:1.3:create (default) @ commons-email ---
[INFO] Executing: /bin/sh -c cd /tmp/tmpx27apot7/commons-email && svn --non-interactive info
[INFO] Working directory: /tmp/tmpx27apot7/commons-email
[INFO] Storing buildNumber: ?????? at timestamp: 1596448333892
[INFO] Executing: /bin/sh -c cd /tmp/tmpx27apot7/commons-email && svn --non-interactive info
[INFO] Working directory: /tmp/tmpx27apot7/commons-email
[INFO] Storing buildScmBranch: UNKNOWN_BRANCH
[INFO] 
[INFO] --- maven-resources-plugin:2.7:resources (default-resources) @ commons-email ---
[INFO] Using 'UTF-8' encoding to copy filtered resources.
[INFO] Copying 1 resource
[INFO] Copying 2 resources to META-INF
[INFO] 
[INFO] --- maven-compiler-plugin:3.2:compile (default-compile) @ commons-email ---
[INFO] Changes detected - recompiling the module!
[INFO] Compiling 22 source files to /tmp/tmpx27apot7/commons-email/target/classes
[INFO] 
[INFO] --- maven-bundle-plugin:2.5.3:manifest (bundle-manifest) @ commons-email ---
[INFO] 
[INFO] --- animal-sniffer-maven-plugin:1.13:check (checkAPIcompatibility) @ commons-email ---
[INFO] Signature checking is skipped.
[INFO] 
[INFO] --- maven-resources-plugin:2.7:testResources (default-testResources) @ commons-email ---
[INFO] Using 'UTF-8' encoding to copy filtered resources.
[INFO] Copying 20 resources
[INFO] Copying 2 resources to META-INF
[INFO] 
[INFO] --- maven-compiler-plugin:3.2:testCompile (default-testCompile) @ commons-email ---
[INFO] Changes detected - recompiling the module!
[INFO] Compiling 25 source files to /tmp/tmpx27apot7/commons-email/target/test-classes
[INFO] 
[INFO] --- jacoco-maven-plugin:0.7.2.201409121644:prepare-agent (prepare-agent) @ commons-email ---
[INFO] argLine set to -javaagent:/home/jdbl/.m2/repository/org/jacoco/org.jacoco.agent/0.7.2.201409121644/org.jacoco.agent-0.7.2.201409121644-runtime.jar=destfile=/tmp/tmpx27apot7/commons-email/target/jacoco.exec
[INFO] 
[INFO] --- maven-surefire-plugin:2.18:test (default-test) @ commons-email ---
[INFO] Surefire report directory: /tmp/tmpx27apot7/commons-email/target/surefire-reports

-------------------------------------------------------
 T E S T S
-------------------------------------------------------
Running org.apache.commons.mail.EmailUtilsTest
Tests run: 1, Failures: 0, Errors: 0, Skipped: 0, Time elapsed: 0.002 sec - in org.apache.commons.mail.EmailUtilsTest
Running org.apache.commons.mail.resolver.DataSourceCompositeResolverTest
Tests run: 3, Failures: 0, Errors: 0, Skipped: 0, Time elapsed: 0.798 sec - in org.apache.commons.mail.resolver.DataSourceCompositeResolverTest
Running org.apache.commons.mail.resolver.DataSourceClassPathResolverTest
Tests run: 2, Failures: 0, Errors: 0, Skipped: 0, Time elapsed: 0.001 sec - in org.apache.commons.mail.resolver.DataSourceClassPathResolverTest
Running org.apache.commons.mail.resolver.DataSourceFileResolverTest
Tests run: 2, Failures: 0, Errors: 0, Skipped: 0, Time elapsed: 0.001 sec - in org.apache.commons.mail.resolver.DataSourceFileResolverTest
Running org.apache.commons.mail.resolver.DataSourceUrlResolverTest
Tests run: 3, Failures: 0, Errors: 0, Skipped: 0, Time elapsed: 1.997 sec - in org.apache.commons.mail.resolver.DataSourceUrlResolverTest
Running org.apache.commons.mail.MultiPartEmailTest
Aug 03, 2020 9:52:25 AM org.subethamail.smtp.server.SMTPServer start
INFO: SMTP server *:2501 starting
Aug 03, 2020 9:52:25 AM org.subethamail.smtp.server.ServerThread run
INFO: SMTP server *:2501 started
Aug 03, 2020 9:52:25 AM org.subethamail.smtp.server.SMTPServer stop
INFO: SMTP server *:2501 stopping
Aug 03, 2020 9:52:25 AM org.subethamail.smtp.server.ServerThread run
INFO: SMTP server *:2501 stopped
Aug 03, 2020 9:52:25 AM org.subethamail.smtp.server.SMTPServer start
INFO: SMTP server *:2502 starting
Aug 03, 2020 9:52:25 AM org.subethamail.smtp.server.ServerThread run
INFO: SMTP server *:2502 started
Aug 03, 2020 9:52:25 AM org.subethamail.smtp.server.SMTPServer stop
INFO: SMTP server *:2502 stopping
Aug 03, 2020 9:52:25 AM org.subethamail.smtp.server.ServerThread run
INFO: SMTP server *:2502 stopped
Tests run: 11, Failures: 0, Errors: 0, Skipped: 0, Time elapsed: 1.054 sec - in org.apache.commons.mail.MultiPartEmailTest
Running org.apache.commons.mail.ImageHtmlEmailTest
Aug 03, 2020 9:52:26 AM org.subethamail.smtp.server.SMTPServer start
INFO: SMTP server *:2501 starting
Aug 03, 2020 9:52:26 AM org.subethamail.smtp.server.ServerThread run
INFO: SMTP server *:2501 started
Aug 03, 2020 9:52:26 AM org.subethamail.smtp.server.SMTPServer stop
INFO: SMTP server *:2501 stopping
Aug 03, 2020 9:52:26 AM org.subethamail.smtp.server.ServerThread run
INFO: SMTP server *:2501 stopped
Aug 03, 2020 9:52:26 AM org.subethamail.smtp.server.SMTPServer start
INFO: SMTP server *:2502 starting
Aug 03, 2020 9:52:26 AM org.subethamail.smtp.server.ServerThread run
INFO: SMTP server *:2502 started
Aug 03, 2020 9:52:26 AM org.subethamail.smtp.server.SMTPServer stop
INFO: SMTP server *:2502 stopping
Aug 03, 2020 9:52:26 AM org.subethamail.smtp.server.ServerThread run
INFO: SMTP server *:2502 stopped
Aug 03, 2020 9:52:26 AM org.subethamail.smtp.server.SMTPServer start
INFO: SMTP server *:2503 starting
Aug 03, 2020 9:52:26 AM org.subethamail.smtp.server.ServerThread run
INFO: SMTP server *:2503 started
Aug 03, 2020 9:52:28 AM org.subethamail.smtp.server.SMTPServer stop
INFO: SMTP server *:2503 stopping
Aug 03, 2020 9:52:28 AM org.subethamail.smtp.server.ServerThread run
INFO: SMTP server *:2503 stopped
Aug 03, 2020 9:52:28 AM org.subethamail.smtp.server.SMTPServer start
INFO: SMTP server *:2504 starting
Aug 03, 2020 9:52:28 AM org.subethamail.smtp.server.ServerThread run
INFO: SMTP server *:2504 started
Aug 03, 2020 9:52:28 AM org.subethamail.smtp.server.SMTPServer stop
INFO: SMTP server *:2504 stopping
Aug 03, 2020 9:52:28 AM org.subethamail.smtp.server.ServerThread run
INFO: SMTP server *:2504 stopped
Aug 03, 2020 9:52:28 AM org.subethamail.smtp.server.SMTPServer start
INFO: SMTP server *:2505 starting
Aug 03, 2020 9:52:28 AM org.subethamail.smtp.server.ServerThread run
INFO: SMTP server *:2505 started
Aug 03, 2020 9:52:28 AM org.subethamail.smtp.server.SMTPServer stop
INFO: SMTP server *:2505 stopping
Aug 03, 2020 9:52:28 AM org.subethamail.smtp.server.ServerThread run
INFO: SMTP server *:2505 stopped
Aug 03, 2020 9:52:28 AM org.subethamail.smtp.server.SMTPServer start
INFO: SMTP server *:2506 starting
Aug 03, 2020 9:52:28 AM org.subethamail.smtp.server.ServerThread run
INFO: SMTP server *:2506 started
Aug 03, 2020 9:52:30 AM org.subethamail.smtp.server.SMTPServer stop
INFO: SMTP server *:2506 stopping
Aug 03, 2020 9:52:30 AM org.subethamail.smtp.server.ServerThread run
INFO: SMTP server *:2506 stopped
Aug 03, 2020 9:52:30 AM org.subethamail.smtp.server.SMTPServer start
INFO: SMTP server *:2507 starting
Aug 03, 2020 9:52:30 AM org.subethamail.smtp.server.ServerThread run
INFO: SMTP server *:2507 started
Aug 03, 2020 9:52:30 AM org.subethamail.smtp.server.SMTPServer stop
INFO: SMTP server *:2507 stopping
Aug 03, 2020 9:52:30 AM org.subethamail.smtp.server.ServerThread run
INFO: SMTP server *:2507 stopped
Aug 03, 2020 9:52:30 AM org.subethamail.smtp.server.SMTPServer start
INFO: SMTP server *:2508 starting
Aug 03, 2020 9:52:30 AM org.subethamail.smtp.server.ServerThread run
INFO: SMTP server *:2508 started
Aug 03, 2020 9:52:31 AM org.subethamail.smtp.server.SMTPServer stop
INFO: SMTP server *:2508 stopping
Aug 03, 2020 9:52:31 AM org.subethamail.smtp.server.ServerThread run
INFO: SMTP server *:2508 stopped
Aug 03, 2020 9:52:31 AM org.subethamail.smtp.server.SMTPServer start
INFO: SMTP server *:2509 starting
Aug 03, 2020 9:52:31 AM org.subethamail.smtp.server.ServerThread run
INFO: SMTP server *:2509 started
Aug 03, 2020 9:52:31 AM org.subethamail.smtp.server.SMTPServer stop
INFO: SMTP server *:2509 stopping
Aug 03, 2020 9:52:31 AM org.subethamail.smtp.server.ServerThread run
INFO: SMTP server *:2509 stopped
Aug 03, 2020 9:52:31 AM org.subethamail.smtp.server.SMTPServer start
INFO: SMTP server *:2510 starting
Aug 03, 2020 9:52:31 AM org.subethamail.smtp.server.ServerThread run
INFO: SMTP server *:2510 started
Aug 03, 2020 9:52:31 AM org.subethamail.smtp.server.SMTPServer stop
INFO: SMTP server *:2510 stopping
Aug 03, 2020 9:52:31 AM org.subethamail.smtp.server.ServerThread run
INFO: SMTP server *:2510 stopped
Aug 03, 2020 9:52:31 AM org.subethamail.smtp.server.SMTPServer start
INFO: SMTP server *:2511 starting
Aug 03, 2020 9:52:31 AM org.subethamail.smtp.server.ServerThread run
INFO: SMTP server *:2511 started
Aug 03, 2020 9:52:31 AM org.subethamail.smtp.server.SMTPServer stop
INFO: SMTP server *:2511 stopping
Aug 03, 2020 9:52:31 AM org.subethamail.smtp.server.ServerThread run
INFO: SMTP server *:2511 stopped
Aug 03, 2020 9:52:31 AM org.subethamail.smtp.server.SMTPServer start
INFO: SMTP server *:2512 starting
Aug 03, 2020 9:52:31 AM org.subethamail.smtp.server.ServerThread run
INFO: SMTP server *:2512 started
Aug 03, 2020 9:52:31 AM org.subethamail.smtp.server.SMTPServer stop
INFO: SMTP server *:2512 stopping
Aug 03, 2020 9:52:31 AM org.subethamail.smtp.server.ServerThread run
INFO: SMTP server *:2512 stopped
Aug 03, 2020 9:52:31 AM org.subethamail.smtp.server.SMTPServer start
INFO: SMTP server *:2513 starting
Aug 03, 2020 9:52:31 AM org.subethamail.smtp.server.ServerThread run
INFO: SMTP server *:2513 started
Aug 03, 2020 9:52:31 AM org.subethamail.smtp.server.SMTPServer stop
INFO: SMTP server *:2513 stopping
Aug 03, 2020 9:52:31 AM org.subethamail.smtp.server.ServerThread run
INFO: SMTP server *:2513 stopped
Aug 03, 2020 9:52:31 AM org.subethamail.smtp.server.SMTPServer start
INFO: SMTP server *:2514 starting
Aug 03, 2020 9:52:31 AM org.subethamail.smtp.server.ServerThread run
INFO: SMTP server *:2514 started
Aug 03, 2020 9:52:31 AM org.subethamail.smtp.server.SMTPServer stop
INFO: SMTP server *:2514 stopping
Aug 03, 2020 9:52:31 AM org.subethamail.smtp.server.ServerThread run
INFO: SMTP server *:2514 stopped
Tests run: 26, Failures: 0, Errors: 0, Skipped: 1, Time elapsed: 6.042 sec - in org.apache.commons.mail.ImageHtmlEmailTest
Running org.apache.commons.mail.EmailTest
Aug 03, 2020 9:52:31 AM org.subethamail.smtp.server.SMTPServer start
INFO: SMTP server *:2501 starting
Aug 03, 2020 9:52:31 AM org.subethamail.smtp.server.ServerThread run
INFO: SMTP server *:2501 started
Aug 03, 2020 9:52:31 AM org.subethamail.smtp.server.SMTPServer stop
INFO: SMTP server *:2501 stopping
Aug 03, 2020 9:52:31 AM org.subethamail.smtp.server.ServerThread run
INFO: SMTP server *:2501 stopped
Aug 03, 2020 9:52:31 AM org.subethamail.smtp.server.SMTPServer start
INFO: SMTP server *:2502 starting
Aug 03, 2020 9:52:31 AM org.subethamail.smtp.server.ServerThread run
INFO: SMTP server *:2502 started
Aug 03, 2020 9:52:31 AM org.subethamail.smtp.server.SMTPServer stop
INFO: SMTP server *:2502 stopping
Aug 03, 2020 9:52:31 AM org.subethamail.smtp.server.ServerThread run
INFO: SMTP server *:2502 stopped
Aug 03, 2020 9:52:31 AM org.subethamail.smtp.server.SMTPServer start
INFO: SMTP server *:2503 starting
Aug 03, 2020 9:52:31 AM org.subethamail.smtp.server.ServerThread run
INFO: SMTP server *:2503 started
Aug 03, 2020 9:52:31 AM org.subethamail.smtp.server.SMTPServer stop
INFO: SMTP server *:2503 stopping
Aug 03, 2020 9:52:31 AM org.subethamail.smtp.server.ServerThread run
INFO: SMTP server *:2503 stopped
Aug 03, 2020 9:52:31 AM org.subethamail.smtp.server.SMTPServer start
INFO: SMTP server *:2504 starting
Aug 03, 2020 9:52:31 AM org.subethamail.smtp.server.ServerThread run
INFO: SMTP server *:2504 started
Aug 03, 2020 9:52:31 AM org.subethamail.smtp.server.SMTPServer stop
INFO: SMTP server *:2504 stopping
Aug 03, 2020 9:52:31 AM org.subethamail.smtp.server.ServerThread run
INFO: SMTP server *:2504 stopped
Aug 03, 2020 9:52:31 AM org.subethamail.smtp.server.SMTPServer start
INFO: SMTP server *:2505 starting
Aug 03, 2020 9:52:31 AM org.subethamail.smtp.server.ServerThread run
INFO: SMTP server *:2505 started
Aug 03, 2020 9:52:31 AM org.subethamail.smtp.server.SMTPServer stop
INFO: SMTP server *:2505 stopping
Aug 03, 2020 9:52:31 AM org.subethamail.smtp.server.ServerThread run
INFO: SMTP server *:2505 stopped
Aug 03, 2020 9:52:31 AM org.subethamail.smtp.server.SMTPServer start
INFO: SMTP server *:2506 starting
Aug 03, 2020 9:52:31 AM org.subethamail.smtp.server.SMTPServer stop
INFO: SMTP server *:2506 stopping
Aug 03, 2020 9:52:31 AM org.subethamail.smtp.server.ServerThread run
INFO: SMTP server *:2506 started
Aug 03, 2020 9:52:31 AM org.subethamail.smtp.server.ServerThread run
INFO: SMTP server *:2506 stopped
Aug 03, 2020 9:52:31 AM org.subethamail.smtp.server.SMTPServer start
INFO: SMTP server *:2507 starting
Aug 03, 2020 9:52:31 AM org.subethamail.smtp.server.ServerThread run
INFO: SMTP server *:2507 started
Aug 03, 2020 9:52:31 AM org.subethamail.smtp.server.SMTPServer stop
INFO: SMTP server *:2507 stopping
Aug 03, 2020 9:52:31 AM org.subethamail.smtp.server.ServerThread run
INFO: SMTP server *:2507 stopped
Tests run: 73, Failures: 0, Errors: 0, Skipped: 0, Time elapsed: 0.15 sec - in org.apache.commons.mail.EmailTest
Running org.apache.commons.mail.HtmlEmailTest
Aug 03, 2020 9:52:32 AM org.subethamail.smtp.server.SMTPServer start
INFO: SMTP server *:2501 starting
Aug 03, 2020 9:52:32 AM org.subethamail.smtp.server.ServerThread run
INFO: SMTP server *:2501 started
Aug 03, 2020 9:52:32 AM org.subethamail.smtp.server.SMTPServer stop
INFO: SMTP server *:2501 stopping
Aug 03, 2020 9:52:32 AM org.subethamail.smtp.server.ServerThread run
INFO: SMTP server *:2501 stopped
Aug 03, 2020 9:52:32 AM org.subethamail.smtp.server.SMTPServer start
INFO: SMTP server *:2502 starting
Aug 03, 2020 9:52:32 AM org.subethamail.smtp.server.ServerThread run
INFO: SMTP server *:2502 started
Aug 03, 2020 9:52:32 AM org.subethamail.smtp.server.SMTPServer stop
INFO: SMTP server *:2502 stopping
Aug 03, 2020 9:52:32 AM org.subethamail.smtp.server.ServerThread run
INFO: SMTP server *:2502 stopped
Aug 03, 2020 9:52:32 AM org.subethamail.smtp.server.SMTPServer start
INFO: SMTP server *:2503 starting
Aug 03, 2020 9:52:32 AM org.subethamail.smtp.server.ServerThread run
INFO: SMTP server *:2503 started
Aug 03, 2020 9:52:32 AM org.subethamail.smtp.server.SMTPServer stop
INFO: SMTP server *:2503 stopping
Aug 03, 2020 9:52:32 AM org.subethamail.smtp.server.ServerThread run
INFO: SMTP server *:2503 stopped
Aug 03, 2020 9:52:32 AM org.subethamail.smtp.server.SMTPServer start
INFO: SMTP server *:2504 starting
Aug 03, 2020 9:52:32 AM org.subethamail.smtp.server.ServerThread run
INFO: SMTP server *:2504 started
Aug 03, 2020 9:52:32 AM org.subethamail.smtp.server.SMTPServer stop
INFO: SMTP server *:2504 stopping
Aug 03, 2020 9:52:32 AM org.subethamail.smtp.server.ServerThread run
INFO: SMTP server *:2504 stopped
Aug 03, 2020 9:52:32 AM org.subethamail.smtp.server.SMTPServer start
INFO: SMTP server *:2505 starting
Aug 03, 2020 9:52:32 AM org.subethamail.smtp.server.ServerThread run
INFO: SMTP server *:2505 started
Aug 03, 2020 9:52:32 AM org.subethamail.smtp.server.SMTPServer stop
INFO: SMTP server *:2505 stopping
Aug 03, 2020 9:52:32 AM org.subethamail.smtp.server.ServerThread run
INFO: SMTP server *:2505 stopped
Aug 03, 2020 9:52:32 AM org.subethamail.smtp.server.SMTPServer start
INFO: SMTP server *:2506 starting
Aug 03, 2020 9:52:32 AM org.subethamail.smtp.server.ServerThread run
INFO: SMTP server *:2506 started
Aug 03, 2020 9:52:32 AM org.subethamail.smtp.server.SMTPServer stop
INFO: SMTP server *:2506 stopping
Aug 03, 2020 9:52:32 AM org.subethamail.smtp.server.ServerThread run
INFO: SMTP server *:2506 stopped
Tests run: 15, Failures: 0, Errors: 0, Skipped: 1, Time elapsed: 1.051 sec - in org.apache.commons.mail.HtmlEmailTest
Running org.apache.commons.mail.util.MimeMessageParserTest
Tests run: 14, Failures: 0, Errors: 0, Skipped: 0, Time elapsed: 0.033 sec - in org.apache.commons.mail.util.MimeMessageParserTest
Running org.apache.commons.mail.DefaultAuthenticatorTest
Tests run: 1, Failures: 0, Errors: 0, Skipped: 0, Time elapsed: 0 sec - in org.apache.commons.mail.DefaultAuthenticatorTest
Running org.apache.commons.mail.SendWithAttachmentsTest
Aug 03, 2020 9:52:32 AM org.subethamail.smtp.server.SMTPServer start
INFO: SMTP server *:2508 starting
Aug 03, 2020 9:52:32 AM org.subethamail.smtp.server.ServerThread run
INFO: SMTP server *:2508 started
Aug 03, 2020 9:52:32 AM org.subethamail.smtp.server.SMTPServer stop
INFO: SMTP server *:2508 stopping
Aug 03, 2020 9:52:32 AM org.subethamail.smtp.server.ServerThread run
INFO: SMTP server *:2508 stopped
Aug 03, 2020 9:52:32 AM org.subethamail.smtp.server.SMTPServer start
INFO: SMTP server *:2509 starting
Aug 03, 2020 9:52:32 AM org.subethamail.smtp.server.ServerThread run
INFO: SMTP server *:2509 started
Aug 03, 2020 9:52:33 AM org.subethamail.smtp.server.SMTPServer stop
INFO: SMTP server *:2509 stopping
Aug 03, 2020 9:52:33 AM org.subethamail.smtp.server.ServerThread run
INFO: SMTP server *:2509 stopped
Tests run: 2, Failures: 0, Errors: 0, Skipped: 0, Time elapsed: 0.062 sec - in org.apache.commons.mail.SendWithAttachmentsTest
Running org.apache.commons.mail.EmailLiveTest
Tests run: 9, Failures: 0, Errors: 0, Skipped: 0, Time elapsed: 0.033 sec - in org.apache.commons.mail.EmailLiveTest
Running org.apache.commons.mail.EmailAttachmentTest
Tests run: 5, Failures: 0, Errors: 0, Skipped: 0, Time elapsed: 0.004 sec - in org.apache.commons.mail.EmailAttachmentTest
Running org.apache.commons.mail.InvalidInternetAddressTest
Tests run: 3, Failures: 0, Errors: 0, Skipped: 0, Time elapsed: 0 sec - in org.apache.commons.mail.InvalidInternetAddressTest
Running org.apache.commons.mail.InvalidAddressTest
Tests run: 4, Failures: 0, Errors: 0, Skipped: 0, Time elapsed: 0 sec - in org.apache.commons.mail.InvalidAddressTest
Running org.apache.commons.mail.SimpleEmailTest
Aug 03, 2020 9:52:33 AM org.subethamail.smtp.server.SMTPServer start
INFO: SMTP server *:2510 starting
Aug 03, 2020 9:52:33 AM org.subethamail.smtp.server.ServerThread run
INFO: SMTP server *:2510 started
Aug 03, 2020 9:52:33 AM org.subethamail.smtp.server.SMTPServer stop
INFO: SMTP server *:2510 stopping
Aug 03, 2020 9:52:33 AM org.subethamail.smtp.server.ServerThread run
INFO: SMTP server *:2510 stopped
Tests run: 3, Failures: 0, Errors: 0, Skipped: 1, Time elapsed: 0.004 sec - in org.apache.commons.mail.SimpleEmailTest

Results :




Tests run: 177, Failures: 0, Errors: 0, Skipped: 3

[INFO] 
[INFO] --- maven-jar-plugin:2.5:jar (default-jar) @ commons-email ---
[INFO] Building jar: /tmp/tmpx27apot7/commons-email/target/commons-email-1.4.jar
[INFO] 
[INFO] --- maven-site-plugin:3.4:attach-descriptor (attach-descriptor) @ commons-email ---
[INFO] 
[INFO] --- maven-assembly-plugin:3.2.0:single (default) @ commons-email ---
[INFO] Reading assembly descriptor: src/main/assembly/src.xml
[INFO] ------------------------------------------------------------------------
[INFO] BUILD FAILURE
[INFO] ------------------------------------------------------------------------
[INFO] Total time:  34.227 s
[INFO] Finished at: 2020-08-03T09:52:36Z
[INFO] ------------------------------------------------------------------------
[ERROR] Failed to execute goal org.apache.maven.plugins:maven-assembly-plugin:3.2.0:single (default) on project commons-email: Error reading assemblies: Error locating assembly descriptor: src/main/assembly/src.xml
[ERROR] 
[ERROR] [1] [INFO] Searching for file location: /tmp/tmpx27apot7/commons-email/src/main/assembly/src.xml
[ERROR] 
[ERROR] [2] [INFO] File: /tmp/tmpx27apot7/commons-email/src/main/assembly/src.xml does not exist.
[ERROR] 
[ERROR] [3] [INFO] File: /tmp/tmpx27apot7/commons-email/src/main/assembly/src.xml does not exist.
[ERROR] -> [Help 1]
org.apache.maven.lifecycle.LifecycleExecutionException: Failed to execute goal org.apache.maven.plugins:maven-assembly-plugin:3.2.0:single (default) on project commons-email: Error reading assemblies: Error locating assembly descriptor: src/main/assembly/src.xml

[1] [INFO] Searching for file location: /tmp/tmpx27apot7/commons-email/src/main/assembly/src.xml

[2] [INFO] File: /tmp/tmpx27apot7/commons-email/src/main/assembly/src.xml does not exist.

[3] [INFO] File: /tmp/tmpx27apot7/commons-email/src/main/assembly/src.xml does not exist.
    at org.apache.maven.lifecycle.internal.MojoExecutor.execute (MojoExecutor.java:215)
    at org.apache.maven.lifecycle.internal.MojoExecutor.execute (MojoExecutor.java:156)
    at org.apache.maven.lifecycle.internal.MojoExecutor.execute (MojoExecutor.java:148)
    at org.apache.maven.lifecycle.internal.LifecycleModuleBuilder.buildProject (LifecycleModuleBuilder.java:117)
    at org.apache.maven.lifecycle.internal.LifecycleModuleBuilder.buildProject (LifecycleModuleBuilder.java:81)
    at org.apache.maven.lifecycle.internal.builder.singlethreaded.SingleThreadedBuilder.build (SingleThreadedBuilder.java:56)
    at org.apache.maven.lifecycle.internal.LifecycleStarter.execute (LifecycleStarter.java:128)
    at org.apache.maven.DefaultMaven.doExecute (DefaultMaven.java:305)
    at org.apache.maven.DefaultMaven.doExecute (DefaultMaven.java:192)
    at org.apache.maven.DefaultMaven.execute (DefaultMaven.java:105)
    at org.apache.maven.cli.MavenCli.execute (MavenCli.java:957)
    at org.apache.maven.cli.MavenCli.doMain (MavenCli.java:289)
    at org.apache.maven.cli.MavenCli.main (MavenCli.java:193)
    at sun.reflect.NativeMethodAccessorImpl.invoke0 (Native Method)
    at sun.reflect.NativeMethodAccessorImpl.invoke (NativeMethodAccessorImpl.java:62)
    at sun.reflect.DelegatingMethodAccessorImpl.invoke (DelegatingMethodAccessorImpl.java:43)
    at java.lang.reflect.Method.invoke (Method.java:498)
    at org.codehaus.plexus.classworlds.launcher.Launcher.launchEnhanced (Launcher.java:282)
    at org.codehaus.plexus.classworlds.launcher.Launcher.launch (Launcher.java:225)
    at org.codehaus.plexus.classworlds.launcher.Launcher.mainWithExitCode (Launcher.java:406)
    at org.codehaus.plexus.classworlds.launcher.Launcher.main (Launcher.java:347)
Caused by: org.apache.maven.plugin.MojoExecutionException: Error reading assemblies: Error locating assembly descriptor: src/main/assembly/src.xml

[1] [INFO] Searching for file location: /tmp/tmpx27apot7/commons-email/src/main/assembly/src.xml

[2] [INFO] File: /tmp/tmpx27apot7/commons-email/src/main/assembly/src.xml does not exist.

[3] [INFO] File: /tmp/tmpx27apot7/commons-email/src/main/assembly/src.xml does not exist.
    at org.apache.maven.plugins.assembly.mojos.AbstractAssemblyMojo.execute (AbstractAssemblyMojo.java:454)
    at org.apache.maven.plugins.assembly.mojos.SingleAssemblyMojo.execute (SingleAssemblyMojo.java:61)
    at org.apache.maven.plugin.DefaultBuildPluginManager.executeMojo (DefaultBuildPluginManager.java:137)
    at org.apache.maven.lifecycle.internal.MojoExecutor.execute (MojoExecutor.java:210)
    at org.apache.maven.lifecycle.internal.MojoExecutor.execute (MojoExecutor.java:156)
    at org.apache.maven.lifecycle.internal.MojoExecutor.execute (MojoExecutor.java:148)
    at org.apache.maven.lifecycle.internal.LifecycleModuleBuilder.buildProject (LifecycleModuleBuilder.java:117)
    at org.apache.maven.lifecycle.internal.LifecycleModuleBuilder.buildProject (LifecycleModuleBuilder.java:81)
    at org.apache.maven.lifecycle.internal.builder.singlethreaded.SingleThreadedBuilder.build (SingleThreadedBuilder.java:56)
    at org.apache.maven.lifecycle.internal.LifecycleStarter.execute (LifecycleStarter.java:128)
    at org.apache.maven.DefaultMaven.doExecute (DefaultMaven.java:305)
    at org.apache.maven.DefaultMaven.doExecute (DefaultMaven.java:192)
    at org.apache.maven.DefaultMaven.execute (DefaultMaven.java:105)
    at org.apache.maven.cli.MavenCli.execute (MavenCli.java:957)
    at org.apache.maven.cli.MavenCli.doMain (MavenCli.java:289)
    at org.apache.maven.cli.MavenCli.main (MavenCli.java:193)
    at sun.reflect.NativeMethodAccessorImpl.invoke0 (Native Method)
    at sun.reflect.NativeMethodAccessorImpl.invoke (NativeMethodAccessorImpl.java:62)
    at sun.reflect.DelegatingMethodAccessorImpl.invoke (DelegatingMethodAccessorImpl.java:43)
    at java.lang.reflect.Method.invoke (Method.java:498)
    at org.codehaus.plexus.classworlds.launcher.Launcher.launchEnhanced (Launcher.java:282)
    at org.codehaus.plexus.classworlds.launcher.Launcher.launch (Launcher.java:225)
    at org.codehaus.plexus.classworlds.launcher.Launcher.mainWithExitCode (Launcher.java:406)
    at org.codehaus.plexus.classworlds.launcher.Launcher.main (Launcher.java:347)
Caused by: org.apache.maven.plugins.assembly.io.AssemblyReadException: Error locating assembly descriptor: src/main/assembly/src.xml

[1] [INFO] Searching for file location: /tmp/tmpx27apot7/commons-email/src/main/assembly/src.xml

[2] [INFO] File: /tmp/tmpx27apot7/commons-email/src/main/assembly/src.xml does not exist.

[3] [INFO] File: /tmp/tmpx27apot7/commons-email/src/main/assembly/src.xml does not exist.
    at org.apache.maven.plugins.assembly.io.DefaultAssemblyReader.addAssemblyFromDescriptor (DefaultAssemblyReader.java:294)
    at org.apache.maven.plugins.assembly.io.DefaultAssemblyReader.readAssemblies (DefaultAssemblyReader.java:116)
    at org.apache.maven.plugins.assembly.mojos.AbstractAssemblyMojo.execute (AbstractAssemblyMojo.java:450)
    at org.apache.maven.plugins.assembly.mojos.SingleAssemblyMojo.execute (SingleAssemblyMojo.java:61)
    at org.apache.maven.plugin.DefaultBuildPluginManager.executeMojo (DefaultBuildPluginManager.java:137)
    at org.apache.maven.lifecycle.internal.MojoExecutor.execute (MojoExecutor.java:210)
    at org.apache.maven.lifecycle.internal.MojoExecutor.execute (MojoExecutor.java:156)
    at org.apache.maven.lifecycle.internal.MojoExecutor.execute (MojoExecutor.java:148)
    at org.apache.maven.lifecycle.internal.LifecycleModuleBuilder.buildProject (LifecycleModuleBuilder.java:117)
    at org.apache.maven.lifecycle.internal.LifecycleModuleBuilder.buildProject (LifecycleModuleBuilder.java:81)
    at org.apache.maven.lifecycle.internal.builder.singlethreaded.SingleThreadedBuilder.build (SingleThreadedBuilder.java:56)
    at org.apache.maven.lifecycle.internal.LifecycleStarter.execute (LifecycleStarter.java:128)
    at org.apache.maven.DefaultMaven.doExecute (DefaultMaven.java:305)
    at org.apache.maven.DefaultMaven.doExecute (DefaultMaven.java:192)
    at org.apache.maven.DefaultMaven.execute (DefaultMaven.java:105)
    at org.apache.maven.cli.MavenCli.execute (MavenCli.java:957)
    at org.apache.maven.cli.MavenCli.doMain (MavenCli.java:289)
    at org.apache.maven.cli.MavenCli.main (MavenCli.java:193)
    at sun.reflect.NativeMethodAccessorImpl.invoke0 (Native Method)
    at sun.reflect.NativeMethodAccessorImpl.invoke (NativeMethodAccessorImpl.java:62)
    at sun.reflect.DelegatingMethodAccessorImpl.invoke (DelegatingMethodAccessorImpl.java:43)
    at java.lang.reflect.Method.invoke (Method.java:498)
    at org.codehaus.plexus.classworlds.launcher.Launcher.launchEnhanced (Launcher.java:282)
    at org.codehaus.plexus.classworlds.launcher.Launcher.launch (Launcher.java:225)
    at org.codehaus.plexus.classworlds.launcher.Launcher.mainWithExitCode (Launcher.java:406)
    at org.codehaus.plexus.classworlds.launcher.Launcher.main (Launcher.java:347)
[ERROR] 
[ERROR] Re-run Maven using the -X switch to enable full debug logging.
[ERROR] 
[ERROR] For more information about the errors and possible solutions, please read the following articles:
[ERROR] [Help 1] http://cwiki.apache.org/confluence/display/MAVEN/MojoExecutionException
[INFO] Build failures were ignored.
