[INFO] Error stacktraces are turned on.
[INFO] Scanning for projects...
[INFO] 
[INFO] -----------------------< tech.spiro:addrparser >------------------------
[INFO] Building tech.spiro:addrparser 1.2-SNAPSHOT
[INFO] --------------------------------[ jar ]---------------------------------
[INFO] 
[INFO] --- jacoco-maven-plugin:0.8.5:prepare-agent (default) @ addrparser ---
[INFO] argLine set to -javaagent:/home/jdbl/.m2/repository/org/jacoco/org.jacoco.agent/0.8.5/org.jacoco.agent-0.8.5-runtime.jar=destfile=/tmp/tmp2h1wwh4p/addrparser/target/jacoco.exec
[INFO] 
[INFO] --- maven-resources-plugin:2.7:resources (default-resources) @ addrparser ---
[INFO] Using 'UTF-8' encoding to copy filtered resources.
[INFO] skip non existing resourceDirectory /tmp/tmp2h1wwh4p/addrparser/src/main/resources
[INFO] 
[INFO] --- maven-compiler-plugin:3.3:compile (default-compile) @ addrparser ---
[INFO] Changes detected - recompiling the module!
[INFO] Compiling 32 source files to /tmp/tmp2h1wwh4p/addrparser/target/classes
[INFO] 
[INFO] --- maven-resources-plugin:2.7:testResources (default-testResources) @ addrparser ---
[INFO] Using 'UTF-8' encoding to copy filtered resources.
[INFO] skip non existing resourceDirectory /tmp/tmp2h1wwh4p/addrparser/src/test/resources
[INFO] 
[INFO] --- maven-compiler-plugin:3.3:testCompile (default-testCompile) @ addrparser ---
[INFO] Changes detected - recompiling the module!
[INFO] Compiling 1 source file to /tmp/tmp2h1wwh4p/addrparser/target/test-classes
[INFO] 
[INFO] --- maven-surefire-plugin:2.19.1:test (default-test) @ addrparser ---
[INFO] Surefire report directory: /tmp/tmp2h1wwh4p/addrparser/target/surefire-reports

-------------------------------------------------------
 T E S T S
-------------------------------------------------------
Running tech.spiro.addrparser.io.rdbms.RdbmsSQLTest
Tests run: 4, Failures: 0, Errors: 0, Skipped: 0, Time elapsed: 0.058 sec - in tech.spiro.addrparser.io.rdbms.RdbmsSQLTest

Results :

Tests run: 4, Failures: 0, Errors: 0, Skipped: 0

[INFO] 
[INFO] --- jacoco-maven-plugin:0.8.5:report (report) @ addrparser ---
[INFO] Loading execution data file /tmp/tmp2h1wwh4p/addrparser/target/jacoco.exec
[INFO] Analyzed bundle 'tech.spiro:addrparser' with 54 classes
[INFO] ------------------------------------------------------------------------
[INFO] BUILD SUCCESS
[INFO] ------------------------------------------------------------------------
[INFO] Total time:  7.782 s
[INFO] Finished at: 2020-07-30T23:02:02Z
[INFO] ------------------------------------------------------------------------
