[INFO] Error stacktraces are turned on.
[INFO] Scanning for projects...
[WARNING] The project com.github.mickleroy:aem-sass-compiler:bundle:1.0.5-SNAPSHOT uses prerequisites which is only intended for maven-plugin projects but not for non maven-plugin projects. For such purposes you should use the maven-enforcer-plugin. See https://maven.apache.org/enforcer/enforcer-rules/requireMavenVersion.html
[INFO] 
[INFO] ---------------< com.github.mickleroy:aem-sass-compiler >---------------
[INFO] Building Sass compiler for AEM 1.0.5-SNAPSHOT
[INFO] -------------------------------[ bundle ]-------------------------------
[INFO] 
[INFO] --- jacoco-maven-plugin:0.8.5:prepare-agent (default) @ aem-sass-compiler ---
[INFO] argLine set to -javaagent:/home/jdbl/.m2/repository/org/jacoco/org.jacoco.agent/0.8.5/org.jacoco.agent-0.8.5-runtime.jar=destfile=/tmp/tmp3_k6mavh/aem-sass-compiler/target/jacoco.exec
[INFO] 
[INFO] --- maven-resources-plugin:2.6:resources (default-resources) @ aem-sass-compiler ---
[INFO] Using 'UTF-8' encoding to copy filtered resources.
[INFO] skip non existing resourceDirectory /tmp/tmp3_k6mavh/aem-sass-compiler/src/main/resources
[INFO] 
[INFO] --- maven-compiler-plugin:3.1:compile (default-compile) @ aem-sass-compiler ---
[INFO] Changes detected - recompiling the module!
[INFO] Compiling 4 source files to /tmp/tmp3_k6mavh/aem-sass-compiler/target/classes
[INFO] 
[INFO] --- maven-scr-plugin:1.20.0:scr (generate-scr-descriptor) @ aem-sass-compiler ---
[INFO] Writing 1 Service Component Descriptors to /tmp/tmp3_k6mavh/aem-sass-compiler/target/classes/OSGI-INF/com.github.mickleroy.aem.sass.impl.SassCompilerImpl.xml
[INFO] 
[INFO] --- maven-resources-plugin:2.6:testResources (default-testResources) @ aem-sass-compiler ---
[INFO] Using 'UTF-8' encoding to copy filtered resources.
[INFO] skip non existing resourceDirectory /tmp/tmp3_k6mavh/aem-sass-compiler/src/test/resources
[INFO] 
[INFO] --- maven-compiler-plugin:3.1:testCompile (default-testCompile) @ aem-sass-compiler ---
[INFO] Changes detected - recompiling the module!
[INFO] Compiling 3 source files to /tmp/tmp3_k6mavh/aem-sass-compiler/target/test-classes
[INFO] 
[INFO] --- maven-surefire-plugin:2.19.1:test (default-test) @ aem-sass-compiler ---
[INFO] Surefire report directory: /tmp/tmp3_k6mavh/aem-sass-compiler/target/surefire-reports

-------------------------------------------------------
 T E S T S
-------------------------------------------------------
Running com.github.mickleroy.aem.sass.impl.SassCompilerImplTest
[main] INFO com.github.mickleroy.aem.sass.impl.SassCompilerImpl - Activating Sass Compiler
[main] INFO com.github.mickleroy.aem.sass.impl.SassCompilerImpl - Activating Sass Compiler
[main] ERROR com.github.mickleroy.aem.sass.impl.SassCompilerImpl - Failed to compile Sass null: Error: Base-level rules cannot contain the parent-selector-referencing character '&'.
        on line 1 of stdin
>> html() & { p { color: red; } }
   -------^

[main] INFO com.github.mickleroy.aem.sass.impl.SassCompilerImpl - Compiled Sass in 284ms
[main] INFO com.github.mickleroy.aem.sass.impl.SassCompilerImpl - Activating Sass Compiler
[main] INFO com.github.mickleroy.aem.sass.impl.SassCompilerImpl - Activating Sass Compiler
[main] INFO com.github.mickleroy.aem.sass.impl.SassCompilerImpl - Compiled Sass in 20ms
[main] INFO com.github.mickleroy.aem.sass.impl.SassCompilerImpl - Activating Sass Compiler
[main] INFO com.github.mickleroy.aem.sass.impl.SassCompilerImpl - Activating Sass Compiler
Tests run: 6, Failures: 0, Errors: 0, Skipped: 0, Time elapsed: 1.255 sec - in com.github.mickleroy.aem.sass.impl.SassCompilerImplTest
Running com.github.mickleroy.aem.sass.impl.FileImporterTest
Tests run: 8, Failures: 0, Errors: 0, Skipped: 0, Time elapsed: 0.059 sec - in com.github.mickleroy.aem.sass.impl.FileImporterTest
Running com.github.mickleroy.aem.sass.util.ScriptResourceUtilTest
Tests run: 1, Failures: 0, Errors: 0, Skipped: 0, Time elapsed: 0 sec - in com.github.mickleroy.aem.sass.util.ScriptResourceUtilTest

Results :

Tests run: 15, Failures: 0, Errors: 0, Skipped: 0

[INFO] 
[INFO] --- jacoco-maven-plugin:0.8.5:report (report) @ aem-sass-compiler ---
[INFO] Loading execution data file /tmp/tmp3_k6mavh/aem-sass-compiler/target/jacoco.exec
[INFO] Analyzed bundle 'Sass compiler for AEM' with 41 classes
[INFO] ------------------------------------------------------------------------
[INFO] BUILD SUCCESS
[INFO] ------------------------------------------------------------------------
[INFO] Total time:  05:51 min
[INFO] Finished at: 2020-07-30T23:20:03Z
[INFO] ------------------------------------------------------------------------
