[INFO] Error stacktraces are turned on.
[INFO] Scanning for projects...
[INFO] 
[INFO] ----------------------< org.jenkins-ci:winstone >-----------------------
[INFO] Building Winstone 5.11-SNAPSHOT
[INFO] --------------------------------[ jar ]---------------------------------
[INFO] 
[INFO] --- maven-enforcer-plugin:3.0.0-M3:display-info (display-info) @ winstone ---
[INFO] Maven Version: 3.6.3
[INFO] JDK Version: 1.8.0_262 normalized as: 1.8.0-262
[INFO] OS Info: Arch: amd64 Family: unix Name: linux Version: 4.15.0-109-generic
[INFO] 
[INFO] --- maven-enforcer-plugin:3.0.0-M3:enforce (display-info) @ winstone ---
[INFO] Adding ignore: module-info
[INFO] 
[INFO] --- jacoco-maven-plugin:0.8.5:prepare-agent (default) @ winstone ---
[INFO] argLine set to -javaagent:/home/jdbl/.m2/repository/org/jacoco/org.jacoco.agent/0.8.5/org.jacoco.agent-0.8.5-runtime.jar=destfile=/tmp/tmpiiri11jd/winstone/target/jacoco.exec
[INFO] 
[INFO] --- maven-resources-plugin:3.1.0:resources (default-resources) @ winstone ---
[WARNING] Using platform encoding (UTF-8 actually) to copy filtered resources, i.e. build is platform dependent!
[INFO] Copying 5 resources
[INFO] 
[INFO] --- maven-compiler-plugin:3.8.1:compile (default-compile) @ winstone ---
[INFO] Changes detected - recompiling the module!
[WARNING] File encoding has not been set, using platform encoding UTF-8, i.e. build is platform dependent!
[INFO] Compiling 22 source files to /tmp/tmpiiri11jd/winstone/target/classes
[INFO] /tmp/tmpiiri11jd/winstone/src/main/java/winstone/AbstractSecuredConnectorFactory.java: Some input files use or override a deprecated API.
[INFO] /tmp/tmpiiri11jd/winstone/src/main/java/winstone/AbstractSecuredConnectorFactory.java: Recompile with -Xlint:deprecation for details.
[INFO] /tmp/tmpiiri11jd/winstone/src/main/java/winstone/Launcher.java: Some input files use unchecked or unsafe operations.
[INFO] /tmp/tmpiiri11jd/winstone/src/main/java/winstone/Launcher.java: Recompile with -Xlint:unchecked for details.
[INFO] 
[INFO] --- animal-sniffer-maven-plugin:1.18:check (check) @ winstone ---
[INFO] Signature checking is skipped.
[INFO] 
[INFO] --- maven-resources-plugin:3.1.0:testResources (default-testResources) @ winstone ---
[WARNING] Using platform encoding (UTF-8 actually) to copy filtered resources, i.e. build is platform dependent!
[INFO] Copying 1 resource
[INFO] 
[INFO] --- maven-compiler-plugin:3.8.1:testCompile (default-testCompile) @ winstone ---
[INFO] Changes detected - recompiling the module!
[WARNING] File encoding has not been set, using platform encoding UTF-8, i.e. build is platform dependent!
[INFO] Compiling 19 source files to /tmp/tmpiiri11jd/winstone/target/test-classes
[INFO] /tmp/tmpiiri11jd/winstone/src/test/java/winstone/AbstractWinstoneTest.java: Some input files use or override a deprecated API.
[INFO] /tmp/tmpiiri11jd/winstone/src/test/java/winstone/AbstractWinstoneTest.java: Recompile with -Xlint:deprecation for details.
[INFO] 
[INFO] --- maven-antrun-plugin:1.8:run (prepare-testwebapp) @ winstone ---
[WARNING] Parameter tasks is deprecated, use target instead
[INFO] Executing tasks

main:
     [copy] Copying 3 files to /tmp/tmpiiri11jd/winstone/target
     [copy] Copying 20 files to /tmp/tmpiiri11jd/winstone/target/testwebapp/WEB-INF/classes
      [war] Building war: /tmp/tmpiiri11jd/winstone/target/test-classes/test.war
[INFO] Executed tasks
[INFO] 
[INFO] --- maven-surefire-plugin:2.19.1:test (default-test) @ winstone ---
[INFO] Surefire report directory: /tmp/tmpiiri11jd/winstone/target/surefire-reports

-------------------------------------------------------
 T E S T S
-------------------------------------------------------
Running winstone.LauncherTest
2020-08-03 11:11:30.668:INFO::main: Logging initialized @321ms to org.eclipse.jetty.util.log.StdErrLog
Aug 03, 2020 11:11:30 AM winstone.Logger logInternal
INFO: Beginning extraction from war file
2020-08-03 11:11:30.767:WARN:oejsh.ContextHandler:main: Empty contextPath
2020-08-03 11:11:30.821:INFO:oejs.Server:main: jetty-9.4.30.v20200611; built: 2020-06-11T12:34:51.929Z; git: 271836e4c1f4612f12b7bb13ef5a92a927634b0d; jvm 1.8.0_262-b10
2020-08-03 11:11:30.927:INFO:oejw.StandardDescriptorProcessor:main: NO JSP Support for /, did not find org.eclipse.jetty.jsp.JettyJspServlet
2020-08-03 11:11:30.939:INFO:oejs.session:main: DefaultSessionIdManager workerName=node0
2020-08-03 11:11:30.939:INFO:oejs.session:main: No SessionScavenger set, using defaults
2020-08-03 11:11:30.940:INFO:oejs.session:main: node0 Scavenging every 600000ms
2020-08-03 11:11:30.960:INFO:oejsh.ContextHandler:main: Started w.@1d2adfbe{WinstoneTestWebApp,/,file:///tmp/jdbl/winstone/test.war/,AVAILABLE}{/tmp/jdbl/winstone/test.war}
2020-08-03 11:11:30.968:INFO:oejs.AbstractConnector:main: Started ServerConnector@1dd02175{HTTP/1.1, (http/1.1)}{0.0.0.0:59009}
2020-08-03 11:11:30.971:INFO:oejs.Server:main: Started @624ms
Aug 03, 2020 11:11:30 AM winstone.Logger logInternal
INFO: Winstone Servlet Engine running: controlPort=disabled
2020-08-03 11:11:31.067:INFO:oejs.AbstractConnector:main: Stopped ServerConnector@1dd02175{HTTP/1.1, (http/1.1)}{0.0.0.0:59009}
2020-08-03 11:11:31.068:INFO:oejs.session:main: node0 Stopped scavenging
2020-08-03 11:11:31.071:INFO:oejsh.ContextHandler:main: Stopped w.@1d2adfbe{WinstoneTestWebApp,/,null,UNAVAILABLE}{/tmp/jdbl/winstone/test.war}
Aug 03, 2020 11:11:31 AM winstone.Logger logInternal
INFO: Jetty shutdown successfully
Aug 03, 2020 11:11:31 AM winstone.Logger logInternal
INFO: Control thread shutdown successfully
Tests run: 1, Failures: 0, Errors: 0, Skipped: 0, Time elapsed: 0.555 sec - in winstone.LauncherTest
Running winstone.realm.ArgumentsRealmTest
Aug 03, 2020 11:11:31 AM winstone.Logger logInternal
INFO: Beginning extraction from war file
2020-08-03 11:11:31.082:WARN:oejsh.ContextHandler:main: Empty contextPath
2020-08-03 11:11:31.084:INFO:oejs.Server:main: jetty-9.4.30.v20200611; built: 2020-06-11T12:34:51.929Z; git: 271836e4c1f4612f12b7bb13ef5a92a927634b0d; jvm 1.8.0_262-b10
2020-08-03 11:11:31.097:INFO:oejw.StandardDescriptorProcessor:main: NO JSP Support for /, did not find org.eclipse.jetty.jsp.JettyJspServlet
2020-08-03 11:11:31.100:INFO:oejs.session:main: DefaultSessionIdManager workerName=node0
2020-08-03 11:11:31.100:INFO:oejs.session:main: No SessionScavenger set, using defaults
2020-08-03 11:11:31.100:INFO:oejs.session:main: node0 Scavenging every 660000ms
2020-08-03 11:11:31.104:INFO:oejsh.ContextHandler:main: Started w.@702657cc{WinstoneTestWebApp,/,file:///tmp/jdbl/winstone/test.war/,AVAILABLE}{/tmp/jdbl/winstone/test.war}
2020-08-03 11:11:31.104:INFO:oejs.AbstractConnector:main: Started ServerConnector@5bf0d49{HTTP/1.1, (http/1.1)}{0.0.0.0:10059}
2020-08-03 11:11:31.104:INFO:oejs.Server:main: Started @758ms
Aug 03, 2020 11:11:31 AM winstone.Logger logInternal
INFO: Winstone Servlet Engine running: controlPort=disabled
2020-08-03 11:11:31.127:INFO:oejs.AbstractConnector:main: Stopped ServerConnector@5bf0d49{HTTP/1.1, (http/1.1)}{0.0.0.0:10059}
2020-08-03 11:11:31.128:INFO:oejs.session:main: node0 Stopped scavenging
2020-08-03 11:11:31.128:INFO:oejsh.ContextHandler:main: Stopped w.@702657cc{WinstoneTestWebApp,/,null,UNAVAILABLE}{/tmp/jdbl/winstone/test.war}
Aug 03, 2020 11:11:31 AM winstone.Logger logInternal
INFO: Jetty shutdown successfully
Tests run: 1, Failures: 0, Errors: 0, Skipped: 0, Time elapsed: 0.035 sec - in winstone.realm.ArgumentsRealmTest
Running winstone.accesslog.SimpleAccessLoggerTest
Aug 03, 2020 11:11:31 AM winstone.Logger logInternal
INFO: Control thread shutdown successfully
Aug 03, 2020 11:11:31 AM winstone.Logger logInternal
INFO: Beginning extraction from war file
2020-08-03 11:11:31.139:INFO:oejs.Server:main: jetty-9.4.30.v20200611; built: 2020-06-11T12:34:51.929Z; git: 271836e4c1f4612f12b7bb13ef5a92a927634b0d; jvm 1.8.0_262-b10
2020-08-03 11:11:31.148:INFO:oejw.StandardDescriptorProcessor:main: NO JSP Support for /examples, did not find org.eclipse.jetty.jsp.JettyJspServlet
2020-08-03 11:11:31.186:INFO:oejs.session:main: DefaultSessionIdManager workerName=node0
2020-08-03 11:11:31.186:INFO:oejs.session:main: No SessionScavenger set, using defaults
2020-08-03 11:11:31.186:INFO:oejs.session:main: node0 Scavenging every 660000ms
2020-08-03 11:11:31.190:INFO:oejsh.ContextHandler:main: Started w.@229f66ed{WinstoneTestWebApp,/examples,file:///tmp/jdbl/winstone/test.war/,AVAILABLE}{/tmp/jdbl/winstone/test.war}
2020-08-03 11:11:31.191:INFO:oejs.AbstractConnector:main: Started ServerConnector@815b41f{HTTP/1.1, (http/1.1)}{0.0.0.0:10003}
2020-08-03 11:11:31.191:INFO:oejs.Server:main: Started @844ms
Aug 03, 2020 11:11:31 AM winstone.Logger logInternal
INFO: Winstone Servlet Engine running: controlPort=disabled
2020-08-03 11:11:31.297:INFO:oejs.AbstractConnector:main: Stopped ServerConnector@815b41f{HTTP/1.1, (http/1.1)}{0.0.0.0:10003}
2020-08-03 11:11:31.297:INFO:oejs.session:main: node0 Stopped scavenging
2020-08-03 11:11:31.298:INFO:oejsh.ContextHandler:main: Stopped w.@229f66ed{WinstoneTestWebApp,/examples,null,UNAVAILABLE}{/tmp/jdbl/winstone/test.war}
Aug 03, 2020 11:11:31 AM winstone.Logger logInternal
INFO: Jetty shutdown successfully
Tests run: 1, Failures: 0, Errors: 0, Skipped: 0, Time elapsed: 0.167 sec - in winstone.accesslog.SimpleAccessLoggerTest
Running winstone.HttpConnectorFactoryTest
Aug 03, 2020 11:11:31 AM winstone.Logger logInternal
INFO: Control thread shutdown successfully
Aug 03, 2020 11:11:31 AM winstone.Logger logInternal
INFO: Beginning extraction from war file
2020-08-03 11:11:31.303:WARN:oejsh.ContextHandler:main: Empty contextPath
2020-08-03 11:11:31.305:INFO:oejs.Server:main: jetty-9.4.30.v20200611; built: 2020-06-11T12:34:51.929Z; git: 271836e4c1f4612f12b7bb13ef5a92a927634b0d; jvm 1.8.0_262-b10
2020-08-03 11:11:31.317:INFO:oejw.StandardDescriptorProcessor:main: NO JSP Support for /, did not find org.eclipse.jetty.jsp.JettyJspServlet
2020-08-03 11:11:31.319:INFO:oejs.session:main: DefaultSessionIdManager workerName=node0
2020-08-03 11:11:31.319:INFO:oejs.session:main: No SessionScavenger set, using defaults
2020-08-03 11:11:31.319:INFO:oejs.session:main: node0 Scavenging every 600000ms
2020-08-03 11:11:31.321:INFO:oejsh.ContextHandler:main: Started w.@a2431d0{WinstoneTestWebApp,/,file:///tmp/jdbl/winstone/test.war/,AVAILABLE}{/tmp/jdbl/winstone/test.war}
2020-08-03 11:11:31.322:INFO:oejs.AbstractConnector:main: Started ServerConnector@1ba9117e{HTTP/1.1, (http/1.1)}{127.0.0.2:59009}
2020-08-03 11:11:31.322:INFO:oejs.Server:main: Started @975ms
Aug 03, 2020 11:11:31 AM winstone.Logger logInternal
INFO: Winstone Servlet Engine running: controlPort=disabled
2020-08-03 11:11:31.333:INFO:oejs.AbstractConnector:main: Stopped ServerConnector@1ba9117e{HTTP/1.1, (http/1.1)}{127.0.0.2:59009}
2020-08-03 11:11:31.333:INFO:oejs.session:main: node0 Stopped scavenging
2020-08-03 11:11:31.333:INFO:oejsh.ContextHandler:main: Stopped w.@a2431d0{WinstoneTestWebApp,/,null,UNAVAILABLE}{/tmp/jdbl/winstone/test.war}
Aug 03, 2020 11:11:31 AM winstone.Logger logInternal
INFO: Jetty shutdown successfully
Tests run: 1, Failures: 0, Errors: 0, Skipped: 0, Time elapsed: 0.037 sec - in winstone.HttpConnectorFactoryTest
Running winstone.HttpsConnectorFactoryTest
Aug 03, 2020 11:11:31 AM winstone.Logger logInternal
INFO: Control thread shutdown successfully
Aug 03, 2020 11:11:31 AM winstone.Logger logInternal
INFO: Beginning extraction from war file
2020-08-03 11:11:31.339:WARN:oejsh.ContextHandler:main: Empty contextPath
Using one-time self-signed certificate
Aug 03, 2020 11:11:31 AM winstone.Logger logInternal
WARNING: Creating a self-signed certificate currently relies on unsupported APIs in the Oracle JRE.
Please create your own certificate using supported tools instead and use --httpsKeyStore.
Aug 03, 2020 11:11:31 AM winstone.Logger logInternal
INFO: Exclude Ciphers [^.*_(MD5|SHA|SHA1)$, ^TLS_RSA_.*$, ^SSL_.*$, ^.*_NULL_.*$, ^.*_anon_.*$]
2020-08-03 11:11:31.477:INFO:oejs.Server:main: jetty-9.4.30.v20200611; built: 2020-06-11T12:34:51.929Z; git: 271836e4c1f4612f12b7bb13ef5a92a927634b0d; jvm 1.8.0_262-b10
2020-08-03 11:11:31.488:INFO:oejw.StandardDescriptorProcessor:main: NO JSP Support for /, did not find org.eclipse.jetty.jsp.JettyJspServlet
2020-08-03 11:11:31.489:INFO:oejs.session:main: DefaultSessionIdManager workerName=node0
2020-08-03 11:11:31.489:INFO:oejs.session:main: No SessionScavenger set, using defaults
2020-08-03 11:11:31.490:INFO:oejs.session:main: node0 Scavenging every 600000ms
2020-08-03 11:11:31.493:INFO:oejsh.ContextHandler:main: Started w.@3d5c822d{WinstoneTestWebApp,/,file:///tmp/jdbl/winstone/test.war/,AVAILABLE}{/tmp/jdbl/winstone/test.war}
2020-08-03 11:11:31.496:INFO:oejus.SslContextFactory:main: x509=X509@4d5b6aac(hudson,h=[],w=[]) for Server@429bffaa[provider=null,keyStore=null,trustStore=null]
2020-08-03 11:11:31.573:INFO:oejs.AbstractConnector:main: Started ServerConnector@33990a0c{SSL, (ssl, http/1.1)}{0.0.0.0:59009}
2020-08-03 11:11:31.574:INFO:oejs.Server:main: Started @1227ms
Aug 03, 2020 11:11:31 AM winstone.Logger logInternal
INFO: Winstone Servlet Engine running: controlPort=disabled
certificate: CN=Test site,OU=Unknown,O=Unknown,C=Unknown
2020-08-03 11:11:31.697:INFO:oejs.AbstractConnector:main: Stopped ServerConnector@33990a0c{SSL, (ssl, http/1.1)}{0.0.0.0:59009}
2020-08-03 11:11:31.698:INFO:oejs.session:main: node0 Stopped scavenging
2020-08-03 11:11:31.698:INFO:oejsh.ContextHandler:main: Stopped w.@3d5c822d{WinstoneTestWebApp,/,null,UNAVAILABLE}{/tmp/jdbl/winstone/test.war}
Aug 03, 2020 11:11:31 AM winstone.Logger logInternal
INFO: Jetty shutdown successfully
Aug 03, 2020 11:11:31 AM winstone.Logger logInternal
INFO: Control thread shutdown successfully
Aug 03, 2020 11:11:31 AM winstone.Logger logInternal
INFO: Beginning extraction from war file
2020-08-03 11:11:31.702:WARN:oejsh.ContextHandler:main: Empty contextPath
Aug 03, 2020 11:11:31 AM winstone.Logger logInternal
WARNING: Using the --httpsPrivateKey/--httpsCertificate options currently relies on unsupported APIs in the Oracle JRE.
Please use --httpsKeyStore and related options instead.
Aug 03, 2020 11:11:31 AM winstone.Logger logInternal
INFO: Exclude Ciphers [^.*_(MD5|SHA|SHA1)$, ^TLS_RSA_.*$, ^SSL_.*$, ^.*_NULL_.*$, ^.*_anon_.*$]
2020-08-03 11:11:31.710:INFO:oejs.Server:main: jetty-9.4.30.v20200611; built: 2020-06-11T12:34:51.929Z; git: 271836e4c1f4612f12b7bb13ef5a92a927634b0d; jvm 1.8.0_262-b10
2020-08-03 11:11:31.720:INFO:oejw.StandardDescriptorProcessor:main: NO JSP Support for /, did not find org.eclipse.jetty.jsp.JettyJspServlet
2020-08-03 11:11:31.722:INFO:oejs.session:main: DefaultSessionIdManager workerName=node0
2020-08-03 11:11:31.722:INFO:oejs.session:main: No SessionScavenger set, using defaults
2020-08-03 11:11:31.723:INFO:oejs.session:main: node0 Scavenging every 660000ms
2020-08-03 11:11:31.768:INFO:oejsh.ContextHandler:main: Started w.@2d710f1a{WinstoneTestWebApp,/,file:///tmp/jdbl/winstone/test.war/,AVAILABLE}{/tmp/jdbl/winstone/test.war}
2020-08-03 11:11:31.768:INFO:oejus.SslContextFactory:main: x509=X509@29215f06(hudson,h=[],w=[]) for Server@59505b48[provider=null,keyStore=null,trustStore=null]
2020-08-03 11:11:31.772:INFO:oejs.AbstractConnector:main: Started ServerConnector@27462a88{SSL, (ssl, http/1.1)}{localhost:59009}
2020-08-03 11:11:31.772:INFO:oejs.Server:main: Started @1425ms
Aug 03, 2020 11:11:31 AM winstone.Logger logInternal
INFO: Winstone Servlet Engine running: controlPort=disabled
certificate: CN=localhost,O=Internet Widgits Pty Ltd,ST=Some-State,C=AU
2020-08-03 11:11:31.802:INFO:oejs.AbstractConnector:main: Stopped ServerConnector@27462a88{SSL, (ssl, http/1.1)}{localhost:59009}
2020-08-03 11:11:31.802:INFO:oejs.session:main: node0 Stopped scavenging
2020-08-03 11:11:31.803:INFO:oejsh.ContextHandler:main: Stopped w.@2d710f1a{WinstoneTestWebApp,/,null,UNAVAILABLE}{/tmp/jdbl/winstone/test.war}
Aug 03, 2020 11:11:31 AM winstone.Logger logInternal
INFO: Jetty shutdown successfully
Aug 03, 2020 11:11:31 AM winstone.Logger logInternal
INFO: Control thread shutdown successfully
Aug 03, 2020 11:11:31 AM winstone.Logger logInternal
INFO: Beginning extraction from war file
2020-08-03 11:11:31.806:WARN:oejsh.ContextHandler:main: Empty contextPath
Aug 03, 2020 11:11:31 AM winstone.Logger logInternal
INFO: Exclude Ciphers [^.*_(MD5|SHA|SHA1)$, ^TLS_RSA_.*$, ^SSL_.*$, ^.*_NULL_.*$, ^.*_anon_.*$]
2020-08-03 11:11:31.812:INFO:oejs.Server:main: jetty-9.4.30.v20200611; built: 2020-06-11T12:34:51.929Z; git: 271836e4c1f4612f12b7bb13ef5a92a927634b0d; jvm 1.8.0_262-b10
2020-08-03 11:11:31.822:INFO:oejw.StandardDescriptorProcessor:main: NO JSP Support for /, did not find org.eclipse.jetty.jsp.JettyJspServlet
2020-08-03 11:11:31.825:INFO:oejs.session:main: DefaultSessionIdManager workerName=node0
2020-08-03 11:11:31.825:INFO:oejs.session:main: No SessionScavenger set, using defaults
2020-08-03 11:11:31.825:INFO:oejs.session:main: node0 Scavenging every 600000ms
2020-08-03 11:11:31.832:INFO:oejsh.ContextHandler:main: Started w.@121314f7{WinstoneTestWebApp,/,file:///tmp/jdbl/winstone/test.war/,AVAILABLE}{/tmp/jdbl/winstone/test.war}
2020-08-03 11:11:31.832:INFO:oejus.SslContextFactory:main: x509=X509@130c12b7(server,h=[],w=[example.com]) for Server@5e600dd5[provider=null,keyStore=null,trustStore=null]
2020-08-03 11:11:31.836:INFO:oejs.AbstractConnector:main: Started ServerConnector@72e5a8e{SSL, (ssl, http/1.1)}{localhost:59009}
2020-08-03 11:11:31.836:INFO:oejs.Server:main: Started @1489ms
Aug 03, 2020 11:11:31 AM winstone.Logger logInternal
INFO: Winstone Servlet Engine running: controlPort=disabled
2020-08-03 11:11:31.874:INFO:oejs.AbstractConnector:main: Stopped ServerConnector@72e5a8e{SSL, (ssl, http/1.1)}{localhost:59009}
2020-08-03 11:11:31.875:INFO:oejs.session:main: node0 Stopped scavenging
2020-08-03 11:11:31.875:INFO:oejsh.ContextHandler:main: Stopped w.@121314f7{WinstoneTestWebApp,/,null,UNAVAILABLE}{/tmp/jdbl/winstone/test.war}
Aug 03, 2020 11:11:31 AM winstone.Logger logInternal
INFO: Jetty shutdown successfully
Aug 03, 2020 11:11:31 AM winstone.Logger logInternal
INFO: Control thread shutdown successfully
Aug 03, 2020 11:11:31 AM winstone.Logger logInternal
INFO: Beginning extraction from war file
2020-08-03 11:11:31.878:WARN:oejsh.ContextHandler:main: Empty contextPath
Using one-time self-signed certificate
Aug 03, 2020 11:11:31 AM winstone.Logger logInternal
WARNING: Creating a self-signed certificate currently relies on unsupported APIs in the Oracle JRE.
Please create your own certificate using supported tools instead and use --httpsKeyStore.
Aug 03, 2020 11:11:31 AM winstone.Logger logInternal
INFO: Exclude Ciphers [^.*_(MD5|SHA|SHA1)$, ^TLS_RSA_.*$, ^SSL_.*$, ^.*_NULL_.*$, ^.*_anon_.*$]
2020-08-03 11:11:31.922:INFO:oejs.Server:main: jetty-9.4.30.v20200611; built: 2020-06-11T12:34:51.929Z; git: 271836e4c1f4612f12b7bb13ef5a92a927634b0d; jvm 1.8.0_262-b10
2020-08-03 11:11:31.930:INFO:oejw.StandardDescriptorProcessor:main: NO JSP Support for /, did not find org.eclipse.jetty.jsp.JettyJspServlet
2020-08-03 11:11:31.932:INFO:oejs.session:main: DefaultSessionIdManager workerName=node0
2020-08-03 11:11:31.932:INFO:oejs.session:main: No SessionScavenger set, using defaults
2020-08-03 11:11:31.932:INFO:oejs.session:main: node0 Scavenging every 660000ms
2020-08-03 11:11:31.935:INFO:oejsh.ContextHandler:main: Started w.@368247b9{WinstoneTestWebApp,/,file:///tmp/jdbl/winstone/test.war/,AVAILABLE}{/tmp/jdbl/winstone/test.war}
2020-08-03 11:11:31.936:INFO:oejs.AbstractConnector:main: Started ServerConnector@6221a451{HTTP/1.1, (http/1.1)}{0.0.0.0:59008}
2020-08-03 11:11:31.936:INFO:oejus.SslContextFactory:main: x509=X509@1a6d8329(hudson,h=[],w=[]) for Server@1a942c18[provider=null,keyStore=null,trustStore=null]
2020-08-03 11:11:31.938:INFO:oejs.AbstractConnector:main: Started ServerConnector@65c7a252{SSL, (ssl, http/1.1)}{0.0.0.0:59009}
2020-08-03 11:11:31.938:INFO:oejs.Server:main: Started @1591ms
Aug 03, 2020 11:11:31 AM winstone.Logger logInternal
INFO: Winstone Servlet Engine running: controlPort=disabled
2020-08-03 11:11:31.969:INFO:oejs.AbstractConnector:main: Stopped ServerConnector@6221a451{HTTP/1.1, (http/1.1)}{0.0.0.0:59008}
2020-08-03 11:11:31.970:INFO:oejs.AbstractConnector:main: Stopped ServerConnector@65c7a252{SSL, (ssl, http/1.1)}{0.0.0.0:59009}
2020-08-03 11:11:31.970:INFO:oejs.session:main: node0 Stopped scavenging
2020-08-03 11:11:31.971:INFO:oejsh.ContextHandler:main: Stopped w.@368247b9{WinstoneTestWebApp,/,null,UNAVAILABLE}{/tmp/jdbl/winstone/test.war}
Aug 03, 2020 11:11:31 AM winstone.Logger logInternal
INFO: Jetty shutdown successfully
Tests run: 4, Failures: 0, Errors: 0, Skipped: 0, Time elapsed: 0.634 sec - in winstone.HttpsConnectorFactoryTest
Running winstone.testCase.WinstoneResourceBundleTest
Aug 03, 2020 11:11:31 AM winstone.Logger logInternal
INFO: Control thread shutdown successfully
Tests run: 1, Failures: 0, Errors: 0, Skipped: 0, Time elapsed: 0 sec - in winstone.testCase.WinstoneResourceBundleTest
Running winstone.testCase.HttpConnectorTest
2020-08-03 11:11:31.980:INFO:oejs.Server:main: jetty-9.4.30.v20200611; built: 2020-06-11T12:34:51.929Z; git: 271836e4c1f4612f12b7bb13ef5a92a927634b0d; jvm 1.8.0_262-b10
2020-08-03 11:11:31.991:INFO:oejw.StandardDescriptorProcessor:main: NO JSP Support for /examples, did not find org.eclipse.jetty.jsp.JettyJspServlet
2020-08-03 11:11:31.993:INFO:oejs.session:main: DefaultSessionIdManager workerName=node0
2020-08-03 11:11:31.993:INFO:oejs.session:main: No SessionScavenger set, using defaults
2020-08-03 11:11:31.993:INFO:oejs.session:main: node0 Scavenging every 600000ms
2020-08-03 11:11:31.997:INFO:oejsh.ContextHandler:main: Started w.@76b1e9b8{WinstoneTestWebApp,/examples,file:///tmp/tmpiiri11jd/winstone/target/testwebapp/,AVAILABLE}{/tmp/tmpiiri11jd/winstone/target/testwebapp}
2020-08-03 11:11:31.997:INFO:oejs.AbstractConnector:main: Started ServerConnector@53fe15ff{HTTP/1.1, (http/1.1)}{0.0.0.0:10003}
2020-08-03 11:11:31.997:INFO:oejs.Server:main: Started @1650ms
Aug 03, 2020 11:11:31 AM winstone.Logger logInternal
INFO: Winstone Servlet Engine running: controlPort=disabled
2020-08-03 11:11:32.003:INFO:oejs.AbstractConnector:main: Stopped ServerConnector@53fe15ff{HTTP/1.1, (http/1.1)}{0.0.0.0:10003}
2020-08-03 11:11:32.004:INFO:oejs.session:main: node0 Stopped scavenging
2020-08-03 11:11:32.004:INFO:oejsh.ContextHandler:main: Stopped w.@76b1e9b8{WinstoneTestWebApp,/examples,null,UNAVAILABLE}{/tmp/tmpiiri11jd/winstone/target/testwebapp}
Aug 03, 2020 11:11:32 AM winstone.Logger logInternal
INFO: Jetty shutdown successfully
Aug 03, 2020 11:11:32 AM winstone.Logger logInternal
INFO: Control thread shutdown successfully
2020-08-03 11:11:32.508:INFO:oejs.Server:main: jetty-9.4.30.v20200611; built: 2020-06-11T12:34:51.929Z; git: 271836e4c1f4612f12b7bb13ef5a92a927634b0d; jvm 1.8.0_262-b10
2020-08-03 11:11:32.519:INFO:oejw.StandardDescriptorProcessor:main: NO JSP Support for /examples, did not find org.eclipse.jetty.jsp.JettyJspServlet
2020-08-03 11:11:32.520:INFO:oejs.session:main: DefaultSessionIdManager workerName=node0
2020-08-03 11:11:32.520:INFO:oejs.session:main: No SessionScavenger set, using defaults
2020-08-03 11:11:32.520:INFO:oejs.session:main: node0 Scavenging every 660000ms
2020-08-03 11:11:32.523:INFO:oejsh.ContextHandler:main: Started w.@5149d738{WinstoneTestWebApp,/examples,file:///tmp/tmpiiri11jd/winstone/target/testwebapp/,AVAILABLE}{/tmp/tmpiiri11jd/winstone/target/testwebapp}
2020-08-03 11:11:32.523:INFO:oejs.AbstractConnector:main: Started ServerConnector@54422e18{HTTP/1.1, (http/1.1)}{0.0.0.0:10004}
2020-08-03 11:11:32.524:INFO:oejs.Server:main: Started @2177ms
Aug 03, 2020 11:11:32 AM winstone.Logger logInternal
INFO: Winstone Servlet Engine running: controlPort=disabled
2020-08-03 11:11:32.532:INFO:oejs.AbstractConnector:main: Stopped ServerConnector@54422e18{HTTP/1.1, (http/1.1)}{0.0.0.0:10004}
2020-08-03 11:11:32.532:INFO:oejs.session:main: node0 Stopped scavenging
2020-08-03 11:11:32.533:INFO:oejsh.ContextHandler:main: Stopped w.@5149d738{WinstoneTestWebApp,/examples,null,UNAVAILABLE}{/tmp/tmpiiri11jd/winstone/target/testwebapp}
Aug 03, 2020 11:11:32 AM winstone.Logger logInternal
INFO: Jetty shutdown successfully
Aug 03, 2020 11:11:32 AM winstone.Logger logInternal
INFO: Control thread shutdown successfully
2020-08-03 11:11:33.036:INFO:oejs.Server:main: jetty-9.4.30.v20200611; built: 2020-06-11T12:34:51.929Z; git: 271836e4c1f4612f12b7bb13ef5a92a927634b0d; jvm 1.8.0_262-b10
2020-08-03 11:11:33.044:INFO:oejw.StandardDescriptorProcessor:main: NO JSP Support for /examples, did not find org.eclipse.jetty.jsp.JettyJspServlet
2020-08-03 11:11:33.046:INFO:oejs.session:main: DefaultSessionIdManager workerName=node0
2020-08-03 11:11:33.046:INFO:oejs.session:main: No SessionScavenger set, using defaults
2020-08-03 11:11:33.046:INFO:oejs.session:main: node0 Scavenging every 660000ms
2020-08-03 11:11:33.048:INFO:oejsh.ContextHandler:main: Started w.@3ba987b8{WinstoneTestWebApp,/examples,file:///tmp/tmpiiri11jd/winstone/target/testwebapp/,AVAILABLE}{/tmp/tmpiiri11jd/winstone/target/testwebapp}
2020-08-03 11:11:33.049:INFO:oejs.AbstractConnector:main: Started ServerConnector@712625fd{HTTP/1.1, (http/1.1)}{0.0.0.0:10005}
2020-08-03 11:11:33.049:INFO:oejs.Server:main: Started @2702ms
Aug 03, 2020 11:11:33 AM winstone.Logger logInternal
INFO: Winstone Servlet Engine running: controlPort=disabled
Aug 03, 2020 11:11:33 AM winstone.Logger logInternal
INFO: Output: <html><body>This servlet has been accessed via GET 1001 times</body></html>
Hello
2020-08-03 11:11:33.059:INFO:oejs.AbstractConnector:main: Stopped ServerConnector@712625fd{HTTP/1.1, (http/1.1)}{0.0.0.0:10005}
2020-08-03 11:11:33.059:INFO:oejs.session:main: node0 Stopped scavenging
2020-08-03 11:11:33.060:INFO:oejsh.ContextHandler:main: Stopped w.@3ba987b8{WinstoneTestWebApp,/examples,null,UNAVAILABLE}{/tmp/tmpiiri11jd/winstone/target/testwebapp}
Aug 03, 2020 11:11:33 AM winstone.Logger logInternal
INFO: Jetty shutdown successfully
Aug 03, 2020 11:11:33 AM winstone.Logger logInternal
INFO: Control thread shutdown successfully
Tests run: 3, Failures: 0, Errors: 0, Skipped: 0, Time elapsed: 1.575 sec - in winstone.testCase.HttpConnectorTest
Running winstone.FormSubmissionTest
Aug 03, 2020 11:11:33 AM winstone.Logger logInternal
INFO: Beginning extraction from war file
2020-08-03 11:11:33.564:WARN:oejsh.ContextHandler:main: Empty contextPath
2020-08-03 11:11:33.568:INFO:oejs.Server:main: jetty-9.4.30.v20200611; built: 2020-06-11T12:34:51.929Z; git: 271836e4c1f4612f12b7bb13ef5a92a927634b0d; jvm 1.8.0_262-b10
2020-08-03 11:11:33.573:INFO:oejw.StandardDescriptorProcessor:main: NO JSP Support for /, did not find org.eclipse.jetty.jsp.JettyJspServlet
2020-08-03 11:11:33.574:INFO:oejs.session:main: DefaultSessionIdManager workerName=node0
2020-08-03 11:11:33.574:INFO:oejs.session:main: No SessionScavenger set, using defaults
2020-08-03 11:11:33.574:INFO:oejs.session:main: node0 Scavenging every 660000ms
2020-08-03 11:11:33.577:INFO:oejsh.ContextHandler:main: Started w.@7ce026d3{WinstoneTestWebApp,/,file:///tmp/jdbl/winstone/test.war/,AVAILABLE}{/tmp/jdbl/winstone/test.war}
2020-08-03 11:11:33.577:INFO:oejs.AbstractConnector:main: Started ServerConnector@413d1baf{HTTP/1.1, (http/1.1)}{127.0.0.2:59009}
2020-08-03 11:11:33.577:INFO:oejs.Server:main: Started @3230ms
trying size 1
Aug 03, 2020 11:11:33 AM winstone.Logger logInternal
INFO: Winstone Servlet Engine running: controlPort=disabled
trying size 3
trying size 9
trying size 27
trying size 81
trying size 243
trying size 729
trying size 2187
trying size 6561
trying size 19683
trying size 59049
trying size 177147
trying size 531441
trying size 1594323
trying size 4782969
2020-08-03 11:11:34.251:INFO:oejs.AbstractConnector:main: Stopped ServerConnector@413d1baf{HTTP/1.1, (http/1.1)}{127.0.0.2:59009}
2020-08-03 11:11:34.251:INFO:oejs.session:main: node0 Stopped scavenging
2020-08-03 11:11:34.253:INFO:oejsh.ContextHandler:main: Stopped w.@7ce026d3{WinstoneTestWebApp,/,null,UNAVAILABLE}{/tmp/jdbl/winstone/test.war}
Aug 03, 2020 11:11:34 AM winstone.Logger logInternal
INFO: Jetty shutdown successfully
Tests run: 1, Failures: 0, Errors: 0, Skipped: 0, Time elapsed: 0.692 sec - in winstone.FormSubmissionTest
Aug 03, 2020 11:11:34 AM winstone.Logger logInternal
INFO: Control thread shutdown successfully
Aug 03, 2020 11:11:34 AM winstone.Logger logInternal
INFO: JVM is terminating. Shutting down Jetty
Aug 03, 2020 11:11:34 AM winstone.Logger logInternal
INFO: JVM is terminating. Shutting down Jetty
Aug 03, 2020 11:11:34 AM winstone.Logger logInternal
INFO: JVM is terminating. Shutting down Jetty
Aug 03, 2020 11:11:34 AM winstone.Logger logInternal
INFO: JVM is terminating. Shutting down Jetty
Aug 03, 2020 11:11:34 AM winstone.Logger logInternal
INFO: JVM is terminating. Shutting down Jetty
Aug 03, 2020 11:11:34 AM winstone.Logger logInternal
INFO: JVM is terminating. Shutting down Jetty
Aug 03, 2020 11:11:34 AM winstone.Logger logInternal
INFO: JVM is terminating. Shutting down Jetty
Aug 03, 2020 11:11:34 AM winstone.Logger logInternal
INFO: JVM is terminating. Shutting down Jetty
Aug 03, 2020 11:11:34 AM winstone.Logger logInternal
INFO: JVM is terminating. Shutting down Jetty
Aug 03, 2020 11:11:34 AM winstone.Logger logInternal
INFO: JVM is terminating. Shutting down Jetty
Aug 03, 2020 11:11:34 AM winstone.Logger logInternal
INFO: JVM is terminating. Shutting down Jetty
Aug 03, 2020 11:11:34 AM winstone.Logger logInternal
INFO: Jetty shutdown successfully

Results :

Tests run: 13, Failures: 0, Errors: 0, Skipped: 0

[INFO] 
[INFO] --- jacoco-maven-plugin:0.8.5:report (report) @ winstone ---
[INFO] Skipping JaCoCo execution due to missing execution data file.
[INFO] ------------------------------------------------------------------------
[INFO] BUILD SUCCESS
[INFO] ------------------------------------------------------------------------
[INFO] Total time:  50.406 s
[INFO] Finished at: 2020-08-03T11:11:34Z
[INFO] ------------------------------------------------------------------------
