[INFO] Error stacktraces are turned on.
[INFO] Scanning for projects...
[INFO] Inspecting build with total of 1 modules...
[INFO] Installing Nexus Staging features:
[INFO]   ... total of 1 executions of maven-deploy-plugin replaced with nexus-staging-maven-plugin
[INFO] 
[INFO] --------------------< com.taofen8.mid:trico-salyut >--------------------
[INFO] Building salyut 0.0.8.RC1-SNAPSHOT
[INFO] --------------------------------[ jar ]---------------------------------
[INFO] 
[INFO] --- jacoco-maven-plugin:0.8.5:prepare-agent (default) @ trico-salyut ---
[INFO] argLine set to -javaagent:/home/jdbl/.m2/repository/org/jacoco/org.jacoco.agent/0.8.5/org.jacoco.agent-0.8.5-runtime.jar=destfile=/tmp/tmpo5f0f_24/salyut/target/jacoco.exec
[INFO] 
[INFO] --- maven-resources-plugin:2.6:resources (default-resources) @ trico-salyut ---
[INFO] Using 'UTF-8' encoding to copy filtered resources.
[INFO] skip non existing resourceDirectory /tmp/tmpo5f0f_24/salyut/src/main/resources
[INFO] 
[INFO] --- maven-compiler-plugin:2.3.2:compile (default-compile) @ trico-salyut ---
[INFO] Compiling 99 source files to /tmp/tmpo5f0f_24/salyut/target/classes
[INFO] 
[INFO] --- maven-resources-plugin:2.6:testResources (default-testResources) @ trico-salyut ---
[INFO] Using 'UTF-8' encoding to copy filtered resources.
[INFO] skip non existing resourceDirectory /tmp/tmpo5f0f_24/salyut/src/test/resources
[INFO] 
[INFO] --- maven-compiler-plugin:2.3.2:testCompile (default-testCompile) @ trico-salyut ---
[INFO] Compiling 2 source files to /tmp/tmpo5f0f_24/salyut/target/test-classes
[INFO] 
[INFO] --- maven-surefire-plugin:2.19.1:test (default-test) @ trico-salyut ---
[INFO] Surefire report directory: /tmp/tmpo5f0f_24/salyut/target/surefire-reports

-------------------------------------------------------
 T E S T S
-------------------------------------------------------
Running com.trico.salyut.ExprTest
true
Tests run: 1, Failures: 0, Errors: 0, Skipped: 0, Time elapsed: 0.022 sec - in com.trico.salyut.ExprTest
Running com.trico.salyut.SegmentTest
- segment: 
    name: '"batchSpiderBloomingdales"'
    args: { 0: '/url',1: '/operatorId' }
    body: 
        - copy: { path: '/R/operId',value: '$/operatorId' }
        - load: '$/url'
        - js: '"window.scrollTo(0,500)"'
        - find: { ele: '#CCPA_banner button.close-small' }
        - if: '$1'
        - then: 
            - click: { ele: '#CCPA_banner button.close-small',js: '$true' }
            - wait: { type: '"time"',millis: '2000' }
        - select: { eles: 'ul.items>li>div>a',path: '/R/producturls',attr: '"href"' }
        - loop: 
            in: { start: '1',end: '10',step: '1' }
            each: 
                - find: { ele: '#filterResultsTop li.nextArrow>a.action-btn' }
                - if: '$1'
                - then: 
                    - click: { ele: '#filterResultsTop li.nextArrow>a.action-btn' }
                    - wait: { type: '"time"',millis: '3000' }
                    - loop: 
                        in: { eles: 'ul.items>li>div>a' }
                        each: 
                            - select: { ele: '$e',attr: '"href"',path: '/tmpurl' }
                            - put: { path: '/R/producturls[-1]',value: '$/tmpurl' }
                - else: 
                    - break: 
        - return: '$/R'

Tests run: 1, Failures: 0, Errors: 0, Skipped: 0, Time elapsed: 1.369 sec - in com.trico.salyut.SegmentTest

Results :

Tests run: 2, Failures: 0, Errors: 0, Skipped: 0

[INFO] 
[INFO] --- jacoco-maven-plugin:0.8.5:report (report) @ trico-salyut ---
[INFO] Loading execution data file /tmp/tmpo5f0f_24/salyut/target/jacoco.exec
[INFO] Analyzed bundle 'salyut' with 918 classes
[INFO] ------------------------------------------------------------------------
[INFO] BUILD SUCCESS
[INFO] ------------------------------------------------------------------------
[INFO] Total time:  39.486 s
[INFO] Finished at: 2020-07-30T23:00:02Z
[INFO] ------------------------------------------------------------------------
