[INFO] Error stacktraces are turned on.
[INFO] Scanning for projects...
[INFO] 
[INFO] --------------< com.github.yuiskw:bigquery-to-datastore >---------------
[INFO] Building bigquery-to-datastore 0.7.0
[INFO] --------------------------------[ jar ]---------------------------------
[INFO] 
[INFO] --- jacoco-maven-plugin:0.8.5:prepare-agent (default) @ bigquery-to-datastore ---
[INFO] argLine set to -javaagent:/home/jdbl/.m2/repository/org/jacoco/org.jacoco.agent/0.8.5/org.jacoco.agent-0.8.5-runtime.jar=destfile=/tmp/tmpvhx1o2pj/bigquery-to-datastore/target/jacoco.exec
[INFO] 
[INFO] --- maven-resources-plugin:2.6:resources (default-resources) @ bigquery-to-datastore ---
[WARNING] Using platform encoding (UTF-8 actually) to copy filtered resources, i.e. build is platform dependent!
[INFO] skip non existing resourceDirectory /tmp/tmpvhx1o2pj/bigquery-to-datastore/src/main/resources
[INFO] 
[INFO] --- maven-compiler-plugin:3.7.0:compile (default-compile) @ bigquery-to-datastore ---
[INFO] Changes detected - recompiling the module!
[WARNING] File encoding has not been set, using platform encoding UTF-8, i.e. build is platform dependent!
[INFO] Compiling 2 source files to /tmp/tmpvhx1o2pj/bigquery-to-datastore/target/classes
[INFO] /tmp/tmpvhx1o2pj/bigquery-to-datastore/src/main/java/com/github/yuiskw/beam/BigQuery2Datastore.java: /tmp/tmpvhx1o2pj/bigquery-to-datastore/src/main/java/com/github/yuiskw/beam/BigQuery2Datastore.java uses or overrides a deprecated API.
[INFO] /tmp/tmpvhx1o2pj/bigquery-to-datastore/src/main/java/com/github/yuiskw/beam/BigQuery2Datastore.java: Recompile with -Xlint:deprecation for details.
[INFO] /tmp/tmpvhx1o2pj/bigquery-to-datastore/src/main/java/com/github/yuiskw/beam/TableRow2EntityFn.java: /tmp/tmpvhx1o2pj/bigquery-to-datastore/src/main/java/com/github/yuiskw/beam/TableRow2EntityFn.java uses unchecked or unsafe operations.
[INFO] /tmp/tmpvhx1o2pj/bigquery-to-datastore/src/main/java/com/github/yuiskw/beam/TableRow2EntityFn.java: Recompile with -Xlint:unchecked for details.
[INFO] 
[INFO] --- maven-resources-plugin:2.6:testResources (default-testResources) @ bigquery-to-datastore ---
[WARNING] Using platform encoding (UTF-8 actually) to copy filtered resources, i.e. build is platform dependent!
[INFO] skip non existing resourceDirectory /tmp/tmpvhx1o2pj/bigquery-to-datastore/src/test/resources
[INFO] 
[INFO] --- maven-compiler-plugin:3.7.0:testCompile (default-testCompile) @ bigquery-to-datastore ---
[INFO] Changes detected - recompiling the module!
[WARNING] File encoding has not been set, using platform encoding UTF-8, i.e. build is platform dependent!
[INFO] Compiling 2 source files to /tmp/tmpvhx1o2pj/bigquery-to-datastore/target/test-classes
[INFO] 
[INFO] --- maven-surefire-plugin:2.19.1:test (default-test) @ bigquery-to-datastore ---
[INFO] Surefire report directory: /tmp/tmpvhx1o2pj/bigquery-to-datastore/target/surefire-reports

-------------------------------------------------------
 T E S T S
-------------------------------------------------------
Running com.github.yuiskw.beam.BigQuery2DatastoreTest
Tests run: 4, Failures: 0, Errors: 0, Skipped: 0, Time elapsed: 2.154 sec - in com.github.yuiskw.beam.BigQuery2DatastoreTest
Running com.github.yuiskw.beam.TableRow2EntityFnTest
Tests run: 7, Failures: 0, Errors: 0, Skipped: 0, Time elapsed: 0.423 sec - in com.github.yuiskw.beam.TableRow2EntityFnTest

Results :

Tests run: 11, Failures: 0, Errors: 0, Skipped: 0

[INFO] 
[INFO] --- jacoco-maven-plugin:0.8.5:report (report) @ bigquery-to-datastore ---
[INFO] Loading execution data file /tmp/tmpvhx1o2pj/bigquery-to-datastore/target/jacoco.exec
[INFO] Analyzed bundle 'bigquery-to-datastore' with 258 classes
[INFO] ------------------------------------------------------------------------
[INFO] BUILD SUCCESS
[INFO] ------------------------------------------------------------------------
[INFO] Total time:  01:16 min
[INFO] Finished at: 2020-07-30T23:15:19Z
[INFO] ------------------------------------------------------------------------
