[INFO] Error stacktraces are turned on.
[INFO] Scanning for projects...
[INFO] 
[INFO] -------< thinkbig-storm-origin:ThinkBig-storm-trident-tutorial >--------
[INFO] Building introduction-to-storm 0.2
[INFO] --------------------------------[ jar ]---------------------------------
[INFO] 
[INFO] --- jacoco-maven-plugin:0.8.5:prepare-agent (default) @ ThinkBig-storm-trident-tutorial ---
[INFO] argLine set to -javaagent:/home/jdbl/.m2/repository/org/jacoco/org.jacoco.agent/0.8.5/org.jacoco.agent-0.8.5-runtime.jar=destfile=/tmp/tmptr87hrzk/storm-trident-tutorial/target/jacoco.exec
[INFO] 
[INFO] --- maven-resources-plugin:2.6:resources (default-resources) @ ThinkBig-storm-trident-tutorial ---
[INFO] Using 'UTF-8' encoding to copy filtered resources.
[INFO] skip non existing resourceDirectory /tmp/tmptr87hrzk/storm-trident-tutorial/multilang
[INFO] 
[INFO] --- maven-compiler-plugin:2.5.1:compile (default-compile) @ ThinkBig-storm-trident-tutorial ---
[INFO] Compiling 6 source files to /tmp/tmptr87hrzk/storm-trident-tutorial/target/classes
[INFO] 
[INFO] --- maven-resources-plugin:2.6:testResources (default-testResources) @ ThinkBig-storm-trident-tutorial ---
[INFO] Using 'UTF-8' encoding to copy filtered resources.
[INFO] skip non existing resourceDirectory /tmp/tmptr87hrzk/storm-trident-tutorial/src/test/resources
[INFO] 
[INFO] --- maven-compiler-plugin:2.5.1:testCompile (default-testCompile) @ ThinkBig-storm-trident-tutorial ---
[INFO] Compiling 1 source file to /tmp/tmptr87hrzk/storm-trident-tutorial/target/test-classes
[INFO] 
[INFO] --- maven-surefire-plugin:2.19.1:test (default-test) @ ThinkBig-storm-trident-tutorial ---
[INFO] Surefire report directory: /tmp/tmptr87hrzk/storm-trident-tutorial/target/surefire-reports

-------------------------------------------------------
 T E S T S
-------------------------------------------------------
Running com.thinkbiganalytics.storm.pojo.StockStatsTest
val1 and val2 are null
Tests run: 5, Failures: 0, Errors: 0, Skipped: 0, Time elapsed: 0.105 sec - in com.thinkbiganalytics.storm.pojo.StockStatsTest

Results :

Tests run: 5, Failures: 0, Errors: 0, Skipped: 0

[INFO] 
[INFO] --- jacoco-maven-plugin:0.8.5:report (report) @ ThinkBig-storm-trident-tutorial ---
[INFO] Loading execution data file /tmp/tmptr87hrzk/storm-trident-tutorial/target/jacoco.exec
[INFO] Analyzed bundle 'introduction-to-storm' with 247 classes
[INFO] ------------------------------------------------------------------------
[INFO] BUILD SUCCESS
[INFO] ------------------------------------------------------------------------
[INFO] Total time:  16.421 s
[INFO] Finished at: 2020-07-30T15:34:58Z
[INFO] ------------------------------------------------------------------------
