[INFO] Error stacktraces are turned on.
[INFO] Scanning for projects...
[INFO] 
[INFO] ----------< logstash-forwarder-java:logstash-forwarder-java >-----------
[INFO] Building logstash-forwarder-java 0.2.5-SNAPSHOT
[INFO] --------------------------------[ jar ]---------------------------------
[INFO] 
[INFO] --- jacoco-maven-plugin:0.8.5:prepare-agent (default) @ logstash-forwarder-java ---
[INFO] argLine set to -javaagent:/home/jdbl/.m2/repository/org/jacoco/org.jacoco.agent/0.8.5/org.jacoco.agent-0.8.5-runtime.jar=destfile=/tmp/tmpc6h14nx1/logstash-forwarder-java/target/jacoco.exec
[INFO] 
[INFO] --- maven-resources-plugin:2.6:resources (default-resources) @ logstash-forwarder-java ---
[INFO] Using 'UTF-8' encoding to copy filtered resources.
[INFO] skip non existing resourceDirectory /tmp/tmpc6h14nx1/logstash-forwarder-java/src/main/resources
[INFO] 
[INFO] --- maven-compiler-plugin:3.1:compile (default-compile) @ logstash-forwarder-java ---
[INFO] Changes detected - recompiling the module!
[INFO] Compiling 22 source files to /tmp/tmpc6h14nx1/logstash-forwarder-java/target/classes
[INFO] 
[INFO] --- maven-resources-plugin:2.6:testResources (default-testResources) @ logstash-forwarder-java ---
[INFO] Using 'UTF-8' encoding to copy filtered resources.
[INFO] Copying 2 resources
[INFO] 
[INFO] --- maven-compiler-plugin:3.1:testCompile (default-testCompile) @ logstash-forwarder-java ---
[INFO] Changes detected - recompiling the module!
[INFO] Compiling 6 source files to /tmp/tmpc6h14nx1/logstash-forwarder-java/target/test-classes
[INFO] 
[INFO] --- maven-surefire-plugin:2.19.1:test (default-test) @ logstash-forwarder-java ---
[INFO] Surefire report directory: /tmp/tmpc6h14nx1/logstash-forwarder-java/target/surefire-reports

-------------------------------------------------------
 T E S T S
-------------------------------------------------------
Running info.fetter.logstashforwarder.config.ConfigurationManagerTest
0 [main] DEBUG info.fetter.logstashforwarder.config.ConfigurationManagerTest  - info.fetter.logstashforwarder.config.Configuration@46046c06[network=info.fetter.logstashforwarder.config.NetworkSection@93824eb[servers=[localhost:5043],sslCertificate=./logstash-forwarder.crt,sslCA=./logstash-forwarder.crt,timeout=15],files=[info.fetter.logstashforwarder.config.FilesSection@7af52ec7[paths=[/var/log/messages, /var/log/*.log],fields={type=syslog},dead time=24h,multiline=<null>,filter=<null>], info.fetter.logstashforwarder.config.FilesSection@77c1e611[paths=[-],fields={type=stdin},dead time=24h,multiline=<null>,filter=<null>], info.fetter.logstashforwarder.config.FilesSection@12c0c0b3[paths=[/var/log/apache/httpd-*.log],fields={type=apache},dead time=12h,multiline=<null>,filter=<null>], info.fetter.logstashforwarder.config.FilesSection@5a97b17c[paths=[/var/log/apache/error-*.log],fields={type=error},dead time=8h32m50s,multiline=[pattern=^[0-9]{4},negate=true,what=previous],filter=<null>]]]
188 [main] DEBUG info.fetter.logstashforwarder.config.ConfigurationManagerTest  - File Section
188 [main] DEBUG info.fetter.logstashforwarder.config.ConfigurationManagerTest  -  - Path : /var/log/messages
188 [main] DEBUG info.fetter.logstashforwarder.config.ConfigurationManagerTest  -  - Path : /var/log/*.log
188 [main] DEBUG info.fetter.logstashforwarder.config.ConfigurationManagerTest  -  - Multiline : null
189 [main] DEBUG info.fetter.logstashforwarder.config.ConfigurationManagerTest  -  - Dead time : 86400
189 [main] DEBUG info.fetter.logstashforwarder.config.ConfigurationManagerTest  - File Section
189 [main] DEBUG info.fetter.logstashforwarder.config.ConfigurationManagerTest  -  - Path : -
189 [main] DEBUG info.fetter.logstashforwarder.config.ConfigurationManagerTest  -  - Multiline : null
189 [main] DEBUG info.fetter.logstashforwarder.config.ConfigurationManagerTest  -  - Dead time : 86400
189 [main] DEBUG info.fetter.logstashforwarder.config.ConfigurationManagerTest  - File Section
189 [main] DEBUG info.fetter.logstashforwarder.config.ConfigurationManagerTest  -  - Path : /var/log/apache/httpd-*.log
189 [main] DEBUG info.fetter.logstashforwarder.config.ConfigurationManagerTest  -  - Multiline : null
189 [main] DEBUG info.fetter.logstashforwarder.config.ConfigurationManagerTest  -  - Dead time : 43200
189 [main] DEBUG info.fetter.logstashforwarder.config.ConfigurationManagerTest  - File Section
189 [main] DEBUG info.fetter.logstashforwarder.config.ConfigurationManagerTest  -  - Path : /var/log/apache/error-*.log
189 [main] DEBUG info.fetter.logstashforwarder.config.ConfigurationManagerTest  -  - Multiline : [pattern=^[0-9]{4},negate=true,what=previous]
189 [main] DEBUG info.fetter.logstashforwarder.config.ConfigurationManagerTest  -  - Dead time : 30770
Tests run: 1, Failures: 0, Errors: 0, Skipped: 0, Time elapsed: 1.112 sec - in info.fetter.logstashforwarder.config.ConfigurationManagerTest
Running info.fetter.logstashforwarder.RegistrarTest
204 [main] DEBUG info.fetter.logstashforwarder.RegistrarTest  - Loaded state : info.fetter.logstashforwarder.FileState@9f86dc3[fileName=file1,directory=/directory1,pointer=12345,signature=654321,signatureLength=135]
205 [main] DEBUG info.fetter.logstashforwarder.RegistrarTest  - Loaded state : info.fetter.logstashforwarder.FileState@41d16cc3[fileName=file2,directory=/directory2,pointer=23456,signature=7654,signatureLength=246]
205 [main] DEBUG info.fetter.logstashforwarder.RegistrarTest  - Writing to file : /tmp/tmpc6h14nx1/logstash-forwarder-java/state2.json
Tests run: 2, Failures: 0, Errors: 0, Skipped: 0, Time elapsed: 0.059 sec - in info.fetter.logstashforwarder.RegistrarTest
Running info.fetter.logstashforwarder.FileWatcherTest
295 [main] INFO info.fetter.logstashforwarder.FileWatcher  - Watching wildcard files : ./testFileWatcher*.txt
297 [main] TRACE info.fetter.logstashforwarder.FileWatcher  - Directory : /tmp/tmpc6h14nx1/logstash-forwarder-java, wildcard : testFileWatcher*.txt
333 [main] DEBUG info.fetter.logstashforwarder.FileWatcher  - Initializing FileWatcher
333 [main] TRACE info.fetter.logstashforwarder.FileWatcher  - Replacing old state
333 [main] TRACE info.fetter.logstashforwarder.FileWatcher  - Removing deleted files from watchMap
333 [main] TRACE info.fetter.logstashforwarder.FileWatcher  - WatchMap contents : 
333 [main] TRACE info.fetter.logstashforwarder.FileWatcher  - Checking files
333 [main] TRACE info.fetter.logstashforwarder.FileWatcher  - ==============
334 [main] TRACE info.fetter.logstashforwarder.FileWatcher  - Replacing old state
334 [main] TRACE info.fetter.logstashforwarder.FileWatcher  - Removing deleted files from watchMap
334 [main] TRACE info.fetter.logstashforwarder.FileWatcher  - WatchMap contents : 
539 [main] TRACE info.fetter.logstashforwarder.FileWatcher  - Checking files
539 [main] TRACE info.fetter.logstashforwarder.FileWatcher  - ==============
540 [main] DEBUG info.fetter.logstashforwarder.FileWatcher  - Create detected on file : /tmp/tmpc6h14nx1/logstash-forwarder-java/testFileWatcher1.txt
542 [main] TRACE info.fetter.logstashforwarder.FileWatcher  - Setting signature of size : 0 on file : ./testFileWatcher1.txt : 1
542 [main] TRACE info.fetter.logstashforwarder.FileWatcher  - Checking file : /tmp/tmpc6h14nx1/logstash-forwarder-java/testFileWatcher1.txt
542 [main] TRACE info.fetter.logstashforwarder.FileWatcher  - -- Last modified : 1596148965000
542 [main] TRACE info.fetter.logstashforwarder.FileWatcher  - -- Size : 26
542 [main] TRACE info.fetter.logstashforwarder.FileWatcher  - -- Directory : /tmp/tmpc6h14nx1/logstash-forwarder-java
542 [main] TRACE info.fetter.logstashforwarder.FileWatcher  - -- Filename : testFileWatcher1.txt
542 [main] TRACE info.fetter.logstashforwarder.FileWatcher  - Determine if file has just been written to
542 [main] TRACE info.fetter.logstashforwarder.FileWatcher  - Determine if file has been renamed and/or written to
542 [main] TRACE info.fetter.logstashforwarder.FileWatcher  - Refreshing file state: ./testFileWatcher1.txt
542 [main] DEBUG info.fetter.logstashforwarder.FileWatcher  - File ./testFileWatcher1.txt has been truncated or created, not retrieving pointer
542 [main] TRACE info.fetter.logstashforwarder.FileWatcher  - Replacing old state
543 [main] TRACE info.fetter.logstashforwarder.FileWatcher  - Removing deleted files from watchMap
543 [main] TRACE info.fetter.logstashforwarder.FileWatcher  - WatchMap contents : 
544 [main] TRACE info.fetter.logstashforwarder.FileWatcher  - 	File : /tmp/tmpc6h14nx1/logstash-forwarder-java/testFileWatcher1.txt marked for deletion : false
644 [main] TRACE info.fetter.logstashforwarder.FileWatcher  - Checking files
644 [main] TRACE info.fetter.logstashforwarder.FileWatcher  - ==============
644 [main] DEBUG info.fetter.logstashforwarder.FileWatcher  - Change detected on file : /tmp/tmpc6h14nx1/logstash-forwarder-java/testFileWatcher1.txt
645 [main] TRACE info.fetter.logstashforwarder.FileWatcher  - Setting signature of size : 0 on file : ./testFileWatcher1.txt : 1
645 [main] TRACE info.fetter.logstashforwarder.FileWatcher  - Checking file : /tmp/tmpc6h14nx1/logstash-forwarder-java/testFileWatcher1.txt
645 [main] TRACE info.fetter.logstashforwarder.FileWatcher  - -- Last modified : 1596148965000
645 [main] TRACE info.fetter.logstashforwarder.FileWatcher  - -- Size : 40
645 [main] TRACE info.fetter.logstashforwarder.FileWatcher  - -- Directory : /tmp/tmpc6h14nx1/logstash-forwarder-java
645 [main] TRACE info.fetter.logstashforwarder.FileWatcher  - -- Filename : testFileWatcher1.txt
645 [main] TRACE info.fetter.logstashforwarder.FileWatcher  - Determine if file has just been written to
645 [main] TRACE info.fetter.logstashforwarder.FileWatcher  - Same signature size and value : file is the same
645 [main] TRACE info.fetter.logstashforwarder.FileWatcher  - Refreshing file state: ./testFileWatcher1.txt
645 [main] DEBUG info.fetter.logstashforwarder.FileWatcher  - File ./testFileWatcher1.txt has not been truncated or created, retrieving pointer: 0
645 [main] TRACE info.fetter.logstashforwarder.FileWatcher  - Replacing old state
645 [main] TRACE info.fetter.logstashforwarder.FileWatcher  - Removing deleted files from watchMap
646 [main] TRACE info.fetter.logstashforwarder.FileWatcher  - WatchMap contents : 
646 [main] TRACE info.fetter.logstashforwarder.FileWatcher  - 	File : /tmp/tmpc6h14nx1/logstash-forwarder-java/testFileWatcher1.txt marked for deletion : false
1646 [main] TRACE info.fetter.logstashforwarder.FileWatcher  - Checking files
1646 [main] TRACE info.fetter.logstashforwarder.FileWatcher  - ==============
1646 [main] DEBUG info.fetter.logstashforwarder.FileWatcher  - Change detected on file : /tmp/tmpc6h14nx1/logstash-forwarder-java/testFileWatcher1.txt
1647 [main] TRACE info.fetter.logstashforwarder.FileWatcher  - Setting signature of size : 0 on file : ./testFileWatcher1.txt : 1
1647 [main] TRACE info.fetter.logstashforwarder.FileWatcher  - Checking file : /tmp/tmpc6h14nx1/logstash-forwarder-java/testFileWatcher1.txt
1647 [main] TRACE info.fetter.logstashforwarder.FileWatcher  - -- Last modified : 1596148965000
1647 [main] TRACE info.fetter.logstashforwarder.FileWatcher  - -- Size : 51
1647 [main] TRACE info.fetter.logstashforwarder.FileWatcher  - -- Directory : /tmp/tmpc6h14nx1/logstash-forwarder-java
1647 [main] TRACE info.fetter.logstashforwarder.FileWatcher  - -- Filename : testFileWatcher1.txt
1647 [main] TRACE info.fetter.logstashforwarder.FileWatcher  - Determine if file has just been written to
1647 [main] TRACE info.fetter.logstashforwarder.FileWatcher  - Same signature size and value : file is the same
1647 [main] TRACE info.fetter.logstashforwarder.FileWatcher  - Refreshing file state: ./testFileWatcher1.txt
1647 [main] DEBUG info.fetter.logstashforwarder.FileWatcher  - File ./testFileWatcher1.txt has not been truncated or created, retrieving pointer: 0
1647 [main] TRACE info.fetter.logstashforwarder.FileWatcher  - Replacing old state
1647 [main] TRACE info.fetter.logstashforwarder.FileWatcher  - Removing deleted files from watchMap
1647 [main] TRACE info.fetter.logstashforwarder.FileWatcher  - WatchMap contents : 
1647 [main] TRACE info.fetter.logstashforwarder.FileWatcher  - 	File : /tmp/tmpc6h14nx1/logstash-forwarder-java/testFileWatcher1.txt marked for deletion : false
2648 [main] TRACE info.fetter.logstashforwarder.FileWatcher  - Checking files
2648 [main] TRACE info.fetter.logstashforwarder.FileWatcher  - ==============
2648 [main] DEBUG info.fetter.logstashforwarder.FileWatcher  - Delete detected on file : /tmp/tmpc6h14nx1/logstash-forwarder-java/testFileWatcher1.txt
2648 [main] DEBUG info.fetter.logstashforwarder.FileWatcher  - Create detected on file : /tmp/tmpc6h14nx1/logstash-forwarder-java/testFileWatcher2.txt
2648 [main] TRACE info.fetter.logstashforwarder.FileWatcher  - Setting signature of size : 0 on file : ./testFileWatcher2.txt : 1
2648 [main] TRACE info.fetter.logstashforwarder.FileWatcher  - Checking file : /tmp/tmpc6h14nx1/logstash-forwarder-java/testFileWatcher2.txt
2648 [main] TRACE info.fetter.logstashforwarder.FileWatcher  - -- Last modified : 1596148965000
2648 [main] TRACE info.fetter.logstashforwarder.FileWatcher  - -- Size : 51
2648 [main] TRACE info.fetter.logstashforwarder.FileWatcher  - -- Directory : /tmp/tmpc6h14nx1/logstash-forwarder-java
2649 [main] TRACE info.fetter.logstashforwarder.FileWatcher  - -- Filename : testFileWatcher2.txt
2649 [main] TRACE info.fetter.logstashforwarder.FileWatcher  - Determine if file has just been written to
2649 [main] TRACE info.fetter.logstashforwarder.FileWatcher  - Determine if file has been renamed and/or written to
2649 [main] TRACE info.fetter.logstashforwarder.FileWatcher  - Comparing to : /tmp/tmpc6h14nx1/logstash-forwarder-java/testFileWatcher1.txt
2649 [main] TRACE info.fetter.logstashforwarder.FileWatcher  - Same signature size and value : file is the same
2649 [main] TRACE info.fetter.logstashforwarder.FileWatcher  - Refreshing file state: ./testFileWatcher2.txt
2649 [main] INFO info.fetter.logstashforwarder.FileWatcher  - File rename was detected: ./testFileWatcher1.txt -> ./testFileWatcher2.txt
2649 [main] DEBUG info.fetter.logstashforwarder.FileWatcher  - File ./testFileWatcher2.txt has not been truncated or created, retrieving pointer: 0
2649 [main] TRACE info.fetter.logstashforwarder.FileWatcher  - Replacing old state
2649 [main] TRACE info.fetter.logstashforwarder.FileWatcher  - Removing deleted files from watchMap
2649 [main] DEBUG info.fetter.logstashforwarder.FileWatcher  - File ./testFileWatcher1.txt removed from watchMap
2650 [main] TRACE info.fetter.logstashforwarder.FileWatcher  - WatchMap contents : 
2650 [main] TRACE info.fetter.logstashforwarder.FileWatcher  - 	File : /tmp/tmpc6h14nx1/logstash-forwarder-java/testFileWatcher2.txt marked for deletion : false
2650 [main] DEBUG info.fetter.logstashforwarder.FileWatcher  - Closing all files
Tests run: 2, Failures: 0, Errors: 0, Skipped: 0, Time elapsed: 2.343 sec - in info.fetter.logstashforwarder.FileWatcherTest
Running info.fetter.logstashforwarder.InputReaderTest
2654 [main] TRACE info.fetter.logstashforwarder.InputReader  - Reading stdin
2654 [main] TRACE info.fetter.logstashforwarder.InputReader  - Reading stdin
2654 [main] TRACE info.fetter.logstashforwarder.MockProtocolAdapter  - Event :
2654 [main] TRACE info.fetter.logstashforwarder.MockProtocolAdapter  - -- file:stdin
2654 [main] TRACE info.fetter.logstashforwarder.MockProtocolAdapter  - -- offset:5
2654 [main] TRACE info.fetter.logstashforwarder.MockProtocolAdapter  - -- line:line1
2654 [main] TRACE info.fetter.logstashforwarder.MockProtocolAdapter  - -- host:fcaa2ceab09f
2656 [main] TRACE info.fetter.logstashforwarder.InputReader  - Reading stdin
2656 [main] TRACE info.fetter.logstashforwarder.InputReader  - Reading stdin
2656 [main] TRACE info.fetter.logstashforwarder.MockProtocolAdapter  - Event :
2656 [main] TRACE info.fetter.logstashforwarder.MockProtocolAdapter  - -- file:stdin
2656 [main] TRACE info.fetter.logstashforwarder.MockProtocolAdapter  - -- offset:10
2656 [main] TRACE info.fetter.logstashforwarder.MockProtocolAdapter  - -- line:line2
2656 [main] TRACE info.fetter.logstashforwarder.MockProtocolAdapter  - -- host:fcaa2ceab09f
2656 [main] TRACE info.fetter.logstashforwarder.InputReader  - Reading stdin
2656 [main] TRACE info.fetter.logstashforwarder.MockProtocolAdapter  - Event :
2656 [main] TRACE info.fetter.logstashforwarder.MockProtocolAdapter  - -- file:stdin
2657 [main] TRACE info.fetter.logstashforwarder.MockProtocolAdapter  - -- offset:15
2657 [main] TRACE info.fetter.logstashforwarder.MockProtocolAdapter  - -- line:line3
2657 [main] TRACE info.fetter.logstashforwarder.MockProtocolAdapter  - -- host:fcaa2ceab09f
2657 [main] TRACE info.fetter.logstashforwarder.MockProtocolAdapter  - Event :
2657 [main] TRACE info.fetter.logstashforwarder.MockProtocolAdapter  - -- file:stdin
2657 [main] TRACE info.fetter.logstashforwarder.MockProtocolAdapter  - -- offset:20
2657 [main] TRACE info.fetter.logstashforwarder.MockProtocolAdapter  - -- line:line4
2657 [main] TRACE info.fetter.logstashforwarder.MockProtocolAdapter  - -- host:fcaa2ceab09f
2657 [main] TRACE info.fetter.logstashforwarder.InputReader  - Reading stdin
2657 [main] TRACE info.fetter.logstashforwarder.MockProtocolAdapter  - Event :
2657 [main] TRACE info.fetter.logstashforwarder.MockProtocolAdapter  - -- file:stdin
2657 [main] TRACE info.fetter.logstashforwarder.MockProtocolAdapter  - -- offset:25
2657 [main] TRACE info.fetter.logstashforwarder.MockProtocolAdapter  - -- line:line5
2657 [main] TRACE info.fetter.logstashforwarder.MockProtocolAdapter  - -- host:fcaa2ceab09f
2657 [main] TRACE info.fetter.logstashforwarder.InputReader  - Reading stdin
2661 [main] TRACE info.fetter.logstashforwarder.InputReader  - Reading stdin
2661 [main] TRACE info.fetter.logstashforwarder.InputReader  - Reading stdin
2661 [main] TRACE info.fetter.logstashforwarder.MockProtocolAdapter  - Event :
2661 [main] TRACE info.fetter.logstashforwarder.MockProtocolAdapter  - -- file:stdin
2661 [main] TRACE info.fetter.logstashforwarder.MockProtocolAdapter  - -- offset:5
2661 [main] TRACE info.fetter.logstashforwarder.MockProtocolAdapter  - -- line:line1
2661 [main] TRACE info.fetter.logstashforwarder.MockProtocolAdapter  - -- host:fcaa2ceab09f
2661 [main] TRACE info.fetter.logstashforwarder.InputReader  - Reading stdin
Tests run: 2, Failures: 0, Errors: 0, Skipped: 0, Time elapsed: 0.008 sec - in info.fetter.logstashforwarder.InputReaderTest
Running info.fetter.logstashforwarder.FileReaderTest
3165 [main] TRACE info.fetter.logstashforwarder.FileReader  - Reading 1 file(s)
3165 [main] TRACE info.fetter.logstashforwarder.FileReader  - File : testFileReader1.txt pointer : 0
3165 [main] TRACE info.fetter.logstashforwarder.FileReader  - Space left in spool : 2
3165 [main] DEBUG info.fetter.logstashforwarder.FileReader  - -- Read line : testFileReader1 line1
3165 [main] DEBUG info.fetter.logstashforwarder.FileReader  - -- Space left in spool : 1
3165 [main] DEBUG info.fetter.logstashforwarder.FileReader  - -- Multiline : [pattern= nl,negate=false,what=previous] matches false
3166 [main] DEBUG info.fetter.logstashforwarder.FileReader  - -- Read line :  nl line12
3166 [main] DEBUG info.fetter.logstashforwarder.FileReader  - -- Space left in spool : 1
3166 [main] DEBUG info.fetter.logstashforwarder.FileReader  - -- Multiline : [pattern= nl,negate=false,what=previous] matches true
3166 [main] DEBUG info.fetter.logstashforwarder.FileReader  - -- Read line : testFileReader1 line2
3166 [main] DEBUG info.fetter.logstashforwarder.FileReader  - -- Space left in spool : 1
3166 [main] DEBUG info.fetter.logstashforwarder.FileReader  - -- Multiline : [pattern= nl,negate=false,what=previous] matches false
3166 [main] TRACE info.fetter.logstashforwarder.MockProtocolAdapter  - Event :
3166 [main] TRACE info.fetter.logstashforwarder.MockProtocolAdapter  - -- testFileReader1:testFileReader1
3166 [main] TRACE info.fetter.logstashforwarder.MockProtocolAdapter  - -- file:/tmp/tmpc6h14nx1/logstash-forwarder-java/testFileReader1.txt
3166 [main] TRACE info.fetter.logstashforwarder.MockProtocolAdapter  - -- offset:55
3166 [main] TRACE info.fetter.logstashforwarder.MockProtocolAdapter  - -- line:testFileReader1 line1
 nl line12
3166 [main] TRACE info.fetter.logstashforwarder.MockProtocolAdapter  - -- host:fcaa2ceab09f
3166 [main] TRACE info.fetter.logstashforwarder.MockProtocolAdapter  - Event :
3166 [main] TRACE info.fetter.logstashforwarder.MockProtocolAdapter  - -- testFileReader1:testFileReader1
3166 [main] TRACE info.fetter.logstashforwarder.MockProtocolAdapter  - -- file:/tmp/tmpc6h14nx1/logstash-forwarder-java/testFileReader1.txt
3166 [main] TRACE info.fetter.logstashforwarder.MockProtocolAdapter  - -- offset:55
3166 [main] TRACE info.fetter.logstashforwarder.MockProtocolAdapter  - -- line:testFileReader1 line2
3166 [main] TRACE info.fetter.logstashforwarder.MockProtocolAdapter  - -- host:fcaa2ceab09f
3166 [main] TRACE info.fetter.logstashforwarder.FileReader  - Reading 1 file(s)
3166 [main] TRACE info.fetter.logstashforwarder.FileReader  - File : testFileReader1.txt pointer : 55
3166 [main] TRACE info.fetter.logstashforwarder.FileReader  - Space left in spool : 2
3166 [main] DEBUG info.fetter.logstashforwarder.FileReader  - -- Read line : testFileReader1 line3
3166 [main] DEBUG info.fetter.logstashforwarder.FileReader  - -- Space left in spool : 1
3166 [main] DEBUG info.fetter.logstashforwarder.FileReader  - -- Multiline : [pattern= nl,negate=false,what=previous] matches false
3166 [main] TRACE info.fetter.logstashforwarder.MockProtocolAdapter  - Event :
3166 [main] TRACE info.fetter.logstashforwarder.MockProtocolAdapter  - -- testFileReader1:testFileReader1
3166 [main] TRACE info.fetter.logstashforwarder.MockProtocolAdapter  - -- file:/tmp/tmpc6h14nx1/logstash-forwarder-java/testFileReader1.txt
3167 [main] TRACE info.fetter.logstashforwarder.MockProtocolAdapter  - -- offset:77
3167 [main] TRACE info.fetter.logstashforwarder.MockProtocolAdapter  - -- line:testFileReader1 line3
3167 [main] TRACE info.fetter.logstashforwarder.MockProtocolAdapter  - -- host:fcaa2ceab09f
3167 [main] TRACE info.fetter.logstashforwarder.FileReader  - Reading 1 file(s)
3167 [main] TRACE info.fetter.logstashforwarder.FileReader  - File : testFileReader1.txt pointer : 77
3167 [main] TRACE info.fetter.logstashforwarder.FileReader  - Space left in spool : 2
3668 [main] TRACE info.fetter.logstashforwarder.FileReader  - Reading 1 file(s)
3668 [main] TRACE info.fetter.logstashforwarder.FileReader  - File : testFileReader1.txt pointer : 0
3668 [main] TRACE info.fetter.logstashforwarder.FileReader  - Space left in spool : 2
3668 [main] DEBUG info.fetter.logstashforwarder.FileReader  - -- Read line : testFileReader1 line1
3668 [main] DEBUG info.fetter.logstashforwarder.FileReader  - -- Space left in spool : 1
3668 [main] DEBUG info.fetter.logstashforwarder.FileReader  - -- Multiline : [pattern=testFileReader1,negate=true,what=previous] matches false
3668 [main] DEBUG info.fetter.logstashforwarder.FileReader  - -- Read line :  nl line12
3668 [main] DEBUG info.fetter.logstashforwarder.FileReader  - -- Space left in spool : 1
3668 [main] DEBUG info.fetter.logstashforwarder.FileReader  - -- Multiline : [pattern=testFileReader1,negate=true,what=previous] matches true
3668 [main] DEBUG info.fetter.logstashforwarder.FileReader  - -- Read line : testFileReader1 line2
3668 [main] DEBUG info.fetter.logstashforwarder.FileReader  - -- Space left in spool : 1
3668 [main] DEBUG info.fetter.logstashforwarder.FileReader  - -- Multiline : [pattern=testFileReader1,negate=true,what=previous] matches false
3669 [main] TRACE info.fetter.logstashforwarder.MockProtocolAdapter  - Event :
3669 [main] TRACE info.fetter.logstashforwarder.MockProtocolAdapter  - -- testFileReader1:testFileReader1
3669 [main] TRACE info.fetter.logstashforwarder.MockProtocolAdapter  - -- file:/tmp/tmpc6h14nx1/logstash-forwarder-java/testFileReader1.txt
3669 [main] TRACE info.fetter.logstashforwarder.MockProtocolAdapter  - -- offset:55
3669 [main] TRACE info.fetter.logstashforwarder.MockProtocolAdapter  - -- line:testFileReader1 line1
 nl line12
3669 [main] TRACE info.fetter.logstashforwarder.MockProtocolAdapter  - -- host:fcaa2ceab09f
3669 [main] TRACE info.fetter.logstashforwarder.MockProtocolAdapter  - Event :
3669 [main] TRACE info.fetter.logstashforwarder.MockProtocolAdapter  - -- testFileReader1:testFileReader1
3669 [main] TRACE info.fetter.logstashforwarder.MockProtocolAdapter  - -- file:/tmp/tmpc6h14nx1/logstash-forwarder-java/testFileReader1.txt
3669 [main] TRACE info.fetter.logstashforwarder.MockProtocolAdapter  - -- offset:55
3669 [main] TRACE info.fetter.logstashforwarder.MockProtocolAdapter  - -- line:testFileReader1 line2
3669 [main] TRACE info.fetter.logstashforwarder.MockProtocolAdapter  - -- host:fcaa2ceab09f
3669 [main] TRACE info.fetter.logstashforwarder.FileReader  - Reading 1 file(s)
3669 [main] TRACE info.fetter.logstashforwarder.FileReader  - File : testFileReader1.txt pointer : 55
3669 [main] TRACE info.fetter.logstashforwarder.FileReader  - Space left in spool : 2
3669 [main] DEBUG info.fetter.logstashforwarder.FileReader  - -- Read line : testFileReader1 line3
3669 [main] DEBUG info.fetter.logstashforwarder.FileReader  - -- Space left in spool : 1
3669 [main] DEBUG info.fetter.logstashforwarder.FileReader  - -- Multiline : [pattern=testFileReader1,negate=true,what=previous] matches false
3669 [main] TRACE info.fetter.logstashforwarder.MockProtocolAdapter  - Event :
3669 [main] TRACE info.fetter.logstashforwarder.MockProtocolAdapter  - -- testFileReader1:testFileReader1
3669 [main] TRACE info.fetter.logstashforwarder.MockProtocolAdapter  - -- file:/tmp/tmpc6h14nx1/logstash-forwarder-java/testFileReader1.txt
3669 [main] TRACE info.fetter.logstashforwarder.MockProtocolAdapter  - -- offset:77
3669 [main] TRACE info.fetter.logstashforwarder.MockProtocolAdapter  - -- line:testFileReader1 line3
3669 [main] TRACE info.fetter.logstashforwarder.MockProtocolAdapter  - -- host:fcaa2ceab09f
3669 [main] TRACE info.fetter.logstashforwarder.FileReader  - Reading 1 file(s)
3669 [main] TRACE info.fetter.logstashforwarder.FileReader  - File : testFileReader1.txt pointer : 77
3670 [main] TRACE info.fetter.logstashforwarder.FileReader  - Space left in spool : 2
Tests run: 2, Failures: 0, Errors: 0, Skipped: 0, Time elapsed: 1.014 sec - in info.fetter.logstashforwarder.FileReaderTest

Results :

Tests run: 9, Failures: 0, Errors: 0, Skipped: 0

[INFO] 
[INFO] --- jacoco-maven-plugin:0.8.5:report (report) @ logstash-forwarder-java ---
[INFO] Loading execution data file /tmp/tmpc6h14nx1/logstash-forwarder-java/target/jacoco.exec
[INFO] Analyzed bundle 'logstash-forwarder-java' with 42 classes
[INFO] ------------------------------------------------------------------------
[INFO] BUILD SUCCESS
[INFO] ------------------------------------------------------------------------
[INFO] Total time:  10.855 s
[INFO] Finished at: 2020-07-30T22:42:49Z
[INFO] ------------------------------------------------------------------------
