[INFO] Error stacktraces are turned on.
[INFO] Scanning for projects...
[INFO] 
[INFO] --------------------< Kafka-Insight:Kafka-Insight >---------------------
[INFO] Building Kafka-Insight 1.0-SNAPSHOT
[INFO] --------------------------------[ jar ]---------------------------------
[INFO] 
[INFO] --- jacoco-maven-plugin:0.8.5:prepare-agent (default) @ Kafka-Insight ---
[INFO] argLine set to -javaagent:/home/jdbl/.m2/repository/org/jacoco/org.jacoco.agent/0.8.5/org.jacoco.agent-0.8.5-runtime.jar=destfile=/tmp/tmpnysauzyr/Kafka-Insight/target/jacoco.exec
[INFO] 
[INFO] --- maven-resources-plugin:2.6:resources (default-resources) @ Kafka-Insight ---
[WARNING] Using platform encoding (UTF-8 actually) to copy filtered resources, i.e. build is platform dependent!
[INFO] Copying 2 resources
[INFO] 
[INFO] --- maven-compiler-plugin:3.6.0:compile (default-compile) @ Kafka-Insight ---
[INFO] Changes detected - recompiling the module!
[WARNING] File encoding has not been set, using platform encoding UTF-8, i.e. build is platform dependent!
[INFO] Compiling 20 source files to /tmp/tmpnysauzyr/Kafka-Insight/target/classes
[INFO] 
[INFO] --- maven-resources-plugin:2.6:testResources (default-testResources) @ Kafka-Insight ---
[WARNING] Using platform encoding (UTF-8 actually) to copy filtered resources, i.e. build is platform dependent!
[INFO] skip non existing resourceDirectory /tmp/tmpnysauzyr/Kafka-Insight/src/test/resources
[INFO] 
[INFO] --- maven-compiler-plugin:3.6.0:testCompile (default-testCompile) @ Kafka-Insight ---
[INFO] Changes detected - recompiling the module!
[WARNING] File encoding has not been set, using platform encoding UTF-8, i.e. build is platform dependent!
[INFO] Compiling 1 source file to /tmp/tmpnysauzyr/Kafka-Insight/target/test-classes
[INFO] 
[INFO] --- maven-surefire-plugin:2.19.1:test (default-test) @ Kafka-Insight ---
[INFO] Surefire report directory: /tmp/tmpnysauzyr/Kafka-Insight/target/surefire-reports

-------------------------------------------------------
 T E S T S
-------------------------------------------------------
Running common.util.StrUtilsTest
Tests run: 3, Failures: 0, Errors: 0, Skipped: 0, Time elapsed: 0.098 sec - in common.util.StrUtilsTest

Results :

Tests run: 3, Failures: 0, Errors: 0, Skipped: 0

[INFO] 
[INFO] --- jacoco-maven-plugin:0.8.5:report (report) @ Kafka-Insight ---
[INFO] Loading execution data file /tmp/tmpnysauzyr/Kafka-Insight/target/jacoco.exec
[INFO] Analyzed bundle 'Kafka-Insight' with 240 classes
[INFO] ------------------------------------------------------------------------
[INFO] BUILD SUCCESS
[INFO] ------------------------------------------------------------------------
[INFO] Total time:  10.085 s
[INFO] Finished at: 2020-07-31T08:27:24Z
[INFO] ------------------------------------------------------------------------
