[INFO] Error stacktraces are turned on.
[INFO] Scanning for projects...
[INFO] 
[INFO] ------------------< dev.codesupport.web:api-service >-------------------
[INFO] Building CodeSupport Website API 0.0.1-SNAPSHOT
[INFO] --------------------------------[ jar ]---------------------------------
[WARNING] The artifact org.hibernate:hibernate-jpamodelgen:jar:6.0.0.Alpha2 has been relocated to org.hibernate.orm:hibernate-jpamodelgen:jar:6.0.0.Alpha2
[INFO] 
[INFO] --- jacoco-maven-plugin:0.8.5:prepare-agent (default) @ api-service ---
[INFO] argLine set to -javaagent:/home/jdbl/.m2/repository/org/jacoco/org.jacoco.agent/0.8.5/org.jacoco.agent-0.8.5-runtime.jar=destfile=/tmp/tmpnl01b4fn/website-backend/target/jacoco.exec
[INFO] 
[INFO] --- maven-resources-plugin:3.1.0:resources (default-resources) @ api-service ---
[INFO] Using 'UTF-8' encoding to copy filtered resources.
[INFO] Copying 4 resources
[INFO] Copying 0 resource
[INFO] 
[INFO] --- maven-compiler-plugin:3.8.1:compile (default-compile) @ api-service ---
[INFO] Changes detected - recompiling the module!
[INFO] Compiling 137 source files to /tmp/tmpnl01b4fn/website-backend/target/classes
[INFO] /tmp/tmpnl01b4fn/website-backend/src/main/java/dev/codesupport/web/common/service/controller/throwparser/AbstractThrowableParser.java: Some input files use unchecked or unsafe operations.
[INFO] /tmp/tmpnl01b4fn/website-backend/src/main/java/dev/codesupport/web/common/service/controller/throwparser/AbstractThrowableParser.java: Recompile with -Xlint:unchecked for details.
[INFO] 
[INFO] --- maven-resources-plugin:3.1.0:testResources (default-testResources) @ api-service ---
[INFO] Using 'UTF-8' encoding to copy filtered resources.
[INFO] Copying 1 resource
[INFO] 
[INFO] --- maven-compiler-plugin:3.8.1:testCompile (default-testCompile) @ api-service ---
[INFO] Changes detected - recompiling the module!
[INFO] Compiling 84 source files to /tmp/tmpnl01b4fn/website-backend/target/test-classes
[INFO] /tmp/tmpnl01b4fn/website-backend/src/test/java/dev/codesupport/web/api/service/UserServiceImplTest.java: Some input files use unchecked or unsafe operations.
[INFO] /tmp/tmpnl01b4fn/website-backend/src/test/java/dev/codesupport/web/api/service/UserServiceImplTest.java: Recompile with -Xlint:unchecked for details.
[INFO] 
[INFO] --- maven-surefire-plugin:2.19.1:test (default-test) @ api-service ---
[INFO] Surefire report directory: /tmp/tmpnl01b4fn/website-backend/target/surefire-reports

-------------------------------------------------------
 T E S T S
-------------------------------------------------------
Running dev.codesupport.web.domain.validation.validator.EmailValidatorTest
Tests run: 2, Failures: 0, Errors: 0, Skipped: 0, Time elapsed: 1.973 sec - in dev.codesupport.web.domain.validation.validator.EmailValidatorTest
Running dev.codesupport.web.domain.validation.validator.PasswordValidatorTest
Tests run: 2, Failures: 0, Errors: 0, Skipped: 0, Time elapsed: 0.001 sec - in dev.codesupport.web.domain.validation.validator.PasswordValidatorTest
Running dev.codesupport.web.domain.validation.validator.AliasValidatorTest
Tests run: 2, Failures: 0, Errors: 0, Skipped: 0, Time elapsed: 0 sec - in dev.codesupport.web.domain.validation.validator.AliasValidatorTest
Running dev.codesupport.web.domain.validation.validator.ContributorValidatorTest
Tests run: 4, Failures: 0, Errors: 0, Skipped: 0, Time elapsed: 0.259 sec - in dev.codesupport.web.domain.validation.validator.ContributorValidatorTest
Running dev.codesupport.web.domain.validation.validator.EntityDeleteValidatorTest
Tests run: 2, Failures: 0, Errors: 0, Skipped: 0, Time elapsed: 0.051 sec - in dev.codesupport.web.domain.validation.validator.EntityDeleteValidatorTest
Running dev.codesupport.web.domain.validation.validator.ShowcaseValidatorTest
Tests run: 4, Failures: 0, Errors: 0, Skipped: 0, Time elapsed: 0.231 sec - in dev.codesupport.web.domain.validation.validator.ShowcaseValidatorTest
Running dev.codesupport.web.domain.validation.validator.ContributorListValidatorTest
Tests run: 6, Failures: 0, Errors: 0, Skipped: 0, Time elapsed: 0.02 sec - in dev.codesupport.web.domain.validation.validator.ContributorListValidatorTest
Running dev.codesupport.web.domain.validation.MultiViolationConstraintValidator_ViolationImplTest
22:02:48.870 [main] DEBUG org.springframework.test.util.ReflectionTestUtils - Setting field 'valid' of type [null] on target object [dev.codesupport.web.domain.validation.MultiViolationConstraintValidator$ViolationImpl$MockitoMock$1269954735@7c0de229] or target class [class dev.codesupport.web.domain.validation.MultiViolationConstraintValidator$ViolationImpl$MockitoMock$1269954735] to value [true]
22:02:48.886 [main] DEBUG org.springframework.test.util.ReflectionTestUtils - Getting field 'valid' from target object [dev.codesupport.web.domain.validation.MultiViolationConstraintValidator$ViolationImpl$MockitoMock$1269954735@7c0de229] or target class [class dev.codesupport.web.domain.validation.MultiViolationConstraintValidator$ViolationImpl$MockitoMock$1269954735]
22:02:48.890 [main] DEBUG org.springframework.test.util.ReflectionTestUtils - Getting field 'valid' from target object [dev.codesupport.web.domain.validation.MultiViolationConstraintValidator$ViolationImpl$MockitoMock$1269954735@68d8eb4f] or target class [class dev.codesupport.web.domain.validation.MultiViolationConstraintValidator$ViolationImpl$MockitoMock$1269954735]
22:02:48.894 [main] DEBUG org.springframework.test.util.ReflectionTestUtils - Setting field 'context' of type [null] on target object [dev.codesupport.web.domain.validation.MultiViolationConstraintValidator$ViolationImpl$MockitoMock$1269954735@64757d56] or target class [class dev.codesupport.web.domain.validation.MultiViolationConstraintValidator$ViolationImpl$MockitoMock$1269954735] to value [Mock for ConstraintValidatorContext, hashCode: 4723664]
Tests run: 7, Failures: 0, Errors: 0, Skipped: 0, Time elapsed: 0.546 sec - in dev.codesupport.web.domain.validation.MultiViolationConstraintValidator_ViolationImplTest
Running dev.codesupport.web.domain.validation.MultiViolationConstraintValidatorTest
22:02:48.905 [main] DEBUG org.springframework.test.util.ReflectionTestUtils - Getting field 'context' from target object [dev.codesupport.web.domain.validation.MultiViolationConstraintValidator$ViolationImpl@702096ef] or target class [class dev.codesupport.web.domain.validation.MultiViolationConstraintValidator$ViolationImpl]
Tests run: 2, Failures: 0, Errors: 0, Skipped: 0, Time elapsed: 0.009 sec - in dev.codesupport.web.domain.validation.MultiViolationConstraintValidatorTest
Running dev.codesupport.web.domain.validation.constraint.EmailConstraintTest
Tests run: 2, Failures: 0, Errors: 0, Skipped: 0, Time elapsed: 0.017 sec - in dev.codesupport.web.domain.validation.constraint.EmailConstraintTest
Running dev.codesupport.web.domain.validation.constraint.PasswordConstraintTest
Tests run: 2, Failures: 0, Errors: 0, Skipped: 0, Time elapsed: 0.004 sec - in dev.codesupport.web.domain.validation.constraint.PasswordConstraintTest
Running dev.codesupport.web.domain.validation.constraint.AliasConstraintTest
Tests run: 2, Failures: 0, Errors: 0, Skipped: 0, Time elapsed: 0.006 sec - in dev.codesupport.web.domain.validation.constraint.AliasConstraintTest
Running dev.codesupport.web.api.validation.UserValidatorTest
Tests run: 2, Failures: 0, Errors: 0, Skipped: 0, Time elapsed: 0.267 sec - in dev.codesupport.web.api.validation.UserValidatorTest
Running dev.codesupport.web.api.service.UserServiceImplTest
22:02:50.488 [main] DEBUG org.springframework.test.util.ReflectionTestUtils - Setting field 'context' of type [null] on target object [Mock for CrudOperations, hashCode: 2020466851] or target class [class dev.codesupport.web.common.service.service.CrudOperations$MockitoMock$1587348847] to value [Mock for ApplicationContext, hashCode: 1194181141]
22:02:50.488 [main] DEBUG org.springframework.test.util.ReflectionTestUtils - Setting field 'context' of type [null] on target object [Mock for CrudOperations, hashCode: 520296852] or target class [class dev.codesupport.web.common.service.service.CrudOperations$MockitoMock$1587348847] to value [Mock for ApplicationContext, hashCode: 1194181141]
22:02:50.514 [main] DEBUG org.springframework.test.util.ReflectionTestUtils - Setting field 'userCrudOperations' of type [null] on target object [dev.codesupport.web.api.service.UserServiceImpl@608b74f3] or target class [class dev.codesupport.web.api.service.UserServiceImpl] to value [Mock for CrudOperations, hashCode: 2020466851]
22:02:50.515 [main] DEBUG org.springframework.test.util.ReflectionTestUtils - Setting field 'userProfileCrudOperations' of type [null] on target object [dev.codesupport.web.api.service.UserServiceImpl@608b74f3] or target class [class dev.codesupport.web.api.service.UserServiceImpl] to value [Mock for CrudOperations, hashCode: 520296852]
Tests run: 8, Failures: 0, Errors: 0, Skipped: 0, Time elapsed: 1.641 sec - in dev.codesupport.web.api.service.UserServiceImplTest
Running dev.codesupport.web.api.controller.UserControllerImplTest
Tests run: 3, Failures: 0, Errors: 0, Skipped: 0, Time elapsed: 0.473 sec - in dev.codesupport.web.api.controller.UserControllerImplTest
Running dev.codesupport.web.api.controller.UserProfileControllerImplTest
Tests run: 3, Failures: 0, Errors: 0, Skipped: 0, Time elapsed: 0.063 sec - in dev.codesupport.web.api.controller.UserProfileControllerImplTest
Running dev.codesupport.web.api.data.repository.UserRepositoryTest
22:02:51.400 [main] DEBUG org.springframework.test.context.junit4.SpringJUnit4ClassRunner - SpringJUnit4ClassRunner constructor called with [class dev.codesupport.web.api.data.repository.UserRepositoryTest]
22:02:51.418 [main] DEBUG org.springframework.test.context.BootstrapUtils - Instantiating CacheAwareContextLoaderDelegate from class [org.springframework.test.context.cache.DefaultCacheAwareContextLoaderDelegate]
22:02:51.432 [main] DEBUG org.springframework.test.context.BootstrapUtils - Instantiating BootstrapContext using constructor [public org.springframework.test.context.support.DefaultBootstrapContext(java.lang.Class,org.springframework.test.context.CacheAwareContextLoaderDelegate)]
22:02:51.476 [main] DEBUG org.springframework.test.context.BootstrapUtils - Instantiating TestContextBootstrapper for test class [dev.codesupport.web.api.data.repository.UserRepositoryTest] from class [org.springframework.boot.test.context.SpringBootTestContextBootstrapper]
22:02:51.506 [main] INFO org.springframework.boot.test.context.SpringBootTestContextBootstrapper - Neither @ContextConfiguration nor @ContextHierarchy found for test class [dev.codesupport.web.api.data.repository.UserRepositoryTest], using SpringBootContextLoader
22:02:51.515 [main] DEBUG org.springframework.test.context.support.AbstractContextLoader - Did not detect default resource location for test class [dev.codesupport.web.api.data.repository.UserRepositoryTest]: class path resource [dev/codesupport/web/api/data/repository/UserRepositoryTest-context.xml] does not exist
22:02:51.515 [main] DEBUG org.springframework.test.context.support.AbstractContextLoader - Did not detect default resource location for test class [dev.codesupport.web.api.data.repository.UserRepositoryTest]: class path resource [dev/codesupport/web/api/data/repository/UserRepositoryTestContext.groovy] does not exist
22:02:51.515 [main] INFO org.springframework.test.context.support.AbstractContextLoader - Could not detect default resource locations for test class [dev.codesupport.web.api.data.repository.UserRepositoryTest]: no resource found for suffixes {-context.xml, Context.groovy}.
22:02:51.516 [main] INFO org.springframework.test.context.support.AnnotationConfigContextLoaderUtils - Could not detect default configuration classes for test class [dev.codesupport.web.api.data.repository.UserRepositoryTest]: UserRepositoryTest does not declare any static, non-private, non-final, nested classes annotated with @Configuration.
22:02:51.603 [main] DEBUG org.springframework.test.context.support.ActiveProfilesUtils - Could not find an 'annotation declaring class' for annotation type [org.springframework.test.context.ActiveProfiles] and class [dev.codesupport.web.api.data.repository.UserRepositoryTest]
22:02:51.779 [main] DEBUG org.springframework.context.annotation.ClassPathScanningCandidateComponentProvider - Identified candidate component class: file [/tmp/tmpnl01b4fn/website-backend/target/classes/dev/codesupport/web/api/ApiServiceApplication.class]
22:02:51.780 [main] INFO org.springframework.boot.test.context.SpringBootTestContextBootstrapper - Found @SpringBootConfiguration dev.codesupport.web.api.ApiServiceApplication for test class dev.codesupport.web.api.data.repository.UserRepositoryTest
22:02:52.042 [main] DEBUG org.springframework.boot.test.context.SpringBootTestContextBootstrapper - @TestExecutionListeners is not present for class [dev.codesupport.web.api.data.repository.UserRepositoryTest]: using defaults.
22:02:52.043 [main] INFO org.springframework.boot.test.context.SpringBootTestContextBootstrapper - Loaded default TestExecutionListener class names from location [META-INF/spring.factories]: [org.springframework.boot.test.mock.mockito.MockitoTestExecutionListener, org.springframework.boot.test.mock.mockito.ResetMocksTestExecutionListener, org.springframework.boot.test.autoconfigure.restdocs.RestDocsTestExecutionListener, org.springframework.boot.test.autoconfigure.web.client.MockRestServiceServerResetTestExecutionListener, org.springframework.boot.test.autoconfigure.web.servlet.MockMvcPrintOnlyOnFailureTestExecutionListener, org.springframework.boot.test.autoconfigure.web.servlet.WebDriverTestExecutionListener, org.springframework.test.context.web.ServletTestExecutionListener, org.springframework.test.context.support.DirtiesContextBeforeModesTestExecutionListener, org.springframework.test.context.support.DependencyInjectionTestExecutionListener, org.springframework.test.context.support.DirtiesContextTestExecutionListener, org.springframework.test.context.transaction.TransactionalTestExecutionListener, org.springframework.test.context.jdbc.SqlScriptsTestExecutionListener]
22:02:52.077 [main] INFO org.springframework.boot.test.context.SpringBootTestContextBootstrapper - Using TestExecutionListeners: [org.springframework.test.context.web.ServletTestExecutionListener@5ecd22e7, org.springframework.test.context.support.DirtiesContextBeforeModesTestExecutionListener@4b2be6f8, org.springframework.boot.test.mock.mockito.MockitoTestExecutionListener@1bd6831d, org.springframework.boot.test.autoconfigure.SpringBootDependencyInjectionTestExecutionListener@1b272037, org.springframework.test.context.support.DirtiesContextTestExecutionListener@2c4af3ae, org.springframework.test.context.transaction.TransactionalTestExecutionListener@3842ccf9, org.springframework.test.context.jdbc.SqlScriptsTestExecutionListener@17236e87, org.springframework.boot.test.mock.mockito.ResetMocksTestExecutionListener@35a7c2cc, org.springframework.boot.test.autoconfigure.restdocs.RestDocsTestExecutionListener@4e0b9055, org.springframework.boot.test.autoconfigure.web.client.MockRestServiceServerResetTestExecutionListener@6000b869, org.springframework.boot.test.autoconfigure.web.servlet.MockMvcPrintOnlyOnFailureTestExecutionListener@6cdbb5b8, org.springframework.boot.test.autoconfigure.web.servlet.WebDriverTestExecutionListener@6761bb4d]
22:02:52.080 [main] DEBUG org.springframework.test.annotation.ProfileValueUtils - Retrieved @ProfileValueSourceConfiguration [null] for test class [dev.codesupport.web.api.data.repository.UserRepositoryTest]
22:02:52.080 [main] DEBUG org.springframework.test.annotation.ProfileValueUtils - Retrieved ProfileValueSource type [class org.springframework.test.annotation.SystemProfileValueSource] for class [dev.codesupport.web.api.data.repository.UserRepositoryTest]
22:02:52.081 [main] DEBUG org.springframework.test.annotation.ProfileValueUtils - Retrieved @ProfileValueSourceConfiguration [null] for test class [dev.codesupport.web.api.data.repository.UserRepositoryTest]
22:02:52.082 [main] DEBUG org.springframework.test.annotation.ProfileValueUtils - Retrieved ProfileValueSource type [class org.springframework.test.annotation.SystemProfileValueSource] for class [dev.codesupport.web.api.data.repository.UserRepositoryTest]
22:02:52.082 [main] DEBUG org.springframework.test.annotation.ProfileValueUtils - Retrieved @ProfileValueSourceConfiguration [null] for test class [dev.codesupport.web.api.data.repository.UserRepositoryTest]
22:02:52.082 [main] DEBUG org.springframework.test.annotation.ProfileValueUtils - Retrieved ProfileValueSource type [class org.springframework.test.annotation.SystemProfileValueSource] for class [dev.codesupport.web.api.data.repository.UserRepositoryTest]
22:02:52.088 [main] DEBUG org.springframework.test.context.support.AbstractDirtiesContextTestExecutionListener - Before test class: context [DefaultTestContext@68378acc testClass = UserRepositoryTest, testInstance = [null], testMethod = [null], testException = [null], mergedContextConfiguration = [WebMergedContextConfiguration@5ea73927 testClass = UserRepositoryTest, locations = '{}', classes = '{class dev.codesupport.web.api.ApiServiceApplication}', contextInitializerClasses = '[]', activeProfiles = '{}', propertySourceLocations = '{}', propertySourceProperties = '{org.springframework.boot.test.context.SpringBootTestContextBootstrapper=true}', contextCustomizers = set[org.springframework.boot.test.context.filter.ExcludeFilterContextCustomizer@76320633, org.springframework.boot.test.json.DuplicateJsonObjectContextCustomizerFactory$DuplicateJsonObjectContextCustomizer@5f92ef40, org.springframework.boot.test.mock.mockito.MockitoContextCustomizer@0, org.springframework.boot.test.web.client.TestRestTemplateContextCustomizer@2806c788, org.springframework.boot.test.autoconfigure.properties.PropertyMappingContextCustomizer@0, org.springframework.boot.test.autoconfigure.web.servlet.WebDriverContextCustomizerFactory$Customizer@5411a529], resourceBasePath = 'src/main/webapp', contextLoader = 'org.springframework.boot.test.context.SpringBootContextLoader', parent = [null]], attributes = map['org.springframework.test.context.web.ServletTestExecutionListener.activateListener' -> true]], class annotated with @DirtiesContext [false] with mode [null].
22:02:52.088 [main] DEBUG org.springframework.test.annotation.ProfileValueUtils - Retrieved @ProfileValueSourceConfiguration [null] for test class [dev.codesupport.web.api.data.repository.UserRepositoryTest]
22:02:52.088 [main] DEBUG org.springframework.test.annotation.ProfileValueUtils - Retrieved ProfileValueSource type [class org.springframework.test.annotation.SystemProfileValueSource] for class [dev.codesupport.web.api.data.repository.UserRepositoryTest]
22:02:52.122 [main] DEBUG org.springframework.test.context.support.TestPropertySourceUtils - Adding inlined properties to environment: {spring.jmx.enabled=false, org.springframework.boot.test.context.SpringBootTestContextBootstrapper=true, server.port=-1}

  .   ____          _            __ _ _
 /\\ / ___'_ __ _ _(_)_ __  __ _ \ \ \ \
( ( )\___ | '_ | '_| | '_ \/ _` | \ \ \ \
 \\/  ___)| |_)| | | | | || (_| |  ) ) ) )
  '  |____| .__|_| |_|_| |_\__, | / / / /
 =========|_|==============|___/=/_/_/_/
 :: Spring Boot ::        (v2.1.6.RELEASE)

2020-07-30 22:02:53.427  INFO 189 --- [           main] d.c.w.a.d.repository.UserRepositoryTest  : Starting UserRepositoryTest on 85466704d1ee with PID 189 (started by jdbl in /tmp/tmpnl01b4fn/website-backend)
2020-07-30 22:02:53.437  INFO 189 --- [           main] d.c.w.a.d.repository.UserRepositoryTest  : No active profile set, falling back to default profiles: default
2020-07-30 22:02:57.524  INFO 189 --- [           main] .s.d.r.c.RepositoryConfigurationDelegate : Bootstrapping Spring Data repositories in DEFAULT mode.
2020-07-30 22:02:57.856  INFO 189 --- [           main] .s.d.r.c.RepositoryConfigurationDelegate : Finished Spring Data repository scanning in 278ms. Found 4 repository interfaces.
2020-07-30 22:03:00.182  INFO 189 --- [           main] trationDelegate$BeanPostProcessorChecker : Bean 'org.springframework.transaction.annotation.ProxyTransactionManagementConfiguration' of type [org.springframework.transaction.annotation.ProxyTransactionManagementConfiguration$$EnhancerBySpringCGLIB$$adf6dd14] is not eligible for getting processed by all BeanPostProcessors (for example: not eligible for auto-proxying)
2020-07-30 22:03:00.316  INFO 189 --- [           main] trationDelegate$BeanPostProcessorChecker : Bean 'accessEvaluatorFactory' of type [dev.codesupport.web.common.security.access.AccessEvaluatorFactory] is not eligible for getting processed by all BeanPostProcessors (for example: not eligible for auto-proxying)
2020-07-30 22:03:00.354  INFO 189 --- [           main] trationDelegate$BeanPostProcessorChecker : Bean 'org.springframework.security.config.annotation.configuration.ObjectPostProcessorConfiguration' of type [org.springframework.security.config.annotation.configuration.ObjectPostProcessorConfiguration$$EnhancerBySpringCGLIB$$46a4a54e] is not eligible for getting processed by all BeanPostProcessors (for example: not eligible for auto-proxying)
2020-07-30 22:03:00.366  INFO 189 --- [           main] trationDelegate$BeanPostProcessorChecker : Bean 'objectPostProcessor' of type [org.springframework.security.config.annotation.configuration.AutowireBeanFactoryObjectPostProcessor] is not eligible for getting processed by all BeanPostProcessors (for example: not eligible for auto-proxying)
2020-07-30 22:03:00.368  INFO 189 --- [           main] trationDelegate$BeanPostProcessorChecker : Bean 'org.springframework.security.access.expression.method.DefaultMethodSecurityExpressionHandler@26088886' of type [org.springframework.security.access.expression.method.DefaultMethodSecurityExpressionHandler] is not eligible for getting processed by all BeanPostProcessors (for example: not eligible for auto-proxying)
2020-07-30 22:03:00.384  INFO 189 --- [           main] trationDelegate$BeanPostProcessorChecker : Bean 'methodSecurityConfiguration' of type [dev.codesupport.web.common.configuration.MethodSecurityConfiguration$$EnhancerBySpringCGLIB$$6120bfb2] is not eligible for getting processed by all BeanPostProcessors (for example: not eligible for auto-proxying)
2020-07-30 22:03:00.414  INFO 189 --- [           main] trationDelegate$BeanPostProcessorChecker : Bean 'methodSecurityMetadataSource' of type [org.springframework.security.access.method.DelegatingMethodSecurityMetadataSource] is not eligible for getting processed by all BeanPostProcessors (for example: not eligible for auto-proxying)
2020-07-30 22:03:01.059  INFO 189 --- [           main] com.zaxxer.hikari.HikariDataSource       : HikariPool-1 - Starting...
2020-07-30 22:03:01.687  INFO 189 --- [           main] com.zaxxer.hikari.HikariDataSource       : HikariPool-1 - Start completed.
2020-07-30 22:03:02.080  INFO 189 --- [           main] o.hibernate.jpa.internal.util.LogHelper  : HHH000204: Processing PersistenceUnitInfo [
	name: default
	...]
2020-07-30 22:03:02.440  INFO 189 --- [           main] org.hibernate.Version                    : HHH000412: Hibernate Core {5.3.10.Final}
2020-07-30 22:03:02.443  INFO 189 --- [           main] org.hibernate.cfg.Environment            : HHH000206: hibernate.properties not found
2020-07-30 22:03:02.567  INFO 189 --- [           main] o.hibernate.annotations.common.Version   : HCANN000001: Hibernate Commons Annotations {5.0.4.Final}
2020-07-30 22:03:03.051  INFO 189 --- [           main] org.hibernate.dialect.Dialect            : HHH000400: Using dialect: org.hibernate.dialect.H2Dialect
2020-07-30 22:03:06.000  INFO 189 --- [           main] o.h.t.schema.internal.SchemaCreatorImpl  : HHH000476: Executing import script 'org.hibernate.tool.schema.internal.exec.ScriptSourceInputNonExistentImpl@2786a215'
2020-07-30 22:03:06.009  INFO 189 --- [           main] j.LocalContainerEntityManagerFactoryBean : Initialized JPA EntityManagerFactory for persistence unit 'default'
2020-07-30 22:03:11.642  INFO 189 --- [           main] pertySourcedRequestMappingHandlerMapping : Mapped URL path [/v2/api-docs] onto method [public org.springframework.http.ResponseEntity<springfox.documentation.spring.web.json.Json> springfox.documentation.swagger2.web.Swagger2Controller.getDocumentation(java.lang.String,javax.servlet.http.HttpServletRequest)]
2020-07-30 22:03:11.971  INFO 189 --- [           main] .s.s.UserDetailsServiceAutoConfiguration : 

Using generated security password: 52881e2d-7335-4e3b-90ab-0cd2b1f61fbd

2020-07-30 22:03:12.263  INFO 189 --- [           main] o.s.s.web.DefaultSecurityFilterChain     : Creating filter chain: any request, [org.springframework.security.web.context.request.async.WebAsyncManagerIntegrationFilter@7a0622b9, org.springframework.security.web.context.SecurityContextPersistenceFilter@628eb760, org.springframework.security.web.header.HeaderWriterFilter@58b7eb53, org.springframework.security.web.authentication.logout.LogoutFilter@17b9edb3, dev.codesupport.web.common.security.HttpRequestFilter@3e8c8233, org.springframework.security.web.savedrequest.RequestCacheAwareFilter@5c46bd1e, org.springframework.security.web.servletapi.SecurityContextHolderAwareRequestFilter@79a8550b, org.springframework.security.web.authentication.AnonymousAuthenticationFilter@69ee688d, org.springframework.security.web.session.SessionManagementFilter@4f7e789d, org.springframework.security.web.access.ExceptionTranslationFilter@4fcfec03]
2020-07-30 22:03:14.082  INFO 189 --- [           main] o.s.s.concurrent.ThreadPoolTaskExecutor  : Initializing ExecutorService 'applicationTaskExecutor'
2020-07-30 22:03:16.034  INFO 189 --- [           main] d.s.w.p.DocumentationPluginsBootstrapper : Context refreshed
2020-07-30 22:03:16.076  INFO 189 --- [           main] d.s.w.p.DocumentationPluginsBootstrapper : Found 1 custom documentation plugin(s)
2020-07-30 22:03:16.188  INFO 189 --- [           main] s.d.s.w.s.ApiListingReferenceScanner     : Scanning for api listing references
2020-07-30 22:03:17.134  INFO 189 --- [           main] d.c.w.a.d.repository.UserRepositoryTest  : Started UserRepositoryTest in 24.995 seconds (JVM running for 33.918)
2020-07-30 22:03:17.235  INFO 189 --- [           main] o.h.h.i.QueryTranslatorFactoryInitiator  : HHH000397: Using ASTQueryTranslatorFactory
Tests run: 6, Failures: 0, Errors: 0, Skipped: 0, Time elapsed: 26.863 sec - in dev.codesupport.web.api.data.repository.UserRepositoryTest
Running dev.codesupport.web.common.exception.InvalidTokenExceptionTest
Tests run: 3, Failures: 0, Errors: 0, Skipped: 0, Time elapsed: 0.111 sec - in dev.codesupport.web.common.exception.InvalidTokenExceptionTest
Running dev.codesupport.web.common.exception.ResourceNotFoundExceptionTest
Tests run: 2, Failures: 0, Errors: 0, Skipped: 0, Time elapsed: 0.002 sec - in dev.codesupport.web.common.exception.ResourceNotFoundExceptionTest
Running dev.codesupport.web.common.exception.ConfigurationExceptionTest
Tests run: 2, Failures: 0, Errors: 0, Skipped: 0, Time elapsed: 0.003 sec - in dev.codesupport.web.common.exception.ConfigurationExceptionTest
Running dev.codesupport.web.common.exception.HttpRequestExceptionTest
Tests run: 2, Failures: 0, Errors: 0, Skipped: 0, Time elapsed: 0.002 sec - in dev.codesupport.web.common.exception.HttpRequestExceptionTest
Running dev.codesupport.web.common.exception.DisabledUserExceptionTest
Tests run: 2, Failures: 0, Errors: 0, Skipped: 0, Time elapsed: 0.002 sec - in dev.codesupport.web.common.exception.DisabledUserExceptionTest
Running dev.codesupport.web.common.exception.ServiceLayerExceptionTest
Tests run: 3, Failures: 0, Errors: 0, Skipped: 0, Time elapsed: 0.002 sec - in dev.codesupport.web.common.exception.ServiceLayerExceptionTest
Running dev.codesupport.web.common.exception.InternalServiceExceptionTest
Tests run: 4, Failures: 0, Errors: 0, Skipped: 0, Time elapsed: 0.003 sec - in dev.codesupport.web.common.exception.InternalServiceExceptionTest
Running dev.codesupport.web.common.exception.ValidationExceptionTest
Tests run: 3, Failures: 0, Errors: 0, Skipped: 0, Time elapsed: 0.144 sec - in dev.codesupport.web.common.exception.ValidationExceptionTest
Running dev.codesupport.web.common.exception.InvalidUserExceptionTest
Tests run: 3, Failures: 0, Errors: 0, Skipped: 0, Time elapsed: 0.008 sec - in dev.codesupport.web.common.exception.InvalidUserExceptionTest
Running dev.codesupport.web.common.service.service.CrudOperationsTest
Tests run: 30, Failures: 0, Errors: 0, Skipped: 0, Time elapsed: 0.195 sec - in dev.codesupport.web.common.service.service.CrudOperationsTest
Running dev.codesupport.web.common.service.service.RestResponseTest
Tests run: 7, Failures: 0, Errors: 0, Skipped: 0, Time elapsed: 0.013 sec - in dev.codesupport.web.common.service.service.RestResponseTest
Running dev.codesupport.web.common.service.http.client.ObjectToUrlEncodedConverterTest
2020-07-30 22:03:18.897 ERROR 189 --- [           main] .c.w.c.s.h.c.ObjectToUrlEncodedConverter : Failure writing to request body.

java.io.IOException: null

Tests run: 8, Failures: 0, Errors: 0, Skipped: 0, Time elapsed: 0.193 sec - in dev.codesupport.web.common.service.http.client.ObjectToUrlEncodedConverterTest
Running dev.codesupport.web.common.service.http.client.SpringHttpClientTest
Tests run: 4, Failures: 0, Errors: 0, Skipped: 0, Time elapsed: 0.346 sec - in dev.codesupport.web.common.service.http.client.SpringHttpClientTest
Running dev.codesupport.web.common.service.http.client.RestTemplateResponseErrorHandlerTest
Tests run: 4, Failures: 0, Errors: 0, Skipped: 0, Time elapsed: 0.046 sec - in dev.codesupport.web.common.service.http.client.RestTemplateResponseErrorHandlerTest
Running dev.codesupport.web.common.service.http.client.RestRequestTest
Tests run: 10, Failures: 0, Errors: 0, Skipped: 0, Time elapsed: 0.002 sec - in dev.codesupport.web.common.service.http.client.RestRequestTest
Running dev.codesupport.web.common.service.controller.ErrorHandlerControllerTest
2020-07-30 22:03:19.569 ERROR 189 --- [           main] d.c.w.c.s.c.ErrorHandlerController       : Service exception: [refId: 123]

org.mockito.codegen.Throwable$MockitoMock$1591374435: null

Tests run: 9, Failures: 0, Errors: 0, Skipped: 0, Time elapsed: 0.198 sec - in dev.codesupport.web.common.service.controller.ErrorHandlerControllerTest
Running dev.codesupport.web.common.service.controller.AuthenticationControllerImplTest
Tests run: 5, Failures: 0, Errors: 0, Skipped: 0, Time elapsed: 0.02 sec - in dev.codesupport.web.common.service.controller.AuthenticationControllerImplTest
Running dev.codesupport.web.common.service.controller.HealthCheckControllerTest
Tests run: 1, Failures: 0, Errors: 0, Skipped: 0, Time elapsed: 0 sec - in dev.codesupport.web.common.service.controller.HealthCheckControllerTest
Running dev.codesupport.web.common.service.controller.throwparser.ThrowableParserFactoryTest
Tests run: 6, Failures: 0, Errors: 0, Skipped: 0, Time elapsed: 0.05 sec - in dev.codesupport.web.common.service.controller.throwparser.ThrowableParserFactoryTest
Running dev.codesupport.web.common.service.controller.throwparser.parser.BadCredentialsExceptionParserTest
Tests run: 4, Failures: 0, Errors: 0, Skipped: 0, Time elapsed: 0.039 sec - in dev.codesupport.web.common.service.controller.throwparser.parser.BadCredentialsExceptionParserTest
Running dev.codesupport.web.common.service.controller.throwparser.parser.ValidationExceptionParserTest
Tests run: 4, Failures: 0, Errors: 0, Skipped: 0, Time elapsed: 0.027 sec - in dev.codesupport.web.common.service.controller.throwparser.parser.ValidationExceptionParserTest
Running dev.codesupport.web.common.service.controller.throwparser.parser.InternalServiceExceptionParserTest
Tests run: 4, Failures: 0, Errors: 0, Skipped: 0, Time elapsed: 0.033 sec - in dev.codesupport.web.common.service.controller.throwparser.parser.InternalServiceExceptionParserTest
Running dev.codesupport.web.common.service.controller.throwparser.parser.HttpMediaTypeNotSupportedExceptionParserTest
Tests run: 5, Failures: 0, Errors: 0, Skipped: 0, Time elapsed: 0.141 sec - in dev.codesupport.web.common.service.controller.throwparser.parser.HttpMediaTypeNotSupportedExceptionParserTest
Running dev.codesupport.web.common.service.controller.throwparser.parser.AccessDeniedExceptionParserTest
Tests run: 4, Failures: 0, Errors: 0, Skipped: 0, Time elapsed: 0.022 sec - in dev.codesupport.web.common.service.controller.throwparser.parser.AccessDeniedExceptionParserTest
Running dev.codesupport.web.common.service.controller.throwparser.parser.HttpMessageNotReadableExceptionParserTest
Tests run: 4, Failures: 0, Errors: 0, Skipped: 0, Time elapsed: 0 sec - in dev.codesupport.web.common.service.controller.throwparser.parser.HttpMessageNotReadableExceptionParserTest
Running dev.codesupport.web.common.service.controller.throwparser.parser.ServiceLayerExceptionParserTest
Tests run: 4, Failures: 0, Errors: 0, Skipped: 0, Time elapsed: 0.036 sec - in dev.codesupport.web.common.service.controller.throwparser.parser.ServiceLayerExceptionParserTest
Running dev.codesupport.web.common.service.controller.throwparser.parser.NumberFormatExceptionParserTest
Tests run: 4, Failures: 0, Errors: 0, Skipped: 0, Time elapsed: 0.034 sec - in dev.codesupport.web.common.service.controller.throwparser.parser.NumberFormatExceptionParserTest
Running dev.codesupport.web.common.service.controller.throwparser.parser.MethodArgumentTypeMismatchExceptionParserTest
Tests run: 4, Failures: 0, Errors: 0, Skipped: 0, Time elapsed: 0.238 sec - in dev.codesupport.web.common.service.controller.throwparser.parser.MethodArgumentTypeMismatchExceptionParserTest
Running dev.codesupport.web.common.service.controller.throwparser.parser.MethodArgumentNotValidExceptionParserTest
Tests run: 4, Failures: 0, Errors: 0, Skipped: 0, Time elapsed: 0.09 sec - in dev.codesupport.web.common.service.controller.throwparser.parser.MethodArgumentNotValidExceptionParserTest
Running dev.codesupport.web.common.service.controller.throwparser.parser.ResourceNotFoundExceptionParserTest
Tests run: 4, Failures: 0, Errors: 0, Skipped: 0, Time elapsed: 0.042 sec - in dev.codesupport.web.common.service.controller.throwparser.parser.ResourceNotFoundExceptionParserTest
Running dev.codesupport.web.common.service.controller.throwparser.parser.InvalidUserExceptionParserTest
Tests run: 4, Failures: 0, Errors: 0, Skipped: 0, Time elapsed: 0.059 sec - in dev.codesupport.web.common.service.controller.throwparser.parser.InvalidUserExceptionParserTest
Running dev.codesupport.web.common.service.controller.throwparser.parser.ConstraintViolationExceptionParserTest
Tests run: 4, Failures: 0, Errors: 0, Skipped: 0, Time elapsed: 0.155 sec - in dev.codesupport.web.common.service.controller.throwparser.parser.ConstraintViolationExceptionParserTest
Running dev.codesupport.web.common.service.controller.throwparser.DefaultExceptionParserTest
Tests run: 4, Failures: 0, Errors: 0, Skipped: 0, Time elapsed: 0 sec - in dev.codesupport.web.common.service.controller.throwparser.DefaultExceptionParserTest
Running dev.codesupport.web.common.service.controller.throwparser.AbstractThrowableParserTest
Tests run: 7, Failures: 0, Errors: 0, Skipped: 0, Time elapsed: 0.029 sec - in dev.codesupport.web.common.service.controller.throwparser.AbstractThrowableParserTest
Running dev.codesupport.web.common.security.hashing.SpringHashingUtilityTest
Tests run: 3, Failures: 0, Errors: 0, Skipped: 0, Time elapsed: 0.034 sec - in dev.codesupport.web.common.security.hashing.SpringHashingUtilityTest
Running dev.codesupport.web.common.security.AuthorizationServiceImplTest
Tests run: 12, Failures: 0, Errors: 0, Skipped: 0, Time elapsed: 0.344 sec - in dev.codesupport.web.common.security.AuthorizationServiceImplTest
Running dev.codesupport.web.common.security.EmailPasswordAuthenticationTokenTest
Tests run: 4, Failures: 0, Errors: 0, Skipped: 0, Time elapsed: 0.006 sec - in dev.codesupport.web.common.security.EmailPasswordAuthenticationTokenTest
Running dev.codesupport.web.common.security.models.DiscordOAuthTokenRequestTest
Tests run: 3, Failures: 0, Errors: 0, Skipped: 0, Time elapsed: 0 sec - in dev.codesupport.web.common.security.models.DiscordOAuthTokenRequestTest
Running dev.codesupport.web.common.security.jwt.JwtUtilityTest
Tests run: 2, Failures: 0, Errors: 0, Skipped: 0, Time elapsed: 0.01 sec - in dev.codesupport.web.common.security.jwt.JwtUtilityTest
Running dev.codesupport.web.common.security.jwt.JJwtUtilityTest
Tests run: 6, Failures: 0, Errors: 0, Skipped: 0, Time elapsed: 0.156 sec - in dev.codesupport.web.common.security.jwt.JJwtUtilityTest
Running dev.codesupport.web.common.security.jwt.JsonWebTokenTest
Tests run: 6, Failures: 0, Errors: 0, Skipped: 0, Time elapsed: 0.02 sec - in dev.codesupport.web.common.security.jwt.JsonWebTokenTest
Running dev.codesupport.web.common.security.jwt.JsonWebTokenFactoryTest
Tests run: 1, Failures: 0, Errors: 0, Skipped: 0, Time elapsed: 0 sec - in dev.codesupport.web.common.security.jwt.JsonWebTokenFactoryTest
Running dev.codesupport.web.common.security.HttpRequestFilterTest
Tests run: 15, Failures: 0, Errors: 0, Skipped: 0, Time elapsed: 0.169 sec - in dev.codesupport.web.common.security.HttpRequestFilterTest
Running dev.codesupport.web.common.security.AuthorizationServiceTest
2020-07-30 22:03:21.368  INFO 189 --- [           main] .b.t.c.SpringBootTestContextBootstrapper : Neither @ContextConfiguration nor @ContextHierarchy found for test class [dev.codesupport.web.common.security.AuthorizationServiceTest], using SpringBootContextLoader
2020-07-30 22:03:21.369  INFO 189 --- [           main] o.s.t.c.support.AbstractContextLoader    : Could not detect default resource locations for test class [dev.codesupport.web.common.security.AuthorizationServiceTest]: no resource found for suffixes {-context.xml, Context.groovy}.
2020-07-30 22:03:21.397  INFO 189 --- [           main] .b.t.c.SpringBootTestContextBootstrapper : Loaded default TestExecutionListener class names from location [META-INF/spring.factories]: [org.springframework.boot.test.mock.mockito.MockitoTestExecutionListener, org.springframework.boot.test.mock.mockito.ResetMocksTestExecutionListener, org.springframework.boot.test.autoconfigure.restdocs.RestDocsTestExecutionListener, org.springframework.boot.test.autoconfigure.web.client.MockRestServiceServerResetTestExecutionListener, org.springframework.boot.test.autoconfigure.web.servlet.MockMvcPrintOnlyOnFailureTestExecutionListener, org.springframework.boot.test.autoconfigure.web.servlet.WebDriverTestExecutionListener, org.springframework.test.context.web.ServletTestExecutionListener, org.springframework.test.context.support.DirtiesContextBeforeModesTestExecutionListener, org.springframework.test.context.support.DependencyInjectionTestExecutionListener, org.springframework.test.context.support.DirtiesContextTestExecutionListener, org.springframework.test.context.transaction.TransactionalTestExecutionListener, org.springframework.test.context.jdbc.SqlScriptsTestExecutionListener]
2020-07-30 22:03:21.398  INFO 189 --- [           main] .b.t.c.SpringBootTestContextBootstrapper : Using TestExecutionListeners: [org.springframework.test.context.web.ServletTestExecutionListener@a564484, org.springframework.test.context.support.DirtiesContextBeforeModesTestExecutionListener@3b795700, org.springframework.boot.test.mock.mockito.MockitoTestExecutionListener@658f0f5d, org.springframework.boot.test.autoconfigure.SpringBootDependencyInjectionTestExecutionListener@d99cc3a, org.springframework.test.context.support.DirtiesContextTestExecutionListener@3553db69, org.springframework.test.context.transaction.TransactionalTestExecutionListener@44635b94, org.springframework.test.context.jdbc.SqlScriptsTestExecutionListener@590b41a2, org.springframework.boot.test.mock.mockito.ResetMocksTestExecutionListener@1a30bea5, org.springframework.boot.test.autoconfigure.restdocs.RestDocsTestExecutionListener@3193a619, org.springframework.boot.test.autoconfigure.web.client.MockRestServiceServerResetTestExecutionListener@6f72e444, org.springframework.boot.test.autoconfigure.web.servlet.MockMvcPrintOnlyOnFailureTestExecutionListener@6cf7be59, org.springframework.boot.test.autoconfigure.web.servlet.WebDriverTestExecutionListener@73adf0f4]

  .   ____          _            __ _ _
 /\\ / ___'_ __ _ _(_)_ __  __ _ \ \ \ \
( ( )\___ | '_ | '_| | '_ \/ _` | \ \ \ \
 \\/  ___)| |_)| | | | | || (_| |  ) ) ) )
  '  |____| .__|_| |_|_| |_\__, | / / / /
 =========|_|==============|___/=/_/_/_/
 :: Spring Boot ::        (v2.1.6.RELEASE)

2020-07-30 22:03:21.427  INFO 189 --- [           main] d.c.w.c.s.AuthorizationServiceTest       : Starting AuthorizationServiceTest on 85466704d1ee with PID 189 (started by jdbl in /tmp/tmpnl01b4fn/website-backend)
2020-07-30 22:03:21.427  INFO 189 --- [           main] d.c.w.c.s.AuthorizationServiceTest       : No active profile set, falling back to default profiles: default
2020-07-30 22:03:22.687  INFO 189 --- [           main] .s.d.r.c.RepositoryConfigurationDelegate : Bootstrapping Spring Data repositories in DEFAULT mode.
2020-07-30 22:03:22.767  INFO 189 --- [           main] .s.d.r.c.RepositoryConfigurationDelegate : Finished Spring Data repository scanning in 80ms. Found 4 repository interfaces.
2020-07-30 22:03:23.170  INFO 189 --- [           main] trationDelegate$BeanPostProcessorChecker : Bean 'org.springframework.transaction.annotation.ProxyTransactionManagementConfiguration' of type [org.springframework.transaction.annotation.ProxyTransactionManagementConfiguration$$EnhancerBySpringCGLIB$$adf6dd14] is not eligible for getting processed by all BeanPostProcessors (for example: not eligible for auto-proxying)
2020-07-30 22:03:23.205  INFO 189 --- [           main] trationDelegate$BeanPostProcessorChecker : Bean 'accessEvaluatorFactory' of type [dev.codesupport.web.common.security.access.AccessEvaluatorFactory] is not eligible for getting processed by all BeanPostProcessors (for example: not eligible for auto-proxying)
2020-07-30 22:03:23.229  INFO 189 --- [           main] trationDelegate$BeanPostProcessorChecker : Bean 'org.springframework.security.config.annotation.configuration.ObjectPostProcessorConfiguration' of type [org.springframework.security.config.annotation.configuration.ObjectPostProcessorConfiguration$$EnhancerBySpringCGLIB$$46a4a54e] is not eligible for getting processed by all BeanPostProcessors (for example: not eligible for auto-proxying)
2020-07-30 22:03:23.244  INFO 189 --- [           main] trationDelegate$BeanPostProcessorChecker : Bean 'objectPostProcessor' of type [org.springframework.security.config.annotation.configuration.AutowireBeanFactoryObjectPostProcessor] is not eligible for getting processed by all BeanPostProcessors (for example: not eligible for auto-proxying)
2020-07-30 22:03:23.244  INFO 189 --- [           main] trationDelegate$BeanPostProcessorChecker : Bean 'org.springframework.security.access.expression.method.DefaultMethodSecurityExpressionHandler@7521d6eb' of type [org.springframework.security.access.expression.method.DefaultMethodSecurityExpressionHandler] is not eligible for getting processed by all BeanPostProcessors (for example: not eligible for auto-proxying)
2020-07-30 22:03:23.260  INFO 189 --- [           main] trationDelegate$BeanPostProcessorChecker : Bean 'methodSecurityConfiguration' of type [dev.codesupport.web.common.configuration.MethodSecurityConfiguration$$EnhancerBySpringCGLIB$$6120bfb2] is not eligible for getting processed by all BeanPostProcessors (for example: not eligible for auto-proxying)
2020-07-30 22:03:23.291  INFO 189 --- [           main] trationDelegate$BeanPostProcessorChecker : Bean 'methodSecurityMetadataSource' of type [org.springframework.security.access.method.DelegatingMethodSecurityMetadataSource] is not eligible for getting processed by all BeanPostProcessors (for example: not eligible for auto-proxying)
2020-07-30 22:03:23.696  INFO 189 --- [           main] com.zaxxer.hikari.HikariDataSource       : HikariPool-2 - Starting...
2020-07-30 22:03:23.721  INFO 189 --- [           main] com.zaxxer.hikari.HikariDataSource       : HikariPool-2 - Start completed.
2020-07-30 22:03:23.752  INFO 189 --- [           main] o.hibernate.jpa.internal.util.LogHelper  : HHH000204: Processing PersistenceUnitInfo [
	name: default
	...]
2020-07-30 22:03:23.787  INFO 189 --- [           main] org.hibernate.dialect.Dialect            : HHH000400: Using dialect: org.hibernate.dialect.H2Dialect
2020-07-30 22:03:24.334  INFO 189 --- [           main] o.h.t.schema.internal.SchemaCreatorImpl  : HHH000476: Executing import script 'org.hibernate.tool.schema.internal.exec.ScriptSourceInputNonExistentImpl@2786a215'
2020-07-30 22:03:24.336  INFO 189 --- [           main] j.LocalContainerEntityManagerFactoryBean : Initialized JPA EntityManagerFactory for persistence unit 'default'
2020-07-30 22:03:26.262  INFO 189 --- [           main] pertySourcedRequestMappingHandlerMapping : Mapped URL path [/v2/api-docs] onto method [public org.springframework.http.ResponseEntity<springfox.documentation.spring.web.json.Json> springfox.documentation.swagger2.web.Swagger2Controller.getDocumentation(java.lang.String,javax.servlet.http.HttpServletRequest)]
2020-07-30 22:03:26.335  INFO 189 --- [           main] .s.s.UserDetailsServiceAutoConfiguration : 

Using generated security password: f07f0f06-36db-486b-8f0b-14e0074829e7

2020-07-30 22:03:26.392  INFO 189 --- [           main] o.s.s.web.DefaultSecurityFilterChain     : Creating filter chain: any request, [org.springframework.security.web.context.request.async.WebAsyncManagerIntegrationFilter@5420f017, org.springframework.security.web.context.SecurityContextPersistenceFilter@261f1703, org.springframework.security.web.header.HeaderWriterFilter@54a2393f, org.springframework.security.web.authentication.logout.LogoutFilter@ad95940, dev.codesupport.web.common.security.HttpRequestFilter@500e0cc8, org.springframework.security.web.savedrequest.RequestCacheAwareFilter@1ac9c69d, org.springframework.security.web.servletapi.SecurityContextHolderAwareRequestFilter@5fe76f3a, org.springframework.security.web.authentication.AnonymousAuthenticationFilter@892920, org.springframework.security.web.session.SessionManagementFilter@3bddd6d0, org.springframework.security.web.access.ExceptionTranslationFilter@15953ff2]
2020-07-30 22:03:27.204  INFO 189 --- [           main] o.s.s.concurrent.ThreadPoolTaskExecutor  : Initializing ExecutorService 'applicationTaskExecutor'
2020-07-30 22:03:27.986  INFO 189 --- [           main] d.s.w.p.DocumentationPluginsBootstrapper : Context refreshed
2020-07-30 22:03:27.987  INFO 189 --- [           main] d.s.w.p.DocumentationPluginsBootstrapper : Found 1 custom documentation plugin(s)
2020-07-30 22:03:28.004  INFO 189 --- [           main] s.d.s.w.s.ApiListingReferenceScanner     : Scanning for api listing references
2020-07-30 22:03:28.503  INFO 189 --- [           main] d.c.w.c.s.AuthorizationServiceTest       : Started AuthorizationServiceTest in 7.103 seconds (JVM running for 45.287)
Tests run: 1, Failures: 0, Errors: 0, Skipped: 0, Time elapsed: 7.233 sec - in dev.codesupport.web.common.security.AuthorizationServiceTest
Running dev.codesupport.web.common.security.access.evaluator.AccountLinkEvaluatorTest
Tests run: 5, Failures: 0, Errors: 0, Skipped: 0, Time elapsed: 0.12 sec - in dev.codesupport.web.common.security.access.evaluator.AccountLinkEvaluatorTest
Running dev.codesupport.web.common.security.access.evaluator.UserProfileReadEvaluatorTest
Tests run: 6, Failures: 0, Errors: 0, Skipped: 0, Time elapsed: 0.313 sec - in dev.codesupport.web.common.security.access.evaluator.UserProfileReadEvaluatorTest
Running dev.codesupport.web.common.security.access.AccessPermissionEvaluatorTest
Tests run: 6, Failures: 0, Errors: 0, Skipped: 0, Time elapsed: 0.072 sec - in dev.codesupport.web.common.security.access.AccessPermissionEvaluatorTest
Running dev.codesupport.web.common.security.access.AbstractAccessEvaluatorTest
Tests run: 13, Failures: 0, Errors: 0, Skipped: 0, Time elapsed: 0.042 sec - in dev.codesupport.web.common.security.access.AbstractAccessEvaluatorTest
Running dev.codesupport.web.common.security.access.AccessorEvaluatorFactoryTest
Tests run: 7, Failures: 0, Errors: 0, Skipped: 0, Time elapsed: 0.178 sec - in dev.codesupport.web.common.security.access.AccessorEvaluatorFactoryTest
Running dev.codesupport.web.common.util.ListUtilsTest
Tests run: 3, Failures: 0, Errors: 0, Skipped: 0, Time elapsed: 0 sec - in dev.codesupport.web.common.util.ListUtilsTest
Running dev.codesupport.web.common.util.ValidationUtilsTest
Tests run: 14, Failures: 0, Errors: 0, Skipped: 0, Time elapsed: 0 sec - in dev.codesupport.web.common.util.ValidationUtilsTest
Running dev.codesupport.web.common.util.StringUtilsTest
Tests run: 5, Failures: 0, Errors: 0, Skipped: 0, Time elapsed: 0 sec - in dev.codesupport.web.common.util.StringUtilsTest
Running dev.codesupport.web.common.util.MappingUtilsTest
Tests run: 5, Failures: 0, Errors: 0, Skipped: 0, Time elapsed: 0.001 sec - in dev.codesupport.web.common.util.MappingUtilsTest
Running dev.codesupport.web.common.configuration.SimpleAuthenticationEntryPointTest
Tests run: 1, Failures: 0, Errors: 0, Skipped: 0, Time elapsed: 0.051 sec - in dev.codesupport.web.common.configuration.SimpleAuthenticationEntryPointTest
Running dev.codesupport.web.common.configuration.MethodSecurityConfigurationTest
Tests run: 2, Failures: 0, Errors: 0, Skipped: 0, Time elapsed: 0 sec - in dev.codesupport.web.common.configuration.MethodSecurityConfigurationTest
Running dev.codesupport.web.common.configuration.ApplicationConfigurationTest
Tests run: 11, Failures: 0, Errors: 0, Skipped: 0, Time elapsed: 0.103 sec - in dev.codesupport.web.common.configuration.ApplicationConfigurationTest
Running dev.codesupport.web.common.configuration.JwtPropertiesTest
Tests run: 6, Failures: 0, Errors: 0, Skipped: 0, Time elapsed: 0.002 sec - in dev.codesupport.web.common.configuration.JwtPropertiesTest
Running dev.codesupport.web.common.configuration.DiscordAppPropertiesTest
2020-07-30 22:03:29.493  INFO 189 --- [           main] .b.t.c.SpringBootTestContextBootstrapper : Neither @ContextConfiguration nor @ContextHierarchy found for test class [dev.codesupport.web.common.configuration.DiscordAppPropertiesTest], using SpringBootContextLoader
2020-07-30 22:03:29.495  INFO 189 --- [           main] o.s.t.c.support.AbstractContextLoader    : Could not detect default resource locations for test class [dev.codesupport.web.common.configuration.DiscordAppPropertiesTest]: no resource found for suffixes {-context.xml, Context.groovy}.
2020-07-30 22:03:29.498  INFO 189 --- [           main] .b.t.c.SpringBootTestContextBootstrapper : Loaded default TestExecutionListener class names from location [META-INF/spring.factories]: [org.springframework.boot.test.mock.mockito.MockitoTestExecutionListener, org.springframework.boot.test.mock.mockito.ResetMocksTestExecutionListener, org.springframework.boot.test.autoconfigure.restdocs.RestDocsTestExecutionListener, org.springframework.boot.test.autoconfigure.web.client.MockRestServiceServerResetTestExecutionListener, org.springframework.boot.test.autoconfigure.web.servlet.MockMvcPrintOnlyOnFailureTestExecutionListener, org.springframework.boot.test.autoconfigure.web.servlet.WebDriverTestExecutionListener, org.springframework.test.context.web.ServletTestExecutionListener, org.springframework.test.context.support.DirtiesContextBeforeModesTestExecutionListener, org.springframework.test.context.support.DependencyInjectionTestExecutionListener, org.springframework.test.context.support.DirtiesContextTestExecutionListener, org.springframework.test.context.transaction.TransactionalTestExecutionListener, org.springframework.test.context.jdbc.SqlScriptsTestExecutionListener]
2020-07-30 22:03:29.501  INFO 189 --- [           main] .b.t.c.SpringBootTestContextBootstrapper : Using TestExecutionListeners: [org.springframework.test.context.web.ServletTestExecutionListener@b2c97cb, org.springframework.test.context.support.DirtiesContextBeforeModesTestExecutionListener@280adc28, org.springframework.boot.test.mock.mockito.MockitoTestExecutionListener@1b4e2812, org.springframework.boot.test.autoconfigure.SpringBootDependencyInjectionTestExecutionListener@5094e854, org.springframework.test.context.support.DirtiesContextTestExecutionListener@3fe9bf42, org.springframework.test.context.transaction.TransactionalTestExecutionListener@41fcdf0b, org.springframework.test.context.jdbc.SqlScriptsTestExecutionListener@2b98619e, org.springframework.boot.test.mock.mockito.ResetMocksTestExecutionListener@5cb9faf1, org.springframework.boot.test.autoconfigure.restdocs.RestDocsTestExecutionListener@2e585d8b, org.springframework.boot.test.autoconfigure.web.client.MockRestServiceServerResetTestExecutionListener@9fbdbcc, org.springframework.boot.test.autoconfigure.web.servlet.MockMvcPrintOnlyOnFailureTestExecutionListener@6187cffc, org.springframework.boot.test.autoconfigure.web.servlet.WebDriverTestExecutionListener@72fadf4f]

  .   ____          _            __ _ _
 /\\ / ___'_ __ _ _(_)_ __  __ _ \ \ \ \
( ( )\___ | '_ | '_| | '_ \/ _` | \ \ \ \
 \\/  ___)| |_)| | | | | || (_| |  ) ) ) )
  '  |____| .__|_| |_|_| |_\__, | / / / /
 =========|_|==============|___/=/_/_/_/
 :: Spring Boot ::        (v2.1.6.RELEASE)

2020-07-30 22:03:29.534  INFO 189 --- [           main] d.c.w.c.c.DiscordAppPropertiesTest       : Starting DiscordAppPropertiesTest on 85466704d1ee with PID 189 (started by jdbl in /tmp/tmpnl01b4fn/website-backend)
2020-07-30 22:03:29.535  INFO 189 --- [           main] d.c.w.c.c.DiscordAppPropertiesTest       : No active profile set, falling back to default profiles: default
2020-07-30 22:03:30.303  INFO 189 --- [           main] .s.d.r.c.RepositoryConfigurationDelegate : Bootstrapping Spring Data repositories in DEFAULT mode.
2020-07-30 22:03:30.362  INFO 189 --- [           main] .s.d.r.c.RepositoryConfigurationDelegate : Finished Spring Data repository scanning in 57ms. Found 4 repository interfaces.
2020-07-30 22:03:30.601  INFO 189 --- [           main] trationDelegate$BeanPostProcessorChecker : Bean 'org.springframework.transaction.annotation.ProxyTransactionManagementConfiguration' of type [org.springframework.transaction.annotation.ProxyTransactionManagementConfiguration$$EnhancerBySpringCGLIB$$adf6dd14] is not eligible for getting processed by all BeanPostProcessors (for example: not eligible for auto-proxying)
2020-07-30 22:03:30.642  INFO 189 --- [           main] trationDelegate$BeanPostProcessorChecker : Bean 'accessEvaluatorFactory' of type [dev.codesupport.web.common.security.access.AccessEvaluatorFactory] is not eligible for getting processed by all BeanPostProcessors (for example: not eligible for auto-proxying)
2020-07-30 22:03:30.670  INFO 189 --- [           main] trationDelegate$BeanPostProcessorChecker : Bean 'org.springframework.security.config.annotation.configuration.ObjectPostProcessorConfiguration' of type [org.springframework.security.config.annotation.configuration.ObjectPostProcessorConfiguration$$EnhancerBySpringCGLIB$$46a4a54e] is not eligible for getting processed by all BeanPostProcessors (for example: not eligible for auto-proxying)
2020-07-30 22:03:30.689  INFO 189 --- [           main] trationDelegate$BeanPostProcessorChecker : Bean 'objectPostProcessor' of type [org.springframework.security.config.annotation.configuration.AutowireBeanFactoryObjectPostProcessor] is not eligible for getting processed by all BeanPostProcessors (for example: not eligible for auto-proxying)
2020-07-30 22:03:30.709  INFO 189 --- [           main] trationDelegate$BeanPostProcessorChecker : Bean 'org.springframework.security.access.expression.method.DefaultMethodSecurityExpressionHandler@53d42ac7' of type [org.springframework.security.access.expression.method.DefaultMethodSecurityExpressionHandler] is not eligible for getting processed by all BeanPostProcessors (for example: not eligible for auto-proxying)
2020-07-30 22:03:30.713  INFO 189 --- [           main] trationDelegate$BeanPostProcessorChecker : Bean 'methodSecurityConfiguration' of type [dev.codesupport.web.common.configuration.MethodSecurityConfiguration$$EnhancerBySpringCGLIB$$6120bfb2] is not eligible for getting processed by all BeanPostProcessors (for example: not eligible for auto-proxying)
2020-07-30 22:03:30.718  INFO 189 --- [           main] trationDelegate$BeanPostProcessorChecker : Bean 'methodSecurityMetadataSource' of type [org.springframework.security.access.method.DelegatingMethodSecurityMetadataSource] is not eligible for getting processed by all BeanPostProcessors (for example: not eligible for auto-proxying)
2020-07-30 22:03:31.091  INFO 189 --- [           main] com.zaxxer.hikari.HikariDataSource       : HikariPool-3 - Starting...
2020-07-30 22:03:31.123  INFO 189 --- [           main] com.zaxxer.hikari.HikariDataSource       : HikariPool-3 - Start completed.
2020-07-30 22:03:31.183  INFO 189 --- [           main] o.hibernate.jpa.internal.util.LogHelper  : HHH000204: Processing PersistenceUnitInfo [
	name: default
	...]
2020-07-30 22:03:31.262  INFO 189 --- [           main] org.hibernate.dialect.Dialect            : HHH000400: Using dialect: org.hibernate.dialect.H2Dialect
2020-07-30 22:03:31.707  INFO 189 --- [           main] o.h.t.schema.internal.SchemaCreatorImpl  : HHH000476: Executing import script 'org.hibernate.tool.schema.internal.exec.ScriptSourceInputNonExistentImpl@2786a215'
2020-07-30 22:03:31.708  INFO 189 --- [           main] j.LocalContainerEntityManagerFactoryBean : Initialized JPA EntityManagerFactory for persistence unit 'default'
2020-07-30 22:03:32.759  INFO 189 --- [           main] pertySourcedRequestMappingHandlerMapping : Mapped URL path [/v2/api-docs] onto method [public org.springframework.http.ResponseEntity<springfox.documentation.spring.web.json.Json> springfox.documentation.swagger2.web.Swagger2Controller.getDocumentation(java.lang.String,javax.servlet.http.HttpServletRequest)]
2020-07-30 22:03:32.819  INFO 189 --- [           main] .s.s.UserDetailsServiceAutoConfiguration : 

Using generated security password: 6e12d2e1-6d29-431d-ad4e-760fcedc461c

2020-07-30 22:03:33.042  INFO 189 --- [           main] o.s.s.web.DefaultSecurityFilterChain     : Creating filter chain: any request, [org.springframework.security.web.context.request.async.WebAsyncManagerIntegrationFilter@6413011e, org.springframework.security.web.context.SecurityContextPersistenceFilter@531902dd, org.springframework.security.web.header.HeaderWriterFilter@23d39312, org.springframework.security.web.authentication.logout.LogoutFilter@7f87fbd9, dev.codesupport.web.common.security.HttpRequestFilter@1beb153c, org.springframework.security.web.savedrequest.RequestCacheAwareFilter@6f884b8b, org.springframework.security.web.servletapi.SecurityContextHolderAwareRequestFilter@50fc1e6b, org.springframework.security.web.authentication.AnonymousAuthenticationFilter@496aca04, org.springframework.security.web.session.SessionManagementFilter@4b8c9b06, org.springframework.security.web.access.ExceptionTranslationFilter@419fb65b]
2020-07-30 22:03:33.369  INFO 189 --- [           main] o.s.s.concurrent.ThreadPoolTaskExecutor  : Initializing ExecutorService 'applicationTaskExecutor'
2020-07-30 22:03:33.696  INFO 189 --- [           main] d.s.w.p.DocumentationPluginsBootstrapper : Context refreshed
2020-07-30 22:03:33.700  INFO 189 --- [           main] d.s.w.p.DocumentationPluginsBootstrapper : Found 1 custom documentation plugin(s)
2020-07-30 22:03:33.712  INFO 189 --- [           main] s.d.s.w.s.ApiListingReferenceScanner     : Scanning for api listing references
2020-07-30 22:03:33.966  INFO 189 --- [           main] d.c.w.c.c.DiscordAppPropertiesTest       : Started DiscordAppPropertiesTest in 4.46 seconds (JVM running for 50.75)
Tests run: 5, Failures: 0, Errors: 0, Skipped: 0, Time elapsed: 4.497 sec - in dev.codesupport.web.common.configuration.DiscordAppPropertiesTest
Running dev.codesupport.web.common.data.domain.IdentifiableDomainTest
Tests run: 1, Failures: 0, Errors: 0, Skipped: 0, Time elapsed: 0 sec - in dev.codesupport.web.common.data.domain.IdentifiableDomainTest
Running dev.codesupport.web.common.data.entity.IdentifiableEntityTest
Tests run: 1, Failures: 0, Errors: 0, Skipped: 0, Time elapsed: 0.01 sec - in dev.codesupport.web.common.data.entity.IdentifiableEntityTest
2020-07-30 22:03:34.024  INFO 189 --- [       Thread-8] o.s.s.concurrent.ThreadPoolTaskExecutor  : Shutting down ExecutorService 'applicationTaskExecutor'
2020-07-30 22:03:34.036  INFO 189 --- [       Thread-8] j.LocalContainerEntityManagerFactoryBean : Closing JPA EntityManagerFactory for persistence unit 'default'
2020-07-30 22:03:34.037  INFO 189 --- [       Thread-4] o.s.s.concurrent.ThreadPoolTaskExecutor  : Shutting down ExecutorService 'applicationTaskExecutor'
2020-07-30 22:03:34.051  INFO 189 --- [       Thread-8] .SchemaDropperImpl$DelayedDropActionImpl : HHH000477: Starting delayed evictData of schema as part of SessionFactory shut-down'
2020-07-30 22:03:34.038  INFO 189 --- [       Thread-6] o.s.s.concurrent.ThreadPoolTaskExecutor  : Shutting down ExecutorService 'applicationTaskExecutor'
2020-07-30 22:03:34.054  INFO 189 --- [       Thread-6] j.LocalContainerEntityManagerFactoryBean : Closing JPA EntityManagerFactory for persistence unit 'default'
2020-07-30 22:03:34.054  INFO 189 --- [       Thread-6] .SchemaDropperImpl$DelayedDropActionImpl : HHH000477: Starting delayed evictData of schema as part of SessionFactory shut-down'
2020-07-30 22:03:34.053  INFO 189 --- [       Thread-4] j.LocalContainerEntityManagerFactoryBean : Closing JPA EntityManagerFactory for persistence unit 'default'
2020-07-30 22:03:34.055  INFO 189 --- [       Thread-4] .SchemaDropperImpl$DelayedDropActionImpl : HHH000477: Starting delayed evictData of schema as part of SessionFactory shut-down'
2020-07-30 22:03:34.374  INFO 189 --- [       Thread-4] com.zaxxer.hikari.HikariDataSource       : HikariPool-1 - Shutdown initiated...
2020-07-30 22:03:34.382  INFO 189 --- [       Thread-6] com.zaxxer.hikari.HikariDataSource       : HikariPool-2 - Shutdown initiated...
2020-07-30 22:03:34.375  INFO 189 --- [       Thread-8] com.zaxxer.hikari.HikariDataSource       : HikariPool-3 - Shutdown initiated...
2020-07-30 22:03:34.429  INFO 189 --- [       Thread-4] com.zaxxer.hikari.HikariDataSource       : HikariPool-1 - Shutdown completed.
2020-07-30 22:03:34.432  INFO 189 --- [       Thread-8] com.zaxxer.hikari.HikariDataSource       : HikariPool-3 - Shutdown completed.
2020-07-30 22:03:34.433  INFO 189 --- [       Thread-6] com.zaxxer.hikari.HikariDataSource       : HikariPool-2 - Shutdown completed.

Results :

Tests run: 375, Failures: 0, Errors: 0, Skipped: 0

[INFO] 
[INFO] --- jacoco-maven-plugin:0.8.5:report (report) @ api-service ---
[INFO] Loading execution data file /tmp/tmpnl01b4fn/website-backend/target/jacoco.exec
[INFO] Analyzed bundle 'CodeSupport Website API' with 352 classes
[INFO] ------------------------------------------------------------------------
[INFO] BUILD SUCCESS
[INFO] ------------------------------------------------------------------------
[INFO] Total time:  01:28 min
[INFO] Finished at: 2020-07-30T22:03:39Z
[INFO] ------------------------------------------------------------------------
