[INFO] Error stacktraces are turned on.
[INFO] Scanning for projects...
[INFO] 
[INFO] ----------------< io.github.hengyunabc:metrics-zabbix >-----------------
[INFO] Building metrics-zabbix 0.0.5
[INFO] --------------------------------[ jar ]---------------------------------
[INFO] 
[INFO] --- maven-enforcer-plugin:1.2:enforce (enforce-maven) @ metrics-zabbix ---
[INFO] 
[INFO] --- jacoco-maven-plugin:0.8.5:prepare-agent (default) @ metrics-zabbix ---
[INFO] argLine set to -javaagent:/home/jdbl/.m2/repository/org/jacoco/org.jacoco.agent/0.8.5/org.jacoco.agent-0.8.5-runtime.jar=destfile=/tmp/tmp0p3cfbq3/metrics-zabbix/target/jacoco.exec
[INFO] 
[INFO] --- maven-resources-plugin:2.6:resources (default-resources) @ metrics-zabbix ---
[INFO] Using 'UTF-8' encoding to copy filtered resources.
[INFO] skip non existing resourceDirectory /tmp/tmp0p3cfbq3/metrics-zabbix/src/main/resources
[INFO] 
[INFO] --- maven-compiler-plugin:3.1:compile (default-compile) @ metrics-zabbix ---
[INFO] Changes detected - recompiling the module!
[INFO] Compiling 2 source files to /tmp/tmp0p3cfbq3/metrics-zabbix/target/classes
[INFO] 
[INFO] --- maven-resources-plugin:2.6:testResources (default-testResources) @ metrics-zabbix ---
[INFO] Using 'UTF-8' encoding to copy filtered resources.
[INFO] skip non existing resourceDirectory /tmp/tmp0p3cfbq3/metrics-zabbix/src/test/resources
[INFO] 
[INFO] --- maven-compiler-plugin:3.1:testCompile (default-testCompile) @ metrics-zabbix ---
[INFO] Changes detected - recompiling the module!
[INFO] Compiling 2 source files to /tmp/tmp0p3cfbq3/metrics-zabbix/target/test-classes
[WARNING] /tmp/tmp0p3cfbq3/metrics-zabbix/src/test/java/io/github/hengyunabc/metrics/test/ZabbixReporterTest.java: /tmp/tmp0p3cfbq3/metrics-zabbix/src/test/java/io/github/hengyunabc/metrics/test/ZabbixReporterTest.java uses unchecked or unsafe operations.
[WARNING] /tmp/tmp0p3cfbq3/metrics-zabbix/src/test/java/io/github/hengyunabc/metrics/test/ZabbixReporterTest.java: Recompile with -Xlint:unchecked for details.
[INFO] 
[INFO] --- maven-surefire-plugin:2.19.1:test (default-test) @ metrics-zabbix ---
[INFO] Surefire report directory: /tmp/tmp0p3cfbq3/metrics-zabbix/target/surefire-reports

-------------------------------------------------------
 T E S T S
-------------------------------------------------------
Running io.github.hengyunabc.metrics.test.ZabbixReporterTest
08:26:17.483 [main] WARN  i.g.h.metrics.ZabbixReporter - report metrics to zabbix not success!{"failed":0,"processed":1,"spentSeconds":0,"total":0}
Tests run: 1, Failures: 0, Errors: 0, Skipped: 0, Time elapsed: 1.059 sec - in io.github.hengyunabc.metrics.test.ZabbixReporterTest

Results :

Tests run: 1, Failures: 0, Errors: 0, Skipped: 0

[INFO] 
[INFO] --- jacoco-maven-plugin:0.8.5:report (report) @ metrics-zabbix ---
[INFO] Loading execution data file /tmp/tmp0p3cfbq3/metrics-zabbix/target/jacoco.exec
[INFO] Analyzed bundle 'metrics-zabbix' with 993 classes
[INFO] ------------------------------------------------------------------------
[INFO] BUILD SUCCESS
[INFO] ------------------------------------------------------------------------
[INFO] Total time:  10.705 s
[INFO] Finished at: 2020-07-31T08:26:19Z
[INFO] ------------------------------------------------------------------------
