[INFO] Error stacktraces are turned on.
[INFO] Scanning for projects...
[INFO] 
[INFO] -------------------< net.sf.jopt-simple:jopt-simple >-------------------
[INFO] Building JOpt Simple 4.0-beta1
[INFO] --------------------------------[ jar ]---------------------------------
[INFO] 
[INFO] --- maven-enforcer-plugin:1.0:enforce (enforce-maven) @ jopt-simple ---
[INFO] 
[INFO] --- maven-resources-plugin:2.6:resources (default-resources) @ jopt-simple ---
[INFO] Using 'UTF-8' encoding to copy filtered resources.
[INFO] skip non existing resourceDirectory /tmp/tmp2n7rch04/jopt-simple/src/main/resources
[INFO] 
[INFO] --- maven-compiler-plugin:2.0.2:compile (default-compile) @ jopt-simple ---
[INFO] Compiling 42 source files to /tmp/tmp2n7rch04/jopt-simple/target/classes
[INFO] 
[INFO] >>> maven-pmd-plugin:2.5:cpd-check (default) > :cpd @ jopt-simple >>>
[INFO] 
[INFO] --- maven-pmd-plugin:2.5:cpd (cpd) @ jopt-simple ---
[WARNING] Unable to locate Source XRef to link to - DISABLED
[INFO] 
[INFO] <<< maven-pmd-plugin:2.5:cpd-check (default) < :cpd @ jopt-simple <<<
[INFO] 
[INFO] 
[INFO] --- maven-pmd-plugin:2.5:cpd-check (default) @ jopt-simple ---
[INFO] 
[INFO] 
[INFO] --- maven-resources-plugin:2.6:testResources (default-testResources) @ jopt-simple ---
[INFO] Using 'UTF-8' encoding to copy filtered resources.
[INFO] skip non existing resourceDirectory /tmp/tmp2n7rch04/jopt-simple/src/test/resources
[INFO] 
[INFO] --- maven-compiler-plugin:2.0.2:testCompile (default-testCompile) @ jopt-simple ---
[INFO] Compiling 112 source files to /tmp/tmp2n7rch04/jopt-simple/target/test-classes
[INFO] 
[INFO] --- maven-surefire-plugin:2.12.4:test (default-test) @ jopt-simple ---
[INFO] Surefire report directory: /tmp/tmp2n7rch04/jopt-simple/target/surefire-reports

-------------------------------------------------------
 T E S T S
-------------------------------------------------------
Running joptsimple.ClusterVersusLongOptionTest
Tests run: 5, Failures: 0, Errors: 0, Skipped: 0, Time elapsed: 0.039 sec
Running joptsimple.OptionalArgumentOptionSpecTest
Tests run: 11, Failures: 0, Errors: 0, Skipped: 0, Time elapsed: 0.015 sec
Running joptsimple.ParsingSeparatedTypedOptionValuesTest
Tests run: 4, Failures: 0, Errors: 0, Skipped: 0, Time elapsed: 0.03 sec
Running joptsimple.LongOptionNoArgumentTest
Tests run: 4, Failures: 0, Errors: 0, Skipped: 0, Time elapsed: 0.016 sec
Running joptsimple.ShortOptionsOptionalArgumentTest
Tests run: 6, Failures: 0, Errors: 0, Skipped: 0, Time elapsed: 0.007 sec
Running joptsimple.OptionSetEqualsHashCodeTest
Tests run: 9, Failures: 0, Errors: 0, Skipped: 0, Time elapsed: 0.043 sec
Running joptsimple.ArgumentListHasNoMoreArgsTest
Tests run: 3, Failures: 0, Errors: 0, Skipped: 0, Time elapsed: 0 sec
Running joptsimple.OptionSpecTokenizerTest
Tests run: 9, Failures: 0, Errors: 0, Skipped: 0, Time elapsed: 0.007 sec
Running joptsimple.PosixlyCorrectOptionParserTest
Tests run: 2, Failures: 0, Errors: 0, Skipped: 0, Time elapsed: 0.008 sec
Running joptsimple.ArgumentAcceptingOptionSpecTest
Tests run: 14, Failures: 0, Errors: 0, Skipped: 0, Time elapsed: 0.012 sec
Running joptsimple.PopulatedOptionSetTest
Tests run: 4, Failures: 0, Errors: 0, Skipped: 0, Time elapsed: 0.006 sec
Running joptsimple.OptionParserNewDeclarationTest
Tests run: 16, Failures: 0, Errors: 0, Skipped: 0, Time elapsed: 0.044 sec
Running joptsimple.OptionParserOptionExceptionTest
Tests run: 4, Failures: 0, Errors: 0, Skipped: 0, Time elapsed: 0 sec
Running joptsimple.OptionalArgumentOptionSpecOptionsImmutabilityTest
Tests run: 7, Failures: 0, Errors: 0, Skipped: 0, Time elapsed: 0.017 sec
Running joptsimple.OptionSynonymCommonPrefixesTest
Tests run: 7, Failures: 0, Errors: 0, Skipped: 0, Time elapsed: 0.002 sec
Running joptsimple.NoArgumentOptionSpecTest
Tests run: 11, Failures: 0, Errors: 0, Skipped: 0, Time elapsed: 0.001 sec
Running joptsimple.ShortOptionsRequiredArgumentTest
Tests run: 7, Failures: 0, Errors: 0, Skipped: 0, Time elapsed: 0.005 sec
Running joptsimple.OptionSetValuesOfOptionStringImmutabilityTest
Tests run: 12, Failures: 0, Errors: 0, Skipped: 0, Time elapsed: 0.003 sec
Running joptsimple.ParserRulesUtilityClassTest
Tests run: 1, Failures: 0, Errors: 0, Skipped: 0, Time elapsed: 0.001 sec
Running joptsimple.ArgumentAcceptingOptionSpecDefaultValuesImmutabilityTest
Tests run: 12, Failures: 0, Errors: 0, Skipped: 0, Time elapsed: 0.003 sec
Running joptsimple.OptionSynonymOptionalArgumentTest
Tests run: 4, Failures: 0, Errors: 0, Skipped: 0, Time elapsed: 0.003 sec
Running joptsimple.OptionalArgumentOptionSpecValuesImmutabilityTest
Tests run: 12, Failures: 0, Errors: 0, Skipped: 0, Time elapsed: 0.005 sec
Running joptsimple.ShortOptionsNoArgumentTest
Tests run: 6, Failures: 0, Errors: 0, Skipped: 0, Time elapsed: 0.005 sec
Running joptsimple.OptionSpecBuilderOptionsImmutabilityTest
Tests run: 7, Failures: 0, Errors: 0, Skipped: 0, Time elapsed: 0.001 sec
Running joptsimple.OptionSetNonOptionArgumentsImmutabilityTest
Tests run: 12, Failures: 0, Errors: 0, Skipped: 0, Time elapsed: 0.001 sec
Running joptsimple.AlternativeLongOptionSpecValuesImmutabilityTest
Tests run: 12, Failures: 0, Errors: 0, Skipped: 0, Time elapsed: 0.003 sec
Running joptsimple.AlternativeLongOptionSpecOptionsImmutabilityTest
Tests run: 7, Failures: 0, Errors: 0, Skipped: 0, Time elapsed: 0.002 sec
Running joptsimple.PunctuationInShortOptionTest
Tests run: 3, Failures: 0, Errors: 0, Skipped: 0, Time elapsed: 0.001 sec
Running joptsimple.JVMSystemPropertiesArgumentParsingTest
Tests run: 1, Failures: 0, Errors: 0, Skipped: 0, Time elapsed: 0.019 sec
Running joptsimple.RequiredArgumentOptionSpecOptionsImmutabilityTest
Tests run: 7, Failures: 0, Errors: 0, Skipped: 0, Time elapsed: 0 sec
Running joptsimple.ToStringTest
Tests run: 3, Failures: 0, Errors: 0, Skipped: 0, Time elapsed: 0.001 sec
Running joptsimple.PlainOldOptionParserTest
Tests run: 1, Failures: 0, Errors: 0, Skipped: 0, Time elapsed: 0 sec
Running joptsimple.OptionParserArgumentExceptionTest
Tests run: 9, Failures: 0, Errors: 0, Skipped: 0, Time elapsed: 0.004 sec
Running joptsimple.OptionParserHelpTest
Tests run: 31, Failures: 0, Errors: 0, Skipped: 0, Time elapsed: 0.074 sec
Running joptsimple.RequiredArgumentOptionSpecEqualsHashCodeTest
Tests run: 10, Failures: 0, Errors: 0, Skipped: 0, Time elapsed: 0 sec
Running joptsimple.util.KeyValuePairUnequalKeysTest
Tests run: 8, Failures: 0, Errors: 0, Skipped: 0, Time elapsed: 0 sec
Running joptsimple.util.KeyValuePairTest
Tests run: 7, Failures: 0, Errors: 0, Skipped: 0, Time elapsed: 0 sec
Running joptsimple.util.RegexMatcherTest
Tests run: 6, Failures: 0, Errors: 0, Skipped: 0, Time elapsed: 0.011 sec
Running joptsimple.util.DateConverterTest
Tests run: 11, Failures: 0, Errors: 0, Skipped: 0, Time elapsed: 0.133 sec
Running joptsimple.util.KeyValuePairUnequalValuesTest
Tests run: 8, Failures: 0, Errors: 0, Skipped: 0, Time elapsed: 0.001 sec
Running joptsimple.RequiredArgumentOptionSpecValuesImmutabilityTest
Tests run: 12, Failures: 0, Errors: 0, Skipped: 0, Time elapsed: 0.005 sec
Running joptsimple.OptionSynonymNoArgumentTest
Tests run: 3, Failures: 0, Errors: 0, Skipped: 0, Time elapsed: 0 sec
Running joptsimple.LongOptionOptionalArgumentTest
Tests run: 3, Failures: 0, Errors: 0, Skipped: 0, Time elapsed: 0 sec
Running joptsimple.PunctuationInLongOptionTest
Tests run: 5, Failures: 0, Errors: 0, Skipped: 0, Time elapsed: 0 sec
Running joptsimple.OptionExceptionOptionsImmutabilityTest
Tests run: 7, Failures: 0, Errors: 0, Skipped: 0, Time elapsed: 0.001 sec
Running joptsimple.WAsShortOptionTest
Tests run: 2, Failures: 0, Errors: 0, Skipped: 0, Time elapsed: 0 sec
Running joptsimple.CreateWithOptionSpecificationStringTest
Tests run: 1, Failures: 0, Errors: 0, Skipped: 0, Time elapsed: 0 sec
Running joptsimple.InterleavedArgumentsTest
Tests run: 9, Failures: 0, Errors: 0, Skipped: 0, Time elapsed: 0.03 sec
Running joptsimple.WExtensionNoArgumentTest
Tests run: 2, Failures: 0, Errors: 0, Skipped: 0, Time elapsed: 0 sec
Running joptsimple.ParsingSeparatedStringOptionValuesTest
Tests run: 6, Failures: 0, Errors: 0, Skipped: 0, Time elapsed: 0.001 sec
Running joptsimple.OptionSetValuesOfSpecImmutabilityTest
Tests run: 12, Failures: 0, Errors: 0, Skipped: 0, Time elapsed: 0 sec
Running joptsimple.NoArgumentOptionSpecOptionsImmutabilityTest
Tests run: 7, Failures: 0, Errors: 0, Skipped: 0, Time elapsed: 0.001 sec
Running joptsimple.OptionExceptionMessageTest
Tests run: 7, Failures: 0, Errors: 0, Skipped: 0, Time elapsed: 0.163 sec
Running joptsimple.LongOptionRequiredArgumentTest
Tests run: 6, Failures: 0, Errors: 0, Skipped: 0, Time elapsed: 0.001 sec
Running joptsimple.examples.MultipleDelimitedArgumentsTest
Tests run: 1, Failures: 0, Errors: 0, Skipped: 0, Time elapsed: 0 sec
Running joptsimple.examples.LongOptionsTest
Tests run: 1, Failures: 0, Errors: 0, Skipped: 0, Time elapsed: 0 sec
Running joptsimple.examples.ShortOptionsWithArgumentsTest
Tests run: 1, Failures: 0, Errors: 0, Skipped: 0, Time elapsed: 0.001 sec
Running joptsimple.examples.SignallingEndOfOptionsTest
Tests run: 1, Failures: 0, Errors: 0, Skipped: 0, Time elapsed: 0 sec
Running joptsimple.examples.AlternativeLongOptionsTest
Tests run: 1, Failures: 0, Errors: 0, Skipped: 0, Time elapsed: 0.012 sec
Running joptsimple.examples.OptionArgumentConverterTest
Tests run: 1, Failures: 0, Errors: 0, Skipped: 0, Time elapsed: 0.001 sec
Running joptsimple.examples.OptionSynonymTest
Tests run: 1, Failures: 0, Errors: 0, Skipped: 0, Time elapsed: 0.001 sec
Running joptsimple.examples.ShortOptionsClusteringTest
Tests run: 1, Failures: 0, Errors: 0, Skipped: 0, Time elapsed: 0.001 sec
Running joptsimple.examples.SpecialOptionalArgumentHandlingTest
Tests run: 1, Failures: 0, Errors: 0, Skipped: 0, Time elapsed: 0.006 sec
Running joptsimple.examples.PosixlyCorrectTest
Tests run: 1, Failures: 0, Errors: 0, Skipped: 0, Time elapsed: 0.033 sec
Running joptsimple.examples.LongOptionsWithArgumentPositioningTest
Tests run: 1, Failures: 0, Errors: 0, Skipped: 0, Time elapsed: 0 sec
Running joptsimple.examples.ShortOptionsWithArgumentPositioningTest
Tests run: 1, Failures: 0, Errors: 0, Skipped: 0, Time elapsed: 0.001 sec
Running joptsimple.examples.LongOptionsWithArgumentsTest
Tests run: 1, Failures: 0, Errors: 0, Skipped: 0, Time elapsed: 0.008 sec
Running joptsimple.examples.ShortOptionsTest
Tests run: 1, Failures: 0, Errors: 0, Skipped: 0, Time elapsed: 0 sec
Running joptsimple.examples.OptionArgumentValueTypeTest
Tests run: 1, Failures: 0, Errors: 0, Skipped: 0, Time elapsed: 0 sec
Running joptsimple.examples.TypesafeOptionArgumentRetrievalTest
Tests run: 1, Failures: 0, Errors: 0, Skipped: 0, Time elapsed: 0 sec
Running joptsimple.examples.DefaultValuesForOptionArgumentsTest
Tests run: 1, Failures: 0, Errors: 0, Skipped: 0, Time elapsed: 0.026 sec
Running joptsimple.examples.RequiredOptionsTest
Tests run: 1, Failures: 0, Errors: 0, Skipped: 0, Time elapsed: 0 sec
Running joptsimple.examples.ShortOptionsWithMultipleArgumentsForSingleOptionTest
Tests run: 1, Failures: 0, Errors: 0, Skipped: 0, Time elapsed: 0 sec
Running joptsimple.NoArgumentOptionSpecValuesImmutabilityTest
Tests run: 12, Failures: 0, Errors: 0, Skipped: 0, Time elapsed: 0.004 sec
Running joptsimple.SingleHyphenTest
Tests run: 3, Failures: 0, Errors: 0, Skipped: 0, Time elapsed: 0 sec
Running joptsimple.OptionSpecBuilderValuesImmutabilityTest
Tests run: 12, Failures: 0, Errors: 0, Skipped: 0, Time elapsed: 0.005 sec
Running joptsimple.OptionParserTest
Tests run: 16, Failures: 0, Errors: 0, Skipped: 0, Time elapsed: 0.041 sec
Running joptsimple.WExtensionWithArgumentTest
Tests run: 7, Failures: 0, Errors: 0, Skipped: 0, Time elapsed: 0.002 sec
Running joptsimple.ParsingSeparatedConvertedOptionValuesTest
Tests run: 4, Failures: 0, Errors: 0, Skipped: 0, Time elapsed: 0.002 sec
Running joptsimple.ArgumentListTest
Tests run: 2, Failures: 0, Errors: 0, Skipped: 0, Time elapsed: 0 sec
Running joptsimple.WAsAbbreviationForLongOptionTest
Tests run: 2, Failures: 0, Errors: 0, Skipped: 0, Time elapsed: 0.001 sec
Running joptsimple.OptionSynonymOverwritingTest
Tests run: 1, Failures: 0, Errors: 0, Skipped: 0, Time elapsed: 0 sec
Running joptsimple.OptionSpecsReportTheirOptionsSortedSpeciallyTest
Tests run: 1, Failures: 0, Errors: 0, Skipped: 0, Time elapsed: 0 sec
Running joptsimple.HandlingDefaultValuesForOptionArgumentsTest
Tests run: 8, Failures: 0, Errors: 0, Skipped: 0, Time elapsed: 0.001 sec
Running joptsimple.internal.ReflectionUtilityClassTest
Tests run: 1, Failures: 0, Errors: 0, Skipped: 0, Time elapsed: 0.001 sec
Running joptsimple.internal.StringsUtilityClassTest
Tests run: 1, Failures: 0, Errors: 0, Skipped: 0, Time elapsed: 0 sec
Running joptsimple.internal.ColumnsByHeightTest
Tests run: 3, Failures: 0, Errors: 0, Skipped: 0, Time elapsed: 0 sec
Running joptsimple.internal.AbbreviationMapToJavaUtilMapTest
Tests run: 12, Failures: 0, Errors: 0, Skipped: 0, Time elapsed: 0.005 sec
Running joptsimple.internal.ReflectionTest
Tests run: 6, Failures: 0, Errors: 0, Skipped: 0, Time elapsed: 0.002 sec
Running joptsimple.internal.ClassesUtilityClassTest
Tests run: 1, Failures: 0, Errors: 0, Skipped: 0, Time elapsed: 0 sec
Running joptsimple.internal.AbbreviationMapTest
Tests run: 22, Failures: 0, Errors: 0, Skipped: 0, Time elapsed: 0.023 sec
Running joptsimple.internal.ObjectsUtilityClassTest
Tests run: 1, Failures: 0, Errors: 0, Skipped: 0, Time elapsed: 0.001 sec
Running joptsimple.internal.ColumnWidthCalculatorTest
Tests run: 16, Failures: 0, Errors: 0, Skipped: 0, Time elapsed: 0.018 sec
Running joptsimple.OptionParserAlternateHelpFormatterTest
Tests run: 2, Failures: 0, Errors: 0, Skipped: 0, Time elapsed: 0 sec
Running joptsimple.TypesafeOptionArgumentRetrievalTest
Tests run: 14, Failures: 0, Errors: 0, Skipped: 0, Time elapsed: 0.031 sec
Running joptsimple.OptionSynonymRequiredArgumentTest
Tests run: 4, Failures: 0, Errors: 0, Skipped: 0, Time elapsed: 0.001 sec
Running joptsimple.EmptyOptionSetTest
Tests run: 8, Failures: 0, Errors: 0, Skipped: 0, Time elapsed: 0.017 sec

Results :

Tests run: 573, Failures: 0, Errors: 0, Skipped: 0

[INFO] 
[INFO] --- maven-jar-plugin:2.2:jar (default-jar) @ jopt-simple ---
[INFO] Building jar: /tmp/tmp2n7rch04/jopt-simple/target/jopt-simple-4.0-beta1.jar
[INFO] 
[INFO] --- maven-assembly-plugin:3.2.0:single (default) @ jopt-simple ---
[INFO] Building jar: /tmp/tmp2n7rch04/jopt-simple/target/jopt-simple-4.0-beta1-jar-with-dependencies.jar
[INFO] ------------------------------------------------------------------------
[INFO] BUILD SUCCESS
[INFO] ------------------------------------------------------------------------
[INFO] Total time:  18.721 s
[INFO] Finished at: 2020-07-30T15:12:44Z
[INFO] ------------------------------------------------------------------------
