[INFO] Error stacktraces are turned on.
[INFO] Scanning for projects...
[INFO] 
[INFO] ---< info.interactivesystems.gamificationengine:gamificationengine >----
[INFO] Building gamificationengine 1.0.0-SNAPSHOT
[INFO] --------------------------------[ war ]---------------------------------
[INFO] 
[INFO] --- jacoco-maven-plugin:0.8.5:prepare-agent (default) @ gamificationengine ---
[INFO] argLine set to -javaagent:/home/jdbl/.m2/repository/org/jacoco/org.jacoco.agent/0.8.5/org.jacoco.agent-0.8.5-runtime.jar=destfile=/tmp/tmprf04smby/GamificationEngine-Kinben/target/jacoco.exec
[INFO] 
[INFO] --- enunciate-maven-plugin:2.1.1:assemble (default) @ gamificationengine ---
[INFO] [ENUNCIATE] Using enunciate configuration at /tmp/tmprf04smby/GamificationEngine-Kinben/enunciate.xml
[INFO] Reflections took 1221 ms to scan 38 urls, producing 54 keys and 54 values 
[INFO] [ENUNCIATE] No JAXB XML data types: C XML client will not be generated.
[INFO] [ENUNCIATE] No JAXB XML data types: C# XML client will not be generated.
warning: [options] bootstrap class path not set in conjunction with -source 1.5
warning: [options] source value 1.5 is obsolete and will be removed in a future release
warning: [options] target value 1.5 is obsolete and will be removed in a future release
warning: [options] To suppress warnings about obsolete options, use -Xlint:-options.
4 warnings
[INFO] [ENUNCIATE] No JAXB XML data types: Java XML client will not be generated.
[INFO] [ENUNCIATE] No JAXB XML data types: Objective-C XML client will not be generated.
[INFO] [ENUNCIATE] No JAXB XML data types: PHP XML client will not be generated.
[INFO] 
[INFO] --- maven-resources-plugin:2.7:resources (default-resources) @ gamificationengine ---
[INFO] Using 'UTF-8' encoding to copy filtered resources.
[INFO] Copying 1 resource
[INFO] 
[INFO] --- maven-compiler-plugin:3.5.1:compile (default-compile) @ gamificationengine ---
[INFO] Changes detected - recompiling the module!
[INFO] Compiling 83 source files to /tmp/tmprf04smby/GamificationEngine-Kinben/target/classes
[INFO] /tmp/tmprf04smby/GamificationEngine-Kinben/src/main/java/info/interactivesystems/gamificationengine/dao/GoalDAO.java: Some input files use unchecked or unsafe operations.
[INFO] /tmp/tmprf04smby/GamificationEngine-Kinben/src/main/java/info/interactivesystems/gamificationengine/dao/GoalDAO.java: Recompile with -Xlint:unchecked for details.
[INFO] 
[INFO] --- maven-resources-plugin:2.7:testResources (default-testResources) @ gamificationengine ---
[INFO] Using 'UTF-8' encoding to copy filtered resources.
[INFO] skip non existing resourceDirectory /tmp/tmprf04smby/GamificationEngine-Kinben/src/test/resources
[INFO] 
[INFO] --- maven-compiler-plugin:3.5.1:testCompile (default-testCompile) @ gamificationengine ---
[INFO] Changes detected - recompiling the module!
[INFO] Compiling 3 source files to /tmp/tmprf04smby/GamificationEngine-Kinben/target/test-classes
[INFO] /tmp/tmprf04smby/GamificationEngine-Kinben/src/test/java/info/interactivesystems/gamificationengine/api/AccountApiTest.java: /tmp/tmprf04smby/GamificationEngine-Kinben/src/test/java/info/interactivesystems/gamificationengine/api/AccountApiTest.java uses unchecked or unsafe operations.
[INFO] /tmp/tmprf04smby/GamificationEngine-Kinben/src/test/java/info/interactivesystems/gamificationengine/api/AccountApiTest.java: Recompile with -Xlint:unchecked for details.
[INFO] 
[INFO] --- maven-surefire-plugin:2.19.1:test (default-test) @ gamificationengine ---
[INFO] Surefire report directory: /tmp/tmprf04smby/GamificationEngine-Kinben/target/surefire-reports

-------------------------------------------------------
 T E S T S
-------------------------------------------------------
Running info.interactivesystems.gamificationengine.api.OrganisationApiTest
Jul 30, 2020 3:19:02 PM org.hibernate.validator.internal.util.Version <clinit>
INFO: HV000001: Hibernate Validator 5.0.1.Final
SLF4J: Failed to load class "org.slf4j.impl.StaticLoggerBinder".
SLF4J: Defaulting to no-operation (NOP) logger implementation
SLF4J: See http://www.slf4j.org/codes.html#StaticLoggerBinder for further details.
Tests run: 2, Failures: 0, Errors: 0, Skipped: 0, Time elapsed: 1.923 sec - in info.interactivesystems.gamificationengine.api.OrganisationApiTest
Running info.interactivesystems.gamificationengine.api.ValidateUtilsTest
Tests run: 6, Failures: 0, Errors: 0, Skipped: 0, Time elapsed: 0.227 sec - in info.interactivesystems.gamificationengine.api.ValidateUtilsTest
Running info.interactivesystems.gamificationengine.api.AccountApiTest
Tests run: 3, Failures: 0, Errors: 0, Skipped: 0, Time elapsed: 0.038 sec - in info.interactivesystems.gamificationengine.api.AccountApiTest

Results :

Tests run: 11, Failures: 0, Errors: 0, Skipped: 0

[INFO] 
[INFO] --- jacoco-maven-plugin:0.8.5:report (report) @ gamificationengine ---
[INFO] Loading execution data file /tmp/tmprf04smby/GamificationEngine-Kinben/target/jacoco.exec
[INFO] Analyzed bundle 'gamificationengine' with 151 classes
[INFO] ------------------------------------------------------------------------
[INFO] BUILD SUCCESS
[INFO] ------------------------------------------------------------------------
[INFO] Total time:  01:26 min
[INFO] Finished at: 2020-07-30T15:19:05Z
[INFO] ------------------------------------------------------------------------
