[INFO] Error stacktraces are turned on.
[INFO] Scanning for projects...
[INFO] 
[INFO] --------------< com.medallia.word2vec:medallia-word2vec >---------------
[INFO] Building medallia-word2vec 0.10.2
[INFO] --------------------------------[ jar ]---------------------------------
[INFO] 
[INFO] --- jacoco-maven-plugin:0.8.5:prepare-agent (default) @ medallia-word2vec ---
[INFO] argLine set to -javaagent:/home/jdbl/.m2/repository/org/jacoco/org.jacoco.agent/0.8.5/org.jacoco.agent-0.8.5-runtime.jar=destfile=/tmp/tmp911cwp6t/Word2VecJava/target/jacoco.exec
[INFO] 
[INFO] --- maven-resources-plugin:2.6:resources (default-resources) @ medallia-word2vec ---
[INFO] Using 'UTF-8' encoding to copy filtered resources.
[INFO] skip non existing resourceDirectory /tmp/tmp911cwp6t/Word2VecJava/src/main/resources
[INFO] 
[INFO] --- maven-compiler-plugin:3.1:compile (default-compile) @ medallia-word2vec ---
[INFO] Changes detected - recompiling the module!
[INFO] Compiling 28 source files to /tmp/tmp911cwp6t/Word2VecJava/target/classes
[WARNING] /tmp/tmp911cwp6t/Word2VecJava/src/main/java/com/medallia/word2vec/thrift/Word2VecModelThrift.java: /tmp/tmp911cwp6t/Word2VecJava/src/main/java/com/medallia/word2vec/thrift/Word2VecModelThrift.java uses unchecked or unsafe operations.
[WARNING] /tmp/tmp911cwp6t/Word2VecJava/src/main/java/com/medallia/word2vec/thrift/Word2VecModelThrift.java: Recompile with -Xlint:unchecked for details.
[INFO] 
[INFO] --- maven-resources-plugin:2.6:testResources (default-testResources) @ medallia-word2vec ---
[INFO] Using 'UTF-8' encoding to copy filtered resources.
[INFO] Copying 8 resources
[INFO] 
[INFO] --- maven-compiler-plugin:3.1:testCompile (default-testCompile) @ medallia-word2vec ---
[INFO] Changes detected - recompiling the module!
[INFO] Compiling 2 source files to /tmp/tmp911cwp6t/Word2VecJava/target/test-classes
[INFO] 
[INFO] --- maven-surefire-plugin:2.19.1:test (default-test) @ medallia-word2vec ---
[INFO] Surefire report directory: /tmp/tmp911cwp6t/Word2VecJava/target/surefire-reports

-------------------------------------------------------
 T E S T S
-------------------------------------------------------
Running com.medallia.word2vec.Word2VecTest
Stage ACQUIRE_VOCAB, progress 0.0%
Stage FILTER_SORT_VOCAB, progress 0.0%
Stage CREATE_HUFFMAN_ENCODING, progress 0.0%
Stage CREATE_HUFFMAN_ENCODING, progress 0.5%
Stage TRAIN_NEURAL_NETWORK, progress 0.0%
Stage TRAIN_NEURAL_NETWORK, progress 0.7580901473562555%
Stage ACQUIRE_VOCAB, progress 0.0%
Stage FILTER_SORT_VOCAB, progress 0.0%
Stage CREATE_HUFFMAN_ENCODING, progress 0.0%
Stage CREATE_HUFFMAN_ENCODING, progress 0.5%
Stage TRAIN_NEURAL_NETWORK, progress 0.0%
Stage TRAIN_NEURAL_NETWORK, progress 0.04731563640062699%
Stage TRAIN_NEURAL_NETWORK, progress 0.11398199481206449%
Stage TRAIN_NEURAL_NETWORK, progress 0.180648353223502%
Stage TRAIN_NEURAL_NETWORK, progress 0.2473147116349395%
Stage TRAIN_NEURAL_NETWORK, progress 0.313981070046377%
Stage TRAIN_NEURAL_NETWORK, progress 0.3806474284578145%
Stage TRAIN_NEURAL_NETWORK, progress 0.447313786869252%
Stage TRAIN_NEURAL_NETWORK, progress 0.5139801452806895%
Stage TRAIN_NEURAL_NETWORK, progress 0.580646503692127%
Stage TRAIN_NEURAL_NETWORK, progress 0.6473128621035645%
Stage TRAIN_NEURAL_NETWORK, progress 0.7139792205150021%
Stage TRAIN_NEURAL_NETWORK, progress 0.7806455789264395%
Stage TRAIN_NEURAL_NETWORK, progress 0.847311937337877%
Stage TRAIN_NEURAL_NETWORK, progress 0.9139782957493146%
Stage TRAIN_NEURAL_NETWORK, progress 0.980644654160752%
Stage ACQUIRE_VOCAB, progress 0.0%
Stage FILTER_SORT_VOCAB, progress 0.0%
Stage CREATE_HUFFMAN_ENCODING, progress 0.0%
Stage CREATE_HUFFMAN_ENCODING, progress 0.5%
Stage TRAIN_NEURAL_NETWORK, progress 0.0%
Stage TRAIN_NEURAL_NETWORK, progress 0.05054275064292112%
Stage TRAIN_NEURAL_NETWORK, progress 0.11720909625034916%
Stage TRAIN_NEURAL_NETWORK, progress 0.18387544185777718%
Stage TRAIN_NEURAL_NETWORK, progress 0.2505417874652052%
Stage TRAIN_NEURAL_NETWORK, progress 0.31720813307263324%
Stage TRAIN_NEURAL_NETWORK, progress 0.38387447868006125%
Stage TRAIN_NEURAL_NETWORK, progress 0.45054082428748926%
Stage TRAIN_NEURAL_NETWORK, progress 0.5172071698949173%
Stage TRAIN_NEURAL_NETWORK, progress 0.5838735155023453%
Stage TRAIN_NEURAL_NETWORK, progress 0.6505398611097734%
Stage TRAIN_NEURAL_NETWORK, progress 0.7172062067172014%
Stage TRAIN_NEURAL_NETWORK, progress 0.7838725523246294%
Stage TRAIN_NEURAL_NETWORK, progress 0.8505388979320574%
Stage TRAIN_NEURAL_NETWORK, progress 0.9172052435394855%
Stage TRAIN_NEURAL_NETWORK, progress 0.9838715891469135%
Stage ACQUIRE_VOCAB, progress 0.0%
Stage FILTER_SORT_VOCAB, progress 0.0%
Stage CREATE_HUFFMAN_ENCODING, progress 0.0%
Stage CREATE_HUFFMAN_ENCODING, progress 0.5%
Stage TRAIN_NEURAL_NETWORK, progress 0.0%
Stage TRAIN_NEURAL_NETWORK, progress 0.7580901473562555%
Stage ACQUIRE_VOCAB, progress 0.0%
Stage FILTER_SORT_VOCAB, progress 0.0%
Stage CREATE_HUFFMAN_ENCODING, progress 0.0%
Stage CREATE_HUFFMAN_ENCODING, progress 0.5%
Stage TRAIN_NEURAL_NETWORK, progress 0.0%
Stage TRAIN_NEURAL_NETWORK, progress 0.7580901473562555%
Stage ACQUIRE_VOCAB, progress 0.0%
Stage FILTER_SORT_VOCAB, progress 0.0%
Stage CREATE_HUFFMAN_ENCODING, progress 0.0%
Stage CREATE_HUFFMAN_ENCODING, progress 0.5%
Stage TRAIN_NEURAL_NETWORK, progress 0.0%
Stage TRAIN_NEURAL_NETWORK, progress 0.7580901473562555%
Stage ACQUIRE_VOCAB, progress 0.0%
Stage FILTER_SORT_VOCAB, progress 0.0%
Stage CREATE_HUFFMAN_ENCODING, progress 0.0%
Stage CREATE_HUFFMAN_ENCODING, progress 0.5%
Stage TRAIN_NEURAL_NETWORK, progress 0.0%
Stage TRAIN_NEURAL_NETWORK, progress 0.7580901473562555%
Tests run: 10, Failures: 0, Errors: 0, Skipped: 0, Time elapsed: 11.011 sec - in com.medallia.word2vec.Word2VecTest
Running com.medallia.word2vec.Word2VecBinTest
Tests run: 2, Failures: 0, Errors: 0, Skipped: 0, Time elapsed: 1.084 sec - in com.medallia.word2vec.Word2VecBinTest

Results :

Tests run: 12, Failures: 0, Errors: 0, Skipped: 0

[INFO] 
[INFO] --- jacoco-maven-plugin:0.8.5:report (report) @ medallia-word2vec ---
[INFO] Loading execution data file /tmp/tmp911cwp6t/Word2VecJava/target/jacoco.exec
[INFO] Analyzed bundle 'medallia-word2vec' with 1082 classes
[INFO] ------------------------------------------------------------------------
[INFO] BUILD SUCCESS
[INFO] ------------------------------------------------------------------------
[INFO] Total time:  29.049 s
[INFO] Finished at: 2020-07-31T04:48:52Z
[INFO] ------------------------------------------------------------------------
