[INFO] Error stacktraces are turned on.
[INFO] Scanning for projects...
[INFO] 
[INFO] ------------------< am.xo.cdjscrobbler:cdjscrobbler >-------------------
[INFO] Building cdjscrobbler 1.9
[INFO] --------------------------------[ jar ]---------------------------------
[INFO] 
[INFO] --- jacoco-maven-plugin:0.8.5:prepare-agent (default) @ cdjscrobbler ---
[INFO] argLine set to -javaagent:/home/jdbl/.m2/repository/org/jacoco/org.jacoco.agent/0.8.5/org.jacoco.agent-0.8.5-runtime.jar=destfile=/tmp/tmpzi_20w3k/cdjscrobbler/target/jacoco.exec
[INFO] 
[INFO] --- maven-resources-plugin:2.6:resources (default-resources) @ cdjscrobbler ---
[INFO] Using 'UTF-8' encoding to copy filtered resources.
[INFO] Copying 2 resources
[INFO] 
[INFO] --- maven-compiler-plugin:3.1:compile (default-compile) @ cdjscrobbler ---
[INFO] Changes detected - recompiling the module!
[INFO] Compiling 34 source files to /tmp/tmpzi_20w3k/cdjscrobbler/target/classes
[INFO] 
[INFO] --- maven-resources-plugin:2.6:testResources (default-testResources) @ cdjscrobbler ---
[INFO] Using 'UTF-8' encoding to copy filtered resources.
[INFO] skip non existing resourceDirectory /tmp/tmpzi_20w3k/cdjscrobbler/src/test/resources
[INFO] 
[INFO] --- maven-compiler-plugin:3.1:testCompile (default-testCompile) @ cdjscrobbler ---
[INFO] Changes detected - recompiling the module!
[INFO] Compiling 10 source files to /tmp/tmpzi_20w3k/cdjscrobbler/target/test-classes
[INFO] 
[INFO] --- maven-surefire-plugin:2.19.1:test (default-test) @ cdjscrobbler ---
[INFO] Surefire report directory: /tmp/tmpzi_20w3k/cdjscrobbler/target/surefire-reports

-------------------------------------------------------
 T E S T S
-------------------------------------------------------
Running am.xo.cdjscrobbler.ComboConfigTest
Tests run: 8, Failures: 0, Errors: 0, Skipped: 0, Time elapsed: 0.118 sec - in am.xo.cdjscrobbler.ComboConfigTest
Running am.xo.cdjscrobbler.SongEvents.ScrobbleEventTest
Tests run: 1, Failures: 0, Errors: 0, Skipped: 0, Time elapsed: 1.588 sec - in am.xo.cdjscrobbler.SongEvents.ScrobbleEventTest
Running am.xo.cdjscrobbler.SongEvents.NewSongLoadedEventTest
Tests run: 1, Failures: 0, Errors: 0, Skipped: 0, Time elapsed: 0.004 sec - in am.xo.cdjscrobbler.SongEvents.NewSongLoadedEventTest
Running am.xo.cdjscrobbler.SongEvents.TransitionEventTest
Tests run: 1, Failures: 0, Errors: 0, Skipped: 0, Time elapsed: 0.032 sec - in am.xo.cdjscrobbler.SongEvents.TransitionEventTest
Running am.xo.cdjscrobbler.SongEvents.ResetEventTest
Tests run: 1, Failures: 0, Errors: 0, Skipped: 0, Time elapsed: 0.002 sec - in am.xo.cdjscrobbler.SongEvents.ResetEventTest
Running am.xo.cdjscrobbler.SongEvents.NowPlayingEventTest
Tests run: 1, Failures: 0, Errors: 0, Skipped: 0, Time elapsed: 0.003 sec - in am.xo.cdjscrobbler.SongEvents.NowPlayingEventTest
Running am.xo.cdjscrobbler.SongStateTest
Tests run: 42, Failures: 0, Errors: 0, Skipped: 0, Time elapsed: 0.075 sec - in am.xo.cdjscrobbler.SongStateTest
Running am.xo.cdjscrobbler.SongDetailsTest
Tests run: 5, Failures: 0, Errors: 0, Skipped: 0, Time elapsed: 0.057 sec - in am.xo.cdjscrobbler.SongDetailsTest
Running am.xo.cdjscrobbler.CDJScrobblerTest
Tests run: 1, Failures: 0, Errors: 0, Skipped: 0, Time elapsed: 0 sec - in am.xo.cdjscrobbler.CDJScrobblerTest

Results :

Tests run: 61, Failures: 0, Errors: 0, Skipped: 0

[INFO] 
[INFO] --- jacoco-maven-plugin:0.8.5:report (report) @ cdjscrobbler ---
[INFO] Loading execution data file /tmp/tmpzi_20w3k/cdjscrobbler/target/jacoco.exec
[INFO] Analyzed bundle 'cdjscrobbler' with 57 classes
[INFO] ------------------------------------------------------------------------
[INFO] BUILD SUCCESS
[INFO] ------------------------------------------------------------------------
[INFO] Total time:  24.450 s
[INFO] Finished at: 2020-07-30T22:44:13Z
[INFO] ------------------------------------------------------------------------
