[INFO] Error stacktraces are turned on.
[INFO] Scanning for projects...
[INFO] 
[INFO] -----------< com.epam.sonarqube:sonarqube-spellcheck-plugin >-----------
[INFO] Building SpellCheck 0.2-SNAPSHOT
[INFO] ----------------------------[ sonar-plugin ]----------------------------
[INFO] 
[INFO] --- sonar-packaging-maven-plugin:1.12.1:check-dependencies (default-check-dependencies) @ sonarqube-spellcheck-plugin ---
[INFO] 
[INFO] --- jacoco-maven-plugin:0.8.5:prepare-agent (default) @ sonarqube-spellcheck-plugin ---
[INFO] argLine set to -javaagent:/home/jdbl/.m2/repository/org/jacoco/org.jacoco.agent/0.8.5/org.jacoco.agent-0.8.5-runtime.jar=destfile=/tmp/tmpoj6_qpo_/sonarqube-spellcheck/target/jacoco.exec
[INFO] 
[INFO] --- maven-resources-plugin:3.1.0:resources (default-resources) @ sonarqube-spellcheck-plugin ---
[INFO] Using 'UTF-8' encoding to copy filtered resources.
[INFO] Copying 5 resources
[INFO] 
[INFO] --- maven-compiler-plugin:3.3:compile (default-compile) @ sonarqube-spellcheck-plugin ---
[INFO] Changes detected - recompiling the module!
[INFO] Compiling 20 source files to /tmp/tmpoj6_qpo_/sonarqube-spellcheck/target/classes
[INFO] 
[INFO] --- native2ascii-maven-plugin:1.0-beta-1:native2ascii (default) @ sonarqube-spellcheck-plugin ---
[INFO] Includes: [**/*.properties]
[INFO] Excludes: []
[INFO] Processing /tmp/tmpoj6_qpo_/sonarqube-spellcheck/target/classes/META-INF/maven/org.easytesting/fest-util/pom.properties
[INFO] Processing /tmp/tmpoj6_qpo_/sonarqube-spellcheck/target/classes/META-INF/maven/org.easytesting/fest-assert-core/pom.properties
[INFO] Processing /tmp/tmpoj6_qpo_/sonarqube-spellcheck/target/classes/org/sonar/l10n/sonarqubespellcheckplugin.properties
[INFO] 
[INFO] --- maven-resources-plugin:3.1.0:testResources (default-testResources) @ sonarqube-spellcheck-plugin ---
[INFO] Using 'UTF-8' encoding to copy filtered resources.
[INFO] Copying 1 resource
[INFO] 
[INFO] --- maven-compiler-plugin:3.3:testCompile (default-testCompile) @ sonarqube-spellcheck-plugin ---
[INFO] Changes detected - recompiling the module!
[INFO] Compiling 14 source files to /tmp/tmpoj6_qpo_/sonarqube-spellcheck/target/test-classes
[INFO] /tmp/tmpoj6_qpo_/sonarqube-spellcheck/src/test/java/com/epam/sonarqube/spellcheck/plugin/rule/SpellCheckRulesDefinitionTest.java: Some input files use unchecked or unsafe operations.
[INFO] /tmp/tmpoj6_qpo_/sonarqube-spellcheck/src/test/java/com/epam/sonarqube/spellcheck/plugin/rule/SpellCheckRulesDefinitionTest.java: Recompile with -Xlint:unchecked for details.
[INFO] 
[INFO] --- maven-surefire-plugin:2.19.1:test (default-test) @ sonarqube-spellcheck-plugin ---
[INFO] Surefire report directory: /tmp/tmpoj6_qpo_/sonarqube-spellcheck/target/surefire-reports

-------------------------------------------------------
 T E S T S
-------------------------------------------------------
Running com.epam.sonarqube.spellcheck.plugin.metric.SpellCheckMetricsTest
Tests run: 1, Failures: 0, Errors: 0, Skipped: 0, Time elapsed: 0.134 sec - in com.epam.sonarqube.spellcheck.plugin.metric.SpellCheckMetricsTest
Running com.epam.sonarqube.spellcheck.plugin.sensor.SpellCheckIssuesSensorTest
11:10:10.555 [main] DEBUG c.e.s.s.p.s.SpellCheckIssuesSensor - Created the bean of grammar sensor.
11:10:10.636 [main] DEBUG c.e.s.s.p.s.SpellCheckIssuesSensor - Module name=null key=sonarqube-spellcheck description="null"
11:10:10.638 [main] DEBUG c.e.s.s.p.s.SpellCheckIssuesSensor - SensorContext context
11:10:10.638 [main] DEBUG c.e.s.s.p.s.SpellCheckIssuesSensor - Initialize the GrammarChecker.
11:10:10.638 [main] DEBUG c.e.s.s.p.s.SpellCheckIssuesSensor - Checking java-files.
11:10:10.639 [main] DEBUG c.e.s.s.p.s.SpellCheckIssuesSensor - Processing input-file Mock for InputFile, hashCode: 70543368
11:10:10.644 [main] ERROR c.e.s.s.p.s.SpellCheckIssuesSensor - Can't read data from file mockedInputFile
java.io.IOException: null
11:10:10.652 [main] DEBUG c.e.s.s.p.s.SpellCheckIssuesSensor - Created the bean of grammar sensor.
11:10:10.716 [main] DEBUG c.e.s.s.p.s.SpellCheckIssuesSensor - Grammar rule is not activated, skipping.
11:10:10.717 [main] DEBUG c.e.s.s.p.s.SpellCheckIssuesSensor - Created the bean of grammar sensor.
11:10:10.718 [main] DEBUG c.e.s.s.p.s.SpellCheckIssuesSensor - Module name=null key=sonarqube-spellcheck description="null"
11:10:10.718 [main] DEBUG c.e.s.s.p.s.SpellCheckIssuesSensor - SensorContext context
11:10:10.718 [main] DEBUG c.e.s.s.p.s.SpellCheckIssuesSensor - Initialize the GrammarChecker.
11:10:10.719 [main] DEBUG c.e.s.s.p.s.SpellCheckIssuesSensor - Checking java-files.
11:10:10.727 [main] DEBUG c.e.s.s.p.s.SpellCheckIssuesSensor - Created the bean of grammar sensor.
11:10:10.728 [main] DEBUG c.e.s.s.p.s.SpellCheckIssuesSensor - Module name=null key=sonarqube-spellcheck description="null"
11:10:10.728 [main] DEBUG c.e.s.s.p.s.SpellCheckIssuesSensor - SensorContext context
11:10:10.728 [main] DEBUG c.e.s.s.p.s.SpellCheckIssuesSensor - Initialize the GrammarChecker.
11:10:10.729 [main] DEBUG c.e.s.s.p.s.SpellCheckIssuesSensor - Checking java-files.
11:10:10.730 [main] DEBUG c.e.s.s.p.s.SpellCheckIssuesSensor - Created the bean of grammar sensor.
11:10:10.807 [main] DEBUG c.e.s.s.p.s.SpellCheckIssuesWrapper - Empty builder creating.
11:10:10.809 [main] DEBUG c.e.s.s.p.s.SpellCheckIssuesWrapper - Empty builder creating.
11:10:10.809 [main] DEBUG c.e.s.s.p.s.SpellCheckIssuesWrapper - Empty builder creating.
11:10:10.809 [main] DEBUG c.e.s.s.p.s.SpellCheckIssuesWrapper - Empty builder creating.
11:10:10.809 [main] DEBUG c.e.s.s.p.s.SpellCheckIssuesWrapper - Empty builder creating.
11:10:10.809 [main] DEBUG c.e.s.s.p.s.SpellCheckIssuesWrapper - Empty builder creating.
11:10:10.809 [main] DEBUG c.e.s.s.p.s.SpellCheckIssuesWrapper - Empty builder creating.
11:10:10.809 [main] DEBUG c.e.s.s.p.s.SpellCheckIssuesWrapper - Empty builder creating.
11:10:10.810 [main] DEBUG c.e.s.s.p.s.SpellCheckIssuesWrapper - Empty builder creating.
11:10:10.810 [main] DEBUG c.e.s.s.p.s.SpellCheckIssuesWrapper - Empty builder creating.
11:10:10.810 [main] DEBUG c.e.s.s.p.s.SpellCheckIssuesWrapper - Empty builder creating.
11:10:10.810 [main] DEBUG c.e.s.s.p.s.SpellCheckIssuesWrapper - Empty builder creating.
11:10:10.810 [main] DEBUG c.e.s.s.p.s.SpellCheckIssuesWrapper - Empty builder creating.
11:10:10.810 [main] DEBUG c.e.s.s.p.s.SpellCheckIssuesWrapper - Empty builder creating.
11:10:10.810 [main] DEBUG c.e.s.s.p.s.SpellCheckIssuesWrapper - Empty builder creating.
11:10:10.810 [main] DEBUG c.e.s.s.p.s.SpellCheckIssuesWrapper - Empty builder creating.
11:10:10.811 [main] DEBUG c.e.s.s.p.s.SpellCheckIssuesWrapper - Empty builder creating.
11:10:10.811 [main] DEBUG c.e.s.s.p.s.SpellCheckIssuesWrapper - Empty builder creating.
11:10:10.811 [main] DEBUG c.e.s.s.p.s.SpellCheckIssuesWrapper - Empty builder creating.
11:10:10.811 [main] DEBUG c.e.s.s.p.s.SpellCheckIssuesWrapper - Empty builder creating.
11:10:10.811 [main] DEBUG c.e.s.s.p.s.SpellCheckIssuesWrapper - Empty builder creating.
11:10:10.811 [main] DEBUG c.e.s.s.p.s.SpellCheckIssuesWrapper - Empty builder creating.
11:10:10.811 [main] DEBUG c.e.s.s.p.s.SpellCheckIssuesWrapper - Empty builder creating.
11:10:10.811 [main] DEBUG c.e.s.s.p.s.SpellCheckIssuesWrapper - Empty builder creating.
11:10:10.812 [main] DEBUG c.e.s.s.p.s.SpellCheckIssuesWrapper - Empty builder creating.
11:10:10.812 [main] DEBUG c.e.s.s.p.s.SpellCheckIssuesWrapper - Empty builder creating.
11:10:10.812 [main] DEBUG c.e.s.s.p.s.SpellCheckIssuesWrapper - Empty builder creating.
11:10:10.812 [main] DEBUG c.e.s.s.p.s.SpellCheckIssuesWrapper - Empty builder creating.
11:10:10.812 [main] DEBUG c.e.s.s.p.s.SpellCheckIssuesWrapper - Empty builder creating.
11:10:10.812 [main] DEBUG c.e.s.s.p.s.SpellCheckIssuesWrapper - Empty builder creating.
11:10:10.812 [main] DEBUG c.e.s.s.p.s.SpellCheckIssuesWrapper - Empty builder creating.
11:10:10.812 [main] DEBUG c.e.s.s.p.s.SpellCheckIssuesWrapper - Empty builder creating.
11:10:10.813 [main] DEBUG c.e.s.s.p.s.SpellCheckIssuesWrapper - Empty builder creating.
11:10:10.813 [main] DEBUG c.e.s.s.p.s.SpellCheckIssuesWrapper - Empty builder creating.
11:10:10.813 [main] DEBUG c.e.s.s.p.s.SpellCheckIssuesWrapper - Empty builder creating.
11:10:10.813 [main] DEBUG c.e.s.s.p.s.SpellCheckIssuesWrapper - Empty builder creating.
11:10:10.813 [main] DEBUG c.e.s.s.p.s.SpellCheckIssuesWrapper - Empty builder creating.
11:10:10.813 [main] DEBUG c.e.s.s.p.s.SpellCheckIssuesWrapper - Empty builder creating.
11:10:10.813 [main] DEBUG c.e.s.s.p.s.SpellCheckIssuesWrapper - Empty builder creating.
11:10:10.813 [main] DEBUG c.e.s.s.p.s.SpellCheckIssuesWrapper - Empty builder creating.
11:10:10.814 [main] DEBUG c.e.s.s.p.s.SpellCheckIssuesWrapper - Empty builder creating.
11:10:10.814 [main] DEBUG c.e.s.s.p.s.SpellCheckIssuesWrapper - Empty builder creating.
11:10:10.814 [main] DEBUG c.e.s.s.p.s.SpellCheckIssuesWrapper - Empty builder creating.
11:10:10.814 [main] DEBUG c.e.s.s.p.s.SpellCheckIssuesWrapper - Empty builder creating.
11:10:10.814 [main] DEBUG c.e.s.s.p.s.SpellCheckIssuesWrapper - Empty builder creating.
11:10:10.814 [main] DEBUG c.e.s.s.p.s.SpellCheckIssuesWrapper - Empty builder creating.
11:10:10.814 [main] DEBUG c.e.s.s.p.s.SpellCheckIssuesWrapper - Empty builder creating.
11:10:10.814 [main] DEBUG c.e.s.s.p.s.SpellCheckIssuesWrapper - Empty builder creating.
11:10:10.815 [main] DEBUG c.e.s.s.p.s.SpellCheckIssuesWrapper - Empty builder creating.
11:10:10.815 [main] DEBUG c.e.s.s.p.s.SpellCheckIssuesWrapper - Empty builder creating.
11:10:10.815 [main] DEBUG c.e.s.s.p.s.SpellCheckIssuesWrapper - Empty builder creating.
11:10:10.815 [main] DEBUG c.e.s.s.p.s.SpellCheckIssuesWrapper - Empty builder creating.
11:10:10.815 [main] DEBUG c.e.s.s.p.s.SpellCheckIssuesWrapper - Empty builder creating.
11:10:10.815 [main] DEBUG c.e.s.s.p.s.SpellCheckIssuesWrapper - Empty builder creating.
11:10:10.815 [main] DEBUG c.e.s.s.p.s.SpellCheckIssuesWrapper - Empty builder creating.
11:10:10.819 [main] DEBUG c.e.s.s.p.s.SpellCheckIssuesWrapper - Empty builder creating.
11:10:10.819 [main] DEBUG c.e.s.s.p.s.SpellCheckIssuesWrapper - Empty builder creating.
11:10:10.819 [main] DEBUG c.e.s.s.p.s.SpellCheckIssuesWrapper - Empty builder creating.
11:10:10.819 [main] DEBUG c.e.s.s.p.s.SpellCheckIssuesWrapper - Empty builder creating.
11:10:10.819 [main] DEBUG c.e.s.s.p.s.SpellCheckIssuesWrapper - Empty builder creating.
11:10:10.819 [main] DEBUG c.e.s.s.p.s.SpellCheckIssuesWrapper - Empty builder creating.
11:10:10.819 [main] DEBUG c.e.s.s.p.s.SpellCheckIssuesWrapper - Empty builder creating.
11:10:10.819 [main] DEBUG c.e.s.s.p.s.SpellCheckIssuesWrapper - Empty builder creating.
11:10:10.819 [main] DEBUG c.e.s.s.p.s.SpellCheckIssuesWrapper - Empty builder creating.
11:10:10.819 [main] DEBUG c.e.s.s.p.s.SpellCheckIssuesWrapper - Empty builder creating.
11:10:10.820 [main] DEBUG c.e.s.s.p.s.SpellCheckIssuesWrapper - Empty builder creating.
11:10:10.820 [main] DEBUG c.e.s.s.p.s.SpellCheckIssuesWrapper - Empty builder creating.
11:10:10.820 [main] DEBUG c.e.s.s.p.s.SpellCheckIssuesWrapper - Empty builder creating.
11:10:10.820 [main] DEBUG c.e.s.s.p.s.SpellCheckIssuesWrapper - Empty builder creating.
11:10:10.820 [main] DEBUG c.e.s.s.p.s.SpellCheckIssuesWrapper - Empty builder creating.
11:10:10.820 [main] DEBUG c.e.s.s.p.s.SpellCheckIssuesWrapper - Empty builder creating.
11:10:10.820 [main] DEBUG c.e.s.s.p.s.SpellCheckIssuesWrapper - Empty builder creating.
11:10:10.820 [main] DEBUG c.e.s.s.p.s.SpellCheckIssuesWrapper - Empty builder creating.
11:10:10.820 [main] DEBUG c.e.s.s.p.s.SpellCheckIssuesWrapper - Empty builder creating.
11:10:10.820 [main] DEBUG c.e.s.s.p.s.SpellCheckIssuesWrapper - Empty builder creating.
11:10:10.820 [main] DEBUG c.e.s.s.p.s.SpellCheckIssuesWrapper - Empty builder creating.
11:10:10.820 [main] DEBUG c.e.s.s.p.s.SpellCheckIssuesWrapper - Empty builder creating.
11:10:10.821 [main] DEBUG c.e.s.s.p.s.SpellCheckIssuesWrapper - Empty builder creating.
11:10:10.821 [main] DEBUG c.e.s.s.p.s.SpellCheckIssuesWrapper - Empty builder creating.
11:10:10.821 [main] DEBUG c.e.s.s.p.s.SpellCheckIssuesWrapper - Empty builder creating.
11:10:10.821 [main] DEBUG c.e.s.s.p.s.SpellCheckIssuesWrapper - Empty builder creating.
11:10:10.821 [main] DEBUG c.e.s.s.p.s.SpellCheckIssuesWrapper - Empty builder creating.
11:10:10.821 [main] DEBUG c.e.s.s.p.s.SpellCheckIssuesWrapper - Empty builder creating.
11:10:10.821 [main] DEBUG c.e.s.s.p.s.SpellCheckIssuesWrapper - Empty builder creating.
11:10:10.821 [main] DEBUG c.e.s.s.p.s.SpellCheckIssuesWrapper - Empty builder creating.
11:10:10.821 [main] DEBUG c.e.s.s.p.s.SpellCheckIssuesWrapper - Empty builder creating.
11:10:10.821 [main] DEBUG c.e.s.s.p.s.SpellCheckIssuesWrapper - Empty builder creating.
11:10:10.821 [main] DEBUG c.e.s.s.p.s.SpellCheckIssuesWrapper - Empty builder creating.
11:10:10.821 [main] DEBUG c.e.s.s.p.s.SpellCheckIssuesWrapper - Empty builder creating.
11:10:10.822 [main] DEBUG c.e.s.s.p.s.SpellCheckIssuesWrapper - Empty builder creating.
11:10:10.822 [main] DEBUG c.e.s.s.p.s.SpellCheckIssuesWrapper - Empty builder creating.
11:10:10.822 [main] DEBUG c.e.s.s.p.s.SpellCheckIssuesWrapper - Empty builder creating.
11:10:10.822 [main] DEBUG c.e.s.s.p.s.SpellCheckIssuesWrapper - Empty builder creating.
11:10:10.822 [main] DEBUG c.e.s.s.p.s.SpellCheckIssuesWrapper - Empty builder creating.
11:10:10.822 [main] DEBUG c.e.s.s.p.s.SpellCheckIssuesWrapper - Empty builder creating.
11:10:10.822 [main] DEBUG c.e.s.s.p.s.SpellCheckIssuesWrapper - Empty builder creating.
11:10:10.822 [main] DEBUG c.e.s.s.p.s.SpellCheckIssuesWrapper - Empty builder creating.
11:10:10.822 [main] DEBUG c.e.s.s.p.s.SpellCheckIssuesWrapper - Empty builder creating.
11:10:10.822 [main] DEBUG c.e.s.s.p.s.SpellCheckIssuesWrapper - Empty builder creating.
11:10:10.822 [main] DEBUG c.e.s.s.p.s.SpellCheckIssuesWrapper - Empty builder creating.
11:10:10.822 [main] DEBUG c.e.s.s.p.s.SpellCheckIssuesWrapper - Empty builder creating.
11:10:10.823 [main] DEBUG c.e.s.s.p.s.SpellCheckIssuesWrapper - Empty builder creating.
11:10:10.823 [main] DEBUG c.e.s.s.p.s.SpellCheckIssuesWrapper - Empty builder creating.
11:10:10.823 [main] DEBUG c.e.s.s.p.s.SpellCheckIssuesWrapper - Empty builder creating.
11:10:10.823 [main] DEBUG c.e.s.s.p.s.SpellCheckIssuesWrapper - Empty builder creating.
11:10:10.823 [main] DEBUG c.e.s.s.p.s.SpellCheckIssuesWrapper - Empty builder creating.
11:10:10.823 [main] DEBUG c.e.s.s.p.s.SpellCheckIssuesWrapper - Empty builder creating.
11:10:10.823 [main] DEBUG c.e.s.s.p.s.SpellCheckIssuesWrapper - Empty builder creating.
11:10:10.823 [main] DEBUG c.e.s.s.p.s.SpellCheckIssuesWrapper - Empty builder creating.
11:10:10.823 [main] DEBUG c.e.s.s.p.s.SpellCheckIssuesWrapper - Empty builder creating.
11:10:10.828 [main] DEBUG c.e.s.s.p.s.SpellCheckIssuesSensor - Created the bean of grammar sensor.
Tests run: 10, Failures: 0, Errors: 0, Skipped: 0, Time elapsed: 0.91 sec - in com.epam.sonarqube.spellcheck.plugin.sensor.SpellCheckIssuesSensorTest
Running com.epam.sonarqube.spellcheck.plugin.sensor.SpellCheckViolationTriggerTest
11:10:10.836 [main] DEBUG c.e.s.s.p.s.SpellCheckViolationTrigger - Detected invalid word 'test' at Col.100
in the line "null"
11:10:10.895 [main] DEBUG c.e.s.s.p.s.SpellCheckViolationTrigger - Adding suggestion: String 1
11:10:10.895 [main] DEBUG c.e.s.s.p.s.SpellCheckViolationTrigger - Adding suggestion: String 2
11:10:10.896 [main] DEBUG c.e.s.s.p.s.SpellCheckViolationTrigger - Adding suggestion: String 3
11:10:10.896 [main] DEBUG c.e.s.s.p.s.SpellCheckViolationTrigger - 'test' is not a recognised word
  Suggestions: String 1, String 2, String 3; at '100' 
  in 'null'
 
11:10:10.899 [main] DEBUG c.e.s.s.p.s.SpellCheckViolationTrigger - Detected invalid word 'test' at Col.100
in the line "null"
11:10:10.900 [main] DEBUG c.e.s.s.p.s.SpellCheckViolationTrigger - 'test' is not a recognised word at '100' 
  in 'null'
 
Tests run: 3, Failures: 0, Errors: 0, Skipped: 0, Time elapsed: 0.003 sec - in com.epam.sonarqube.spellcheck.plugin.sensor.SpellCheckViolationTriggerTest
Running com.epam.sonarqube.spellcheck.plugin.sensor.SpellCheckIssuesWrapperTest
11:10:10.910 [main] DEBUG c.e.s.s.p.s.SpellCheckIssuesWrapper - Empty builder creating.
11:10:10.911 [main] DEBUG c.e.s.s.p.s.SpellCheckIssuesWrapper - Empty builder creating.
11:10:10.911 [main] DEBUG c.e.s.s.p.s.SpellCheckIssuesWrapper - Empty builder creating.
11:10:10.913 [main] DEBUG c.e.s.s.p.s.SpellCheckIssuesWrapper - Empty builder creating.
11:10:10.913 [main] DEBUG c.e.s.s.p.s.SpellCheckIssuesWrapper - Empty builder creating.
11:10:10.914 [main] DEBUG c.e.s.s.p.s.SpellCheckIssuesWrapper - Empty builder creating.
11:10:10.933 [main] DEBUG c.e.s.s.p.s.SpellCheckIssuesWrapper - The builder from SpellCheckIssuesWrapper{line="Test line", lineNumber=1, ruleKey=ruleKey} creating.
11:10:10.933 [main] DEBUG c.e.s.s.p.s.SpellCheckIssuesWrapper - Reported about incident "ABCD" Col.10
11:10:10.933 [main] DEBUG c.e.s.s.p.s.SpellCheckIssuesWrapper - Issue about incident added false
11:10:10.935 [main] DEBUG c.e.s.s.p.s.SpellCheckIssuesWrapper - Empty builder creating.
11:10:10.935 [main] DEBUG c.e.s.s.p.s.SpellCheckIssuesWrapper - The builder from SpellCheckIssuesWrapper{line="Test line", lineNumber=1, ruleKey=ruleKey} creating.
Tests run: 7, Failures: 0, Errors: 0, Skipped: 0, Time elapsed: 0.027 sec - in com.epam.sonarqube.spellcheck.plugin.sensor.SpellCheckIssuesWrapperTest
Running com.epam.sonarqube.spellcheck.plugin.decorator.SpellCheckMisspellingDecoratorTest
Tests run: 5, Failures: 0, Errors: 0, Skipped: 0, Time elapsed: 0.04 sec - in com.epam.sonarqube.spellcheck.plugin.decorator.SpellCheckMisspellingDecoratorTest
Running com.epam.sonarqube.spellcheck.plugin.rule.SpellCheckRulesDefinitionTest
11:10:11.090 [main] DEBUG c.e.s.s.p.r.SpellCheckRulesDefinition - Rules definition bean is creating.
11:10:11.097 [main] DEBUG c.e.s.s.p.r.SpellCheckRulesDefinition - Making sonar-rules for the Grammar Plugin using context
11:10:11.098 [main] DEBUG c.e.s.s.p.r.SpellCheckRulesDefinition - Created new rule:Mock for NewRule, hashCode: 817092761
11:10:11.100 [main] DEBUG c.e.s.s.p.r.SpellCheckRulesDefinition - Rules definition bean is creating.
11:10:11.101 [main] INFO  c.e.s.s.p.r.SpellCheckRulesDefinitionTest - Testing define
11:10:11.103 [main] DEBUG c.e.s.s.p.r.SpellCheckRulesDefinition - Making sonar-rules for the Grammar Plugin using context
11:10:11.103 [main] DEBUG c.e.s.s.p.r.SpellCheckRulesDefinition - Created new rule:Mock for NewRule, hashCode: 1445448489
11:10:11.104 [main] INFO  c.e.s.s.p.r.SpellCheckRulesDefinitionTest - Done.
Tests run: 3, Failures: 0, Errors: 0, Skipped: 0, Time elapsed: 0.074 sec - in com.epam.sonarqube.spellcheck.plugin.rule.SpellCheckRulesDefinitionTest
Running com.epam.sonarqube.spellcheck.plugin.spellcheck.SpellCheckerTest
11:10:11.543 [main] DEBUG c.e.s.s.p.spellcheck.SpellChecker - Is about to check spelling for 
abcdef 
 and record with Mock for SpellCheckListener, hashCode: 662109583
Tests run: 6, Failures: 0, Errors: 0, Skipped: 0, Time elapsed: 2.115 sec - in com.epam.sonarqube.spellcheck.plugin.spellcheck.SpellCheckerTest
Running com.epam.sonarqube.spellcheck.plugin.spellcheck.JavaSourceCodeWordFinderTest
Tests run: 12, Failures: 0, Errors: 0, Skipped: 0, Time elapsed: 0.261 sec - in com.epam.sonarqube.spellcheck.plugin.spellcheck.JavaSourceCodeWordFinderTest
Running com.epam.sonarqube.spellcheck.plugin.spellcheck.GrammarDictionaryLoaderTest
Tests run: 7, Failures: 0, Errors: 0, Skipped: 0, Time elapsed: 0.535 sec - in com.epam.sonarqube.spellcheck.plugin.spellcheck.GrammarDictionaryLoaderTest
Running com.epam.sonarqube.spellcheck.plugin.spellcheck.JavaSourceCodeSplitterTest
Tests run: 2, Failures: 0, Errors: 0, Skipped: 0, Time elapsed: 0.019 sec - in com.epam.sonarqube.spellcheck.plugin.spellcheck.JavaSourceCodeSplitterTest
Running com.epam.sonarqube.spellcheck.plugin.spellcheck.filter.DateFormatHoursWordFilterTest
Tests run: 1, Failures: 0, Errors: 0, Skipped: 0, Time elapsed: 0.002 sec - in com.epam.sonarqube.spellcheck.plugin.spellcheck.filter.DateFormatHoursWordFilterTest
Running com.epam.sonarqube.spellcheck.plugin.spellcheck.filter.DateFormatDaysWordFilterTest
Tests run: 1, Failures: 0, Errors: 0, Skipped: 0, Time elapsed: 0.001 sec - in com.epam.sonarqube.spellcheck.plugin.spellcheck.filter.DateFormatDaysWordFilterTest
Running com.epam.sonarqube.spellcheck.plugin.SpellCheckPluginTest
Tests run: 1, Failures: 0, Errors: 0, Skipped: 0, Time elapsed: 0.003 sec - in com.epam.sonarqube.spellcheck.plugin.SpellCheckPluginTest
Running com.epam.sonarqube.spellcheck.plugin.issue.tracking.AddWordFromIssueFunctionTest
11:10:14.086 [main] INFO  c.e.s.s.p.i.t.AddWordFromIssueFunction - Here is an issue for which we need to add misspelledWord to dict: issue
11:10:14.091 [main] INFO  c.e.s.s.p.i.t.AddWordFromIssueFunction - Added misspelledWord 'newWord' to dictionary.
11:10:14.092 [main] INFO  c.e.s.s.p.i.t.AddWordFromIssueFunction - Here is an issue for which we need to add misspelledWord to dict: issue
11:10:14.092 [main] INFO  c.e.s.s.p.i.t.AddWordFromIssueFunction - Added misspelledWord 'newWord' to dictionary.
11:10:14.092 [main] INFO  c.e.s.s.p.i.t.AddWordFromIssueFunction - Here is an issue for which we need to add misspelledWord to dict: issue
11:10:14.092 [main] INFO  c.e.s.s.p.i.t.AddWordFromIssueFunction - Added misspelledWord 'newWord' to dictionary.
11:10:14.093 [main] INFO  c.e.s.s.p.i.t.AddWordFromIssueFunction - Here is an issue for which we need to add misspelledWord to dict: issue
11:10:14.093 [main] INFO  c.e.s.s.p.i.t.AddWordFromIssueFunction - Creating new Dictionary. Adding misspelledWord 'newWord' to it.
11:10:14.101 [main] INFO  c.e.s.s.p.i.t.AddWordFromIssueFunction - Here is an issue for which we need to add misspelledWord to dict: issue
11:10:14.101 [main] INFO  c.e.s.s.p.i.t.AddWordFromIssueFunction - Creating new Dictionary. Adding misspelledWord 'newWord' to it.
11:10:14.110 [main] INFO  c.e.s.s.p.i.t.AddWordFromIssueFunction - Here is an issue for which we need to add misspelledWord to dict: issue
11:10:14.110 [main] INFO  c.e.s.s.p.i.t.AddWordFromIssueFunction - Don't add. Word  'newWord' is already in dictionary.
11:10:14.111 [main] INFO  c.e.s.s.p.i.t.AddWordFromIssueFunction - Here is an issue for which we need to add misspelledWord to dict: issue
11:10:14.111 [main] INFO  c.e.s.s.p.i.t.AddWordFromIssueFunction - Added misspelledWord 'newWord' to dictionary.
Tests run: 7, Failures: 0, Errors: 0, Skipped: 0, Time elapsed: 0.052 sec - in com.epam.sonarqube.spellcheck.plugin.issue.tracking.AddWordFromIssueFunctionTest

Results :

Tests run: 66, Failures: 0, Errors: 0, Skipped: 0

[INFO] 
[INFO] --- jacoco-maven-plugin:0.8.5:report (report) @ sonarqube-spellcheck-plugin ---
[INFO] Loading execution data file /tmp/tmpoj6_qpo_/sonarqube-spellcheck/target/jacoco.exec
[INFO] Analyzed bundle 'SpellCheck' with 260 classes
[INFO] ------------------------------------------------------------------------
[INFO] BUILD SUCCESS
[INFO] ------------------------------------------------------------------------
[INFO] Total time:  37.853 s
[INFO] Finished at: 2020-08-03T11:10:15Z
[INFO] ------------------------------------------------------------------------
