[INFO] Error stacktraces are turned on.
[INFO] Scanning for projects...
[WARNING] 
[WARNING] Some problems were encountered while building the effective model for org.jsoup:jsoup:jar:1.6.0
[WARNING] 'build.plugins.plugin.version' for org.apache.maven.plugins:maven-jar-plugin is missing. @ line 73, column 15
[WARNING] 'build.plugins.plugin.version' for org.apache.felix:maven-bundle-plugin is missing. @ line 81, column 15
[WARNING] 
[WARNING] It is highly recommended to fix these problems because they threaten the stability of your build.
[WARNING] 
[WARNING] For this reason, future Maven versions might no longer support building such malformed projects.
[WARNING] 
[INFO] 
[INFO] --------------------------< org.jsoup:jsoup >---------------------------
[INFO] Building jsoup 1.6.0
[INFO] --------------------------------[ jar ]---------------------------------
[INFO] 
[INFO] --- maven-resources-plugin:2.6:resources (default-resources) @ jsoup ---
[INFO] Using 'UTF-8' encoding to copy filtered resources.
[INFO] skip non existing resourceDirectory /tmp/tmp223s4ze1/jsoup/src/main/resources
[INFO] 
[INFO] --- maven-compiler-plugin:2.0.2:compile (default-compile) @ jsoup ---
[INFO] Compiling 45 source files to /tmp/tmp223s4ze1/jsoup/target/classes
[INFO] 
[INFO] --- maven-bundle-plugin:5.1.1:manifest (bundle-manifest) @ jsoup ---
[INFO] 
[INFO] --- maven-resources-plugin:2.6:testResources (default-testResources) @ jsoup ---
[INFO] Using 'UTF-8' encoding to copy filtered resources.
[INFO] Copying 13 resources
[INFO] 
[INFO] --- maven-compiler-plugin:2.0.2:testCompile (default-testCompile) @ jsoup ---
[INFO] Compiling 21 source files to /tmp/tmp223s4ze1/jsoup/target/test-classes
[INFO] 
[INFO] --- maven-surefire-plugin:2.12.4:test (default-test) @ jsoup ---
[INFO] Surefire report directory: /tmp/tmp223s4ze1/jsoup/target/surefire-reports

-------------------------------------------------------
 T E S T S
-------------------------------------------------------
Running org.jsoup.safety.CleanerTest
Tests run: 15, Failures: 0, Errors: 0, Skipped: 0, Time elapsed: 0.152 sec
Running org.jsoup.select.SelectorTest
Tests run: 46, Failures: 0, Errors: 0, Skipped: 0, Time elapsed: 0.162 sec
Running org.jsoup.select.ElementsTest
Tests run: 24, Failures: 0, Errors: 0, Skipped: 0, Time elapsed: 0.194 sec
Running org.jsoup.integration.UrlConnectTest
Tests run: 1, Failures: 0, Errors: 0, Skipped: 1, Time elapsed: 0.008 sec
Running org.jsoup.integration.ParseTest
Tests run: 10, Failures: 0, Errors: 0, Skipped: 0, Time elapsed: 0.369 sec
Running org.jsoup.nodes.ElementTest
Tests run: 45, Failures: 0, Errors: 0, Skipped: 0, Time elapsed: 0.146 sec
Running org.jsoup.nodes.EntitiesTest
Tests run: 5, Failures: 0, Errors: 0, Skipped: 0, Time elapsed: 0.001 sec
Running org.jsoup.nodes.AttributeTest
Tests run: 1, Failures: 0, Errors: 0, Skipped: 0, Time elapsed: 0 sec
Running org.jsoup.nodes.TextNodeTest
Tests run: 4, Failures: 0, Errors: 0, Skipped: 0, Time elapsed: 0 sec
Running org.jsoup.nodes.DocumentTest
Tests run: 7, Failures: 0, Errors: 0, Skipped: 0, Time elapsed: 0 sec
Running org.jsoup.nodes.AttributesTest
Tests run: 1, Failures: 0, Errors: 0, Skipped: 0, Time elapsed: 0 sec
Running org.jsoup.nodes.NodeTest
Tests run: 13, Failures: 0, Errors: 0, Skipped: 0, Time elapsed: 0 sec
Running org.jsoup.helper.HttpConnectionTest
Tests run: 15, Failures: 0, Errors: 0, Skipped: 0, Time elapsed: 0 sec
Running org.jsoup.helper.StringUtilTest
Tests run: 6, Failures: 0, Errors: 0, Skipped: 0, Time elapsed: 0 sec
Running org.jsoup.helper.DataUtilTest
Tests run: 2, Failures: 0, Errors: 0, Skipped: 0, Time elapsed: 0 sec
Running org.jsoup.parser.AttributeParseTest
Tests run: 4, Failures: 0, Errors: 0, Skipped: 0, Time elapsed: 0 sec
Running org.jsoup.parser.TagTest
Tests run: 9, Failures: 0, Errors: 0, Skipped: 0, Time elapsed: 0 sec
Running org.jsoup.parser.ParserTest
Tests run: 64, Failures: 0, Errors: 0, Skipped: 0, Time elapsed: 0.063 sec
Running org.jsoup.parser.TokenQueueTest
Tests run: 6, Failures: 0, Errors: 0, Skipped: 0, Time elapsed: 0 sec

Results :

Tests run: 278, Failures: 0, Errors: 0, Skipped: 1

[INFO] 
[INFO] --- maven-jar-plugin:2.4:jar (default-jar) @ jsoup ---
[INFO] Building jar: /tmp/tmp223s4ze1/jsoup/target/jsoup-1.6.0.jar
[INFO] 
[INFO] --- maven-assembly-plugin:3.2.0:single (default) @ jsoup ---
[INFO] Building jar: /tmp/tmp223s4ze1/jsoup/target/jsoup-1.6.0-jar-with-dependencies.jar
[INFO] ------------------------------------------------------------------------
[INFO] BUILD SUCCESS
[INFO] ------------------------------------------------------------------------
[INFO] Total time:  17.240 s
[INFO] Finished at: 2020-07-30T15:24:34Z
[INFO] ------------------------------------------------------------------------
