[INFO] Error stacktraces are turned on.
[INFO] Scanning for projects...
[INFO] 
[INFO] ----------------< org.codehaus.sonar:sonar-text-plugin >----------------
[INFO] Building Sonar Text Plugin 0.9.0
[INFO] ----------------------------[ sonar-plugin ]----------------------------
[INFO] 
[INFO] --- sonar-packaging-maven-plugin:1.12.1:check-dependencies (default-check-dependencies) @ sonar-text-plugin ---
[INFO] 
[INFO] --- jacoco-maven-plugin:0.8.5:prepare-agent (default) @ sonar-text-plugin ---
[INFO] argLine set to -javaagent:/home/jdbl/.m2/repository/org/jacoco/org.jacoco.agent/0.8.5/org.jacoco.agent-0.8.5-runtime.jar=destfile=/tmp/tmpg85h1ipy/sonar-text-plugin/target/jacoco.exec
[INFO] 
[INFO] --- maven-resources-plugin:3.1.0:resources (default-resources) @ sonar-text-plugin ---
[INFO] Using 'UTF-8' encoding to copy filtered resources.
[INFO] skip non existing resourceDirectory /tmp/tmpg85h1ipy/sonar-text-plugin/src/main/resources
[INFO] 
[INFO] --- maven-compiler-plugin:3.1:compile (default-compile) @ sonar-text-plugin ---
[INFO] Changes detected - recompiling the module!
[INFO] Compiling 18 source files to /tmp/tmpg85h1ipy/sonar-text-plugin/target/classes
[INFO] -------------------------------------------------------------
[ERROR] COMPILATION ERROR : 
[INFO] -------------------------------------------------------------
[ERROR] /tmp/tmpg85h1ipy/sonar-text-plugin/src/main/java/org/sonar/plugins/text/checks/MultiFileIfOneStringExistsThenBothMustExistCheck.java:[106,18] no suitable method found for debug(java.lang.String,java.lang.String,java.lang.String,int,java.nio.file.Path)
    method org.slf4j.Logger.debug(java.lang.String) is not applicable
      (actual and formal argument lists differ in length)
    method org.slf4j.Logger.debug(java.lang.String,java.lang.Object) is not applicable
      (actual and formal argument lists differ in length)
    method org.slf4j.Logger.debug(java.lang.String,java.lang.Object,java.lang.Object) is not applicable
      (actual and formal argument lists differ in length)
    method org.slf4j.Logger.debug(java.lang.String,java.lang.Object[]) is not applicable
      (actual and formal argument lists differ in length)
    method org.slf4j.Logger.debug(java.lang.String,java.lang.Throwable) is not applicable
      (actual and formal argument lists differ in length)
    method org.slf4j.Logger.debug(org.slf4j.Marker,java.lang.String) is not applicable
      (actual and formal argument lists differ in length)
    method org.slf4j.Logger.debug(org.slf4j.Marker,java.lang.String,java.lang.Object) is not applicable
      (actual and formal argument lists differ in length)
    method org.slf4j.Logger.debug(org.slf4j.Marker,java.lang.String,java.lang.Object,java.lang.Object) is not applicable
      (actual and formal argument lists differ in length)
    method org.slf4j.Logger.debug(org.slf4j.Marker,java.lang.String,java.lang.Object[]) is not applicable
      (actual and formal argument lists differ in length)
    method org.slf4j.Logger.debug(org.slf4j.Marker,java.lang.String,java.lang.Throwable) is not applicable
      (actual and formal argument lists differ in length)
[ERROR] /tmp/tmpg85h1ipy/sonar-text-plugin/src/main/java/org/sonar/plugins/text/checks/MultiFileIfOneStringExistsThenBothMustExistCheck.java:[134,10] no suitable method found for debug(java.lang.String,java.lang.String,java.lang.String,int,java.nio.file.Path)
    method org.slf4j.Logger.debug(java.lang.String) is not applicable
      (actual and formal argument lists differ in length)
    method org.slf4j.Logger.debug(java.lang.String,java.lang.Object) is not applicable
      (actual and formal argument lists differ in length)
    method org.slf4j.Logger.debug(java.lang.String,java.lang.Object,java.lang.Object) is not applicable
      (actual and formal argument lists differ in length)
    method org.slf4j.Logger.debug(java.lang.String,java.lang.Object[]) is not applicable
      (actual and formal argument lists differ in length)
    method org.slf4j.Logger.debug(java.lang.String,java.lang.Throwable) is not applicable
      (actual and formal argument lists differ in length)
    method org.slf4j.Logger.debug(org.slf4j.Marker,java.lang.String) is not applicable
      (actual and formal argument lists differ in length)
    method org.slf4j.Logger.debug(org.slf4j.Marker,java.lang.String,java.lang.Object) is not applicable
      (actual and formal argument lists differ in length)
    method org.slf4j.Logger.debug(org.slf4j.Marker,java.lang.String,java.lang.Object,java.lang.Object) is not applicable
      (actual and formal argument lists differ in length)
    method org.slf4j.Logger.debug(org.slf4j.Marker,java.lang.String,java.lang.Object[]) is not applicable
      (actual and formal argument lists differ in length)
    method org.slf4j.Logger.debug(org.slf4j.Marker,java.lang.String,java.lang.Throwable) is not applicable
      (actual and formal argument lists differ in length)
[ERROR] /tmp/tmpg85h1ipy/sonar-text-plugin/src/main/java/org/sonar/plugins/text/batch/TextIssueSensor.java:[110,47] no suitable method found for as(java.lang.Class<org.sonar.api.issue.Issuable>,org.sonar.api.batch.fs.InputFile)
    method org.sonar.api.component.Perspectives.<P>as(java.lang.Class<P>,org.sonar.api.component.Component) is not applicable
      (cannot infer type-variable(s) P
        (argument mismatch; org.sonar.api.batch.fs.InputFile cannot be converted to org.sonar.api.component.Component))
    method org.sonar.api.component.ResourcePerspectives.<P>as(java.lang.Class<P>,org.sonar.api.resources.Resource) is not applicable
      (cannot infer type-variable(s) P
        (argument mismatch; org.sonar.api.batch.fs.InputFile cannot be converted to org.sonar.api.resources.Resource))
[INFO] 3 errors 
[INFO] -------------------------------------------------------------
[INFO] ------------------------------------------------------------------------
[INFO] BUILD FAILURE
[INFO] ------------------------------------------------------------------------
[INFO] Total time:  43.853 s
[INFO] Finished at: 2020-08-03T11:13:01Z
[INFO] ------------------------------------------------------------------------
[ERROR] Failed to execute goal org.apache.maven.plugins:maven-compiler-plugin:3.1:compile (default-compile) on project sonar-text-plugin: Compilation failure: Compilation failure: 
[ERROR] /tmp/tmpg85h1ipy/sonar-text-plugin/src/main/java/org/sonar/plugins/text/checks/MultiFileIfOneStringExistsThenBothMustExistCheck.java:[106,18] no suitable method found for debug(java.lang.String,java.lang.String,java.lang.String,int,java.nio.file.Path)
[ERROR]     method org.slf4j.Logger.debug(java.lang.String) is not applicable
[ERROR]       (actual and formal argument lists differ in length)
[ERROR]     method org.slf4j.Logger.debug(java.lang.String,java.lang.Object) is not applicable
[ERROR]       (actual and formal argument lists differ in length)
[ERROR]     method org.slf4j.Logger.debug(java.lang.String,java.lang.Object,java.lang.Object) is not applicable
[ERROR]       (actual and formal argument lists differ in length)
[ERROR]     method org.slf4j.Logger.debug(java.lang.String,java.lang.Object[]) is not applicable
[ERROR]       (actual and formal argument lists differ in length)
[ERROR]     method org.slf4j.Logger.debug(java.lang.String,java.lang.Throwable) is not applicable
[ERROR]       (actual and formal argument lists differ in length)
[ERROR]     method org.slf4j.Logger.debug(org.slf4j.Marker,java.lang.String) is not applicable
[ERROR]       (actual and formal argument lists differ in length)
[ERROR]     method org.slf4j.Logger.debug(org.slf4j.Marker,java.lang.String,java.lang.Object) is not applicable
[ERROR]       (actual and formal argument lists differ in length)
[ERROR]     method org.slf4j.Logger.debug(org.slf4j.Marker,java.lang.String,java.lang.Object,java.lang.Object) is not applicable
[ERROR]       (actual and formal argument lists differ in length)
[ERROR]     method org.slf4j.Logger.debug(org.slf4j.Marker,java.lang.String,java.lang.Object[]) is not applicable
[ERROR]       (actual and formal argument lists differ in length)
[ERROR]     method org.slf4j.Logger.debug(org.slf4j.Marker,java.lang.String,java.lang.Throwable) is not applicable
[ERROR]       (actual and formal argument lists differ in length)
[ERROR] /tmp/tmpg85h1ipy/sonar-text-plugin/src/main/java/org/sonar/plugins/text/checks/MultiFileIfOneStringExistsThenBothMustExistCheck.java:[134,10] no suitable method found for debug(java.lang.String,java.lang.String,java.lang.String,int,java.nio.file.Path)
[ERROR]     method org.slf4j.Logger.debug(java.lang.String) is not applicable
[ERROR]       (actual and formal argument lists differ in length)
[ERROR]     method org.slf4j.Logger.debug(java.lang.String,java.lang.Object) is not applicable
[ERROR]       (actual and formal argument lists differ in length)
[ERROR]     method org.slf4j.Logger.debug(java.lang.String,java.lang.Object,java.lang.Object) is not applicable
[ERROR]       (actual and formal argument lists differ in length)
[ERROR]     method org.slf4j.Logger.debug(java.lang.String,java.lang.Object[]) is not applicable
[ERROR]       (actual and formal argument lists differ in length)
[ERROR]     method org.slf4j.Logger.debug(java.lang.String,java.lang.Throwable) is not applicable
[ERROR]       (actual and formal argument lists differ in length)
[ERROR]     method org.slf4j.Logger.debug(org.slf4j.Marker,java.lang.String) is not applicable
[ERROR]       (actual and formal argument lists differ in length)
[ERROR]     method org.slf4j.Logger.debug(org.slf4j.Marker,java.lang.String,java.lang.Object) is not applicable
[ERROR]       (actual and formal argument lists differ in length)
[ERROR]     method org.slf4j.Logger.debug(org.slf4j.Marker,java.lang.String,java.lang.Object,java.lang.Object) is not applicable
[ERROR]       (actual and formal argument lists differ in length)
[ERROR]     method org.slf4j.Logger.debug(org.slf4j.Marker,java.lang.String,java.lang.Object[]) is not applicable
[ERROR]       (actual and formal argument lists differ in length)
[ERROR]     method org.slf4j.Logger.debug(org.slf4j.Marker,java.lang.String,java.lang.Throwable) is not applicable
[ERROR]       (actual and formal argument lists differ in length)
[ERROR] /tmp/tmpg85h1ipy/sonar-text-plugin/src/main/java/org/sonar/plugins/text/batch/TextIssueSensor.java:[110,47] no suitable method found for as(java.lang.Class<org.sonar.api.issue.Issuable>,org.sonar.api.batch.fs.InputFile)
[ERROR]     method org.sonar.api.component.Perspectives.<P>as(java.lang.Class<P>,org.sonar.api.component.Component) is not applicable
[ERROR]       (cannot infer type-variable(s) P
[ERROR]         (argument mismatch; org.sonar.api.batch.fs.InputFile cannot be converted to org.sonar.api.component.Component))
[ERROR]     method org.sonar.api.component.ResourcePerspectives.<P>as(java.lang.Class<P>,org.sonar.api.resources.Resource) is not applicable
[ERROR]       (cannot infer type-variable(s) P
[ERROR]         (argument mismatch; org.sonar.api.batch.fs.InputFile cannot be converted to org.sonar.api.resources.Resource))
[ERROR] -> [Help 1]
org.apache.maven.lifecycle.LifecycleExecutionException: Failed to execute goal org.apache.maven.plugins:maven-compiler-plugin:3.1:compile (default-compile) on project sonar-text-plugin: Compilation failure
    at org.apache.maven.lifecycle.internal.MojoExecutor.execute (MojoExecutor.java:215)
    at org.apache.maven.lifecycle.internal.MojoExecutor.execute (MojoExecutor.java:156)
    at org.apache.maven.lifecycle.internal.MojoExecutor.execute (MojoExecutor.java:148)
    at org.apache.maven.lifecycle.internal.LifecycleModuleBuilder.buildProject (LifecycleModuleBuilder.java:117)
    at org.apache.maven.lifecycle.internal.LifecycleModuleBuilder.buildProject (LifecycleModuleBuilder.java:81)
    at org.apache.maven.lifecycle.internal.builder.singlethreaded.SingleThreadedBuilder.build (SingleThreadedBuilder.java:56)
    at org.apache.maven.lifecycle.internal.LifecycleStarter.execute (LifecycleStarter.java:128)
    at org.apache.maven.DefaultMaven.doExecute (DefaultMaven.java:305)
    at org.apache.maven.DefaultMaven.doExecute (DefaultMaven.java:192)
    at org.apache.maven.DefaultMaven.execute (DefaultMaven.java:105)
    at org.apache.maven.cli.MavenCli.execute (MavenCli.java:957)
    at org.apache.maven.cli.MavenCli.doMain (MavenCli.java:289)
    at org.apache.maven.cli.MavenCli.main (MavenCli.java:193)
    at sun.reflect.NativeMethodAccessorImpl.invoke0 (Native Method)
    at sun.reflect.NativeMethodAccessorImpl.invoke (NativeMethodAccessorImpl.java:62)
    at sun.reflect.DelegatingMethodAccessorImpl.invoke (DelegatingMethodAccessorImpl.java:43)
    at java.lang.reflect.Method.invoke (Method.java:498)
    at org.codehaus.plexus.classworlds.launcher.Launcher.launchEnhanced (Launcher.java:282)
    at org.codehaus.plexus.classworlds.launcher.Launcher.launch (Launcher.java:225)
    at org.codehaus.plexus.classworlds.launcher.Launcher.mainWithExitCode (Launcher.java:406)
    at org.codehaus.plexus.classworlds.launcher.Launcher.main (Launcher.java:347)
Caused by: org.apache.maven.plugin.compiler.CompilationFailureException: Compilation failure
    at org.apache.maven.plugin.compiler.AbstractCompilerMojo.execute (AbstractCompilerMojo.java:858)
    at org.apache.maven.plugin.compiler.CompilerMojo.execute (CompilerMojo.java:129)
    at org.apache.maven.plugin.DefaultBuildPluginManager.executeMojo (DefaultBuildPluginManager.java:137)
    at org.apache.maven.lifecycle.internal.MojoExecutor.execute (MojoExecutor.java:210)
    at org.apache.maven.lifecycle.internal.MojoExecutor.execute (MojoExecutor.java:156)
    at org.apache.maven.lifecycle.internal.MojoExecutor.execute (MojoExecutor.java:148)
    at org.apache.maven.lifecycle.internal.LifecycleModuleBuilder.buildProject (LifecycleModuleBuilder.java:117)
    at org.apache.maven.lifecycle.internal.LifecycleModuleBuilder.buildProject (LifecycleModuleBuilder.java:81)
    at org.apache.maven.lifecycle.internal.builder.singlethreaded.SingleThreadedBuilder.build (SingleThreadedBuilder.java:56)
    at org.apache.maven.lifecycle.internal.LifecycleStarter.execute (LifecycleStarter.java:128)
    at org.apache.maven.DefaultMaven.doExecute (DefaultMaven.java:305)
    at org.apache.maven.DefaultMaven.doExecute (DefaultMaven.java:192)
    at org.apache.maven.DefaultMaven.execute (DefaultMaven.java:105)
    at org.apache.maven.cli.MavenCli.execute (MavenCli.java:957)
    at org.apache.maven.cli.MavenCli.doMain (MavenCli.java:289)
    at org.apache.maven.cli.MavenCli.main (MavenCli.java:193)
    at sun.reflect.NativeMethodAccessorImpl.invoke0 (Native Method)
    at sun.reflect.NativeMethodAccessorImpl.invoke (NativeMethodAccessorImpl.java:62)
    at sun.reflect.DelegatingMethodAccessorImpl.invoke (DelegatingMethodAccessorImpl.java:43)
    at java.lang.reflect.Method.invoke (Method.java:498)
    at org.codehaus.plexus.classworlds.launcher.Launcher.launchEnhanced (Launcher.java:282)
    at org.codehaus.plexus.classworlds.launcher.Launcher.launch (Launcher.java:225)
    at org.codehaus.plexus.classworlds.launcher.Launcher.mainWithExitCode (Launcher.java:406)
    at org.codehaus.plexus.classworlds.launcher.Launcher.main (Launcher.java:347)
[ERROR] 
[ERROR] Re-run Maven using the -X switch to enable full debug logging.
[ERROR] 
[ERROR] For more information about the errors and possible solutions, please read the following articles:
[ERROR] [Help 1] http://cwiki.apache.org/confluence/display/MAVEN/MojoFailureException
[INFO] Build failures were ignored.
