[INFO] Error stacktraces are turned on.
[INFO] Scanning for projects...
[WARNING] 
[WARNING] Some problems were encountered while building the effective model for org.codehaus.groovy:groovy:jar:2.4.1.1
[WARNING] 'build.plugins.plugin.version' for org.apache.maven.plugins:maven-compiler-plugin is missing. @ line 47, column 15
[WARNING] 'build.plugins.plugin.version' for org.apache.maven.plugins:maven-jar-plugin is missing. @ line 83, column 15
[WARNING] 
[WARNING] It is highly recommended to fix these problems because they threaten the stability of your build.
[WARNING] 
[WARNING] For this reason, future Maven versions might no longer support building such malformed projects.
[WARNING] 
[INFO] 
[INFO] ---------------------< org.codehaus.groovy:groovy >---------------------
[INFO] Building groovy 2.4.1.1
[INFO] --------------------------------[ jar ]---------------------------------
[INFO] 
[INFO] --- jacoco-maven-plugin:0.8.5:prepare-agent (default) @ groovy ---
[INFO] argLine set to -javaagent:/home/jdbl/.m2/repository/org/jacoco/org.jacoco.agent/0.8.5/org.jacoco.agent-0.8.5-runtime.jar=destfile=/tmp/tmprdoi0ji9/quasar-groovy/target/jacoco.exec
[INFO] 
[INFO] --- maven-dependency-plugin:2.8:unpack (unpack) @ groovy ---
[INFO] Configured Artifact: org.codehaus.groovy:groovy:indy:2.4.1:jar
[INFO] Unpacking /home/jdbl/.m2/repository/org/codehaus/groovy/groovy/2.4.1/groovy-2.4.1-indy.jar to /tmp/tmprdoi0ji9/quasar-groovy/target/classes with includes "**/*" and excludes ""
[INFO] 
[INFO] --- maven-resources-plugin:2.6:resources (default-resources) @ groovy ---
[INFO] Using 'UTF-8' encoding to copy filtered resources.
[INFO] Copying 2 resources
[INFO] 
[INFO] --- maven-compiler-plugin:3.1:compile (default-compile) @ groovy ---
[INFO] Changes detected - recompiling the module!
[INFO] Compiling 3 source files to /tmp/tmprdoi0ji9/quasar-groovy/target/classes
[WARNING] /tmp/tmprdoi0ji9/quasar-groovy/src/main/java/groovy/lang/GroovyClassLoader.java: /tmp/tmprdoi0ji9/quasar-groovy/src/main/java/groovy/lang/GroovyClassLoader.java uses unchecked or unsafe operations.
[WARNING] /tmp/tmprdoi0ji9/quasar-groovy/src/main/java/groovy/lang/GroovyClassLoader.java: Recompile with -Xlint:unchecked for details.
[INFO] 
[INFO] --- maven-antrun-plugin:1.3:run (instrument-classes) @ groovy ---
[INFO] Executing tasks
[InstrumentationTask] WARNING: Method not found in class - assuming suspendable: [Ljava/lang/Object;#clone()Ljava/lang/Object; (at groovy/lang/MetaClassImpl#invokeStaticMethod)
[INFO] Executed tasks
[INFO] 
[INFO] --- maven-resources-plugin:2.6:testResources (default-testResources) @ groovy ---
[INFO] Using 'UTF-8' encoding to copy filtered resources.
[INFO] skip non existing resourceDirectory /tmp/tmprdoi0ji9/quasar-groovy/src/test/resources
[INFO] 
[INFO] --- maven-compiler-plugin:3.1:testCompile (default-testCompile) @ groovy ---
[INFO] Changes detected - recompiling the module!
[INFO] Compiling 3 source files to /tmp/tmprdoi0ji9/quasar-groovy/target/test-classes
[WARNING] /tmp/tmprdoi0ji9/quasar-groovy/src/test/java/org/codehaus/groovy/quasar/InvokeDynamicTest.java: /tmp/tmprdoi0ji9/quasar-groovy/src/test/java/org/codehaus/groovy/quasar/InvokeDynamicTest.java uses or overrides a deprecated API.
[WARNING] /tmp/tmprdoi0ji9/quasar-groovy/src/test/java/org/codehaus/groovy/quasar/InvokeDynamicTest.java: Recompile with -Xlint:deprecation for details.
[WARNING] /tmp/tmprdoi0ji9/quasar-groovy/src/test/java/org/codehaus/groovy/quasar/InvokeDynamicTest.java: /tmp/tmprdoi0ji9/quasar-groovy/src/test/java/org/codehaus/groovy/quasar/InvokeDynamicTest.java uses unchecked or unsafe operations.
[WARNING] /tmp/tmprdoi0ji9/quasar-groovy/src/test/java/org/codehaus/groovy/quasar/InvokeDynamicTest.java: Recompile with -Xlint:unchecked for details.
[INFO] 
[INFO] --- maven-antrun-plugin:1.3:run (instrument-test-classes) @ groovy ---
[INFO] Executing tasks
[INFO] Executed tasks
[INFO] 
[INFO] --- maven-surefire-plugin:2.19.1:test (default-test) @ groovy ---
[INFO] Surefire report directory: /tmp/tmprdoi0ji9/quasar-groovy/target/surefire-reports

-------------------------------------------------------
 T E S T S
-------------------------------------------------------
Running org.codehaus.groovy.quasar.FiberTest
QUASAR WARNING: Assertions enabled. This may harm performance.
QUASAR WARNING: Quasar Java Agent isn't running. If you're using another instrumentation method you can ignore this message; otherwise, please refer to the Getting Started section in the Quasar documentation.
Tests run: 4, Failures: 0, Errors: 0, Skipped: 0, Time elapsed: 11.468 sec - in org.codehaus.groovy.quasar.FiberTest
Running org.codehaus.groovy.quasar.InvokeDynamicTest
Tests run: 1, Failures: 0, Errors: 0, Skipped: 1, Time elapsed: 0 sec - in org.codehaus.groovy.quasar.InvokeDynamicTest

Results :

Tests run: 5, Failures: 0, Errors: 0, Skipped: 1

[INFO] 
[INFO] --- jacoco-maven-plugin:0.8.5:report (report) @ groovy ---
[INFO] Loading execution data file /tmp/tmprdoi0ji9/quasar-groovy/target/jacoco.exec
[INFO] Analyzed bundle 'groovy' with 2929 classes
[INFO] ------------------------------------------------------------------------
[INFO] BUILD SUCCESS
[INFO] ------------------------------------------------------------------------
[INFO] Total time:  42.724 s
[INFO] Finished at: 2020-07-30T21:09:24Z
[INFO] ------------------------------------------------------------------------
