[INFO] Error stacktraces are turned on.
[INFO] Scanning for projects...
[INFO] 
[INFO] ----------------------< eu.danieldk.quzah:quzah >-----------------------
[INFO] Building Quzah 1.0.1-SNAPSHOT
[INFO] --------------------------------[ jar ]---------------------------------
[INFO] 
[INFO] --- maven-enforcer-plugin:1.0-beta-1:enforce (enforce-maven) @ quzah ---
[INFO] 
[INFO] --- jacoco-maven-plugin:0.8.5:prepare-agent (default) @ quzah ---
[INFO] argLine set to -javaagent:/home/jdbl/.m2/repository/org/jacoco/org.jacoco.agent/0.8.5/org.jacoco.agent-0.8.5-runtime.jar=destfile=/tmp/tmpdr4sp2mf/quzah/target/jacoco.exec
[INFO] 
[INFO] --- maven-resources-plugin:2.6:resources (default-resources) @ quzah ---
[INFO] Using 'UTF-8' encoding to copy filtered resources.
[INFO] Copying 2 resources
[INFO] 
[INFO] --- maven-compiler-plugin:3.1:compile (default-compile) @ quzah ---
[INFO] Changes detected - recompiling the module!
[INFO] Compiling 9 source files to /tmp/tmpdr4sp2mf/quzah/target/classes
[INFO] 
[INFO] --- maven-resources-plugin:2.6:testResources (default-testResources) @ quzah ---
[INFO] Using 'UTF-8' encoding to copy filtered resources.
[INFO] skip non existing resourceDirectory /tmp/tmpdr4sp2mf/quzah/src/test/resources
[INFO] 
[INFO] --- maven-compiler-plugin:3.1:testCompile (default-testCompile) @ quzah ---
[INFO] Changes detected - recompiling the module!
[INFO] Compiling 1 source file to /tmp/tmpdr4sp2mf/quzah/target/test-classes
[INFO] 
[INFO] --- maven-surefire-plugin:2.19.1:test (default-test) @ quzah ---
[INFO] Surefire report directory: /tmp/tmpdr4sp2mf/quzah/target/surefire-reports

-------------------------------------------------------
 T E S T S
-------------------------------------------------------
Running eu.danieldk.quzah.pregen.PregeneratedColorsTest
Tests run: 2, Failures: 0, Errors: 0, Skipped: 0, Time elapsed: 0.285 sec - in eu.danieldk.quzah.pregen.PregeneratedColorsTest

Results :

Tests run: 2, Failures: 0, Errors: 0, Skipped: 0

[INFO] 
[INFO] --- jacoco-maven-plugin:0.8.5:report (report) @ quzah ---
[INFO] Loading execution data file /tmp/tmpdr4sp2mf/quzah/target/jacoco.exec
[INFO] Analyzed bundle 'Quzah' with 27 classes
[INFO] ------------------------------------------------------------------------
[INFO] BUILD SUCCESS
[INFO] ------------------------------------------------------------------------
[INFO] Total time:  10.665 s
[INFO] Finished at: 2020-07-30T22:46:52Z
[INFO] ------------------------------------------------------------------------
