[INFO] Error stacktraces are turned on.
[INFO] Scanning for projects...
[INFO] 
[INFO] --------< com.fasterxml.jackson.datatype:jackson-datatype-jdk8 >--------
[INFO] Building Jackson-datatype-jdk8 2.7.1
[INFO] -------------------------------[ bundle ]-------------------------------
[INFO] 
[INFO] --- maven-enforcer-plugin:1.3.1:enforce (enforce-java) @ jackson-datatype-jdk8 ---
[INFO] 
[INFO] --- build-helper-maven-plugin:1.7:add-source (add-generated-sources) @ jackson-datatype-jdk8 ---
[INFO] Source directory: /tmp/tmpmzz5fbks/jackson-datatype-jdk8/target/generated-sources added.
[INFO] 
[INFO] --- replacer:1.5.2:replace (process-packageVersion) @ jackson-datatype-jdk8 ---
[INFO] Replacement run on 1 file.
[INFO] 
[INFO] --- maven-resources-plugin:2.6:resources (default-resources) @ jackson-datatype-jdk8 ---
[INFO] Using 'UTF-8' encoding to copy filtered resources.
[INFO] Copying 2 resources
[INFO] 
[INFO] --- maven-compiler-plugin:3.2:compile (default-compile) @ jackson-datatype-jdk8 ---
[INFO] Changes detected - recompiling the module!
[INFO] Compiling 16 source files to /tmp/tmpmzz5fbks/jackson-datatype-jdk8/target/classes
[INFO] 
[INFO] --- maven-resources-plugin:2.6:testResources (default-testResources) @ jackson-datatype-jdk8 ---
[INFO] Using 'UTF-8' encoding to copy filtered resources.
[INFO] skip non existing resourceDirectory /tmp/tmpmzz5fbks/jackson-datatype-jdk8/src/test/resources
[INFO] 
[INFO] --- maven-compiler-plugin:3.2:testCompile (default-testCompile) @ jackson-datatype-jdk8 ---
[INFO] Changes detected - recompiling the module!
[INFO] Compiling 11 source files to /tmp/tmpmzz5fbks/jackson-datatype-jdk8/target/test-classes
[INFO] 
[INFO] --- maven-surefire-plugin:2.17:test (default-test) @ jackson-datatype-jdk8 ---
[INFO] Surefire report directory: /tmp/tmpmzz5fbks/jackson-datatype-jdk8/target/surefire-reports

-------------------------------------------------------
 T E S T S
-------------------------------------------------------
Running com.fasterxml.jackson.datatype.jdk8.TestOptionalWithPolymorphic
Tests run: 4, Failures: 0, Errors: 0, Skipped: 0, Time elapsed: 0.639 sec - in com.fasterxml.jackson.datatype.jdk8.TestOptionalWithPolymorphic
Running com.fasterxml.jackson.datatype.jdk8.OptionalUnwrappedTest
Tests run: 3, Failures: 0, Errors: 0, Skipped: 0, Time elapsed: 0.01 sec - in com.fasterxml.jackson.datatype.jdk8.OptionalUnwrappedTest
Running com.fasterxml.jackson.datatype.jdk8.OptionalTest
Tests run: 15, Failures: 0, Errors: 0, Skipped: 0, Time elapsed: 0.055 sec - in com.fasterxml.jackson.datatype.jdk8.OptionalTest
Running com.fasterxml.jackson.datatype.jdk8.OptionalnclusionTest
Tests run: 3, Failures: 0, Errors: 0, Skipped: 0, Time elapsed: 0.018 sec - in com.fasterxml.jackson.datatype.jdk8.OptionalnclusionTest
Running com.fasterxml.jackson.datatype.jdk8.OptionalBasicTest
Tests run: 21, Failures: 0, Errors: 0, Skipped: 0, Time elapsed: 0.049 sec - in com.fasterxml.jackson.datatype.jdk8.OptionalBasicTest
Running com.fasterxml.jackson.datatype.jdk8.PolymoprhicOptionalTest
Tests run: 1, Failures: 0, Errors: 0, Skipped: 0, Time elapsed: 0.005 sec - in com.fasterxml.jackson.datatype.jdk8.PolymoprhicOptionalTest
Running com.fasterxml.jackson.datatype.jdk8.TestConfigureAbsentsAsNulls
Tests run: 4, Failures: 0, Errors: 0, Skipped: 0, Time elapsed: 0.008 sec - in com.fasterxml.jackson.datatype.jdk8.TestConfigureAbsentsAsNulls
Running com.fasterxml.jackson.datatype.jdk8.CreatorTest
Tests run: 1, Failures: 0, Errors: 0, Skipped: 0, Time elapsed: 0.002 sec - in com.fasterxml.jackson.datatype.jdk8.CreatorTest
Running com.fasterxml.jackson.datatype.jdk8.SchemaVisitorTest
Tests run: 3, Failures: 0, Errors: 0, Skipped: 0, Time elapsed: 0.005 sec - in com.fasterxml.jackson.datatype.jdk8.SchemaVisitorTest

Results :

Tests run: 55, Failures: 0, Errors: 0, Skipped: 0

[INFO] 
[INFO] --- maven-bundle-plugin:2.5.3:bundle (default-bundle) @ jackson-datatype-jdk8 ---
[INFO] 
[INFO] --- maven-site-plugin:3.1:attach-descriptor (attach-descriptor) @ jackson-datatype-jdk8 ---
[INFO] 
[INFO] --- maven-assembly-plugin:3.2.0:single (default) @ jackson-datatype-jdk8 ---
[INFO] Building jar: /tmp/tmpmzz5fbks/jackson-datatype-jdk8/target/jackson-datatype-jdk8-2.7.1-jar-with-dependencies.jar
[INFO] ------------------------------------------------------------------------
[INFO] BUILD SUCCESS
[INFO] ------------------------------------------------------------------------
[INFO] Total time:  15.039 s
[INFO] Finished at: 2020-07-30T15:25:50Z
[INFO] ------------------------------------------------------------------------
