[INFO] Error stacktraces are turned on.
[INFO] Scanning for projects...
[INFO] Inspecting build with total of 1 modules...
[INFO] Installing Nexus Staging features:
[INFO]   ... total of 1 executions of maven-deploy-plugin replaced with nexus-staging-maven-plugin
[INFO] 
[INFO] -------------------< pl.joegreen:lambda-from-string >-------------------
[INFO] Building Lambda from String 1.7-SNAPSHOT
[INFO] --------------------------------[ jar ]---------------------------------
[INFO] 
[INFO] --- jacoco-maven-plugin:0.8.5:prepare-agent (default) @ lambda-from-string ---
[INFO] argLine set to -javaagent:/home/jdbl/.m2/repository/org/jacoco/org.jacoco.agent/0.8.5/org.jacoco.agent-0.8.5-runtime.jar=destfile=/tmp/tmpjvz3o5rr/lambdaFromString/target/jacoco.exec
[INFO] 
[INFO] --- maven-resources-plugin:2.6:resources (default-resources) @ lambda-from-string ---
[INFO] Using 'UTF-8' encoding to copy filtered resources.
[INFO] Copying 1 resource
[INFO] 
[INFO] --- maven-compiler-plugin:2.5.1:compile (default-compile) @ lambda-from-string ---
[INFO] Compiling 19 source files to /tmp/tmpjvz3o5rr/lambdaFromString/target/classes
[INFO] 
[INFO] --- maven-resources-plugin:2.6:testResources (default-testResources) @ lambda-from-string ---
[INFO] Using 'UTF-8' encoding to copy filtered resources.
[INFO] Copying 3 resources
[INFO] 
[INFO] --- maven-compiler-plugin:2.5.1:testCompile (default-testCompile) @ lambda-from-string ---
[INFO] Compiling 5 source files to /tmp/tmpjvz3o5rr/lambdaFromString/target/test-classes
[INFO] 
[INFO] --- maven-surefire-plugin:2.19.1:test (default-test) @ lambda-from-string ---
[INFO] Surefire report directory: /tmp/tmpjvz3o5rr/lambdaFromString/target/surefire-reports

-------------------------------------------------------
 T E S T S
-------------------------------------------------------
Running pl.joegreen.lambdaFromString.LambdaFactoryTest
Tests run: 38, Failures: 0, Errors: 0, Skipped: 0, Time elapsed: 6.665 sec - in pl.joegreen.lambdaFromString.LambdaFactoryTest
Running pl.joegreen.lambdaFromString.LambdaFactoryConfigurationTest
Tests run: 3, Failures: 0, Errors: 0, Skipped: 0, Time elapsed: 0.005 sec - in pl.joegreen.lambdaFromString.LambdaFactoryConfigurationTest

Results :

Tests run: 41, Failures: 0, Errors: 0, Skipped: 0

[INFO] 
[INFO] --- jacoco-maven-plugin:0.8.5:report (report) @ lambda-from-string ---
[INFO] Loading execution data file /tmp/tmpjvz3o5rr/lambdaFromString/target/jacoco.exec
[INFO] Analyzed bundle 'Lambda from String' with 259 classes
[INFO] ------------------------------------------------------------------------
[INFO] BUILD SUCCESS
[INFO] ------------------------------------------------------------------------
[INFO] Total time:  25.754 s
[INFO] Finished at: 2020-07-30T20:53:47Z
[INFO] ------------------------------------------------------------------------
