[INFO] Error stacktraces are turned on.
[INFO] Scanning for projects...
[INFO] Inspecting build with total of 1 modules...
[INFO] Installing Nexus Staging features:
[INFO]   ... total of 1 executions of maven-deploy-plugin replaced with nexus-staging-maven-plugin
[INFO] 
[INFO] ------------------< com.github.felixgail:gplaymusic >-------------------
[INFO] Building com.github.felixgail:gplaymusic 0.4.0
[INFO] --------------------------------[ jar ]---------------------------------
[INFO] 
[INFO] --- jacoco-maven-plugin:0.8.5:prepare-agent (default) @ gplaymusic ---
[INFO] argLine set to -javaagent:/home/jdbl/.m2/repository/org/jacoco/org.jacoco.agent/0.8.5/org.jacoco.agent-0.8.5-runtime.jar=destfile=/tmp/tmpjy3a_kky/gplaymusic/target/jacoco.exec
[INFO] 
[INFO] --- maven-resources-plugin:2.6:resources (default-resources) @ gplaymusic ---
[INFO] Using 'UTF-8' encoding to copy filtered resources.
[INFO] Copying 2 resources
[INFO] 
[INFO] --- maven-compiler-plugin:3.8.0:compile (default-compile) @ gplaymusic ---
[INFO] Changes detected - recompiling the module!
[INFO] Compiling 78 source files to /tmp/tmpjy3a_kky/gplaymusic/target/classes
[INFO] 
[INFO] --- maven-resources-plugin:2.6:testResources (default-testResources) @ gplaymusic ---
[INFO] Using 'UTF-8' encoding to copy filtered resources.
[INFO] skip non existing resourceDirectory /tmp/tmpjy3a_kky/gplaymusic/src/test/resources
[INFO] 
[INFO] --- maven-compiler-plugin:3.8.0:testCompile (default-testCompile) @ gplaymusic ---
[INFO] Changes detected - recompiling the module!
[INFO] Compiling 11 source files to /tmp/tmpjy3a_kky/gplaymusic/target/test-classes
[INFO] 
[INFO] --- maven-surefire-plugin:2.19.1:test (default-test) @ gplaymusic ---
[INFO] Surefire report directory: /tmp/tmpjy3a_kky/gplaymusic/target/surefire-reports

-------------------------------------------------------
 T E S T S
-------------------------------------------------------
Running com.github.felixgail.gplaymusic.FreeUserTest
Tests run: 1, Failures: 0, Errors: 0, Skipped: 1, Time elapsed: 0.058 sec - in com.github.felixgail.gplaymusic.FreeUserTest
Running com.github.felixgail.gplaymusic.ArtistTest
gplaymusic.properties file not found. Most test will not be executed.
Tests run: 1, Failures: 0, Errors: 0, Skipped: 1, Time elapsed: 0.001 sec - in com.github.felixgail.gplaymusic.ArtistTest
Running com.github.felixgail.gplaymusic.PlaylistTest
Tests run: 1, Failures: 0, Errors: 0, Skipped: 1, Time elapsed: 0 sec - in com.github.felixgail.gplaymusic.PlaylistTest
Running com.github.felixgail.gplaymusic.VideoTest
Tests run: 1, Failures: 0, Errors: 0, Skipped: 1, Time elapsed: 0 sec - in com.github.felixgail.gplaymusic.VideoTest
Running com.github.felixgail.gplaymusic.TrackTest
Tests run: 1, Failures: 0, Errors: 0, Skipped: 1, Time elapsed: 0 sec - in com.github.felixgail.gplaymusic.TrackTest
Running com.github.felixgail.gplaymusic.TestListenNowItem
Tests run: 1, Failures: 0, Errors: 0, Skipped: 1, Time elapsed: 0 sec - in com.github.felixgail.gplaymusic.TestListenNowItem
Running com.github.felixgail.gplaymusic.StationTest
Tests run: 1, Failures: 0, Errors: 0, Skipped: 1, Time elapsed: 0 sec - in com.github.felixgail.gplaymusic.StationTest
Running com.github.felixgail.gplaymusic.LanguageTest
Jul 30, 2020 9:53:08 PM com.github.felixgail.gplaymusic.util.language.Language get
WARNING: Aktuelle Sprachdatei (de_DE) enthält keinen Schlüssel 'test.OnlyInUS'! Ausweichen auf Rückfalldatei.
Jul 30, 2020 9:53:08 PM com.github.felixgail.gplaymusic.util.language.Language get
WARNING: Language file en_US did not contain key 'qeasldkfjoicjasdf.awek'! Using default.
Jul 30, 2020 9:53:08 PM com.github.felixgail.gplaymusic.util.language.Language get
WARNING: Default language file en_US did not contain key 'qeasldkfjoicjasdf.awek'! Replacing with key.
Tests run: 5, Failures: 0, Errors: 0, Skipped: 0, Time elapsed: 0.011 sec - in com.github.felixgail.gplaymusic.LanguageTest
Running com.github.felixgail.gplaymusic.TestListenNowSituation
Tests run: 1, Failures: 0, Errors: 0, Skipped: 1, Time elapsed: 0 sec - in com.github.felixgail.gplaymusic.TestListenNowSituation

Results :

Tests run: 13, Failures: 0, Errors: 0, Skipped: 8

[INFO] 
[INFO] --- jacoco-maven-plugin:0.8.5:report (report) @ gplaymusic ---
[INFO] Loading execution data file /tmp/tmpjy3a_kky/gplaymusic/target/jacoco.exec
[INFO] Analyzed bundle 'com.github.felixgail:gplaymusic' with 315 classes
[INFO] ------------------------------------------------------------------------
[INFO] BUILD SUCCESS
[INFO] ------------------------------------------------------------------------
[INFO] Total time:  18.215 s
[INFO] Finished at: 2020-07-30T21:53:09Z
[INFO] ------------------------------------------------------------------------
