[INFO] Error stacktraces are turned on.
[INFO] Scanning for projects...
[INFO] 
[INFO] ------------< com.github.sbouclier:kraken-java-api-client >-------------
[INFO] Building kraken-java-api-client 1.0-SNAPSHOT
[INFO] --------------------------------[ jar ]---------------------------------
[INFO] 
[INFO] --- jacoco-maven-plugin:0.8.5:prepare-agent (default) @ kraken-java-api-client ---
[INFO] argLine set to -javaagent:/home/jdbl/.m2/repository/org/jacoco/org.jacoco.agent/0.8.5/org.jacoco.agent-0.8.5-runtime.jar=destfile=/tmp/tmp_xg077vh/kraken-java-api-client/target/jacoco.exec
[INFO] 
[INFO] --- maven-resources-plugin:2.6:resources (default-resources) @ kraken-java-api-client ---
[INFO] Using 'UTF-8' encoding to copy filtered resources.
[INFO] skip non existing resourceDirectory /tmp/tmp_xg077vh/kraken-java-api-client/src/main/resources
[INFO] 
[INFO] --- maven-compiler-plugin:3.6.1:compile (default-compile) @ kraken-java-api-client ---
[INFO] Changes detected - recompiling the module!
[INFO] Compiling 36 source files to /tmp/tmp_xg077vh/kraken-java-api-client/target/classes
[INFO] /tmp/tmp_xg077vh/kraken-java-api-client/src/main/java/com/github/sbouclier/KrakenAPIClient.java: Some input files use unchecked or unsafe operations.
[INFO] /tmp/tmp_xg077vh/kraken-java-api-client/src/main/java/com/github/sbouclier/KrakenAPIClient.java: Recompile with -Xlint:unchecked for details.
[INFO] 
[INFO] --- maven-resources-plugin:2.6:testResources (default-testResources) @ kraken-java-api-client ---
[INFO] Using 'UTF-8' encoding to copy filtered resources.
[INFO] Copying 24 resources
[INFO] 
[INFO] --- maven-compiler-plugin:3.6.1:testCompile (default-testCompile) @ kraken-java-api-client ---
[INFO] Changes detected - recompiling the module!
[INFO] Compiling 32 source files to /tmp/tmp_xg077vh/kraken-java-api-client/target/test-classes
[INFO] /tmp/tmp_xg077vh/kraken-java-api-client/src/test/java/com/github/sbouclier/KrakenAPIClientTest.java: /tmp/tmp_xg077vh/kraken-java-api-client/src/test/java/com/github/sbouclier/KrakenAPIClientTest.java uses unchecked or unsafe operations.
[INFO] /tmp/tmp_xg077vh/kraken-java-api-client/src/test/java/com/github/sbouclier/KrakenAPIClientTest.java: Recompile with -Xlint:unchecked for details.
[INFO] 
[INFO] --- maven-surefire-plugin:2.19.1:test (default-test) @ kraken-java-api-client ---
[INFO] Surefire report directory: /tmp/tmp_xg077vh/kraken-java-api-client/target/surefire-reports

-------------------------------------------------------
 T E S T S
-------------------------------------------------------
Running com.github.sbouclier.HttpJsonClientTest
read inputstream
read inputstream
Tests run: 12, Failures: 0, Errors: 0, Skipped: 0, Time elapsed: 0.876 sec - in com.github.sbouclier.HttpJsonClientTest
Running com.github.sbouclier.KrakenAPIClientTest
Tests run: 25, Failures: 0, Errors: 0, Skipped: 0, Time elapsed: 0.566 sec - in com.github.sbouclier.KrakenAPIClientTest
Running com.github.sbouclier.utils.ByteUtilsTest
Tests run: 3, Failures: 0, Errors: 0, Skipped: 0, Time elapsed: 0.001 sec - in com.github.sbouclier.utils.ByteUtilsTest
Running com.github.sbouclier.utils.CryptoUtilsTest
Tests run: 3, Failures: 0, Errors: 0, Skipped: 0, Time elapsed: 0.001 sec - in com.github.sbouclier.utils.CryptoUtilsTest
Running com.github.sbouclier.utils.StreamUtilsTest
Tests run: 1, Failures: 0, Errors: 0, Skipped: 0, Time elapsed: 0 sec - in com.github.sbouclier.utils.StreamUtilsTest
Running com.github.sbouclier.utils.Base64UtilsTest
Tests run: 2, Failures: 0, Errors: 0, Skipped: 0, Time elapsed: 0 sec - in com.github.sbouclier.utils.Base64UtilsTest
Running com.github.sbouclier.input.InfoInputTest
Tests run: 1, Failures: 0, Errors: 0, Skipped: 0, Time elapsed: 0 sec - in com.github.sbouclier.input.InfoInputTest
Running com.github.sbouclier.input.IntervalTest
Tests run: 1, Failures: 0, Errors: 0, Skipped: 0, Time elapsed: 0 sec - in com.github.sbouclier.input.IntervalTest
Running com.github.sbouclier.HttpApiClientTest
Tests run: 16, Failures: 0, Errors: 0, Skipped: 0, Time elapsed: 0.075 sec - in com.github.sbouclier.HttpApiClientTest
Running com.github.sbouclier.KrakenApiExceptionTest
Tests run: 3, Failures: 0, Errors: 0, Skipped: 0, Time elapsed: 0 sec - in com.github.sbouclier.KrakenApiExceptionTest
Running com.github.sbouclier.KrakenApiMethodTest
Tests run: 3, Failures: 0, Errors: 0, Skipped: 0, Time elapsed: 0 sec - in com.github.sbouclier.KrakenApiMethodTest
Running com.github.sbouclier.HttpApiClientFactoryTest
Tests run: 4, Failures: 0, Errors: 0, Skipped: 0, Time elapsed: 0.003 sec - in com.github.sbouclier.HttpApiClientFactoryTest
Running com.github.sbouclier.result.LedgersResultTest
Tests run: 1, Failures: 0, Errors: 0, Skipped: 0, Time elapsed: 0.02 sec - in com.github.sbouclier.result.LedgersResultTest
Running com.github.sbouclier.result.OpenOrdersResultTest
Tests run: 1, Failures: 0, Errors: 0, Skipped: 0, Time elapsed: 0 sec - in com.github.sbouclier.result.OpenOrdersResultTest
Running com.github.sbouclier.result.RecentSpreadResultTest
Tests run: 2, Failures: 0, Errors: 0, Skipped: 0, Time elapsed: 0 sec - in com.github.sbouclier.result.RecentSpreadResultTest
Running com.github.sbouclier.result.ServerTimeResultTest
Tests run: 1, Failures: 0, Errors: 0, Skipped: 0, Time elapsed: 0 sec - in com.github.sbouclier.result.ServerTimeResultTest
Running com.github.sbouclier.result.TradeBalanceResultTest
Tests run: 1, Failures: 0, Errors: 0, Skipped: 0, Time elapsed: 0 sec - in com.github.sbouclier.result.TradeBalanceResultTest
Running com.github.sbouclier.result.TradesInformationResultTest
Tests run: 1, Failures: 0, Errors: 0, Skipped: 0, Time elapsed: 0 sec - in com.github.sbouclier.result.TradesInformationResultTest
Running com.github.sbouclier.result.OrderBookResultTest
Tests run: 2, Failures: 0, Errors: 0, Skipped: 0, Time elapsed: 0 sec - in com.github.sbouclier.result.OrderBookResultTest
Running com.github.sbouclier.result.TickerInformationResultTest
Tests run: 1, Failures: 0, Errors: 0, Skipped: 0, Time elapsed: 0 sec - in com.github.sbouclier.result.TickerInformationResultTest
Running com.github.sbouclier.result.AssetPairsResultTest
Tests run: 2, Failures: 0, Errors: 0, Skipped: 0, Time elapsed: 0.052 sec - in com.github.sbouclier.result.AssetPairsResultTest
Running com.github.sbouclier.result.ClosedOrdersResultTest
Tests run: 1, Failures: 0, Errors: 0, Skipped: 0, Time elapsed: 0.007 sec - in com.github.sbouclier.result.ClosedOrdersResultTest
Running com.github.sbouclier.result.AssetsInformationResultTest
Tests run: 1, Failures: 0, Errors: 0, Skipped: 0, Time elapsed: 0.002 sec - in com.github.sbouclier.result.AssetsInformationResultTest
Running com.github.sbouclier.result.RecentTradeResultTest
Tests run: 1, Failures: 0, Errors: 0, Skipped: 0, Time elapsed: 0 sec - in com.github.sbouclier.result.RecentTradeResultTest
Running com.github.sbouclier.result.LedgersInformationResultTest
LedgersInformationResult[error=[],result=LedgersInformationResult.LedgersInformation[ledger={LKHYSJ-DXPLB-VDMZAL=LedgerInformation[referenceId=TFS77K-XLVZ2-C7OO5I,timestamp=1503053043,type=margin,assetClass=currency,asset=ZEUR,amount=-0.0004,fee=0.0119,balance=143.0436], LZTMUA-6Q3X3-HBFNXO=LedgerInformation[referenceId=TY3TFI-KXBN3-LEICZJ,timestamp=1503052721,type=margin,assetClass=currency,asset=XXBT,amount=0E-10,fee=0.0000054010,balance=0.0641989510], LKZ4J3-T7UGJ-LNBE52=LedgerInformation[referenceId=TCUXZY-IOYGE-D6D4VU,timestamp=1503050497,type=trade,assetClass=currency,asset=ZEUR,amount=7.3800,fee=0.0118,balance=143.0559], LBUQZJ-EDRPS-5L7TKJ=LedgerInformation[referenceId=TCUXZY-IOYGE-D6D4VU,timestamp=1503050497,type=trade,assetClass=currency,asset=XXBT,amount=-0.0020000000,fee=0E-10,balance=0.0642043520], LE2HUT-D4DG6-QGVJEL=LedgerInformation[referenceId=TCDPIN-K7TEP-QRAZQI,timestamp=1503017973,type=trade,assetClass=currency,asset=ZEUR,amount=-7.2000,fee=0.0115,balance=135.6877], LQMTK4-2SHO5-DEDQSB=LedgerInformation[referenceId=TCDPIN-K7TEP-QRAZQI,timestamp=1503017973,type=trade,assetClass=currency,asset=XXBT,amount=0.0020000000,fee=0E-10,balance=0.0662043520], LX5HG5-2CINA-HLTG7O=LedgerInformation[referenceId=TZDPHK-SWBOS-FANVIQ,timestamp=1503014115,type=trade,assetClass=currency,asset=ZEUR,amount=-18.2500,fee=0.0292,balance=142.8992], LIQY4A-CMJPX-ZM4KVB=LedgerInformation[referenceId=TZDPHK-SWBOS-FANVIQ,timestamp=1503014115,type=trade,assetClass=currency,asset=XXBT,amount=0.0050000000,fee=0E-10,balance=0.0642043520], LFOISF-4S6V6-PXCZTM=LedgerInformation[referenceId=TBKW74-IIBSM-LPZRWW,timestamp=1502988632,type=trade,assetClass=currency,asset=ZEUR,amount=-18.4500,fee=0.0295,balance=161.1784], LDZKFA-36P2E-ZR2YEU=LedgerInformation[referenceId=TBKW74-IIBSM-LPZRWW,timestamp=1502988632,type=trade,assetClass=currency,asset=XXBT,amount=0.0050000000,fee=0E-10,balance=0.0592043520], LOMGZU-B5E2L-OMUWKI=LedgerInformation[referenceId=TW2JUT-MIK3P-RML5VC,timestamp=1502984067,type=trade,assetClass=currency,asset=ZEUR,amount=-38.1500,fee=0.0610,balance=179.6579], LDE7BD-VRY5K-76WOP2=LedgerInformation[referenceId=TW2JUT-MIK3P-RML5VC,timestamp=1502984067,type=trade,assetClass=currency,asset=XXBT,amount=0.0100000000,fee=0E-10,balance=0.0542043520], L7LLCV-ZYFDC-6RXH5K=LedgerInformation[referenceId=TKA24P-Q3KRM-UWMQIN,timestamp=1502963097,type=trade,assetClass=currency,asset=ZEUR,amount=7.6000,fee=0.0122,balance=217.8689], LPLBRL-HQK2I-BT3ARM=LedgerInformation[referenceId=TKA24P-Q3KRM-UWMQIN,timestamp=1502963097,type=trade,assetClass=currency,asset=XXBT,amount=-0.0020000000,fee=0E-10,balance=0.0442043520], L37KKA-M7PHP-36CW7C=LedgerInformation[referenceId=TS2PR7-KQHKV-CSHO7I,timestamp=1502962690,type=trade,assetClass=currency,asset=ZEUR,amount=7.5600,fee=0.0121,balance=210.2811], LVMY6R-PIDL4-VKUEXI=LedgerInformation[referenceId=TS2PR7-KQHKV-CSHO7I,timestamp=1502962690,type=trade,assetClass=currency,asset=XXBT,amount=-0.0020000000,fee=0E-10,balance=0.0462043520], LHYE4T-MTYSY-X2N2YE=LedgerInformation[referenceId=TLO6HN-S2K4M-URGU2B,timestamp=1502768883,type=trade,assetClass=currency,asset=ZEUR,amount=7.5000,fee=0.0120,balance=202.7332], LQRONH-7DNLA-U4NL52=LedgerInformation[referenceId=TLO6HN-S2K4M-URGU2B,timestamp=1502768883,type=trade,assetClass=currency,asset=XXBT,amount=-0.0020000000,fee=0E-10,balance=0.0482043520], LA2EAP-FY6J4-BNVTTZ=LedgerInformation[referenceId=TRPPIP-IFGAW-OOSGSJ,timestamp=1502762921,type=trade,assetClass=currency,asset=ZEUR,amount=7.4800,fee=0.0120,balance=195.2452], LZFG54-PBNYT-GCPZMS=LedgerInformation[referenceId=TRPPIP-IFGAW-OOSGSJ,timestamp=1502762921,type=trade,assetClass=currency,asset=XXBT,amount=-0.0020000000,fee=0E-10,balance=0.0502043520], LTNYVA-AXXLN-PMF5QL=LedgerInformation[referenceId=QCCOSHM-SNRMFN-QXHIPC,timestamp=1502737992,type=deposit,assetClass=currency,asset=ZEUR,amount=5.0000,fee=0.0000,balance=187.7772], LCBTK7-PVBVL-6RCJ2S=LedgerInformation[referenceId=QGBFIM6-2PBYHA-JJGJ3T,timestamp=1502622797,type=deposit,assetClass=currency,asset=XXBT,amount=0.0500000000,fee=0E-10,balance=0.0522043520], LTN64D-KD7BW-SI2ART=LedgerInformation[referenceId=TJJST2-XIL4M-XWLLFC,timestamp=1502617527,type=trade,assetClass=currency,asset=ZEUR,amount=17.5500,fee=0.0456,balance=182.7772], LP5DIK-623P5-IM73ME=LedgerInformation[referenceId=TJJST2-XIL4M-XWLLFC,timestamp=1502617527,type=trade,assetClass=currency,asset=XXBT,amount=-0.0050000000,fee=0E-10,balance=0.0022043520], LM6MM6-HJXUN-GETDLK=LedgerInformation[referenceId=TUXJ7K-IGABR-GOIT3V,timestamp=1502094463,type=trade,assetClass=currency,asset=ZEUR,amount=15.0000,fee=0.0240,balance=165.2728], LJQ62A-ZNZXO-JSO4BD=LedgerInformation[referenceId=TUXJ7K-IGABR-GOIT3V,timestamp=1502094463,type=trade,assetClass=currency,asset=BCH,amount=-0.0500000000,fee=0E-10,balance=0.1472043520], LIUOR6-HK4E5-7KX3XE=LedgerInformation[referenceId=TZPASM-ZEK2Q-WLANDF,timestamp=1501922417,type=trade,assetClass=currency,asset=ZEUR,amount=81.0000,fee=0.2106,balance=150.2968], LEU6WE-HW2XM-IWXLDM=LedgerInformation[referenceId=TZPASM-ZEK2Q-WLANDF,timestamp=1501922417,type=trade,assetClass=currency,asset=XXBT,amount=-0.0300000000,fee=0E-10,balance=0.0072043520], LBJQFH-6B5KS-F55MUB=LedgerInformation[referenceId=TGPNIK-NSSXI-CU3F3H,timestamp=1501907545,type=trade,assetClass=currency,asset=ZEUR,amount=13.0000,fee=0.0208,balance=69.5074], LAOTYN-IMYRC-JE6OYX=LedgerInformation[referenceId=TGPNIK-NSSXI-CU3F3H,timestamp=1501907545,type=trade,assetClass=currency,asset=XXBT,amount=-0.0050000000,fee=0E-10,balance=0.0372043520], LDUTI7-GZGE3-HFRKLL=LedgerInformation[referenceId=TAA6DL-IUHU4-WN3WT6,timestamp=1501902921,type=trade,assetClass=currency,asset=ZEUR,amount=12.5000,fee=0.0200,balance=56.5282], LCNVIV-UWW5R-P6DORM=LedgerInformation[referenceId=TAA6DL-IUHU4-WN3WT6,timestamp=1501902921,type=trade,assetClass=currency,asset=XXBT,amount=-0.0050000000,fee=0E-10,balance=0.0422043520], LQS7MS-Z3NZS-SLUP5I=LedgerInformation[referenceId=TAP5E5-BITBY-GNTE22,timestamp=1501859430,type=trade,assetClass=currency,asset=ZEUR,amount=14.0000,fee=0.0224,balance=44.0482], LOTOAV-GINYF-WQG2DN=LedgerInformation[referenceId=TAP5E5-BITBY-GNTE22,timestamp=1501859430,type=trade,assetClass=currency,asset=BCH,amount=-0.0500000000,fee=0E-10,balance=0.1972043520], LDB7RJ-3GYCD-JT3UT5=LedgerInformation[referenceId=TB3RXM-IECVW-KPXCGV,timestamp=1501857154,type=trade,assetClass=currency,asset=ZEUR,amount=-11.5000,fee=0.0184,balance=30.0706], LQPQW2-MSTMO-ILXYBQ=LedgerInformation[referenceId=TB3RXM-IECVW-KPXCGV,timestamp=1501857154,type=trade,assetClass=currency,asset=BCH,amount=0.0500000000,fee=0E-10,balance=0.2472043520], LTZZ2G-XDKBY-2S2FYT=LedgerInformation[referenceId=TA6NVQ-YZBRD-S3HQ7P,timestamp=1501842329,type=trade,assetClass=currency,asset=ZEUR,amount=-13.7000,fee=0.0219,balance=41.5890], LZQGEV-WPJX2-NWU3IX=LedgerInformation[referenceId=TA6NVQ-YZBRD-S3HQ7P,timestamp=1501842329,type=trade,assetClass=currency,asset=BCH,amount=0.0500000000,fee=0E-10,balance=0.1972043520], LITOQI-4VM23-I7YLNG=LedgerInformation[referenceId=TMULT7-Y5DXM-LWHPFJ,timestamp=1501835174,type=trade,assetClass=currency,asset=ZEUR,amount=-30.8000,fee=0.0493,balance=55.3109], LBW26L-EQALP-ORVW4Z=LedgerInformation[referenceId=TMULT7-Y5DXM-LWHPFJ,timestamp=1501835174,type=trade,assetClass=currency,asset=BCH,amount=0.1000000000,fee=0E-10,balance=0.1472043520], LSKXKN-UVXQY-LI4UMA=LedgerInformation[referenceId=LAUSUGA-RNIO2-EMVLWO,timestamp=1501606974,type=transfer,assetClass=currency,asset=BCH,amount=0.0472043520,fee=0E-10,balance=0.0472043520], LBURUO-VJA5P-2RLA3F=LedgerInformation[referenceId=TSI4RY-QZ54U-RZKUPO,timestamp=1500589519,type=trade,assetClass=currency,asset=ZEUR,amount=7.2000,fee=0.0115,balance=86.1602], LLDLZK-EXONS-TZ6NJ7=LedgerInformation[referenceId=TSI4RY-QZ54U-RZKUPO,timestamp=1500589519,type=trade,assetClass=currency,asset=XXBT,amount=-0.0030000000,fee=0E-10,balance=0.0472043520], L6DWXL-6U6L6-MXE5CK=LedgerInformation[referenceId=TNCLIX-TASQC-LWVDVN,timestamp=1500550632,type=trade,assetClass=currency,asset=ZEUR,amount=42.0000,fee=0.0672,balance=78.9717], LQ7V4U-E3443-6F2IZ5=LedgerInformation[referenceId=TNCLIX-TASQC-LWVDVN,timestamp=1500550632,type=trade,assetClass=currency,asset=XXBT,amount=-0.0200000000,fee=0E-10,balance=0.0502043520], LQVTZL-BBIQL-MCP6R5=LedgerInformation[referenceId=TLHOL6-N5FQD-57CRVM,timestamp=1500311497,type=trade,assetClass=currency,asset=ZEUR,amount=36.2000,fee=0.0579,balance=37.0389], LJ44I4-CJ5KC-RL363Y=LedgerInformation[referenceId=TLHOL6-N5FQD-57CRVM,timestamp=1500311497,type=trade,assetClass=currency,asset=XXBT,amount=-0.0200000000,fee=0E-10,balance=0.0702043520], LNZ4IC-J3AGL-Z3IN2B=LedgerInformation[referenceId=QGBQIKH-XI2SLX-647YB4,timestamp=1499900607,type=deposit,assetClass=currency,asset=XXBT,amount=0.0200000000,fee=0E-10,balance=0.0902043520], LM2SVZ-D5R7N-HAKN7C=LedgerInformation[referenceId=QGBRLJI-IX6GHN-TWPYYY,timestamp=1499807955,type=deposit,assetClass=currency,asset=XXBT,amount=0.0300000000,fee=0E-10,balance=0.0702043520], LFMI4N-LFHZD-TRY6CE=LedgerInformation[referenceId=TQNQ4R-3JW7T-ZQC7E2,timestamp=1499755218,type=trade,assetClass=currency,asset=ZEUR,amount=-4.0000,fee=0.0064,balance=0.8968]},count=124]]
Tests run: 1, Failures: 0, Errors: 0, Skipped: 0, Time elapsed: 0.026 sec - in com.github.sbouclier.result.LedgersInformationResultTest
Running com.github.sbouclier.result.OpenPositionsResultTest
Tests run: 1, Failures: 0, Errors: 0, Skipped: 0, Time elapsed: 0 sec - in com.github.sbouclier.result.OpenPositionsResultTest
Running com.github.sbouclier.result.TradesHistoryResultTest
Tests run: 1, Failures: 0, Errors: 0, Skipped: 0, Time elapsed: 0 sec - in com.github.sbouclier.result.TradesHistoryResultTest
Running com.github.sbouclier.result.TradeVolumeResultTest
Tests run: 1, Failures: 0, Errors: 0, Skipped: 0, Time elapsed: 0 sec - in com.github.sbouclier.result.TradeVolumeResultTest
Running com.github.sbouclier.result.OrdersInformationResultTest
Tests run: 1, Failures: 0, Errors: 0, Skipped: 0, Time elapsed: 0 sec - in com.github.sbouclier.result.OrdersInformationResultTest
Running com.github.sbouclier.result.OHLCResultTest
Tests run: 1, Failures: 0, Errors: 0, Skipped: 0, Time elapsed: 0 sec - in com.github.sbouclier.result.OHLCResultTest

Results :

Tests run: 95, Failures: 0, Errors: 0, Skipped: 0

[INFO] 
[INFO] --- jacoco-maven-plugin:0.8.5:report (report) @ kraken-java-api-client ---
[INFO] Loading execution data file /tmp/tmp_xg077vh/kraken-java-api-client/target/jacoco.exec
[INFO] Analyzed bundle 'kraken-java-api-client' with 309 classes
[INFO] ------------------------------------------------------------------------
[INFO] BUILD SUCCESS
[INFO] ------------------------------------------------------------------------
[INFO] Total time:  13.704 s
[INFO] Finished at: 2020-07-30T23:11:50Z
[INFO] ------------------------------------------------------------------------
