[INFO] Error stacktraces are turned on.
[INFO] Scanning for projects...
[INFO] 
[INFO] ---------------------< uk.ac.ox.it:cucm-http-api >----------------------
[INFO] Building cucm-http-api 1.0-SNAPSHOT
[INFO] --------------------------------[ jar ]---------------------------------
[INFO] 
[INFO] --- jacoco-maven-plugin:0.8.5:prepare-agent (default) @ cucm-http-api ---
[INFO] argLine set to -javaagent:/home/jdbl/.m2/repository/org/jacoco/org.jacoco.agent/0.8.5/org.jacoco.agent-0.8.5-runtime.jar=destfile=/tmp/tmp8ikyj3aa/cucm-http-api/target/jacoco.exec
[INFO] 
[INFO] --- maven-resources-plugin:2.6:resources (default-resources) @ cucm-http-api ---
[INFO] Using 'UTF-8' encoding to copy filtered resources.
[INFO] Copying 31 resources
[INFO] 
[INFO] --- maven-compiler-plugin:2.3.2:compile (default-compile) @ cucm-http-api ---
[INFO] Compiling 1662 source files to /tmp/tmp8ikyj3aa/cucm-http-api/target/classes
[WARNING] /tmp/tmp8ikyj3aa/cucm-http-api/src/main/java/uk/ac/ox/it/cha/resources/PhoneResource.java:[24,45] ElementNSImpl is internal proprietary API and may be removed in a future release
[WARNING] /tmp/tmp8ikyj3aa/cucm-http-api/src/main/java/uk/ac/ox/it/cha/resources/PhoneResource.java:[73,12] ElementNSImpl is internal proprietary API and may be removed in a future release
[WARNING] /tmp/tmp8ikyj3aa/cucm-http-api/src/main/java/uk/ac/ox/it/cha/resources/PhoneResource.java:[76,27] ElementNSImpl is internal proprietary API and may be removed in a future release
[INFO] 
[INFO] --- maven-resources-plugin:2.6:testResources (default-testResources) @ cucm-http-api ---
[INFO] Using 'UTF-8' encoding to copy filtered resources.
[INFO] Copying 2 resources
[INFO] 
[INFO] --- maven-compiler-plugin:2.3.2:testCompile (default-testCompile) @ cucm-http-api ---
[INFO] Compiling 3 source files to /tmp/tmp8ikyj3aa/cucm-http-api/target/test-classes
[INFO] 
[INFO] --- maven-surefire-plugin:2.19.1:test (default-test) @ cucm-http-api ---
[INFO] Surefire report directory: /tmp/tmp8ikyj3aa/cucm-http-api/target/surefire-reports

-------------------------------------------------------
 T E S T S
-------------------------------------------------------
Running uk.ac.ox.it.cha.representations.PhoneTest
Tests run: 2, Failures: 0, Errors: 0, Skipped: 0, Time elapsed: 0.822 sec - in uk.ac.ox.it.cha.representations.PhoneTest
Running uk.ac.ox.it.cha.representations.SpeeddialTest
Tests run: 4, Failures: 0, Errors: 0, Skipped: 0, Time elapsed: 0 sec - in uk.ac.ox.it.cha.representations.SpeeddialTest
Running uk.ac.ox.it.cha.resources.PhoneResourceTest
Tests run: 1, Failures: 0, Errors: 0, Skipped: 0, Time elapsed: 0.001 sec - in uk.ac.ox.it.cha.resources.PhoneResourceTest

Results :

Tests run: 7, Failures: 0, Errors: 0, Skipped: 0

[INFO] 
[INFO] --- jacoco-maven-plugin:0.8.5:report (report) @ cucm-http-api ---
[INFO] Loading execution data file /tmp/tmp8ikyj3aa/cucm-http-api/target/jacoco.exec
[INFO] Analyzed bundle 'cucm-http-api' with 2843 classes
[INFO] ------------------------------------------------------------------------
[INFO] BUILD SUCCESS
[INFO] ------------------------------------------------------------------------
[INFO] Total time:  25.950 s
[INFO] Finished at: 2020-07-30T22:14:07Z
[INFO] ------------------------------------------------------------------------
