[INFO] Error stacktraces are turned on.
[INFO] Scanning for projects...
[INFO] 
[INFO] ----------------< com.nibado.example:kafka-serializer >-----------------
[INFO] Building kafka-serializer 1.0-SNAPSHOT
[INFO] --------------------------------[ jar ]---------------------------------
[INFO] 
[INFO] --- jacoco-maven-plugin:0.8.5:prepare-agent (default) @ kafka-serializer ---
[INFO] argLine set to -javaagent:/home/jdbl/.m2/repository/org/jacoco/org.jacoco.agent/0.8.5/org.jacoco.agent-0.8.5-runtime.jar=destfile=/tmp/tmpzlemcwa1/kafka-serializer-example/target/jacoco.exec
[INFO] 
[INFO] --- maven-resources-plugin:2.6:resources (default-resources) @ kafka-serializer ---
[WARNING] Using platform encoding (UTF-8 actually) to copy filtered resources, i.e. build is platform dependent!
[INFO] Copying 1 resource
[INFO] 
[INFO] --- maven-compiler-plugin:3.1:compile (default-compile) @ kafka-serializer ---
[INFO] Changes detected - recompiling the module!
[WARNING] File encoding has not been set, using platform encoding UTF-8, i.e. build is platform dependent!
[INFO] Compiling 6 source files to /tmp/tmpzlemcwa1/kafka-serializer-example/target/classes
[INFO] 
[INFO] --- maven-resources-plugin:2.6:testResources (default-testResources) @ kafka-serializer ---
[WARNING] Using platform encoding (UTF-8 actually) to copy filtered resources, i.e. build is platform dependent!
[INFO] skip non existing resourceDirectory /tmp/tmpzlemcwa1/kafka-serializer-example/src/test/resources
[INFO] 
[INFO] --- maven-compiler-plugin:3.1:testCompile (default-testCompile) @ kafka-serializer ---
[INFO] Changes detected - recompiling the module!
[WARNING] File encoding has not been set, using platform encoding UTF-8, i.e. build is platform dependent!
[INFO] Compiling 4 source files to /tmp/tmpzlemcwa1/kafka-serializer-example/target/test-classes
[INFO] 
[INFO] --- maven-surefire-plugin:2.19.1:test (default-test) @ kafka-serializer ---
[INFO] Surefire report directory: /tmp/tmpzlemcwa1/kafka-serializer-example/target/surefire-reports

-------------------------------------------------------
 T E S T S
-------------------------------------------------------
Running com.nibado.example.kafka.serialization.JacksonReadingSerializerTest
Tests run: 4, Failures: 0, Errors: 0, Skipped: 0, Time elapsed: 0.731 sec - in com.nibado.example.kafka.serialization.JacksonReadingSerializerTest
Running com.nibado.example.kafka.serialization.KryoReadingSerializerTest
Tests run: 2, Failures: 0, Errors: 0, Skipped: 0, Time elapsed: 0.1 sec - in com.nibado.example.kafka.serialization.KryoReadingSerializerTest
Running com.nibado.example.kafka.serialization.StringReadingSerializerTest
Tests run: 2, Failures: 0, Errors: 0, Skipped: 0, Time elapsed: 0.06 sec - in com.nibado.example.kafka.serialization.StringReadingSerializerTest

Results :

Tests run: 8, Failures: 0, Errors: 0, Skipped: 0

[INFO] 
[INFO] --- jacoco-maven-plugin:0.8.5:report (report) @ kafka-serializer ---
[INFO] Loading execution data file /tmp/tmpzlemcwa1/kafka-serializer-example/target/jacoco.exec
[INFO] Analyzed bundle 'kafka-serializer' with 767 classes
[INFO] ------------------------------------------------------------------------
[INFO] BUILD SUCCESS
[INFO] ------------------------------------------------------------------------
[INFO] Total time:  9.217 s
[INFO] Finished at: 2020-07-31T08:57:30Z
[INFO] ------------------------------------------------------------------------
