[INFO] Error stacktraces are turned on.
[INFO] Scanning for projects...
[INFO] 
[INFO] -------------------< com.offbytwo.iclojure:iclojure >-------------------
[INFO] Building IClojure 1.3.0-SNAPSHOT
[INFO] --------------------------------[ jar ]---------------------------------
[INFO] 
[INFO] --- maven-enforcer-plugin:1.0:enforce (enforce-maven) @ iclojure ---
[INFO] 
[INFO] --- jacoco-maven-plugin:0.8.5:prepare-agent (default) @ iclojure ---
[INFO] argLine set to -javaagent:/home/jdbl/.m2/repository/org/jacoco/org.jacoco.agent/0.8.5/org.jacoco.agent-0.8.5-runtime.jar=destfile=/tmp/tmphhhrz99p/IClojure/target/jacoco.exec
[INFO] 
[INFO] --- maven-resources-plugin:2.6:resources (default-resources) @ iclojure ---
[INFO] Using 'UTF-8' encoding to copy filtered resources.
[INFO] Copying 1 resource
[INFO] 
[INFO] --- maven-compiler-plugin:3.0:compile (default-compile) @ iclojure ---
[INFO] Changes detected - recompiling the module!
[INFO] Compiling 17 source files to /tmp/tmphhhrz99p/IClojure/target/classes
[WARNING] /tmp/tmphhhrz99p/IClojure/src/main/java/com/offbytwo/iclojure/signals/ControlCSignalHandler.java:[4,16] sun.misc.Signal is internal proprietary API and may be removed in a future release
[WARNING] /tmp/tmphhhrz99p/IClojure/src/main/java/com/offbytwo/iclojure/signals/ControlCSignalHandler.java:[5,16] sun.misc.SignalHandler is internal proprietary API and may be removed in a future release
[WARNING] /tmp/tmphhhrz99p/IClojure/src/main/java/com/offbytwo/iclojure/signals/ControlCSignalHandler.java:[9,47] sun.misc.SignalHandler is internal proprietary API and may be removed in a future release
[WARNING] /tmp/tmphhhrz99p/IClojure/src/main/java/com/offbytwo/iclojure/signals/ControlCSignalHandler.java:[18,9] sun.misc.Signal is internal proprietary API and may be removed in a future release
[WARNING] /tmp/tmphhhrz99p/IClojure/src/main/java/com/offbytwo/iclojure/signals/ControlCSignalHandler.java:[18,29] sun.misc.Signal is internal proprietary API and may be removed in a future release
[WARNING] /tmp/tmphhhrz99p/IClojure/src/main/java/com/offbytwo/iclojure/signals/ControlCSignalHandler.java:[19,9] sun.misc.Signal is internal proprietary API and may be removed in a future release
[WARNING] /tmp/tmphhhrz99p/IClojure/src/main/java/com/offbytwo/iclojure/signals/ControlCSignalHandler.java:[22,24] sun.misc.Signal is internal proprietary API and may be removed in a future release
[INFO] 
[INFO] --- maven-resources-plugin:2.6:testResources (default-testResources) @ iclojure ---
[INFO] Using 'UTF-8' encoding to copy filtered resources.
[INFO] skip non existing resourceDirectory /tmp/tmphhhrz99p/IClojure/src/test/resources
[INFO] 
[INFO] --- maven-compiler-plugin:3.0:testCompile (default-testCompile) @ iclojure ---
[INFO] Changes detected - recompiling the module!
[INFO] Compiling 3 source files to /tmp/tmphhhrz99p/IClojure/target/test-classes
[WARNING] /tmp/tmphhhrz99p/IClojure/src/test/java/com/offbytwo/iclojure/util/ReflectionUtilsTest.java: Some input files use or override a deprecated API.
[WARNING] /tmp/tmphhhrz99p/IClojure/src/test/java/com/offbytwo/iclojure/util/ReflectionUtilsTest.java: Recompile with -Xlint:deprecation for details.
[INFO] 
[INFO] --- maven-surefire-plugin:2.19.1:test (default-test) @ iclojure ---
[INFO] Surefire report directory: /tmp/tmphhhrz99p/IClojure/target/surefire-reports

-------------------------------------------------------
 T E S T S
-------------------------------------------------------
Running com.offbytwo.iclojure.util.ReflectionUtilsTest
Tests run: 3, Failures: 0, Errors: 0, Skipped: 0, Time elapsed: 0.039 sec - in com.offbytwo.iclojure.util.ReflectionUtilsTest
Running com.offbytwo.iclojure.util.StringUtilsTest
Tests run: 3, Failures: 0, Errors: 0, Skipped: 0, Time elapsed: 0 sec - in com.offbytwo.iclojure.util.StringUtilsTest
Running com.offbytwo.iclojure.InputOutputCacheTest
Tests run: 6, Failures: 0, Errors: 0, Skipped: 0, Time elapsed: 0.001 sec - in com.offbytwo.iclojure.InputOutputCacheTest

Results :

Tests run: 12, Failures: 0, Errors: 0, Skipped: 0

[INFO] 
[INFO] --- jacoco-maven-plugin:0.8.5:report (report) @ iclojure ---
[INFO] Loading execution data file /tmp/tmphhhrz99p/IClojure/target/jacoco.exec
[INFO] Analyzed bundle 'IClojure' with 106 classes
[INFO] ------------------------------------------------------------------------
[INFO] BUILD SUCCESS
[INFO] ------------------------------------------------------------------------
[INFO] Total time:  27.794 s
[INFO] Finished at: 2020-08-03T11:06:10Z
[INFO] ------------------------------------------------------------------------
