[INFO] Error stacktraces are turned on.
[INFO] Scanning for projects...
[WARNING] 
[WARNING] Some problems were encountered while building the effective model for uk.co.datumedge:hamcrest-json:jar:0.3-SNAPSHOT
[WARNING] Reporting configuration should be done in <reporting> section, not in maven-site-plugin <configuration> as reportPlugins parameter.
[WARNING] 
[WARNING] It is highly recommended to fix these problems because they threaten the stability of your build.
[WARNING] 
[WARNING] For this reason, future Maven versions might no longer support building such malformed projects.
[WARNING] 
[WARNING] The project uk.co.datumedge:hamcrest-json:jar:0.3-SNAPSHOT uses prerequisites which is only intended for maven-plugin projects but not for non maven-plugin projects. For such purposes you should use the maven-enforcer-plugin. See https://maven.apache.org/enforcer/enforcer-rules/requireMavenVersion.html
[INFO] 
[INFO] -------------------< uk.co.datumedge:hamcrest-json >--------------------
[INFO] Building Hamcrest JSON 0.3-SNAPSHOT
[INFO] --------------------------------[ jar ]---------------------------------
[INFO] 
[INFO] --- jacoco-maven-plugin:0.8.5:prepare-agent (default) @ hamcrest-json ---
[INFO] argLine set to -javaagent:/home/jdbl/.m2/repository/org/jacoco/org.jacoco.agent/0.8.5/org.jacoco.agent-0.8.5-runtime.jar=destfile=/tmp/tmp0n2v709j/hamcrest-json/target/jacoco.exec
[INFO] 
[INFO] --- maven-resources-plugin:2.6:resources (default-resources) @ hamcrest-json ---
[INFO] Using 'UTF-8' encoding to copy filtered resources.
[INFO] skip non existing resourceDirectory /tmp/tmp0n2v709j/hamcrest-json/src/main/resources
[INFO] 
[INFO] --- maven-compiler-plugin:2.5.1:compile (default-compile) @ hamcrest-json ---
[INFO] Compiling 11 source files to /tmp/tmp0n2v709j/hamcrest-json/target/classes
[INFO] 
[INFO] --- maven-resources-plugin:2.6:testResources (default-testResources) @ hamcrest-json ---
[INFO] Using 'UTF-8' encoding to copy filtered resources.
[INFO] skip non existing resourceDirectory /tmp/tmp0n2v709j/hamcrest-json/src/test/resources
[INFO] 
[INFO] --- maven-compiler-plugin:2.5.1:testCompile (default-testCompile) @ hamcrest-json ---
[INFO] Compiling 2 source files to /tmp/tmp0n2v709j/hamcrest-json/target/test-classes
[INFO] 
[INFO] --- maven-surefire-plugin:2.19.1:test (default-test) @ hamcrest-json ---
[INFO] Surefire report directory: /tmp/tmp0n2v709j/hamcrest-json/target/surefire-reports

-------------------------------------------------------
 T E S T S
-------------------------------------------------------
Running uk.co.datumedge.hamcrest.json.SameJSONAsTest
Tests run: 22, Failures: 0, Errors: 0, Skipped: 0, Time elapsed: 1.436 sec - in uk.co.datumedge.hamcrest.json.SameJSONAsTest

Results :

Tests run: 22, Failures: 0, Errors: 0, Skipped: 0

[INFO] 
[INFO] --- jacoco-maven-plugin:0.8.5:report (report) @ hamcrest-json ---
[INFO] Loading execution data file /tmp/tmp0n2v709j/hamcrest-json/target/jacoco.exec
[INFO] Analyzed bundle 'Hamcrest JSON' with 429 classes
[INFO] ------------------------------------------------------------------------
[INFO] BUILD SUCCESS
[INFO] ------------------------------------------------------------------------
[INFO] Total time:  9.350 s
[INFO] Finished at: 2020-07-30T15:30:37Z
[INFO] ------------------------------------------------------------------------
