[INFO] Error stacktraces are turned on.
[INFO] Scanning for projects...
[INFO] 
[INFO] ---------------------< TopicBrowser:TopicBrowser >----------------------
[INFO] Building TopicBrowser 0.0.1-SNAPSHOT
[INFO] --------------------------------[ jar ]---------------------------------
[WARNING] The POM for mac-biotex:mac-biotex:jar:3.0 is missing, no dependency information available
[WARNING] The POM for laml:laml:jar:1.6.2 is missing, no dependency information available
[WARNING] The POM for palmetto:palmetto:jar:0.1.2 is missing, no dependency information available
[WARNING] Could not validate integrity of download from file:///tmp/tmpfxv7e3p8/readitopics/repo/mac-biotex/mac-biotex/3.0/mac-biotex-3.0.jar: Checksum validation failed, no checksums available
[WARNING] Could not validate integrity of download from file:///tmp/tmpfxv7e3p8/readitopics/repo/laml/laml/1.6.2/laml-1.6.2.jar: Checksum validation failed, no checksums available
[WARNING] Could not validate integrity of download from file:///tmp/tmpfxv7e3p8/readitopics/repo/palmetto/palmetto/0.1.2/palmetto-0.1.2.jar: Checksum validation failed, no checksums available
[INFO] 
[INFO] --- jacoco-maven-plugin:0.8.5:prepare-agent (default) @ TopicBrowser ---
[INFO] argLine set to -javaagent:/home/jdbl/.m2/repository/org/jacoco/org.jacoco.agent/0.8.5/org.jacoco.agent-0.8.5-runtime.jar=destfile=/tmp/tmpfxv7e3p8/readitopics/target/jacoco.exec
[INFO] 
[INFO] --- maven-resources-plugin:2.6:resources (default-resources) @ TopicBrowser ---
[WARNING] Using platform encoding (UTF-8 actually) to copy filtered resources, i.e. build is platform dependent!
[INFO] Copying 102 resources
[INFO] 
[INFO] --- maven-compiler-plugin:2.3.2:compile (default-compile) @ TopicBrowser ---
[WARNING] File encoding has not been set, using platform encoding UTF-8, i.e. build is platform dependent!
[INFO] Compiling 115 source files to /tmp/tmpfxv7e3p8/readitopics/target/classes
[INFO] 
[INFO] --- maven-resources-plugin:2.6:testResources (default-testResources) @ TopicBrowser ---
[WARNING] Using platform encoding (UTF-8 actually) to copy filtered resources, i.e. build is platform dependent!
[INFO] skip non existing resourceDirectory /tmp/tmpfxv7e3p8/readitopics/src/test/resources
[INFO] 
[INFO] --- maven-compiler-plugin:2.3.2:testCompile (default-testCompile) @ TopicBrowser ---
[WARNING] File encoding has not been set, using platform encoding UTF-8, i.e. build is platform dependent!
[INFO] Compiling 1 source file to /tmp/tmpfxv7e3p8/readitopics/target/test-classes
[INFO] 
[INFO] --- maven-surefire-plugin:2.19.1:test (default-test) @ TopicBrowser ---
[INFO] Surefire report directory: /tmp/tmpfxv7e3p8/readitopics/target/surefire-reports

-------------------------------------------------------
 T E S T S
-------------------------------------------------------
Running utils.tests.DataCleaningTest
"Example of data with multiple " quotation marks "
\"Example of data with multiple \" quotation marks \"
\"Example of data with multiple \" quotation marks \"
Tests run: 1, Failures: 0, Errors: 0, Skipped: 0, Time elapsed: 0.136 sec - in utils.tests.DataCleaningTest

Results :

Tests run: 1, Failures: 0, Errors: 0, Skipped: 0

[INFO] 
[INFO] --- jacoco-maven-plugin:0.8.5:report (report) @ TopicBrowser ---
[INFO] Loading execution data file /tmp/tmpfxv7e3p8/readitopics/target/jacoco.exec
[INFO] Analyzed bundle 'TopicBrowser' with 1009 classes
[INFO] ------------------------------------------------------------------------
[INFO] BUILD SUCCESS
[INFO] ------------------------------------------------------------------------
[INFO] Total time:  32.953 s
[INFO] Finished at: 2020-07-30T15:38:41Z
[INFO] ------------------------------------------------------------------------
