[INFO] Error stacktraces are turned on.
[INFO] Scanning for projects...
[WARNING] 
[WARNING] Some problems were encountered while building the effective model for com:cv.parser:jar:0.0.1-SNAPSHOT
[WARNING] 'build.plugins.plugin.version' for org.apache.maven.plugins:maven-compiler-plugin is missing. @ line 8, column 15
[WARNING] 
[WARNING] It is highly recommended to fix these problems because they threaten the stability of your build.
[WARNING] 
[WARNING] For this reason, future Maven versions might no longer support building such malformed projects.
[WARNING] 
[INFO] 
[INFO] ---------------------------< com:cv.parser >----------------------------
[INFO] Building cv.parser 0.0.1-SNAPSHOT
[INFO] --------------------------------[ jar ]---------------------------------
[INFO] 
[INFO] --- jacoco-maven-plugin:0.8.5:prepare-agent (default) @ cv.parser ---
[INFO] argLine set to -javaagent:/home/jdbl/.m2/repository/org/jacoco/org.jacoco.agent/0.8.5/org.jacoco.agent-0.8.5-runtime.jar=destfile=/tmp/tmp2pnpfdnz/CVparser/target/jacoco.exec
[INFO] 
[INFO] --- maven-resources-plugin:2.6:resources (default-resources) @ cv.parser ---
[INFO] Using 'UTF-8' encoding to copy filtered resources.
[INFO] Copying 3 resources
[INFO] 
[INFO] --- maven-compiler-plugin:3.1:compile (default-compile) @ cv.parser ---
[INFO] Changes detected - recompiling the module!
[INFO] Compiling 30 source files to /tmp/tmp2pnpfdnz/CVparser/target/classes
[INFO] 
[INFO] --- maven-resources-plugin:2.6:testResources (default-testResources) @ cv.parser ---
[INFO] Using 'UTF-8' encoding to copy filtered resources.
[INFO] skip non existing resourceDirectory /tmp/tmp2pnpfdnz/CVparser/src/test/resources
[INFO] 
[INFO] --- maven-compiler-plugin:3.1:testCompile (default-testCompile) @ cv.parser ---
[INFO] Changes detected - recompiling the module!
[INFO] Compiling 3 source files to /tmp/tmp2pnpfdnz/CVparser/target/test-classes
[INFO] 
[INFO] --- maven-surefire-plugin:2.19.1:test (default-test) @ cv.parser ---
[INFO] Surefire report directory: /tmp/tmp2pnpfdnz/CVparser/target/surefire-reports

-------------------------------------------------------
 T E S T S
-------------------------------------------------------
Running com.cv.parser.saveas.WriteToFileTest
Tests run: 2, Failures: 0, Errors: 0, Skipped: 0, Time elapsed: 0.066 sec - in com.cv.parser.saveas.WriteToFileTest
Running com.cv.parser.RegexTest
OBJECTIVE Expedita facilis explicabo sit dolor porro laboriosam. Optio ab dolor non cumque. Veritatis mollitia accusantium quo. Dignissimos voluptas et. Aut aut ducimus sint magnam recusandae cupiditate optio. EXPERIENCE Qui et et possimus. Optio facere sit consequatur ratione qui rem tenetur. Et quaerat consequatur officia culpa aut. Sed repellat eius omnis laboriosam cupiditate veritatis. EDUCATION Quis quibusdam sint doloremque. Nemo iure voluptate porro quo sunt officia enim. Sapiente soluta recusandae. - [INFO ] 2020-07-31 06:28:58.371 [main] com.cv.parser.RegexTest 
object index 0 - [INFO ] 2020-07-31 06:28:58.380 [main] com.cv.parser.RegexTest 
index of following section 210 - [INFO ] 2020-07-31 06:28:58.380 [main] com.cv.parser.RegexTest 
OBJECTIVE Expedita facilis explicabo sit dolor porro laboriosam. Optio ab dolor non cumque. Veritatis mollitia accusantium quo. Dignissimos voluptas et. Aut aut ducimus sint magnam recusandae cupiditate optio.  - [INFO ] 2020-07-31 06:28:58.380 [main] com.cv.parser.RegexTest 
Tests run: 2, Failures: 0, Errors: 0, Skipped: 0, Time elapsed: 0.837 sec - in com.cv.parser.RegexTest
Running com.cv.parser.applicant.ParserHelperTest
Tests run: 4, Failures: 0, Errors: 0, Skipped: 0, Time elapsed: 0 sec - in com.cv.parser.applicant.ParserHelperTest

Results :

Tests run: 8, Failures: 0, Errors: 0, Skipped: 0

[INFO] 
[INFO] --- jacoco-maven-plugin:0.8.5:report (report) @ cv.parser ---
[INFO] Loading execution data file /tmp/tmp2pnpfdnz/CVparser/target/jacoco.exec
[INFO] Analyzed bundle 'cv.parser' with 554 classes
[INFO] ------------------------------------------------------------------------
[INFO] BUILD SUCCESS
[INFO] ------------------------------------------------------------------------
[INFO] Total time:  7.636 s
[INFO] Finished at: 2020-07-31T06:28:59Z
[INFO] ------------------------------------------------------------------------
