[INFO] Error stacktraces are turned on.
[INFO] Scanning for projects...
[INFO] 
[INFO] -----------------< de.delinero.copt:coupon-prototype >------------------
[INFO] Building coupon-prototype 0.2.2
[INFO] --------------------------------[ jar ]---------------------------------
[INFO] 
[INFO] --- jacoco-maven-plugin:0.8.5:prepare-agent (default) @ coupon-prototype ---
[INFO] argLine set to -javaagent:/home/jdbl/.m2/repository/org/jacoco/org.jacoco.agent/0.8.5/org.jacoco.agent-0.8.5-runtime.jar=destfile=/tmp/tmpaly78xb6/coupon-engine/target/jacoco.exec
[INFO] 
[INFO] --- maven-resources-plugin:2.6:resources (default-resources) @ coupon-prototype ---
[INFO] Using 'UTF-8' encoding to copy filtered resources.
[INFO] skip non existing resourceDirectory /tmp/tmpaly78xb6/coupon-engine/src/main/resources
[INFO] 
[INFO] --- maven-compiler-plugin:3.1:compile (default-compile) @ coupon-prototype ---
[INFO] Changes detected - recompiling the module!
[INFO] Compiling 25 source files to /tmp/tmpaly78xb6/coupon-engine/target/classes
[INFO] 
[INFO] --- maven-resources-plugin:2.6:testResources (default-testResources) @ coupon-prototype ---
[INFO] Using 'UTF-8' encoding to copy filtered resources.
[INFO] Copying 23 resources
[INFO] 
[INFO] --- maven-compiler-plugin:3.1:testCompile (default-testCompile) @ coupon-prototype ---
[INFO] Changes detected - recompiling the module!
[INFO] Compiling 12 source files to /tmp/tmpaly78xb6/coupon-engine/target/test-classes
[INFO] 
[INFO] --- maven-surefire-plugin:2.19.1:test (default-test) @ coupon-prototype ---
[INFO] Surefire report directory: /tmp/tmpaly78xb6/coupon-engine/target/surefire-reports

-------------------------------------------------------
 T E S T S
-------------------------------------------------------
Running de.delinero.copt.AppTest
Tests run: 4, Failures: 0, Errors: 0, Skipped: 0, Time elapsed: 1.059 sec - in de.delinero.copt.AppTest
Running de.delinero.copt.models.ArgumentsTest
Tests run: 12, Failures: 0, Errors: 0, Skipped: 0, Time elapsed: 0.003 sec - in de.delinero.copt.models.ArgumentsTest
Running de.delinero.copt.models.MessageTest
Tests run: 1, Failures: 0, Errors: 0, Skipped: 0, Time elapsed: 0 sec - in de.delinero.copt.models.MessageTest
Running de.delinero.copt.models.ScopeTest
Tests run: 1, Failures: 0, Errors: 0, Skipped: 0, Time elapsed: 0 sec - in de.delinero.copt.models.ScopeTest
Running de.delinero.copt.rules.RulesTest
Tests run: 7, Failures: 0, Errors: 0, Skipped: 0, Time elapsed: 0.091 sec - in de.delinero.copt.rules.RulesTest
Running de.delinero.copt.combinations.ValidationTest
Tests run: 4, Failures: 0, Errors: 0, Skipped: 0, Time elapsed: 0.085 sec - in de.delinero.copt.combinations.ValidationTest
Running de.delinero.copt.combinations.CombinationTest
Tests run: 4, Failures: 0, Errors: 0, Skipped: 0, Time elapsed: 0.044 sec - in de.delinero.copt.combinations.CombinationTest
Running de.delinero.copt.combinations.ApplicationTest
Tests run: 3, Failures: 0, Errors: 0, Skipped: 0, Time elapsed: 0.016 sec - in de.delinero.copt.combinations.ApplicationTest
Running de.delinero.copt.builders.CartBuilderTest
Tests run: 2, Failures: 0, Errors: 0, Skipped: 0, Time elapsed: 0.032 sec - in de.delinero.copt.builders.CartBuilderTest
Running de.delinero.copt.builders.CouponBuilderTest
Tests run: 2, Failures: 0, Errors: 0, Skipped: 0, Time elapsed: 0.004 sec - in de.delinero.copt.builders.CouponBuilderTest

Results :

Tests run: 40, Failures: 0, Errors: 0, Skipped: 0

[INFO] 
[INFO] --- jacoco-maven-plugin:0.8.5:report (report) @ coupon-prototype ---
[INFO] Loading execution data file /tmp/tmpaly78xb6/coupon-engine/target/jacoco.exec
[INFO] Analyzed bundle 'coupon-prototype' with 145 classes
[INFO] ------------------------------------------------------------------------
[INFO] BUILD SUCCESS
[INFO] ------------------------------------------------------------------------
[INFO] Total time:  8.634 s
[INFO] Finished at: 2020-07-30T20:27:43Z
[INFO] ------------------------------------------------------------------------
