[INFO] Error stacktraces are turned on.
[INFO] Scanning for projects...
[WARNING] The project org.jongo:jongo:jar:1.4.0 uses prerequisites which is only intended for maven-plugin projects but not for non maven-plugin projects. For such purposes you should use the maven-enforcer-plugin. See https://maven.apache.org/enforcer/enforcer-rules/requireMavenVersion.html
[INFO] 
[INFO] --------------------------< org.jongo:jongo >---------------------------
[INFO] Building Jongo 1.4.0
[INFO] --------------------------------[ jar ]---------------------------------
[INFO] 
[INFO] --- maven-resources-plugin:2.5:resources (default-resources) @ jongo ---
[debug] execute contextualize
[INFO] Using 'UTF-8' encoding to copy filtered resources.
[INFO] skip non existing resourceDirectory /tmp/tmpm3vornju/jongo/src/main/resources
[INFO] 
[INFO] --- maven-compiler-plugin:2.4:compile (default-compile) @ jongo ---
[INFO] Compiling 66 source files to /tmp/tmpm3vornju/jongo/target/classes
[INFO] 
[INFO] --- maven-bundle-plugin:2.4.0:manifest (bundle-manifest) @ jongo ---
[INFO] 
[INFO] --- maven-resources-plugin:2.5:testResources (default-testResources) @ jongo ---
[debug] execute contextualize
[INFO] Using 'UTF-8' encoding to copy filtered resources.
[INFO] Copying 1 resource
[INFO] 
[INFO] --- maven-compiler-plugin:2.4:testCompile (default-testCompile) @ jongo ---
[INFO] Compiling 80 source files to /tmp/tmpm3vornju/jongo/target/test-classes
[INFO] 
[INFO] --- maven-surefire-plugin:2.12:test (default-test) @ jongo ---
[INFO] Surefire report directory: /tmp/tmpm3vornju/jongo/target/surefire-reports

-------------------------------------------------------
 T E S T S
-------------------------------------------------------
Running org.jongo.DeprecatedAnnotationsCompatibilitySuiteTest
SLF4J: Failed to load class "org.slf4j.impl.StaticLoggerBinder".
SLF4J: Defaulting to no-operation (NOP) logger implementation
SLF4J: See http://www.slf4j.org/codes.html#StaticLoggerBinder for further details.
Download PRODUCTION:Linux:B64 START
Download PRODUCTION:Linux:B64 DownloadSize: 39634787
Download PRODUCTION:Linux:B64 0% 1% 2% 3% 4% 5% 6% 7% 8% 9% 10% 11% 12% 13% 14% 15% 16% 17% 18% 19% 20% 21% 22% 23% 24% 25% 26% 27% 28% 29% 30% 31% 32% 33% 34% 35% 36% 37% 38% 39% 40% 41% 42% 43% 44% 45% 46% 47% 48% 49% 50% 51% 52% 53% 54% 55% 56% 57% 58% 59% 60% 61% 62% 63% 64% 65% 66% 67% 68% 69% 70% 71% 72% 73% 74% 75% 76% 77% 78% 79% 80% 81% 82% 83% 84% 85% 86% 87% 88% 89% 90% 91% 92% 93% 94% 95% 96% 97% 98% 99% 100% Download PRODUCTION:Linux:B64 downloaded with 9676kb/s
Download PRODUCTION:Linux:B64 DONE
Extract /home/jdbl/.embedmongo/linux/mongodb-linux-x86_64-3.0.2.tgz START
Extract /home/jdbl/.embedmongo/linux/mongodb-linux-x86_64-3.0.2.tgz DONE
Jul 30, 2020 6:44:08 PM com.mongodb.diagnostics.logging.JULLogger log
INFO: Cluster created with settings {hosts=[127.0.0.1:54290], mode=SINGLE, requiredClusterType=UNKNOWN, serverSelectionTimeout='30000 ms', maxWaitQueueSize=500}
Jul 30, 2020 6:44:08 PM com.mongodb.diagnostics.logging.JULLogger log
INFO: No server chosen by WritableServerSelector from cluster description ClusterDescription{type=UNKNOWN, connectionMode=SINGLE, serverDescriptions=[ServerDescription{address=127.0.0.1:54290, type=UNKNOWN, state=CONNECTING}]}. Waiting for 30000 ms before timing out
Jul 30, 2020 6:44:08 PM com.mongodb.diagnostics.logging.JULLogger log
INFO: Opened connection [connectionId{localValue:1, serverValue:1}] to 127.0.0.1:54290
Jul 30, 2020 6:44:08 PM com.mongodb.diagnostics.logging.JULLogger log
INFO: Monitor thread successfully connected to server with description ServerDescription{address=127.0.0.1:54290, type=STANDALONE, state=CONNECTED, ok=true, version=ServerVersion{versionList=[3, 0, 2]}, minWireVersion=0, maxWireVersion=3, maxDocumentSize=16777216, roundTripTimeNanos=492666}
Jul 30, 2020 6:44:08 PM com.mongodb.diagnostics.logging.JULLogger log
INFO: Opened connection [connectionId{localValue:2, serverValue:2}] to 127.0.0.1:54290
Tests run: 261, Failures: 0, Errors: 0, Skipped: 0, Time elapsed: 14.774 sec
Running org.jongo.CountTest
Tests run: 5, Failures: 0, Errors: 0, Skipped: 0, Time elapsed: 0.076 sec
Running org.jongo.MongoCollectionTest
Tests run: 6, Failures: 0, Errors: 0, Skipped: 0, Time elapsed: 0.029 sec
Running org.jongo.FindWithModifierTest
Tests run: 2, Failures: 0, Errors: 0, Skipped: 0, Time elapsed: 0.038 sec
Running org.jongo.BinaryTest
Tests run: 5, Failures: 0, Errors: 0, Skipped: 0, Time elapsed: 0.056 sec
Running org.jongo.query.QueryTest
Tests run: 1, Failures: 0, Errors: 0, Skipped: 0, Time elapsed: 0 sec
Running org.jongo.query.BsonQueryFactoryTest
Tests run: 24, Failures: 0, Errors: 0, Skipped: 0, Time elapsed: 0.007 sec
Running org.jongo.JongoTest
Tests run: 3, Failures: 0, Errors: 0, Skipped: 0, Time elapsed: 0 sec
Running org.jongo.NestedPolymorphismTest
Tests run: 2, Failures: 0, Errors: 0, Skipped: 0, Time elapsed: 0.058 sec
Running org.jongo.InsertTest
Tests run: 10, Failures: 0, Errors: 0, Skipped: 0, Time elapsed: 0.122 sec
Running org.jongo.AggregateTest
Tests run: 10, Failures: 0, Errors: 0, Skipped: 0, Time elapsed: 0.839 sec
Running org.jongo.WriteConcernTest
Tests run: 5, Failures: 0, Errors: 0, Skipped: 0, Time elapsed: 0.006 sec
Running org.jongo.FindWithResultMapperTest
Tests run: 2, Failures: 0, Errors: 0, Skipped: 0, Time elapsed: 0.055 sec
Running org.jongo.bson.BsonDBEncoderTest
Tests run: 2, Failures: 0, Errors: 0, Skipped: 0, Time elapsed: 0 sec
Running org.jongo.bson.LazyBsonDocumentTest
Tests run: 1, Failures: 0, Errors: 0, Skipped: 0, Time elapsed: 0 sec
Running org.jongo.bson.PrimitivesTest
Tests run: 1, Failures: 0, Errors: 0, Skipped: 0, Time elapsed: 0 sec
Running org.jongo.FindAndModifyTest
Tests run: 11, Failures: 0, Errors: 0, Skipped: 0, Time elapsed: 0.212 sec
Running org.jongo.AlreadyCheckDBObjectTest
Tests run: 2, Failures: 0, Errors: 0, Skipped: 0, Time elapsed: 0.003 sec
Running org.jongo.FindOneTest
Tests run: 10, Failures: 0, Errors: 0, Skipped: 0, Time elapsed: 0.192 sec
Running org.jongo.UpdateTest
Tests run: 9, Failures: 0, Errors: 0, Skipped: 0, Time elapsed: 0.101 sec
Running org.jongo.MongoCursorTest
Tests run: 3, Failures: 0, Errors: 0, Skipped: 0, Time elapsed: 0.01 sec
Running org.jongo.marshall.jackson.JacksonEngineTest
Tests run: 4, Failures: 0, Errors: 0, Skipped: 0, Time elapsed: 0.006 sec
Running org.jongo.marshall.jackson.IdSpecTest
Tests run: 56, Failures: 0, Errors: 0, Skipped: 0, Time elapsed: 0.291 sec
Running org.jongo.marshall.jackson.UnmarshallingWithJsonCreatorTest
Tests run: 5, Failures: 0, Errors: 0, Skipped: 0, Time elapsed: 0.085 sec
Running org.jongo.marshall.jackson.ParameterBindingWithJacksonTest
Tests run: 2, Failures: 0, Errors: 0, Skipped: 0, Time elapsed: 0.001 sec
Running org.jongo.marshall.jackson.JacksonViewTest
Tests run: 4, Failures: 0, Errors: 0, Skipped: 0, Time elapsed: 0.002 sec
Running org.jongo.marshall.jackson.configuration.MappingTest
Tests run: 1, Failures: 0, Errors: 0, Skipped: 0, Time elapsed: 0.008 sec
Running org.jongo.marshall.jackson.JacksonMixinTest
Tests run: 1, Failures: 0, Errors: 0, Skipped: 0, Time elapsed: 0.001 sec
Running org.jongo.marshall.jackson.JacksonMapperTest
Tests run: 6, Failures: 0, Errors: 0, Skipped: 0, Time elapsed: 0.004 sec
Running org.jongo.marshall.jackson.oid.AnnotationsTest
Tests run: 4, Failures: 0, Errors: 0, Skipped: 0, Time elapsed: 0.002 sec
Running org.jongo.marshall.jackson.JacksonIdFieldSelectorTest
Tests run: 6, Failures: 0, Errors: 0, Skipped: 0, Time elapsed: 0.001 sec
Running org.jongo.marshall.ParameterQueryBindingTest
Tests run: 25, Failures: 0, Errors: 0, Skipped: 0, Time elapsed: 0.968 sec
Running org.jongo.marshall.DocumentMarshallingTest
Tests run: 15, Failures: 0, Errors: 0, Skipped: 0, Time elapsed: 0.311 sec
Running org.jongo.SaveTest
Tests run: 14, Failures: 0, Errors: 0, Skipped: 0, Time elapsed: 0.159 sec
Running org.jongo.DistinctTest
Tests run: 8, Failures: 0, Errors: 0, Skipped: 0, Time elapsed: 0.153 sec
Running org.jongo.AnnotationsMisusedTest
Tests run: 2, Failures: 0, Errors: 0, Skipped: 0, Time elapsed: 0.004 sec
Running org.jongo.FindSkipSortLimitTest
Tests run: 3, Failures: 0, Errors: 0, Skipped: 0, Time elapsed: 0.084 sec
Running org.jongo.RemoveTest
Tests run: 4, Failures: 0, Errors: 0, Skipped: 0, Time elapsed: 0.083 sec
Running org.jongo.CommandTest
Tests run: 8, Failures: 0, Errors: 0, Skipped: 0, Time elapsed: 0.07 sec
Running org.jongo.JacksonAnnotationsHandlingTest
Tests run: 4, Failures: 0, Errors: 0, Skipped: 0, Time elapsed: 0.064 sec
Running org.jongo.FindPartialFieldTest
Tests run: 8, Failures: 0, Errors: 0, Skipped: 0, Time elapsed: 0.075 sec
Running org.jongo.GridFsTest
Tests run: 1, Failures: 0, Errors: 0, Skipped: 0, Time elapsed: 0.022 sec
Running org.jongo.ReflectiveObjectIdUpdaterTest
Tests run: 18, Failures: 0, Errors: 0, Skipped: 0, Time elapsed: 0.003 sec
Running org.jongo.spike.QuestionsSpikeTest
Tests run: 8, Failures: 0, Errors: 0, Skipped: 0, Time elapsed: 0.104 sec
Running org.jongo.spike.MongoDumpTest
Tests run: 1, Failures: 0, Errors: 0, Skipped: 0, Time elapsed: 0.405 sec
Running org.jongo.spike.projection.JacksonProjectionTest
Tests run: 4, Failures: 0, Errors: 0, Skipped: 0, Time elapsed: 0.006 sec
Running org.jongo.NonPojoTest
Tests run: 5, Failures: 0, Errors: 0, Skipped: 0, Time elapsed: 0.077 sec
Running org.jongo.PolymorphismTest
Tests run: 6, Failures: 0, Errors: 0, Skipped: 0, Time elapsed: 0.069 sec
Running org.jongo.FindTest
Tests run: 9, Failures: 0, Errors: 0, Skipped: 0, Time elapsed: 0.097 sec

Results :

Tests run: 607, Failures: 0, Errors: 0, Skipped: 0

[INFO] 
[INFO] --- maven-jar-plugin:2.4:jar (default-jar) @ jongo ---
[INFO] Building jar: /tmp/tmpm3vornju/jongo/target/jongo-1.4.0.jar
[INFO] 
[INFO] --- maven-assembly-plugin:3.2.0:single (default) @ jongo ---
[INFO] Building jar: /tmp/tmpm3vornju/jongo/target/jongo-1.4.0-jar-with-dependencies.jar
[INFO] ------------------------------------------------------------------------
[INFO] BUILD SUCCESS
[INFO] ------------------------------------------------------------------------
[INFO] Total time:  30.930 s
[INFO] Finished at: 2020-07-30T18:44:25Z
[INFO] ------------------------------------------------------------------------
