[INFO] Error stacktraces are turned on.
[INFO] Scanning for projects...
[WARNING] 
[WARNING] Some problems were encountered while building the effective model for ly.stealth:xml-avro:jar:0.0.1-SNAPSHOT
[WARNING] 'build.plugins.plugin.version' for org.apache.maven.plugins:maven-compiler-plugin is missing. @ line 50, column 15
[WARNING] 
[WARNING] It is highly recommended to fix these problems because they threaten the stability of your build.
[WARNING] 
[WARNING] For this reason, future Maven versions might no longer support building such malformed projects.
[WARNING] 
[INFO] 
[INFO] ------------------------< ly.stealth:xml-avro >-------------------------
[INFO] Building xml-avro 0.0.1-SNAPSHOT
[INFO] --------------------------------[ jar ]---------------------------------
[INFO] 
[INFO] --- jacoco-maven-plugin:0.8.5:prepare-agent (default) @ xml-avro ---
[INFO] argLine set to -javaagent:/home/jdbl/.m2/repository/org/jacoco/org.jacoco.agent/0.8.5/org.jacoco.agent-0.8.5-runtime.jar=destfile=/tmp/tmp4qlgd2gj/xml-avro/target/jacoco.exec
[INFO] 
[INFO] --- maven-resources-plugin:2.6:resources (default-resources) @ xml-avro ---
[INFO] Using 'UTF-8' encoding to copy filtered resources.
[INFO] Copying 1 resource
[INFO] 
[INFO] --- maven-compiler-plugin:3.1:compile (default-compile) @ xml-avro ---
[INFO] Changes detected - recompiling the module!
[INFO] Compiling 6 source files to /tmp/tmp4qlgd2gj/xml-avro/target/classes
[WARNING] /tmp/tmp4qlgd2gj/xml-avro/src/ly/stealth/xmlavro/DatumBuilder.java: /tmp/tmp4qlgd2gj/xml-avro/src/ly/stealth/xmlavro/DatumBuilder.java uses unchecked or unsafe operations.
[WARNING] /tmp/tmp4qlgd2gj/xml-avro/src/ly/stealth/xmlavro/DatumBuilder.java: Recompile with -Xlint:unchecked for details.
[INFO] 
[INFO] --- maven-resources-plugin:2.6:testResources (default-testResources) @ xml-avro ---
[INFO] Using 'UTF-8' encoding to copy filtered resources.
[INFO] skip non existing resourceDirectory /tmp/tmp4qlgd2gj/xml-avro/src/test/resources
[INFO] 
[INFO] --- maven-compiler-plugin:3.1:testCompile (default-testCompile) @ xml-avro ---
[INFO] Changes detected - recompiling the module!
[INFO] Compiling 1 source file to /tmp/tmp4qlgd2gj/xml-avro/target/test-classes
[INFO] 
[INFO] --- maven-surefire-plugin:2.19.1:test (default-test) @ xml-avro ---
[INFO] Surefire report directory: /tmp/tmp4qlgd2gj/xml-avro/target/surefire-reports

-------------------------------------------------------
 T E S T S
-------------------------------------------------------
Running ly.stealth.xmlavro.ConverterTest
Tests run: 21, Failures: 0, Errors: 0, Skipped: 0, Time elapsed: 1.715 sec - in ly.stealth.xmlavro.ConverterTest

Results :

Tests run: 21, Failures: 0, Errors: 0, Skipped: 0

[INFO] 
[INFO] --- jacoco-maven-plugin:0.8.5:report (report) @ xml-avro ---
[INFO] Loading execution data file /tmp/tmp4qlgd2gj/xml-avro/target/jacoco.exec
[INFO] Analyzed bundle 'xml-avro' with 43 classes
[INFO] ------------------------------------------------------------------------
[INFO] BUILD SUCCESS
[INFO] ------------------------------------------------------------------------
[INFO] Total time:  10.440 s
[INFO] Finished at: 2020-07-30T22:37:12Z
[INFO] ------------------------------------------------------------------------
