[INFO] Error stacktraces are turned on.
[INFO] Scanning for projects...
[INFO] 
[INFO] ------< com.washingtonpost.dropwizard:dropwizard-json-exceptions >------
[INFO] Building dropwizard-json-exceptions 2.0.1-SNAPSHOT
[INFO] --------------------------------[ jar ]---------------------------------
[INFO] 
[INFO] --- maven-checkstyle-plugin:2.15:check (validate) @ dropwizard-json-exceptions ---
[INFO] Starting audit...
Audit done.
[INFO] 
[INFO] --- maven-enforcer-plugin:1.3:enforce (enforce-no-snapshots) @ dropwizard-json-exceptions ---
[INFO] 
[INFO] --- jacoco-maven-plugin:0.8.5:prepare-agent (pre-unit-test) @ dropwizard-json-exceptions ---
[INFO] jacocoSurefireArgLine set to -javaagent:/home/jdbl/.m2/repository/org/jacoco/org.jacoco.agent/0.8.5/org.jacoco.agent-0.8.5-runtime.jar=destfile=/tmp/tmptp1uip30/dropwizard-json-exceptions/target/jacoco/coverage.data.bin,append=true
[INFO] 
[INFO] --- jacoco-maven-plugin:0.8.5:prepare-agent (default) @ dropwizard-json-exceptions ---
[INFO] argLine set to -javaagent:/home/jdbl/.m2/repository/org/jacoco/org.jacoco.agent/0.8.5/org.jacoco.agent-0.8.5-runtime.jar=destfile=/tmp/tmptp1uip30/dropwizard-json-exceptions/target/jacoco.exec
[INFO] 
[INFO] --- maven-resources-plugin:2.6:resources (default-resources) @ dropwizard-json-exceptions ---
[INFO] Using 'UTF-8' encoding to copy filtered resources.
[INFO] skip non existing resourceDirectory /tmp/tmptp1uip30/dropwizard-json-exceptions/src/main/resources
[INFO] 
[INFO] --- maven-compiler-plugin:3.3:compile (default-compile) @ dropwizard-json-exceptions ---
[INFO] Changes detected - recompiling the module!
[INFO] Compiling 2 source files to /tmp/tmptp1uip30/dropwizard-json-exceptions/target/classes
[INFO] 
[INFO] --- maven-resources-plugin:2.6:testResources (default-testResources) @ dropwizard-json-exceptions ---
[INFO] Using 'UTF-8' encoding to copy filtered resources.
[INFO] Copying 10 resources
[INFO] 
[INFO] --- maven-compiler-plugin:3.3:testCompile (default-testCompile) @ dropwizard-json-exceptions ---
[INFO] Changes detected - recompiling the module!
[INFO] Compiling 3 source files to /tmp/tmptp1uip30/dropwizard-json-exceptions/target/test-classes
[WARNING] /tmp/tmptp1uip30/dropwizard-json-exceptions/src/test/java/com/washingtonpost/dropwizard/exceptions/mappers/AbstractExceptionMapperTest.java:[68,46] unchecked call to toResponse(E) as a member of the raw type javax.ws.rs.ext.ExceptionMapper
[WARNING] /tmp/tmptp1uip30/dropwizard-json-exceptions/src/test/java/com/washingtonpost/dropwizard/exceptions/mappers/AbstractExceptionMapperTest.java:[93,46] unchecked call to toResponse(E) as a member of the raw type javax.ws.rs.ext.ExceptionMapper
[INFO] /tmp/tmptp1uip30/dropwizard-json-exceptions/src/test/java/com/washingtonpost/dropwizard/exceptions/mappers/TestJsonProcessingExceptionMapper.java: /tmp/tmptp1uip30/dropwizard-json-exceptions/src/test/java/com/washingtonpost/dropwizard/exceptions/mappers/TestJsonProcessingExceptionMapper.java uses or overrides a deprecated API.
[INFO] /tmp/tmptp1uip30/dropwizard-json-exceptions/src/test/java/com/washingtonpost/dropwizard/exceptions/mappers/TestJsonProcessingExceptionMapper.java: Recompile with -Xlint:deprecation for details.
[INFO] 
[INFO] --- maven-surefire-plugin:2.19.1:test (default-test) @ dropwizard-json-exceptions ---
[INFO] Surefire report directory: /tmp/tmptp1uip30/dropwizard-json-exceptions/target/surefire-reports

-------------------------------------------------------
 T E S T S
-------------------------------------------------------
OpenJDK 64-Bit Server VM warning: ignoring option MaxPermSize=256M; support was removed in 8.0
OpenJDK 64-Bit Server VM warning: ignoring option MaxPermSize=256M; support was removed in 8.0
Running com.washingtonpost.dropwizard.exceptions.mappers.TestRuntimeExceptionMapper
Running com.washingtonpost.dropwizard.exceptions.mappers.TestJsonProcessingExceptionMapper
Tests run: 4, Failures: 0, Errors: 0, Skipped: 0, Time elapsed: 2.212 sec - in com.washingtonpost.dropwizard.exceptions.mappers.TestRuntimeExceptionMapper
Tests run: 5, Failures: 0, Errors: 0, Skipped: 0, Time elapsed: 2.632 sec - in com.washingtonpost.dropwizard.exceptions.mappers.TestJsonProcessingExceptionMapper

Results :

Tests run: 9, Failures: 0, Errors: 0, Skipped: 0

[INFO] 
[INFO] --- jacoco-maven-plugin:0.8.5:report (post-unit-test) @ dropwizard-json-exceptions ---
[INFO] Loading execution data file /tmp/tmptp1uip30/dropwizard-json-exceptions/target/jacoco/coverage.data.bin
[INFO] Analyzed bundle 'dropwizard-json-exceptions' with 35 classes
[INFO] 
[INFO] --- jacoco-maven-plugin:0.8.5:report (report) @ dropwizard-json-exceptions ---
[INFO] Skipping JaCoCo execution due to missing execution data file.
[INFO] ------------------------------------------------------------------------
[INFO] BUILD SUCCESS
[INFO] ------------------------------------------------------------------------
[INFO] Total time:  24.889 s
[INFO] Finished at: 2020-08-03T11:06:47Z
[INFO] ------------------------------------------------------------------------
