[INFO] Error stacktraces are turned on.
[INFO] Scanning for projects...
[INFO] 
[INFO] ----------------------< lk.techtalks:block-chain >----------------------
[INFO] Building block-chain 1.0-SNAPSHOT
[INFO] --------------------------------[ jar ]---------------------------------
[INFO] 
[INFO] --- jacoco-maven-plugin:0.8.5:prepare-agent (default) @ block-chain ---
[INFO] argLine set to -javaagent:/home/jdbl/.m2/repository/org/jacoco/org.jacoco.agent/0.8.5/org.jacoco.agent-0.8.5-runtime.jar=destfile=/tmp/tmpezcsvge8/block-chain/target/jacoco.exec
[INFO] 
[INFO] --- maven-resources-plugin:2.6:resources (default-resources) @ block-chain ---
[WARNING] Using platform encoding (UTF-8 actually) to copy filtered resources, i.e. build is platform dependent!
[INFO] skip non existing resourceDirectory /tmp/tmpezcsvge8/block-chain/src/main/resources
[INFO] 
[INFO] --- maven-compiler-plugin:2.3.2:compile (default-compile) @ block-chain ---
[WARNING] File encoding has not been set, using platform encoding UTF-8, i.e. build is platform dependent!
[INFO] Compiling 8 source files to /tmp/tmpezcsvge8/block-chain/target/classes
[INFO] 
[INFO] --- maven-resources-plugin:2.6:testResources (default-testResources) @ block-chain ---
[WARNING] Using platform encoding (UTF-8 actually) to copy filtered resources, i.e. build is platform dependent!
[INFO] skip non existing resourceDirectory /tmp/tmpezcsvge8/block-chain/src/test/resources
[INFO] 
[INFO] --- maven-compiler-plugin:2.3.2:testCompile (default-testCompile) @ block-chain ---
[WARNING] File encoding has not been set, using platform encoding UTF-8, i.e. build is platform dependent!
[INFO] Compiling 1 source file to /tmp/tmpezcsvge8/block-chain/target/test-classes
[INFO] 
[INFO] --- maven-surefire-plugin:2.19.1:test (default-test) @ block-chain ---
[INFO] Surefire report directory: /tmp/tmpezcsvge8/block-chain/target/surefire-reports

-------------------------------------------------------
 T E S T S
-------------------------------------------------------
Running lk.techtalks.blockchain.BlockChainTest
Tests run: 2, Failures: 0, Errors: 0, Skipped: 0, Time elapsed: 0.594 sec - in lk.techtalks.blockchain.BlockChainTest

Results :

Tests run: 2, Failures: 0, Errors: 0, Skipped: 0

[INFO] 
[INFO] --- jacoco-maven-plugin:0.8.5:report (report) @ block-chain ---
[INFO] Loading execution data file /tmp/tmpezcsvge8/block-chain/target/jacoco.exec
[INFO] Analyzed bundle 'block-chain' with 1055 classes
[INFO] ------------------------------------------------------------------------
[INFO] BUILD SUCCESS
[INFO] ------------------------------------------------------------------------
[INFO] Total time:  28.601 s
[INFO] Finished at: 2020-07-31T05:28:21Z
[INFO] ------------------------------------------------------------------------
