[INFO] Error stacktraces are turned on.
[INFO] Scanning for projects...
[INFO] 
[INFO] ----------------< com.json.comparison:comparison-core >-----------------
[INFO] Building comparison-core 1.2
[INFO] --------------------------------[ jar ]---------------------------------
[INFO] 
[INFO] --- jacoco-maven-plugin:0.8.5:prepare-agent (default) @ comparison-core ---
[INFO] argLine set to -javaagent:/home/jdbl/.m2/repository/org/jacoco/org.jacoco.agent/0.8.5/org.jacoco.agent-0.8.5-runtime.jar=destfile=/tmp/tmp0fvm4q5s/json-comparison/target/jacoco.exec
[INFO] 
[INFO] --- maven-resources-plugin:2.6:resources (default-resources) @ comparison-core ---
[INFO] Using 'UTF-8' encoding to copy filtered resources.
[INFO] Copying 8 resources
[INFO] 
[INFO] --- maven-compiler-plugin:3.6.0:compile (default-compile) @ comparison-core ---
[INFO] Changes detected - recompiling the module!
[INFO] Compiling 17 source files to /tmp/tmp0fvm4q5s/json-comparison/target/classes
[INFO] 
[INFO] --- maven-resources-plugin:2.6:testResources (default-testResources) @ comparison-core ---
[INFO] Using 'UTF-8' encoding to copy filtered resources.
[INFO] skip non existing resourceDirectory /tmp/tmp0fvm4q5s/json-comparison/src/test/resources
[INFO] 
[INFO] --- maven-compiler-plugin:3.6.0:testCompile (default-testCompile) @ comparison-core ---
[INFO] Changes detected - recompiling the module!
[INFO] Compiling 7 source files to /tmp/tmp0fvm4q5s/json-comparison/target/test-classes
[INFO] 
[INFO] --- maven-surefire-plugin:2.19.1:test (default-test) @ comparison-core ---
[INFO] Surefire report directory: /tmp/tmp0fvm4q5s/json-comparison/target/surefire-reports

-------------------------------------------------------
 T E S T S
-------------------------------------------------------
Running com.json.comparison.converter.JsonCompareConverterTest
Tests run: 2, Failures: 0, Errors: 0, Skipped: 0, Time elapsed: 0.738 sec - in com.json.comparison.converter.JsonCompareConverterTest
Running com.json.comparison.comprator.DefaultJsonCompareTest
Tests run: 1, Failures: 0, Errors: 0, Skipped: 0, Time elapsed: 1.213 sec - in com.json.comparison.comprator.DefaultJsonCompareTest
Running com.json.comparison.JsonCompareTest
Tests run: 9, Failures: 0, Errors: 0, Skipped: 0, Time elapsed: 0.088 sec - in com.json.comparison.JsonCompareTest
Running com.json.comparison.filter.IgnoredModifiedValuesFilterTest
Tests run: 2, Failures: 0, Errors: 0, Skipped: 0, Time elapsed: 0.038 sec - in com.json.comparison.filter.IgnoredModifiedValuesFilterTest
Running com.json.comparison.filter.IgnoredMissingValuesFilterTest
Tests run: 2, Failures: 0, Errors: 0, Skipped: 0, Time elapsed: 0.005 sec - in com.json.comparison.filter.IgnoredMissingValuesFilterTest
Running com.json.comparison.filter.IgnoredNewValuesFilterTest
Tests run: 2, Failures: 0, Errors: 0, Skipped: 0, Time elapsed: 0.004 sec - in com.json.comparison.filter.IgnoredNewValuesFilterTest
Running com.json.comparison.filter.IgnoredPathFilterTest
Tests run: 5, Failures: 0, Errors: 0, Skipped: 0, Time elapsed: 0.008 sec - in com.json.comparison.filter.IgnoredPathFilterTest

Results :

Tests run: 23, Failures: 0, Errors: 0, Skipped: 0

[INFO] 
[INFO] --- jacoco-maven-plugin:0.8.5:report (report) @ comparison-core ---
[INFO] Loading execution data file /tmp/tmp0fvm4q5s/json-comparison/target/jacoco.exec
[INFO] Analyzed bundle 'comparison-core' with 41 classes
[INFO] ------------------------------------------------------------------------
[INFO] BUILD SUCCESS
[INFO] ------------------------------------------------------------------------
[INFO] Total time:  12.690 s
[INFO] Finished at: 2020-07-30T22:25:04Z
[INFO] ------------------------------------------------------------------------
