[INFO] Error stacktraces are turned on.
[INFO] Scanning for projects...
[INFO] 
[INFO] ----------------------------< com.fc:hahu >-----------------------------
[INFO] Building hahu Maven Webapp 1.0-SNAPSHOT
[INFO] --------------------------------[ war ]---------------------------------
[INFO] 
[INFO] --- jacoco-maven-plugin:0.8.5:prepare-agent (default) @ hahu ---
[INFO] argLine set to -javaagent:/home/jdbl/.m2/repository/org/jacoco/org.jacoco.agent/0.8.5/org.jacoco.agent-0.8.5-runtime.jar=destfile=/tmp/tmpfqf56pr9/hahu/target/jacoco.exec
[INFO] 
[INFO] --- maven-resources-plugin:2.6:resources (default-resources) @ hahu ---
[INFO] Using 'UTF-8' encoding to copy filtered resources.
[INFO] Copying 13 resources
[INFO] 
[INFO] --- maven-compiler-plugin:3.1:compile (default-compile) @ hahu ---
[INFO] Changes detected - recompiling the module!
[INFO] Compiling 44 source files to /tmp/tmpfqf56pr9/hahu/target/classes
[INFO] 
[INFO] --- maven-resources-plugin:2.6:testResources (default-testResources) @ hahu ---
[INFO] Using 'UTF-8' encoding to copy filtered resources.
[INFO] skip non existing resourceDirectory /tmp/tmpfqf56pr9/hahu/src/test/resources
[INFO] 
[INFO] --- maven-compiler-plugin:3.1:testCompile (default-testCompile) @ hahu ---
[INFO] Changes detected - recompiling the module!
[INFO] Compiling 1 source file to /tmp/tmpfqf56pr9/hahu/target/test-classes
[INFO] 
[INFO] --- maven-surefire-plugin:2.19.1:test (default-test) @ hahu ---
[INFO] Surefire report directory: /tmp/tmpfqf56pr9/hahu/target/surefire-reports

-------------------------------------------------------
 T E S T S
-------------------------------------------------------
Running com.fc.mapper.TestMapper
ok
Tests run: 1, Failures: 0, Errors: 0, Skipped: 0, Time elapsed: 2.245 sec - in com.fc.mapper.TestMapper

Results :

Tests run: 1, Failures: 0, Errors: 0, Skipped: 0

[INFO] 
[INFO] --- jacoco-maven-plugin:0.8.5:report (report) @ hahu ---
[INFO] Loading execution data file /tmp/tmpfqf56pr9/hahu/target/jacoco.exec
[INFO] Analyzed bundle 'hahu Maven Webapp' with 1853 classes
[INFO] ------------------------------------------------------------------------
[INFO] BUILD SUCCESS
[INFO] ------------------------------------------------------------------------
[INFO] Total time:  12.712 s
[INFO] Finished at: 2020-08-03T11:04:49Z
[INFO] ------------------------------------------------------------------------
