[INFO] Error stacktraces are turned on.
[INFO] Scanning for projects...
[INFO] 
[INFO] --------------------------< cn.nit:analyzer >---------------------------
[INFO] Building analyzer 0.0.1-SNAPSHOT
[INFO] --------------------------------[ jar ]---------------------------------
[INFO] 
[INFO] --- jacoco-maven-plugin:0.8.5:prepare-agent (default) @ analyzer ---
[INFO] argLine set to -javaagent:/home/jdbl/.m2/repository/org/jacoco/org.jacoco.agent/0.8.5/org.jacoco.agent-0.8.5-runtime.jar=destfile=/tmp/tmpierzmxbo/stock/analyzer/target/jacoco.exec
[INFO] 
[INFO] --- maven-resources-plugin:2.6:resources (default-resources) @ analyzer ---
[INFO] Using 'UTF-8' encoding to copy filtered resources.
[INFO] Copying 1 resource
[INFO] 
[INFO] --- maven-compiler-plugin:3.1:compile (default-compile) @ analyzer ---
[INFO] Changes detected - recompiling the module!
[INFO] Compiling 59 source files to /tmp/tmpierzmxbo/stock/analyzer/target/classes
[INFO] 
[INFO] --- maven-resources-plugin:2.6:testResources (default-testResources) @ analyzer ---
[INFO] Using 'UTF-8' encoding to copy filtered resources.
[INFO] skip non existing resourceDirectory /tmp/tmpierzmxbo/stock/analyzer/src/test/resources
[INFO] 
[INFO] --- maven-compiler-plugin:3.1:testCompile (default-testCompile) @ analyzer ---
[INFO] Changes detected - recompiling the module!
[INFO] Compiling 1 source file to /tmp/tmpierzmxbo/stock/analyzer/target/test-classes
[INFO] 
[INFO] --- maven-surefire-plugin:2.19.1:test (default-test) @ analyzer ---
[INFO] Surefire report directory: /tmp/tmpierzmxbo/stock/analyzer/target/surefire-reports

-------------------------------------------------------
 T E S T S
-------------------------------------------------------
Running stock.AppTest
Tests run: 1, Failures: 0, Errors: 0, Skipped: 0, Time elapsed: 0.002 sec - in stock.AppTest

Results :

Tests run: 1, Failures: 0, Errors: 0, Skipped: 0

[INFO] 
[INFO] --- jacoco-maven-plugin:0.8.5:report (report) @ analyzer ---
[INFO] Loading execution data file /tmp/tmpierzmxbo/stock/analyzer/target/jacoco.exec
[INFO] Analyzed bundle 'analyzer' with 253 classes
[INFO] ------------------------------------------------------------------------
[INFO] BUILD SUCCESS
[INFO] ------------------------------------------------------------------------
[INFO] Total time:  18.208 s
[INFO] Finished at: 2020-07-30T21:41:37Z
[INFO] ------------------------------------------------------------------------
