[INFO] Error stacktraces are turned on.
[INFO] Scanning for projects...
[INFO] 
[INFO] ------------------------< com.googlecode:sshw >-------------------------
[INFO] Building sshw 0.0.5-SNAPSHOT
[INFO] --------------------------------[ war ]---------------------------------
[INFO] 
[INFO] --- jacoco-maven-plugin:0.8.5:prepare-agent (default) @ sshw ---
[INFO] argLine set to -javaagent:/home/jdbl/.m2/repository/org/jacoco/org.jacoco.agent/0.8.5/org.jacoco.agent-0.8.5-runtime.jar=destfile=/tmp/tmpnjeqtx7c/sshw/target/jacoco.exec
[INFO] 
[INFO] --- maven-resources-plugin:2.6:resources (default-resources) @ sshw ---
[INFO] Using 'UTF-8' encoding to copy filtered resources.
[INFO] Copying 1 resource
[INFO] 
[INFO] --- maven-compiler-plugin:3.1:compile (default-compile) @ sshw ---
[INFO] Changes detected - recompiling the module!
[INFO] Compiling 18 source files to /tmp/tmpnjeqtx7c/sshw/target/classes
[INFO] 
[INFO] --- maven-resources-plugin:2.6:testResources (default-testResources) @ sshw ---
[INFO] Using 'UTF-8' encoding to copy filtered resources.
[INFO] skip non existing resourceDirectory /tmp/tmpnjeqtx7c/sshw/src/test/resources
[INFO] 
[INFO] --- maven-compiler-plugin:3.1:testCompile (default-testCompile) @ sshw ---
[INFO] Changes detected - recompiling the module!
[INFO] Compiling 1 source file to /tmp/tmpnjeqtx7c/sshw/target/test-classes
[INFO] 
[INFO] --- maven-surefire-plugin:2.19.1:test (default-test) @ sshw ---
[INFO] Surefire report directory: /tmp/tmpnjeqtx7c/sshw/target/surefire-reports

-------------------------------------------------------
 T E S T S
-------------------------------------------------------
Running com.github.sshw.crypt.EncryptionBeanTest
21:26:46 [main] EncryptionBeanTest - hello world!
Tests run: 2, Failures: 0, Errors: 0, Skipped: 1, Time elapsed: 1.258 sec - in com.github.sshw.crypt.EncryptionBeanTest

Results :

Tests run: 2, Failures: 0, Errors: 0, Skipped: 1

[INFO] 
[INFO] --- jacoco-maven-plugin:0.8.5:report (report) @ sshw ---
[INFO] Loading execution data file /tmp/tmpnjeqtx7c/sshw/target/jacoco.exec
[INFO] Analyzed bundle 'sshw' with 91 classes
[INFO] ------------------------------------------------------------------------
[INFO] BUILD SUCCESS
[INFO] ------------------------------------------------------------------------
[INFO] Total time:  20.802 s
[INFO] Finished at: 2020-07-30T21:26:47Z
[INFO] ------------------------------------------------------------------------
