[INFO] Error stacktraces are turned on.
[INFO] Scanning for projects...
[INFO] Inspecting build with total of 1 modules...
[INFO] Installing Nexus Staging features:
[INFO]   ... total of 1 executions of maven-deploy-plugin replaced with nexus-staging-maven-plugin
[WARNING] The project ch.iterate.openstack:swift:jar:2.5.13-SNAPSHOT uses prerequisites which is only intended for maven-plugin projects but not for non maven-plugin projects. For such purposes you should use the maven-enforcer-plugin. See https://maven.apache.org/enforcer/enforcer-rules/requireMavenVersion.html
[INFO] 
[INFO] ---------------------< ch.iterate.openstack:swift >---------------------
[INFO] Building OpenStack Swift Client 2.5.13-SNAPSHOT
[INFO] --------------------------------[ jar ]---------------------------------
[INFO] 
[INFO] --- maven-enforcer-plugin:1.0:enforce (enforce-maven) @ swift ---
[INFO] 
[INFO] --- jacoco-maven-plugin:0.8.5:prepare-agent (default) @ swift ---
[INFO] argLine set to -javaagent:/home/jdbl/.m2/repository/org/jacoco/org.jacoco.agent/0.8.5/org.jacoco.agent-0.8.5-runtime.jar=destfile=/tmp/tmpo0zdny9y/java-openstack-swift/target/jacoco.exec
[INFO] 
[INFO] --- maven-resources-plugin:2.6:resources (default-resources) @ swift ---
[INFO] Using 'UTF-8' encoding to copy filtered resources.
[INFO] Copying 1 resource to ch/iterate/openstack/swift/
[INFO] 
[INFO] --- maven-compiler-plugin:3.3:compile (default-compile) @ swift ---
[INFO] Changes detected - recompiling the module!
[INFO] Compiling 46 source files to /tmp/tmpo0zdny9y/java-openstack-swift/target/classes
[INFO] 
[INFO] --- maven-resources-plugin:2.6:testResources (default-testResources) @ swift ---
[INFO] Using 'UTF-8' encoding to copy filtered resources.
[INFO] Copying 1 resource
[INFO] 
[INFO] --- maven-compiler-plugin:3.3:testCompile (default-testCompile) @ swift ---
[INFO] Changes detected - recompiling the module!
[INFO] Compiling 5 source files to /tmp/tmpo0zdny9y/java-openstack-swift/target/test-classes
[INFO] 
[INFO] --- maven-surefire-plugin:2.19.1:test (default-test) @ swift ---
[INFO] Surefire report directory: /tmp/tmpo0zdny9y/java-openstack-swift/target/surefire-reports

-------------------------------------------------------
 T E S T S
-------------------------------------------------------
Running ch.iterate.openstack.swift.method.Authentication3UsernamePasswordProjectRequestTest
Tests run: 2, Failures: 0, Errors: 0, Skipped: 0, Time elapsed: 0.182 sec - in ch.iterate.openstack.swift.method.Authentication3UsernamePasswordProjectRequestTest
Running ch.iterate.openstack.swift.handler.AuthenticationJson3ResponseHandlerTest
Tests run: 3, Failures: 0, Errors: 0, Skipped: 0, Time elapsed: 0.015 sec - in ch.iterate.openstack.swift.handler.AuthenticationJson3ResponseHandlerTest
Running ch.iterate.openstack.swift.handler.AuthenticationJson11ResponseHandlerTest
Tests run: 4, Failures: 0, Errors: 0, Skipped: 0, Time elapsed: 0.008 sec - in ch.iterate.openstack.swift.handler.AuthenticationJson11ResponseHandlerTest
Running ch.iterate.openstack.swift.handler.AuthenticationJson20ResponseHandlerTest
Tests run: 4, Failures: 0, Errors: 0, Skipped: 0, Time elapsed: 0.023 sec - in ch.iterate.openstack.swift.handler.AuthenticationJson20ResponseHandlerTest
Running ch.iterate.openstack.swift.handler.Authentication10ResponseHandlerTest
Tests run: 3, Failures: 0, Errors: 0, Skipped: 0, Time elapsed: 0.003 sec - in ch.iterate.openstack.swift.handler.Authentication10ResponseHandlerTest

Results :

Tests run: 16, Failures: 0, Errors: 0, Skipped: 0

[INFO] 
[INFO] --- jacoco-maven-plugin:0.8.5:report (report) @ swift ---
[INFO] Loading execution data file /tmp/tmpo0zdny9y/java-openstack-swift/target/jacoco.exec
[INFO] Analyzed bundle 'OpenStack Swift Client' with 129 classes
[INFO] ------------------------------------------------------------------------
[INFO] BUILD SUCCESS
[INFO] ------------------------------------------------------------------------
[INFO] Total time:  22.127 s
[INFO] Finished at: 2020-07-30T20:04:48Z
[INFO] ------------------------------------------------------------------------
