[INFO] Error stacktraces are turned on.
[INFO] Scanning for projects...
[INFO] 
[INFO] ----------------------------< com:botdarr >-----------------------------
[INFO] Building botdarr release
[INFO] --------------------------------[ jar ]---------------------------------
[INFO] 
[INFO] --- maven-dependency-plugin:2.8:properties (getClasspathFilenames) @ botdarr ---
[INFO] 
[INFO] --- jacoco-maven-plugin:0.8.5:prepare-agent (default) @ botdarr ---
[INFO] argLine set to -javaagent:/home/jdbl/.m2/repository/org/jacoco/org.jacoco.agent/0.8.5/org.jacoco.agent-0.8.5-runtime.jar=destfile=/tmp/tmpvwo8ok0u/botdarr/target/jacoco.exec
[INFO] 
[INFO] --- maven-resources-plugin:2.6:resources (default-resources) @ botdarr ---
[WARNING] Using platform encoding (UTF-8 actually) to copy filtered resources, i.e. build is platform dependent!
[INFO] Copying 3 resources
[INFO] 
[INFO] --- maven-compiler-plugin:3.5.1:compile (default-compile) @ botdarr ---
[INFO] Changes detected - recompiling the module!
[WARNING] File encoding has not been set, using platform encoding UTF-8, i.e. build is platform dependent!
[INFO] Compiling 88 source files to /tmp/tmpvwo8ok0u/botdarr/target/classes
[WARNING] /tmp/tmpvwo8ok0u/botdarr/src/main/java/com/botdarr/connections/ConnectionHelper.java:[8,32] com.sun.jndi.toolkit.url.Uri is internal proprietary API and may be removed in a future release
[WARNING] /tmp/tmpvwo8ok0u/botdarr/src/main/java/com/botdarr/connections/ConnectionHelper.java:[8,32] com.sun.jndi.toolkit.url.Uri is internal proprietary API and may be removed in a future release
[WARNING] /tmp/tmpvwo8ok0u/botdarr/src/main/java/com/botdarr/connections/ConnectionHelper.java:[8,32] com.sun.jndi.toolkit.url.Uri is internal proprietary API and may be removed in a future release
[INFO] /tmp/tmpvwo8ok0u/botdarr/src/main/java/com/botdarr/api/radarr/RadarrApi.java: Some input files use or override a deprecated API.
[INFO] /tmp/tmpvwo8ok0u/botdarr/src/main/java/com/botdarr/api/radarr/RadarrApi.java: Recompile with -Xlint:deprecation for details.
[INFO] /tmp/tmpvwo8ok0u/botdarr/src/main/java/com/botdarr/commands/SonarrCommands.java: Some input files use unchecked or unsafe operations.
[INFO] /tmp/tmpvwo8ok0u/botdarr/src/main/java/com/botdarr/commands/SonarrCommands.java: Recompile with -Xlint:unchecked for details.
[INFO] 
[INFO] --- maven-resources-plugin:2.6:testResources (default-testResources) @ botdarr ---
[WARNING] Using platform encoding (UTF-8 actually) to copy filtered resources, i.e. build is platform dependent!
[INFO] skip non existing resourceDirectory /tmp/tmpvwo8ok0u/botdarr/src/test/resources
[INFO] 
[INFO] --- maven-compiler-plugin:3.5.1:testCompile (default-testCompile) @ botdarr ---
[INFO] Changes detected - recompiling the module!
[WARNING] File encoding has not been set, using platform encoding UTF-8, i.e. build is platform dependent!
[INFO] Compiling 11 source files to /tmp/tmpvwo8ok0u/botdarr/target/test-classes
[INFO] /tmp/tmpvwo8ok0u/botdarr/src/test/java/com/botdarr/api/radarr/RadarrApiTests.java: Some input files use unchecked or unsafe operations.
[INFO] /tmp/tmpvwo8ok0u/botdarr/src/test/java/com/botdarr/api/radarr/RadarrApiTests.java: Recompile with -Xlint:unchecked for details.
[INFO] 
[INFO] --- maven-surefire-plugin:2.19.1:test (default-test) @ botdarr ---
[INFO] Surefire report directory: /tmp/tmpvwo8ok0u/botdarr/target/surefire-reports

-------------------------------------------------------
 T E S T S
-------------------------------------------------------

Results :

Tests run: 0, Failures: 0, Errors: 0, Skipped: 0

[INFO] 
[INFO] --- jacoco-maven-plugin:0.8.5:report (report) @ botdarr ---
[INFO] Loading execution data file /tmp/tmpvwo8ok0u/botdarr/target/jacoco.exec
[INFO] Analyzed bundle 'botdarr' with 253 classes
[INFO] ------------------------------------------------------------------------
[INFO] BUILD SUCCESS
[INFO] ------------------------------------------------------------------------
[INFO] Total time:  01:02 min
[INFO] Finished at: 2020-08-03T11:22:43Z
[INFO] ------------------------------------------------------------------------
