[INFO] Error stacktraces are turned on.
[INFO] Scanning for projects...
[INFO] 
[INFO] -------------------------< com.ming:Hospital >--------------------------
[INFO] Building Hospital Maven Webapp 1.0-SNAPSHOT
[INFO] --------------------------------[ war ]---------------------------------
[INFO] 
[INFO] --- jacoco-maven-plugin:0.8.5:prepare-agent (default) @ Hospital ---
[INFO] argLine set to -javaagent:/home/jdbl/.m2/repository/org/jacoco/org.jacoco.agent/0.8.5/org.jacoco.agent-0.8.5-runtime.jar=destfile=/tmp/tmpekcjr1ku/Hospital/target/jacoco.exec
[INFO] 
[INFO] --- maven-resources-plugin:2.6:resources (default-resources) @ Hospital ---
[WARNING] Using platform encoding (UTF-8 actually) to copy filtered resources, i.e. build is platform dependent!
[INFO] Copying 11 resources
[INFO] 
[INFO] --- maven-compiler-plugin:3.5.1:compile (default-compile) @ Hospital ---
[INFO] Changes detected - recompiling the module!
[WARNING] File encoding has not been set, using platform encoding UTF-8, i.e. build is platform dependent!
[INFO] Compiling 37 source files to /tmp/tmpekcjr1ku/Hospital/target/classes
[INFO] /tmp/tmpekcjr1ku/Hospital/src/main/java/com/ming/hospital/web/UserController.java: Some input files use unchecked or unsafe operations.
[INFO] /tmp/tmpekcjr1ku/Hospital/src/main/java/com/ming/hospital/web/UserController.java: Recompile with -Xlint:unchecked for details.
[INFO] 
[INFO] --- maven-resources-plugin:2.6:testResources (default-testResources) @ Hospital ---
[WARNING] Using platform encoding (UTF-8 actually) to copy filtered resources, i.e. build is platform dependent!
[INFO] skip non existing resourceDirectory /tmp/tmpekcjr1ku/Hospital/src/test/resources
[INFO] 
[INFO] --- maven-compiler-plugin:3.5.1:testCompile (default-testCompile) @ Hospital ---
[INFO] Changes detected - recompiling the module!
[WARNING] File encoding has not been set, using platform encoding UTF-8, i.e. build is platform dependent!
[INFO] Compiling 3 source files to /tmp/tmpekcjr1ku/Hospital/target/test-classes
[INFO] 
[INFO] --- maven-surefire-plugin:2.19.1:test (default-test) @ Hospital ---
[INFO] Surefire report directory: /tmp/tmpekcjr1ku/Hospital/target/surefire-reports

-------------------------------------------------------
 T E S T S
-------------------------------------------------------
Running com.ming.hospital.utils.MailUtilTest
123
Tests run: 1, Failures: 0, Errors: 0, Skipped: 0, Time elapsed: 0.045 sec - in com.ming.hospital.utils.MailUtilTest
Running com.ming.hospital.utils.DateUtilsTest
星期一
2020年-08月-03日
Tests run: 2, Failures: 0, Errors: 0, Skipped: 0, Time elapsed: 0.001 sec - in com.ming.hospital.utils.DateUtilsTest

Results :

Tests run: 3, Failures: 0, Errors: 0, Skipped: 0

[INFO] 
[INFO] --- jacoco-maven-plugin:0.8.5:report (report) @ Hospital ---
[INFO] Loading execution data file /tmp/tmpekcjr1ku/Hospital/target/jacoco.exec
[INFO] Analyzed bundle 'Hospital Maven Webapp' with 1835 classes
[INFO] ------------------------------------------------------------------------
[INFO] BUILD SUCCESS
[INFO] ------------------------------------------------------------------------
[INFO] Total time:  9.699 s
[INFO] Finished at: 2020-08-03T11:05:10Z
[INFO] ------------------------------------------------------------------------
