[INFO] Error stacktraces are turned on.
[INFO] Scanning for projects...
[WARNING] 
[WARNING] Some problems were encountered while building the effective model for commons-codec:commons-codec:jar:1.11
[WARNING] 'build.plugins.plugin.(groupId:artifactId)' must be unique but found duplicate declaration of plugin org.apache.maven.plugins:maven-assembly-plugin @ line 282, column 15
[WARNING] 
[WARNING] It is highly recommended to fix these problems because they threaten the stability of your build.
[WARNING] 
[WARNING] For this reason, future Maven versions might no longer support building such malformed projects.
[WARNING] 
[WARNING] The project commons-codec:commons-codec:jar:1.11 uses prerequisites which is only intended for maven-plugin projects but not for non maven-plugin projects. For such purposes you should use the maven-enforcer-plugin. See https://maven.apache.org/enforcer/enforcer-rules/requireMavenVersion.html
[INFO] 
[INFO] --------------------< commons-codec:commons-codec >---------------------
[INFO] Building Apache Commons Codec 1.11
[INFO] --------------------------------[ jar ]---------------------------------
[INFO] 
[INFO] --- maven-enforcer-plugin:1.4.1:enforce (enforce-maven-3) @ commons-codec ---
[INFO] 
[INFO] --- build-helper-maven-plugin:1.10:parse-version (parse-version) @ commons-codec ---
[INFO] 
[INFO] --- maven-antrun-plugin:1.8:run (javadoc.resources) @ commons-codec ---
[INFO] Executing tasks

main:
     [copy] Copying 2 files to /tmp/tmpj6dd5zvm/commons-codec/target/apidocs/META-INF
[INFO] Executed tasks
[INFO] 
[INFO] --- maven-remote-resources-plugin:1.5:process (process-resource-bundles) @ commons-codec ---
[INFO] 
[INFO] --- buildnumber-maven-plugin:1.4:create (default) @ commons-codec ---
[INFO] Executing: /bin/sh -c cd '/tmp/tmpj6dd5zvm/commons-codec' && 'svn' '--non-interactive' 'info'
[INFO] Working directory: /tmp/tmpj6dd5zvm/commons-codec
[INFO] Storing buildNumber: ?????? at timestamp: 1596121932746
[INFO] Executing: /bin/sh -c cd '/tmp/tmpj6dd5zvm/commons-codec' && 'svn' '--non-interactive' 'info'
[INFO] Working directory: /tmp/tmpj6dd5zvm/commons-codec
[INFO] Storing buildScmBranch: UNKNOWN_BRANCH
[INFO] 
[INFO] --- maven-resources-plugin:2.7:resources (default-resources) @ commons-codec ---
[INFO] Using 'UTF-8' encoding to copy filtered resources.
[INFO] Copying 128 resources
[INFO] Copying 2 resources to META-INF
[INFO] 
[INFO] --- maven-compiler-plugin:3.6.0:compile (default-compile) @ commons-codec ---
[INFO] Changes detected - recompiling the module!
[INFO] Compiling 64 source files to /tmp/tmpj6dd5zvm/commons-codec/target/classes
[INFO] 
[INFO] --- maven-bundle-plugin:3.0.1:manifest (bundle-manifest) @ commons-codec ---
[INFO] 
[INFO] --- animal-sniffer-maven-plugin:1.15:check (checkAPIcompatibility) @ commons-codec ---
[INFO] Signature checking is skipped.
[INFO] 
[INFO] --- maven-resources-plugin:2.7:testResources (default-testResources) @ commons-codec ---
[INFO] Using 'UTF-8' encoding to copy filtered resources.
[INFO] Copying 2 resources
[INFO] Copying 2 resources to META-INF
[INFO] 
[INFO] --- maven-compiler-plugin:3.6.0:testCompile (default-testCompile) @ commons-codec ---
[INFO] Changes detected - recompiling the module!
[INFO] Compiling 60 source files to /tmp/tmpj6dd5zvm/commons-codec/target/test-classes
[INFO] 
[INFO] --- jacoco-maven-plugin:0.7.7.201606060606:prepare-agent (prepare-agent) @ commons-codec ---
[INFO] argLine set to -javaagent:/home/jdbl/.m2/repository/org/jacoco/org.jacoco.agent/0.7.7.201606060606/org.jacoco.agent-0.7.7.201606060606-runtime.jar=destfile=/tmp/tmpj6dd5zvm/commons-codec/target/jacoco.exec
[INFO] 
[INFO] --- maven-surefire-plugin:2.19.1:test (default-test) @ commons-codec ---
[INFO] Surefire report directory: /tmp/tmpj6dd5zvm/commons-codec/target/surefire-reports

-------------------------------------------------------
 T E S T S
-------------------------------------------------------
Running org.apache.commons.codec.binary.Base64InputStreamTest
Tests run: 19, Failures: 0, Errors: 0, Skipped: 0, Time elapsed: 0.457 sec - in org.apache.commons.codec.binary.Base64InputStreamTest
Running org.apache.commons.codec.binary.Base32InputStreamTest
Tests run: 16, Failures: 0, Errors: 0, Skipped: 0, Time elapsed: 0.329 sec - in org.apache.commons.codec.binary.Base32InputStreamTest
Running org.apache.commons.codec.binary.Base64Test
Tests run: 56, Failures: 0, Errors: 0, Skipped: 1, Time elapsed: 0.069 sec - in org.apache.commons.codec.binary.Base64Test
Running org.apache.commons.codec.binary.BinaryCodecTest
Tests run: 13, Failures: 0, Errors: 0, Skipped: 0, Time elapsed: 0.003 sec - in org.apache.commons.codec.binary.BinaryCodecTest
Running org.apache.commons.codec.binary.Base32Test
Tests run: 16, Failures: 0, Errors: 0, Skipped: 0, Time elapsed: 0.004 sec - in org.apache.commons.codec.binary.Base32Test
Running org.apache.commons.codec.binary.StringUtilsTest
Tests run: 21, Failures: 0, Errors: 0, Skipped: 0, Time elapsed: 0.057 sec - in org.apache.commons.codec.binary.StringUtilsTest
Running org.apache.commons.codec.binary.Base64Codec13Test
Tests run: 8, Failures: 0, Errors: 0, Skipped: 0, Time elapsed: 0.018 sec - in org.apache.commons.codec.binary.Base64Codec13Test
Running org.apache.commons.codec.binary.Base64OutputStreamTest
Tests run: 7, Failures: 0, Errors: 0, Skipped: 0, Time elapsed: 0.409 sec - in org.apache.commons.codec.binary.Base64OutputStreamTest
Running org.apache.commons.codec.binary.Base32OutputStreamTest
Tests run: 6, Failures: 0, Errors: 0, Skipped: 0, Time elapsed: 0.148 sec - in org.apache.commons.codec.binary.Base32OutputStreamTest
Running org.apache.commons.codec.binary.BaseNCodecTest
Tests run: 7, Failures: 0, Errors: 0, Skipped: 0, Time elapsed: 0.001 sec - in org.apache.commons.codec.binary.BaseNCodecTest
Running org.apache.commons.codec.binary.HexTest
Tests run: 44, Failures: 0, Errors: 0, Skipped: 0, Time elapsed: 0.239 sec - in org.apache.commons.codec.binary.HexTest
Running org.apache.commons.codec.net.URLCodecTest
Tests run: 16, Failures: 0, Errors: 0, Skipped: 0, Time elapsed: 0.009 sec - in org.apache.commons.codec.net.URLCodecTest
Running org.apache.commons.codec.net.QuotedPrintableCodecTest
Tests run: 21, Failures: 0, Errors: 0, Skipped: 0, Time elapsed: 0.001 sec - in org.apache.commons.codec.net.QuotedPrintableCodecTest
Running org.apache.commons.codec.net.BCodecTest
Tests run: 9, Failures: 0, Errors: 0, Skipped: 0, Time elapsed: 0 sec - in org.apache.commons.codec.net.BCodecTest
Running org.apache.commons.codec.net.RFC1522CodecTest
Tests run: 2, Failures: 0, Errors: 0, Skipped: 0, Time elapsed: 0 sec - in org.apache.commons.codec.net.RFC1522CodecTest
Running org.apache.commons.codec.net.QCodecTest
Tests run: 12, Failures: 0, Errors: 0, Skipped: 0, Time elapsed: 0.001 sec - in org.apache.commons.codec.net.QCodecTest
Running org.apache.commons.codec.net.UtilsTest
Tests run: 1, Failures: 0, Errors: 0, Skipped: 0, Time elapsed: 0.001 sec - in org.apache.commons.codec.net.UtilsTest
Running org.apache.commons.codec.CharEncodingTest
Tests run: 7, Failures: 0, Errors: 0, Skipped: 0, Time elapsed: 0 sec - in org.apache.commons.codec.CharEncodingTest
Running org.apache.commons.codec.language.DaitchMokotoffSoundexTest
Tests run: 13, Failures: 0, Errors: 0, Skipped: 0, Time elapsed: 0 sec - in org.apache.commons.codec.language.DaitchMokotoffSoundexTest
Running org.apache.commons.codec.language.MatchRatingApproachEncoderTest
Tests run: 96, Failures: 0, Errors: 0, Skipped: 0, Time elapsed: 0.026 sec - in org.apache.commons.codec.language.MatchRatingApproachEncoderTest
Running org.apache.commons.codec.language.DoubleMetaphoneTest
Tests run: 16, Failures: 0, Errors: 0, Skipped: 0, Time elapsed: 0.055 sec - in org.apache.commons.codec.language.DoubleMetaphoneTest
Running org.apache.commons.codec.language.RefinedSoundexTest
Tests run: 10, Failures: 0, Errors: 0, Skipped: 0, Time elapsed: 0.006 sec - in org.apache.commons.codec.language.RefinedSoundexTest
Running org.apache.commons.codec.language.Caverphone1Test
Tests run: 9, Failures: 0, Errors: 0, Skipped: 0, Time elapsed: 0.005 sec - in org.apache.commons.codec.language.Caverphone1Test
Running org.apache.commons.codec.language.DoubleMetaphone2Test
Tests run: 6, Failures: 0, Errors: 0, Skipped: 0, Time elapsed: 0.016 sec - in org.apache.commons.codec.language.DoubleMetaphone2Test
Running org.apache.commons.codec.language.NysiisTest
Tests run: 23, Failures: 0, Errors: 0, Skipped: 0, Time elapsed: 0.015 sec - in org.apache.commons.codec.language.NysiisTest
Running org.apache.commons.codec.language.bm.RuleTest
Tests run: 3, Failures: 0, Errors: 0, Skipped: 0, Time elapsed: 0.039 sec - in org.apache.commons.codec.language.bm.RuleTest
Running org.apache.commons.codec.language.bm.PhoneticEngineRegressionTest
Tests run: 4, Failures: 0, Errors: 0, Skipped: 0, Time elapsed: 0.483 sec - in org.apache.commons.codec.language.bm.PhoneticEngineRegressionTest
Running org.apache.commons.codec.language.bm.BeiderMorseEncoderTest
Tests run: 22, Failures: 0, Errors: 0, Skipped: 0, Time elapsed: 3.4 sec - in org.apache.commons.codec.language.bm.BeiderMorseEncoderTest
Running org.apache.commons.codec.language.bm.LanguageGuessingTest
Tests run: 18, Failures: 0, Errors: 0, Skipped: 0, Time elapsed: 0.011 sec - in org.apache.commons.codec.language.bm.LanguageGuessingTest
Running org.apache.commons.codec.language.bm.PhoneticEngineTest
Tests run: 8, Failures: 0, Errors: 0, Skipped: 0, Time elapsed: 0.066 sec - in org.apache.commons.codec.language.bm.PhoneticEngineTest
Running org.apache.commons.codec.language.ColognePhoneticTest
Tests run: 13, Failures: 0, Errors: 0, Skipped: 0, Time elapsed: 0.001 sec - in org.apache.commons.codec.language.ColognePhoneticTest
Running org.apache.commons.codec.language.MetaphoneTest
Tests run: 34, Failures: 0, Errors: 0, Skipped: 0, Time elapsed: 0.067 sec - in org.apache.commons.codec.language.MetaphoneTest
Running org.apache.commons.codec.language.SoundexTest
Tests run: 31, Failures: 0, Errors: 0, Skipped: 0, Time elapsed: 0.007 sec - in org.apache.commons.codec.language.SoundexTest
Running org.apache.commons.codec.language.Caverphone2Test
Tests run: 13, Failures: 0, Errors: 0, Skipped: 0, Time elapsed: 0.02 sec - in org.apache.commons.codec.language.Caverphone2Test
Running org.apache.commons.codec.EncoderExceptionTest
Tests run: 4, Failures: 0, Errors: 0, Skipped: 0, Time elapsed: 0.001 sec - in org.apache.commons.codec.EncoderExceptionTest
Running org.apache.commons.codec.DecoderExceptionTest
Tests run: 4, Failures: 0, Errors: 0, Skipped: 0, Time elapsed: 0 sec - in org.apache.commons.codec.DecoderExceptionTest
Running org.apache.commons.codec.digest.UnixCryptTest
Tests run: 9, Failures: 0, Errors: 0, Skipped: 0, Time elapsed: 0.012 sec - in org.apache.commons.codec.digest.UnixCryptTest
Running org.apache.commons.codec.digest.Sha256CryptTest
Tests run: 7, Failures: 0, Errors: 0, Skipped: 0, Time elapsed: 0.399 sec - in org.apache.commons.codec.digest.Sha256CryptTest
Running org.apache.commons.codec.digest.HmacUtilsTest
Tests run: 23, Failures: 0, Errors: 0, Skipped: 0, Time elapsed: 0.111 sec - in org.apache.commons.codec.digest.HmacUtilsTest
Running org.apache.commons.codec.digest.HmacAlgorithmsTest
Tests run: 96, Failures: 0, Errors: 0, Skipped: 0, Time elapsed: 0.836 sec - in org.apache.commons.codec.digest.HmacAlgorithmsTest
Running org.apache.commons.codec.digest.Sha512CryptTest
Tests run: 8, Failures: 0, Errors: 0, Skipped: 0, Time elapsed: 0.288 sec - in org.apache.commons.codec.digest.Sha512CryptTest
Running org.apache.commons.codec.digest.XXHash32Test
Tests run: 2, Failures: 0, Errors: 0, Skipped: 0, Time elapsed: 0.005 sec - in org.apache.commons.codec.digest.XXHash32Test
Running org.apache.commons.codec.digest.Apr1CryptTest
Tests run: 8, Failures: 0, Errors: 0, Skipped: 0, Time elapsed: 0.038 sec - in org.apache.commons.codec.digest.Apr1CryptTest
Running org.apache.commons.codec.digest.PureJavaCrc32CTest
Tests run: 4, Failures: 0, Errors: 0, Skipped: 0, Time elapsed: 0.004 sec - in org.apache.commons.codec.digest.PureJavaCrc32CTest
Running org.apache.commons.codec.digest.MessageDigestAlgorithmsTest
Tests run: 66, Failures: 0, Errors: 0, Skipped: 24, Time elapsed: 2.968 sec - in org.apache.commons.codec.digest.MessageDigestAlgorithmsTest
Running org.apache.commons.codec.digest.PureJavaCrc32Test
Tests run: 1, Failures: 0, Errors: 0, Skipped: 0, Time elapsed: 0.203 sec - in org.apache.commons.codec.digest.PureJavaCrc32Test
Running org.apache.commons.codec.digest.B64Test
Tests run: 2, Failures: 0, Errors: 0, Skipped: 0, Time elapsed: 0.001 sec - in org.apache.commons.codec.digest.B64Test
Running org.apache.commons.codec.digest.Md5CryptTest
Tests run: 7, Failures: 0, Errors: 0, Skipped: 0, Time elapsed: 0.017 sec - in org.apache.commons.codec.digest.Md5CryptTest
Running org.apache.commons.codec.digest.Sha2CryptTest
Tests run: 1, Failures: 0, Errors: 0, Skipped: 0, Time elapsed: 0.001 sec - in org.apache.commons.codec.digest.Sha2CryptTest
Running org.apache.commons.codec.digest.DigestUtilsTest
Tests run: 19, Failures: 0, Errors: 0, Skipped: 0, Time elapsed: 0.51 sec - in org.apache.commons.codec.digest.DigestUtilsTest
Running org.apache.commons.codec.digest.CryptTest
Tests run: 4, Failures: 0, Errors: 0, Skipped: 0, Time elapsed: 0.034 sec - in org.apache.commons.codec.digest.CryptTest
Running org.apache.commons.codec.CharsetsTest
Tests run: 7, Failures: 0, Errors: 0, Skipped: 0, Time elapsed: 0.001 sec - in org.apache.commons.codec.CharsetsTest
Running org.apache.commons.codec.StringEncoderComparatorTest
Tests run: 3, Failures: 0, Errors: 0, Skipped: 0, Time elapsed: 0.002 sec - in org.apache.commons.codec.StringEncoderComparatorTest

Results :

Tests run: 875, Failures: 0, Errors: 0, Skipped: 25

[INFO] 
[INFO] --- maven-jar-plugin:3.0.0:jar (default-jar) @ commons-codec ---
[INFO] Building jar: /tmp/tmpj6dd5zvm/commons-codec/target/commons-codec-1.11.jar
[INFO] 
[INFO] --- maven-site-plugin:3.6:attach-descriptor (attach-descriptor) @ commons-codec ---
[INFO] Skipping because packaging 'jar' is not pom.
[INFO] 
[INFO] --- maven-assembly-plugin:3.2.0:single (default) @ commons-codec ---
[INFO] Reading assembly descriptor: src/assembly/bin.xml
[INFO] Reading assembly descriptor: src/assembly/src.xml
[INFO] Building tar: /tmp/tmpj6dd5zvm/commons-codec/target/commons-codec-1.11-bin.tar.gz
[INFO] Building zip: /tmp/tmpj6dd5zvm/commons-codec/target/commons-codec-1.11-bin.zip
[INFO] Building tar: /tmp/tmpj6dd5zvm/commons-codec/target/commons-codec-1.11-src.tar.gz
[INFO] Building zip: /tmp/tmpj6dd5zvm/commons-codec/target/commons-codec-1.11-src.zip
[INFO] Building jar: /tmp/tmpj6dd5zvm/commons-codec/target/commons-codec-1.11-jar-with-dependencies.jar
[INFO] ------------------------------------------------------------------------
[INFO] BUILD SUCCESS
[INFO] ------------------------------------------------------------------------
[INFO] Total time:  41.111 s
[INFO] Finished at: 2020-07-30T15:12:43Z
[INFO] ------------------------------------------------------------------------
