[INFO] Error stacktraces are turned on.
[INFO] Scanning for projects...
[INFO] 
[INFO] ----------------------< com.github.zaza:olx-rss >-----------------------
[INFO] Building olx-rss 0.0.1-SNAPSHOT
[INFO] --------------------------------[ jar ]---------------------------------
[INFO] 
[INFO] --- jacoco-maven-plugin:0.8.5:prepare-agent (default) @ olx-rss ---
[INFO] argLine set to -javaagent:/home/jdbl/.m2/repository/org/jacoco/org.jacoco.agent/0.8.5/org.jacoco.agent-0.8.5-runtime.jar=destfile=/tmp/tmpzx14h4iv/olx-rss/target/jacoco.exec
[INFO] 
[INFO] --- maven-resources-plugin:2.6:resources (default-resources) @ olx-rss ---
[WARNING] Using platform encoding (UTF-8 actually) to copy filtered resources, i.e. build is platform dependent!
[INFO] Copying 2 resources
[INFO] 
[INFO] --- maven-compiler-plugin:3.1:compile (default-compile) @ olx-rss ---
[INFO] Changes detected - recompiling the module!
[INFO] Compiling 8 source files to /tmp/tmpzx14h4iv/olx-rss/target/classes
[INFO] 
[INFO] --- maven-resources-plugin:2.6:testResources (default-testResources) @ olx-rss ---
[WARNING] Using platform encoding (UTF-8 actually) to copy filtered resources, i.e. build is platform dependent!
[INFO] Copying 3 resources
[INFO] 
[INFO] --- maven-compiler-plugin:3.1:testCompile (default-testCompile) @ olx-rss ---
[INFO] Changes detected - recompiling the module!
[INFO] Compiling 4 source files to /tmp/tmpzx14h4iv/olx-rss/target/test-classes
[INFO] 
[INFO] --- maven-surefire-plugin:2.19.1:test (default-test) @ olx-rss ---
[INFO] Surefire report directory: /tmp/tmpzx14h4iv/olx-rss/target/surefire-reports

-------------------------------------------------------
 T E S T S
-------------------------------------------------------
Running com.github.zaza.olx.OlxOfferTest
2020-07-30 20:08:56,130 DEBUG c.g.z.o.OlxScrapper - Parsing document from https://www.olx.pl/oferty/q-czesci-fiata/?search%5Bfilter_float_price%3Afrom%5D=free&search%5Bfilter_float_price%3Ato%5D=1
2020-07-30 20:09:00,362 DEBUG c.g.z.o.OlxScrapper - Parsing document from https://www.olx.pl/oferty/q-maskotka/?search%5Bfilter_float_price%3Afrom%5D=free
2020-07-30 20:09:02,430 DEBUG c.g.z.o.OlxScrapper - Processing next page...
2020-07-30 20:09:02,714 DEBUG c.g.z.o.OlxScrapper - Parsing document from https://www.olx.pl/oferty/q-maskotka/?search%5Bfilter_float_price%3Afrom%5D=free&page=2
2020-07-30 20:09:03,273 DEBUG c.g.z.o.OlxScrapper - Parsing document from https://www.olx.pl/Koszalin/q-nowy-dom/?search%5Bdist%5D=30
2020-07-30 20:09:06,912 DEBUG c.g.z.o.OlxScrapper - Parsing document from https://www.olx.pl/Koszalin/oferty/q-nowy-dom/
2020-07-30 20:09:11,145 DEBUG c.g.z.o.OlxScrapper - Parsing document from https://www.olx.pl/Koszalin/oferty/q-nowy-dom/
2020-07-30 20:09:15,479 DEBUG c.g.z.o.OlxScrapper - Parsing document from https://www.olx.pl/oferty/q-sprzedam-opla/
2020-07-30 20:09:17,590 DEBUG c.g.z.o.OlxScrapper - Processing next page...
2020-07-30 20:09:18,026 DEBUG c.g.z.o.OlxScrapper - Parsing document from https://www.olx.pl/oferty/q-sprzedam-opla/?page=2
2020-07-30 20:09:18,709 DEBUG c.g.z.o.OlxScrapper - Processing next page...
2020-07-30 20:09:19,150 DEBUG c.g.z.o.OlxScrapper - Parsing document from https://www.olx.pl/oferty/q-sprzedam-opla/?page=3
2020-07-30 20:09:19,831 DEBUG c.g.z.o.OlxScrapper - Processing next page...
2020-07-30 20:09:20,114 DEBUG c.g.z.o.OlxScrapper - Parsing document from https://www.olx.pl/oferty/q-sprzedam-opla/?page=4
2020-07-30 20:09:21,175 DEBUG c.g.z.o.OlxScrapper - Processing next page...
2020-07-30 20:09:21,501 DEBUG c.g.z.o.OlxScrapper - Parsing document from https://www.olx.pl/oferty/q-sprzedam-opla/?page=5
2020-07-30 20:09:22,152 DEBUG c.g.z.o.OlxScrapper - Processing next page...
2020-07-30 20:09:22,475 DEBUG c.g.z.o.OlxScrapper - Parsing document from https://www.olx.pl/oferty/q-sprzedam-opla/?page=6
2020-07-30 20:09:23,129 DEBUG c.g.z.o.OlxScrapper - Processing next page...
2020-07-30 20:09:23,537 DEBUG c.g.z.o.OlxScrapper - Parsing document from https://www.olx.pl/oferty/q-sprzedam-opla/?page=7
2020-07-30 20:09:24,126 DEBUG c.g.z.o.OlxScrapper - Processing next page...
2020-07-30 20:09:24,401 DEBUG c.g.z.o.OlxScrapper - Parsing document from https://www.olx.pl/oferty/q-sprzedam-opla/?page=8
2020-07-30 20:09:25,011 DEBUG c.g.z.o.OlxScrapper - Processing next page...
2020-07-30 20:09:25,335 DEBUG c.g.z.o.OlxScrapper - Parsing document from https://www.olx.pl/oferty/q-sprzedam-opla/?page=9
2020-07-30 20:09:26,194 DEBUG c.g.z.o.OlxScrapper - Processing next page...
2020-07-30 20:09:26,659 DEBUG c.g.z.o.OlxScrapper - Parsing document from https://www.olx.pl/oferty/q-sprzedam-opla/?page=10
2020-07-30 20:09:27,318 DEBUG c.g.z.o.OlxScrapper - Processing next page...
2020-07-30 20:09:27,626 DEBUG c.g.z.o.OlxScrapper - Parsing document from https://www.olx.pl/oferty/q-sprzedam-opla/?page=11
2020-07-30 20:09:28,191 DEBUG c.g.z.o.OlxScrapper - Processing next page...
2020-07-30 20:09:28,579 DEBUG c.g.z.o.OlxScrapper - Parsing document from https://www.olx.pl/oferty/q-sprzedam-opla/?page=12
2020-07-30 20:09:29,186 DEBUG c.g.z.o.OlxScrapper - Processing next page...
2020-07-30 20:09:29,508 DEBUG c.g.z.o.OlxScrapper - Parsing document from https://www.olx.pl/oferty/q-sprzedam-opla/?page=13
2020-07-30 20:09:30,222 DEBUG c.g.z.o.OlxScrapper - Parsing document from https://www.olx.pl/oferty/q-sprzedam-opla/?search%5Bphotos%5D=1
2020-07-30 20:09:32,396 DEBUG c.g.z.o.OlxScrapper - Processing next page...
2020-07-30 20:09:33,092 DEBUG c.g.z.o.OlxScrapper - Parsing document from https://www.olx.pl/oferty/q-sprzedam-opla/?search%5Bphotos%5D=1&page=2
2020-07-30 20:09:33,704 DEBUG c.g.z.o.OlxScrapper - Processing next page...
2020-07-30 20:09:33,973 DEBUG c.g.z.o.OlxScrapper - Parsing document from https://www.olx.pl/oferty/q-sprzedam-opla/?search%5Bphotos%5D=1&page=3
2020-07-30 20:09:34,531 DEBUG c.g.z.o.OlxScrapper - Processing next page...
2020-07-30 20:09:34,819 DEBUG c.g.z.o.OlxScrapper - Parsing document from https://www.olx.pl/oferty/q-sprzedam-opla/?search%5Bphotos%5D=1&page=4
2020-07-30 20:09:35,362 DEBUG c.g.z.o.OlxScrapper - Processing next page...
2020-07-30 20:09:35,642 DEBUG c.g.z.o.OlxScrapper - Parsing document from https://www.olx.pl/oferty/q-sprzedam-opla/?search%5Bphotos%5D=1&page=5
2020-07-30 20:09:36,242 DEBUG c.g.z.o.OlxScrapper - Processing next page...
2020-07-30 20:09:36,598 DEBUG c.g.z.o.OlxScrapper - Parsing document from https://www.olx.pl/oferty/q-sprzedam-opla/?search%5Bphotos%5D=1&page=6
2020-07-30 20:09:37,162 DEBUG c.g.z.o.OlxScrapper - Processing next page...
2020-07-30 20:09:37,514 DEBUG c.g.z.o.OlxScrapper - Parsing document from https://www.olx.pl/oferty/q-sprzedam-opla/?search%5Bphotos%5D=1&page=7
2020-07-30 20:09:38,137 DEBUG c.g.z.o.OlxScrapper - Processing next page...
2020-07-30 20:09:38,535 DEBUG c.g.z.o.OlxScrapper - Parsing document from https://www.olx.pl/oferty/q-sprzedam-opla/?search%5Bphotos%5D=1&page=8
2020-07-30 20:09:39,103 DEBUG c.g.z.o.OlxScrapper - Processing next page...
2020-07-30 20:09:39,414 DEBUG c.g.z.o.OlxScrapper - Parsing document from https://www.olx.pl/oferty/q-sprzedam-opla/?search%5Bphotos%5D=1&page=9
2020-07-30 20:09:40,108 DEBUG c.g.z.o.OlxScrapper - Processing next page...
2020-07-30 20:09:40,531 DEBUG c.g.z.o.OlxScrapper - Parsing document from https://www.olx.pl/oferty/q-sprzedam-opla/?search%5Bphotos%5D=1&page=10
2020-07-30 20:09:41,212 DEBUG c.g.z.o.OlxScrapper - Processing next page...
2020-07-30 20:09:41,499 DEBUG c.g.z.o.OlxScrapper - Parsing document from https://www.olx.pl/oferty/q-sprzedam-opla/?search%5Bphotos%5D=1&page=11
2020-07-30 20:09:42,123 DEBUG c.g.z.o.OlxScrapper - Processing next page...
2020-07-30 20:09:42,439 DEBUG c.g.z.o.OlxScrapper - Parsing document from https://www.olx.pl/oferty/q-sprzedam-opla/?search%5Bphotos%5D=1&page=12
2020-07-30 20:09:42,976 DEBUG c.g.z.o.OlxScrapper - Processing next page...
2020-07-30 20:09:43,220 DEBUG c.g.z.o.OlxScrapper - Parsing document from https://www.olx.pl/oferty/q-sprzedam-opla/?search%5Bphotos%5D=1&page=13
2020-07-30 20:09:43,859 DEBUG c.g.z.o.OlxScrapper - Parsing document from https://www.olx.pl/oferty/q-czesci-fiata/?search%5Bfilter_float_price%3Afrom%5D=2&search%5Bfilter_float_price%3Ato%5D=9
2020-07-30 20:09:46,242 DEBUG c.g.z.o.OlxScrapper - Parsing document from https://www.olx.pl/Kurozwecz/oferty/q-kamienica/
2020-07-30 20:09:46,618 INFO  c.g.z.o.OlxScrapper - Found no related offers.
Tests run: 11, Failures: 0, Errors: 0, Skipped: 0, Time elapsed: 52.578 sec - in com.github.zaza.olx.OlxOfferTest
Running com.github.zaza.olx.OlxQueryBuilderTest
Tests run: 11, Failures: 0, Errors: 0, Skipped: 0, Time elapsed: 0.007 sec - in com.github.zaza.olx.OlxQueryBuilderTest
Running com.github.zaza.olx.OlxScrapperTest
2020-07-30 20:09:46,634 DEBUG c.g.z.o.OlxScrapper - Parsing document from https://www.olx.pl/oferty
2020-07-30 20:09:47,761 DEBUG c.g.z.o.OlxScrapper - Parsing document from https://www.olx.pl/oferty/q-asdfghjkl/
2020-07-30 20:09:48,686 INFO  c.g.z.o.OlxScrapper - Found no related offers.
2020-07-30 20:09:48,687 DEBUG c.g.z.o.OlxScrapper - Parsing document from https://www.olx.pl/oferty/q-kierowce-przyjme/
2020-07-30 20:09:53,854 DEBUG c.g.z.o.OlxScrapper - Parsing document from https://www.olx.pl/oferty/q-czarny-proch/
Tests run: 4, Failures: 0, Errors: 0, Skipped: 0, Time elapsed: 10.905 sec - in com.github.zaza.olx.OlxScrapperTest

Results :

Tests run: 26, Failures: 0, Errors: 0, Skipped: 0

[INFO] 
[INFO] --- jacoco-maven-plugin:0.8.5:report (report) @ olx-rss ---
[INFO] Loading execution data file /tmp/tmpzx14h4iv/olx-rss/target/jacoco.exec
[INFO] Analyzed bundle 'olx-rss' with 232 classes
[INFO] ------------------------------------------------------------------------
[INFO] BUILD SUCCESS
[INFO] ------------------------------------------------------------------------
[INFO] Total time:  01:17 min
[INFO] Finished at: 2020-07-30T20:09:59Z
[INFO] ------------------------------------------------------------------------
