[INFO] Error stacktraces are turned on.
[INFO] Scanning for projects...
[INFO] 
[INFO] --------------------------< org.highj:highj >---------------------------
[INFO] Building HighJ - Higher Kinded Types for Java 0.7-java8-SNAPSHOT
[INFO] --------------------------------[ jar ]---------------------------------
[INFO] 
[INFO] --- jacoco-maven-plugin:0.8.5:prepare-agent (default) @ highj ---
[INFO] argLine set to -javaagent:/home/jdbl/.m2/repository/org/jacoco/org.jacoco.agent/0.8.5/org.jacoco.agent-0.8.5-runtime.jar=destfile=/tmp/tmpgzsn767e/highj/target/jacoco.exec
[INFO] 
[INFO] --- maven-resources-plugin:2.6:resources (default-resources) @ highj ---
[INFO] Using 'UTF-8' encoding to copy filtered resources.
[INFO] skip non existing resourceDirectory /tmp/tmpgzsn767e/highj/src/main/resources
[INFO] 
[INFO] --- maven-compiler-plugin:3.6.0:compile (default-compile) @ highj ---
[INFO] Changes detected - recompiling the module!
[INFO] Compiling 500 source files to /tmp/tmpgzsn767e/highj/target/classes
[WARNING] /tmp/tmpgzsn767e/highj/src/main/java/org/highj/data/TreeMap.java:[123,111] Possible heap pollution from parameterized vararg type K
[WARNING] /tmp/tmpgzsn767e/highj/src/main/java/org/highj/data/TreeMap.java:[138,55] Possible heap pollution from parameterized vararg type K
[WARNING] /tmp/tmpgzsn767e/highj/src/main/java/org/highj/typeclass0/group/Semigroup.java:[20,22] Possible heap pollution from parameterized vararg type A
[INFO] 
[INFO] --- maven-resources-plugin:2.6:testResources (default-testResources) @ highj ---
[INFO] Using 'UTF-8' encoding to copy filtered resources.
[INFO] skip non existing resourceDirectory /tmp/tmpgzsn767e/highj/src/test/resources
[INFO] 
[INFO] --- maven-compiler-plugin:3.6.0:testCompile (default-testCompile) @ highj ---
[INFO] Changes detected - recompiling the module!
[INFO] Compiling 61 source files to /tmp/tmpgzsn767e/highj/target/test-classes
[WARNING] /tmp/tmpgzsn767e/highj/src/test/java/org/highj/data/TheseTest.java:[266,56] unchecked generic array creation for varargs parameter of type org.highj.data.tuple.T2<java.lang.Integer,java.lang.String>[]
[WARNING] /tmp/tmpgzsn767e/highj/src/test/java/org/highj/typeclass1/monad/FunctorTest.java:[74,63] unchecked generic array creation for varargs parameter of type org.derive4j.hkt.__<org.highj.data.Maybe.µ,java.lang.Integer>[]
[WARNING] /tmp/tmpgzsn767e/highj/src/test/java/org/highj/typeclass1/monad/FunctorTest.java:[84,63] unchecked generic array creation for varargs parameter of type org.derive4j.hkt.__<org.highj.data.Maybe.µ,org.derive4j.hkt.__<org.highj.data.tuple.T1.µ,java.lang.Integer>>[]
[WARNING] /tmp/tmpgzsn767e/highj/src/test/java/org/highj/data/instance/ListTest.java:[500,66] unchecked generic array creation for varargs parameter of type org.highj.data.tuple.T2<java.lang.Integer,java.lang.String>[]
[WARNING] /tmp/tmpgzsn767e/highj/src/test/java/org/highj/data/instance/ListTest.java:[502,76] unchecked generic array creation for varargs parameter of type org.highj.data.tuple.T3<java.lang.Integer,java.lang.String,java.lang.Boolean>[]
[WARNING] /tmp/tmpgzsn767e/highj/src/test/java/org/highj/data/instance/ListTest.java:[504,86] unchecked generic array creation for varargs parameter of type org.highj.data.tuple.T4<java.lang.Integer,java.lang.String,java.lang.Boolean,java.lang.Long>[]
[WARNING] /tmp/tmpgzsn767e/highj/src/test/java/org/highj/data/DualTest.java:[73,31] unchecked generic array creation for varargs parameter of type org.derive4j.hkt.__3<org.highj.data.structural.Dual.µ,org.highj.data.tuple.T2.µ,java.lang.String,java.lang.Integer>[]
[WARNING] /tmp/tmpgzsn767e/highj/src/test/java/org/highj/data/instance/EitherTest.java:[356,51] unchecked generic array creation for varargs parameter of type org.highj.data.Either<java.lang.String,java.lang.Integer>[]
[WARNING] /tmp/tmpgzsn767e/highj/src/test/java/org/highj/data/structural/ComposeTest.java:[64,64] unchecked generic array creation for varargs parameter of type org.derive4j.hkt.__<org.highj.data.Maybe.µ,java.lang.String>[]
[WARNING] /tmp/tmpgzsn767e/highj/src/test/java/org/highj/data/structural/ComposeTest.java:[98,42] unchecked generic array creation for varargs parameter of type org.derive4j.hkt.__<org.highj.data.Maybe.µ,java.lang.Integer>[]
[WARNING] /tmp/tmpgzsn767e/highj/src/test/java/org/highj/data/TreeMapTest.java:[94,70] unchecked generic array creation for varargs parameter of type org.highj.data.tuple.T2<java.lang.String,java.lang.Integer>[]
[WARNING] /tmp/tmpgzsn767e/highj/src/test/java/org/highj/data/TreeMapTest.java:[160,89] unchecked generic array creation for varargs parameter of type org.highj.data.tuple.T2<java.lang.String,java.lang.Integer>[]
[WARNING] /tmp/tmpgzsn767e/highj/src/test/java/org/highj/data/TreeMapTest.java:[294,53] unchecked generic array creation for varargs parameter of type org.highj.data.tuple.T2<java.lang.String,java.lang.Integer>[]
[WARNING] /tmp/tmpgzsn767e/highj/src/test/java/org/highj/data/TreeMapTest.java:[319,82] unchecked generic array creation for varargs parameter of type org.highj.data.tuple.T2<java.lang.String,java.lang.Integer>[]
[INFO] 
[INFO] --- maven-surefire-plugin:2.19.1:test (default-test) @ highj ---
[INFO] Surefire report directory: /tmp/tmpgzsn767e/highj/target/surefire-reports

-------------------------------------------------------
 T E S T S
-------------------------------------------------------
Running org.highj.typeclass1.foldable.FoldableTest
Tests run: 9, Failures: 0, Errors: 0, Skipped: 0, Time elapsed: 0.352 sec - in org.highj.typeclass1.foldable.FoldableTest
Running org.highj.typeclass1.monad.FunctorTest
Tests run: 7, Failures: 0, Errors: 0, Skipped: 0, Time elapsed: 0.03 sec - in org.highj.typeclass1.monad.FunctorTest
Running org.highj.function.F1Test
Tests run: 23, Failures: 0, Errors: 0, Skipped: 0, Time elapsed: 0.281 sec - in org.highj.function.F1Test
Running org.highj.typeclass2.bifoldable.BifoldableTest
Tests run: 6, Failures: 0, Errors: 0, Skipped: 0, Time elapsed: 0.01 sec - in org.highj.typeclass2.bifoldable.BifoldableTest
Running org.highj.util.IterablesTest
Tests run: 8, Failures: 0, Errors: 0, Skipped: 0, Time elapsed: 0.024 sec - in org.highj.util.IterablesTest
Running org.highj.util.IteratorsTest
Tests run: 7, Failures: 0, Errors: 0, Skipped: 0, Time elapsed: 0.004 sec - in org.highj.util.IteratorsTest
Running org.highj.data.eq.EqTest
Tests run: 6, Failures: 0, Errors: 0, Skipped: 0, Time elapsed: 0.007 sec - in org.highj.data.eq.EqTest
Running org.highj.data.ord.OrdTest
Tests run: 15, Failures: 0, Errors: 0, Skipped: 0, Time elapsed: 0.011 sec - in org.highj.data.ord.OrdTest
Running org.highj.data.ord.OrderingTest
Tests run: 7, Failures: 0, Errors: 0, Skipped: 0, Time elapsed: 0.006 sec - in org.highj.data.ord.OrderingTest
Running org.highj.data.transformer.GeneratorTTest
Tests run: 1, Failures: 0, Errors: 0, Skipped: 0, Time elapsed: 0.058 sec - in org.highj.data.transformer.GeneratorTTest
Running org.highj.data.transformer.ListTTest
Tests run: 51, Failures: 0, Errors: 0, Skipped: 0, Time elapsed: 0.094 sec - in org.highj.data.transformer.ListTTest
Running org.highj.data.DualTest
Tests run: 5, Failures: 0, Errors: 0, Skipped: 0, Time elapsed: 0.003 sec - in org.highj.data.DualTest
Running org.highj.data.stateful.AsyncIOTest
Tests run: 1, Failures: 0, Errors: 0, Skipped: 0, Time elapsed: 0.044 sec - in org.highj.data.stateful.AsyncIOTest
Running org.highj.data.MemoTest
Tests run: 8, Failures: 0, Errors: 0, Skipped: 0, Time elapsed: 0.02 sec - in org.highj.data.MemoTest
Running org.highj.data.tuple.T1Test
Tests run: 27, Failures: 0, Errors: 0, Skipped: 0, Time elapsed: 0.022 sec - in org.highj.data.tuple.T1Test
Running org.highj.data.tuple.T0Test
Tests run: 6, Failures: 0, Errors: 0, Skipped: 0, Time elapsed: 0 sec - in org.highj.data.tuple.T0Test
Running org.highj.data.tuple.T3Test
Tests run: 34, Failures: 0, Errors: 0, Skipped: 0, Time elapsed: 0.03 sec - in org.highj.data.tuple.T3Test
Running org.highj.data.tuple.T4Test
Tests run: 37, Failures: 0, Errors: 0, Skipped: 0, Time elapsed: 0.034 sec - in org.highj.data.tuple.T4Test
Running org.highj.data.tuple.T2Test
Tests run: 36, Failures: 0, Errors: 0, Skipped: 0, Time elapsed: 0.015 sec - in org.highj.data.tuple.T2Test
Running org.highj.data.TreeMapTest
Tests run: 32, Failures: 0, Errors: 0, Skipped: 0, Time elapsed: 0.512 sec - in org.highj.data.TreeMapTest
Running org.highj.data.HashMapTest
Tests run: 9, Failures: 0, Errors: 0, Skipped: 0, Time elapsed: 0.225 sec - in org.highj.data.HashMapTest
Running org.highj.data.num.BigIntegersTest
Tests run: 20, Failures: 0, Errors: 0, Skipped: 0, Time elapsed: 0.021 sec - in org.highj.data.num.BigIntegersTest
Running org.highj.data.num.IntegersTest
Tests run: 23, Failures: 0, Errors: 0, Skipped: 0, Time elapsed: 0.008 sec - in org.highj.data.num.IntegersTest
Running org.highj.data.TreeSetTest
Tests run: 25, Failures: 0, Errors: 0, Skipped: 0, Time elapsed: 0.032 sec - in org.highj.data.TreeSetTest
Running org.highj.data.bool.BooleansTest
Tests run: 3, Failures: 0, Errors: 0, Skipped: 0, Time elapsed: 0.023 sec - in org.highj.data.bool.BooleansTest
Running org.highj.data.structural.ComposeTest
Tests run: 10, Failures: 0, Errors: 0, Skipped: 0, Time elapsed: 0.019 sec - in org.highj.data.structural.ComposeTest
Running org.highj.data.structural.ConstTest
Tests run: 13, Failures: 0, Errors: 0, Skipped: 0, Time elapsed: 0.011 sec - in org.highj.data.structural.ConstTest
Running org.highj.data.Either3Test
Tests run: 34, Failures: 0, Errors: 0, Skipped: 0, Time elapsed: 0.029 sec - in org.highj.data.Either3Test
Running org.highj.data.TheseTest
Tests run: 30, Failures: 0, Errors: 0, Skipped: 0, Time elapsed: 0.15 sec - in org.highj.data.TheseTest
Running org.highj.data.instance.TreeTest
Tests run: 5, Failures: 0, Errors: 0, Skipped: 0, Time elapsed: 0 sec - in org.highj.data.instance.TreeTest
Running org.highj.data.instance.StreamTest
Tests run: 26, Failures: 0, Errors: 0, Skipped: 0, Time elapsed: 0.001 sec - in org.highj.data.instance.StreamTest
Running org.highj.data.instance.ListTest
Tests run: 51, Failures: 0, Errors: 0, Skipped: 0, Time elapsed: 0.062 sec - in org.highj.data.instance.ListTest
Running org.highj.data.instance.MultiSetTest
Tests run: 18, Failures: 0, Errors: 0, Skipped: 0, Time elapsed: 0.001 sec - in org.highj.data.instance.MultiSetTest
Running org.highj.data.instance.MapTest
Tests run: 22, Failures: 0, Errors: 0, Skipped: 0, Time elapsed: 0.008 sec - in org.highj.data.instance.MapTest
Running org.highj.data.instance.list.ZipperTest
Tests run: 44, Failures: 0, Errors: 0, Skipped: 0, Time elapsed: 0.038 sec - in org.highj.data.instance.list.ZipperTest
Running org.highj.data.instance.IntMapTest
Tests run: 6, Failures: 0, Errors: 0, Skipped: 0, Time elapsed: 0.034 sec - in org.highj.data.instance.IntMapTest
Running org.highj.data.instance.MaybeTest
Tests run: 43, Failures: 0, Errors: 0, Skipped: 0, Time elapsed: 0.016 sec - in org.highj.data.instance.MaybeTest
Running org.highj.data.instance.DequeueTest
Tests run: 20, Failures: 0, Errors: 0, Skipped: 0, Time elapsed: 0.013 sec - in org.highj.data.instance.DequeueTest
Running org.highj.data.instance.EitherTest
Tests run: 34, Failures: 0, Errors: 0, Skipped: 0, Time elapsed: 0.021 sec - in org.highj.data.instance.EitherTest
Running org.highj.data.instance.SetTest
Tests run: 19, Failures: 0, Errors: 0, Skipped: 0, Time elapsed: 0.019 sec - in org.highj.data.instance.SetTest
Running org.highj.data.PriorityQueueTest
Tests run: 11, Failures: 0, Errors: 0, Skipped: 0, Time elapsed: 0.008 sec - in org.highj.data.PriorityQueueTest
Running org.highj.control.arrow.KleisliTest
Tests run: 4, Failures: 0, Errors: 0, Skipped: 0, Time elapsed: 0.011 sec - in org.highj.control.arrow.KleisliTest
Running org.highj.typeclass0.group.GroupTest
Tests run: 2, Failures: 0, Errors: 0, Skipped: 0, Time elapsed: 0 sec - in org.highj.typeclass0.group.GroupTest
Running org.highj.typeclass0.group.SemigroupTest
Tests run: 5, Failures: 0, Errors: 0, Skipped: 0, Time elapsed: 0.003 sec - in org.highj.typeclass0.group.SemigroupTest
Running org.highj.typeclass0.group.MonoidTest
Tests run: 4, Failures: 0, Errors: 0, Skipped: 0, Time elapsed: 0.001 sec - in org.highj.typeclass0.group.MonoidTest
Running org.highj.do_.DoTest
Tests run: 3, Failures: 0, Errors: 0, Skipped: 0, Time elapsed: 0.012 sec - in org.highj.do_.DoTest

Results :

Tests run: 810, Failures: 0, Errors: 0, Skipped: 0

[INFO] 
[INFO] --- jacoco-maven-plugin:0.8.5:report (report) @ highj ---
[INFO] Loading execution data file /tmp/tmpgzsn767e/highj/target/jacoco.exec
[INFO] Analyzed bundle 'HighJ - Higher Kinded Types for Java' with 1852 classes
[INFO] ------------------------------------------------------------------------
[INFO] BUILD SUCCESS
[INFO] ------------------------------------------------------------------------
[INFO] Total time:  33.210 s
[INFO] Finished at: 2020-07-30T21:55:08Z
[INFO] ------------------------------------------------------------------------
