[INFO] Error stacktraces are turned on.
[INFO] Scanning for projects...
[INFO] 
[INFO] ---------------------< io.downgoon.tools:gbk2utf8 >---------------------
[INFO] Building gbk2utf8 0.1.1-SNAPSHOT
[INFO] --------------------------------[ jar ]---------------------------------
[INFO] 
[INFO] --- jacoco-maven-plugin:0.8.5:prepare-agent (default) @ gbk2utf8 ---
[INFO] argLine set to -javaagent:/home/jdbl/.m2/repository/org/jacoco/org.jacoco.agent/0.8.5/org.jacoco.agent-0.8.5-runtime.jar=destfile=/tmp/tmpj84bdkgp/gbk2utf8/target/jacoco.exec
[INFO] 
[INFO] --- maven-resources-plugin:2.6:resources (default-resources) @ gbk2utf8 ---
[INFO] Using 'UTF-8' encoding to copy filtered resources.
[INFO] skip non existing resourceDirectory /tmp/tmpj84bdkgp/gbk2utf8/src/main/resources
[INFO] 
[INFO] --- maven-compiler-plugin:2.3.2:compile (default-compile) @ gbk2utf8 ---
[INFO] Compiling 3 source files to /tmp/tmpj84bdkgp/gbk2utf8/target/classes
[INFO] 
[INFO] --- maven-resources-plugin:2.6:testResources (default-testResources) @ gbk2utf8 ---
[INFO] Using 'UTF-8' encoding to copy filtered resources.
[INFO] skip non existing resourceDirectory /tmp/tmpj84bdkgp/gbk2utf8/src/test/resources
[INFO] 
[INFO] --- maven-compiler-plugin:2.3.2:testCompile (default-testCompile) @ gbk2utf8 ---
[INFO] Compiling 2 source files to /tmp/tmpj84bdkgp/gbk2utf8/target/test-classes
[INFO] 
[INFO] --- maven-surefire-plugin:2.19.1:test (default-test) @ gbk2utf8 ---
[INFO] Surefire report directory: /tmp/tmpj84bdkgp/gbk2utf8/target/surefire-reports

-------------------------------------------------------
 T E S T S
-------------------------------------------------------
Running io.downgoon.tools.Gbk2Utf8Test
Tests run: 1, Failures: 0, Errors: 0, Skipped: 0, Time elapsed: 0.007 sec - in io.downgoon.tools.Gbk2Utf8Test
Running io.downgoon.tools.PackageRenameTest
Tests run: 1, Failures: 0, Errors: 0, Skipped: 0, Time elapsed: 0 sec - in io.downgoon.tools.PackageRenameTest

Results :

Tests run: 2, Failures: 0, Errors: 0, Skipped: 0

[INFO] 
[INFO] --- jacoco-maven-plugin:0.8.5:report (report) @ gbk2utf8 ---
[INFO] Loading execution data file /tmp/tmpj84bdkgp/gbk2utf8/target/jacoco.exec
[INFO] Analyzed bundle 'gbk2utf8' with 122 classes
[INFO] ------------------------------------------------------------------------
[INFO] BUILD SUCCESS
[INFO] ------------------------------------------------------------------------
[INFO] Total time:  5.718 s
[INFO] Finished at: 2020-07-30T21:54:27Z
[INFO] ------------------------------------------------------------------------
