[INFO] Error stacktraces are turned on.
[INFO] Scanning for projects...
[INFO] Inspecting build with total of 1 modules...
[INFO] Installing Nexus Staging features:
[INFO]   ... total of 1 executions of maven-deploy-plugin replaced with nexus-staging-maven-plugin
[INFO] 
[INFO] ----------------< com.github.davidmoten:rxjava2-extras >----------------
[INFO] Building rxjava2-extras 0.1.39-SNAPSHOT
[INFO] --------------------------------[ jar ]---------------------------------
[INFO] 
[INFO] --- jacoco-maven-plugin:0.8.5:prepare-agent (default) @ rxjava2-extras ---
[INFO] argLine set to -javaagent:/home/jdbl/.m2/repository/org/jacoco/org.jacoco.agent/0.8.5/org.jacoco.agent-0.8.5-runtime.jar=destfile=/tmp/tmp9189ieo_/rxjava2-extras/target/jacoco.exec
[INFO] 
[INFO] --- maven-resources-plugin:2.6:resources (default-resources) @ rxjava2-extras ---
[INFO] Using 'UTF-8' encoding to copy filtered resources.
[INFO] skip non existing resourceDirectory /tmp/tmp9189ieo_/rxjava2-extras/src/main/resources
[INFO] 
[INFO] --- maven-compiler-plugin:3.8.0:compile (default-compile) @ rxjava2-extras ---
[INFO] Changes detected - recompiling the module!
[INFO] Compiling 70 source files to /tmp/tmp9189ieo_/rxjava2-extras/target/classes
[WARNING] /tmp/tmp9189ieo_/rxjava2-extras/src/main/java/com/github/davidmoten/rx2/internal/flowable/buffertofile/MemoryMappedFile.java:[11,16] sun.misc.Unsafe is internal proprietary API and may be removed in a future release
[WARNING] /tmp/tmp9189ieo_/rxjava2-extras/src/main/java/com/github/davidmoten/rx2/internal/flowable/buffertofile/MemoryMappedFile.java:[12,18] sun.nio.ch.FileChannelImpl is internal proprietary API and may be removed in a future release
[WARNING] /tmp/tmp9189ieo_/rxjava2-extras/src/main/java/com/github/davidmoten/rx2/internal/flowable/buffertofile/UnsafeAccess.java:[5,16] sun.misc.Unsafe is internal proprietary API and may be removed in a future release
[WARNING] /tmp/tmp9189ieo_/rxjava2-extras/src/main/java/com/github/davidmoten/rx2/internal/flowable/buffertofile/MemoryMappedFile.java:[17,26] sun.misc.Unsafe is internal proprietary API and may be removed in a future release
[WARNING] /tmp/tmp9189ieo_/rxjava2-extras/src/main/java/com/github/davidmoten/rx2/internal/flowable/buffertofile/MemoryMappedFile.java:[28,26] sun.nio.ch.FileChannelImpl is internal proprietary API and may be removed in a future release
[WARNING] /tmp/tmp9189ieo_/rxjava2-extras/src/main/java/com/github/davidmoten/rx2/internal/flowable/buffertofile/MemoryMappedFile.java:[29,28] sun.nio.ch.FileChannelImpl is internal proprietary API and may be removed in a future release
[WARNING] /tmp/tmp9189ieo_/rxjava2-extras/src/main/java/com/github/davidmoten/rx2/internal/flowable/buffertofile/UnsafeAccess.java:[14,20] sun.misc.Unsafe is internal proprietary API and may be removed in a future release
[WARNING] /tmp/tmp9189ieo_/rxjava2-extras/src/main/java/com/github/davidmoten/rx2/internal/flowable/buffertofile/UnsafeAccess.java:[18,44] sun.misc.Unsafe is internal proprietary API and may be removed in a future release
[WARNING] /tmp/tmp9189ieo_/rxjava2-extras/src/main/java/com/github/davidmoten/rx2/internal/flowable/buffertofile/UnsafeAccess.java:[20,23] sun.misc.Unsafe is internal proprietary API and may be removed in a future release
[WARNING] /tmp/tmp9189ieo_/rxjava2-extras/src/main/java/com/github/davidmoten/rx2/internal/flowable/buffertofile/UnsafeAccess.java:[26,19] sun.misc.Unsafe is internal proprietary API and may be removed in a future release
[INFO] /tmp/tmp9189ieo_/rxjava2-extras/src/main/java/com/github/davidmoten/rx2/internal/flowable/TransformerStateMachine.java: /tmp/tmp9189ieo_/rxjava2-extras/src/main/java/com/github/davidmoten/rx2/internal/flowable/TransformerStateMachine.java uses or overrides a deprecated API.
[INFO] /tmp/tmp9189ieo_/rxjava2-extras/src/main/java/com/github/davidmoten/rx2/internal/flowable/TransformerStateMachine.java: Recompile with -Xlint:deprecation for details.
[INFO] 
[INFO] --- maven-resources-plugin:2.6:testResources (default-testResources) @ rxjava2-extras ---
[INFO] Using 'UTF-8' encoding to copy filtered resources.
[INFO] Copying 4 resources
[INFO] 
[INFO] --- maven-compiler-plugin:3.8.0:testCompile (default-testCompile) @ rxjava2-extras ---
[INFO] Changes detected - recompiling the module!
[INFO] Compiling 51 source files to /tmp/tmp9189ieo_/rxjava2-extras/target/test-classes
[INFO] /tmp/tmp9189ieo_/rxjava2-extras/src/test/java/com/github/davidmoten/rx2/internal/flowable/FlowableRepeatingTransformTest.java: /tmp/tmp9189ieo_/rxjava2-extras/src/test/java/com/github/davidmoten/rx2/internal/flowable/FlowableRepeatingTransformTest.java uses or overrides a deprecated API.
[INFO] /tmp/tmp9189ieo_/rxjava2-extras/src/test/java/com/github/davidmoten/rx2/internal/flowable/FlowableRepeatingTransformTest.java: Recompile with -Xlint:deprecation for details.
[INFO] 
[INFO] --- maven-surefire-plugin:2.19.1:test (default-test) @ rxjava2-extras ---
[INFO] Surefire report directory: /tmp/tmp9189ieo_/rxjava2-extras/target/surefire-reports

-------------------------------------------------------
 T E S T S
-------------------------------------------------------
Running com.github.davidmoten.util.RingBufferTest
Tests run: 4, Failures: 0, Errors: 0, Skipped: 0, Time elapsed: 0.039 sec - in com.github.davidmoten.util.RingBufferTest
Running com.github.davidmoten.rx2.MaybesTest
Tests run: 3, Failures: 0, Errors: 0, Skipped: 0, Time elapsed: 0.102 sec - in com.github.davidmoten.rx2.MaybesTest
Running com.github.davidmoten.rx2.FunctionsTest
Tests run: 2, Failures: 0, Errors: 0, Skipped: 0, Time elapsed: 0 sec - in com.github.davidmoten.rx2.FunctionsTest
Running com.github.davidmoten.rx2.ActionsTest
Tests run: 2, Failures: 0, Errors: 0, Skipped: 0, Time elapsed: 0.001 sec - in com.github.davidmoten.rx2.ActionsTest
Running com.github.davidmoten.rx2.StringsTest
Tests run: 18, Failures: 0, Errors: 0, Skipped: 0, Time elapsed: 0.119 sec - in com.github.davidmoten.rx2.StringsTest
Running com.github.davidmoten.rx2.StringsSplitTest
Tests run: 22, Failures: 0, Errors: 0, Skipped: 1, Time elapsed: 0.096 sec - in com.github.davidmoten.rx2.StringsSplitTest
Running com.github.davidmoten.rx2.observable.TransformersTest
Tests run: 1, Failures: 0, Errors: 0, Skipped: 0, Time elapsed: 0 sec - in com.github.davidmoten.rx2.observable.TransformersTest
Running com.github.davidmoten.rx2.buffertofile.FlowableOnBackpressureBufferToFileTest
testCancel
testCancelObservable
testing fragments sync
LITTLE_ENDIAN
byte arrays sync rate = 40.984MB/s
65536
byte arrays async 1K rate = 500.000MB/s, msgs/sec = 512000.000
byte arrays async rate = 24.510MB/s, msgs/sec = 642509.804
byte arrays async rebatched rate = 64.103MB/s, msgs/sec=1680410.256
byte arrays async rate obs = 25.510MB/s, msgs/sec = 668734.694
Tests run: 29, Failures: 0, Errors: 0, Skipped: 1, Time elapsed: 3.618 sec - in com.github.davidmoten.rx2.buffertofile.FlowableOnBackpressureBufferToFileTest
Running com.github.davidmoten.rx2.buffertofile.SerializersTest
Tests run: 4, Failures: 0, Errors: 0, Skipped: 0, Time elapsed: 0.004 sec - in com.github.davidmoten.rx2.buffertofile.SerializersTest
Running com.github.davidmoten.rx2.ConsumersTest
Tests run: 6, Failures: 0, Errors: 0, Skipped: 0, Time elapsed: 0.005 sec - in com.github.davidmoten.rx2.ConsumersTest
Running com.github.davidmoten.rx2.BiPredicatesTest
Tests run: 3, Failures: 0, Errors: 0, Skipped: 0, Time elapsed: 0.002 sec - in com.github.davidmoten.rx2.BiPredicatesTest
Running com.github.davidmoten.rx2.BytesTest
Tests run: 12, Failures: 0, Errors: 0, Skipped: 0, Time elapsed: 0.019 sec - in com.github.davidmoten.rx2.BytesTest
Running com.github.davidmoten.rx2.util.PairTest
Tests run: 5, Failures: 0, Errors: 0, Skipped: 0, Time elapsed: 0 sec - in com.github.davidmoten.rx2.util.PairTest
Running com.github.davidmoten.rx2.BiFunctionsTest
Tests run: 3, Failures: 0, Errors: 0, Skipped: 0, Time elapsed: 0 sec - in com.github.davidmoten.rx2.BiFunctionsTest
Running com.github.davidmoten.rx2.PredicatesTest
Tests run: 3, Failures: 0, Errors: 0, Skipped: 0, Time elapsed: 0 sec - in com.github.davidmoten.rx2.PredicatesTest
Running com.github.davidmoten.rx2.RetryWhenTest
WARN: boo
waiting for 60000ms
WARN: boo
waiting for 120000ms
WARN: boo
waiting for 60000ms
WARN: boo
waiting for 60000ms
WARN: boo
waiting for 10ms
WARN: boo
waiting for 20ms
WARN: boo
waiting for 40ms
WARN: boo
waiting for 80ms
WARN: boo
waiting for 160ms
Tests run: 10, Failures: 0, Errors: 0, Skipped: 0, Time elapsed: 0.346 sec - in com.github.davidmoten.rx2.RetryWhenTest
Running com.github.davidmoten.rx2.CallablesTest
Tests run: 1, Failures: 0, Errors: 0, Skipped: 0, Time elapsed: 0 sec - in com.github.davidmoten.rx2.CallablesTest
Running com.github.davidmoten.rx2.flowable.TransformersTest
Tests run: 24, Failures: 0, Errors: 0, Skipped: 0, Time elapsed: 1.06 sec - in com.github.davidmoten.rx2.flowable.TransformersTest
Running com.github.davidmoten.rx2.flowable.SerializedTest
Tests run: 7, Failures: 0, Errors: 0, Skipped: 0, Time elapsed: 0.093 sec - in com.github.davidmoten.rx2.flowable.SerializedTest
Running com.github.davidmoten.rx2.SchedulerHelperTest
main|schedId=[com.github.davidmoten.rx2.SchedulerHelperTest:testWithCallSite:47]
Tests run: 4, Failures: 0, Errors: 0, Skipped: 0, Time elapsed: 0.001 sec - in com.github.davidmoten.rx2.SchedulerHelperTest
Running com.github.davidmoten.rx2.SpecializedMspcLinkedQueueTest
Tests run: 1, Failures: 0, Errors: 0, Skipped: 1, Time elapsed: 0 sec - in com.github.davidmoten.rx2.SpecializedMspcLinkedQueueTest
Running com.github.davidmoten.rx2.ObservablesTest
Tests run: 2, Failures: 0, Errors: 0, Skipped: 0, Time elapsed: 5.004 sec - in com.github.davidmoten.rx2.ObservablesTest
Running com.github.davidmoten.rx2.FlowablesTest
Tests run: 2, Failures: 0, Errors: 0, Skipped: 0, Time elapsed: 5.006 sec - in com.github.davidmoten.rx2.FlowablesTest
Running com.github.davidmoten.rx2.StateMachineTest
Tests run: 3, Failures: 0, Errors: 0, Skipped: 0, Time elapsed: 0.003 sec - in com.github.davidmoten.rx2.StateMachineTest
Running com.github.davidmoten.rx2.internal.flowable.FlowableReverseTest
Tests run: 4, Failures: 0, Errors: 0, Skipped: 0, Time elapsed: 0.005 sec - in com.github.davidmoten.rx2.internal.flowable.FlowableReverseTest
Running com.github.davidmoten.rx2.internal.flowable.TransformerDecodeTest
Tests run: 1, Failures: 0, Errors: 0, Skipped: 0, Time elapsed: 0 sec - in com.github.davidmoten.rx2.internal.flowable.TransformerDecodeTest
Running com.github.davidmoten.rx2.internal.flowable.FlowableMergeInterleavedTest
Tests run: 18, Failures: 0, Errors: 0, Skipped: 0, Time elapsed: 0.792 sec - in com.github.davidmoten.rx2.internal.flowable.FlowableMergeInterleavedTest
Running com.github.davidmoten.rx2.internal.flowable.FlowableMinRequestTest
Tests run: 12, Failures: 0, Errors: 0, Skipped: 0, Time elapsed: 0.003 sec - in com.github.davidmoten.rx2.internal.flowable.FlowableMinRequestTest
Running com.github.davidmoten.rx2.internal.flowable.FlowableMatchTest
5
Tests run: 31, Failures: 0, Errors: 0, Skipped: 0, Time elapsed: 1.272 sec - in com.github.davidmoten.rx2.internal.flowable.FlowableMatchTest
Running com.github.davidmoten.rx2.internal.flowable.buffertofile.PageTest
main: boo
Tests run: 3, Failures: 0, Errors: 0, Skipped: 0, Time elapsed: 0.001 sec - in com.github.davidmoten.rx2.internal.flowable.buffertofile.PageTest
Running com.github.davidmoten.rx2.internal.flowable.buffertofile.PageListTest
Tests run: 5, Failures: 0, Errors: 0, Skipped: 0, Time elapsed: 0.001 sec - in com.github.davidmoten.rx2.internal.flowable.buffertofile.PageListTest
Running com.github.davidmoten.rx2.internal.flowable.buffertofile.UnsafeAccessTest
Tests run: 1, Failures: 0, Errors: 0, Skipped: 0, Time elapsed: 0 sec - in com.github.davidmoten.rx2.internal.flowable.buffertofile.UnsafeAccessTest
Running com.github.davidmoten.rx2.internal.flowable.buffertofile.MemoryMappedFileTest
Tests run: 1, Failures: 0, Errors: 0, Skipped: 0, Time elapsed: 0 sec - in com.github.davidmoten.rx2.internal.flowable.buffertofile.MemoryMappedFileTest
Running com.github.davidmoten.rx2.internal.flowable.FlowableMapLastTest
Tests run: 4, Failures: 0, Errors: 0, Skipped: 0, Time elapsed: 0.003 sec - in com.github.davidmoten.rx2.internal.flowable.FlowableMapLastTest
Running com.github.davidmoten.rx2.internal.flowable.FlowableDoOnEmptyTest
Tests run: 9, Failures: 0, Errors: 0, Skipped: 0, Time elapsed: 0.01 sec - in com.github.davidmoten.rx2.internal.flowable.FlowableDoOnEmptyTest
Running com.github.davidmoten.rx2.internal.flowable.FlowableServerSocketTest
pool-2-thread-2: a
loop 0
pool-2-thread-5: hello there
pool-2-thread-10: hello there
pool-2-thread-9: hell
pool-2-thread-4: 1234
pool-2-thread-6: 
pool-2-thread-2: hello there
Tests run: 15, Failures: 0, Errors: 0, Skipped: 0, Time elapsed: 30.299 sec - in com.github.davidmoten.rx2.internal.flowable.FlowableServerSocketTest
Running com.github.davidmoten.rx2.internal.flowable.DelimitedStringLinkedListTest
Tests run: 18, Failures: 0, Errors: 0, Skipped: 0, Time elapsed: 0.002 sec - in com.github.davidmoten.rx2.internal.flowable.DelimitedStringLinkedListTest
Running com.github.davidmoten.rx2.internal.flowable.FlowableStateMachineTest
Tests run: 23, Failures: 0, Errors: 0, Skipped: 0, Time elapsed: 0.28 sec - in com.github.davidmoten.rx2.internal.flowable.FlowableStateMachineTest
Running com.github.davidmoten.rx2.internal.flowable.TransformerStringSplitTest
Tests run: 1, Failures: 0, Errors: 0, Skipped: 0, Time elapsed: 0 sec - in com.github.davidmoten.rx2.internal.flowable.TransformerStringSplitTest
Running com.github.davidmoten.rx2.internal.flowable.FlowableMaxRequestTest
Tests run: 17, Failures: 0, Errors: 0, Skipped: 0, Time elapsed: 14.241 sec - in com.github.davidmoten.rx2.internal.flowable.FlowableMaxRequestTest
Running com.github.davidmoten.rx2.internal.flowable.FlowableRepeatingTest
Tests run: 3, Failures: 0, Errors: 0, Skipped: 0, Time elapsed: 0.001 sec - in com.github.davidmoten.rx2.internal.flowable.FlowableRepeatingTest
Running com.github.davidmoten.rx2.internal.flowable.FlowableFetchPagesByRequestTest
Tests run: 6, Failures: 0, Errors: 0, Skipped: 0, Time elapsed: 0.014 sec - in com.github.davidmoten.rx2.internal.flowable.FlowableFetchPagesByRequestTest
Running com.github.davidmoten.rx2.internal.flowable.FlowableWindowMinMaxTest
Tests run: 10, Failures: 0, Errors: 0, Skipped: 0, Time elapsed: 0.004 sec - in com.github.davidmoten.rx2.internal.flowable.FlowableWindowMinMaxTest
Running com.github.davidmoten.rx2.internal.flowable.FlowableRepeatingTransformTest
Tests run: 26, Failures: 0, Errors: 0, Skipped: 2, Time elapsed: 0.272 sec - in com.github.davidmoten.rx2.internal.flowable.FlowableRepeatingTransformTest
Running com.github.davidmoten.rx2.internal.flowable.FlowableCollectWhileTest
io.reactivex.exceptions.UndeliverableException: The exception could not be delivered to the consumer because it has already canceled/disposed the flow or the exception has nowhere to go to begin with. Further reading: https://github.com/ReactiveX/RxJava/wiki/What's-different-in-2.0#error-handling | com.github.davidmoten.rx2.exceptions.ThrowingException
Tests run: 16, Failures: 0, Errors: 0, Skipped: 0, Time elapsed: 0.013 sec - in com.github.davidmoten.rx2.internal.flowable.FlowableCollectWhileTest
Running com.github.davidmoten.rx2.internal.flowable.FlowableStringInputStreamTest
Tests run: 8, Failures: 0, Errors: 0, Skipped: 0, Time elapsed: 1.028 sec - in com.github.davidmoten.rx2.internal.flowable.FlowableStringInputStreamTest
Running com.github.davidmoten.rx2.internal.flowable.FlowablePassThroughTest
1
2
3
1
2
3
Tests run: 2, Failures: 0, Errors: 0, Skipped: 0, Time elapsed: 0.005 sec - in com.github.davidmoten.rx2.internal.flowable.FlowablePassThroughTest
Running com.github.davidmoten.rx2.internal.flowable.SerializerJavaIOTest
Tests run: 2, Failures: 0, Errors: 0, Skipped: 0, Time elapsed: 0.002 sec - in com.github.davidmoten.rx2.internal.flowable.SerializerJavaIOTest

Results :

Tests run: 407, Failures: 0, Errors: 0, Skipped: 5

[INFO] 
[INFO] --- jacoco-maven-plugin:0.8.5:report (report) @ rxjava2-extras ---
[INFO] Loading execution data file /tmp/tmp9189ieo_/rxjava2-extras/target/jacoco.exec
[INFO] Analyzed bundle 'rxjava2-extras' with 314 classes
[INFO] ------------------------------------------------------------------------
[INFO] BUILD SUCCESS
[INFO] ------------------------------------------------------------------------
[INFO] Total time:  01:28 min
[INFO] Finished at: 2020-08-03T11:04:13Z
[INFO] ------------------------------------------------------------------------
