[INFO] Error stacktraces are turned on.
[INFO] Scanning for projects...
[INFO] 
[INFO] --------------------------< Utils:Utils.ddd >---------------------------
[INFO] Building DDD 1.0-SNAPSHOT
[INFO] --------------------------------[ jar ]---------------------------------
[INFO] 
[INFO] --- jacoco-maven-plugin:0.8.5:prepare-agent (default) @ Utils.ddd ---
[INFO] argLine set to -javaagent:/home/jdbl/.m2/repository/org/jacoco/org.jacoco.agent/0.8.5/org.jacoco.agent-0.8.5-runtime.jar=destfile=/tmp/tmpq1pmk7p6/pdfboxDemo/target/jacoco.exec
[INFO] 
[INFO] --- maven-resources-plugin:3.0.2:resources (default-resources) @ Utils.ddd ---
[INFO] Using 'UTF-8' encoding to copy filtered resources.
[INFO] Copying 3 resources
[INFO] 
[INFO] --- maven-compiler-plugin:3.7.0:compile (default-compile) @ Utils.ddd ---
[INFO] Changes detected - recompiling the module!
[INFO] Compiling 1 source file to /tmp/tmpq1pmk7p6/pdfboxDemo/target/classes
[INFO] 
[INFO] --- maven-resources-plugin:3.0.2:testResources (default-testResources) @ Utils.ddd ---
[INFO] Using 'UTF-8' encoding to copy filtered resources.
[INFO] skip non existing resourceDirectory /tmp/tmpq1pmk7p6/pdfboxDemo/src/test/resources
[INFO] 
[INFO] --- maven-compiler-plugin:3.7.0:testCompile (default-testCompile) @ Utils.ddd ---
[INFO] Changes detected - recompiling the module!
[INFO] Compiling 1 source file to /tmp/tmpq1pmk7p6/pdfboxDemo/target/test-classes
[INFO] 
[INFO] --- maven-surefire-plugin:2.19.1:test (default-test) @ Utils.ddd ---
[INFO] Surefire report directory: /tmp/tmpq1pmk7p6/pdfboxDemo/target/surefire-reports

-------------------------------------------------------
 T E S T S
-------------------------------------------------------
Running DDD.AppTest
Tests run: 1, Failures: 0, Errors: 0, Skipped: 0, Time elapsed: 0.211 sec - in DDD.AppTest

Results :

Tests run: 1, Failures: 0, Errors: 0, Skipped: 0

[INFO] 
[INFO] --- jacoco-maven-plugin:0.8.5:report (report) @ Utils.ddd ---
[INFO] Loading execution data file /tmp/tmpq1pmk7p6/pdfboxDemo/target/jacoco.exec
[INFO] Analyzed bundle 'DDD' with 257 classes
[INFO] ------------------------------------------------------------------------
[INFO] BUILD SUCCESS
[INFO] ------------------------------------------------------------------------
[INFO] Total time:  11.297 s
[INFO] Finished at: 2020-07-30T21:22:17Z
[INFO] ------------------------------------------------------------------------
