[INFO] Error stacktraces are turned on.
[INFO] Scanning for projects...
[INFO] 
[INFO] ----------------------< me.chyxion:table-to-xls >-----------------------
[INFO] Building Table To XLS 0.0.1-RELEASE
[INFO] --------------------------------[ jar ]---------------------------------
[INFO] 
[INFO] --- jacoco-maven-plugin:0.8.5:prepare-agent (default) @ table-to-xls ---
[INFO] argLine set to -javaagent:/home/jdbl/.m2/repository/org/jacoco/org.jacoco.agent/0.8.5/org.jacoco.agent-0.8.5-runtime.jar=destfile=/tmp/tmpbf24pzae/table-to-xls/target/jacoco.exec
[INFO] 
[INFO] --- maven-resources-plugin:2.7:resources (default-resources) @ table-to-xls ---
[INFO] Using 'utf-8' encoding to copy filtered resources.
[INFO] Copying 1 resource
[INFO] 
[INFO] --- maven-compiler-plugin:3.5.1:compile (default-compile) @ table-to-xls ---
[INFO] Changes detected - recompiling the module!
[INFO] Compiling 9 source files to /tmp/tmpbf24pzae/table-to-xls/target/classes
[INFO] 
[INFO] --- maven-resources-plugin:2.7:testResources (default-testResources) @ table-to-xls ---
[INFO] Using 'utf-8' encoding to copy filtered resources.
[INFO] Copying 2 resources
[INFO] 
[INFO] --- maven-compiler-plugin:3.5.1:testCompile (default-testCompile) @ table-to-xls ---
[INFO] Changes detected - recompiling the module!
[INFO] Compiling 1 source file to /tmp/tmpbf24pzae/table-to-xls/target/test-classes
[INFO] 
[INFO] --- maven-surefire-plugin:2.19.1:test (default-test) @ table-to-xls ---
[INFO] Surefire report directory: /tmp/tmpbf24pzae/table-to-xls/target/surefire-reports

-------------------------------------------------------
 T E S T S
-------------------------------------------------------
Running me.chyxion.xls.TestDriver
2020-07-30 20:37:36,075 INFO  [main][TableToXls] Interate Table Rows.
2020-07-30 20:37:36,080 INFO  [main][TableToXls] Parse Table Row [<tr> 
 <td colspan="3" style="font: bold 22pt 'Microsoft YaHei';">Super, Super Table To Xls!</td> 
</tr>]. Row Index [0].
2020-07-30 20:37:36,080 INFO  [main][TableToXls] Interate Cols.
2020-07-30 20:37:36,081 INFO  [main][TableToXls] Parse Col [<td colspan="3" style="font: bold 22pt 'Microsoft YaHei';">Super, Super Table To Xls!</td>], Col Index [0].
2020-07-30 20:37:36,090 INFO  [main][TableToXls] Found Col Span [3].
2020-07-30 20:37:36,090 INFO  [main][TableToXls] Span Col, From Col [0], Span [3].
2020-07-30 20:37:36,090 DEBUG [main][TableToXls] Merge Region, From Row [0], To [0].
2020-07-30 20:37:36,091 DEBUG [main][TableToXls] From Col [0], To [2].
2020-07-30 20:37:36,092 INFO  [main][TableToXls] Create New Row [0].
2020-07-30 20:37:36,096 DEBUG [main][TableToXls] Create Cell [0][0].
2020-07-30 20:37:36,101 DEBUG [main][TableToXls] Parse Style String [font: bold 22pt 'Microsoft YaHei';] To Map.
2020-07-30 20:37:36,102 DEBUG [main][TableToXls] Style Map Result [{font=bold 22pt 'Microsoft YaHei'}].
2020-07-30 20:37:36,119 DEBUG [main][TextApplier] Parse Font Style.
2020-07-30 20:37:36,119 INFO  [main][CssUtils] Process Color [null].
2020-07-30 20:37:36,119 DEBUG [main][TextApplier] Parse Font Attr [bold 22pt 'Microsoft YaHei'].
2020-07-30 20:37:36,120 DEBUG [main][TextApplier] Font Attr [ bold 22pt 'Microsoft YaHei' ] After Process Ingore.
2020-07-30 20:37:36,120 DEBUG [main][TextApplier] Font Weight [bold](bold) Found.
2020-07-30 20:37:36,120 DEBUG [main][TextApplier] Font Size[/line-height] [ 22pt ] Found.
2020-07-30 20:37:36,120 DEBUG [main][TextApplier] Font Size [22pt].
2020-07-30 20:37:36,121 DEBUG [main][TextApplier] Font Families [ 'Microsoft YaHei' ].
2020-07-30 20:37:36,121 DEBUG [main][TextApplier] Use First Font Family [Microsoft YaHei].
2020-07-30 20:37:36,121 DEBUG [main][TableToXls] Build Style String, Style [{vertical-align=middle, font-size=22pt, font-family=Microsoft YaHei, font-weight=bold, text-align=left}].
2020-07-30 20:37:36,121 DEBUG [main][TableToXls] Style String Result [font-family:Microsoft YaHei;font-size:22pt;font-weight:bold;text-align:left;vertical-align:middle;].
2020-07-30 20:37:36,121 DEBUG [main][TableToXls] No Cell Style Found In Cache, Parse New Style.
2020-07-30 20:37:36,126 DEBUG [main][TableToXls] Build Style String, Style [{vertical-align=middle, font-size=22pt, font-family=Microsoft YaHei, font-weight=bold, text-align=left}].
2020-07-30 20:37:36,126 DEBUG [main][TableToXls] Style String Result [font-family:Microsoft YaHei;font-size:22pt;font-weight:bold;text-align:left;vertical-align:middle;].
2020-07-30 20:37:36,126 DEBUG [main][TableToXls] Create Cell [0][1].
2020-07-30 20:37:36,127 DEBUG [main][TableToXls] Parse Style String [font: bold 22pt 'Microsoft YaHei';] To Map.
2020-07-30 20:37:36,127 DEBUG [main][TableToXls] Style Map Result [{font=bold 22pt 'Microsoft YaHei'}].
2020-07-30 20:37:36,127 DEBUG [main][TextApplier] Parse Font Style.
2020-07-30 20:37:36,127 INFO  [main][CssUtils] Process Color [null].
2020-07-30 20:37:36,127 DEBUG [main][TextApplier] Parse Font Attr [bold 22pt 'Microsoft YaHei'].
2020-07-30 20:37:36,127 DEBUG [main][TextApplier] Font Attr [ bold 22pt 'Microsoft YaHei' ] After Process Ingore.
2020-07-30 20:37:36,127 DEBUG [main][TextApplier] Font Weight [bold](bold) Found.
2020-07-30 20:37:36,128 DEBUG [main][TextApplier] Font Size[/line-height] [ 22pt ] Found.
2020-07-30 20:37:36,128 DEBUG [main][TextApplier] Font Size [22pt].
2020-07-30 20:37:36,128 DEBUG [main][TextApplier] Font Families [ 'Microsoft YaHei' ].
2020-07-30 20:37:36,128 DEBUG [main][TextApplier] Use First Font Family [Microsoft YaHei].
2020-07-30 20:37:36,128 DEBUG [main][TableToXls] Build Style String, Style [{vertical-align=middle, font-size=22pt, font-family=Microsoft YaHei, font-weight=bold, text-align=left}].
2020-07-30 20:37:36,128 DEBUG [main][TableToXls] Style String Result [font-family:Microsoft YaHei;font-size:22pt;font-weight:bold;text-align:left;vertical-align:middle;].
2020-07-30 20:37:36,128 DEBUG [main][TableToXls] Create Cell [0][2].
2020-07-30 20:37:36,128 DEBUG [main][TableToXls] Parse Style String [font: bold 22pt 'Microsoft YaHei';] To Map.
2020-07-30 20:37:36,129 DEBUG [main][TableToXls] Style Map Result [{font=bold 22pt 'Microsoft YaHei'}].
2020-07-30 20:37:36,129 DEBUG [main][TextApplier] Parse Font Style.
2020-07-30 20:37:36,129 INFO  [main][CssUtils] Process Color [null].
2020-07-30 20:37:36,129 DEBUG [main][TextApplier] Parse Font Attr [bold 22pt 'Microsoft YaHei'].
2020-07-30 20:37:36,129 DEBUG [main][TextApplier] Font Attr [ bold 22pt 'Microsoft YaHei' ] After Process Ingore.
2020-07-30 20:37:36,129 DEBUG [main][TextApplier] Font Weight [bold](bold) Found.
2020-07-30 20:37:36,130 DEBUG [main][TextApplier] Font Size[/line-height] [ 22pt ] Found.
2020-07-30 20:37:36,130 DEBUG [main][TextApplier] Font Size [22pt].
2020-07-30 20:37:36,130 DEBUG [main][TextApplier] Font Families [ 'Microsoft YaHei' ].
2020-07-30 20:37:36,130 DEBUG [main][TextApplier] Use First Font Family [Microsoft YaHei].
2020-07-30 20:37:36,130 DEBUG [main][TableToXls] Build Style String, Style [{vertical-align=middle, font-size=22pt, font-family=Microsoft YaHei, font-weight=bold, text-align=left}].
2020-07-30 20:37:36,130 DEBUG [main][TableToXls] Style String Result [font-family:Microsoft YaHei;font-size:22pt;font-weight:bold;text-align:left;vertical-align:middle;].
2020-07-30 20:37:36,133 INFO  [main][TableToXls] Parse Table Row [<tr> 
 <td style="width: 32px;">normal</td> 
 <td style="width: 20px; font: bold;">Bold Font</td> 
 <td style="width: 20px; color: red;">Red Color</td> 
</tr>]. Row Index [1].
2020-07-30 20:37:36,133 INFO  [main][TableToXls] Interate Cols.
2020-07-30 20:37:36,133 INFO  [main][TableToXls] Parse Col [<td style="width: 32px;">normal</td>], Col Index [0].
2020-07-30 20:37:36,133 INFO  [main][TableToXls] Create New Row [1].
2020-07-30 20:37:36,133 DEBUG [main][TableToXls] Create Cell [1][0].
2020-07-30 20:37:36,134 DEBUG [main][TableToXls] Parse Style String [width: 32px;] To Map.
2020-07-30 20:37:36,134 DEBUG [main][TableToXls] Style Map Result [{width=32px}].
2020-07-30 20:37:36,134 DEBUG [main][TextApplier] Parse Font Style.
2020-07-30 20:37:36,134 INFO  [main][CssUtils] Process Color [null].
2020-07-30 20:37:36,134 DEBUG [main][TableToXls] Build Style String, Style [{vertical-align=middle, width=32px, text-align=left}].
2020-07-30 20:37:36,134 DEBUG [main][TableToXls] Style String Result [text-align:left;vertical-align:middle;width:32px;].
2020-07-30 20:37:36,134 DEBUG [main][TableToXls] No Cell Style Found In Cache, Parse New Style.
2020-07-30 20:37:36,135 DEBUG [main][TableToXls] Build Style String, Style [{vertical-align=middle, width=32px, text-align=left}].
2020-07-30 20:37:36,135 DEBUG [main][TableToXls] Style String Result [text-align:left;vertical-align:middle;width:32px;].
2020-07-30 20:37:36,135 INFO  [main][TableToXls] Parse Col [<td style="width: 20px; font: bold;">Bold Font</td>], Col Index [1].
2020-07-30 20:37:36,135 DEBUG [main][TableToXls] Create Cell [1][1].
2020-07-30 20:37:36,136 DEBUG [main][TableToXls] Parse Style String [width: 20px; font: bold;] To Map.
2020-07-30 20:37:36,136 DEBUG [main][TableToXls] Style Map Result [{width=20px, font=bold}].
2020-07-30 20:37:36,136 DEBUG [main][TextApplier] Parse Font Style.
2020-07-30 20:37:36,136 INFO  [main][CssUtils] Process Color [null].
2020-07-30 20:37:36,136 DEBUG [main][TextApplier] Parse Font Attr [bold].
2020-07-30 20:37:36,136 DEBUG [main][TextApplier] Font Attr [ bold ] After Process Ingore.
2020-07-30 20:37:36,136 DEBUG [main][TextApplier] Font Weight [bold](bold) Found.
2020-07-30 20:37:36,137 DEBUG [main][TextApplier] Font Families [ ].
2020-07-30 20:37:36,137 DEBUG [main][TextApplier] Use First Font Family [].
2020-07-30 20:37:36,138 DEBUG [main][TableToXls] Build Style String, Style [{vertical-align=middle, width=20px, font-family=, font-weight=bold, text-align=left}].
2020-07-30 20:37:36,138 DEBUG [main][TableToXls] Style String Result [font-family:;font-weight:bold;text-align:left;vertical-align:middle;width:20px;].
2020-07-30 20:37:36,138 DEBUG [main][TableToXls] No Cell Style Found In Cache, Parse New Style.
2020-07-30 20:37:36,139 DEBUG [main][TableToXls] Build Style String, Style [{vertical-align=middle, width=20px, font-family=, font-weight=bold, text-align=left}].
2020-07-30 20:37:36,139 DEBUG [main][TableToXls] Style String Result [font-family:;font-weight:bold;text-align:left;vertical-align:middle;width:20px;].
2020-07-30 20:37:36,139 INFO  [main][TableToXls] Parse Col [<td style="width: 20px; color: red;">Red Color</td>], Col Index [2].
2020-07-30 20:37:36,139 DEBUG [main][TableToXls] Create Cell [1][2].
2020-07-30 20:37:36,140 DEBUG [main][TableToXls] Parse Style String [width: 20px; color: red;] To Map.
2020-07-30 20:37:36,140 DEBUG [main][TableToXls] Style Map Result [{color=red, width=20px}].
2020-07-30 20:37:36,142 DEBUG [main][TextApplier] Parse Font Style.
2020-07-30 20:37:36,142 INFO  [main][CssUtils] Process Color [red].
2020-07-30 20:37:36,142 DEBUG [main][CssUtils] Color Name [red] Found.
2020-07-30 20:37:36,143 DEBUG [main][CssUtils] Translate Color Name [red] To Hex [#ff0000].
2020-07-30 20:37:36,143 DEBUG [main][TextApplier] Text Color [#ff0000] Found.
2020-07-30 20:37:36,143 DEBUG [main][TableToXls] Build Style String, Style [{vertical-align=middle, width=20px, color=#ff0000, text-align=left}].
2020-07-30 20:37:36,143 DEBUG [main][TableToXls] Style String Result [color:#ff0000;text-align:left;vertical-align:middle;width:20px;].
2020-07-30 20:37:36,143 DEBUG [main][TableToXls] No Cell Style Found In Cache, Parse New Style.
2020-07-30 20:37:36,191 DEBUG [main][TableToXls] Build Style String, Style [{vertical-align=middle, width=20px, color=#ff0000, text-align=left}].
2020-07-30 20:37:36,191 DEBUG [main][TableToXls] Style String Result [color:#ff0000;text-align:left;vertical-align:middle;width:20px;].
2020-07-30 20:37:36,192 INFO  [main][TableToXls] Parse Table Row [<tr> 
 <td style="font: 16pt;">Font Size 16pt</td> 
 <td style="font: italic; color: brightgreen; background: gray;">Italic</td> 
 <td style="text-decoration: underline;">underline</td> 
</tr>]. Row Index [2].
2020-07-30 20:37:36,192 INFO  [main][TableToXls] Interate Cols.
2020-07-30 20:37:36,192 INFO  [main][TableToXls] Parse Col [<td style="font: 16pt;">Font Size 16pt</td>], Col Index [0].
2020-07-30 20:37:36,192 INFO  [main][TableToXls] Create New Row [2].
2020-07-30 20:37:36,192 DEBUG [main][TableToXls] Create Cell [2][0].
2020-07-30 20:37:36,192 DEBUG [main][TableToXls] Parse Style String [font: 16pt;] To Map.
2020-07-30 20:37:36,193 DEBUG [main][TableToXls] Style Map Result [{font=16pt}].
2020-07-30 20:37:36,193 DEBUG [main][TextApplier] Parse Font Style.
2020-07-30 20:37:36,193 INFO  [main][CssUtils] Process Color [null].
2020-07-30 20:37:36,193 DEBUG [main][TextApplier] Parse Font Attr [16pt].
2020-07-30 20:37:36,193 DEBUG [main][TextApplier] Font Attr [ 16pt ] After Process Ingore.
2020-07-30 20:37:36,193 DEBUG [main][TextApplier] Font Size[/line-height] [ 16pt ] Found.
2020-07-30 20:37:36,193 DEBUG [main][TextApplier] Font Size [16pt].
2020-07-30 20:37:36,194 DEBUG [main][TextApplier] Font Families [ ].
2020-07-30 20:37:36,194 DEBUG [main][TextApplier] Use First Font Family [].
2020-07-30 20:37:36,194 DEBUG [main][TableToXls] Build Style String, Style [{vertical-align=middle, font-size=16pt, font-family=, text-align=left}].
2020-07-30 20:37:36,194 DEBUG [main][TableToXls] Style String Result [font-family:;font-size:16pt;text-align:left;vertical-align:middle;].
2020-07-30 20:37:36,196 DEBUG [main][TableToXls] No Cell Style Found In Cache, Parse New Style.
2020-07-30 20:37:36,197 DEBUG [main][TableToXls] Build Style String, Style [{vertical-align=middle, font-size=16pt, font-family=, text-align=left}].
2020-07-30 20:37:36,197 DEBUG [main][TableToXls] Style String Result [font-family:;font-size:16pt;text-align:left;vertical-align:middle;].
2020-07-30 20:37:36,197 INFO  [main][TableToXls] Parse Col [<td style="font: italic; color: brightgreen; background: gray;">Italic</td>], Col Index [1].
2020-07-30 20:37:36,197 DEBUG [main][TableToXls] Create Cell [2][1].
2020-07-30 20:37:36,197 DEBUG [main][TableToXls] Parse Style String [font: italic; color: brightgreen; background: gray;] To Map.
2020-07-30 20:37:36,198 DEBUG [main][TableToXls] Style Map Result [{color=brightgreen, background=gray, font=italic}].
2020-07-30 20:37:36,198 INFO  [main][CssUtils] Process Color [gray].
2020-07-30 20:37:36,198 DEBUG [main][CssUtils] Color Name [gray] Found.
2020-07-30 20:37:36,198 DEBUG [main][CssUtils] Translate Color Name [gray] To Hex [#333333].
2020-07-30 20:37:36,198 DEBUG [main][TextApplier] Parse Font Style.
2020-07-30 20:37:36,199 INFO  [main][CssUtils] Process Color [brightgreen].
2020-07-30 20:37:36,199 DEBUG [main][CssUtils] Color Name [brightgreen] Found.
2020-07-30 20:37:36,199 DEBUG [main][CssUtils] Translate Color Name [brightgreen] To Hex [#00ff00].
2020-07-30 20:37:36,199 DEBUG [main][TextApplier] Text Color [#00ff00] Found.
2020-07-30 20:37:36,199 DEBUG [main][TextApplier] Parse Font Attr [italic].
2020-07-30 20:37:36,199 DEBUG [main][TextApplier] Font Attr [ italic ] After Process Ingore.
2020-07-30 20:37:36,199 DEBUG [main][TextApplier] Font Style [italic] Found.
2020-07-30 20:37:36,199 DEBUG [main][TextApplier] Font Families [ ].
2020-07-30 20:37:36,200 DEBUG [main][TextApplier] Use First Font Family [].
2020-07-30 20:37:36,200 DEBUG [main][TableToXls] Build Style String, Style [{vertical-align=middle, background-color=#333333, font-family=, font-style=italic, color=#00ff00, text-align=left}].
2020-07-30 20:37:36,200 DEBUG [main][TableToXls] Style String Result [background-color:#333333;color:#00ff00;font-family:;font-style:italic;text-align:left;vertical-align:middle;].
2020-07-30 20:37:36,200 DEBUG [main][TableToXls] No Cell Style Found In Cache, Parse New Style.
2020-07-30 20:37:36,201 DEBUG [main][TableToXls] Build Style String, Style [{vertical-align=middle, background-color=#333333, font-family=, font-style=italic, color=#00ff00, text-align=left}].
2020-07-30 20:37:36,201 DEBUG [main][TableToXls] Style String Result [background-color:#333333;color:#00ff00;font-family:;font-style:italic;text-align:left;vertical-align:middle;].
2020-07-30 20:37:36,201 INFO  [main][TableToXls] Parse Col [<td style="text-decoration: underline;">underline</td>], Col Index [2].
2020-07-30 20:37:36,201 DEBUG [main][TableToXls] Create Cell [2][2].
2020-07-30 20:37:36,201 DEBUG [main][TableToXls] Parse Style String [text-decoration: underline;] To Map.
2020-07-30 20:37:36,201 DEBUG [main][TableToXls] Style Map Result [{text-decoration=underline}].
2020-07-30 20:37:36,201 DEBUG [main][TextApplier] Parse Font Style.
2020-07-30 20:37:36,201 INFO  [main][CssUtils] Process Color [null].
2020-07-30 20:37:36,202 DEBUG [main][TableToXls] Build Style String, Style [{vertical-align=middle, text-align=left, text-decoration=underline}].
2020-07-30 20:37:36,202 DEBUG [main][TableToXls] Style String Result [text-align:left;text-decoration:underline;vertical-align:middle;].
2020-07-30 20:37:36,202 DEBUG [main][TableToXls] No Cell Style Found In Cache, Parse New Style.
2020-07-30 20:37:36,202 DEBUG [main][TableToXls] Build Style String, Style [{vertical-align=middle, text-align=left, text-decoration=underline}].
2020-07-30 20:37:36,202 DEBUG [main][TableToXls] Style String Result [text-align:left;text-decoration:underline;vertical-align:middle;].
2020-07-30 20:37:36,202 INFO  [main][TableToXls] Parse Table Row [<tr> 
 <td colspan="2">2 col span</td> 
 <td style="background: red; color: yellow;">background red; color yellow;</td> 
</tr>]. Row Index [3].
2020-07-30 20:37:36,202 INFO  [main][TableToXls] Interate Cols.
2020-07-30 20:37:36,203 INFO  [main][TableToXls] Parse Col [<td colspan="2">2 col span</td>], Col Index [0].
2020-07-30 20:37:36,203 INFO  [main][TableToXls] Found Col Span [2].
2020-07-30 20:37:36,203 INFO  [main][TableToXls] Span Col, From Col [0], Span [2].
2020-07-30 20:37:36,203 DEBUG [main][TableToXls] Merge Region, From Row [3], To [3].
2020-07-30 20:37:36,203 DEBUG [main][TableToXls] From Col [0], To [1].
2020-07-30 20:37:36,203 INFO  [main][TableToXls] Create New Row [3].
2020-07-30 20:37:36,203 DEBUG [main][TableToXls] Create Cell [3][0].
2020-07-30 20:37:36,203 DEBUG [main][TableToXls] Use Default Cell Style.
2020-07-30 20:37:36,203 DEBUG [main][TableToXls] Create Cell [3][1].
2020-07-30 20:37:36,203 DEBUG [main][TableToXls] Use Default Cell Style.
2020-07-30 20:37:36,204 INFO  [main][TableToXls] Parse Col [<td style="background: red; color: yellow;">background red; color yellow;</td>], Col Index [2].
2020-07-30 20:37:36,204 DEBUG [main][TableToXls] Create Cell [3][2].
2020-07-30 20:37:36,204 DEBUG [main][TableToXls] Parse Style String [background: red; color: yellow;] To Map.
2020-07-30 20:37:36,204 DEBUG [main][TableToXls] Style Map Result [{color=yellow, background=red}].
2020-07-30 20:37:36,204 INFO  [main][CssUtils] Process Color [red].
2020-07-30 20:37:36,204 DEBUG [main][CssUtils] Color Name [red] Found.
2020-07-30 20:37:36,205 DEBUG [main][CssUtils] Translate Color Name [red] To Hex [#ff0000].
2020-07-30 20:37:36,205 DEBUG [main][TextApplier] Parse Font Style.
2020-07-30 20:37:36,205 INFO  [main][CssUtils] Process Color [yellow].
2020-07-30 20:37:36,205 DEBUG [main][CssUtils] Color Name [yellow] Found.
2020-07-30 20:37:36,205 DEBUG [main][CssUtils] Translate Color Name [yellow] To Hex [#ffff00].
2020-07-30 20:37:36,205 DEBUG [main][TextApplier] Text Color [#ffff00] Found.
2020-07-30 20:37:36,205 DEBUG [main][TableToXls] Build Style String, Style [{vertical-align=middle, background-color=#ff0000, color=#ffff00, text-align=left}].
2020-07-30 20:37:36,205 DEBUG [main][TableToXls] Style String Result [background-color:#ff0000;color:#ffff00;text-align:left;vertical-align:middle;].
2020-07-30 20:37:36,205 DEBUG [main][TableToXls] No Cell Style Found In Cache, Parse New Style.
2020-07-30 20:37:36,206 DEBUG [main][TableToXls] Build Style String, Style [{vertical-align=middle, background-color=#ff0000, color=#ffff00, text-align=left}].
2020-07-30 20:37:36,206 DEBUG [main][TableToXls] Style String Result [background-color:#ff0000;color:#ffff00;text-align:left;vertical-align:middle;].
2020-07-30 20:37:36,206 INFO  [main][TableToXls] Parse Table Row [<tr> 
 <td style="text-align: center; background-color: lightgray;">Center Align</td> 
 <td style="text-align: right; color: #0ff;">Right Align</td> 
 <td rowspan="2" style="height: 24px; vertical-align: top;">Top Align</td> 
</tr>]. Row Index [4].
2020-07-30 20:37:36,206 INFO  [main][TableToXls] Interate Cols.
2020-07-30 20:37:36,206 INFO  [main][TableToXls] Parse Col [<td style="text-align: center; background-color: lightgray;">Center Align</td>], Col Index [0].
2020-07-30 20:37:36,206 INFO  [main][TableToXls] Create New Row [4].
2020-07-30 20:37:36,206 DEBUG [main][TableToXls] Create Cell [4][0].
2020-07-30 20:37:36,206 DEBUG [main][TableToXls] Parse Style String [text-align: center; background-color: lightgray;] To Map.
2020-07-30 20:37:36,207 DEBUG [main][TableToXls] Style Map Result [{background-color=lightgray, text-align=center}].
2020-07-30 20:37:36,207 INFO  [main][CssUtils] Process Color [lightgray].
2020-07-30 20:37:36,207 DEBUG [main][CssUtils] Color Name [lightgray] Found.
2020-07-30 20:37:36,207 DEBUG [main][CssUtils] Translate Color Name [lightgray] To Hex [#c0c0c0].
2020-07-30 20:37:36,207 DEBUG [main][TextApplier] Parse Font Style.
2020-07-30 20:37:36,207 INFO  [main][CssUtils] Process Color [null].
2020-07-30 20:37:36,207 DEBUG [main][TableToXls] Build Style String, Style [{vertical-align=middle, background-color=#c0c0c0, text-align=center}].
2020-07-30 20:37:36,207 DEBUG [main][TableToXls] Style String Result [background-color:#c0c0c0;text-align:center;vertical-align:middle;].
2020-07-30 20:37:36,207 DEBUG [main][TableToXls] No Cell Style Found In Cache, Parse New Style.
2020-07-30 20:37:36,208 DEBUG [main][TableToXls] Build Style String, Style [{vertical-align=middle, background-color=#c0c0c0, text-align=center}].
2020-07-30 20:37:36,208 DEBUG [main][TableToXls] Style String Result [background-color:#c0c0c0;text-align:center;vertical-align:middle;].
2020-07-30 20:37:36,208 INFO  [main][TableToXls] Parse Col [<td style="text-align: right; color: #0ff;">Right Align</td>], Col Index [1].
2020-07-30 20:37:36,208 DEBUG [main][TableToXls] Create Cell [4][1].
2020-07-30 20:37:36,208 DEBUG [main][TableToXls] Parse Style String [text-align: right; color: #0ff;] To Map.
2020-07-30 20:37:36,208 DEBUG [main][TableToXls] Style Map Result [{color=#0ff, text-align=right}].
2020-07-30 20:37:36,208 DEBUG [main][TextApplier] Parse Font Style.
2020-07-30 20:37:36,208 INFO  [main][CssUtils] Process Color [#0ff].
2020-07-30 20:37:36,209 DEBUG [main][CssUtils] Short Hex Color [#0ff] Found.
2020-07-30 20:37:36,209 DEBUG [main][CssUtils] Translate Short Hex Color [#0ff] To [#00ffff].
2020-07-30 20:37:36,209 DEBUG [main][TextApplier] Text Color [#00ffff] Found.
2020-07-30 20:37:36,209 DEBUG [main][TableToXls] Build Style String, Style [{vertical-align=middle, color=#00ffff, text-align=right}].
2020-07-30 20:37:36,209 DEBUG [main][TableToXls] Style String Result [color:#00ffff;text-align:right;vertical-align:middle;].
2020-07-30 20:37:36,209 DEBUG [main][TableToXls] No Cell Style Found In Cache, Parse New Style.
2020-07-30 20:37:36,209 DEBUG [main][TableToXls] Build Style String, Style [{vertical-align=middle, color=#00ffff, text-align=right}].
2020-07-30 20:37:36,209 DEBUG [main][TableToXls] Style String Result [color:#00ffff;text-align:right;vertical-align:middle;].
2020-07-30 20:37:36,210 INFO  [main][TableToXls] Parse Col [<td rowspan="2" style="height: 24px; vertical-align: top;">Top Align</td>], Col Index [2].
2020-07-30 20:37:36,210 INFO  [main][TableToXls] Found Row Span [2].
2020-07-30 20:37:36,210 INFO  [main][TableToXls] Span Row , From Row [4], Span [2].
2020-07-30 20:37:36,210 DEBUG [main][TableToXls] Merge Region, From Row [4], To [5].
2020-07-30 20:37:36,210 DEBUG [main][TableToXls] From Col [2], To [2].
2020-07-30 20:37:36,210 DEBUG [main][TableToXls] Create Cell [4][2].
2020-07-30 20:37:36,210 DEBUG [main][TableToXls] Parse Style String [height: 24px; vertical-align: top;] To Map.
2020-07-30 20:37:36,210 DEBUG [main][TableToXls] Style Map Result [{vertical-align=top, height=24px}].
2020-07-30 20:37:36,210 DEBUG [main][TextApplier] Parse Font Style.
2020-07-30 20:37:36,210 INFO  [main][CssUtils] Process Color [null].
2020-07-30 20:37:36,210 DEBUG [main][TableToXls] Build Style String, Style [{vertical-align=top, text-align=left, height=24px}].
2020-07-30 20:37:36,213 DEBUG [main][TableToXls] Style String Result [height:24px;text-align:left;vertical-align:top;].
2020-07-30 20:37:36,213 DEBUG [main][TableToXls] No Cell Style Found In Cache, Parse New Style.
2020-07-30 20:37:36,214 DEBUG [main][TableToXls] Build Style String, Style [{vertical-align=top, text-align=left, height=24px}].
2020-07-30 20:37:36,214 DEBUG [main][TableToXls] Style String Result [height:24px;text-align:left;vertical-align:top;].
2020-07-30 20:37:36,214 INFO  [main][TableToXls] Create New Row [5].
2020-07-30 20:37:36,214 DEBUG [main][TableToXls] Create Cell [5][2].
2020-07-30 20:37:36,214 DEBUG [main][TableToXls] Parse Style String [height: 24px; vertical-align: top;] To Map.
2020-07-30 20:37:36,214 DEBUG [main][TableToXls] Style Map Result [{vertical-align=top, height=24px}].
2020-07-30 20:37:36,215 DEBUG [main][TextApplier] Parse Font Style.
2020-07-30 20:37:36,215 INFO  [main][CssUtils] Process Color [null].
2020-07-30 20:37:36,215 DEBUG [main][TableToXls] Build Style String, Style [{vertical-align=top, text-align=left, height=24px}].
2020-07-30 20:37:36,215 DEBUG [main][TableToXls] Style String Result [height:24px;text-align:left;vertical-align:top;].
2020-07-30 20:37:36,215 INFO  [main][TableToXls] Parse Table Row [<tr> 
 <td colspan="2" style="border: #f00; text-align: center">Border #f00</td> 
</tr>]. Row Index [5].
2020-07-30 20:37:36,215 INFO  [main][TableToXls] Interate Cols.
2020-07-30 20:37:36,216 INFO  [main][TableToXls] Parse Col [<td colspan="2" style="border: #f00; text-align: center">Border #f00</td>], Col Index [0].
2020-07-30 20:37:36,216 INFO  [main][TableToXls] Found Col Span [2].
2020-07-30 20:37:36,216 INFO  [main][TableToXls] Span Col, From Col [0], Span [2].
2020-07-30 20:37:36,216 DEBUG [main][TableToXls] Merge Region, From Row [5], To [5].
2020-07-30 20:37:36,216 DEBUG [main][TableToXls] From Col [0], To [1].
2020-07-30 20:37:36,216 DEBUG [main][TableToXls] Create Cell [5][0].
2020-07-30 20:37:36,216 DEBUG [main][TableToXls] Parse Style String [border: #f00; text-align: center] To Map.
2020-07-30 20:37:36,216 DEBUG [main][TableToXls] Style Map Result [{border=#f00, text-align=center}].
2020-07-30 20:37:36,216 INFO  [main][CssUtils] Process Color [#f00].
2020-07-30 20:37:36,216 DEBUG [main][CssUtils] Short Hex Color [#f00] Found.
2020-07-30 20:37:36,217 DEBUG [main][CssUtils] Translate Short Hex Color [#f00] To [#ff0000].
2020-07-30 20:37:36,217 DEBUG [main][TextApplier] Parse Font Style.
2020-07-30 20:37:36,217 INFO  [main][CssUtils] Process Color [null].
2020-07-30 20:37:36,217 DEBUG [main][TableToXls] Build Style String, Style [{vertical-align=middle, border-left-color=#ff0000, border-top-color=#ff0000, border-right-color=#ff0000, border-bottom-color=#ff0000, text-align=center}].
2020-07-30 20:37:36,217 DEBUG [main][TableToXls] Style String Result [border-bottom-color:#ff0000;border-left-color:#ff0000;border-right-color:#ff0000;border-top-color:#ff0000;text-align:center;vertical-align:middle;].
2020-07-30 20:37:36,217 DEBUG [main][TableToXls] No Cell Style Found In Cache, Parse New Style.
2020-07-30 20:37:36,218 DEBUG [main][TableToXls] Build Style String, Style [{vertical-align=middle, border-left-color=#ff0000, border-top-color=#ff0000, border-right-color=#ff0000, border-bottom-color=#ff0000, text-align=center}].
2020-07-30 20:37:36,218 DEBUG [main][TableToXls] Style String Result [border-bottom-color:#ff0000;border-left-color:#ff0000;border-right-color:#ff0000;border-top-color:#ff0000;text-align:center;vertical-align:middle;].
2020-07-30 20:37:36,218 DEBUG [main][TableToXls] Create Cell [5][1].
2020-07-30 20:37:36,218 DEBUG [main][TableToXls] Parse Style String [border: #f00; text-align: center] To Map.
2020-07-30 20:37:36,218 DEBUG [main][TableToXls] Style Map Result [{border=#f00, text-align=center}].
2020-07-30 20:37:36,218 INFO  [main][CssUtils] Process Color [#f00].
2020-07-30 20:37:36,218 DEBUG [main][CssUtils] Short Hex Color [#f00] Found.
2020-07-30 20:37:36,219 DEBUG [main][CssUtils] Translate Short Hex Color [#f00] To [#ff0000].
2020-07-30 20:37:36,219 DEBUG [main][TextApplier] Parse Font Style.
2020-07-30 20:37:36,219 INFO  [main][CssUtils] Process Color [null].
2020-07-30 20:37:36,219 DEBUG [main][TableToXls] Build Style String, Style [{vertical-align=middle, border-left-color=#ff0000, border-top-color=#ff0000, border-right-color=#ff0000, border-bottom-color=#ff0000, text-align=center}].
2020-07-30 20:37:36,219 DEBUG [main][TableToXls] Style String Result [border-bottom-color:#ff0000;border-left-color:#ff0000;border-right-color:#ff0000;border-top-color:#ff0000;text-align:center;vertical-align:middle;].
2020-07-30 20:37:36,219 INFO  [main][TableToXls] Interate Table Rows.
2020-07-30 20:37:36,220 INFO  [main][TableToXls] Parse Table Row [<tr> 
 <td colspan="4" style="font: bold 22pt 'Microsoft YaHei'; color: green;">Table 2</td> 
</tr>]. Row Index [7].
2020-07-30 20:37:36,220 INFO  [main][TableToXls] Interate Cols.
2020-07-30 20:37:36,220 INFO  [main][TableToXls] Parse Col [<td colspan="4" style="font: bold 22pt 'Microsoft YaHei'; color: green;">Table 2</td>], Col Index [0].
2020-07-30 20:37:36,220 INFO  [main][TableToXls] Found Col Span [4].
2020-07-30 20:37:36,220 INFO  [main][TableToXls] Span Col, From Col [0], Span [4].
2020-07-30 20:37:36,220 DEBUG [main][TableToXls] Merge Region, From Row [7], To [7].
2020-07-30 20:37:36,220 DEBUG [main][TableToXls] From Col [0], To [3].
2020-07-30 20:37:36,220 INFO  [main][TableToXls] Create New Row [7].
2020-07-30 20:37:36,220 DEBUG [main][TableToXls] Create Cell [7][0].
2020-07-30 20:37:36,220 DEBUG [main][TableToXls] Parse Style String [font: bold 22pt 'Microsoft YaHei'; color: green;] To Map.
2020-07-30 20:37:36,220 DEBUG [main][TableToXls] Style Map Result [{color=green, font=bold 22pt 'Microsoft YaHei'}].
2020-07-30 20:37:36,221 DEBUG [main][TextApplier] Parse Font Style.
2020-07-30 20:37:36,221 INFO  [main][CssUtils] Process Color [green].
2020-07-30 20:37:36,221 DEBUG [main][CssUtils] Color Name [green] Found.
2020-07-30 20:37:36,221 DEBUG [main][CssUtils] Translate Color Name [green] To Hex [#008000].
2020-07-30 20:37:36,221 DEBUG [main][TextApplier] Text Color [#008000] Found.
2020-07-30 20:37:36,221 DEBUG [main][TextApplier] Parse Font Attr [bold 22pt 'Microsoft YaHei'].
2020-07-30 20:37:36,221 DEBUG [main][TextApplier] Font Attr [ bold 22pt 'Microsoft YaHei' ] After Process Ingore.
2020-07-30 20:37:36,221 DEBUG [main][TextApplier] Font Weight [bold](bold) Found.
2020-07-30 20:37:36,223 DEBUG [main][TextApplier] Font Size[/line-height] [ 22pt ] Found.
2020-07-30 20:37:36,223 DEBUG [main][TextApplier] Font Size [22pt].
2020-07-30 20:37:36,223 DEBUG [main][TextApplier] Font Families [ 'Microsoft YaHei' ].
2020-07-30 20:37:36,223 DEBUG [main][TextApplier] Use First Font Family [Microsoft YaHei].
2020-07-30 20:37:36,224 DEBUG [main][TableToXls] Build Style String, Style [{vertical-align=middle, font-size=22pt, font-family=Microsoft YaHei, color=#008000, font-weight=bold, text-align=left}].
2020-07-30 20:37:36,224 DEBUG [main][TableToXls] Style String Result [color:#008000;font-family:Microsoft YaHei;font-size:22pt;font-weight:bold;text-align:left;vertical-align:middle;].
2020-07-30 20:37:36,224 DEBUG [main][TableToXls] No Cell Style Found In Cache, Parse New Style.
2020-07-30 20:37:36,224 DEBUG [main][TableToXls] Build Style String, Style [{vertical-align=middle, font-size=22pt, font-family=Microsoft YaHei, color=#008000, font-weight=bold, text-align=left}].
2020-07-30 20:37:36,224 DEBUG [main][TableToXls] Style String Result [color:#008000;font-family:Microsoft YaHei;font-size:22pt;font-weight:bold;text-align:left;vertical-align:middle;].
2020-07-30 20:37:36,224 DEBUG [main][TableToXls] Create Cell [7][1].
2020-07-30 20:37:36,224 DEBUG [main][TableToXls] Parse Style String [font: bold 22pt 'Microsoft YaHei'; color: green;] To Map.
2020-07-30 20:37:36,225 DEBUG [main][TableToXls] Style Map Result [{color=green, font=bold 22pt 'Microsoft YaHei'}].
2020-07-30 20:37:36,225 DEBUG [main][TextApplier] Parse Font Style.
2020-07-30 20:37:36,225 INFO  [main][CssUtils] Process Color [green].
2020-07-30 20:37:36,225 DEBUG [main][CssUtils] Color Name [green] Found.
2020-07-30 20:37:36,225 DEBUG [main][CssUtils] Translate Color Name [green] To Hex [#008000].
2020-07-30 20:37:36,225 DEBUG [main][TextApplier] Text Color [#008000] Found.
2020-07-30 20:37:36,225 DEBUG [main][TextApplier] Parse Font Attr [bold 22pt 'Microsoft YaHei'].
2020-07-30 20:37:36,225 DEBUG [main][TextApplier] Font Attr [ bold 22pt 'Microsoft YaHei' ] After Process Ingore.
2020-07-30 20:37:36,225 DEBUG [main][TextApplier] Font Weight [bold](bold) Found.
2020-07-30 20:37:36,226 DEBUG [main][TextApplier] Font Size[/line-height] [ 22pt ] Found.
2020-07-30 20:37:36,226 DEBUG [main][TextApplier] Font Size [22pt].
2020-07-30 20:37:36,226 DEBUG [main][TextApplier] Font Families [ 'Microsoft YaHei' ].
2020-07-30 20:37:36,226 DEBUG [main][TextApplier] Use First Font Family [Microsoft YaHei].
2020-07-30 20:37:36,226 DEBUG [main][TableToXls] Build Style String, Style [{vertical-align=middle, font-size=22pt, font-family=Microsoft YaHei, color=#008000, font-weight=bold, text-align=left}].
2020-07-30 20:37:36,226 DEBUG [main][TableToXls] Style String Result [color:#008000;font-family:Microsoft YaHei;font-size:22pt;font-weight:bold;text-align:left;vertical-align:middle;].
2020-07-30 20:37:36,226 DEBUG [main][TableToXls] Create Cell [7][2].
2020-07-30 20:37:36,226 DEBUG [main][TableToXls] Parse Style String [font: bold 22pt 'Microsoft YaHei'; color: green;] To Map.
2020-07-30 20:37:36,226 DEBUG [main][TableToXls] Style Map Result [{color=green, font=bold 22pt 'Microsoft YaHei'}].
2020-07-30 20:37:36,226 DEBUG [main][TextApplier] Parse Font Style.
2020-07-30 20:37:36,226 INFO  [main][CssUtils] Process Color [green].
2020-07-30 20:37:36,227 DEBUG [main][CssUtils] Color Name [green] Found.
2020-07-30 20:37:36,227 DEBUG [main][CssUtils] Translate Color Name [green] To Hex [#008000].
2020-07-30 20:37:36,227 DEBUG [main][TextApplier] Text Color [#008000] Found.
2020-07-30 20:37:36,227 DEBUG [main][TextApplier] Parse Font Attr [bold 22pt 'Microsoft YaHei'].
2020-07-30 20:37:36,227 DEBUG [main][TextApplier] Font Attr [ bold 22pt 'Microsoft YaHei' ] After Process Ingore.
2020-07-30 20:37:36,227 DEBUG [main][TextApplier] Font Weight [bold](bold) Found.
2020-07-30 20:37:36,227 DEBUG [main][TextApplier] Font Size[/line-height] [ 22pt ] Found.
2020-07-30 20:37:36,227 DEBUG [main][TextApplier] Font Size [22pt].
2020-07-30 20:37:36,227 DEBUG [main][TextApplier] Font Families [ 'Microsoft YaHei' ].
2020-07-30 20:37:36,227 DEBUG [main][TextApplier] Use First Font Family [Microsoft YaHei].
2020-07-30 20:37:36,227 DEBUG [main][TableToXls] Build Style String, Style [{vertical-align=middle, font-size=22pt, font-family=Microsoft YaHei, color=#008000, font-weight=bold, text-align=left}].
2020-07-30 20:37:36,227 DEBUG [main][TableToXls] Style String Result [color:#008000;font-family:Microsoft YaHei;font-size:22pt;font-weight:bold;text-align:left;vertical-align:middle;].
2020-07-30 20:37:36,228 DEBUG [main][TableToXls] Create Cell [7][3].
2020-07-30 20:37:36,228 DEBUG [main][TableToXls] Parse Style String [font: bold 22pt 'Microsoft YaHei'; color: green;] To Map.
2020-07-30 20:37:36,228 DEBUG [main][TableToXls] Style Map Result [{color=green, font=bold 22pt 'Microsoft YaHei'}].
2020-07-30 20:37:36,228 DEBUG [main][TextApplier] Parse Font Style.
2020-07-30 20:37:36,228 INFO  [main][CssUtils] Process Color [green].
2020-07-30 20:37:36,228 DEBUG [main][CssUtils] Color Name [green] Found.
2020-07-30 20:37:36,228 DEBUG [main][CssUtils] Translate Color Name [green] To Hex [#008000].
2020-07-30 20:37:36,228 DEBUG [main][TextApplier] Text Color [#008000] Found.
2020-07-30 20:37:36,228 DEBUG [main][TextApplier] Parse Font Attr [bold 22pt 'Microsoft YaHei'].
2020-07-30 20:37:36,228 DEBUG [main][TextApplier] Font Attr [ bold 22pt 'Microsoft YaHei' ] After Process Ingore.
2020-07-30 20:37:36,228 DEBUG [main][TextApplier] Font Weight [bold](bold) Found.
2020-07-30 20:37:36,228 DEBUG [main][TextApplier] Font Size[/line-height] [ 22pt ] Found.
2020-07-30 20:37:36,228 DEBUG [main][TextApplier] Font Size [22pt].
2020-07-30 20:37:36,228 DEBUG [main][TextApplier] Font Families [ 'Microsoft YaHei' ].
2020-07-30 20:37:36,228 DEBUG [main][TextApplier] Use First Font Family [Microsoft YaHei].
2020-07-30 20:37:36,228 DEBUG [main][TableToXls] Build Style String, Style [{vertical-align=middle, font-size=22pt, font-family=Microsoft YaHei, color=#008000, font-weight=bold, text-align=left}].
2020-07-30 20:37:36,229 DEBUG [main][TableToXls] Style String Result [color:#008000;font-family:Microsoft YaHei;font-size:22pt;font-weight:bold;text-align:left;vertical-align:middle;].
2020-07-30 20:37:36,229 INFO  [main][TableToXls] Parse Table Row [<tr> 
 <td>normal</td> 
 <td style="font: bold;">Bold Font</td> 
 <td colspan="2" style="color: grey;">Color Grey</td> 
</tr>]. Row Index [8].
2020-07-30 20:37:36,229 INFO  [main][TableToXls] Interate Cols.
2020-07-30 20:37:36,229 INFO  [main][TableToXls] Parse Col [<td>normal</td>], Col Index [0].
2020-07-30 20:37:36,229 INFO  [main][TableToXls] Create New Row [8].
2020-07-30 20:37:36,229 DEBUG [main][TableToXls] Create Cell [8][0].
2020-07-30 20:37:36,229 DEBUG [main][TableToXls] Use Default Cell Style.
2020-07-30 20:37:36,229 INFO  [main][TableToXls] Parse Col [<td style="font: bold;">Bold Font</td>], Col Index [1].
2020-07-30 20:37:36,229 DEBUG [main][TableToXls] Create Cell [8][1].
2020-07-30 20:37:36,229 DEBUG [main][TableToXls] Parse Style String [font: bold;] To Map.
2020-07-30 20:37:36,229 DEBUG [main][TableToXls] Style Map Result [{font=bold}].
2020-07-30 20:37:36,230 DEBUG [main][TextApplier] Parse Font Style.
2020-07-30 20:37:36,230 INFO  [main][CssUtils] Process Color [null].
2020-07-30 20:37:36,230 DEBUG [main][TextApplier] Parse Font Attr [bold].
2020-07-30 20:37:36,230 DEBUG [main][TextApplier] Font Attr [ bold ] After Process Ingore.
2020-07-30 20:37:36,230 DEBUG [main][TextApplier] Font Weight [bold](bold) Found.
2020-07-30 20:37:36,230 DEBUG [main][TextApplier] Font Families [ ].
2020-07-30 20:37:36,230 DEBUG [main][TextApplier] Use First Font Family [].
2020-07-30 20:37:36,230 DEBUG [main][TableToXls] Build Style String, Style [{vertical-align=middle, font-family=, font-weight=bold, text-align=left}].
2020-07-30 20:37:36,230 DEBUG [main][TableToXls] Style String Result [font-family:;font-weight:bold;text-align:left;vertical-align:middle;].
2020-07-30 20:37:36,230 DEBUG [main][TableToXls] No Cell Style Found In Cache, Parse New Style.
2020-07-30 20:37:36,230 DEBUG [main][TableToXls] Build Style String, Style [{vertical-align=middle, font-family=, font-weight=bold, text-align=left}].
2020-07-30 20:37:36,230 DEBUG [main][TableToXls] Style String Result [font-family:;font-weight:bold;text-align:left;vertical-align:middle;].
2020-07-30 20:37:36,230 INFO  [main][TableToXls] Parse Col [<td colspan="2" style="color: grey;">Color Grey</td>], Col Index [2].
2020-07-30 20:37:36,230 INFO  [main][TableToXls] Found Col Span [2].
2020-07-30 20:37:36,230 INFO  [main][TableToXls] Span Col, From Col [2], Span [2].
2020-07-30 20:37:36,230 DEBUG [main][TableToXls] Merge Region, From Row [8], To [8].
2020-07-30 20:37:36,231 DEBUG [main][TableToXls] From Col [2], To [3].
2020-07-30 20:37:36,231 DEBUG [main][TableToXls] Create Cell [8][2].
2020-07-30 20:37:36,231 DEBUG [main][TableToXls] Parse Style String [color: grey;] To Map.
2020-07-30 20:37:36,231 DEBUG [main][TableToXls] Style Map Result [{color=grey}].
2020-07-30 20:37:36,231 DEBUG [main][TextApplier] Parse Font Style.
2020-07-30 20:37:36,231 INFO  [main][CssUtils] Process Color [grey].
2020-07-30 20:37:36,231 DEBUG [main][CssUtils] Color Name [grey] Found.
2020-07-30 20:37:36,231 DEBUG [main][CssUtils] Translate Color Name [grey] To Hex [#333333].
2020-07-30 20:37:36,231 DEBUG [main][TextApplier] Text Color [#333333] Found.
2020-07-30 20:37:36,231 DEBUG [main][TableToXls] Build Style String, Style [{vertical-align=middle, color=#333333, text-align=left}].
2020-07-30 20:37:36,231 DEBUG [main][TableToXls] Style String Result [color:#333333;text-align:left;vertical-align:middle;].
2020-07-30 20:37:36,231 DEBUG [main][TableToXls] No Cell Style Found In Cache, Parse New Style.
2020-07-30 20:37:36,231 DEBUG [main][TableToXls] Build Style String, Style [{vertical-align=middle, color=#333333, text-align=left}].
2020-07-30 20:37:36,232 DEBUG [main][TableToXls] Style String Result [color:#333333;text-align:left;vertical-align:middle;].
2020-07-30 20:37:36,232 DEBUG [main][TableToXls] Create Cell [8][3].
2020-07-30 20:37:36,232 DEBUG [main][TableToXls] Parse Style String [color: grey;] To Map.
2020-07-30 20:37:36,232 DEBUG [main][TableToXls] Style Map Result [{color=grey}].
2020-07-30 20:37:36,232 DEBUG [main][TextApplier] Parse Font Style.
2020-07-30 20:37:36,232 INFO  [main][CssUtils] Process Color [grey].
2020-07-30 20:37:36,232 DEBUG [main][CssUtils] Color Name [grey] Found.
2020-07-30 20:37:36,232 DEBUG [main][CssUtils] Translate Color Name [grey] To Hex [#333333].
2020-07-30 20:37:36,232 DEBUG [main][TextApplier] Text Color [#333333] Found.
2020-07-30 20:37:36,232 DEBUG [main][TableToXls] Build Style String, Style [{vertical-align=middle, color=#333333, text-align=left}].
2020-07-30 20:37:36,232 DEBUG [main][TableToXls] Style String Result [color:#333333;text-align:left;vertical-align:middle;].
2020-07-30 20:37:36,232 INFO  [main][TableToXls] Parse Table Row [<tr> 
 <td colspan="2" style="font: 14pt;">Font Size 14pt</td> 
 <td style="font: italic; background: lightgray;">Italic</td> 
 <td style="height: 28; text-decoration: underline; border: none; vertical-align: bottom;">Misc</td> 
</tr>]. Row Index [9].
2020-07-30 20:37:36,233 INFO  [main][TableToXls] Interate Cols.
2020-07-30 20:37:36,233 INFO  [main][TableToXls] Parse Col [<td colspan="2" style="font: 14pt;">Font Size 14pt</td>], Col Index [0].
2020-07-30 20:37:36,233 INFO  [main][TableToXls] Found Col Span [2].
2020-07-30 20:37:36,233 INFO  [main][TableToXls] Span Col, From Col [0], Span [2].
2020-07-30 20:37:36,233 DEBUG [main][TableToXls] Merge Region, From Row [9], To [9].
2020-07-30 20:37:36,233 DEBUG [main][TableToXls] From Col [0], To [1].
2020-07-30 20:37:36,233 INFO  [main][TableToXls] Create New Row [9].
2020-07-30 20:37:36,233 DEBUG [main][TableToXls] Create Cell [9][0].
2020-07-30 20:37:36,233 DEBUG [main][TableToXls] Parse Style String [font: 14pt;] To Map.
2020-07-30 20:37:36,233 DEBUG [main][TableToXls] Style Map Result [{font=14pt}].
2020-07-30 20:37:36,233 DEBUG [main][TextApplier] Parse Font Style.
2020-07-30 20:37:36,233 INFO  [main][CssUtils] Process Color [null].
2020-07-30 20:37:36,233 DEBUG [main][TextApplier] Parse Font Attr [14pt].
2020-07-30 20:37:36,233 DEBUG [main][TextApplier] Font Attr [ 14pt ] After Process Ingore.
2020-07-30 20:37:36,233 DEBUG [main][TextApplier] Font Size[/line-height] [ 14pt ] Found.
2020-07-30 20:37:36,233 DEBUG [main][TextApplier] Font Size [14pt].
2020-07-30 20:37:36,233 DEBUG [main][TextApplier] Font Families [ ].
2020-07-30 20:37:36,234 DEBUG [main][TextApplier] Use First Font Family [].
2020-07-30 20:37:36,234 DEBUG [main][TableToXls] Build Style String, Style [{vertical-align=middle, font-size=14pt, font-family=, text-align=left}].
2020-07-30 20:37:36,234 DEBUG [main][TableToXls] Style String Result [font-family:;font-size:14pt;text-align:left;vertical-align:middle;].
2020-07-30 20:37:36,234 DEBUG [main][TableToXls] No Cell Style Found In Cache, Parse New Style.
2020-07-30 20:37:36,235 DEBUG [main][TableToXls] Build Style String, Style [{vertical-align=middle, font-size=14pt, font-family=, text-align=left}].
2020-07-30 20:37:36,235 DEBUG [main][TableToXls] Style String Result [font-family:;font-size:14pt;text-align:left;vertical-align:middle;].
2020-07-30 20:37:36,235 DEBUG [main][TableToXls] Create Cell [9][1].
2020-07-30 20:37:36,235 DEBUG [main][TableToXls] Parse Style String [font: 14pt;] To Map.
2020-07-30 20:37:36,235 DEBUG [main][TableToXls] Style Map Result [{font=14pt}].
2020-07-30 20:37:36,235 DEBUG [main][TextApplier] Parse Font Style.
2020-07-30 20:37:36,235 INFO  [main][CssUtils] Process Color [null].
2020-07-30 20:37:36,235 DEBUG [main][TextApplier] Parse Font Attr [14pt].
2020-07-30 20:37:36,235 DEBUG [main][TextApplier] Font Attr [ 14pt ] After Process Ingore.
2020-07-30 20:37:36,235 DEBUG [main][TextApplier] Font Size[/line-height] [ 14pt ] Found.
2020-07-30 20:37:36,235 DEBUG [main][TextApplier] Font Size [14pt].
2020-07-30 20:37:36,235 DEBUG [main][TextApplier] Font Families [ ].
2020-07-30 20:37:36,235 DEBUG [main][TextApplier] Use First Font Family [].
2020-07-30 20:37:36,235 DEBUG [main][TableToXls] Build Style String, Style [{vertical-align=middle, font-size=14pt, font-family=, text-align=left}].
2020-07-30 20:37:36,235 DEBUG [main][TableToXls] Style String Result [font-family:;font-size:14pt;text-align:left;vertical-align:middle;].
2020-07-30 20:37:36,235 INFO  [main][TableToXls] Parse Col [<td style="font: italic; background: lightgray;">Italic</td>], Col Index [2].
2020-07-30 20:37:36,236 DEBUG [main][TableToXls] Create Cell [9][2].
2020-07-30 20:37:36,236 DEBUG [main][TableToXls] Parse Style String [font: italic; background: lightgray;] To Map.
2020-07-30 20:37:36,236 DEBUG [main][TableToXls] Style Map Result [{background=lightgray, font=italic}].
2020-07-30 20:37:36,236 INFO  [main][CssUtils] Process Color [lightgray].
2020-07-30 20:37:36,236 DEBUG [main][CssUtils] Color Name [lightgray] Found.
2020-07-30 20:37:36,236 DEBUG [main][CssUtils] Translate Color Name [lightgray] To Hex [#c0c0c0].
2020-07-30 20:37:36,236 DEBUG [main][TextApplier] Parse Font Style.
2020-07-30 20:37:36,236 INFO  [main][CssUtils] Process Color [null].
2020-07-30 20:37:36,236 DEBUG [main][TextApplier] Parse Font Attr [italic].
2020-07-30 20:37:36,236 DEBUG [main][TextApplier] Font Attr [ italic ] After Process Ingore.
2020-07-30 20:37:36,236 DEBUG [main][TextApplier] Font Style [italic] Found.
2020-07-30 20:37:36,236 DEBUG [main][TextApplier] Font Families [ ].
2020-07-30 20:37:36,236 DEBUG [main][TextApplier] Use First Font Family [].
2020-07-30 20:37:36,236 DEBUG [main][TableToXls] Build Style String, Style [{vertical-align=middle, background-color=#c0c0c0, font-family=, font-style=italic, text-align=left}].
2020-07-30 20:37:36,236 DEBUG [main][TableToXls] Style String Result [background-color:#c0c0c0;font-family:;font-style:italic;text-align:left;vertical-align:middle;].
2020-07-30 20:37:36,236 DEBUG [main][TableToXls] No Cell Style Found In Cache, Parse New Style.
2020-07-30 20:37:36,236 DEBUG [main][TableToXls] Build Style String, Style [{vertical-align=middle, background-color=#c0c0c0, font-family=, font-style=italic, text-align=left}].
2020-07-30 20:37:36,236 DEBUG [main][TableToXls] Style String Result [background-color:#c0c0c0;font-family:;font-style:italic;text-align:left;vertical-align:middle;].
2020-07-30 20:37:36,237 INFO  [main][TableToXls] Parse Col [<td style="height: 28; text-decoration: underline; border: none; vertical-align: bottom;">Misc</td>], Col Index [3].
2020-07-30 20:37:36,237 DEBUG [main][TableToXls] Create Cell [9][3].
2020-07-30 20:37:36,237 DEBUG [main][TableToXls] Parse Style String [height: 28; text-decoration: underline; border: none; vertical-align: bottom;] To Map.
2020-07-30 20:37:36,237 DEBUG [main][TableToXls] Style Map Result [{border=none, text-decoration=underline, vertical-align=bottom, height=28}].
2020-07-30 20:37:36,237 INFO  [main][CssUtils] Process Color [none].
2020-07-30 20:37:36,237 DEBUG [main][TextApplier] Parse Font Style.
2020-07-30 20:37:36,237 INFO  [main][CssUtils] Process Color [null].
2020-07-30 20:37:36,237 DEBUG [main][TableToXls] Build Style String, Style [{border-right-style=none, border-left-style=none, text-decoration=underline, vertical-align=bottom, border-bottom-style=none, border-top-style=none, text-align=left, height=28}].
2020-07-30 20:37:36,237 DEBUG [main][TableToXls] Style String Result [border-bottom-style:none;border-left-style:none;border-right-style:none;border-top-style:none;height:28;text-align:left;text-decoration:underline;vertical-align:bottom;].
2020-07-30 20:37:36,237 DEBUG [main][TableToXls] No Cell Style Found In Cache, Parse New Style.
2020-07-30 20:37:36,237 DEBUG [main][TableToXls] Build Style String, Style [{border-right-style=none, border-left-style=none, text-decoration=underline, vertical-align=bottom, border-bottom-style=none, border-top-style=none, text-align=left, height=28}].
2020-07-30 20:37:36,237 DEBUG [main][TableToXls] Style String Result [border-bottom-style:none;border-left-style:none;border-right-style:none;border-top-style:none;height:28;text-align:left;text-decoration:underline;vertical-align:bottom;].
Tests run: 1, Failures: 0, Errors: 0, Skipped: 0, Time elapsed: 0.878 sec - in me.chyxion.xls.TestDriver

Results :

Tests run: 1, Failures: 0, Errors: 0, Skipped: 0

[INFO] 
[INFO] --- jacoco-maven-plugin:0.8.5:report (report) @ table-to-xls ---
[INFO] Loading execution data file /tmp/tmpbf24pzae/table-to-xls/target/jacoco.exec
[INFO] Analyzed bundle 'Table To XLS' with 227 classes
[INFO] ------------------------------------------------------------------------
[INFO] BUILD SUCCESS
[INFO] ------------------------------------------------------------------------
[INFO] Total time:  10.402 s
[INFO] Finished at: 2020-07-30T20:37:37Z
[INFO] ------------------------------------------------------------------------
