[INFO] Error stacktraces are turned on.
[INFO] Scanning for projects...
[INFO] 
[INFO] ---------------< lt.tokenmill.uima:dictionary-annotator >---------------
[INFO] Building Dictionary Annotator 0.1.2-SNAPSHOT
[INFO] --------------------------------[ jar ]---------------------------------
[INFO] 
[INFO] --- jacoco-maven-plugin:0.8.5:prepare-agent (default) @ dictionary-annotator ---
[INFO] argLine set to -javaagent:/home/jdbl/.m2/repository/org/jacoco/org.jacoco.agent/0.8.5/org.jacoco.agent-0.8.5-runtime.jar=destfile=/tmp/tmpdm3nblmo/dictionary-annotator/target/jacoco.exec
[INFO] 
[INFO] --- build-helper-maven-plugin:1.9.1:add-source (default) @ dictionary-annotator ---
[INFO] Source directory: /tmp/tmpdm3nblmo/dictionary-annotator/target/generated-sources/jcasgen added.
[INFO] 
[INFO] --- maven-resources-plugin:2.6:resources (default-resources) @ dictionary-annotator ---
[WARNING] Using platform encoding (UTF-8 actually) to copy filtered resources, i.e. build is platform dependent!
[INFO] Copying 2 resources
[INFO] 
[INFO] --- jcasgen-maven-plugin:2.8.1:generate (default) @ dictionary-annotator ---
[INFO] JCasGen: Found descriptor '/tmp/tmpdm3nblmo/dictionary-annotator/src/main/resources/lt/tokenmill/DictionaryAnnotatorTypes.xml'
[INFO] JCasGen: Limiting generation to descriptors in '/tmp/tmpdm3nblmo/dictionary-annotator'
[INFO] JCasGen: Output going to '/tmp/tmpdm3nblmo/dictionary-annotator/target/generated-sources/jcasgen'
[INFO] JCasGen: Reading the XML TAE descriptor, and creating types, for xml input file '/tmp/tmpdm3nblmo/dictionary-annotator/target/jcasgen/typesystem.xml'.
[INFO] JCasGen: Creating: 'lt.tokenmill.uima.dictionaryannotator.type.DictionaryEntry'.
[INFO] JCasGen: Creating: 'lt.tokenmill.uima.dictionaryannotator.type.DictionaryEntry_Type'.
[INFO] 
[INFO] --- maven-compiler-plugin:3.1:compile (default-compile) @ dictionary-annotator ---
[INFO] Changes detected - recompiling the module!
[WARNING] File encoding has not been set, using platform encoding UTF-8, i.e. build is platform dependent!
[INFO] Compiling 11 source files to /tmp/tmpdm3nblmo/dictionary-annotator/target/classes
[WARNING] /tmp/tmpdm3nblmo/dictionary-annotator/src/main/java/lt/tokenmill/uima/dictionaryannotator/tree/TreeMatch.java: /tmp/tmpdm3nblmo/dictionary-annotator/src/main/java/lt/tokenmill/uima/dictionaryannotator/tree/TreeMatch.java uses unchecked or unsafe operations.
[WARNING] /tmp/tmpdm3nblmo/dictionary-annotator/src/main/java/lt/tokenmill/uima/dictionaryannotator/tree/TreeMatch.java: Recompile with -Xlint:unchecked for details.
[INFO] 
[INFO] --- maven-resources-plugin:2.6:testResources (default-testResources) @ dictionary-annotator ---
[WARNING] Using platform encoding (UTF-8 actually) to copy filtered resources, i.e. build is platform dependent!
[INFO] Copying 8 resources
[INFO] 
[INFO] --- maven-compiler-plugin:3.1:testCompile (default-testCompile) @ dictionary-annotator ---
[INFO] Changes detected - recompiling the module!
[WARNING] File encoding has not been set, using platform encoding UTF-8, i.e. build is platform dependent!
[INFO] Compiling 3 source files to /tmp/tmpdm3nblmo/dictionary-annotator/target/test-classes
[INFO] 
[INFO] --- maven-surefire-plugin:2.19.1:test (default-test) @ dictionary-annotator ---
[INFO] Surefire report directory: /tmp/tmpdm3nblmo/dictionary-annotator/target/surefire-reports

-------------------------------------------------------
 T E S T S
-------------------------------------------------------
Running lt.tokenmill.uima.dictionaryannotator.DictionaryAnnotatorTest
Jul 30, 2020 9:13:10 PM opennlp.uima.tokenize.AbstractTokenizer initialize(71)
INFO: Initializing the OpenNLP Simple Tokenizer annotator.
Jul 30, 2020 9:13:10 PM opennlp.uima.util.AnnotatorUtil getOptionalParameter(440)
INFO: opennlp.uima.IsRemoveExistingAnnotations = not set
Jul 30, 2020 9:13:10 PM lt.tokenmill.uima.dictionaryannotator.DictionaryAnnotator initialize(132)
INFO: Loaded dictionary from 'file:/tmp/tmpdm3nblmo/dictionary-annotator/target/test-classes/language-dictionary.csv' with 8 entries
Jul 30, 2020 9:13:10 PM opennlp.uima.util.AnnotatorUtil getOptionalParameter(440)
INFO: opennlp.uima.SentenceType = uima.tcas.DocumentAnnotation
Jul 30, 2020 9:13:10 PM opennlp.uima.util.AnnotatorUtil getOptionalParameter(440)
INFO: opennlp.uima.TokenType = de.tudarmstadt.ukp.dkpro.core.api.segmentation.type.Token
Jul 30, 2020 9:13:11 PM opennlp.uima.tokenize.AbstractTokenizer initialize(71)
INFO: Initializing the OpenNLP Simple Tokenizer annotator.
Jul 30, 2020 9:13:11 PM opennlp.uima.util.AnnotatorUtil getOptionalParameter(440)
INFO: opennlp.uima.IsRemoveExistingAnnotations = not set
Jul 30, 2020 9:13:11 PM lt.tokenmill.uima.dictionaryannotator.DictionaryAnnotator initialize(132)
INFO: Loaded dictionary from 'file:/tmp/tmpdm3nblmo/dictionary-annotator/target/test-classes/language-dictionary.csv' with 8 entries
Jul 30, 2020 9:13:11 PM opennlp.uima.util.AnnotatorUtil getOptionalParameter(440)
INFO: opennlp.uima.SentenceType = uima.tcas.DocumentAnnotation
Jul 30, 2020 9:13:11 PM opennlp.uima.util.AnnotatorUtil getOptionalParameter(440)
INFO: opennlp.uima.TokenType = de.tudarmstadt.ukp.dkpro.core.api.segmentation.type.Token
Jul 30, 2020 9:13:11 PM opennlp.uima.tokenize.AbstractTokenizer initialize(71)
INFO: Initializing the OpenNLP Simple Tokenizer annotator.
Jul 30, 2020 9:13:11 PM opennlp.uima.util.AnnotatorUtil getOptionalParameter(440)
INFO: opennlp.uima.IsRemoveExistingAnnotations = not set
Jul 30, 2020 9:13:11 PM lt.tokenmill.uima.dictionaryannotator.DictionaryAnnotator initialize(132)
INFO: Loaded dictionary from 'file:/tmp/tmpdm3nblmo/dictionary-annotator/target/test-classes/nlproc-dictionary.csv' with 8 entries
Jul 30, 2020 9:13:11 PM opennlp.uima.util.AnnotatorUtil getOptionalParameter(440)
INFO: opennlp.uima.SentenceType = uima.tcas.DocumentAnnotation
Jul 30, 2020 9:13:11 PM opennlp.uima.util.AnnotatorUtil getOptionalParameter(440)
INFO: opennlp.uima.TokenType = de.tudarmstadt.ukp.dkpro.core.api.segmentation.type.Token
Jul 30, 2020 9:13:11 PM opennlp.uima.tokenize.AbstractTokenizer initialize(71)
INFO: Initializing the OpenNLP Simple Tokenizer annotator.
Jul 30, 2020 9:13:11 PM opennlp.uima.util.AnnotatorUtil getOptionalParameter(440)
INFO: opennlp.uima.IsRemoveExistingAnnotations = not set
Jul 30, 2020 9:13:11 PM lt.tokenmill.uima.dictionaryannotator.DictionaryAnnotator initialize(132)
INFO: Loaded dictionary from 'file:/tmp/tmpdm3nblmo/dictionary-annotator/target/test-classes/nlproc-dictionary.csv' with 8 entries
Jul 30, 2020 9:13:11 PM opennlp.uima.util.AnnotatorUtil getOptionalParameter(440)
INFO: opennlp.uima.SentenceType = uima.tcas.DocumentAnnotation
Jul 30, 2020 9:13:11 PM opennlp.uima.util.AnnotatorUtil getOptionalParameter(440)
INFO: opennlp.uima.TokenType = de.tudarmstadt.ukp.dkpro.core.api.segmentation.type.Token
Tests run: 4, Failures: 0, Errors: 0, Skipped: 0, Time elapsed: 1.561 sec - in lt.tokenmill.uima.dictionaryannotator.DictionaryAnnotatorTest

Results :

Tests run: 4, Failures: 0, Errors: 0, Skipped: 0

[INFO] 
[INFO] --- jacoco-maven-plugin:0.8.5:report (report) @ dictionary-annotator ---
[INFO] Loading execution data file /tmp/tmpdm3nblmo/dictionary-annotator/target/jacoco.exec
[INFO] Analyzed bundle 'Dictionary Annotator' with 246 classes
[INFO] ------------------------------------------------------------------------
[INFO] BUILD SUCCESS
[INFO] ------------------------------------------------------------------------
[INFO] Total time:  24.936 s
[INFO] Finished at: 2020-07-30T21:13:12Z
[INFO] ------------------------------------------------------------------------
