[INFO] Error stacktraces are turned on.
[INFO] Scanning for projects...
[WARNING] 
[WARNING] Some problems were encountered while building the effective model for com.teachscape.rtmp:rtmp-lite:jar:1.0-SNAPSHOT
[WARNING] 'build.plugins.plugin.version' for org.apache.maven.plugins:maven-compiler-plugin is missing. @ line 77, column 15
[WARNING] 
[WARNING] It is highly recommended to fix these problems because they threaten the stability of your build.
[WARNING] 
[WARNING] For this reason, future Maven versions might no longer support building such malformed projects.
[WARNING] 
[INFO] 
[INFO] -------------------< com.teachscape.rtmp:rtmp-lite >--------------------
[INFO] Building rtmp-lite 1.0-SNAPSHOT
[INFO] --------------------------------[ jar ]---------------------------------
[INFO] 
[INFO] --- jacoco-maven-plugin:0.8.5:prepare-agent (default) @ rtmp-lite ---
[INFO] argLine set to -javaagent:/home/jdbl/.m2/repository/org/jacoco/org.jacoco.agent/0.8.5/org.jacoco.agent-0.8.5-runtime.jar=destfile=/tmp/tmpmmz_1lr7/rtmp-lite/target/jacoco.exec
[INFO] 
[INFO] --- maven-resources-plugin:2.6:resources (default-resources) @ rtmp-lite ---
[INFO] Using 'UTF-8' encoding to copy filtered resources.
[INFO] Copying 1 resource
[INFO] 
[INFO] --- maven-compiler-plugin:3.1:compile (default-compile) @ rtmp-lite ---
[INFO] Changes detected - recompiling the module!
[INFO] Compiling 81 source files to /tmp/tmpmmz_1lr7/rtmp-lite/target/classes
[WARNING] /tmp/tmpmmz_1lr7/rtmp-lite/src/main/java/com/flazr/util/ValueToEnum.java: Some input files use unchecked or unsafe operations.
[WARNING] /tmp/tmpmmz_1lr7/rtmp-lite/src/main/java/com/flazr/util/ValueToEnum.java: Recompile with -Xlint:unchecked for details.
[INFO] 
[INFO] --- maven-resources-plugin:2.6:testResources (default-testResources) @ rtmp-lite ---
[INFO] Using 'UTF-8' encoding to copy filtered resources.
[INFO] skip non existing resourceDirectory /tmp/tmpmmz_1lr7/rtmp-lite/src/test/resources
[INFO] 
[INFO] --- maven-compiler-plugin:3.1:testCompile (default-testCompile) @ rtmp-lite ---
[INFO] Changes detected - recompiling the module!
[INFO] Compiling 1 source file to /tmp/tmpmmz_1lr7/rtmp-lite/target/test-classes
[INFO] 
[INFO] --- maven-surefire-plugin:2.19.1:test (default-test) @ rtmp-lite ---
[INFO] Surefire report directory: /tmp/tmpmmz_1lr7/rtmp-lite/target/surefire-reports

-------------------------------------------------------
 T E S T S
-------------------------------------------------------
Running com.teachscape.rtmp.AppTest
Tests run: 1, Failures: 0, Errors: 0, Skipped: 0, Time elapsed: 0.001 sec - in com.teachscape.rtmp.AppTest

Results :

Tests run: 1, Failures: 0, Errors: 0, Skipped: 0

[INFO] 
[INFO] --- jacoco-maven-plugin:0.8.5:report (report) @ rtmp-lite ---
[INFO] Loading execution data file /tmp/tmpmmz_1lr7/rtmp-lite/target/jacoco.exec
[INFO] Analyzed bundle 'rtmp-lite' with 129 classes
[INFO] ------------------------------------------------------------------------
[INFO] BUILD SUCCESS
[INFO] ------------------------------------------------------------------------
[INFO] Total time:  32.696 s
[INFO] Finished at: 2020-07-30T22:33:52Z
[INFO] ------------------------------------------------------------------------
