[INFO] Error stacktraces are turned on.
[INFO] Scanning for projects...
[WARNING] 
[WARNING] Some problems were encountered while building the effective model for ru.yandex.clickhouse:clickhouse-jdbc-bridge:jar:1.0.1
[WARNING] 'dependencies.dependency.version' for org.projectlombok:lombok:jar is either LATEST or RELEASE (both of them are being deprecated) @ line 193, column 16
[WARNING] 'dependencies.dependency.version' for org.postgresql:postgresql:jar is either LATEST or RELEASE (both of them are being deprecated) @ line 237, column 16
[WARNING] 
[WARNING] It is highly recommended to fix these problems because they threaten the stability of your build.
[WARNING] 
[WARNING] For this reason, future Maven versions might no longer support building such malformed projects.
[WARNING] 
[INFO] 
[INFO] ------------< ru.yandex.clickhouse:clickhouse-jdbc-bridge >-------------
[INFO] Building clickhouse-jdbc-bridge 1.0.1
[INFO] --------------------------------[ jar ]---------------------------------
[INFO] 
[INFO] --- jacoco-maven-plugin:0.8.5:prepare-agent (default) @ clickhouse-jdbc-bridge ---
[INFO] argLine set to -javaagent:/home/jdbl/.m2/repository/org/jacoco/org.jacoco.agent/0.8.5/org.jacoco.agent-0.8.5-runtime.jar=destfile=/tmp/tmpfh38d93n/clickhouse-jdbc-bridge/target/jacoco.exec
[INFO] 
[INFO] --- maven-resources-plugin:2.6:resources (default-resources) @ clickhouse-jdbc-bridge ---
[INFO] Using 'UTF-8' encoding to copy filtered resources.
[INFO] Copying 3 resources
[INFO] 
[INFO] --- maven-compiler-plugin:3.2:compile (default-compile) @ clickhouse-jdbc-bridge ---
[INFO] Changes detected - recompiling the module!
[INFO] Compiling 17 source files to /tmp/tmpfh38d93n/clickhouse-jdbc-bridge/target/classes
[INFO] 
[INFO] --- maven-resources-plugin:2.6:testResources (default-testResources) @ clickhouse-jdbc-bridge ---
[INFO] Using 'UTF-8' encoding to copy filtered resources.
[INFO] Copying 1 resource
[INFO] 
[INFO] --- maven-compiler-plugin:3.2:testCompile (default-testCompile) @ clickhouse-jdbc-bridge ---
[INFO] Changes detected - recompiling the module!
[INFO] Compiling 2 source files to /tmp/tmpfh38d93n/clickhouse-jdbc-bridge/target/test-classes
[INFO] 
[INFO] --- maven-surefire-plugin:2.19.1:test (default-test) @ clickhouse-jdbc-bridge ---
[INFO] Surefire report directory: /tmp/tmpfh38d93n/clickhouse-jdbc-bridge/target/surefire-reports

-------------------------------------------------------
 T E S T S
-------------------------------------------------------
Running ru.yandex.clickhouse.jdbcbridge.db.clickhouse.ClickHouseConverterIntegrationTest
Tests run: 2, Failures: 0, Errors: 0, Skipped: 2, Time elapsed: 3.868 sec - in ru.yandex.clickhouse.jdbcbridge.db.clickhouse.ClickHouseConverterIntegrationTest

Results :

Tests run: 2, Failures: 0, Errors: 0, Skipped: 2

[INFO] 
[INFO] --- jacoco-maven-plugin:0.8.5:report (report) @ clickhouse-jdbc-bridge ---
[INFO] Loading execution data file /tmp/tmpfh38d93n/clickhouse-jdbc-bridge/target/jacoco.exec
[INFO] Analyzed bundle 'clickhouse-jdbc-bridge' with 108 classes
[INFO] ------------------------------------------------------------------------
[INFO] BUILD SUCCESS
[INFO] ------------------------------------------------------------------------
[INFO] Total time:  21.499 s
[INFO] Finished at: 2020-07-30T15:43:43Z
[INFO] ------------------------------------------------------------------------
